[2022-09-17 23:30:02,357] {taskinstance.py:1179} INFO - Dependencies all met for <TaskInstance: gmailPipelineV1.gmailTbLoadTask manual__2022-09-18T03:29:48.052521+00:00 [queued]>
[2022-09-17 23:30:02,364] {taskinstance.py:1179} INFO - Dependencies all met for <TaskInstance: gmailPipelineV1.gmailTbLoadTask manual__2022-09-18T03:29:48.052521+00:00 [queued]>
[2022-09-17 23:30:02,364] {taskinstance.py:1376} INFO - 
--------------------------------------------------------------------------------
[2022-09-17 23:30:02,364] {taskinstance.py:1377} INFO - Starting attempt 1 of 1
[2022-09-17 23:30:02,364] {taskinstance.py:1378} INFO - 
--------------------------------------------------------------------------------
[2022-09-17 23:30:02,372] {taskinstance.py:1397} INFO - Executing <Task(PythonOperator): gmailTbLoadTask> on 2022-09-18 03:29:48.052521+00:00
[2022-09-17 23:30:02,374] {standard_task_runner.py:52} INFO - Started process 10909 to run task
[2022-09-17 23:30:02,381] {standard_task_runner.py:79} INFO - Running: ['airflow', 'tasks', 'run', 'gmailPipelineV1', 'gmailTbLoadTask', 'manual__2022-09-18T03:29:48.052521+00:00', '--job-id', '101', '--raw', '--subdir', 'DAGS_FOLDER/gmailDag.py', '--cfg-path', '/var/folders/mm/xv24gcjj46l_jx1m76p5bgy80000gn/T/tmponet3nr9', '--error-file', '/var/folders/mm/xv24gcjj46l_jx1m76p5bgy80000gn/T/tmpovvf_flj']
[2022-09-17 23:30:02,384] {standard_task_runner.py:80} INFO - Job 101: Subtask gmailTbLoadTask
[2022-09-17 23:30:02,432] {task_command.py:371} INFO - Running <TaskInstance: gmailPipelineV1.gmailTbLoadTask manual__2022-09-18T03:29:48.052521+00:00 [running]> on host abhays-mbp.lan
[2022-09-17 23:30:02,476] {taskinstance.py:1589} INFO - Exporting the following env vars:
AIRFLOW_CTX_DAG_OWNER=airflow
AIRFLOW_CTX_DAG_ID=gmailPipelineV1
AIRFLOW_CTX_TASK_ID=gmailTbLoadTask
AIRFLOW_CTX_EXECUTION_DATE=2022-09-18T03:29:48.052521+00:00
AIRFLOW_CTX_TRY_NUMBER=1
AIRFLOW_CTX_DAG_RUN_ID=manual__2022-09-18T03:29:48.052521+00:00
[2022-09-17 23:30:02,623] {python.py:173} INFO - Done. Returned value was: None
[2022-09-17 23:30:02,629] {taskinstance.py:1415} INFO - Marking task as SUCCESS. dag_id=gmailPipelineV1, task_id=gmailTbLoadTask, execution_date=20220918T032948, start_date=20220918T033002, end_date=20220918T033002
[2022-09-17 23:30:02,665] {local_task_job.py:156} INFO - Task exited with return code 0
[2022-09-17 23:30:02,686] {local_task_job.py:273} INFO - 0 downstream tasks scheduled from follow-on schedule check
