[2022-08-21 16:14:16,252] {processor.py:153} INFO - Started process (PID=3352) to work on /Users/abhaymone/src/dev/sand/MANAGE-GMAIL/venv/lib/python3.9/site-packages/airflow/example_dags/example_trigger_controller_dag.py
[2022-08-21 16:14:16,252] {processor.py:641} INFO - Processing file /Users/abhaymone/src/dev/sand/MANAGE-GMAIL/venv/lib/python3.9/site-packages/airflow/example_dags/example_trigger_controller_dag.py for tasks to queue
[2022-08-21 16:14:16,252] {logging_mixin.py:115} INFO - [2022-08-21 16:14:16,252] {dagbag.py:508} INFO - Filling up the DagBag from /Users/abhaymone/src/dev/sand/MANAGE-GMAIL/venv/lib/python3.9/site-packages/airflow/example_dags/example_trigger_controller_dag.py
[2022-08-21 16:14:16,272] {processor.py:651} INFO - DAG(s) dict_keys(['example_trigger_controller_dag']) retrieved from /Users/abhaymone/src/dev/sand/MANAGE-GMAIL/venv/lib/python3.9/site-packages/airflow/example_dags/example_trigger_controller_dag.py
[2022-08-21 16:14:17,043] {logging_mixin.py:115} INFO - [2022-08-21 16:14:17,043] {manager.py:508} INFO - Created Permission View: can delete on DAG:example_trigger_controller_dag
[2022-08-21 16:14:17,099] {logging_mixin.py:115} INFO - [2022-08-21 16:14:17,099] {manager.py:508} INFO - Created Permission View: can read on DAG:example_trigger_controller_dag
[2022-08-21 16:14:17,106] {logging_mixin.py:115} INFO - [2022-08-21 16:14:17,106] {manager.py:508} INFO - Created Permission View: can edit on DAG:example_trigger_controller_dag
[2022-08-21 16:14:17,106] {logging_mixin.py:115} INFO - [2022-08-21 16:14:17,106] {dag.py:2420} INFO - Sync 1 DAGs
[2022-08-21 16:14:17,113] {logging_mixin.py:115} INFO - [2022-08-21 16:14:17,112] {dag.py:2439} INFO - Creating ORM DAG for example_trigger_controller_dag
[2022-08-21 16:14:17,122] {logging_mixin.py:115} INFO - [2022-08-21 16:14:17,122] {dag.py:2968} INFO - Setting next_dagrun for example_trigger_controller_dag to 2021-01-01T00:00:00+00:00, run_after=2021-01-01T00:00:00+00:00
[2022-08-21 16:14:17,132] {processor.py:161} INFO - Processing /Users/abhaymone/src/dev/sand/MANAGE-GMAIL/venv/lib/python3.9/site-packages/airflow/example_dags/example_trigger_controller_dag.py took 0.882 seconds
[2022-08-21 16:15:39,586] {processor.py:153} INFO - Started process (PID=3419) to work on /Users/abhaymone/src/dev/sand/MANAGE-GMAIL/venv/lib/python3.9/site-packages/airflow/example_dags/example_trigger_controller_dag.py
[2022-08-21 16:15:39,592] {processor.py:641} INFO - Processing file /Users/abhaymone/src/dev/sand/MANAGE-GMAIL/venv/lib/python3.9/site-packages/airflow/example_dags/example_trigger_controller_dag.py for tasks to queue
[2022-08-21 16:15:39,593] {logging_mixin.py:115} INFO - [2022-08-21 16:15:39,593] {dagbag.py:508} INFO - Filling up the DagBag from /Users/abhaymone/src/dev/sand/MANAGE-GMAIL/venv/lib/python3.9/site-packages/airflow/example_dags/example_trigger_controller_dag.py
[2022-08-21 16:15:39,606] {processor.py:651} INFO - DAG(s) dict_keys(['example_trigger_controller_dag']) retrieved from /Users/abhaymone/src/dev/sand/MANAGE-GMAIL/venv/lib/python3.9/site-packages/airflow/example_dags/example_trigger_controller_dag.py
[2022-08-21 16:15:39,654] {logging_mixin.py:115} INFO - [2022-08-21 16:15:39,654] {dag.py:2420} INFO - Sync 1 DAGs
[2022-08-21 16:15:39,665] {logging_mixin.py:115} INFO - [2022-08-21 16:15:39,665] {dag.py:2968} INFO - Setting next_dagrun for example_trigger_controller_dag to 2021-01-01T00:00:00+00:00, run_after=2021-01-01T00:00:00+00:00
[2022-08-21 16:15:39,675] {processor.py:161} INFO - Processing /Users/abhaymone/src/dev/sand/MANAGE-GMAIL/venv/lib/python3.9/site-packages/airflow/example_dags/example_trigger_controller_dag.py took 0.089 seconds
[2022-08-21 16:16:36,541] {processor.py:153} INFO - Started process (PID=3453) to work on /Users/abhaymone/src/dev/sand/MANAGE-GMAIL/venv/lib/python3.9/site-packages/airflow/example_dags/example_trigger_controller_dag.py
[2022-08-21 16:16:36,541] {processor.py:641} INFO - Processing file /Users/abhaymone/src/dev/sand/MANAGE-GMAIL/venv/lib/python3.9/site-packages/airflow/example_dags/example_trigger_controller_dag.py for tasks to queue
[2022-08-21 16:16:36,542] {logging_mixin.py:115} INFO - [2022-08-21 16:16:36,541] {dagbag.py:508} INFO - Filling up the DagBag from /Users/abhaymone/src/dev/sand/MANAGE-GMAIL/venv/lib/python3.9/site-packages/airflow/example_dags/example_trigger_controller_dag.py
[2022-08-21 16:16:36,550] {processor.py:651} INFO - DAG(s) dict_keys(['example_trigger_controller_dag']) retrieved from /Users/abhaymone/src/dev/sand/MANAGE-GMAIL/venv/lib/python3.9/site-packages/airflow/example_dags/example_trigger_controller_dag.py
[2022-08-21 16:16:36,595] {logging_mixin.py:115} INFO - [2022-08-21 16:16:36,595] {dag.py:2420} INFO - Sync 1 DAGs
[2022-08-21 16:16:36,606] {logging_mixin.py:115} INFO - [2022-08-21 16:16:36,606] {dag.py:2968} INFO - Setting next_dagrun for example_trigger_controller_dag to 2021-01-01T00:00:00+00:00, run_after=2021-01-01T00:00:00+00:00
[2022-08-21 16:16:36,620] {processor.py:161} INFO - Processing /Users/abhaymone/src/dev/sand/MANAGE-GMAIL/venv/lib/python3.9/site-packages/airflow/example_dags/example_trigger_controller_dag.py took 0.080 seconds
[2022-08-21 16:17:33,146] {processor.py:153} INFO - Started process (PID=3488) to work on /Users/abhaymone/src/dev/sand/MANAGE-GMAIL/venv/lib/python3.9/site-packages/airflow/example_dags/example_trigger_controller_dag.py
[2022-08-21 16:17:33,152] {processor.py:641} INFO - Processing file /Users/abhaymone/src/dev/sand/MANAGE-GMAIL/venv/lib/python3.9/site-packages/airflow/example_dags/example_trigger_controller_dag.py for tasks to queue
[2022-08-21 16:17:33,153] {logging_mixin.py:115} INFO - [2022-08-21 16:17:33,152] {dagbag.py:508} INFO - Filling up the DagBag from /Users/abhaymone/src/dev/sand/MANAGE-GMAIL/venv/lib/python3.9/site-packages/airflow/example_dags/example_trigger_controller_dag.py
[2022-08-21 16:17:33,167] {processor.py:651} INFO - DAG(s) dict_keys(['example_trigger_controller_dag']) retrieved from /Users/abhaymone/src/dev/sand/MANAGE-GMAIL/venv/lib/python3.9/site-packages/airflow/example_dags/example_trigger_controller_dag.py
[2022-08-21 16:17:33,213] {logging_mixin.py:115} INFO - [2022-08-21 16:17:33,213] {dag.py:2420} INFO - Sync 1 DAGs
[2022-08-21 16:17:33,224] {logging_mixin.py:115} INFO - [2022-08-21 16:17:33,224] {dag.py:2968} INFO - Setting next_dagrun for example_trigger_controller_dag to 2021-01-01T00:00:00+00:00, run_after=2021-01-01T00:00:00+00:00
[2022-08-21 16:17:33,235] {processor.py:161} INFO - Processing /Users/abhaymone/src/dev/sand/MANAGE-GMAIL/venv/lib/python3.9/site-packages/airflow/example_dags/example_trigger_controller_dag.py took 0.089 seconds
[2022-08-21 16:28:17,629] {processor.py:153} INFO - Started process (PID=3546) to work on /Users/abhaymone/src/dev/sand/MANAGE-GMAIL/venv/lib/python3.9/site-packages/airflow/example_dags/example_trigger_controller_dag.py
[2022-08-21 16:28:17,631] {processor.py:641} INFO - Processing file /Users/abhaymone/src/dev/sand/MANAGE-GMAIL/venv/lib/python3.9/site-packages/airflow/example_dags/example_trigger_controller_dag.py for tasks to queue
[2022-08-21 16:28:17,631] {logging_mixin.py:115} INFO - [2022-08-21 16:28:17,631] {dagbag.py:508} INFO - Filling up the DagBag from /Users/abhaymone/src/dev/sand/MANAGE-GMAIL/venv/lib/python3.9/site-packages/airflow/example_dags/example_trigger_controller_dag.py
[2022-08-21 16:28:17,642] {processor.py:651} INFO - DAG(s) dict_keys(['example_trigger_controller_dag']) retrieved from /Users/abhaymone/src/dev/sand/MANAGE-GMAIL/venv/lib/python3.9/site-packages/airflow/example_dags/example_trigger_controller_dag.py
[2022-08-21 16:28:17,688] {logging_mixin.py:115} INFO - [2022-08-21 16:28:17,688] {dag.py:2420} INFO - Sync 1 DAGs
[2022-08-21 16:28:17,700] {logging_mixin.py:115} INFO - [2022-08-21 16:28:17,700] {dag.py:2968} INFO - Setting next_dagrun for example_trigger_controller_dag to 2021-01-01T00:00:00+00:00, run_after=2021-01-01T00:00:00+00:00
[2022-08-21 16:28:17,709] {processor.py:161} INFO - Processing /Users/abhaymone/src/dev/sand/MANAGE-GMAIL/venv/lib/python3.9/site-packages/airflow/example_dags/example_trigger_controller_dag.py took 0.081 seconds
[2022-08-21 16:29:11,673] {processor.py:153} INFO - Started process (PID=3581) to work on /Users/abhaymone/src/dev/sand/MANAGE-GMAIL/venv/lib/python3.9/site-packages/airflow/example_dags/example_trigger_controller_dag.py
[2022-08-21 16:29:11,673] {processor.py:641} INFO - Processing file /Users/abhaymone/src/dev/sand/MANAGE-GMAIL/venv/lib/python3.9/site-packages/airflow/example_dags/example_trigger_controller_dag.py for tasks to queue
[2022-08-21 16:29:11,673] {logging_mixin.py:115} INFO - [2022-08-21 16:29:11,673] {dagbag.py:508} INFO - Filling up the DagBag from /Users/abhaymone/src/dev/sand/MANAGE-GMAIL/venv/lib/python3.9/site-packages/airflow/example_dags/example_trigger_controller_dag.py
[2022-08-21 16:29:11,682] {processor.py:651} INFO - DAG(s) dict_keys(['example_trigger_controller_dag']) retrieved from /Users/abhaymone/src/dev/sand/MANAGE-GMAIL/venv/lib/python3.9/site-packages/airflow/example_dags/example_trigger_controller_dag.py
[2022-08-21 16:29:11,727] {logging_mixin.py:115} INFO - [2022-08-21 16:29:11,727] {dag.py:2420} INFO - Sync 1 DAGs
[2022-08-21 16:29:11,738] {logging_mixin.py:115} INFO - [2022-08-21 16:29:11,738] {dag.py:2968} INFO - Setting next_dagrun for example_trigger_controller_dag to 2021-01-01T00:00:00+00:00, run_after=2021-01-01T00:00:00+00:00
[2022-08-21 16:29:11,751] {processor.py:161} INFO - Processing /Users/abhaymone/src/dev/sand/MANAGE-GMAIL/venv/lib/python3.9/site-packages/airflow/example_dags/example_trigger_controller_dag.py took 0.079 seconds
[2022-08-21 16:30:05,604] {processor.py:153} INFO - Started process (PID=3615) to work on /Users/abhaymone/src/dev/sand/MANAGE-GMAIL/venv/lib/python3.9/site-packages/airflow/example_dags/example_trigger_controller_dag.py
[2022-08-21 16:30:05,604] {processor.py:641} INFO - Processing file /Users/abhaymone/src/dev/sand/MANAGE-GMAIL/venv/lib/python3.9/site-packages/airflow/example_dags/example_trigger_controller_dag.py for tasks to queue
[2022-08-21 16:30:05,604] {logging_mixin.py:115} INFO - [2022-08-21 16:30:05,604] {dagbag.py:508} INFO - Filling up the DagBag from /Users/abhaymone/src/dev/sand/MANAGE-GMAIL/venv/lib/python3.9/site-packages/airflow/example_dags/example_trigger_controller_dag.py
[2022-08-21 16:30:05,613] {processor.py:651} INFO - DAG(s) dict_keys(['example_trigger_controller_dag']) retrieved from /Users/abhaymone/src/dev/sand/MANAGE-GMAIL/venv/lib/python3.9/site-packages/airflow/example_dags/example_trigger_controller_dag.py
[2022-08-21 16:30:05,659] {logging_mixin.py:115} INFO - [2022-08-21 16:30:05,659] {dag.py:2420} INFO - Sync 1 DAGs
[2022-08-21 16:30:05,670] {logging_mixin.py:115} INFO - [2022-08-21 16:30:05,670] {dag.py:2968} INFO - Setting next_dagrun for example_trigger_controller_dag to 2021-01-01T00:00:00+00:00, run_after=2021-01-01T00:00:00+00:00
[2022-08-21 16:30:05,681] {processor.py:161} INFO - Processing /Users/abhaymone/src/dev/sand/MANAGE-GMAIL/venv/lib/python3.9/site-packages/airflow/example_dags/example_trigger_controller_dag.py took 0.077 seconds
[2022-08-21 16:31:07,173] {processor.py:153} INFO - Started process (PID=3649) to work on /Users/abhaymone/src/dev/sand/MANAGE-GMAIL/venv/lib/python3.9/site-packages/airflow/example_dags/example_trigger_controller_dag.py
[2022-08-21 16:31:07,179] {processor.py:641} INFO - Processing file /Users/abhaymone/src/dev/sand/MANAGE-GMAIL/venv/lib/python3.9/site-packages/airflow/example_dags/example_trigger_controller_dag.py for tasks to queue
[2022-08-21 16:31:07,180] {logging_mixin.py:115} INFO - [2022-08-21 16:31:07,180] {dagbag.py:508} INFO - Filling up the DagBag from /Users/abhaymone/src/dev/sand/MANAGE-GMAIL/venv/lib/python3.9/site-packages/airflow/example_dags/example_trigger_controller_dag.py
[2022-08-21 16:31:07,192] {processor.py:651} INFO - DAG(s) dict_keys(['example_trigger_controller_dag']) retrieved from /Users/abhaymone/src/dev/sand/MANAGE-GMAIL/venv/lib/python3.9/site-packages/airflow/example_dags/example_trigger_controller_dag.py
[2022-08-21 16:31:07,240] {logging_mixin.py:115} INFO - [2022-08-21 16:31:07,240] {dag.py:2420} INFO - Sync 1 DAGs
[2022-08-21 16:31:07,251] {logging_mixin.py:115} INFO - [2022-08-21 16:31:07,251] {dag.py:2968} INFO - Setting next_dagrun for example_trigger_controller_dag to 2021-01-01T00:00:00+00:00, run_after=2021-01-01T00:00:00+00:00
[2022-08-21 16:31:07,262] {processor.py:161} INFO - Processing /Users/abhaymone/src/dev/sand/MANAGE-GMAIL/venv/lib/python3.9/site-packages/airflow/example_dags/example_trigger_controller_dag.py took 0.089 seconds
[2022-08-21 16:32:12,685] {processor.py:153} INFO - Started process (PID=3694) to work on /Users/abhaymone/src/dev/sand/MANAGE-GMAIL/venv/lib/python3.9/site-packages/airflow/example_dags/example_trigger_controller_dag.py
[2022-08-21 16:32:12,687] {processor.py:641} INFO - Processing file /Users/abhaymone/src/dev/sand/MANAGE-GMAIL/venv/lib/python3.9/site-packages/airflow/example_dags/example_trigger_controller_dag.py for tasks to queue
[2022-08-21 16:32:12,688] {logging_mixin.py:115} INFO - [2022-08-21 16:32:12,687] {dagbag.py:508} INFO - Filling up the DagBag from /Users/abhaymone/src/dev/sand/MANAGE-GMAIL/venv/lib/python3.9/site-packages/airflow/example_dags/example_trigger_controller_dag.py
[2022-08-21 16:32:12,701] {processor.py:651} INFO - DAG(s) dict_keys(['example_trigger_controller_dag']) retrieved from /Users/abhaymone/src/dev/sand/MANAGE-GMAIL/venv/lib/python3.9/site-packages/airflow/example_dags/example_trigger_controller_dag.py
[2022-08-21 16:32:12,748] {logging_mixin.py:115} INFO - [2022-08-21 16:32:12,748] {dag.py:2420} INFO - Sync 1 DAGs
[2022-08-21 16:32:12,760] {logging_mixin.py:115} INFO - [2022-08-21 16:32:12,760] {dag.py:2968} INFO - Setting next_dagrun for example_trigger_controller_dag to 2021-01-01T00:00:00+00:00, run_after=2021-01-01T00:00:00+00:00
[2022-08-21 16:32:12,770] {processor.py:161} INFO - Processing /Users/abhaymone/src/dev/sand/MANAGE-GMAIL/venv/lib/python3.9/site-packages/airflow/example_dags/example_trigger_controller_dag.py took 0.086 seconds
[2022-08-21 16:33:11,144] {processor.py:153} INFO - Started process (PID=3730) to work on /Users/abhaymone/src/dev/sand/MANAGE-GMAIL/venv/lib/python3.9/site-packages/airflow/example_dags/example_trigger_controller_dag.py
[2022-08-21 16:33:11,151] {processor.py:641} INFO - Processing file /Users/abhaymone/src/dev/sand/MANAGE-GMAIL/venv/lib/python3.9/site-packages/airflow/example_dags/example_trigger_controller_dag.py for tasks to queue
[2022-08-21 16:33:11,151] {logging_mixin.py:115} INFO - [2022-08-21 16:33:11,151] {dagbag.py:508} INFO - Filling up the DagBag from /Users/abhaymone/src/dev/sand/MANAGE-GMAIL/venv/lib/python3.9/site-packages/airflow/example_dags/example_trigger_controller_dag.py
[2022-08-21 16:33:11,166] {processor.py:651} INFO - DAG(s) dict_keys(['example_trigger_controller_dag']) retrieved from /Users/abhaymone/src/dev/sand/MANAGE-GMAIL/venv/lib/python3.9/site-packages/airflow/example_dags/example_trigger_controller_dag.py
[2022-08-21 16:33:11,219] {logging_mixin.py:115} INFO - [2022-08-21 16:33:11,219] {dag.py:2420} INFO - Sync 1 DAGs
[2022-08-21 16:33:11,233] {logging_mixin.py:115} INFO - [2022-08-21 16:33:11,233] {dag.py:2968} INFO - Setting next_dagrun for example_trigger_controller_dag to 2021-01-01T00:00:00+00:00, run_after=2021-01-01T00:00:00+00:00
[2022-08-21 16:33:11,245] {processor.py:161} INFO - Processing /Users/abhaymone/src/dev/sand/MANAGE-GMAIL/venv/lib/python3.9/site-packages/airflow/example_dags/example_trigger_controller_dag.py took 0.101 seconds
[2022-08-21 16:34:11,802] {processor.py:153} INFO - Started process (PID=3768) to work on /Users/abhaymone/src/dev/sand/MANAGE-GMAIL/venv/lib/python3.9/site-packages/airflow/example_dags/example_trigger_controller_dag.py
[2022-08-21 16:34:11,804] {processor.py:641} INFO - Processing file /Users/abhaymone/src/dev/sand/MANAGE-GMAIL/venv/lib/python3.9/site-packages/airflow/example_dags/example_trigger_controller_dag.py for tasks to queue
[2022-08-21 16:34:11,805] {logging_mixin.py:115} INFO - [2022-08-21 16:34:11,805] {dagbag.py:508} INFO - Filling up the DagBag from /Users/abhaymone/src/dev/sand/MANAGE-GMAIL/venv/lib/python3.9/site-packages/airflow/example_dags/example_trigger_controller_dag.py
[2022-08-21 16:34:11,816] {processor.py:651} INFO - DAG(s) dict_keys(['example_trigger_controller_dag']) retrieved from /Users/abhaymone/src/dev/sand/MANAGE-GMAIL/venv/lib/python3.9/site-packages/airflow/example_dags/example_trigger_controller_dag.py
[2022-08-21 16:34:11,865] {logging_mixin.py:115} INFO - [2022-08-21 16:34:11,865] {dag.py:2420} INFO - Sync 1 DAGs
[2022-08-21 16:34:11,877] {logging_mixin.py:115} INFO - [2022-08-21 16:34:11,876] {dag.py:2968} INFO - Setting next_dagrun for example_trigger_controller_dag to 2021-01-01T00:00:00+00:00, run_after=2021-01-01T00:00:00+00:00
[2022-08-21 16:34:11,890] {processor.py:161} INFO - Processing /Users/abhaymone/src/dev/sand/MANAGE-GMAIL/venv/lib/python3.9/site-packages/airflow/example_dags/example_trigger_controller_dag.py took 0.089 seconds
[2022-08-21 16:35:11,830] {processor.py:153} INFO - Started process (PID=3802) to work on /Users/abhaymone/src/dev/sand/MANAGE-GMAIL/venv/lib/python3.9/site-packages/airflow/example_dags/example_trigger_controller_dag.py
[2022-08-21 16:35:11,835] {processor.py:641} INFO - Processing file /Users/abhaymone/src/dev/sand/MANAGE-GMAIL/venv/lib/python3.9/site-packages/airflow/example_dags/example_trigger_controller_dag.py for tasks to queue
[2022-08-21 16:35:11,836] {logging_mixin.py:115} INFO - [2022-08-21 16:35:11,836] {dagbag.py:508} INFO - Filling up the DagBag from /Users/abhaymone/src/dev/sand/MANAGE-GMAIL/venv/lib/python3.9/site-packages/airflow/example_dags/example_trigger_controller_dag.py
[2022-08-21 16:35:11,849] {processor.py:651} INFO - DAG(s) dict_keys(['example_trigger_controller_dag']) retrieved from /Users/abhaymone/src/dev/sand/MANAGE-GMAIL/venv/lib/python3.9/site-packages/airflow/example_dags/example_trigger_controller_dag.py
[2022-08-21 16:35:11,898] {logging_mixin.py:115} INFO - [2022-08-21 16:35:11,898] {dag.py:2420} INFO - Sync 1 DAGs
[2022-08-21 16:35:11,910] {logging_mixin.py:115} INFO - [2022-08-21 16:35:11,910] {dag.py:2968} INFO - Setting next_dagrun for example_trigger_controller_dag to 2021-01-01T00:00:00+00:00, run_after=2021-01-01T00:00:00+00:00
[2022-08-21 16:35:11,920] {processor.py:161} INFO - Processing /Users/abhaymone/src/dev/sand/MANAGE-GMAIL/venv/lib/python3.9/site-packages/airflow/example_dags/example_trigger_controller_dag.py took 0.090 seconds
[2022-08-21 16:36:10,086] {processor.py:153} INFO - Started process (PID=3841) to work on /Users/abhaymone/src/dev/sand/MANAGE-GMAIL/venv/lib/python3.9/site-packages/airflow/example_dags/example_trigger_controller_dag.py
[2022-08-21 16:36:10,088] {processor.py:641} INFO - Processing file /Users/abhaymone/src/dev/sand/MANAGE-GMAIL/venv/lib/python3.9/site-packages/airflow/example_dags/example_trigger_controller_dag.py for tasks to queue
[2022-08-21 16:36:10,089] {logging_mixin.py:115} INFO - [2022-08-21 16:36:10,089] {dagbag.py:508} INFO - Filling up the DagBag from /Users/abhaymone/src/dev/sand/MANAGE-GMAIL/venv/lib/python3.9/site-packages/airflow/example_dags/example_trigger_controller_dag.py
[2022-08-21 16:36:10,101] {processor.py:651} INFO - DAG(s) dict_keys(['example_trigger_controller_dag']) retrieved from /Users/abhaymone/src/dev/sand/MANAGE-GMAIL/venv/lib/python3.9/site-packages/airflow/example_dags/example_trigger_controller_dag.py
[2022-08-21 16:36:10,147] {logging_mixin.py:115} INFO - [2022-08-21 16:36:10,147] {dag.py:2420} INFO - Sync 1 DAGs
[2022-08-21 16:36:10,159] {logging_mixin.py:115} INFO - [2022-08-21 16:36:10,159] {dag.py:2968} INFO - Setting next_dagrun for example_trigger_controller_dag to 2021-01-01T00:00:00+00:00, run_after=2021-01-01T00:00:00+00:00
[2022-08-21 16:36:10,170] {processor.py:161} INFO - Processing /Users/abhaymone/src/dev/sand/MANAGE-GMAIL/venv/lib/python3.9/site-packages/airflow/example_dags/example_trigger_controller_dag.py took 0.084 seconds
[2022-08-21 16:37:11,507] {processor.py:153} INFO - Started process (PID=3877) to work on /Users/abhaymone/src/dev/sand/MANAGE-GMAIL/venv/lib/python3.9/site-packages/airflow/example_dags/example_trigger_controller_dag.py
[2022-08-21 16:37:11,507] {processor.py:641} INFO - Processing file /Users/abhaymone/src/dev/sand/MANAGE-GMAIL/venv/lib/python3.9/site-packages/airflow/example_dags/example_trigger_controller_dag.py for tasks to queue
[2022-08-21 16:37:11,507] {logging_mixin.py:115} INFO - [2022-08-21 16:37:11,507] {dagbag.py:508} INFO - Filling up the DagBag from /Users/abhaymone/src/dev/sand/MANAGE-GMAIL/venv/lib/python3.9/site-packages/airflow/example_dags/example_trigger_controller_dag.py
[2022-08-21 16:37:11,517] {processor.py:651} INFO - DAG(s) dict_keys(['example_trigger_controller_dag']) retrieved from /Users/abhaymone/src/dev/sand/MANAGE-GMAIL/venv/lib/python3.9/site-packages/airflow/example_dags/example_trigger_controller_dag.py
[2022-08-21 16:37:11,563] {logging_mixin.py:115} INFO - [2022-08-21 16:37:11,563] {dag.py:2420} INFO - Sync 1 DAGs
[2022-08-21 16:37:11,575] {logging_mixin.py:115} INFO - [2022-08-21 16:37:11,575] {dag.py:2968} INFO - Setting next_dagrun for example_trigger_controller_dag to 2021-01-01T00:00:00+00:00, run_after=2021-01-01T00:00:00+00:00
[2022-08-21 16:37:11,586] {processor.py:161} INFO - Processing /Users/abhaymone/src/dev/sand/MANAGE-GMAIL/venv/lib/python3.9/site-packages/airflow/example_dags/example_trigger_controller_dag.py took 0.079 seconds
[2022-08-21 16:38:06,853] {processor.py:153} INFO - Started process (PID=3911) to work on /Users/abhaymone/src/dev/sand/MANAGE-GMAIL/venv/lib/python3.9/site-packages/airflow/example_dags/example_trigger_controller_dag.py
[2022-08-21 16:38:06,853] {processor.py:641} INFO - Processing file /Users/abhaymone/src/dev/sand/MANAGE-GMAIL/venv/lib/python3.9/site-packages/airflow/example_dags/example_trigger_controller_dag.py for tasks to queue
[2022-08-21 16:38:06,854] {logging_mixin.py:115} INFO - [2022-08-21 16:38:06,853] {dagbag.py:508} INFO - Filling up the DagBag from /Users/abhaymone/src/dev/sand/MANAGE-GMAIL/venv/lib/python3.9/site-packages/airflow/example_dags/example_trigger_controller_dag.py
[2022-08-21 16:38:06,862] {processor.py:651} INFO - DAG(s) dict_keys(['example_trigger_controller_dag']) retrieved from /Users/abhaymone/src/dev/sand/MANAGE-GMAIL/venv/lib/python3.9/site-packages/airflow/example_dags/example_trigger_controller_dag.py
[2022-08-21 16:38:06,908] {logging_mixin.py:115} INFO - [2022-08-21 16:38:06,907] {dag.py:2420} INFO - Sync 1 DAGs
[2022-08-21 16:38:06,919] {logging_mixin.py:115} INFO - [2022-08-21 16:38:06,918] {dag.py:2968} INFO - Setting next_dagrun for example_trigger_controller_dag to 2021-01-01T00:00:00+00:00, run_after=2021-01-01T00:00:00+00:00
[2022-08-21 16:38:06,935] {processor.py:161} INFO - Processing /Users/abhaymone/src/dev/sand/MANAGE-GMAIL/venv/lib/python3.9/site-packages/airflow/example_dags/example_trigger_controller_dag.py took 0.082 seconds
[2022-08-21 16:39:06,726] {processor.py:153} INFO - Started process (PID=3947) to work on /Users/abhaymone/src/dev/sand/MANAGE-GMAIL/venv/lib/python3.9/site-packages/airflow/example_dags/example_trigger_controller_dag.py
[2022-08-21 16:39:06,732] {processor.py:641} INFO - Processing file /Users/abhaymone/src/dev/sand/MANAGE-GMAIL/venv/lib/python3.9/site-packages/airflow/example_dags/example_trigger_controller_dag.py for tasks to queue
[2022-08-21 16:39:06,732] {logging_mixin.py:115} INFO - [2022-08-21 16:39:06,732] {dagbag.py:508} INFO - Filling up the DagBag from /Users/abhaymone/src/dev/sand/MANAGE-GMAIL/venv/lib/python3.9/site-packages/airflow/example_dags/example_trigger_controller_dag.py
[2022-08-21 16:39:06,746] {processor.py:651} INFO - DAG(s) dict_keys(['example_trigger_controller_dag']) retrieved from /Users/abhaymone/src/dev/sand/MANAGE-GMAIL/venv/lib/python3.9/site-packages/airflow/example_dags/example_trigger_controller_dag.py
[2022-08-21 16:39:06,806] {logging_mixin.py:115} INFO - [2022-08-21 16:39:06,806] {dag.py:2420} INFO - Sync 1 DAGs
[2022-08-21 16:39:06,821] {logging_mixin.py:115} INFO - [2022-08-21 16:39:06,821] {dag.py:2968} INFO - Setting next_dagrun for example_trigger_controller_dag to 2021-01-01T00:00:00+00:00, run_after=2021-01-01T00:00:00+00:00
[2022-08-21 16:39:06,832] {processor.py:161} INFO - Processing /Users/abhaymone/src/dev/sand/MANAGE-GMAIL/venv/lib/python3.9/site-packages/airflow/example_dags/example_trigger_controller_dag.py took 0.107 seconds
[2022-08-21 16:40:07,485] {processor.py:153} INFO - Started process (PID=3982) to work on /Users/abhaymone/src/dev/sand/MANAGE-GMAIL/venv/lib/python3.9/site-packages/airflow/example_dags/example_trigger_controller_dag.py
[2022-08-21 16:40:07,485] {processor.py:641} INFO - Processing file /Users/abhaymone/src/dev/sand/MANAGE-GMAIL/venv/lib/python3.9/site-packages/airflow/example_dags/example_trigger_controller_dag.py for tasks to queue
[2022-08-21 16:40:07,486] {logging_mixin.py:115} INFO - [2022-08-21 16:40:07,486] {dagbag.py:508} INFO - Filling up the DagBag from /Users/abhaymone/src/dev/sand/MANAGE-GMAIL/venv/lib/python3.9/site-packages/airflow/example_dags/example_trigger_controller_dag.py
[2022-08-21 16:40:07,495] {processor.py:651} INFO - DAG(s) dict_keys(['example_trigger_controller_dag']) retrieved from /Users/abhaymone/src/dev/sand/MANAGE-GMAIL/venv/lib/python3.9/site-packages/airflow/example_dags/example_trigger_controller_dag.py
[2022-08-21 16:40:07,546] {logging_mixin.py:115} INFO - [2022-08-21 16:40:07,546] {dag.py:2420} INFO - Sync 1 DAGs
[2022-08-21 16:40:07,559] {logging_mixin.py:115} INFO - [2022-08-21 16:40:07,559] {dag.py:2968} INFO - Setting next_dagrun for example_trigger_controller_dag to 2021-01-01T00:00:00+00:00, run_after=2021-01-01T00:00:00+00:00
[2022-08-21 16:40:07,575] {processor.py:161} INFO - Processing /Users/abhaymone/src/dev/sand/MANAGE-GMAIL/venv/lib/python3.9/site-packages/airflow/example_dags/example_trigger_controller_dag.py took 0.090 seconds
[2022-08-21 16:41:05,925] {processor.py:153} INFO - Started process (PID=4017) to work on /Users/abhaymone/src/dev/sand/MANAGE-GMAIL/venv/lib/python3.9/site-packages/airflow/example_dags/example_trigger_controller_dag.py
[2022-08-21 16:41:05,927] {processor.py:641} INFO - Processing file /Users/abhaymone/src/dev/sand/MANAGE-GMAIL/venv/lib/python3.9/site-packages/airflow/example_dags/example_trigger_controller_dag.py for tasks to queue
[2022-08-21 16:41:05,927] {logging_mixin.py:115} INFO - [2022-08-21 16:41:05,927] {dagbag.py:508} INFO - Filling up the DagBag from /Users/abhaymone/src/dev/sand/MANAGE-GMAIL/venv/lib/python3.9/site-packages/airflow/example_dags/example_trigger_controller_dag.py
[2022-08-21 16:41:05,939] {processor.py:651} INFO - DAG(s) dict_keys(['example_trigger_controller_dag']) retrieved from /Users/abhaymone/src/dev/sand/MANAGE-GMAIL/venv/lib/python3.9/site-packages/airflow/example_dags/example_trigger_controller_dag.py
[2022-08-21 16:41:05,991] {logging_mixin.py:115} INFO - [2022-08-21 16:41:05,991] {dag.py:2420} INFO - Sync 1 DAGs
[2022-08-21 16:41:06,003] {logging_mixin.py:115} INFO - [2022-08-21 16:41:06,003] {dag.py:2968} INFO - Setting next_dagrun for example_trigger_controller_dag to 2021-01-01T00:00:00+00:00, run_after=2021-01-01T00:00:00+00:00
[2022-08-21 16:41:06,012] {processor.py:161} INFO - Processing /Users/abhaymone/src/dev/sand/MANAGE-GMAIL/venv/lib/python3.9/site-packages/airflow/example_dags/example_trigger_controller_dag.py took 0.087 seconds
[2022-08-21 16:42:05,859] {processor.py:153} INFO - Started process (PID=4054) to work on /Users/abhaymone/src/dev/sand/MANAGE-GMAIL/venv/lib/python3.9/site-packages/airflow/example_dags/example_trigger_controller_dag.py
[2022-08-21 16:42:05,859] {processor.py:641} INFO - Processing file /Users/abhaymone/src/dev/sand/MANAGE-GMAIL/venv/lib/python3.9/site-packages/airflow/example_dags/example_trigger_controller_dag.py for tasks to queue
[2022-08-21 16:42:05,859] {logging_mixin.py:115} INFO - [2022-08-21 16:42:05,859] {dagbag.py:508} INFO - Filling up the DagBag from /Users/abhaymone/src/dev/sand/MANAGE-GMAIL/venv/lib/python3.9/site-packages/airflow/example_dags/example_trigger_controller_dag.py
[2022-08-21 16:42:05,868] {processor.py:651} INFO - DAG(s) dict_keys(['example_trigger_controller_dag']) retrieved from /Users/abhaymone/src/dev/sand/MANAGE-GMAIL/venv/lib/python3.9/site-packages/airflow/example_dags/example_trigger_controller_dag.py
[2022-08-21 16:42:05,918] {logging_mixin.py:115} INFO - [2022-08-21 16:42:05,917] {dag.py:2420} INFO - Sync 1 DAGs
[2022-08-21 16:42:05,930] {logging_mixin.py:115} INFO - [2022-08-21 16:42:05,930] {dag.py:2968} INFO - Setting next_dagrun for example_trigger_controller_dag to 2021-01-01T00:00:00+00:00, run_after=2021-01-01T00:00:00+00:00
[2022-08-21 16:42:05,945] {processor.py:161} INFO - Processing /Users/abhaymone/src/dev/sand/MANAGE-GMAIL/venv/lib/python3.9/site-packages/airflow/example_dags/example_trigger_controller_dag.py took 0.087 seconds
[2022-08-21 16:43:08,645] {processor.py:153} INFO - Started process (PID=4092) to work on /Users/abhaymone/src/dev/sand/MANAGE-GMAIL/venv/lib/python3.9/site-packages/airflow/example_dags/example_trigger_controller_dag.py
[2022-08-21 16:43:08,651] {processor.py:641} INFO - Processing file /Users/abhaymone/src/dev/sand/MANAGE-GMAIL/venv/lib/python3.9/site-packages/airflow/example_dags/example_trigger_controller_dag.py for tasks to queue
[2022-08-21 16:43:08,652] {logging_mixin.py:115} INFO - [2022-08-21 16:43:08,652] {dagbag.py:508} INFO - Filling up the DagBag from /Users/abhaymone/src/dev/sand/MANAGE-GMAIL/venv/lib/python3.9/site-packages/airflow/example_dags/example_trigger_controller_dag.py
[2022-08-21 16:43:08,665] {processor.py:651} INFO - DAG(s) dict_keys(['example_trigger_controller_dag']) retrieved from /Users/abhaymone/src/dev/sand/MANAGE-GMAIL/venv/lib/python3.9/site-packages/airflow/example_dags/example_trigger_controller_dag.py
[2022-08-21 16:43:08,715] {logging_mixin.py:115} INFO - [2022-08-21 16:43:08,715] {dag.py:2420} INFO - Sync 1 DAGs
[2022-08-21 16:43:08,727] {logging_mixin.py:115} INFO - [2022-08-21 16:43:08,727] {dag.py:2968} INFO - Setting next_dagrun for example_trigger_controller_dag to 2021-01-01T00:00:00+00:00, run_after=2021-01-01T00:00:00+00:00
[2022-08-21 16:43:08,738] {processor.py:161} INFO - Processing /Users/abhaymone/src/dev/sand/MANAGE-GMAIL/venv/lib/python3.9/site-packages/airflow/example_dags/example_trigger_controller_dag.py took 0.093 seconds
[2022-08-21 16:44:12,444] {processor.py:153} INFO - Started process (PID=4195) to work on /Users/abhaymone/src/dev/sand/MANAGE-GMAIL/venv/lib/python3.9/site-packages/airflow/example_dags/example_trigger_controller_dag.py
[2022-08-21 16:44:12,450] {processor.py:641} INFO - Processing file /Users/abhaymone/src/dev/sand/MANAGE-GMAIL/venv/lib/python3.9/site-packages/airflow/example_dags/example_trigger_controller_dag.py for tasks to queue
[2022-08-21 16:44:12,450] {logging_mixin.py:115} INFO - [2022-08-21 16:44:12,450] {dagbag.py:508} INFO - Filling up the DagBag from /Users/abhaymone/src/dev/sand/MANAGE-GMAIL/venv/lib/python3.9/site-packages/airflow/example_dags/example_trigger_controller_dag.py
[2022-08-21 16:44:12,465] {processor.py:651} INFO - DAG(s) dict_keys(['example_trigger_controller_dag']) retrieved from /Users/abhaymone/src/dev/sand/MANAGE-GMAIL/venv/lib/python3.9/site-packages/airflow/example_dags/example_trigger_controller_dag.py
[2022-08-21 16:44:12,513] {logging_mixin.py:115} INFO - [2022-08-21 16:44:12,513] {dag.py:2420} INFO - Sync 1 DAGs
[2022-08-21 16:44:12,524] {logging_mixin.py:115} INFO - [2022-08-21 16:44:12,524] {dag.py:2968} INFO - Setting next_dagrun for example_trigger_controller_dag to 2021-01-01T00:00:00+00:00, run_after=2021-01-01T00:00:00+00:00
[2022-08-21 16:44:12,534] {processor.py:161} INFO - Processing /Users/abhaymone/src/dev/sand/MANAGE-GMAIL/venv/lib/python3.9/site-packages/airflow/example_dags/example_trigger_controller_dag.py took 0.091 seconds
[2022-08-21 16:45:12,289] {processor.py:153} INFO - Started process (PID=4306) to work on /Users/abhaymone/src/dev/sand/MANAGE-GMAIL/venv/lib/python3.9/site-packages/airflow/example_dags/example_trigger_controller_dag.py
[2022-08-21 16:45:12,289] {processor.py:641} INFO - Processing file /Users/abhaymone/src/dev/sand/MANAGE-GMAIL/venv/lib/python3.9/site-packages/airflow/example_dags/example_trigger_controller_dag.py for tasks to queue
[2022-08-21 16:45:12,290] {logging_mixin.py:115} INFO - [2022-08-21 16:45:12,290] {dagbag.py:508} INFO - Filling up the DagBag from /Users/abhaymone/src/dev/sand/MANAGE-GMAIL/venv/lib/python3.9/site-packages/airflow/example_dags/example_trigger_controller_dag.py
[2022-08-21 16:45:12,299] {processor.py:651} INFO - DAG(s) dict_keys(['example_trigger_controller_dag']) retrieved from /Users/abhaymone/src/dev/sand/MANAGE-GMAIL/venv/lib/python3.9/site-packages/airflow/example_dags/example_trigger_controller_dag.py
[2022-08-21 16:45:12,350] {logging_mixin.py:115} INFO - [2022-08-21 16:45:12,350] {dag.py:2420} INFO - Sync 1 DAGs
[2022-08-21 16:45:12,362] {logging_mixin.py:115} INFO - [2022-08-21 16:45:12,362] {dag.py:2968} INFO - Setting next_dagrun for example_trigger_controller_dag to 2021-01-01T00:00:00+00:00, run_after=2021-01-01T00:00:00+00:00
[2022-08-21 16:45:12,379] {processor.py:161} INFO - Processing /Users/abhaymone/src/dev/sand/MANAGE-GMAIL/venv/lib/python3.9/site-packages/airflow/example_dags/example_trigger_controller_dag.py took 0.090 seconds
[2022-08-21 16:46:06,940] {processor.py:153} INFO - Started process (PID=4407) to work on /Users/abhaymone/src/dev/sand/MANAGE-GMAIL/venv/lib/python3.9/site-packages/airflow/example_dags/example_trigger_controller_dag.py
[2022-08-21 16:46:06,940] {processor.py:641} INFO - Processing file /Users/abhaymone/src/dev/sand/MANAGE-GMAIL/venv/lib/python3.9/site-packages/airflow/example_dags/example_trigger_controller_dag.py for tasks to queue
[2022-08-21 16:46:06,940] {logging_mixin.py:115} INFO - [2022-08-21 16:46:06,940] {dagbag.py:508} INFO - Filling up the DagBag from /Users/abhaymone/src/dev/sand/MANAGE-GMAIL/venv/lib/python3.9/site-packages/airflow/example_dags/example_trigger_controller_dag.py
[2022-08-21 16:46:06,949] {processor.py:651} INFO - DAG(s) dict_keys(['example_trigger_controller_dag']) retrieved from /Users/abhaymone/src/dev/sand/MANAGE-GMAIL/venv/lib/python3.9/site-packages/airflow/example_dags/example_trigger_controller_dag.py
[2022-08-21 16:46:07,006] {logging_mixin.py:115} INFO - [2022-08-21 16:46:07,006] {dag.py:2420} INFO - Sync 1 DAGs
[2022-08-21 16:46:07,019] {logging_mixin.py:115} INFO - [2022-08-21 16:46:07,018] {dag.py:2968} INFO - Setting next_dagrun for example_trigger_controller_dag to 2021-01-01T00:00:00+00:00, run_after=2021-01-01T00:00:00+00:00
[2022-08-21 16:46:07,035] {processor.py:161} INFO - Processing /Users/abhaymone/src/dev/sand/MANAGE-GMAIL/venv/lib/python3.9/site-packages/airflow/example_dags/example_trigger_controller_dag.py took 0.096 seconds
[2022-08-21 16:47:04,846] {processor.py:153} INFO - Started process (PID=4527) to work on /Users/abhaymone/src/dev/sand/MANAGE-GMAIL/venv/lib/python3.9/site-packages/airflow/example_dags/example_trigger_controller_dag.py
[2022-08-21 16:47:04,852] {processor.py:641} INFO - Processing file /Users/abhaymone/src/dev/sand/MANAGE-GMAIL/venv/lib/python3.9/site-packages/airflow/example_dags/example_trigger_controller_dag.py for tasks to queue
[2022-08-21 16:47:04,852] {logging_mixin.py:115} INFO - [2022-08-21 16:47:04,852] {dagbag.py:508} INFO - Filling up the DagBag from /Users/abhaymone/src/dev/sand/MANAGE-GMAIL/venv/lib/python3.9/site-packages/airflow/example_dags/example_trigger_controller_dag.py
[2022-08-21 16:47:04,866] {processor.py:651} INFO - DAG(s) dict_keys(['example_trigger_controller_dag']) retrieved from /Users/abhaymone/src/dev/sand/MANAGE-GMAIL/venv/lib/python3.9/site-packages/airflow/example_dags/example_trigger_controller_dag.py
[2022-08-21 16:47:04,918] {logging_mixin.py:115} INFO - [2022-08-21 16:47:04,918] {dag.py:2420} INFO - Sync 1 DAGs
[2022-08-21 16:47:04,930] {logging_mixin.py:115} INFO - [2022-08-21 16:47:04,930] {dag.py:2968} INFO - Setting next_dagrun for example_trigger_controller_dag to 2021-01-01T00:00:00+00:00, run_after=2021-01-01T00:00:00+00:00
[2022-08-21 16:47:04,943] {processor.py:161} INFO - Processing /Users/abhaymone/src/dev/sand/MANAGE-GMAIL/venv/lib/python3.9/site-packages/airflow/example_dags/example_trigger_controller_dag.py took 0.097 seconds
[2022-08-21 16:48:13,311] {processor.py:153} INFO - Started process (PID=4581) to work on /Users/abhaymone/src/dev/sand/MANAGE-GMAIL/venv/lib/python3.9/site-packages/airflow/example_dags/example_trigger_controller_dag.py
[2022-08-21 16:48:13,317] {processor.py:641} INFO - Processing file /Users/abhaymone/src/dev/sand/MANAGE-GMAIL/venv/lib/python3.9/site-packages/airflow/example_dags/example_trigger_controller_dag.py for tasks to queue
[2022-08-21 16:48:13,317] {logging_mixin.py:115} INFO - [2022-08-21 16:48:13,317] {dagbag.py:508} INFO - Filling up the DagBag from /Users/abhaymone/src/dev/sand/MANAGE-GMAIL/venv/lib/python3.9/site-packages/airflow/example_dags/example_trigger_controller_dag.py
[2022-08-21 16:48:13,331] {processor.py:651} INFO - DAG(s) dict_keys(['example_trigger_controller_dag']) retrieved from /Users/abhaymone/src/dev/sand/MANAGE-GMAIL/venv/lib/python3.9/site-packages/airflow/example_dags/example_trigger_controller_dag.py
[2022-08-21 16:48:13,379] {logging_mixin.py:115} INFO - [2022-08-21 16:48:13,379] {dag.py:2420} INFO - Sync 1 DAGs
[2022-08-21 16:48:13,390] {logging_mixin.py:115} INFO - [2022-08-21 16:48:13,390] {dag.py:2968} INFO - Setting next_dagrun for example_trigger_controller_dag to 2021-01-01T00:00:00+00:00, run_after=2021-01-01T00:00:00+00:00
[2022-08-21 16:48:13,401] {processor.py:161} INFO - Processing /Users/abhaymone/src/dev/sand/MANAGE-GMAIL/venv/lib/python3.9/site-packages/airflow/example_dags/example_trigger_controller_dag.py took 0.090 seconds
[2022-08-21 16:49:18,909] {processor.py:153} INFO - Started process (PID=4628) to work on /Users/abhaymone/src/dev/sand/MANAGE-GMAIL/venv/lib/python3.9/site-packages/airflow/example_dags/example_trigger_controller_dag.py
[2022-08-21 16:49:18,914] {processor.py:641} INFO - Processing file /Users/abhaymone/src/dev/sand/MANAGE-GMAIL/venv/lib/python3.9/site-packages/airflow/example_dags/example_trigger_controller_dag.py for tasks to queue
[2022-08-21 16:49:18,915] {logging_mixin.py:115} INFO - [2022-08-21 16:49:18,915] {dagbag.py:508} INFO - Filling up the DagBag from /Users/abhaymone/src/dev/sand/MANAGE-GMAIL/venv/lib/python3.9/site-packages/airflow/example_dags/example_trigger_controller_dag.py
[2022-08-21 16:49:18,928] {processor.py:651} INFO - DAG(s) dict_keys(['example_trigger_controller_dag']) retrieved from /Users/abhaymone/src/dev/sand/MANAGE-GMAIL/venv/lib/python3.9/site-packages/airflow/example_dags/example_trigger_controller_dag.py
[2022-08-21 16:49:18,975] {logging_mixin.py:115} INFO - [2022-08-21 16:49:18,975] {dag.py:2420} INFO - Sync 1 DAGs
[2022-08-21 16:49:18,987] {logging_mixin.py:115} INFO - [2022-08-21 16:49:18,987] {dag.py:2968} INFO - Setting next_dagrun for example_trigger_controller_dag to 2021-01-01T00:00:00+00:00, run_after=2021-01-01T00:00:00+00:00
[2022-08-21 16:49:18,998] {processor.py:161} INFO - Processing /Users/abhaymone/src/dev/sand/MANAGE-GMAIL/venv/lib/python3.9/site-packages/airflow/example_dags/example_trigger_controller_dag.py took 0.089 seconds
[2022-08-21 16:50:18,568] {processor.py:153} INFO - Started process (PID=4667) to work on /Users/abhaymone/src/dev/sand/MANAGE-GMAIL/venv/lib/python3.9/site-packages/airflow/example_dags/example_trigger_controller_dag.py
[2022-08-21 16:50:18,573] {processor.py:641} INFO - Processing file /Users/abhaymone/src/dev/sand/MANAGE-GMAIL/venv/lib/python3.9/site-packages/airflow/example_dags/example_trigger_controller_dag.py for tasks to queue
[2022-08-21 16:50:18,573] {logging_mixin.py:115} INFO - [2022-08-21 16:50:18,573] {dagbag.py:508} INFO - Filling up the DagBag from /Users/abhaymone/src/dev/sand/MANAGE-GMAIL/venv/lib/python3.9/site-packages/airflow/example_dags/example_trigger_controller_dag.py
[2022-08-21 16:50:18,592] {processor.py:651} INFO - DAG(s) dict_keys(['example_trigger_controller_dag']) retrieved from /Users/abhaymone/src/dev/sand/MANAGE-GMAIL/venv/lib/python3.9/site-packages/airflow/example_dags/example_trigger_controller_dag.py
[2022-08-21 16:50:18,639] {logging_mixin.py:115} INFO - [2022-08-21 16:50:18,639] {dag.py:2420} INFO - Sync 1 DAGs
[2022-08-21 16:50:18,651] {logging_mixin.py:115} INFO - [2022-08-21 16:50:18,650] {dag.py:2968} INFO - Setting next_dagrun for example_trigger_controller_dag to 2021-01-01T00:00:00+00:00, run_after=2021-01-01T00:00:00+00:00
[2022-08-21 16:50:18,663] {processor.py:161} INFO - Processing /Users/abhaymone/src/dev/sand/MANAGE-GMAIL/venv/lib/python3.9/site-packages/airflow/example_dags/example_trigger_controller_dag.py took 0.096 seconds
[2022-08-21 16:51:18,269] {processor.py:153} INFO - Started process (PID=4752) to work on /Users/abhaymone/src/dev/sand/MANAGE-GMAIL/venv/lib/python3.9/site-packages/airflow/example_dags/example_trigger_controller_dag.py
[2022-08-21 16:51:18,275] {processor.py:641} INFO - Processing file /Users/abhaymone/src/dev/sand/MANAGE-GMAIL/venv/lib/python3.9/site-packages/airflow/example_dags/example_trigger_controller_dag.py for tasks to queue
[2022-08-21 16:51:18,275] {logging_mixin.py:115} INFO - [2022-08-21 16:51:18,275] {dagbag.py:508} INFO - Filling up the DagBag from /Users/abhaymone/src/dev/sand/MANAGE-GMAIL/venv/lib/python3.9/site-packages/airflow/example_dags/example_trigger_controller_dag.py
[2022-08-21 16:51:18,288] {processor.py:651} INFO - DAG(s) dict_keys(['example_trigger_controller_dag']) retrieved from /Users/abhaymone/src/dev/sand/MANAGE-GMAIL/venv/lib/python3.9/site-packages/airflow/example_dags/example_trigger_controller_dag.py
[2022-08-21 16:51:18,334] {logging_mixin.py:115} INFO - [2022-08-21 16:51:18,334] {dag.py:2420} INFO - Sync 1 DAGs
[2022-08-21 16:51:18,345] {logging_mixin.py:115} INFO - [2022-08-21 16:51:18,345] {dag.py:2968} INFO - Setting next_dagrun for example_trigger_controller_dag to 2021-01-01T00:00:00+00:00, run_after=2021-01-01T00:00:00+00:00
[2022-08-21 16:51:18,356] {processor.py:161} INFO - Processing /Users/abhaymone/src/dev/sand/MANAGE-GMAIL/venv/lib/python3.9/site-packages/airflow/example_dags/example_trigger_controller_dag.py took 0.087 seconds
[2022-08-21 16:52:15,043] {processor.py:153} INFO - Started process (PID=4966) to work on /Users/abhaymone/src/dev/sand/MANAGE-GMAIL/venv/lib/python3.9/site-packages/airflow/example_dags/example_trigger_controller_dag.py
[2022-08-21 16:52:15,043] {processor.py:641} INFO - Processing file /Users/abhaymone/src/dev/sand/MANAGE-GMAIL/venv/lib/python3.9/site-packages/airflow/example_dags/example_trigger_controller_dag.py for tasks to queue
[2022-08-21 16:52:15,044] {logging_mixin.py:115} INFO - [2022-08-21 16:52:15,044] {dagbag.py:508} INFO - Filling up the DagBag from /Users/abhaymone/src/dev/sand/MANAGE-GMAIL/venv/lib/python3.9/site-packages/airflow/example_dags/example_trigger_controller_dag.py
[2022-08-21 16:52:15,053] {processor.py:651} INFO - DAG(s) dict_keys(['example_trigger_controller_dag']) retrieved from /Users/abhaymone/src/dev/sand/MANAGE-GMAIL/venv/lib/python3.9/site-packages/airflow/example_dags/example_trigger_controller_dag.py
[2022-08-21 16:52:15,107] {logging_mixin.py:115} INFO - [2022-08-21 16:52:15,107] {dag.py:2420} INFO - Sync 1 DAGs
[2022-08-21 16:52:15,121] {logging_mixin.py:115} INFO - [2022-08-21 16:52:15,121] {dag.py:2968} INFO - Setting next_dagrun for example_trigger_controller_dag to 2021-01-01T00:00:00+00:00, run_after=2021-01-01T00:00:00+00:00
[2022-08-21 16:52:15,138] {processor.py:161} INFO - Processing /Users/abhaymone/src/dev/sand/MANAGE-GMAIL/venv/lib/python3.9/site-packages/airflow/example_dags/example_trigger_controller_dag.py took 0.095 seconds
[2022-08-21 16:53:11,677] {processor.py:153} INFO - Started process (PID=5099) to work on /Users/abhaymone/src/dev/sand/MANAGE-GMAIL/venv/lib/python3.9/site-packages/airflow/example_dags/example_trigger_controller_dag.py
[2022-08-21 16:53:11,677] {processor.py:641} INFO - Processing file /Users/abhaymone/src/dev/sand/MANAGE-GMAIL/venv/lib/python3.9/site-packages/airflow/example_dags/example_trigger_controller_dag.py for tasks to queue
[2022-08-21 16:53:11,677] {logging_mixin.py:115} INFO - [2022-08-21 16:53:11,677] {dagbag.py:508} INFO - Filling up the DagBag from /Users/abhaymone/src/dev/sand/MANAGE-GMAIL/venv/lib/python3.9/site-packages/airflow/example_dags/example_trigger_controller_dag.py
[2022-08-21 16:53:11,686] {processor.py:651} INFO - DAG(s) dict_keys(['example_trigger_controller_dag']) retrieved from /Users/abhaymone/src/dev/sand/MANAGE-GMAIL/venv/lib/python3.9/site-packages/airflow/example_dags/example_trigger_controller_dag.py
[2022-08-21 16:53:11,736] {logging_mixin.py:115} INFO - [2022-08-21 16:53:11,736] {dag.py:2420} INFO - Sync 1 DAGs
[2022-08-21 16:53:11,762] {logging_mixin.py:115} INFO - [2022-08-21 16:53:11,762] {dag.py:2968} INFO - Setting next_dagrun for example_trigger_controller_dag to 2021-01-01T00:00:00+00:00, run_after=2021-01-01T00:00:00+00:00
[2022-08-21 16:53:11,781] {processor.py:161} INFO - Processing /Users/abhaymone/src/dev/sand/MANAGE-GMAIL/venv/lib/python3.9/site-packages/airflow/example_dags/example_trigger_controller_dag.py took 0.105 seconds
[2022-08-21 16:54:16,012] {processor.py:153} INFO - Started process (PID=5167) to work on /Users/abhaymone/src/dev/sand/MANAGE-GMAIL/venv/lib/python3.9/site-packages/airflow/example_dags/example_trigger_controller_dag.py
[2022-08-21 16:54:16,012] {processor.py:641} INFO - Processing file /Users/abhaymone/src/dev/sand/MANAGE-GMAIL/venv/lib/python3.9/site-packages/airflow/example_dags/example_trigger_controller_dag.py for tasks to queue
[2022-08-21 16:54:16,013] {logging_mixin.py:115} INFO - [2022-08-21 16:54:16,012] {dagbag.py:508} INFO - Filling up the DagBag from /Users/abhaymone/src/dev/sand/MANAGE-GMAIL/venv/lib/python3.9/site-packages/airflow/example_dags/example_trigger_controller_dag.py
[2022-08-21 16:54:16,021] {processor.py:651} INFO - DAG(s) dict_keys(['example_trigger_controller_dag']) retrieved from /Users/abhaymone/src/dev/sand/MANAGE-GMAIL/venv/lib/python3.9/site-packages/airflow/example_dags/example_trigger_controller_dag.py
[2022-08-21 16:54:16,066] {logging_mixin.py:115} INFO - [2022-08-21 16:54:16,066] {dag.py:2420} INFO - Sync 1 DAGs
[2022-08-21 16:54:16,077] {logging_mixin.py:115} INFO - [2022-08-21 16:54:16,077] {dag.py:2968} INFO - Setting next_dagrun for example_trigger_controller_dag to 2021-01-01T00:00:00+00:00, run_after=2021-01-01T00:00:00+00:00
[2022-08-21 16:54:16,093] {processor.py:161} INFO - Processing /Users/abhaymone/src/dev/sand/MANAGE-GMAIL/venv/lib/python3.9/site-packages/airflow/example_dags/example_trigger_controller_dag.py took 0.082 seconds
[2022-08-21 16:55:23,482] {processor.py:153} INFO - Started process (PID=5239) to work on /Users/abhaymone/src/dev/sand/MANAGE-GMAIL/venv/lib/python3.9/site-packages/airflow/example_dags/example_trigger_controller_dag.py
[2022-08-21 16:55:23,483] {processor.py:641} INFO - Processing file /Users/abhaymone/src/dev/sand/MANAGE-GMAIL/venv/lib/python3.9/site-packages/airflow/example_dags/example_trigger_controller_dag.py for tasks to queue
[2022-08-21 16:55:23,483] {logging_mixin.py:115} INFO - [2022-08-21 16:55:23,483] {dagbag.py:508} INFO - Filling up the DagBag from /Users/abhaymone/src/dev/sand/MANAGE-GMAIL/venv/lib/python3.9/site-packages/airflow/example_dags/example_trigger_controller_dag.py
[2022-08-21 16:55:23,494] {processor.py:651} INFO - DAG(s) dict_keys(['example_trigger_controller_dag']) retrieved from /Users/abhaymone/src/dev/sand/MANAGE-GMAIL/venv/lib/python3.9/site-packages/airflow/example_dags/example_trigger_controller_dag.py
[2022-08-21 16:55:23,542] {logging_mixin.py:115} INFO - [2022-08-21 16:55:23,542] {dag.py:2420} INFO - Sync 1 DAGs
[2022-08-21 16:55:23,554] {logging_mixin.py:115} INFO - [2022-08-21 16:55:23,554] {dag.py:2968} INFO - Setting next_dagrun for example_trigger_controller_dag to 2021-01-01T00:00:00+00:00, run_after=2021-01-01T00:00:00+00:00
[2022-08-21 16:55:23,566] {processor.py:161} INFO - Processing /Users/abhaymone/src/dev/sand/MANAGE-GMAIL/venv/lib/python3.9/site-packages/airflow/example_dags/example_trigger_controller_dag.py took 0.085 seconds
