[2022-08-21 16:14:37,180] {processor.py:153} INFO - Started process (PID=3367) to work on /Users/abhaymone/src/dev/sand/MANAGE-GMAIL/venv/lib/python3.9/site-packages/airflow/example_dags/example_short_circuit_operator.py
[2022-08-21 16:14:37,180] {processor.py:641} INFO - Processing file /Users/abhaymone/src/dev/sand/MANAGE-GMAIL/venv/lib/python3.9/site-packages/airflow/example_dags/example_short_circuit_operator.py for tasks to queue
[2022-08-21 16:14:37,180] {logging_mixin.py:115} INFO - [2022-08-21 16:14:37,180] {dagbag.py:508} INFO - Filling up the DagBag from /Users/abhaymone/src/dev/sand/MANAGE-GMAIL/venv/lib/python3.9/site-packages/airflow/example_dags/example_short_circuit_operator.py
[2022-08-21 16:14:37,216] {processor.py:651} INFO - DAG(s) dict_keys(['example_short_circuit_operator']) retrieved from /Users/abhaymone/src/dev/sand/MANAGE-GMAIL/venv/lib/python3.9/site-packages/airflow/example_dags/example_short_circuit_operator.py
[2022-08-21 16:14:38,586] {logging_mixin.py:115} INFO - [2022-08-21 16:14:38,586] {manager.py:508} INFO - Created Permission View: can delete on DAG:example_short_circuit_operator
[2022-08-21 16:14:38,593] {logging_mixin.py:115} INFO - [2022-08-21 16:14:38,593] {manager.py:508} INFO - Created Permission View: can read on DAG:example_short_circuit_operator
[2022-08-21 16:14:38,600] {logging_mixin.py:115} INFO - [2022-08-21 16:14:38,600] {manager.py:508} INFO - Created Permission View: can edit on DAG:example_short_circuit_operator
[2022-08-21 16:14:38,601] {logging_mixin.py:115} INFO - [2022-08-21 16:14:38,601] {dag.py:2420} INFO - Sync 1 DAGs
[2022-08-21 16:14:38,607] {logging_mixin.py:115} INFO - [2022-08-21 16:14:38,607] {dag.py:2439} INFO - Creating ORM DAG for example_short_circuit_operator
[2022-08-21 16:14:38,614] {logging_mixin.py:115} INFO - [2022-08-21 16:14:38,614] {dag.py:2968} INFO - Setting next_dagrun for example_short_circuit_operator to 2022-08-20T20:14:38.614446+00:00, run_after=2022-08-21T20:14:38.614446+00:00
[2022-08-21 16:14:38,624] {processor.py:161} INFO - Processing /Users/abhaymone/src/dev/sand/MANAGE-GMAIL/venv/lib/python3.9/site-packages/airflow/example_dags/example_short_circuit_operator.py took 1.445 seconds
[2022-08-21 16:15:50,602] {processor.py:153} INFO - Started process (PID=3426) to work on /Users/abhaymone/src/dev/sand/MANAGE-GMAIL/venv/lib/python3.9/site-packages/airflow/example_dags/example_short_circuit_operator.py
[2022-08-21 16:15:50,608] {processor.py:641} INFO - Processing file /Users/abhaymone/src/dev/sand/MANAGE-GMAIL/venv/lib/python3.9/site-packages/airflow/example_dags/example_short_circuit_operator.py for tasks to queue
[2022-08-21 16:15:50,608] {logging_mixin.py:115} INFO - [2022-08-21 16:15:50,608] {dagbag.py:508} INFO - Filling up the DagBag from /Users/abhaymone/src/dev/sand/MANAGE-GMAIL/venv/lib/python3.9/site-packages/airflow/example_dags/example_short_circuit_operator.py
[2022-08-21 16:15:50,634] {processor.py:651} INFO - DAG(s) dict_keys(['example_short_circuit_operator']) retrieved from /Users/abhaymone/src/dev/sand/MANAGE-GMAIL/venv/lib/python3.9/site-packages/airflow/example_dags/example_short_circuit_operator.py
[2022-08-21 16:15:50,682] {logging_mixin.py:115} INFO - [2022-08-21 16:15:50,682] {dag.py:2420} INFO - Sync 1 DAGs
[2022-08-21 16:15:50,692] {logging_mixin.py:115} INFO - [2022-08-21 16:15:50,692] {dag.py:2968} INFO - Setting next_dagrun for example_short_circuit_operator to 2022-08-20T20:15:50.692693+00:00, run_after=2022-08-21T20:15:50.692693+00:00
[2022-08-21 16:15:50,704] {processor.py:161} INFO - Processing /Users/abhaymone/src/dev/sand/MANAGE-GMAIL/venv/lib/python3.9/site-packages/airflow/example_dags/example_short_circuit_operator.py took 0.103 seconds
[2022-08-21 16:16:48,801] {processor.py:153} INFO - Started process (PID=3461) to work on /Users/abhaymone/src/dev/sand/MANAGE-GMAIL/venv/lib/python3.9/site-packages/airflow/example_dags/example_short_circuit_operator.py
[2022-08-21 16:16:48,801] {processor.py:641} INFO - Processing file /Users/abhaymone/src/dev/sand/MANAGE-GMAIL/venv/lib/python3.9/site-packages/airflow/example_dags/example_short_circuit_operator.py for tasks to queue
[2022-08-21 16:16:48,801] {logging_mixin.py:115} INFO - [2022-08-21 16:16:48,801] {dagbag.py:508} INFO - Filling up the DagBag from /Users/abhaymone/src/dev/sand/MANAGE-GMAIL/venv/lib/python3.9/site-packages/airflow/example_dags/example_short_circuit_operator.py
[2022-08-21 16:16:48,821] {processor.py:651} INFO - DAG(s) dict_keys(['example_short_circuit_operator']) retrieved from /Users/abhaymone/src/dev/sand/MANAGE-GMAIL/venv/lib/python3.9/site-packages/airflow/example_dags/example_short_circuit_operator.py
[2022-08-21 16:16:48,869] {logging_mixin.py:115} INFO - [2022-08-21 16:16:48,868] {dag.py:2420} INFO - Sync 1 DAGs
[2022-08-21 16:16:48,879] {logging_mixin.py:115} INFO - [2022-08-21 16:16:48,879] {dag.py:2968} INFO - Setting next_dagrun for example_short_circuit_operator to 2022-08-20T20:16:48.879067+00:00, run_after=2022-08-21T20:16:48.879067+00:00
[2022-08-21 16:16:48,895] {processor.py:161} INFO - Processing /Users/abhaymone/src/dev/sand/MANAGE-GMAIL/venv/lib/python3.9/site-packages/airflow/example_dags/example_short_circuit_operator.py took 0.095 seconds
[2022-08-21 16:17:46,237] {processor.py:153} INFO - Started process (PID=3495) to work on /Users/abhaymone/src/dev/sand/MANAGE-GMAIL/venv/lib/python3.9/site-packages/airflow/example_dags/example_short_circuit_operator.py
[2022-08-21 16:17:46,240] {processor.py:641} INFO - Processing file /Users/abhaymone/src/dev/sand/MANAGE-GMAIL/venv/lib/python3.9/site-packages/airflow/example_dags/example_short_circuit_operator.py for tasks to queue
[2022-08-21 16:17:46,240] {logging_mixin.py:115} INFO - [2022-08-21 16:17:46,240] {dagbag.py:508} INFO - Filling up the DagBag from /Users/abhaymone/src/dev/sand/MANAGE-GMAIL/venv/lib/python3.9/site-packages/airflow/example_dags/example_short_circuit_operator.py
[2022-08-21 16:17:46,263] {processor.py:651} INFO - DAG(s) dict_keys(['example_short_circuit_operator']) retrieved from /Users/abhaymone/src/dev/sand/MANAGE-GMAIL/venv/lib/python3.9/site-packages/airflow/example_dags/example_short_circuit_operator.py
[2022-08-21 16:17:46,311] {logging_mixin.py:115} INFO - [2022-08-21 16:17:46,311] {dag.py:2420} INFO - Sync 1 DAGs
[2022-08-21 16:17:46,321] {logging_mixin.py:115} INFO - [2022-08-21 16:17:46,321] {dag.py:2968} INFO - Setting next_dagrun for example_short_circuit_operator to 2022-08-20T20:17:46.321585+00:00, run_after=2022-08-21T20:17:46.321585+00:00
[2022-08-21 16:17:46,334] {processor.py:161} INFO - Processing /Users/abhaymone/src/dev/sand/MANAGE-GMAIL/venv/lib/python3.9/site-packages/airflow/example_dags/example_short_circuit_operator.py took 0.097 seconds
[2022-08-21 16:28:29,739] {processor.py:153} INFO - Started process (PID=3553) to work on /Users/abhaymone/src/dev/sand/MANAGE-GMAIL/venv/lib/python3.9/site-packages/airflow/example_dags/example_short_circuit_operator.py
[2022-08-21 16:28:29,740] {processor.py:641} INFO - Processing file /Users/abhaymone/src/dev/sand/MANAGE-GMAIL/venv/lib/python3.9/site-packages/airflow/example_dags/example_short_circuit_operator.py for tasks to queue
[2022-08-21 16:28:29,740] {logging_mixin.py:115} INFO - [2022-08-21 16:28:29,740] {dagbag.py:508} INFO - Filling up the DagBag from /Users/abhaymone/src/dev/sand/MANAGE-GMAIL/venv/lib/python3.9/site-packages/airflow/example_dags/example_short_circuit_operator.py
[2022-08-21 16:28:29,772] {processor.py:651} INFO - DAG(s) dict_keys(['example_short_circuit_operator']) retrieved from /Users/abhaymone/src/dev/sand/MANAGE-GMAIL/venv/lib/python3.9/site-packages/airflow/example_dags/example_short_circuit_operator.py
[2022-08-21 16:28:29,819] {logging_mixin.py:115} INFO - [2022-08-21 16:28:29,818] {dag.py:2420} INFO - Sync 1 DAGs
[2022-08-21 16:28:29,829] {logging_mixin.py:115} INFO - [2022-08-21 16:28:29,829] {dag.py:2968} INFO - Setting next_dagrun for example_short_circuit_operator to 2022-08-20T20:28:29.829045+00:00, run_after=2022-08-21T20:28:29.829045+00:00
[2022-08-21 16:28:29,841] {processor.py:161} INFO - Processing /Users/abhaymone/src/dev/sand/MANAGE-GMAIL/venv/lib/python3.9/site-packages/airflow/example_dags/example_short_circuit_operator.py took 0.102 seconds
[2022-08-21 16:29:27,542] {processor.py:153} INFO - Started process (PID=3591) to work on /Users/abhaymone/src/dev/sand/MANAGE-GMAIL/venv/lib/python3.9/site-packages/airflow/example_dags/example_short_circuit_operator.py
[2022-08-21 16:29:27,542] {processor.py:641} INFO - Processing file /Users/abhaymone/src/dev/sand/MANAGE-GMAIL/venv/lib/python3.9/site-packages/airflow/example_dags/example_short_circuit_operator.py for tasks to queue
[2022-08-21 16:29:27,542] {logging_mixin.py:115} INFO - [2022-08-21 16:29:27,542] {dagbag.py:508} INFO - Filling up the DagBag from /Users/abhaymone/src/dev/sand/MANAGE-GMAIL/venv/lib/python3.9/site-packages/airflow/example_dags/example_short_circuit_operator.py
[2022-08-21 16:29:27,563] {processor.py:651} INFO - DAG(s) dict_keys(['example_short_circuit_operator']) retrieved from /Users/abhaymone/src/dev/sand/MANAGE-GMAIL/venv/lib/python3.9/site-packages/airflow/example_dags/example_short_circuit_operator.py
[2022-08-21 16:29:27,611] {logging_mixin.py:115} INFO - [2022-08-21 16:29:27,611] {dag.py:2420} INFO - Sync 1 DAGs
[2022-08-21 16:29:27,622] {logging_mixin.py:115} INFO - [2022-08-21 16:29:27,622] {dag.py:2968} INFO - Setting next_dagrun for example_short_circuit_operator to 2022-08-20T20:29:27.621894+00:00, run_after=2022-08-21T20:29:27.621894+00:00
[2022-08-21 16:29:27,638] {processor.py:161} INFO - Processing /Users/abhaymone/src/dev/sand/MANAGE-GMAIL/venv/lib/python3.9/site-packages/airflow/example_dags/example_short_circuit_operator.py took 0.097 seconds
[2022-08-21 16:30:21,789] {processor.py:153} INFO - Started process (PID=3626) to work on /Users/abhaymone/src/dev/sand/MANAGE-GMAIL/venv/lib/python3.9/site-packages/airflow/example_dags/example_short_circuit_operator.py
[2022-08-21 16:30:21,789] {processor.py:641} INFO - Processing file /Users/abhaymone/src/dev/sand/MANAGE-GMAIL/venv/lib/python3.9/site-packages/airflow/example_dags/example_short_circuit_operator.py for tasks to queue
[2022-08-21 16:30:21,789] {logging_mixin.py:115} INFO - [2022-08-21 16:30:21,789] {dagbag.py:508} INFO - Filling up the DagBag from /Users/abhaymone/src/dev/sand/MANAGE-GMAIL/venv/lib/python3.9/site-packages/airflow/example_dags/example_short_circuit_operator.py
[2022-08-21 16:30:21,809] {processor.py:651} INFO - DAG(s) dict_keys(['example_short_circuit_operator']) retrieved from /Users/abhaymone/src/dev/sand/MANAGE-GMAIL/venv/lib/python3.9/site-packages/airflow/example_dags/example_short_circuit_operator.py
[2022-08-21 16:30:21,857] {logging_mixin.py:115} INFO - [2022-08-21 16:30:21,857] {dag.py:2420} INFO - Sync 1 DAGs
[2022-08-21 16:30:21,868] {logging_mixin.py:115} INFO - [2022-08-21 16:30:21,868] {dag.py:2968} INFO - Setting next_dagrun for example_short_circuit_operator to 2022-08-20T20:30:21.868121+00:00, run_after=2022-08-21T20:30:21.868121+00:00
[2022-08-21 16:30:21,885] {processor.py:161} INFO - Processing /Users/abhaymone/src/dev/sand/MANAGE-GMAIL/venv/lib/python3.9/site-packages/airflow/example_dags/example_short_circuit_operator.py took 0.097 seconds
[2022-08-21 16:31:32,123] {processor.py:153} INFO - Started process (PID=3664) to work on /Users/abhaymone/src/dev/sand/MANAGE-GMAIL/venv/lib/python3.9/site-packages/airflow/example_dags/example_short_circuit_operator.py
[2022-08-21 16:31:32,129] {processor.py:641} INFO - Processing file /Users/abhaymone/src/dev/sand/MANAGE-GMAIL/venv/lib/python3.9/site-packages/airflow/example_dags/example_short_circuit_operator.py for tasks to queue
[2022-08-21 16:31:32,130] {logging_mixin.py:115} INFO - [2022-08-21 16:31:32,130] {dagbag.py:508} INFO - Filling up the DagBag from /Users/abhaymone/src/dev/sand/MANAGE-GMAIL/venv/lib/python3.9/site-packages/airflow/example_dags/example_short_circuit_operator.py
[2022-08-21 16:31:32,156] {processor.py:651} INFO - DAG(s) dict_keys(['example_short_circuit_operator']) retrieved from /Users/abhaymone/src/dev/sand/MANAGE-GMAIL/venv/lib/python3.9/site-packages/airflow/example_dags/example_short_circuit_operator.py
[2022-08-21 16:31:32,203] {logging_mixin.py:115} INFO - [2022-08-21 16:31:32,203] {dag.py:2420} INFO - Sync 1 DAGs
[2022-08-21 16:31:32,213] {logging_mixin.py:115} INFO - [2022-08-21 16:31:32,213] {dag.py:2968} INFO - Setting next_dagrun for example_short_circuit_operator to 2022-08-20T20:31:32.213795+00:00, run_after=2022-08-21T20:31:32.213795+00:00
[2022-08-21 16:31:32,224] {processor.py:161} INFO - Processing /Users/abhaymone/src/dev/sand/MANAGE-GMAIL/venv/lib/python3.9/site-packages/airflow/example_dags/example_short_circuit_operator.py took 0.101 seconds
[2022-08-21 16:32:32,596] {processor.py:153} INFO - Started process (PID=3707) to work on /Users/abhaymone/src/dev/sand/MANAGE-GMAIL/venv/lib/python3.9/site-packages/airflow/example_dags/example_short_circuit_operator.py
[2022-08-21 16:32:32,601] {processor.py:641} INFO - Processing file /Users/abhaymone/src/dev/sand/MANAGE-GMAIL/venv/lib/python3.9/site-packages/airflow/example_dags/example_short_circuit_operator.py for tasks to queue
[2022-08-21 16:32:32,602] {logging_mixin.py:115} INFO - [2022-08-21 16:32:32,602] {dagbag.py:508} INFO - Filling up the DagBag from /Users/abhaymone/src/dev/sand/MANAGE-GMAIL/venv/lib/python3.9/site-packages/airflow/example_dags/example_short_circuit_operator.py
[2022-08-21 16:32:32,631] {processor.py:651} INFO - DAG(s) dict_keys(['example_short_circuit_operator']) retrieved from /Users/abhaymone/src/dev/sand/MANAGE-GMAIL/venv/lib/python3.9/site-packages/airflow/example_dags/example_short_circuit_operator.py
[2022-08-21 16:32:32,684] {logging_mixin.py:115} INFO - [2022-08-21 16:32:32,684] {dag.py:2420} INFO - Sync 1 DAGs
[2022-08-21 16:32:32,695] {logging_mixin.py:115} INFO - [2022-08-21 16:32:32,695] {dag.py:2968} INFO - Setting next_dagrun for example_short_circuit_operator to 2022-08-20T20:32:32.695354+00:00, run_after=2022-08-21T20:32:32.695354+00:00
[2022-08-21 16:32:32,708] {processor.py:161} INFO - Processing /Users/abhaymone/src/dev/sand/MANAGE-GMAIL/venv/lib/python3.9/site-packages/airflow/example_dags/example_short_circuit_operator.py took 0.112 seconds
[2022-08-21 16:33:31,365] {processor.py:153} INFO - Started process (PID=3742) to work on /Users/abhaymone/src/dev/sand/MANAGE-GMAIL/venv/lib/python3.9/site-packages/airflow/example_dags/example_short_circuit_operator.py
[2022-08-21 16:33:31,371] {processor.py:641} INFO - Processing file /Users/abhaymone/src/dev/sand/MANAGE-GMAIL/venv/lib/python3.9/site-packages/airflow/example_dags/example_short_circuit_operator.py for tasks to queue
[2022-08-21 16:33:31,371] {logging_mixin.py:115} INFO - [2022-08-21 16:33:31,371] {dagbag.py:508} INFO - Filling up the DagBag from /Users/abhaymone/src/dev/sand/MANAGE-GMAIL/venv/lib/python3.9/site-packages/airflow/example_dags/example_short_circuit_operator.py
[2022-08-21 16:33:31,400] {processor.py:651} INFO - DAG(s) dict_keys(['example_short_circuit_operator']) retrieved from /Users/abhaymone/src/dev/sand/MANAGE-GMAIL/venv/lib/python3.9/site-packages/airflow/example_dags/example_short_circuit_operator.py
[2022-08-21 16:33:31,459] {logging_mixin.py:115} INFO - [2022-08-21 16:33:31,458] {dag.py:2420} INFO - Sync 1 DAGs
[2022-08-21 16:33:31,471] {logging_mixin.py:115} INFO - [2022-08-21 16:33:31,471] {dag.py:2968} INFO - Setting next_dagrun for example_short_circuit_operator to 2022-08-20T20:33:31.471550+00:00, run_after=2022-08-21T20:33:31.471550+00:00
[2022-08-21 16:33:31,489] {processor.py:161} INFO - Processing /Users/abhaymone/src/dev/sand/MANAGE-GMAIL/venv/lib/python3.9/site-packages/airflow/example_dags/example_short_circuit_operator.py took 0.124 seconds
[2022-08-21 16:34:30,452] {processor.py:153} INFO - Started process (PID=3779) to work on /Users/abhaymone/src/dev/sand/MANAGE-GMAIL/venv/lib/python3.9/site-packages/airflow/example_dags/example_short_circuit_operator.py
[2022-08-21 16:34:30,458] {processor.py:641} INFO - Processing file /Users/abhaymone/src/dev/sand/MANAGE-GMAIL/venv/lib/python3.9/site-packages/airflow/example_dags/example_short_circuit_operator.py for tasks to queue
[2022-08-21 16:34:30,458] {logging_mixin.py:115} INFO - [2022-08-21 16:34:30,458] {dagbag.py:508} INFO - Filling up the DagBag from /Users/abhaymone/src/dev/sand/MANAGE-GMAIL/venv/lib/python3.9/site-packages/airflow/example_dags/example_short_circuit_operator.py
[2022-08-21 16:34:30,484] {processor.py:651} INFO - DAG(s) dict_keys(['example_short_circuit_operator']) retrieved from /Users/abhaymone/src/dev/sand/MANAGE-GMAIL/venv/lib/python3.9/site-packages/airflow/example_dags/example_short_circuit_operator.py
[2022-08-21 16:34:30,536] {logging_mixin.py:115} INFO - [2022-08-21 16:34:30,535] {dag.py:2420} INFO - Sync 1 DAGs
[2022-08-21 16:34:30,546] {logging_mixin.py:115} INFO - [2022-08-21 16:34:30,546] {dag.py:2968} INFO - Setting next_dagrun for example_short_circuit_operator to 2022-08-20T20:34:30.546511+00:00, run_after=2022-08-21T20:34:30.546511+00:00
[2022-08-21 16:34:30,557] {processor.py:161} INFO - Processing /Users/abhaymone/src/dev/sand/MANAGE-GMAIL/venv/lib/python3.9/site-packages/airflow/example_dags/example_short_circuit_operator.py took 0.106 seconds
[2022-08-21 16:35:29,360] {processor.py:153} INFO - Started process (PID=3815) to work on /Users/abhaymone/src/dev/sand/MANAGE-GMAIL/venv/lib/python3.9/site-packages/airflow/example_dags/example_short_circuit_operator.py
[2022-08-21 16:35:29,366] {processor.py:641} INFO - Processing file /Users/abhaymone/src/dev/sand/MANAGE-GMAIL/venv/lib/python3.9/site-packages/airflow/example_dags/example_short_circuit_operator.py for tasks to queue
[2022-08-21 16:35:29,366] {logging_mixin.py:115} INFO - [2022-08-21 16:35:29,366] {dagbag.py:508} INFO - Filling up the DagBag from /Users/abhaymone/src/dev/sand/MANAGE-GMAIL/venv/lib/python3.9/site-packages/airflow/example_dags/example_short_circuit_operator.py
[2022-08-21 16:35:29,391] {processor.py:651} INFO - DAG(s) dict_keys(['example_short_circuit_operator']) retrieved from /Users/abhaymone/src/dev/sand/MANAGE-GMAIL/venv/lib/python3.9/site-packages/airflow/example_dags/example_short_circuit_operator.py
[2022-08-21 16:35:29,444] {logging_mixin.py:115} INFO - [2022-08-21 16:35:29,444] {dag.py:2420} INFO - Sync 1 DAGs
[2022-08-21 16:35:29,456] {logging_mixin.py:115} INFO - [2022-08-21 16:35:29,455] {dag.py:2968} INFO - Setting next_dagrun for example_short_circuit_operator to 2022-08-20T20:35:29.455852+00:00, run_after=2022-08-21T20:35:29.455852+00:00
[2022-08-21 16:35:29,467] {processor.py:161} INFO - Processing /Users/abhaymone/src/dev/sand/MANAGE-GMAIL/venv/lib/python3.9/site-packages/airflow/example_dags/example_short_circuit_operator.py took 0.108 seconds
[2022-08-21 16:36:33,711] {processor.py:153} INFO - Started process (PID=3856) to work on /Users/abhaymone/src/dev/sand/MANAGE-GMAIL/venv/lib/python3.9/site-packages/airflow/example_dags/example_short_circuit_operator.py
[2022-08-21 16:36:33,717] {processor.py:641} INFO - Processing file /Users/abhaymone/src/dev/sand/MANAGE-GMAIL/venv/lib/python3.9/site-packages/airflow/example_dags/example_short_circuit_operator.py for tasks to queue
[2022-08-21 16:36:33,717] {logging_mixin.py:115} INFO - [2022-08-21 16:36:33,717] {dagbag.py:508} INFO - Filling up the DagBag from /Users/abhaymone/src/dev/sand/MANAGE-GMAIL/venv/lib/python3.9/site-packages/airflow/example_dags/example_short_circuit_operator.py
[2022-08-21 16:36:33,743] {processor.py:651} INFO - DAG(s) dict_keys(['example_short_circuit_operator']) retrieved from /Users/abhaymone/src/dev/sand/MANAGE-GMAIL/venv/lib/python3.9/site-packages/airflow/example_dags/example_short_circuit_operator.py
[2022-08-21 16:36:33,791] {logging_mixin.py:115} INFO - [2022-08-21 16:36:33,791] {dag.py:2420} INFO - Sync 1 DAGs
[2022-08-21 16:36:33,803] {logging_mixin.py:115} INFO - [2022-08-21 16:36:33,802] {dag.py:2968} INFO - Setting next_dagrun for example_short_circuit_operator to 2022-08-20T20:36:33.802831+00:00, run_after=2022-08-21T20:36:33.802831+00:00
[2022-08-21 16:36:33,813] {processor.py:161} INFO - Processing /Users/abhaymone/src/dev/sand/MANAGE-GMAIL/venv/lib/python3.9/site-packages/airflow/example_dags/example_short_circuit_operator.py took 0.103 seconds
[2022-08-21 16:37:33,049] {processor.py:153} INFO - Started process (PID=3891) to work on /Users/abhaymone/src/dev/sand/MANAGE-GMAIL/venv/lib/python3.9/site-packages/airflow/example_dags/example_short_circuit_operator.py
[2022-08-21 16:37:33,049] {processor.py:641} INFO - Processing file /Users/abhaymone/src/dev/sand/MANAGE-GMAIL/venv/lib/python3.9/site-packages/airflow/example_dags/example_short_circuit_operator.py for tasks to queue
[2022-08-21 16:37:33,050] {logging_mixin.py:115} INFO - [2022-08-21 16:37:33,050] {dagbag.py:508} INFO - Filling up the DagBag from /Users/abhaymone/src/dev/sand/MANAGE-GMAIL/venv/lib/python3.9/site-packages/airflow/example_dags/example_short_circuit_operator.py
[2022-08-21 16:37:33,072] {processor.py:651} INFO - DAG(s) dict_keys(['example_short_circuit_operator']) retrieved from /Users/abhaymone/src/dev/sand/MANAGE-GMAIL/venv/lib/python3.9/site-packages/airflow/example_dags/example_short_circuit_operator.py
[2022-08-21 16:37:33,121] {logging_mixin.py:115} INFO - [2022-08-21 16:37:33,121] {dag.py:2420} INFO - Sync 1 DAGs
[2022-08-21 16:37:33,131] {logging_mixin.py:115} INFO - [2022-08-21 16:37:33,131] {dag.py:2968} INFO - Setting next_dagrun for example_short_circuit_operator to 2022-08-20T20:37:33.131545+00:00, run_after=2022-08-21T20:37:33.131545+00:00
[2022-08-21 16:37:33,147] {processor.py:161} INFO - Processing /Users/abhaymone/src/dev/sand/MANAGE-GMAIL/venv/lib/python3.9/site-packages/airflow/example_dags/example_short_circuit_operator.py took 0.098 seconds
[2022-08-21 16:38:30,551] {processor.py:153} INFO - Started process (PID=3925) to work on /Users/abhaymone/src/dev/sand/MANAGE-GMAIL/venv/lib/python3.9/site-packages/airflow/example_dags/example_short_circuit_operator.py
[2022-08-21 16:38:30,551] {processor.py:641} INFO - Processing file /Users/abhaymone/src/dev/sand/MANAGE-GMAIL/venv/lib/python3.9/site-packages/airflow/example_dags/example_short_circuit_operator.py for tasks to queue
[2022-08-21 16:38:30,551] {logging_mixin.py:115} INFO - [2022-08-21 16:38:30,551] {dagbag.py:508} INFO - Filling up the DagBag from /Users/abhaymone/src/dev/sand/MANAGE-GMAIL/venv/lib/python3.9/site-packages/airflow/example_dags/example_short_circuit_operator.py
[2022-08-21 16:38:30,571] {processor.py:651} INFO - DAG(s) dict_keys(['example_short_circuit_operator']) retrieved from /Users/abhaymone/src/dev/sand/MANAGE-GMAIL/venv/lib/python3.9/site-packages/airflow/example_dags/example_short_circuit_operator.py
[2022-08-21 16:38:30,620] {logging_mixin.py:115} INFO - [2022-08-21 16:38:30,620] {dag.py:2420} INFO - Sync 1 DAGs
[2022-08-21 16:38:30,631] {logging_mixin.py:115} INFO - [2022-08-21 16:38:30,631] {dag.py:2968} INFO - Setting next_dagrun for example_short_circuit_operator to 2022-08-20T20:38:30.631074+00:00, run_after=2022-08-21T20:38:30.631074+00:00
[2022-08-21 16:38:30,640] {processor.py:161} INFO - Processing /Users/abhaymone/src/dev/sand/MANAGE-GMAIL/venv/lib/python3.9/site-packages/airflow/example_dags/example_short_circuit_operator.py took 0.089 seconds
[2022-08-21 16:39:33,591] {processor.py:153} INFO - Started process (PID=3964) to work on /Users/abhaymone/src/dev/sand/MANAGE-GMAIL/venv/lib/python3.9/site-packages/airflow/example_dags/example_short_circuit_operator.py
[2022-08-21 16:39:33,591] {processor.py:641} INFO - Processing file /Users/abhaymone/src/dev/sand/MANAGE-GMAIL/venv/lib/python3.9/site-packages/airflow/example_dags/example_short_circuit_operator.py for tasks to queue
[2022-08-21 16:39:33,591] {logging_mixin.py:115} INFO - [2022-08-21 16:39:33,591] {dagbag.py:508} INFO - Filling up the DagBag from /Users/abhaymone/src/dev/sand/MANAGE-GMAIL/venv/lib/python3.9/site-packages/airflow/example_dags/example_short_circuit_operator.py
[2022-08-21 16:39:33,611] {processor.py:651} INFO - DAG(s) dict_keys(['example_short_circuit_operator']) retrieved from /Users/abhaymone/src/dev/sand/MANAGE-GMAIL/venv/lib/python3.9/site-packages/airflow/example_dags/example_short_circuit_operator.py
[2022-08-21 16:39:33,658] {logging_mixin.py:115} INFO - [2022-08-21 16:39:33,658] {dag.py:2420} INFO - Sync 1 DAGs
[2022-08-21 16:39:33,669] {logging_mixin.py:115} INFO - [2022-08-21 16:39:33,669] {dag.py:2968} INFO - Setting next_dagrun for example_short_circuit_operator to 2022-08-20T20:39:33.668968+00:00, run_after=2022-08-21T20:39:33.668968+00:00
[2022-08-21 16:39:33,685] {processor.py:161} INFO - Processing /Users/abhaymone/src/dev/sand/MANAGE-GMAIL/venv/lib/python3.9/site-packages/airflow/example_dags/example_short_circuit_operator.py took 0.095 seconds
[2022-08-21 16:40:33,407] {processor.py:153} INFO - Started process (PID=3998) to work on /Users/abhaymone/src/dev/sand/MANAGE-GMAIL/venv/lib/python3.9/site-packages/airflow/example_dags/example_short_circuit_operator.py
[2022-08-21 16:40:33,407] {processor.py:641} INFO - Processing file /Users/abhaymone/src/dev/sand/MANAGE-GMAIL/venv/lib/python3.9/site-packages/airflow/example_dags/example_short_circuit_operator.py for tasks to queue
[2022-08-21 16:40:33,407] {logging_mixin.py:115} INFO - [2022-08-21 16:40:33,407] {dagbag.py:508} INFO - Filling up the DagBag from /Users/abhaymone/src/dev/sand/MANAGE-GMAIL/venv/lib/python3.9/site-packages/airflow/example_dags/example_short_circuit_operator.py
[2022-08-21 16:40:33,428] {processor.py:651} INFO - DAG(s) dict_keys(['example_short_circuit_operator']) retrieved from /Users/abhaymone/src/dev/sand/MANAGE-GMAIL/venv/lib/python3.9/site-packages/airflow/example_dags/example_short_circuit_operator.py
[2022-08-21 16:40:33,479] {logging_mixin.py:115} INFO - [2022-08-21 16:40:33,479] {dag.py:2420} INFO - Sync 1 DAGs
[2022-08-21 16:40:33,491] {logging_mixin.py:115} INFO - [2022-08-21 16:40:33,491] {dag.py:2968} INFO - Setting next_dagrun for example_short_circuit_operator to 2022-08-20T20:40:33.491183+00:00, run_after=2022-08-21T20:40:33.491183+00:00
[2022-08-21 16:40:33,508] {processor.py:161} INFO - Processing /Users/abhaymone/src/dev/sand/MANAGE-GMAIL/venv/lib/python3.9/site-packages/airflow/example_dags/example_short_circuit_operator.py took 0.102 seconds
[2022-08-21 16:41:37,931] {processor.py:153} INFO - Started process (PID=4037) to work on /Users/abhaymone/src/dev/sand/MANAGE-GMAIL/venv/lib/python3.9/site-packages/airflow/example_dags/example_short_circuit_operator.py
[2022-08-21 16:41:37,932] {processor.py:641} INFO - Processing file /Users/abhaymone/src/dev/sand/MANAGE-GMAIL/venv/lib/python3.9/site-packages/airflow/example_dags/example_short_circuit_operator.py for tasks to queue
[2022-08-21 16:41:37,932] {logging_mixin.py:115} INFO - [2022-08-21 16:41:37,932] {dagbag.py:508} INFO - Filling up the DagBag from /Users/abhaymone/src/dev/sand/MANAGE-GMAIL/venv/lib/python3.9/site-packages/airflow/example_dags/example_short_circuit_operator.py
[2022-08-21 16:41:37,954] {processor.py:651} INFO - DAG(s) dict_keys(['example_short_circuit_operator']) retrieved from /Users/abhaymone/src/dev/sand/MANAGE-GMAIL/venv/lib/python3.9/site-packages/airflow/example_dags/example_short_circuit_operator.py
[2022-08-21 16:41:38,005] {logging_mixin.py:115} INFO - [2022-08-21 16:41:38,005] {dag.py:2420} INFO - Sync 1 DAGs
[2022-08-21 16:41:38,018] {logging_mixin.py:115} INFO - [2022-08-21 16:41:38,017] {dag.py:2968} INFO - Setting next_dagrun for example_short_circuit_operator to 2022-08-20T20:41:38.017632+00:00, run_after=2022-08-21T20:41:38.017632+00:00
[2022-08-21 16:41:38,034] {processor.py:161} INFO - Processing /Users/abhaymone/src/dev/sand/MANAGE-GMAIL/venv/lib/python3.9/site-packages/airflow/example_dags/example_short_circuit_operator.py took 0.103 seconds
[2022-08-21 16:42:39,296] {processor.py:153} INFO - Started process (PID=4074) to work on /Users/abhaymone/src/dev/sand/MANAGE-GMAIL/venv/lib/python3.9/site-packages/airflow/example_dags/example_short_circuit_operator.py
[2022-08-21 16:42:39,296] {processor.py:641} INFO - Processing file /Users/abhaymone/src/dev/sand/MANAGE-GMAIL/venv/lib/python3.9/site-packages/airflow/example_dags/example_short_circuit_operator.py for tasks to queue
[2022-08-21 16:42:39,296] {logging_mixin.py:115} INFO - [2022-08-21 16:42:39,296] {dagbag.py:508} INFO - Filling up the DagBag from /Users/abhaymone/src/dev/sand/MANAGE-GMAIL/venv/lib/python3.9/site-packages/airflow/example_dags/example_short_circuit_operator.py
[2022-08-21 16:42:39,326] {processor.py:651} INFO - DAG(s) dict_keys(['example_short_circuit_operator']) retrieved from /Users/abhaymone/src/dev/sand/MANAGE-GMAIL/venv/lib/python3.9/site-packages/airflow/example_dags/example_short_circuit_operator.py
[2022-08-21 16:42:39,412] {logging_mixin.py:115} INFO - [2022-08-21 16:42:39,412] {dag.py:2420} INFO - Sync 1 DAGs
[2022-08-21 16:42:39,449] {logging_mixin.py:115} INFO - [2022-08-21 16:42:39,449] {dag.py:2968} INFO - Setting next_dagrun for example_short_circuit_operator to 2022-08-20T20:42:39.445342+00:00, run_after=2022-08-21T20:42:39.445342+00:00
[2022-08-21 16:42:39,473] {processor.py:161} INFO - Processing /Users/abhaymone/src/dev/sand/MANAGE-GMAIL/venv/lib/python3.9/site-packages/airflow/example_dags/example_short_circuit_operator.py took 0.178 seconds
[2022-08-21 16:43:42,806] {processor.py:153} INFO - Started process (PID=4145) to work on /Users/abhaymone/src/dev/sand/MANAGE-GMAIL/venv/lib/python3.9/site-packages/airflow/example_dags/example_short_circuit_operator.py
[2022-08-21 16:43:42,811] {processor.py:641} INFO - Processing file /Users/abhaymone/src/dev/sand/MANAGE-GMAIL/venv/lib/python3.9/site-packages/airflow/example_dags/example_short_circuit_operator.py for tasks to queue
[2022-08-21 16:43:42,812] {logging_mixin.py:115} INFO - [2022-08-21 16:43:42,812] {dagbag.py:508} INFO - Filling up the DagBag from /Users/abhaymone/src/dev/sand/MANAGE-GMAIL/venv/lib/python3.9/site-packages/airflow/example_dags/example_short_circuit_operator.py
[2022-08-21 16:43:42,840] {processor.py:651} INFO - DAG(s) dict_keys(['example_short_circuit_operator']) retrieved from /Users/abhaymone/src/dev/sand/MANAGE-GMAIL/venv/lib/python3.9/site-packages/airflow/example_dags/example_short_circuit_operator.py
[2022-08-21 16:43:42,896] {logging_mixin.py:115} INFO - [2022-08-21 16:43:42,896] {dag.py:2420} INFO - Sync 1 DAGs
[2022-08-21 16:43:42,908] {logging_mixin.py:115} INFO - [2022-08-21 16:43:42,908] {dag.py:2968} INFO - Setting next_dagrun for example_short_circuit_operator to 2022-08-20T20:43:42.908312+00:00, run_after=2022-08-21T20:43:42.908312+00:00
[2022-08-21 16:43:42,922] {processor.py:161} INFO - Processing /Users/abhaymone/src/dev/sand/MANAGE-GMAIL/venv/lib/python3.9/site-packages/airflow/example_dags/example_short_circuit_operator.py took 0.117 seconds
[2022-08-21 16:44:47,048] {processor.py:153} INFO - Started process (PID=4259) to work on /Users/abhaymone/src/dev/sand/MANAGE-GMAIL/venv/lib/python3.9/site-packages/airflow/example_dags/example_short_circuit_operator.py
[2022-08-21 16:44:47,054] {processor.py:641} INFO - Processing file /Users/abhaymone/src/dev/sand/MANAGE-GMAIL/venv/lib/python3.9/site-packages/airflow/example_dags/example_short_circuit_operator.py for tasks to queue
[2022-08-21 16:44:47,055] {logging_mixin.py:115} INFO - [2022-08-21 16:44:47,054] {dagbag.py:508} INFO - Filling up the DagBag from /Users/abhaymone/src/dev/sand/MANAGE-GMAIL/venv/lib/python3.9/site-packages/airflow/example_dags/example_short_circuit_operator.py
[2022-08-21 16:44:47,081] {processor.py:651} INFO - DAG(s) dict_keys(['example_short_circuit_operator']) retrieved from /Users/abhaymone/src/dev/sand/MANAGE-GMAIL/venv/lib/python3.9/site-packages/airflow/example_dags/example_short_circuit_operator.py
[2022-08-21 16:44:47,132] {logging_mixin.py:115} INFO - [2022-08-21 16:44:47,132] {dag.py:2420} INFO - Sync 1 DAGs
[2022-08-21 16:44:47,144] {logging_mixin.py:115} INFO - [2022-08-21 16:44:47,144] {dag.py:2968} INFO - Setting next_dagrun for example_short_circuit_operator to 2022-08-20T20:44:47.144118+00:00, run_after=2022-08-21T20:44:47.144118+00:00
[2022-08-21 16:44:47,157] {processor.py:161} INFO - Processing /Users/abhaymone/src/dev/sand/MANAGE-GMAIL/venv/lib/python3.9/site-packages/airflow/example_dags/example_short_circuit_operator.py took 0.110 seconds
[2022-08-21 16:45:44,664] {processor.py:153} INFO - Started process (PID=4365) to work on /Users/abhaymone/src/dev/sand/MANAGE-GMAIL/venv/lib/python3.9/site-packages/airflow/example_dags/example_short_circuit_operator.py
[2022-08-21 16:45:44,665] {processor.py:641} INFO - Processing file /Users/abhaymone/src/dev/sand/MANAGE-GMAIL/venv/lib/python3.9/site-packages/airflow/example_dags/example_short_circuit_operator.py for tasks to queue
[2022-08-21 16:45:44,665] {logging_mixin.py:115} INFO - [2022-08-21 16:45:44,665] {dagbag.py:508} INFO - Filling up the DagBag from /Users/abhaymone/src/dev/sand/MANAGE-GMAIL/venv/lib/python3.9/site-packages/airflow/example_dags/example_short_circuit_operator.py
[2022-08-21 16:45:44,692] {processor.py:651} INFO - DAG(s) dict_keys(['example_short_circuit_operator']) retrieved from /Users/abhaymone/src/dev/sand/MANAGE-GMAIL/venv/lib/python3.9/site-packages/airflow/example_dags/example_short_circuit_operator.py
[2022-08-21 16:45:44,752] {logging_mixin.py:115} INFO - [2022-08-21 16:45:44,751] {dag.py:2420} INFO - Sync 1 DAGs
[2022-08-21 16:45:44,763] {logging_mixin.py:115} INFO - [2022-08-21 16:45:44,763] {dag.py:2968} INFO - Setting next_dagrun for example_short_circuit_operator to 2022-08-20T20:45:44.763253+00:00, run_after=2022-08-21T20:45:44.763253+00:00
[2022-08-21 16:45:44,780] {processor.py:161} INFO - Processing /Users/abhaymone/src/dev/sand/MANAGE-GMAIL/venv/lib/python3.9/site-packages/airflow/example_dags/example_short_circuit_operator.py took 0.116 seconds
[2022-08-21 16:46:39,271] {processor.py:153} INFO - Started process (PID=4477) to work on /Users/abhaymone/src/dev/sand/MANAGE-GMAIL/venv/lib/python3.9/site-packages/airflow/example_dags/example_short_circuit_operator.py
[2022-08-21 16:46:39,277] {processor.py:641} INFO - Processing file /Users/abhaymone/src/dev/sand/MANAGE-GMAIL/venv/lib/python3.9/site-packages/airflow/example_dags/example_short_circuit_operator.py for tasks to queue
[2022-08-21 16:46:39,277] {logging_mixin.py:115} INFO - [2022-08-21 16:46:39,277] {dagbag.py:508} INFO - Filling up the DagBag from /Users/abhaymone/src/dev/sand/MANAGE-GMAIL/venv/lib/python3.9/site-packages/airflow/example_dags/example_short_circuit_operator.py
[2022-08-21 16:46:39,318] {processor.py:651} INFO - DAG(s) dict_keys(['example_short_circuit_operator']) retrieved from /Users/abhaymone/src/dev/sand/MANAGE-GMAIL/venv/lib/python3.9/site-packages/airflow/example_dags/example_short_circuit_operator.py
[2022-08-21 16:46:39,374] {logging_mixin.py:115} INFO - [2022-08-21 16:46:39,374] {dag.py:2420} INFO - Sync 1 DAGs
[2022-08-21 16:46:39,384] {logging_mixin.py:115} INFO - [2022-08-21 16:46:39,384] {dag.py:2968} INFO - Setting next_dagrun for example_short_circuit_operator to 2022-08-20T20:46:39.384704+00:00, run_after=2022-08-21T20:46:39.384704+00:00
[2022-08-21 16:46:39,406] {processor.py:161} INFO - Processing /Users/abhaymone/src/dev/sand/MANAGE-GMAIL/venv/lib/python3.9/site-packages/airflow/example_dags/example_short_circuit_operator.py took 0.135 seconds
[2022-08-21 16:47:40,707] {processor.py:153} INFO - Started process (PID=4560) to work on /Users/abhaymone/src/dev/sand/MANAGE-GMAIL/venv/lib/python3.9/site-packages/airflow/example_dags/example_short_circuit_operator.py
[2022-08-21 16:47:40,713] {processor.py:641} INFO - Processing file /Users/abhaymone/src/dev/sand/MANAGE-GMAIL/venv/lib/python3.9/site-packages/airflow/example_dags/example_short_circuit_operator.py for tasks to queue
[2022-08-21 16:47:40,713] {logging_mixin.py:115} INFO - [2022-08-21 16:47:40,713] {dagbag.py:508} INFO - Filling up the DagBag from /Users/abhaymone/src/dev/sand/MANAGE-GMAIL/venv/lib/python3.9/site-packages/airflow/example_dags/example_short_circuit_operator.py
[2022-08-21 16:47:40,740] {processor.py:651} INFO - DAG(s) dict_keys(['example_short_circuit_operator']) retrieved from /Users/abhaymone/src/dev/sand/MANAGE-GMAIL/venv/lib/python3.9/site-packages/airflow/example_dags/example_short_circuit_operator.py
[2022-08-21 16:47:40,798] {logging_mixin.py:115} INFO - [2022-08-21 16:47:40,798] {dag.py:2420} INFO - Sync 1 DAGs
[2022-08-21 16:47:40,809] {logging_mixin.py:115} INFO - [2022-08-21 16:47:40,809] {dag.py:2968} INFO - Setting next_dagrun for example_short_circuit_operator to 2022-08-20T20:47:40.809413+00:00, run_after=2022-08-21T20:47:40.809413+00:00
[2022-08-21 16:47:40,820] {processor.py:161} INFO - Processing /Users/abhaymone/src/dev/sand/MANAGE-GMAIL/venv/lib/python3.9/site-packages/airflow/example_dags/example_short_circuit_operator.py took 0.115 seconds
[2022-08-21 16:48:51,495] {processor.py:153} INFO - Started process (PID=4610) to work on /Users/abhaymone/src/dev/sand/MANAGE-GMAIL/venv/lib/python3.9/site-packages/airflow/example_dags/example_short_circuit_operator.py
[2022-08-21 16:48:51,498] {processor.py:641} INFO - Processing file /Users/abhaymone/src/dev/sand/MANAGE-GMAIL/venv/lib/python3.9/site-packages/airflow/example_dags/example_short_circuit_operator.py for tasks to queue
[2022-08-21 16:48:51,498] {logging_mixin.py:115} INFO - [2022-08-21 16:48:51,498] {dagbag.py:508} INFO - Filling up the DagBag from /Users/abhaymone/src/dev/sand/MANAGE-GMAIL/venv/lib/python3.9/site-packages/airflow/example_dags/example_short_circuit_operator.py
[2022-08-21 16:48:51,527] {processor.py:651} INFO - DAG(s) dict_keys(['example_short_circuit_operator']) retrieved from /Users/abhaymone/src/dev/sand/MANAGE-GMAIL/venv/lib/python3.9/site-packages/airflow/example_dags/example_short_circuit_operator.py
[2022-08-21 16:48:51,577] {logging_mixin.py:115} INFO - [2022-08-21 16:48:51,577] {dag.py:2420} INFO - Sync 1 DAGs
[2022-08-21 16:48:51,588] {logging_mixin.py:115} INFO - [2022-08-21 16:48:51,588] {dag.py:2968} INFO - Setting next_dagrun for example_short_circuit_operator to 2022-08-20T20:48:51.588764+00:00, run_after=2022-08-21T20:48:51.588764+00:00
[2022-08-21 16:48:51,599] {processor.py:161} INFO - Processing /Users/abhaymone/src/dev/sand/MANAGE-GMAIL/venv/lib/python3.9/site-packages/airflow/example_dags/example_short_circuit_operator.py took 0.104 seconds
[2022-08-21 16:49:50,631] {processor.py:153} INFO - Started process (PID=4650) to work on /Users/abhaymone/src/dev/sand/MANAGE-GMAIL/venv/lib/python3.9/site-packages/airflow/example_dags/example_short_circuit_operator.py
[2022-08-21 16:49:50,632] {processor.py:641} INFO - Processing file /Users/abhaymone/src/dev/sand/MANAGE-GMAIL/venv/lib/python3.9/site-packages/airflow/example_dags/example_short_circuit_operator.py for tasks to queue
[2022-08-21 16:49:50,632] {logging_mixin.py:115} INFO - [2022-08-21 16:49:50,632] {dagbag.py:508} INFO - Filling up the DagBag from /Users/abhaymone/src/dev/sand/MANAGE-GMAIL/venv/lib/python3.9/site-packages/airflow/example_dags/example_short_circuit_operator.py
[2022-08-21 16:49:50,661] {processor.py:651} INFO - DAG(s) dict_keys(['example_short_circuit_operator']) retrieved from /Users/abhaymone/src/dev/sand/MANAGE-GMAIL/venv/lib/python3.9/site-packages/airflow/example_dags/example_short_circuit_operator.py
[2022-08-21 16:49:50,713] {logging_mixin.py:115} INFO - [2022-08-21 16:49:50,713] {dag.py:2420} INFO - Sync 1 DAGs
[2022-08-21 16:49:50,724] {logging_mixin.py:115} INFO - [2022-08-21 16:49:50,724] {dag.py:2968} INFO - Setting next_dagrun for example_short_circuit_operator to 2022-08-20T20:49:50.724228+00:00, run_after=2022-08-21T20:49:50.724228+00:00
[2022-08-21 16:49:50,734] {processor.py:161} INFO - Processing /Users/abhaymone/src/dev/sand/MANAGE-GMAIL/venv/lib/python3.9/site-packages/airflow/example_dags/example_short_circuit_operator.py took 0.103 seconds
[2022-08-21 16:50:54,655] {processor.py:153} INFO - Started process (PID=4715) to work on /Users/abhaymone/src/dev/sand/MANAGE-GMAIL/venv/lib/python3.9/site-packages/airflow/example_dags/example_short_circuit_operator.py
[2022-08-21 16:50:54,661] {processor.py:641} INFO - Processing file /Users/abhaymone/src/dev/sand/MANAGE-GMAIL/venv/lib/python3.9/site-packages/airflow/example_dags/example_short_circuit_operator.py for tasks to queue
[2022-08-21 16:50:54,661] {logging_mixin.py:115} INFO - [2022-08-21 16:50:54,661] {dagbag.py:508} INFO - Filling up the DagBag from /Users/abhaymone/src/dev/sand/MANAGE-GMAIL/venv/lib/python3.9/site-packages/airflow/example_dags/example_short_circuit_operator.py
[2022-08-21 16:50:54,688] {processor.py:651} INFO - DAG(s) dict_keys(['example_short_circuit_operator']) retrieved from /Users/abhaymone/src/dev/sand/MANAGE-GMAIL/venv/lib/python3.9/site-packages/airflow/example_dags/example_short_circuit_operator.py
[2022-08-21 16:50:54,736] {logging_mixin.py:115} INFO - [2022-08-21 16:50:54,736] {dag.py:2420} INFO - Sync 1 DAGs
[2022-08-21 16:50:54,747] {logging_mixin.py:115} INFO - [2022-08-21 16:50:54,747] {dag.py:2968} INFO - Setting next_dagrun for example_short_circuit_operator to 2022-08-20T20:50:54.747158+00:00, run_after=2022-08-21T20:50:54.747158+00:00
[2022-08-21 16:50:54,757] {processor.py:161} INFO - Processing /Users/abhaymone/src/dev/sand/MANAGE-GMAIL/venv/lib/python3.9/site-packages/airflow/example_dags/example_short_circuit_operator.py took 0.103 seconds
[2022-08-21 16:51:52,380] {processor.py:153} INFO - Started process (PID=4819) to work on /Users/abhaymone/src/dev/sand/MANAGE-GMAIL/venv/lib/python3.9/site-packages/airflow/example_dags/example_short_circuit_operator.py
[2022-08-21 16:51:52,386] {processor.py:641} INFO - Processing file /Users/abhaymone/src/dev/sand/MANAGE-GMAIL/venv/lib/python3.9/site-packages/airflow/example_dags/example_short_circuit_operator.py for tasks to queue
[2022-08-21 16:51:52,387] {logging_mixin.py:115} INFO - [2022-08-21 16:51:52,387] {dagbag.py:508} INFO - Filling up the DagBag from /Users/abhaymone/src/dev/sand/MANAGE-GMAIL/venv/lib/python3.9/site-packages/airflow/example_dags/example_short_circuit_operator.py
[2022-08-21 16:51:52,414] {processor.py:651} INFO - DAG(s) dict_keys(['example_short_circuit_operator']) retrieved from /Users/abhaymone/src/dev/sand/MANAGE-GMAIL/venv/lib/python3.9/site-packages/airflow/example_dags/example_short_circuit_operator.py
[2022-08-21 16:51:52,463] {logging_mixin.py:115} INFO - [2022-08-21 16:51:52,463] {dag.py:2420} INFO - Sync 1 DAGs
[2022-08-21 16:51:52,473] {logging_mixin.py:115} INFO - [2022-08-21 16:51:52,473] {dag.py:2968} INFO - Setting next_dagrun for example_short_circuit_operator to 2022-08-20T20:51:52.473538+00:00, run_after=2022-08-21T20:51:52.473538+00:00
[2022-08-21 16:51:52,484] {processor.py:161} INFO - Processing /Users/abhaymone/src/dev/sand/MANAGE-GMAIL/venv/lib/python3.9/site-packages/airflow/example_dags/example_short_circuit_operator.py took 0.104 seconds
[2022-08-21 16:52:50,687] {processor.py:153} INFO - Started process (PID=5056) to work on /Users/abhaymone/src/dev/sand/MANAGE-GMAIL/venv/lib/python3.9/site-packages/airflow/example_dags/example_short_circuit_operator.py
[2022-08-21 16:52:50,687] {processor.py:641} INFO - Processing file /Users/abhaymone/src/dev/sand/MANAGE-GMAIL/venv/lib/python3.9/site-packages/airflow/example_dags/example_short_circuit_operator.py for tasks to queue
[2022-08-21 16:52:50,687] {logging_mixin.py:115} INFO - [2022-08-21 16:52:50,687] {dagbag.py:508} INFO - Filling up the DagBag from /Users/abhaymone/src/dev/sand/MANAGE-GMAIL/venv/lib/python3.9/site-packages/airflow/example_dags/example_short_circuit_operator.py
[2022-08-21 16:52:50,713] {processor.py:651} INFO - DAG(s) dict_keys(['example_short_circuit_operator']) retrieved from /Users/abhaymone/src/dev/sand/MANAGE-GMAIL/venv/lib/python3.9/site-packages/airflow/example_dags/example_short_circuit_operator.py
[2022-08-21 16:52:50,769] {logging_mixin.py:115} INFO - [2022-08-21 16:52:50,769] {dag.py:2420} INFO - Sync 1 DAGs
[2022-08-21 16:52:50,784] {logging_mixin.py:115} INFO - [2022-08-21 16:52:50,784] {dag.py:2968} INFO - Setting next_dagrun for example_short_circuit_operator to 2022-08-20T20:52:50.784272+00:00, run_after=2022-08-21T20:52:50.784272+00:00
[2022-08-21 16:52:50,804] {processor.py:161} INFO - Processing /Users/abhaymone/src/dev/sand/MANAGE-GMAIL/venv/lib/python3.9/site-packages/airflow/example_dags/example_short_circuit_operator.py took 0.117 seconds
[2022-08-21 16:53:57,352] {processor.py:153} INFO - Started process (PID=5152) to work on /Users/abhaymone/src/dev/sand/MANAGE-GMAIL/venv/lib/python3.9/site-packages/airflow/example_dags/example_short_circuit_operator.py
[2022-08-21 16:53:57,352] {processor.py:641} INFO - Processing file /Users/abhaymone/src/dev/sand/MANAGE-GMAIL/venv/lib/python3.9/site-packages/airflow/example_dags/example_short_circuit_operator.py for tasks to queue
[2022-08-21 16:53:57,353] {logging_mixin.py:115} INFO - [2022-08-21 16:53:57,353] {dagbag.py:508} INFO - Filling up the DagBag from /Users/abhaymone/src/dev/sand/MANAGE-GMAIL/venv/lib/python3.9/site-packages/airflow/example_dags/example_short_circuit_operator.py
[2022-08-21 16:53:57,380] {processor.py:651} INFO - DAG(s) dict_keys(['example_short_circuit_operator']) retrieved from /Users/abhaymone/src/dev/sand/MANAGE-GMAIL/venv/lib/python3.9/site-packages/airflow/example_dags/example_short_circuit_operator.py
[2022-08-21 16:53:57,446] {logging_mixin.py:115} INFO - [2022-08-21 16:53:57,446] {dag.py:2420} INFO - Sync 1 DAGs
[2022-08-21 16:53:57,461] {logging_mixin.py:115} INFO - [2022-08-21 16:53:57,461] {dag.py:2968} INFO - Setting next_dagrun for example_short_circuit_operator to 2022-08-20T20:53:57.460850+00:00, run_after=2022-08-21T20:53:57.460850+00:00
[2022-08-21 16:53:57,479] {processor.py:161} INFO - Processing /Users/abhaymone/src/dev/sand/MANAGE-GMAIL/venv/lib/python3.9/site-packages/airflow/example_dags/example_short_circuit_operator.py took 0.128 seconds
[2022-08-21 16:54:56,888] {processor.py:153} INFO - Started process (PID=5210) to work on /Users/abhaymone/src/dev/sand/MANAGE-GMAIL/venv/lib/python3.9/site-packages/airflow/example_dags/example_short_circuit_operator.py
[2022-08-21 16:54:56,893] {processor.py:641} INFO - Processing file /Users/abhaymone/src/dev/sand/MANAGE-GMAIL/venv/lib/python3.9/site-packages/airflow/example_dags/example_short_circuit_operator.py for tasks to queue
[2022-08-21 16:54:56,894] {logging_mixin.py:115} INFO - [2022-08-21 16:54:56,894] {dagbag.py:508} INFO - Filling up the DagBag from /Users/abhaymone/src/dev/sand/MANAGE-GMAIL/venv/lib/python3.9/site-packages/airflow/example_dags/example_short_circuit_operator.py
[2022-08-21 16:54:56,924] {processor.py:651} INFO - DAG(s) dict_keys(['example_short_circuit_operator']) retrieved from /Users/abhaymone/src/dev/sand/MANAGE-GMAIL/venv/lib/python3.9/site-packages/airflow/example_dags/example_short_circuit_operator.py
[2022-08-21 16:54:56,983] {logging_mixin.py:115} INFO - [2022-08-21 16:54:56,983] {dag.py:2420} INFO - Sync 1 DAGs
[2022-08-21 16:54:56,995] {logging_mixin.py:115} INFO - [2022-08-21 16:54:56,995] {dag.py:2968} INFO - Setting next_dagrun for example_short_circuit_operator to 2022-08-20T20:54:56.995600+00:00, run_after=2022-08-21T20:54:56.995600+00:00
[2022-08-21 16:54:57,012] {processor.py:161} INFO - Processing /Users/abhaymone/src/dev/sand/MANAGE-GMAIL/venv/lib/python3.9/site-packages/airflow/example_dags/example_short_circuit_operator.py took 0.126 seconds
