[2022-08-21 16:15:02,901] {processor.py:153} INFO - Started process (PID=3390) to work on /Users/abhaymone/src/dev/sand/MANAGE-GMAIL/venv/lib/python3.9/site-packages/airflow/example_dags/example_complex.py
[2022-08-21 16:15:02,901] {processor.py:641} INFO - Processing file /Users/abhaymone/src/dev/sand/MANAGE-GMAIL/venv/lib/python3.9/site-packages/airflow/example_dags/example_complex.py for tasks to queue
[2022-08-21 16:15:02,901] {logging_mixin.py:115} INFO - [2022-08-21 16:15:02,901] {dagbag.py:508} INFO - Filling up the DagBag from /Users/abhaymone/src/dev/sand/MANAGE-GMAIL/venv/lib/python3.9/site-packages/airflow/example_dags/example_complex.py
[2022-08-21 16:15:02,928] {processor.py:651} INFO - DAG(s) dict_keys(['example_complex']) retrieved from /Users/abhaymone/src/dev/sand/MANAGE-GMAIL/venv/lib/python3.9/site-packages/airflow/example_dags/example_complex.py
[2022-08-21 16:15:03,605] {logging_mixin.py:115} INFO - [2022-08-21 16:15:03,605] {manager.py:508} INFO - Created Permission View: can edit on DAG:example_complex
[2022-08-21 16:15:03,613] {logging_mixin.py:115} INFO - [2022-08-21 16:15:03,613] {manager.py:508} INFO - Created Permission View: can delete on DAG:example_complex
[2022-08-21 16:15:03,618] {logging_mixin.py:115} INFO - [2022-08-21 16:15:03,618] {manager.py:508} INFO - Created Permission View: can read on DAG:example_complex
[2022-08-21 16:15:03,619] {logging_mixin.py:115} INFO - [2022-08-21 16:15:03,619] {dag.py:2420} INFO - Sync 1 DAGs
[2022-08-21 16:15:03,626] {logging_mixin.py:115} INFO - [2022-08-21 16:15:03,626] {dag.py:2439} INFO - Creating ORM DAG for example_complex
[2022-08-21 16:15:03,633] {logging_mixin.py:115} INFO - [2022-08-21 16:15:03,633] {dag.py:2968} INFO - Setting next_dagrun for example_complex to None, run_after=None
[2022-08-21 16:15:03,643] {processor.py:161} INFO - Processing /Users/abhaymone/src/dev/sand/MANAGE-GMAIL/venv/lib/python3.9/site-packages/airflow/example_dags/example_complex.py took 0.743 seconds
[2022-08-21 16:16:13,511] {processor.py:153} INFO - Started process (PID=3440) to work on /Users/abhaymone/src/dev/sand/MANAGE-GMAIL/venv/lib/python3.9/site-packages/airflow/example_dags/example_complex.py
[2022-08-21 16:16:13,517] {processor.py:641} INFO - Processing file /Users/abhaymone/src/dev/sand/MANAGE-GMAIL/venv/lib/python3.9/site-packages/airflow/example_dags/example_complex.py for tasks to queue
[2022-08-21 16:16:13,518] {logging_mixin.py:115} INFO - [2022-08-21 16:16:13,518] {dagbag.py:508} INFO - Filling up the DagBag from /Users/abhaymone/src/dev/sand/MANAGE-GMAIL/venv/lib/python3.9/site-packages/airflow/example_dags/example_complex.py
[2022-08-21 16:16:13,538] {processor.py:651} INFO - DAG(s) dict_keys(['example_complex']) retrieved from /Users/abhaymone/src/dev/sand/MANAGE-GMAIL/venv/lib/python3.9/site-packages/airflow/example_dags/example_complex.py
[2022-08-21 16:16:13,589] {logging_mixin.py:115} INFO - [2022-08-21 16:16:13,589] {dag.py:2420} INFO - Sync 1 DAGs
[2022-08-21 16:16:13,599] {logging_mixin.py:115} INFO - [2022-08-21 16:16:13,599] {dag.py:2968} INFO - Setting next_dagrun for example_complex to None, run_after=None
[2022-08-21 16:16:13,611] {processor.py:161} INFO - Processing /Users/abhaymone/src/dev/sand/MANAGE-GMAIL/venv/lib/python3.9/site-packages/airflow/example_dags/example_complex.py took 0.100 seconds
[2022-08-21 16:17:12,035] {processor.py:153} INFO - Started process (PID=3476) to work on /Users/abhaymone/src/dev/sand/MANAGE-GMAIL/venv/lib/python3.9/site-packages/airflow/example_dags/example_complex.py
[2022-08-21 16:17:12,035] {processor.py:641} INFO - Processing file /Users/abhaymone/src/dev/sand/MANAGE-GMAIL/venv/lib/python3.9/site-packages/airflow/example_dags/example_complex.py for tasks to queue
[2022-08-21 16:17:12,035] {logging_mixin.py:115} INFO - [2022-08-21 16:17:12,035] {dagbag.py:508} INFO - Filling up the DagBag from /Users/abhaymone/src/dev/sand/MANAGE-GMAIL/venv/lib/python3.9/site-packages/airflow/example_dags/example_complex.py
[2022-08-21 16:17:12,048] {processor.py:651} INFO - DAG(s) dict_keys(['example_complex']) retrieved from /Users/abhaymone/src/dev/sand/MANAGE-GMAIL/venv/lib/python3.9/site-packages/airflow/example_dags/example_complex.py
[2022-08-21 16:17:12,099] {logging_mixin.py:115} INFO - [2022-08-21 16:17:12,099] {dag.py:2420} INFO - Sync 1 DAGs
[2022-08-21 16:17:12,109] {logging_mixin.py:115} INFO - [2022-08-21 16:17:12,109] {dag.py:2968} INFO - Setting next_dagrun for example_complex to None, run_after=None
[2022-08-21 16:17:12,125] {processor.py:161} INFO - Processing /Users/abhaymone/src/dev/sand/MANAGE-GMAIL/venv/lib/python3.9/site-packages/airflow/example_dags/example_complex.py took 0.091 seconds
[2022-08-21 16:28:44,152] {processor.py:153} INFO - Started process (PID=3562) to work on /Users/abhaymone/src/dev/sand/MANAGE-GMAIL/venv/lib/python3.9/site-packages/airflow/example_dags/example_complex.py
[2022-08-21 16:28:44,158] {processor.py:641} INFO - Processing file /Users/abhaymone/src/dev/sand/MANAGE-GMAIL/venv/lib/python3.9/site-packages/airflow/example_dags/example_complex.py for tasks to queue
[2022-08-21 16:28:44,159] {logging_mixin.py:115} INFO - [2022-08-21 16:28:44,159] {dagbag.py:508} INFO - Filling up the DagBag from /Users/abhaymone/src/dev/sand/MANAGE-GMAIL/venv/lib/python3.9/site-packages/airflow/example_dags/example_complex.py
[2022-08-21 16:28:44,179] {processor.py:651} INFO - DAG(s) dict_keys(['example_complex']) retrieved from /Users/abhaymone/src/dev/sand/MANAGE-GMAIL/venv/lib/python3.9/site-packages/airflow/example_dags/example_complex.py
[2022-08-21 16:28:44,231] {logging_mixin.py:115} INFO - [2022-08-21 16:28:44,231] {dag.py:2420} INFO - Sync 1 DAGs
[2022-08-21 16:28:44,242] {logging_mixin.py:115} INFO - [2022-08-21 16:28:44,241] {dag.py:2968} INFO - Setting next_dagrun for example_complex to None, run_after=None
[2022-08-21 16:28:44,252] {processor.py:161} INFO - Processing /Users/abhaymone/src/dev/sand/MANAGE-GMAIL/venv/lib/python3.9/site-packages/airflow/example_dags/example_complex.py took 0.100 seconds
[2022-08-21 16:29:41,838] {processor.py:153} INFO - Started process (PID=3600) to work on /Users/abhaymone/src/dev/sand/MANAGE-GMAIL/venv/lib/python3.9/site-packages/airflow/example_dags/example_complex.py
[2022-08-21 16:29:41,838] {processor.py:641} INFO - Processing file /Users/abhaymone/src/dev/sand/MANAGE-GMAIL/venv/lib/python3.9/site-packages/airflow/example_dags/example_complex.py for tasks to queue
[2022-08-21 16:29:41,838] {logging_mixin.py:115} INFO - [2022-08-21 16:29:41,838] {dagbag.py:508} INFO - Filling up the DagBag from /Users/abhaymone/src/dev/sand/MANAGE-GMAIL/venv/lib/python3.9/site-packages/airflow/example_dags/example_complex.py
[2022-08-21 16:29:41,851] {processor.py:651} INFO - DAG(s) dict_keys(['example_complex']) retrieved from /Users/abhaymone/src/dev/sand/MANAGE-GMAIL/venv/lib/python3.9/site-packages/airflow/example_dags/example_complex.py
[2022-08-21 16:29:41,902] {logging_mixin.py:115} INFO - [2022-08-21 16:29:41,902] {dag.py:2420} INFO - Sync 1 DAGs
[2022-08-21 16:29:41,912] {logging_mixin.py:115} INFO - [2022-08-21 16:29:41,912] {dag.py:2968} INFO - Setting next_dagrun for example_complex to None, run_after=None
[2022-08-21 16:29:41,925] {processor.py:161} INFO - Processing /Users/abhaymone/src/dev/sand/MANAGE-GMAIL/venv/lib/python3.9/site-packages/airflow/example_dags/example_complex.py took 0.087 seconds
[2022-08-21 16:30:39,775] {processor.py:153} INFO - Started process (PID=3636) to work on /Users/abhaymone/src/dev/sand/MANAGE-GMAIL/venv/lib/python3.9/site-packages/airflow/example_dags/example_complex.py
[2022-08-21 16:30:39,775] {processor.py:641} INFO - Processing file /Users/abhaymone/src/dev/sand/MANAGE-GMAIL/venv/lib/python3.9/site-packages/airflow/example_dags/example_complex.py for tasks to queue
[2022-08-21 16:30:39,775] {logging_mixin.py:115} INFO - [2022-08-21 16:30:39,775] {dagbag.py:508} INFO - Filling up the DagBag from /Users/abhaymone/src/dev/sand/MANAGE-GMAIL/venv/lib/python3.9/site-packages/airflow/example_dags/example_complex.py
[2022-08-21 16:30:39,791] {processor.py:651} INFO - DAG(s) dict_keys(['example_complex']) retrieved from /Users/abhaymone/src/dev/sand/MANAGE-GMAIL/venv/lib/python3.9/site-packages/airflow/example_dags/example_complex.py
[2022-08-21 16:30:39,850] {logging_mixin.py:115} INFO - [2022-08-21 16:30:39,850] {dag.py:2420} INFO - Sync 1 DAGs
[2022-08-21 16:30:39,862] {logging_mixin.py:115} INFO - [2022-08-21 16:30:39,862] {dag.py:2968} INFO - Setting next_dagrun for example_complex to None, run_after=None
[2022-08-21 16:30:39,879] {processor.py:161} INFO - Processing /Users/abhaymone/src/dev/sand/MANAGE-GMAIL/venv/lib/python3.9/site-packages/airflow/example_dags/example_complex.py took 0.105 seconds
[2022-08-21 16:31:50,147] {processor.py:153} INFO - Started process (PID=3674) to work on /Users/abhaymone/src/dev/sand/MANAGE-GMAIL/venv/lib/python3.9/site-packages/airflow/example_dags/example_complex.py
[2022-08-21 16:31:50,147] {processor.py:641} INFO - Processing file /Users/abhaymone/src/dev/sand/MANAGE-GMAIL/venv/lib/python3.9/site-packages/airflow/example_dags/example_complex.py for tasks to queue
[2022-08-21 16:31:50,148] {logging_mixin.py:115} INFO - [2022-08-21 16:31:50,148] {dagbag.py:508} INFO - Filling up the DagBag from /Users/abhaymone/src/dev/sand/MANAGE-GMAIL/venv/lib/python3.9/site-packages/airflow/example_dags/example_complex.py
[2022-08-21 16:31:50,164] {processor.py:651} INFO - DAG(s) dict_keys(['example_complex']) retrieved from /Users/abhaymone/src/dev/sand/MANAGE-GMAIL/venv/lib/python3.9/site-packages/airflow/example_dags/example_complex.py
[2022-08-21 16:31:50,230] {logging_mixin.py:115} INFO - [2022-08-21 16:31:50,230] {dag.py:2420} INFO - Sync 1 DAGs
[2022-08-21 16:31:50,242] {logging_mixin.py:115} INFO - [2022-08-21 16:31:50,242] {dag.py:2968} INFO - Setting next_dagrun for example_complex to None, run_after=None
[2022-08-21 16:31:50,251] {processor.py:161} INFO - Processing /Users/abhaymone/src/dev/sand/MANAGE-GMAIL/venv/lib/python3.9/site-packages/airflow/example_dags/example_complex.py took 0.105 seconds
[2022-08-21 16:32:49,574] {processor.py:153} INFO - Started process (PID=3717) to work on /Users/abhaymone/src/dev/sand/MANAGE-GMAIL/venv/lib/python3.9/site-packages/airflow/example_dags/example_complex.py
[2022-08-21 16:32:49,580] {processor.py:641} INFO - Processing file /Users/abhaymone/src/dev/sand/MANAGE-GMAIL/venv/lib/python3.9/site-packages/airflow/example_dags/example_complex.py for tasks to queue
[2022-08-21 16:32:49,581] {logging_mixin.py:115} INFO - [2022-08-21 16:32:49,581] {dagbag.py:508} INFO - Filling up the DagBag from /Users/abhaymone/src/dev/sand/MANAGE-GMAIL/venv/lib/python3.9/site-packages/airflow/example_dags/example_complex.py
[2022-08-21 16:32:49,601] {processor.py:651} INFO - DAG(s) dict_keys(['example_complex']) retrieved from /Users/abhaymone/src/dev/sand/MANAGE-GMAIL/venv/lib/python3.9/site-packages/airflow/example_dags/example_complex.py
[2022-08-21 16:32:49,659] {logging_mixin.py:115} INFO - [2022-08-21 16:32:49,659] {dag.py:2420} INFO - Sync 1 DAGs
[2022-08-21 16:32:49,673] {logging_mixin.py:115} INFO - [2022-08-21 16:32:49,673] {dag.py:2968} INFO - Setting next_dagrun for example_complex to None, run_after=None
[2022-08-21 16:32:49,687] {processor.py:161} INFO - Processing /Users/abhaymone/src/dev/sand/MANAGE-GMAIL/venv/lib/python3.9/site-packages/airflow/example_dags/example_complex.py took 0.113 seconds
[2022-08-21 16:33:48,682] {processor.py:153} INFO - Started process (PID=3752) to work on /Users/abhaymone/src/dev/sand/MANAGE-GMAIL/venv/lib/python3.9/site-packages/airflow/example_dags/example_complex.py
[2022-08-21 16:33:48,688] {processor.py:641} INFO - Processing file /Users/abhaymone/src/dev/sand/MANAGE-GMAIL/venv/lib/python3.9/site-packages/airflow/example_dags/example_complex.py for tasks to queue
[2022-08-21 16:33:48,689] {logging_mixin.py:115} INFO - [2022-08-21 16:33:48,689] {dagbag.py:508} INFO - Filling up the DagBag from /Users/abhaymone/src/dev/sand/MANAGE-GMAIL/venv/lib/python3.9/site-packages/airflow/example_dags/example_complex.py
[2022-08-21 16:33:48,711] {processor.py:651} INFO - DAG(s) dict_keys(['example_complex']) retrieved from /Users/abhaymone/src/dev/sand/MANAGE-GMAIL/venv/lib/python3.9/site-packages/airflow/example_dags/example_complex.py
[2022-08-21 16:33:48,767] {logging_mixin.py:115} INFO - [2022-08-21 16:33:48,767] {dag.py:2420} INFO - Sync 1 DAGs
[2022-08-21 16:33:48,778] {logging_mixin.py:115} INFO - [2022-08-21 16:33:48,778] {dag.py:2968} INFO - Setting next_dagrun for example_complex to None, run_after=None
[2022-08-21 16:33:48,788] {processor.py:161} INFO - Processing /Users/abhaymone/src/dev/sand/MANAGE-GMAIL/venv/lib/python3.9/site-packages/airflow/example_dags/example_complex.py took 0.107 seconds
[2022-08-21 16:34:49,445] {processor.py:153} INFO - Started process (PID=3789) to work on /Users/abhaymone/src/dev/sand/MANAGE-GMAIL/venv/lib/python3.9/site-packages/airflow/example_dags/example_complex.py
[2022-08-21 16:34:49,447] {processor.py:641} INFO - Processing file /Users/abhaymone/src/dev/sand/MANAGE-GMAIL/venv/lib/python3.9/site-packages/airflow/example_dags/example_complex.py for tasks to queue
[2022-08-21 16:34:49,448] {logging_mixin.py:115} INFO - [2022-08-21 16:34:49,448] {dagbag.py:508} INFO - Filling up the DagBag from /Users/abhaymone/src/dev/sand/MANAGE-GMAIL/venv/lib/python3.9/site-packages/airflow/example_dags/example_complex.py
[2022-08-21 16:34:49,466] {processor.py:651} INFO - DAG(s) dict_keys(['example_complex']) retrieved from /Users/abhaymone/src/dev/sand/MANAGE-GMAIL/venv/lib/python3.9/site-packages/airflow/example_dags/example_complex.py
[2022-08-21 16:34:49,522] {logging_mixin.py:115} INFO - [2022-08-21 16:34:49,522] {dag.py:2420} INFO - Sync 1 DAGs
[2022-08-21 16:34:49,533] {logging_mixin.py:115} INFO - [2022-08-21 16:34:49,533] {dag.py:2968} INFO - Setting next_dagrun for example_complex to None, run_after=None
[2022-08-21 16:34:49,544] {processor.py:161} INFO - Processing /Users/abhaymone/src/dev/sand/MANAGE-GMAIL/venv/lib/python3.9/site-packages/airflow/example_dags/example_complex.py took 0.099 seconds
[2022-08-21 16:35:47,978] {processor.py:153} INFO - Started process (PID=3826) to work on /Users/abhaymone/src/dev/sand/MANAGE-GMAIL/venv/lib/python3.9/site-packages/airflow/example_dags/example_complex.py
[2022-08-21 16:35:47,984] {processor.py:641} INFO - Processing file /Users/abhaymone/src/dev/sand/MANAGE-GMAIL/venv/lib/python3.9/site-packages/airflow/example_dags/example_complex.py for tasks to queue
[2022-08-21 16:35:47,985] {logging_mixin.py:115} INFO - [2022-08-21 16:35:47,985] {dagbag.py:508} INFO - Filling up the DagBag from /Users/abhaymone/src/dev/sand/MANAGE-GMAIL/venv/lib/python3.9/site-packages/airflow/example_dags/example_complex.py
[2022-08-21 16:35:48,006] {processor.py:651} INFO - DAG(s) dict_keys(['example_complex']) retrieved from /Users/abhaymone/src/dev/sand/MANAGE-GMAIL/venv/lib/python3.9/site-packages/airflow/example_dags/example_complex.py
[2022-08-21 16:35:48,058] {logging_mixin.py:115} INFO - [2022-08-21 16:35:48,057] {dag.py:2420} INFO - Sync 1 DAGs
[2022-08-21 16:35:48,068] {logging_mixin.py:115} INFO - [2022-08-21 16:35:48,068] {dag.py:2968} INFO - Setting next_dagrun for example_complex to None, run_after=None
[2022-08-21 16:35:48,079] {processor.py:161} INFO - Processing /Users/abhaymone/src/dev/sand/MANAGE-GMAIL/venv/lib/python3.9/site-packages/airflow/example_dags/example_complex.py took 0.101 seconds
[2022-08-21 16:36:51,242] {processor.py:153} INFO - Started process (PID=3866) to work on /Users/abhaymone/src/dev/sand/MANAGE-GMAIL/venv/lib/python3.9/site-packages/airflow/example_dags/example_complex.py
[2022-08-21 16:36:51,248] {processor.py:641} INFO - Processing file /Users/abhaymone/src/dev/sand/MANAGE-GMAIL/venv/lib/python3.9/site-packages/airflow/example_dags/example_complex.py for tasks to queue
[2022-08-21 16:36:51,249] {logging_mixin.py:115} INFO - [2022-08-21 16:36:51,249] {dagbag.py:508} INFO - Filling up the DagBag from /Users/abhaymone/src/dev/sand/MANAGE-GMAIL/venv/lib/python3.9/site-packages/airflow/example_dags/example_complex.py
[2022-08-21 16:36:51,269] {processor.py:651} INFO - DAG(s) dict_keys(['example_complex']) retrieved from /Users/abhaymone/src/dev/sand/MANAGE-GMAIL/venv/lib/python3.9/site-packages/airflow/example_dags/example_complex.py
[2022-08-21 16:36:51,321] {logging_mixin.py:115} INFO - [2022-08-21 16:36:51,321] {dag.py:2420} INFO - Sync 1 DAGs
[2022-08-21 16:36:51,332] {logging_mixin.py:115} INFO - [2022-08-21 16:36:51,332] {dag.py:2968} INFO - Setting next_dagrun for example_complex to None, run_after=None
[2022-08-21 16:36:51,342] {processor.py:161} INFO - Processing /Users/abhaymone/src/dev/sand/MANAGE-GMAIL/venv/lib/python3.9/site-packages/airflow/example_dags/example_complex.py took 0.100 seconds
[2022-08-21 16:37:50,939] {processor.py:153} INFO - Started process (PID=3901) to work on /Users/abhaymone/src/dev/sand/MANAGE-GMAIL/venv/lib/python3.9/site-packages/airflow/example_dags/example_complex.py
[2022-08-21 16:37:50,939] {processor.py:641} INFO - Processing file /Users/abhaymone/src/dev/sand/MANAGE-GMAIL/venv/lib/python3.9/site-packages/airflow/example_dags/example_complex.py for tasks to queue
[2022-08-21 16:37:50,939] {logging_mixin.py:115} INFO - [2022-08-21 16:37:50,939] {dagbag.py:508} INFO - Filling up the DagBag from /Users/abhaymone/src/dev/sand/MANAGE-GMAIL/venv/lib/python3.9/site-packages/airflow/example_dags/example_complex.py
[2022-08-21 16:37:50,952] {processor.py:651} INFO - DAG(s) dict_keys(['example_complex']) retrieved from /Users/abhaymone/src/dev/sand/MANAGE-GMAIL/venv/lib/python3.9/site-packages/airflow/example_dags/example_complex.py
[2022-08-21 16:37:51,004] {logging_mixin.py:115} INFO - [2022-08-21 16:37:51,003] {dag.py:2420} INFO - Sync 1 DAGs
[2022-08-21 16:37:51,015] {logging_mixin.py:115} INFO - [2022-08-21 16:37:51,015] {dag.py:2968} INFO - Setting next_dagrun for example_complex to None, run_after=None
[2022-08-21 16:37:51,030] {processor.py:161} INFO - Processing /Users/abhaymone/src/dev/sand/MANAGE-GMAIL/venv/lib/python3.9/site-packages/airflow/example_dags/example_complex.py took 0.092 seconds
[2022-08-21 16:38:49,497] {processor.py:153} INFO - Started process (PID=3936) to work on /Users/abhaymone/src/dev/sand/MANAGE-GMAIL/venv/lib/python3.9/site-packages/airflow/example_dags/example_complex.py
[2022-08-21 16:38:49,502] {processor.py:641} INFO - Processing file /Users/abhaymone/src/dev/sand/MANAGE-GMAIL/venv/lib/python3.9/site-packages/airflow/example_dags/example_complex.py for tasks to queue
[2022-08-21 16:38:49,503] {logging_mixin.py:115} INFO - [2022-08-21 16:38:49,503] {dagbag.py:508} INFO - Filling up the DagBag from /Users/abhaymone/src/dev/sand/MANAGE-GMAIL/venv/lib/python3.9/site-packages/airflow/example_dags/example_complex.py
[2022-08-21 16:38:49,521] {processor.py:651} INFO - DAG(s) dict_keys(['example_complex']) retrieved from /Users/abhaymone/src/dev/sand/MANAGE-GMAIL/venv/lib/python3.9/site-packages/airflow/example_dags/example_complex.py
[2022-08-21 16:38:49,577] {logging_mixin.py:115} INFO - [2022-08-21 16:38:49,577] {dag.py:2420} INFO - Sync 1 DAGs
[2022-08-21 16:38:49,588] {logging_mixin.py:115} INFO - [2022-08-21 16:38:49,588] {dag.py:2968} INFO - Setting next_dagrun for example_complex to None, run_after=None
[2022-08-21 16:38:49,599] {processor.py:161} INFO - Processing /Users/abhaymone/src/dev/sand/MANAGE-GMAIL/venv/lib/python3.9/site-packages/airflow/example_dags/example_complex.py took 0.103 seconds
[2022-08-21 16:39:52,236] {processor.py:153} INFO - Started process (PID=3974) to work on /Users/abhaymone/src/dev/sand/MANAGE-GMAIL/venv/lib/python3.9/site-packages/airflow/example_dags/example_complex.py
[2022-08-21 16:39:52,236] {processor.py:641} INFO - Processing file /Users/abhaymone/src/dev/sand/MANAGE-GMAIL/venv/lib/python3.9/site-packages/airflow/example_dags/example_complex.py for tasks to queue
[2022-08-21 16:39:52,236] {logging_mixin.py:115} INFO - [2022-08-21 16:39:52,236] {dagbag.py:508} INFO - Filling up the DagBag from /Users/abhaymone/src/dev/sand/MANAGE-GMAIL/venv/lib/python3.9/site-packages/airflow/example_dags/example_complex.py
[2022-08-21 16:39:52,251] {processor.py:651} INFO - DAG(s) dict_keys(['example_complex']) retrieved from /Users/abhaymone/src/dev/sand/MANAGE-GMAIL/venv/lib/python3.9/site-packages/airflow/example_dags/example_complex.py
[2022-08-21 16:39:52,309] {logging_mixin.py:115} INFO - [2022-08-21 16:39:52,309] {dag.py:2420} INFO - Sync 1 DAGs
[2022-08-21 16:39:52,323] {logging_mixin.py:115} INFO - [2022-08-21 16:39:52,323] {dag.py:2968} INFO - Setting next_dagrun for example_complex to None, run_after=None
[2022-08-21 16:39:52,342] {processor.py:161} INFO - Processing /Users/abhaymone/src/dev/sand/MANAGE-GMAIL/venv/lib/python3.9/site-packages/airflow/example_dags/example_complex.py took 0.107 seconds
[2022-08-21 16:40:53,151] {processor.py:153} INFO - Started process (PID=4009) to work on /Users/abhaymone/src/dev/sand/MANAGE-GMAIL/venv/lib/python3.9/site-packages/airflow/example_dags/example_complex.py
[2022-08-21 16:40:53,152] {processor.py:641} INFO - Processing file /Users/abhaymone/src/dev/sand/MANAGE-GMAIL/venv/lib/python3.9/site-packages/airflow/example_dags/example_complex.py for tasks to queue
[2022-08-21 16:40:53,152] {logging_mixin.py:115} INFO - [2022-08-21 16:40:53,152] {dagbag.py:508} INFO - Filling up the DagBag from /Users/abhaymone/src/dev/sand/MANAGE-GMAIL/venv/lib/python3.9/site-packages/airflow/example_dags/example_complex.py
[2022-08-21 16:40:53,175] {processor.py:651} INFO - DAG(s) dict_keys(['example_complex']) retrieved from /Users/abhaymone/src/dev/sand/MANAGE-GMAIL/venv/lib/python3.9/site-packages/airflow/example_dags/example_complex.py
[2022-08-21 16:40:53,276] {logging_mixin.py:115} INFO - [2022-08-21 16:40:53,275] {dag.py:2420} INFO - Sync 1 DAGs
[2022-08-21 16:40:53,292] {logging_mixin.py:115} INFO - [2022-08-21 16:40:53,292] {dag.py:2968} INFO - Setting next_dagrun for example_complex to None, run_after=None
[2022-08-21 16:40:53,312] {processor.py:161} INFO - Processing /Users/abhaymone/src/dev/sand/MANAGE-GMAIL/venv/lib/python3.9/site-packages/airflow/example_dags/example_complex.py took 0.162 seconds
[2022-08-21 16:41:54,214] {processor.py:153} INFO - Started process (PID=4047) to work on /Users/abhaymone/src/dev/sand/MANAGE-GMAIL/venv/lib/python3.9/site-packages/airflow/example_dags/example_complex.py
[2022-08-21 16:41:54,215] {processor.py:641} INFO - Processing file /Users/abhaymone/src/dev/sand/MANAGE-GMAIL/venv/lib/python3.9/site-packages/airflow/example_dags/example_complex.py for tasks to queue
[2022-08-21 16:41:54,215] {logging_mixin.py:115} INFO - [2022-08-21 16:41:54,215] {dagbag.py:508} INFO - Filling up the DagBag from /Users/abhaymone/src/dev/sand/MANAGE-GMAIL/venv/lib/python3.9/site-packages/airflow/example_dags/example_complex.py
[2022-08-21 16:41:54,229] {processor.py:651} INFO - DAG(s) dict_keys(['example_complex']) retrieved from /Users/abhaymone/src/dev/sand/MANAGE-GMAIL/venv/lib/python3.9/site-packages/airflow/example_dags/example_complex.py
[2022-08-21 16:41:54,284] {logging_mixin.py:115} INFO - [2022-08-21 16:41:54,284] {dag.py:2420} INFO - Sync 1 DAGs
[2022-08-21 16:41:54,295] {logging_mixin.py:115} INFO - [2022-08-21 16:41:54,295] {dag.py:2968} INFO - Setting next_dagrun for example_complex to None, run_after=None
[2022-08-21 16:41:54,310] {processor.py:161} INFO - Processing /Users/abhaymone/src/dev/sand/MANAGE-GMAIL/venv/lib/python3.9/site-packages/airflow/example_dags/example_complex.py took 0.096 seconds
[2022-08-21 16:42:56,910] {processor.py:153} INFO - Started process (PID=4085) to work on /Users/abhaymone/src/dev/sand/MANAGE-GMAIL/venv/lib/python3.9/site-packages/airflow/example_dags/example_complex.py
[2022-08-21 16:42:56,912] {processor.py:641} INFO - Processing file /Users/abhaymone/src/dev/sand/MANAGE-GMAIL/venv/lib/python3.9/site-packages/airflow/example_dags/example_complex.py for tasks to queue
[2022-08-21 16:42:56,913] {logging_mixin.py:115} INFO - [2022-08-21 16:42:56,913] {dagbag.py:508} INFO - Filling up the DagBag from /Users/abhaymone/src/dev/sand/MANAGE-GMAIL/venv/lib/python3.9/site-packages/airflow/example_dags/example_complex.py
[2022-08-21 16:42:56,932] {processor.py:651} INFO - DAG(s) dict_keys(['example_complex']) retrieved from /Users/abhaymone/src/dev/sand/MANAGE-GMAIL/venv/lib/python3.9/site-packages/airflow/example_dags/example_complex.py
[2022-08-21 16:42:56,993] {logging_mixin.py:115} INFO - [2022-08-21 16:42:56,993] {dag.py:2420} INFO - Sync 1 DAGs
[2022-08-21 16:42:57,005] {logging_mixin.py:115} INFO - [2022-08-21 16:42:57,005] {dag.py:2968} INFO - Setting next_dagrun for example_complex to None, run_after=None
[2022-08-21 16:42:57,017] {processor.py:161} INFO - Processing /Users/abhaymone/src/dev/sand/MANAGE-GMAIL/venv/lib/python3.9/site-packages/airflow/example_dags/example_complex.py took 0.107 seconds
[2022-08-21 16:44:00,844] {processor.py:153} INFO - Started process (PID=4181) to work on /Users/abhaymone/src/dev/sand/MANAGE-GMAIL/venv/lib/python3.9/site-packages/airflow/example_dags/example_complex.py
[2022-08-21 16:44:00,850] {processor.py:641} INFO - Processing file /Users/abhaymone/src/dev/sand/MANAGE-GMAIL/venv/lib/python3.9/site-packages/airflow/example_dags/example_complex.py for tasks to queue
[2022-08-21 16:44:00,851] {logging_mixin.py:115} INFO - [2022-08-21 16:44:00,851] {dagbag.py:508} INFO - Filling up the DagBag from /Users/abhaymone/src/dev/sand/MANAGE-GMAIL/venv/lib/python3.9/site-packages/airflow/example_dags/example_complex.py
[2022-08-21 16:44:00,872] {processor.py:651} INFO - DAG(s) dict_keys(['example_complex']) retrieved from /Users/abhaymone/src/dev/sand/MANAGE-GMAIL/venv/lib/python3.9/site-packages/airflow/example_dags/example_complex.py
[2022-08-21 16:44:00,928] {logging_mixin.py:115} INFO - [2022-08-21 16:44:00,928] {dag.py:2420} INFO - Sync 1 DAGs
[2022-08-21 16:44:00,939] {logging_mixin.py:115} INFO - [2022-08-21 16:44:00,939] {dag.py:2968} INFO - Setting next_dagrun for example_complex to None, run_after=None
[2022-08-21 16:44:00,950] {processor.py:161} INFO - Processing /Users/abhaymone/src/dev/sand/MANAGE-GMAIL/venv/lib/python3.9/site-packages/airflow/example_dags/example_complex.py took 0.106 seconds
[2022-08-21 16:45:03,323] {processor.py:153} INFO - Started process (PID=4288) to work on /Users/abhaymone/src/dev/sand/MANAGE-GMAIL/venv/lib/python3.9/site-packages/airflow/example_dags/example_complex.py
[2022-08-21 16:45:03,329] {processor.py:641} INFO - Processing file /Users/abhaymone/src/dev/sand/MANAGE-GMAIL/venv/lib/python3.9/site-packages/airflow/example_dags/example_complex.py for tasks to queue
[2022-08-21 16:45:03,330] {logging_mixin.py:115} INFO - [2022-08-21 16:45:03,330] {dagbag.py:508} INFO - Filling up the DagBag from /Users/abhaymone/src/dev/sand/MANAGE-GMAIL/venv/lib/python3.9/site-packages/airflow/example_dags/example_complex.py
[2022-08-21 16:45:03,350] {processor.py:651} INFO - DAG(s) dict_keys(['example_complex']) retrieved from /Users/abhaymone/src/dev/sand/MANAGE-GMAIL/venv/lib/python3.9/site-packages/airflow/example_dags/example_complex.py
[2022-08-21 16:45:03,403] {logging_mixin.py:115} INFO - [2022-08-21 16:45:03,403] {dag.py:2420} INFO - Sync 1 DAGs
[2022-08-21 16:45:03,413] {logging_mixin.py:115} INFO - [2022-08-21 16:45:03,413] {dag.py:2968} INFO - Setting next_dagrun for example_complex to None, run_after=None
[2022-08-21 16:45:03,423] {processor.py:161} INFO - Processing /Users/abhaymone/src/dev/sand/MANAGE-GMAIL/venv/lib/python3.9/site-packages/airflow/example_dags/example_complex.py took 0.100 seconds
[2022-08-21 16:46:17,794] {processor.py:153} INFO - Started process (PID=4436) to work on /Users/abhaymone/src/dev/sand/MANAGE-GMAIL/venv/lib/python3.9/site-packages/airflow/example_dags/example_complex.py
[2022-08-21 16:46:17,800] {processor.py:641} INFO - Processing file /Users/abhaymone/src/dev/sand/MANAGE-GMAIL/venv/lib/python3.9/site-packages/airflow/example_dags/example_complex.py for tasks to queue
[2022-08-21 16:46:17,801] {logging_mixin.py:115} INFO - [2022-08-21 16:46:17,801] {dagbag.py:508} INFO - Filling up the DagBag from /Users/abhaymone/src/dev/sand/MANAGE-GMAIL/venv/lib/python3.9/site-packages/airflow/example_dags/example_complex.py
[2022-08-21 16:46:17,821] {processor.py:651} INFO - DAG(s) dict_keys(['example_complex']) retrieved from /Users/abhaymone/src/dev/sand/MANAGE-GMAIL/venv/lib/python3.9/site-packages/airflow/example_dags/example_complex.py
[2022-08-21 16:46:17,873] {logging_mixin.py:115} INFO - [2022-08-21 16:46:17,873] {dag.py:2420} INFO - Sync 1 DAGs
[2022-08-21 16:46:17,883] {logging_mixin.py:115} INFO - [2022-08-21 16:46:17,883] {dag.py:2968} INFO - Setting next_dagrun for example_complex to None, run_after=None
[2022-08-21 16:46:17,895] {processor.py:161} INFO - Processing /Users/abhaymone/src/dev/sand/MANAGE-GMAIL/venv/lib/python3.9/site-packages/airflow/example_dags/example_complex.py took 0.102 seconds
[2022-08-21 16:47:17,000] {processor.py:153} INFO - Started process (PID=4546) to work on /Users/abhaymone/src/dev/sand/MANAGE-GMAIL/venv/lib/python3.9/site-packages/airflow/example_dags/example_complex.py
[2022-08-21 16:47:17,005] {processor.py:641} INFO - Processing file /Users/abhaymone/src/dev/sand/MANAGE-GMAIL/venv/lib/python3.9/site-packages/airflow/example_dags/example_complex.py for tasks to queue
[2022-08-21 16:47:17,006] {logging_mixin.py:115} INFO - [2022-08-21 16:47:17,006] {dagbag.py:508} INFO - Filling up the DagBag from /Users/abhaymone/src/dev/sand/MANAGE-GMAIL/venv/lib/python3.9/site-packages/airflow/example_dags/example_complex.py
[2022-08-21 16:47:17,027] {processor.py:651} INFO - DAG(s) dict_keys(['example_complex']) retrieved from /Users/abhaymone/src/dev/sand/MANAGE-GMAIL/venv/lib/python3.9/site-packages/airflow/example_dags/example_complex.py
[2022-08-21 16:47:17,093] {logging_mixin.py:115} INFO - [2022-08-21 16:47:17,093] {dag.py:2420} INFO - Sync 1 DAGs
[2022-08-21 16:47:17,104] {logging_mixin.py:115} INFO - [2022-08-21 16:47:17,104] {dag.py:2968} INFO - Setting next_dagrun for example_complex to None, run_after=None
[2022-08-21 16:47:17,116] {processor.py:161} INFO - Processing /Users/abhaymone/src/dev/sand/MANAGE-GMAIL/venv/lib/python3.9/site-packages/airflow/example_dags/example_complex.py took 0.118 seconds
[2022-08-21 16:48:25,080] {processor.py:153} INFO - Started process (PID=4593) to work on /Users/abhaymone/src/dev/sand/MANAGE-GMAIL/venv/lib/python3.9/site-packages/airflow/example_dags/example_complex.py
[2022-08-21 16:48:25,085] {processor.py:641} INFO - Processing file /Users/abhaymone/src/dev/sand/MANAGE-GMAIL/venv/lib/python3.9/site-packages/airflow/example_dags/example_complex.py for tasks to queue
[2022-08-21 16:48:25,086] {logging_mixin.py:115} INFO - [2022-08-21 16:48:25,086] {dagbag.py:508} INFO - Filling up the DagBag from /Users/abhaymone/src/dev/sand/MANAGE-GMAIL/venv/lib/python3.9/site-packages/airflow/example_dags/example_complex.py
[2022-08-21 16:48:25,102] {processor.py:651} INFO - DAG(s) dict_keys(['example_complex']) retrieved from /Users/abhaymone/src/dev/sand/MANAGE-GMAIL/venv/lib/python3.9/site-packages/airflow/example_dags/example_complex.py
[2022-08-21 16:48:25,153] {logging_mixin.py:115} INFO - [2022-08-21 16:48:25,152] {dag.py:2420} INFO - Sync 1 DAGs
[2022-08-21 16:48:25,162] {logging_mixin.py:115} INFO - [2022-08-21 16:48:25,162] {dag.py:2968} INFO - Setting next_dagrun for example_complex to None, run_after=None
[2022-08-21 16:48:25,174] {processor.py:161} INFO - Processing /Users/abhaymone/src/dev/sand/MANAGE-GMAIL/venv/lib/python3.9/site-packages/airflow/example_dags/example_complex.py took 0.095 seconds
[2022-08-21 16:49:28,763] {processor.py:153} INFO - Started process (PID=4637) to work on /Users/abhaymone/src/dev/sand/MANAGE-GMAIL/venv/lib/python3.9/site-packages/airflow/example_dags/example_complex.py
[2022-08-21 16:49:28,763] {processor.py:641} INFO - Processing file /Users/abhaymone/src/dev/sand/MANAGE-GMAIL/venv/lib/python3.9/site-packages/airflow/example_dags/example_complex.py for tasks to queue
[2022-08-21 16:49:28,764] {logging_mixin.py:115} INFO - [2022-08-21 16:49:28,764] {dagbag.py:508} INFO - Filling up the DagBag from /Users/abhaymone/src/dev/sand/MANAGE-GMAIL/venv/lib/python3.9/site-packages/airflow/example_dags/example_complex.py
[2022-08-21 16:49:28,780] {processor.py:651} INFO - DAG(s) dict_keys(['example_complex']) retrieved from /Users/abhaymone/src/dev/sand/MANAGE-GMAIL/venv/lib/python3.9/site-packages/airflow/example_dags/example_complex.py
[2022-08-21 16:49:28,834] {logging_mixin.py:115} INFO - [2022-08-21 16:49:28,834] {dag.py:2420} INFO - Sync 1 DAGs
[2022-08-21 16:49:28,846] {logging_mixin.py:115} INFO - [2022-08-21 16:49:28,846] {dag.py:2968} INFO - Setting next_dagrun for example_complex to None, run_after=None
[2022-08-21 16:49:28,857] {processor.py:161} INFO - Processing /Users/abhaymone/src/dev/sand/MANAGE-GMAIL/venv/lib/python3.9/site-packages/airflow/example_dags/example_complex.py took 0.095 seconds
[2022-08-21 16:50:31,070] {processor.py:153} INFO - Started process (PID=4673) to work on /Users/abhaymone/src/dev/sand/MANAGE-GMAIL/venv/lib/python3.9/site-packages/airflow/example_dags/example_complex.py
[2022-08-21 16:50:31,071] {processor.py:641} INFO - Processing file /Users/abhaymone/src/dev/sand/MANAGE-GMAIL/venv/lib/python3.9/site-packages/airflow/example_dags/example_complex.py for tasks to queue
[2022-08-21 16:50:31,072] {logging_mixin.py:115} INFO - [2022-08-21 16:50:31,072] {dagbag.py:508} INFO - Filling up the DagBag from /Users/abhaymone/src/dev/sand/MANAGE-GMAIL/venv/lib/python3.9/site-packages/airflow/example_dags/example_complex.py
[2022-08-21 16:50:31,092] {processor.py:651} INFO - DAG(s) dict_keys(['example_complex']) retrieved from /Users/abhaymone/src/dev/sand/MANAGE-GMAIL/venv/lib/python3.9/site-packages/airflow/example_dags/example_complex.py
[2022-08-21 16:50:31,144] {logging_mixin.py:115} INFO - [2022-08-21 16:50:31,144] {dag.py:2420} INFO - Sync 1 DAGs
[2022-08-21 16:50:31,154] {logging_mixin.py:115} INFO - [2022-08-21 16:50:31,154] {dag.py:2968} INFO - Setting next_dagrun for example_complex to None, run_after=None
[2022-08-21 16:50:31,165] {processor.py:161} INFO - Processing /Users/abhaymone/src/dev/sand/MANAGE-GMAIL/venv/lib/python3.9/site-packages/airflow/example_dags/example_complex.py took 0.095 seconds
[2022-08-21 16:51:29,532] {processor.py:153} INFO - Started process (PID=4773) to work on /Users/abhaymone/src/dev/sand/MANAGE-GMAIL/venv/lib/python3.9/site-packages/airflow/example_dags/example_complex.py
[2022-08-21 16:51:29,538] {processor.py:641} INFO - Processing file /Users/abhaymone/src/dev/sand/MANAGE-GMAIL/venv/lib/python3.9/site-packages/airflow/example_dags/example_complex.py for tasks to queue
[2022-08-21 16:51:29,538] {logging_mixin.py:115} INFO - [2022-08-21 16:51:29,538] {dagbag.py:508} INFO - Filling up the DagBag from /Users/abhaymone/src/dev/sand/MANAGE-GMAIL/venv/lib/python3.9/site-packages/airflow/example_dags/example_complex.py
[2022-08-21 16:51:29,556] {processor.py:651} INFO - DAG(s) dict_keys(['example_complex']) retrieved from /Users/abhaymone/src/dev/sand/MANAGE-GMAIL/venv/lib/python3.9/site-packages/airflow/example_dags/example_complex.py
[2022-08-21 16:51:29,609] {logging_mixin.py:115} INFO - [2022-08-21 16:51:29,609] {dag.py:2420} INFO - Sync 1 DAGs
[2022-08-21 16:51:29,619] {logging_mixin.py:115} INFO - [2022-08-21 16:51:29,619] {dag.py:2968} INFO - Setting next_dagrun for example_complex to None, run_after=None
[2022-08-21 16:51:29,646] {processor.py:161} INFO - Processing /Users/abhaymone/src/dev/sand/MANAGE-GMAIL/venv/lib/python3.9/site-packages/airflow/example_dags/example_complex.py took 0.115 seconds
[2022-08-21 16:52:26,496] {processor.py:153} INFO - Started process (PID=4997) to work on /Users/abhaymone/src/dev/sand/MANAGE-GMAIL/venv/lib/python3.9/site-packages/airflow/example_dags/example_complex.py
[2022-08-21 16:52:26,496] {processor.py:641} INFO - Processing file /Users/abhaymone/src/dev/sand/MANAGE-GMAIL/venv/lib/python3.9/site-packages/airflow/example_dags/example_complex.py for tasks to queue
[2022-08-21 16:52:26,497] {logging_mixin.py:115} INFO - [2022-08-21 16:52:26,497] {dagbag.py:508} INFO - Filling up the DagBag from /Users/abhaymone/src/dev/sand/MANAGE-GMAIL/venv/lib/python3.9/site-packages/airflow/example_dags/example_complex.py
[2022-08-21 16:52:26,510] {processor.py:651} INFO - DAG(s) dict_keys(['example_complex']) retrieved from /Users/abhaymone/src/dev/sand/MANAGE-GMAIL/venv/lib/python3.9/site-packages/airflow/example_dags/example_complex.py
[2022-08-21 16:52:26,561] {logging_mixin.py:115} INFO - [2022-08-21 16:52:26,561] {dag.py:2420} INFO - Sync 1 DAGs
[2022-08-21 16:52:26,572] {logging_mixin.py:115} INFO - [2022-08-21 16:52:26,572] {dag.py:2968} INFO - Setting next_dagrun for example_complex to None, run_after=None
[2022-08-21 16:52:26,587] {processor.py:161} INFO - Processing /Users/abhaymone/src/dev/sand/MANAGE-GMAIL/venv/lib/python3.9/site-packages/airflow/example_dags/example_complex.py took 0.091 seconds
[2022-08-21 16:53:28,122] {processor.py:153} INFO - Started process (PID=5130) to work on /Users/abhaymone/src/dev/sand/MANAGE-GMAIL/venv/lib/python3.9/site-packages/airflow/example_dags/example_complex.py
[2022-08-21 16:53:28,123] {processor.py:641} INFO - Processing file /Users/abhaymone/src/dev/sand/MANAGE-GMAIL/venv/lib/python3.9/site-packages/airflow/example_dags/example_complex.py for tasks to queue
[2022-08-21 16:53:28,123] {logging_mixin.py:115} INFO - [2022-08-21 16:53:28,123] {dagbag.py:508} INFO - Filling up the DagBag from /Users/abhaymone/src/dev/sand/MANAGE-GMAIL/venv/lib/python3.9/site-packages/airflow/example_dags/example_complex.py
[2022-08-21 16:53:28,150] {processor.py:651} INFO - DAG(s) dict_keys(['example_complex']) retrieved from /Users/abhaymone/src/dev/sand/MANAGE-GMAIL/venv/lib/python3.9/site-packages/airflow/example_dags/example_complex.py
[2022-08-21 16:53:28,229] {logging_mixin.py:115} INFO - [2022-08-21 16:53:28,228] {dag.py:2420} INFO - Sync 1 DAGs
[2022-08-21 16:53:28,253] {logging_mixin.py:115} INFO - [2022-08-21 16:53:28,253] {dag.py:2968} INFO - Setting next_dagrun for example_complex to None, run_after=None
[2022-08-21 16:53:28,266] {processor.py:161} INFO - Processing /Users/abhaymone/src/dev/sand/MANAGE-GMAIL/venv/lib/python3.9/site-packages/airflow/example_dags/example_complex.py took 0.144 seconds
[2022-08-21 16:54:29,795] {processor.py:153} INFO - Started process (PID=5183) to work on /Users/abhaymone/src/dev/sand/MANAGE-GMAIL/venv/lib/python3.9/site-packages/airflow/example_dags/example_complex.py
[2022-08-21 16:54:29,795] {processor.py:641} INFO - Processing file /Users/abhaymone/src/dev/sand/MANAGE-GMAIL/venv/lib/python3.9/site-packages/airflow/example_dags/example_complex.py for tasks to queue
[2022-08-21 16:54:29,796] {logging_mixin.py:115} INFO - [2022-08-21 16:54:29,795] {dagbag.py:508} INFO - Filling up the DagBag from /Users/abhaymone/src/dev/sand/MANAGE-GMAIL/venv/lib/python3.9/site-packages/airflow/example_dags/example_complex.py
[2022-08-21 16:54:29,810] {processor.py:651} INFO - DAG(s) dict_keys(['example_complex']) retrieved from /Users/abhaymone/src/dev/sand/MANAGE-GMAIL/venv/lib/python3.9/site-packages/airflow/example_dags/example_complex.py
[2022-08-21 16:54:29,865] {logging_mixin.py:115} INFO - [2022-08-21 16:54:29,865] {dag.py:2420} INFO - Sync 1 DAGs
[2022-08-21 16:54:29,875] {logging_mixin.py:115} INFO - [2022-08-21 16:54:29,875] {dag.py:2968} INFO - Setting next_dagrun for example_complex to None, run_after=None
[2022-08-21 16:54:29,891] {processor.py:161} INFO - Processing /Users/abhaymone/src/dev/sand/MANAGE-GMAIL/venv/lib/python3.9/site-packages/airflow/example_dags/example_complex.py took 0.097 seconds
[2022-08-21 16:55:35,401] {processor.py:153} INFO - Started process (PID=5253) to work on /Users/abhaymone/src/dev/sand/MANAGE-GMAIL/venv/lib/python3.9/site-packages/airflow/example_dags/example_complex.py
[2022-08-21 16:55:35,403] {processor.py:641} INFO - Processing file /Users/abhaymone/src/dev/sand/MANAGE-GMAIL/venv/lib/python3.9/site-packages/airflow/example_dags/example_complex.py for tasks to queue
[2022-08-21 16:55:35,404] {logging_mixin.py:115} INFO - [2022-08-21 16:55:35,404] {dagbag.py:508} INFO - Filling up the DagBag from /Users/abhaymone/src/dev/sand/MANAGE-GMAIL/venv/lib/python3.9/site-packages/airflow/example_dags/example_complex.py
[2022-08-21 16:55:35,420] {processor.py:651} INFO - DAG(s) dict_keys(['example_complex']) retrieved from /Users/abhaymone/src/dev/sand/MANAGE-GMAIL/venv/lib/python3.9/site-packages/airflow/example_dags/example_complex.py
[2022-08-21 16:55:35,475] {logging_mixin.py:115} INFO - [2022-08-21 16:55:35,475] {dag.py:2420} INFO - Sync 1 DAGs
[2022-08-21 16:55:35,486] {logging_mixin.py:115} INFO - [2022-08-21 16:55:35,485] {dag.py:2968} INFO - Setting next_dagrun for example_complex to None, run_after=None
[2022-08-21 16:55:35,498] {processor.py:161} INFO - Processing /Users/abhaymone/src/dev/sand/MANAGE-GMAIL/venv/lib/python3.9/site-packages/airflow/example_dags/example_complex.py took 0.097 seconds
