[2022-08-21 16:15:13,706] {processor.py:153} INFO - Started process (PID=3397) to work on /Users/abhaymone/src/dev/sand/MANAGE-GMAIL/venv/lib/python3.9/site-packages/airflow/example_dags/example_branch_labels.py
[2022-08-21 16:15:13,707] {processor.py:641} INFO - Processing file /Users/abhaymone/src/dev/sand/MANAGE-GMAIL/venv/lib/python3.9/site-packages/airflow/example_dags/example_branch_labels.py for tasks to queue
[2022-08-21 16:15:13,707] {logging_mixin.py:115} INFO - [2022-08-21 16:15:13,707] {dagbag.py:508} INFO - Filling up the DagBag from /Users/abhaymone/src/dev/sand/MANAGE-GMAIL/venv/lib/python3.9/site-packages/airflow/example_dags/example_branch_labels.py
[2022-08-21 16:15:13,728] {processor.py:651} INFO - DAG(s) dict_keys(['example_branch_labels']) retrieved from /Users/abhaymone/src/dev/sand/MANAGE-GMAIL/venv/lib/python3.9/site-packages/airflow/example_dags/example_branch_labels.py
[2022-08-21 16:15:14,371] {logging_mixin.py:115} INFO - [2022-08-21 16:15:14,370] {manager.py:508} INFO - Created Permission View: can read on DAG:example_branch_labels
[2022-08-21 16:15:14,377] {logging_mixin.py:115} INFO - [2022-08-21 16:15:14,377] {manager.py:508} INFO - Created Permission View: can delete on DAG:example_branch_labels
[2022-08-21 16:15:14,422] {logging_mixin.py:115} INFO - [2022-08-21 16:15:14,422] {manager.py:508} INFO - Created Permission View: can edit on DAG:example_branch_labels
[2022-08-21 16:15:14,422] {logging_mixin.py:115} INFO - [2022-08-21 16:15:14,422] {dag.py:2420} INFO - Sync 1 DAGs
[2022-08-21 16:15:14,429] {logging_mixin.py:115} INFO - [2022-08-21 16:15:14,429] {dag.py:2439} INFO - Creating ORM DAG for example_branch_labels
[2022-08-21 16:15:14,436] {logging_mixin.py:115} INFO - [2022-08-21 16:15:14,436] {dag.py:2968} INFO - Setting next_dagrun for example_branch_labels to 2022-08-20T00:00:00+00:00, run_after=2022-08-21T00:00:00+00:00
[2022-08-21 16:15:14,445] {processor.py:161} INFO - Processing /Users/abhaymone/src/dev/sand/MANAGE-GMAIL/venv/lib/python3.9/site-packages/airflow/example_dags/example_branch_labels.py took 0.739 seconds
[2022-08-21 16:16:20,362] {processor.py:153} INFO - Started process (PID=3444) to work on /Users/abhaymone/src/dev/sand/MANAGE-GMAIL/venv/lib/python3.9/site-packages/airflow/example_dags/example_branch_labels.py
[2022-08-21 16:16:20,368] {processor.py:641} INFO - Processing file /Users/abhaymone/src/dev/sand/MANAGE-GMAIL/venv/lib/python3.9/site-packages/airflow/example_dags/example_branch_labels.py for tasks to queue
[2022-08-21 16:16:20,368] {logging_mixin.py:115} INFO - [2022-08-21 16:16:20,368] {dagbag.py:508} INFO - Filling up the DagBag from /Users/abhaymone/src/dev/sand/MANAGE-GMAIL/venv/lib/python3.9/site-packages/airflow/example_dags/example_branch_labels.py
[2022-08-21 16:16:20,383] {processor.py:651} INFO - DAG(s) dict_keys(['example_branch_labels']) retrieved from /Users/abhaymone/src/dev/sand/MANAGE-GMAIL/venv/lib/python3.9/site-packages/airflow/example_dags/example_branch_labels.py
[2022-08-21 16:16:20,431] {logging_mixin.py:115} INFO - [2022-08-21 16:16:20,430] {dag.py:2420} INFO - Sync 1 DAGs
[2022-08-21 16:16:20,442] {logging_mixin.py:115} INFO - [2022-08-21 16:16:20,442] {dag.py:2968} INFO - Setting next_dagrun for example_branch_labels to 2022-08-20T00:00:00+00:00, run_after=2022-08-21T00:00:00+00:00
[2022-08-21 16:16:20,454] {processor.py:161} INFO - Processing /Users/abhaymone/src/dev/sand/MANAGE-GMAIL/venv/lib/python3.9/site-packages/airflow/example_dags/example_branch_labels.py took 0.092 seconds
[2022-08-21 16:17:19,043] {processor.py:153} INFO - Started process (PID=3480) to work on /Users/abhaymone/src/dev/sand/MANAGE-GMAIL/venv/lib/python3.9/site-packages/airflow/example_dags/example_branch_labels.py
[2022-08-21 16:17:19,043] {processor.py:641} INFO - Processing file /Users/abhaymone/src/dev/sand/MANAGE-GMAIL/venv/lib/python3.9/site-packages/airflow/example_dags/example_branch_labels.py for tasks to queue
[2022-08-21 16:17:19,044] {logging_mixin.py:115} INFO - [2022-08-21 16:17:19,043] {dagbag.py:508} INFO - Filling up the DagBag from /Users/abhaymone/src/dev/sand/MANAGE-GMAIL/venv/lib/python3.9/site-packages/airflow/example_dags/example_branch_labels.py
[2022-08-21 16:17:19,064] {processor.py:651} INFO - DAG(s) dict_keys(['example_branch_labels']) retrieved from /Users/abhaymone/src/dev/sand/MANAGE-GMAIL/venv/lib/python3.9/site-packages/airflow/example_dags/example_branch_labels.py
[2022-08-21 16:17:19,112] {logging_mixin.py:115} INFO - [2022-08-21 16:17:19,111] {dag.py:2420} INFO - Sync 1 DAGs
[2022-08-21 16:17:19,123] {logging_mixin.py:115} INFO - [2022-08-21 16:17:19,123] {dag.py:2968} INFO - Setting next_dagrun for example_branch_labels to 2022-08-20T00:00:00+00:00, run_after=2022-08-21T00:00:00+00:00
[2022-08-21 16:17:19,135] {processor.py:161} INFO - Processing /Users/abhaymone/src/dev/sand/MANAGE-GMAIL/venv/lib/python3.9/site-packages/airflow/example_dags/example_branch_labels.py took 0.092 seconds
[2022-08-21 16:28:51,395] {processor.py:153} INFO - Started process (PID=3566) to work on /Users/abhaymone/src/dev/sand/MANAGE-GMAIL/venv/lib/python3.9/site-packages/airflow/example_dags/example_branch_labels.py
[2022-08-21 16:28:51,397] {processor.py:641} INFO - Processing file /Users/abhaymone/src/dev/sand/MANAGE-GMAIL/venv/lib/python3.9/site-packages/airflow/example_dags/example_branch_labels.py for tasks to queue
[2022-08-21 16:28:51,398] {logging_mixin.py:115} INFO - [2022-08-21 16:28:51,398] {dagbag.py:508} INFO - Filling up the DagBag from /Users/abhaymone/src/dev/sand/MANAGE-GMAIL/venv/lib/python3.9/site-packages/airflow/example_dags/example_branch_labels.py
[2022-08-21 16:28:51,411] {processor.py:651} INFO - DAG(s) dict_keys(['example_branch_labels']) retrieved from /Users/abhaymone/src/dev/sand/MANAGE-GMAIL/venv/lib/python3.9/site-packages/airflow/example_dags/example_branch_labels.py
[2022-08-21 16:28:51,460] {logging_mixin.py:115} INFO - [2022-08-21 16:28:51,459] {dag.py:2420} INFO - Sync 1 DAGs
[2022-08-21 16:28:51,472] {logging_mixin.py:115} INFO - [2022-08-21 16:28:51,472] {dag.py:2968} INFO - Setting next_dagrun for example_branch_labels to 2022-08-20T00:00:00+00:00, run_after=2022-08-21T00:00:00+00:00
[2022-08-21 16:28:51,482] {processor.py:161} INFO - Processing /Users/abhaymone/src/dev/sand/MANAGE-GMAIL/venv/lib/python3.9/site-packages/airflow/example_dags/example_branch_labels.py took 0.088 seconds
[2022-08-21 16:29:47,577] {processor.py:153} INFO - Started process (PID=3604) to work on /Users/abhaymone/src/dev/sand/MANAGE-GMAIL/venv/lib/python3.9/site-packages/airflow/example_dags/example_branch_labels.py
[2022-08-21 16:29:47,577] {processor.py:641} INFO - Processing file /Users/abhaymone/src/dev/sand/MANAGE-GMAIL/venv/lib/python3.9/site-packages/airflow/example_dags/example_branch_labels.py for tasks to queue
[2022-08-21 16:29:47,578] {logging_mixin.py:115} INFO - [2022-08-21 16:29:47,578] {dagbag.py:508} INFO - Filling up the DagBag from /Users/abhaymone/src/dev/sand/MANAGE-GMAIL/venv/lib/python3.9/site-packages/airflow/example_dags/example_branch_labels.py
[2022-08-21 16:29:47,589] {processor.py:651} INFO - DAG(s) dict_keys(['example_branch_labels']) retrieved from /Users/abhaymone/src/dev/sand/MANAGE-GMAIL/venv/lib/python3.9/site-packages/airflow/example_dags/example_branch_labels.py
[2022-08-21 16:29:47,637] {logging_mixin.py:115} INFO - [2022-08-21 16:29:47,636] {dag.py:2420} INFO - Sync 1 DAGs
[2022-08-21 16:29:47,649] {logging_mixin.py:115} INFO - [2022-08-21 16:29:47,649] {dag.py:2968} INFO - Setting next_dagrun for example_branch_labels to 2022-08-20T00:00:00+00:00, run_after=2022-08-21T00:00:00+00:00
[2022-08-21 16:29:47,665] {processor.py:161} INFO - Processing /Users/abhaymone/src/dev/sand/MANAGE-GMAIL/venv/lib/python3.9/site-packages/airflow/example_dags/example_branch_labels.py took 0.088 seconds
[2022-08-21 16:31:18,219] {processor.py:153} INFO - Started process (PID=3655) to work on /Users/abhaymone/src/dev/sand/MANAGE-GMAIL/venv/lib/python3.9/site-packages/airflow/example_dags/example_branch_labels.py
[2022-08-21 16:31:18,225] {processor.py:641} INFO - Processing file /Users/abhaymone/src/dev/sand/MANAGE-GMAIL/venv/lib/python3.9/site-packages/airflow/example_dags/example_branch_labels.py for tasks to queue
[2022-08-21 16:31:18,226] {logging_mixin.py:115} INFO - [2022-08-21 16:31:18,226] {dagbag.py:508} INFO - Filling up the DagBag from /Users/abhaymone/src/dev/sand/MANAGE-GMAIL/venv/lib/python3.9/site-packages/airflow/example_dags/example_branch_labels.py
[2022-08-21 16:31:18,241] {processor.py:651} INFO - DAG(s) dict_keys(['example_branch_labels']) retrieved from /Users/abhaymone/src/dev/sand/MANAGE-GMAIL/venv/lib/python3.9/site-packages/airflow/example_dags/example_branch_labels.py
[2022-08-21 16:31:18,290] {logging_mixin.py:115} INFO - [2022-08-21 16:31:18,289] {dag.py:2420} INFO - Sync 1 DAGs
[2022-08-21 16:31:18,301] {logging_mixin.py:115} INFO - [2022-08-21 16:31:18,301] {dag.py:2968} INFO - Setting next_dagrun for example_branch_labels to 2022-08-20T00:00:00+00:00, run_after=2022-08-21T00:00:00+00:00
[2022-08-21 16:31:18,311] {processor.py:161} INFO - Processing /Users/abhaymone/src/dev/sand/MANAGE-GMAIL/venv/lib/python3.9/site-packages/airflow/example_dags/example_branch_labels.py took 0.093 seconds
[2022-08-21 16:32:22,672] {processor.py:153} INFO - Started process (PID=3701) to work on /Users/abhaymone/src/dev/sand/MANAGE-GMAIL/venv/lib/python3.9/site-packages/airflow/example_dags/example_branch_labels.py
[2022-08-21 16:32:22,678] {processor.py:641} INFO - Processing file /Users/abhaymone/src/dev/sand/MANAGE-GMAIL/venv/lib/python3.9/site-packages/airflow/example_dags/example_branch_labels.py for tasks to queue
[2022-08-21 16:32:22,678] {logging_mixin.py:115} INFO - [2022-08-21 16:32:22,678] {dagbag.py:508} INFO - Filling up the DagBag from /Users/abhaymone/src/dev/sand/MANAGE-GMAIL/venv/lib/python3.9/site-packages/airflow/example_dags/example_branch_labels.py
[2022-08-21 16:32:22,694] {processor.py:651} INFO - DAG(s) dict_keys(['example_branch_labels']) retrieved from /Users/abhaymone/src/dev/sand/MANAGE-GMAIL/venv/lib/python3.9/site-packages/airflow/example_dags/example_branch_labels.py
[2022-08-21 16:32:22,741] {logging_mixin.py:115} INFO - [2022-08-21 16:32:22,740] {dag.py:2420} INFO - Sync 1 DAGs
[2022-08-21 16:32:22,753] {logging_mixin.py:115} INFO - [2022-08-21 16:32:22,753] {dag.py:2968} INFO - Setting next_dagrun for example_branch_labels to 2022-08-20T00:00:00+00:00, run_after=2022-08-21T00:00:00+00:00
[2022-08-21 16:32:22,763] {processor.py:161} INFO - Processing /Users/abhaymone/src/dev/sand/MANAGE-GMAIL/venv/lib/python3.9/site-packages/airflow/example_dags/example_branch_labels.py took 0.091 seconds
[2022-08-21 16:33:21,790] {processor.py:153} INFO - Started process (PID=3736) to work on /Users/abhaymone/src/dev/sand/MANAGE-GMAIL/venv/lib/python3.9/site-packages/airflow/example_dags/example_branch_labels.py
[2022-08-21 16:33:21,796] {processor.py:641} INFO - Processing file /Users/abhaymone/src/dev/sand/MANAGE-GMAIL/venv/lib/python3.9/site-packages/airflow/example_dags/example_branch_labels.py for tasks to queue
[2022-08-21 16:33:21,797] {logging_mixin.py:115} INFO - [2022-08-21 16:33:21,797] {dagbag.py:508} INFO - Filling up the DagBag from /Users/abhaymone/src/dev/sand/MANAGE-GMAIL/venv/lib/python3.9/site-packages/airflow/example_dags/example_branch_labels.py
[2022-08-21 16:33:21,813] {processor.py:651} INFO - DAG(s) dict_keys(['example_branch_labels']) retrieved from /Users/abhaymone/src/dev/sand/MANAGE-GMAIL/venv/lib/python3.9/site-packages/airflow/example_dags/example_branch_labels.py
[2022-08-21 16:33:21,874] {logging_mixin.py:115} INFO - [2022-08-21 16:33:21,872] {dag.py:2420} INFO - Sync 1 DAGs
[2022-08-21 16:33:21,889] {logging_mixin.py:115} INFO - [2022-08-21 16:33:21,889] {dag.py:2968} INFO - Setting next_dagrun for example_branch_labels to 2022-08-20T00:00:00+00:00, run_after=2022-08-21T00:00:00+00:00
[2022-08-21 16:33:21,901] {processor.py:161} INFO - Processing /Users/abhaymone/src/dev/sand/MANAGE-GMAIL/venv/lib/python3.9/site-packages/airflow/example_dags/example_branch_labels.py took 0.111 seconds
[2022-08-21 16:34:22,729] {processor.py:153} INFO - Started process (PID=3774) to work on /Users/abhaymone/src/dev/sand/MANAGE-GMAIL/venv/lib/python3.9/site-packages/airflow/example_dags/example_branch_labels.py
[2022-08-21 16:34:22,735] {processor.py:641} INFO - Processing file /Users/abhaymone/src/dev/sand/MANAGE-GMAIL/venv/lib/python3.9/site-packages/airflow/example_dags/example_branch_labels.py for tasks to queue
[2022-08-21 16:34:22,735] {logging_mixin.py:115} INFO - [2022-08-21 16:34:22,735] {dagbag.py:508} INFO - Filling up the DagBag from /Users/abhaymone/src/dev/sand/MANAGE-GMAIL/venv/lib/python3.9/site-packages/airflow/example_dags/example_branch_labels.py
[2022-08-21 16:34:22,752] {processor.py:651} INFO - DAG(s) dict_keys(['example_branch_labels']) retrieved from /Users/abhaymone/src/dev/sand/MANAGE-GMAIL/venv/lib/python3.9/site-packages/airflow/example_dags/example_branch_labels.py
[2022-08-21 16:34:22,807] {logging_mixin.py:115} INFO - [2022-08-21 16:34:22,806] {dag.py:2420} INFO - Sync 1 DAGs
[2022-08-21 16:34:22,823] {logging_mixin.py:115} INFO - [2022-08-21 16:34:22,822] {dag.py:2968} INFO - Setting next_dagrun for example_branch_labels to 2022-08-20T00:00:00+00:00, run_after=2022-08-21T00:00:00+00:00
[2022-08-21 16:34:22,834] {processor.py:161} INFO - Processing /Users/abhaymone/src/dev/sand/MANAGE-GMAIL/venv/lib/python3.9/site-packages/airflow/example_dags/example_branch_labels.py took 0.105 seconds
[2022-08-21 16:35:21,675] {processor.py:153} INFO - Started process (PID=3809) to work on /Users/abhaymone/src/dev/sand/MANAGE-GMAIL/venv/lib/python3.9/site-packages/airflow/example_dags/example_branch_labels.py
[2022-08-21 16:35:21,682] {processor.py:641} INFO - Processing file /Users/abhaymone/src/dev/sand/MANAGE-GMAIL/venv/lib/python3.9/site-packages/airflow/example_dags/example_branch_labels.py for tasks to queue
[2022-08-21 16:35:21,682] {logging_mixin.py:115} INFO - [2022-08-21 16:35:21,682] {dagbag.py:508} INFO - Filling up the DagBag from /Users/abhaymone/src/dev/sand/MANAGE-GMAIL/venv/lib/python3.9/site-packages/airflow/example_dags/example_branch_labels.py
[2022-08-21 16:35:21,698] {processor.py:651} INFO - DAG(s) dict_keys(['example_branch_labels']) retrieved from /Users/abhaymone/src/dev/sand/MANAGE-GMAIL/venv/lib/python3.9/site-packages/airflow/example_dags/example_branch_labels.py
[2022-08-21 16:35:21,751] {logging_mixin.py:115} INFO - [2022-08-21 16:35:21,750] {dag.py:2420} INFO - Sync 1 DAGs
[2022-08-21 16:35:21,763] {logging_mixin.py:115} INFO - [2022-08-21 16:35:21,763] {dag.py:2968} INFO - Setting next_dagrun for example_branch_labels to 2022-08-20T00:00:00+00:00, run_after=2022-08-21T00:00:00+00:00
[2022-08-21 16:35:21,773] {processor.py:161} INFO - Processing /Users/abhaymone/src/dev/sand/MANAGE-GMAIL/venv/lib/python3.9/site-packages/airflow/example_dags/example_branch_labels.py took 0.099 seconds
[2022-08-21 16:36:21,647] {processor.py:153} INFO - Started process (PID=3848) to work on /Users/abhaymone/src/dev/sand/MANAGE-GMAIL/venv/lib/python3.9/site-packages/airflow/example_dags/example_branch_labels.py
[2022-08-21 16:36:21,652] {processor.py:641} INFO - Processing file /Users/abhaymone/src/dev/sand/MANAGE-GMAIL/venv/lib/python3.9/site-packages/airflow/example_dags/example_branch_labels.py for tasks to queue
[2022-08-21 16:36:21,653] {logging_mixin.py:115} INFO - [2022-08-21 16:36:21,653] {dagbag.py:508} INFO - Filling up the DagBag from /Users/abhaymone/src/dev/sand/MANAGE-GMAIL/venv/lib/python3.9/site-packages/airflow/example_dags/example_branch_labels.py
[2022-08-21 16:36:21,664] {processor.py:651} INFO - DAG(s) dict_keys(['example_branch_labels']) retrieved from /Users/abhaymone/src/dev/sand/MANAGE-GMAIL/venv/lib/python3.9/site-packages/airflow/example_dags/example_branch_labels.py
[2022-08-21 16:36:21,713] {logging_mixin.py:115} INFO - [2022-08-21 16:36:21,712] {dag.py:2420} INFO - Sync 1 DAGs
[2022-08-21 16:36:21,725] {logging_mixin.py:115} INFO - [2022-08-21 16:36:21,725] {dag.py:2968} INFO - Setting next_dagrun for example_branch_labels to 2022-08-20T00:00:00+00:00, run_after=2022-08-21T00:00:00+00:00
[2022-08-21 16:36:21,735] {processor.py:161} INFO - Processing /Users/abhaymone/src/dev/sand/MANAGE-GMAIL/venv/lib/python3.9/site-packages/airflow/example_dags/example_branch_labels.py took 0.089 seconds
[2022-08-21 16:37:21,527] {processor.py:153} INFO - Started process (PID=3883) to work on /Users/abhaymone/src/dev/sand/MANAGE-GMAIL/venv/lib/python3.9/site-packages/airflow/example_dags/example_branch_labels.py
[2022-08-21 16:37:21,527] {processor.py:641} INFO - Processing file /Users/abhaymone/src/dev/sand/MANAGE-GMAIL/venv/lib/python3.9/site-packages/airflow/example_dags/example_branch_labels.py for tasks to queue
[2022-08-21 16:37:21,527] {logging_mixin.py:115} INFO - [2022-08-21 16:37:21,527] {dagbag.py:508} INFO - Filling up the DagBag from /Users/abhaymone/src/dev/sand/MANAGE-GMAIL/venv/lib/python3.9/site-packages/airflow/example_dags/example_branch_labels.py
[2022-08-21 16:37:21,538] {processor.py:651} INFO - DAG(s) dict_keys(['example_branch_labels']) retrieved from /Users/abhaymone/src/dev/sand/MANAGE-GMAIL/venv/lib/python3.9/site-packages/airflow/example_dags/example_branch_labels.py
[2022-08-21 16:37:21,585] {logging_mixin.py:115} INFO - [2022-08-21 16:37:21,584] {dag.py:2420} INFO - Sync 1 DAGs
[2022-08-21 16:37:21,597] {logging_mixin.py:115} INFO - [2022-08-21 16:37:21,597] {dag.py:2968} INFO - Setting next_dagrun for example_branch_labels to 2022-08-20T00:00:00+00:00, run_after=2022-08-21T00:00:00+00:00
[2022-08-21 16:37:21,613] {processor.py:161} INFO - Processing /Users/abhaymone/src/dev/sand/MANAGE-GMAIL/venv/lib/python3.9/site-packages/airflow/example_dags/example_branch_labels.py took 0.086 seconds
[2022-08-21 16:38:16,406] {processor.py:153} INFO - Started process (PID=3917) to work on /Users/abhaymone/src/dev/sand/MANAGE-GMAIL/venv/lib/python3.9/site-packages/airflow/example_dags/example_branch_labels.py
[2022-08-21 16:38:16,406] {processor.py:641} INFO - Processing file /Users/abhaymone/src/dev/sand/MANAGE-GMAIL/venv/lib/python3.9/site-packages/airflow/example_dags/example_branch_labels.py for tasks to queue
[2022-08-21 16:38:16,406] {logging_mixin.py:115} INFO - [2022-08-21 16:38:16,406] {dagbag.py:508} INFO - Filling up the DagBag from /Users/abhaymone/src/dev/sand/MANAGE-GMAIL/venv/lib/python3.9/site-packages/airflow/example_dags/example_branch_labels.py
[2022-08-21 16:38:16,416] {processor.py:651} INFO - DAG(s) dict_keys(['example_branch_labels']) retrieved from /Users/abhaymone/src/dev/sand/MANAGE-GMAIL/venv/lib/python3.9/site-packages/airflow/example_dags/example_branch_labels.py
[2022-08-21 16:38:16,463] {logging_mixin.py:115} INFO - [2022-08-21 16:38:16,462] {dag.py:2420} INFO - Sync 1 DAGs
[2022-08-21 16:38:16,475] {logging_mixin.py:115} INFO - [2022-08-21 16:38:16,475] {dag.py:2968} INFO - Setting next_dagrun for example_branch_labels to 2022-08-20T00:00:00+00:00, run_after=2022-08-21T00:00:00+00:00
[2022-08-21 16:38:16,490] {processor.py:161} INFO - Processing /Users/abhaymone/src/dev/sand/MANAGE-GMAIL/venv/lib/python3.9/site-packages/airflow/example_dags/example_branch_labels.py took 0.085 seconds
[2022-08-21 16:39:19,343] {processor.py:153} INFO - Started process (PID=3954) to work on /Users/abhaymone/src/dev/sand/MANAGE-GMAIL/venv/lib/python3.9/site-packages/airflow/example_dags/example_branch_labels.py
[2022-08-21 16:39:19,349] {processor.py:641} INFO - Processing file /Users/abhaymone/src/dev/sand/MANAGE-GMAIL/venv/lib/python3.9/site-packages/airflow/example_dags/example_branch_labels.py for tasks to queue
[2022-08-21 16:39:19,349] {logging_mixin.py:115} INFO - [2022-08-21 16:39:19,349] {dagbag.py:508} INFO - Filling up the DagBag from /Users/abhaymone/src/dev/sand/MANAGE-GMAIL/venv/lib/python3.9/site-packages/airflow/example_dags/example_branch_labels.py
[2022-08-21 16:39:19,364] {processor.py:651} INFO - DAG(s) dict_keys(['example_branch_labels']) retrieved from /Users/abhaymone/src/dev/sand/MANAGE-GMAIL/venv/lib/python3.9/site-packages/airflow/example_dags/example_branch_labels.py
[2022-08-21 16:39:19,416] {logging_mixin.py:115} INFO - [2022-08-21 16:39:19,414] {dag.py:2420} INFO - Sync 1 DAGs
[2022-08-21 16:39:19,428] {logging_mixin.py:115} INFO - [2022-08-21 16:39:19,428] {dag.py:2968} INFO - Setting next_dagrun for example_branch_labels to 2022-08-20T00:00:00+00:00, run_after=2022-08-21T00:00:00+00:00
[2022-08-21 16:39:19,439] {processor.py:161} INFO - Processing /Users/abhaymone/src/dev/sand/MANAGE-GMAIL/venv/lib/python3.9/site-packages/airflow/example_dags/example_branch_labels.py took 0.096 seconds
[2022-08-21 16:40:18,005] {processor.py:153} INFO - Started process (PID=3989) to work on /Users/abhaymone/src/dev/sand/MANAGE-GMAIL/venv/lib/python3.9/site-packages/airflow/example_dags/example_branch_labels.py
[2022-08-21 16:40:18,005] {processor.py:641} INFO - Processing file /Users/abhaymone/src/dev/sand/MANAGE-GMAIL/venv/lib/python3.9/site-packages/airflow/example_dags/example_branch_labels.py for tasks to queue
[2022-08-21 16:40:18,005] {logging_mixin.py:115} INFO - [2022-08-21 16:40:18,005] {dagbag.py:508} INFO - Filling up the DagBag from /Users/abhaymone/src/dev/sand/MANAGE-GMAIL/venv/lib/python3.9/site-packages/airflow/example_dags/example_branch_labels.py
[2022-08-21 16:40:18,016] {processor.py:651} INFO - DAG(s) dict_keys(['example_branch_labels']) retrieved from /Users/abhaymone/src/dev/sand/MANAGE-GMAIL/venv/lib/python3.9/site-packages/airflow/example_dags/example_branch_labels.py
[2022-08-21 16:40:18,068] {logging_mixin.py:115} INFO - [2022-08-21 16:40:18,067] {dag.py:2420} INFO - Sync 1 DAGs
[2022-08-21 16:40:18,081] {logging_mixin.py:115} INFO - [2022-08-21 16:40:18,081] {dag.py:2968} INFO - Setting next_dagrun for example_branch_labels to 2022-08-20T00:00:00+00:00, run_after=2022-08-21T00:00:00+00:00
[2022-08-21 16:40:18,096] {processor.py:161} INFO - Processing /Users/abhaymone/src/dev/sand/MANAGE-GMAIL/venv/lib/python3.9/site-packages/airflow/example_dags/example_branch_labels.py took 0.092 seconds
[2022-08-21 16:41:20,412] {processor.py:153} INFO - Started process (PID=4026) to work on /Users/abhaymone/src/dev/sand/MANAGE-GMAIL/venv/lib/python3.9/site-packages/airflow/example_dags/example_branch_labels.py
[2022-08-21 16:41:20,418] {processor.py:641} INFO - Processing file /Users/abhaymone/src/dev/sand/MANAGE-GMAIL/venv/lib/python3.9/site-packages/airflow/example_dags/example_branch_labels.py for tasks to queue
[2022-08-21 16:41:20,419] {logging_mixin.py:115} INFO - [2022-08-21 16:41:20,419] {dagbag.py:508} INFO - Filling up the DagBag from /Users/abhaymone/src/dev/sand/MANAGE-GMAIL/venv/lib/python3.9/site-packages/airflow/example_dags/example_branch_labels.py
[2022-08-21 16:41:20,434] {processor.py:651} INFO - DAG(s) dict_keys(['example_branch_labels']) retrieved from /Users/abhaymone/src/dev/sand/MANAGE-GMAIL/venv/lib/python3.9/site-packages/airflow/example_dags/example_branch_labels.py
[2022-08-21 16:41:20,486] {logging_mixin.py:115} INFO - [2022-08-21 16:41:20,485] {dag.py:2420} INFO - Sync 1 DAGs
[2022-08-21 16:41:20,498] {logging_mixin.py:115} INFO - [2022-08-21 16:41:20,498] {dag.py:2968} INFO - Setting next_dagrun for example_branch_labels to 2022-08-20T00:00:00+00:00, run_after=2022-08-21T00:00:00+00:00
[2022-08-21 16:41:20,508] {processor.py:161} INFO - Processing /Users/abhaymone/src/dev/sand/MANAGE-GMAIL/venv/lib/python3.9/site-packages/airflow/example_dags/example_branch_labels.py took 0.096 seconds
[2022-08-21 16:42:19,878] {processor.py:153} INFO - Started process (PID=4063) to work on /Users/abhaymone/src/dev/sand/MANAGE-GMAIL/venv/lib/python3.9/site-packages/airflow/example_dags/example_branch_labels.py
[2022-08-21 16:42:19,879] {processor.py:641} INFO - Processing file /Users/abhaymone/src/dev/sand/MANAGE-GMAIL/venv/lib/python3.9/site-packages/airflow/example_dags/example_branch_labels.py for tasks to queue
[2022-08-21 16:42:19,879] {logging_mixin.py:115} INFO - [2022-08-21 16:42:19,879] {dagbag.py:508} INFO - Filling up the DagBag from /Users/abhaymone/src/dev/sand/MANAGE-GMAIL/venv/lib/python3.9/site-packages/airflow/example_dags/example_branch_labels.py
[2022-08-21 16:42:19,891] {processor.py:651} INFO - DAG(s) dict_keys(['example_branch_labels']) retrieved from /Users/abhaymone/src/dev/sand/MANAGE-GMAIL/venv/lib/python3.9/site-packages/airflow/example_dags/example_branch_labels.py
[2022-08-21 16:42:19,943] {logging_mixin.py:115} INFO - [2022-08-21 16:42:19,942] {dag.py:2420} INFO - Sync 1 DAGs
[2022-08-21 16:42:19,957] {logging_mixin.py:115} INFO - [2022-08-21 16:42:19,957] {dag.py:2968} INFO - Setting next_dagrun for example_branch_labels to 2022-08-20T00:00:00+00:00, run_after=2022-08-21T00:00:00+00:00
[2022-08-21 16:42:19,971] {processor.py:161} INFO - Processing /Users/abhaymone/src/dev/sand/MANAGE-GMAIL/venv/lib/python3.9/site-packages/airflow/example_dags/example_branch_labels.py took 0.093 seconds
[2022-08-21 16:43:23,289] {processor.py:153} INFO - Started process (PID=4102) to work on /Users/abhaymone/src/dev/sand/MANAGE-GMAIL/venv/lib/python3.9/site-packages/airflow/example_dags/example_branch_labels.py
[2022-08-21 16:43:23,295] {processor.py:641} INFO - Processing file /Users/abhaymone/src/dev/sand/MANAGE-GMAIL/venv/lib/python3.9/site-packages/airflow/example_dags/example_branch_labels.py for tasks to queue
[2022-08-21 16:43:23,295] {logging_mixin.py:115} INFO - [2022-08-21 16:43:23,295] {dagbag.py:508} INFO - Filling up the DagBag from /Users/abhaymone/src/dev/sand/MANAGE-GMAIL/venv/lib/python3.9/site-packages/airflow/example_dags/example_branch_labels.py
[2022-08-21 16:43:23,313] {processor.py:651} INFO - DAG(s) dict_keys(['example_branch_labels']) retrieved from /Users/abhaymone/src/dev/sand/MANAGE-GMAIL/venv/lib/python3.9/site-packages/airflow/example_dags/example_branch_labels.py
[2022-08-21 16:43:23,366] {logging_mixin.py:115} INFO - [2022-08-21 16:43:23,365] {dag.py:2420} INFO - Sync 1 DAGs
[2022-08-21 16:43:23,379] {logging_mixin.py:115} INFO - [2022-08-21 16:43:23,379] {dag.py:2968} INFO - Setting next_dagrun for example_branch_labels to 2022-08-20T00:00:00+00:00, run_after=2022-08-21T00:00:00+00:00
[2022-08-21 16:43:23,392] {processor.py:161} INFO - Processing /Users/abhaymone/src/dev/sand/MANAGE-GMAIL/venv/lib/python3.9/site-packages/airflow/example_dags/example_branch_labels.py took 0.104 seconds
[2022-08-21 16:44:27,723] {processor.py:153} INFO - Started process (PID=4224) to work on /Users/abhaymone/src/dev/sand/MANAGE-GMAIL/venv/lib/python3.9/site-packages/airflow/example_dags/example_branch_labels.py
[2022-08-21 16:44:27,725] {processor.py:641} INFO - Processing file /Users/abhaymone/src/dev/sand/MANAGE-GMAIL/venv/lib/python3.9/site-packages/airflow/example_dags/example_branch_labels.py for tasks to queue
[2022-08-21 16:44:27,726] {logging_mixin.py:115} INFO - [2022-08-21 16:44:27,726] {dagbag.py:508} INFO - Filling up the DagBag from /Users/abhaymone/src/dev/sand/MANAGE-GMAIL/venv/lib/python3.9/site-packages/airflow/example_dags/example_branch_labels.py
[2022-08-21 16:44:27,737] {processor.py:651} INFO - DAG(s) dict_keys(['example_branch_labels']) retrieved from /Users/abhaymone/src/dev/sand/MANAGE-GMAIL/venv/lib/python3.9/site-packages/airflow/example_dags/example_branch_labels.py
[2022-08-21 16:44:27,786] {logging_mixin.py:115} INFO - [2022-08-21 16:44:27,785] {dag.py:2420} INFO - Sync 1 DAGs
[2022-08-21 16:44:27,798] {logging_mixin.py:115} INFO - [2022-08-21 16:44:27,798] {dag.py:2968} INFO - Setting next_dagrun for example_branch_labels to 2022-08-20T00:00:00+00:00, run_after=2022-08-21T00:00:00+00:00
[2022-08-21 16:44:27,808] {processor.py:161} INFO - Processing /Users/abhaymone/src/dev/sand/MANAGE-GMAIL/venv/lib/python3.9/site-packages/airflow/example_dags/example_branch_labels.py took 0.085 seconds
[2022-08-21 16:45:25,199] {processor.py:153} INFO - Started process (PID=4328) to work on /Users/abhaymone/src/dev/sand/MANAGE-GMAIL/venv/lib/python3.9/site-packages/airflow/example_dags/example_branch_labels.py
[2022-08-21 16:45:25,199] {processor.py:641} INFO - Processing file /Users/abhaymone/src/dev/sand/MANAGE-GMAIL/venv/lib/python3.9/site-packages/airflow/example_dags/example_branch_labels.py for tasks to queue
[2022-08-21 16:45:25,199] {logging_mixin.py:115} INFO - [2022-08-21 16:45:25,199] {dagbag.py:508} INFO - Filling up the DagBag from /Users/abhaymone/src/dev/sand/MANAGE-GMAIL/venv/lib/python3.9/site-packages/airflow/example_dags/example_branch_labels.py
[2022-08-21 16:45:25,210] {processor.py:651} INFO - DAG(s) dict_keys(['example_branch_labels']) retrieved from /Users/abhaymone/src/dev/sand/MANAGE-GMAIL/venv/lib/python3.9/site-packages/airflow/example_dags/example_branch_labels.py
[2022-08-21 16:45:25,259] {logging_mixin.py:115} INFO - [2022-08-21 16:45:25,258] {dag.py:2420} INFO - Sync 1 DAGs
[2022-08-21 16:45:25,278] {logging_mixin.py:115} INFO - [2022-08-21 16:45:25,278] {dag.py:2968} INFO - Setting next_dagrun for example_branch_labels to 2022-08-20T00:00:00+00:00, run_after=2022-08-21T00:00:00+00:00
[2022-08-21 16:45:25,287] {processor.py:161} INFO - Processing /Users/abhaymone/src/dev/sand/MANAGE-GMAIL/venv/lib/python3.9/site-packages/airflow/example_dags/example_branch_labels.py took 0.089 seconds
[2022-08-21 16:46:24,029] {processor.py:153} INFO - Started process (PID=4446) to work on /Users/abhaymone/src/dev/sand/MANAGE-GMAIL/venv/lib/python3.9/site-packages/airflow/example_dags/example_branch_labels.py
[2022-08-21 16:46:24,034] {processor.py:641} INFO - Processing file /Users/abhaymone/src/dev/sand/MANAGE-GMAIL/venv/lib/python3.9/site-packages/airflow/example_dags/example_branch_labels.py for tasks to queue
[2022-08-21 16:46:24,035] {logging_mixin.py:115} INFO - [2022-08-21 16:46:24,035] {dagbag.py:508} INFO - Filling up the DagBag from /Users/abhaymone/src/dev/sand/MANAGE-GMAIL/venv/lib/python3.9/site-packages/airflow/example_dags/example_branch_labels.py
[2022-08-21 16:46:24,047] {processor.py:651} INFO - DAG(s) dict_keys(['example_branch_labels']) retrieved from /Users/abhaymone/src/dev/sand/MANAGE-GMAIL/venv/lib/python3.9/site-packages/airflow/example_dags/example_branch_labels.py
[2022-08-21 16:46:24,096] {logging_mixin.py:115} INFO - [2022-08-21 16:46:24,095] {dag.py:2420} INFO - Sync 1 DAGs
[2022-08-21 16:46:24,107] {logging_mixin.py:115} INFO - [2022-08-21 16:46:24,107] {dag.py:2968} INFO - Setting next_dagrun for example_branch_labels to 2022-08-20T00:00:00+00:00, run_after=2022-08-21T00:00:00+00:00
[2022-08-21 16:46:24,118] {processor.py:161} INFO - Processing /Users/abhaymone/src/dev/sand/MANAGE-GMAIL/venv/lib/python3.9/site-packages/airflow/example_dags/example_branch_labels.py took 0.089 seconds
[2022-08-21 16:47:23,477] {processor.py:153} INFO - Started process (PID=4550) to work on /Users/abhaymone/src/dev/sand/MANAGE-GMAIL/venv/lib/python3.9/site-packages/airflow/example_dags/example_branch_labels.py
[2022-08-21 16:47:23,482] {processor.py:641} INFO - Processing file /Users/abhaymone/src/dev/sand/MANAGE-GMAIL/venv/lib/python3.9/site-packages/airflow/example_dags/example_branch_labels.py for tasks to queue
[2022-08-21 16:47:23,483] {logging_mixin.py:115} INFO - [2022-08-21 16:47:23,483] {dagbag.py:508} INFO - Filling up the DagBag from /Users/abhaymone/src/dev/sand/MANAGE-GMAIL/venv/lib/python3.9/site-packages/airflow/example_dags/example_branch_labels.py
[2022-08-21 16:47:23,498] {processor.py:651} INFO - DAG(s) dict_keys(['example_branch_labels']) retrieved from /Users/abhaymone/src/dev/sand/MANAGE-GMAIL/venv/lib/python3.9/site-packages/airflow/example_dags/example_branch_labels.py
[2022-08-21 16:47:23,559] {logging_mixin.py:115} INFO - [2022-08-21 16:47:23,558] {dag.py:2420} INFO - Sync 1 DAGs
[2022-08-21 16:47:23,573] {logging_mixin.py:115} INFO - [2022-08-21 16:47:23,573] {dag.py:2968} INFO - Setting next_dagrun for example_branch_labels to 2022-08-20T00:00:00+00:00, run_after=2022-08-21T00:00:00+00:00
[2022-08-21 16:47:23,584] {processor.py:161} INFO - Processing /Users/abhaymone/src/dev/sand/MANAGE-GMAIL/venv/lib/python3.9/site-packages/airflow/example_dags/example_branch_labels.py took 0.108 seconds
[2022-08-21 16:48:32,727] {processor.py:153} INFO - Started process (PID=4598) to work on /Users/abhaymone/src/dev/sand/MANAGE-GMAIL/venv/lib/python3.9/site-packages/airflow/example_dags/example_branch_labels.py
[2022-08-21 16:48:32,727] {processor.py:641} INFO - Processing file /Users/abhaymone/src/dev/sand/MANAGE-GMAIL/venv/lib/python3.9/site-packages/airflow/example_dags/example_branch_labels.py for tasks to queue
[2022-08-21 16:48:32,727] {logging_mixin.py:115} INFO - [2022-08-21 16:48:32,727] {dagbag.py:508} INFO - Filling up the DagBag from /Users/abhaymone/src/dev/sand/MANAGE-GMAIL/venv/lib/python3.9/site-packages/airflow/example_dags/example_branch_labels.py
[2022-08-21 16:48:32,743] {processor.py:651} INFO - DAG(s) dict_keys(['example_branch_labels']) retrieved from /Users/abhaymone/src/dev/sand/MANAGE-GMAIL/venv/lib/python3.9/site-packages/airflow/example_dags/example_branch_labels.py
[2022-08-21 16:48:32,828] {logging_mixin.py:115} INFO - [2022-08-21 16:48:32,827] {dag.py:2420} INFO - Sync 1 DAGs
[2022-08-21 16:48:32,843] {logging_mixin.py:115} INFO - [2022-08-21 16:48:32,843] {dag.py:2968} INFO - Setting next_dagrun for example_branch_labels to 2022-08-20T00:00:00+00:00, run_after=2022-08-21T00:00:00+00:00
[2022-08-21 16:48:32,854] {processor.py:161} INFO - Processing /Users/abhaymone/src/dev/sand/MANAGE-GMAIL/venv/lib/python3.9/site-packages/airflow/example_dags/example_branch_labels.py took 0.128 seconds
[2022-08-21 16:49:35,252] {processor.py:153} INFO - Started process (PID=4641) to work on /Users/abhaymone/src/dev/sand/MANAGE-GMAIL/venv/lib/python3.9/site-packages/airflow/example_dags/example_branch_labels.py
[2022-08-21 16:49:35,254] {processor.py:641} INFO - Processing file /Users/abhaymone/src/dev/sand/MANAGE-GMAIL/venv/lib/python3.9/site-packages/airflow/example_dags/example_branch_labels.py for tasks to queue
[2022-08-21 16:49:35,254] {logging_mixin.py:115} INFO - [2022-08-21 16:49:35,254] {dagbag.py:508} INFO - Filling up the DagBag from /Users/abhaymone/src/dev/sand/MANAGE-GMAIL/venv/lib/python3.9/site-packages/airflow/example_dags/example_branch_labels.py
[2022-08-21 16:49:35,265] {processor.py:651} INFO - DAG(s) dict_keys(['example_branch_labels']) retrieved from /Users/abhaymone/src/dev/sand/MANAGE-GMAIL/venv/lib/python3.9/site-packages/airflow/example_dags/example_branch_labels.py
[2022-08-21 16:49:35,313] {logging_mixin.py:115} INFO - [2022-08-21 16:49:35,312] {dag.py:2420} INFO - Sync 1 DAGs
[2022-08-21 16:49:35,325] {logging_mixin.py:115} INFO - [2022-08-21 16:49:35,325] {dag.py:2968} INFO - Setting next_dagrun for example_branch_labels to 2022-08-20T00:00:00+00:00, run_after=2022-08-21T00:00:00+00:00
[2022-08-21 16:49:35,333] {processor.py:161} INFO - Processing /Users/abhaymone/src/dev/sand/MANAGE-GMAIL/venv/lib/python3.9/site-packages/airflow/example_dags/example_branch_labels.py took 0.082 seconds
[2022-08-21 16:50:37,505] {processor.py:153} INFO - Started process (PID=4677) to work on /Users/abhaymone/src/dev/sand/MANAGE-GMAIL/venv/lib/python3.9/site-packages/airflow/example_dags/example_branch_labels.py
[2022-08-21 16:50:37,507] {processor.py:641} INFO - Processing file /Users/abhaymone/src/dev/sand/MANAGE-GMAIL/venv/lib/python3.9/site-packages/airflow/example_dags/example_branch_labels.py for tasks to queue
[2022-08-21 16:50:37,508] {logging_mixin.py:115} INFO - [2022-08-21 16:50:37,508] {dagbag.py:508} INFO - Filling up the DagBag from /Users/abhaymone/src/dev/sand/MANAGE-GMAIL/venv/lib/python3.9/site-packages/airflow/example_dags/example_branch_labels.py
[2022-08-21 16:50:37,522] {processor.py:651} INFO - DAG(s) dict_keys(['example_branch_labels']) retrieved from /Users/abhaymone/src/dev/sand/MANAGE-GMAIL/venv/lib/python3.9/site-packages/airflow/example_dags/example_branch_labels.py
[2022-08-21 16:50:37,576] {logging_mixin.py:115} INFO - [2022-08-21 16:50:37,574] {dag.py:2420} INFO - Sync 1 DAGs
[2022-08-21 16:50:37,589] {logging_mixin.py:115} INFO - [2022-08-21 16:50:37,589] {dag.py:2968} INFO - Setting next_dagrun for example_branch_labels to 2022-08-20T00:00:00+00:00, run_after=2022-08-21T00:00:00+00:00
[2022-08-21 16:50:37,600] {processor.py:161} INFO - Processing /Users/abhaymone/src/dev/sand/MANAGE-GMAIL/venv/lib/python3.9/site-packages/airflow/example_dags/example_branch_labels.py took 0.096 seconds
[2022-08-21 16:51:35,442] {processor.py:153} INFO - Started process (PID=4789) to work on /Users/abhaymone/src/dev/sand/MANAGE-GMAIL/venv/lib/python3.9/site-packages/airflow/example_dags/example_branch_labels.py
[2022-08-21 16:51:35,448] {processor.py:641} INFO - Processing file /Users/abhaymone/src/dev/sand/MANAGE-GMAIL/venv/lib/python3.9/site-packages/airflow/example_dags/example_branch_labels.py for tasks to queue
[2022-08-21 16:51:35,448] {logging_mixin.py:115} INFO - [2022-08-21 16:51:35,448] {dagbag.py:508} INFO - Filling up the DagBag from /Users/abhaymone/src/dev/sand/MANAGE-GMAIL/venv/lib/python3.9/site-packages/airflow/example_dags/example_branch_labels.py
[2022-08-21 16:51:35,464] {processor.py:651} INFO - DAG(s) dict_keys(['example_branch_labels']) retrieved from /Users/abhaymone/src/dev/sand/MANAGE-GMAIL/venv/lib/python3.9/site-packages/airflow/example_dags/example_branch_labels.py
[2022-08-21 16:51:35,512] {logging_mixin.py:115} INFO - [2022-08-21 16:51:35,511] {dag.py:2420} INFO - Sync 1 DAGs
[2022-08-21 16:51:35,523] {logging_mixin.py:115} INFO - [2022-08-21 16:51:35,523] {dag.py:2968} INFO - Setting next_dagrun for example_branch_labels to 2022-08-20T00:00:00+00:00, run_after=2022-08-21T00:00:00+00:00
[2022-08-21 16:51:35,533] {processor.py:161} INFO - Processing /Users/abhaymone/src/dev/sand/MANAGE-GMAIL/venv/lib/python3.9/site-packages/airflow/example_dags/example_branch_labels.py took 0.092 seconds
[2022-08-21 16:52:33,544] {processor.py:153} INFO - Started process (PID=5015) to work on /Users/abhaymone/src/dev/sand/MANAGE-GMAIL/venv/lib/python3.9/site-packages/airflow/example_dags/example_branch_labels.py
[2022-08-21 16:52:33,544] {processor.py:641} INFO - Processing file /Users/abhaymone/src/dev/sand/MANAGE-GMAIL/venv/lib/python3.9/site-packages/airflow/example_dags/example_branch_labels.py for tasks to queue
[2022-08-21 16:52:33,544] {logging_mixin.py:115} INFO - [2022-08-21 16:52:33,544] {dagbag.py:508} INFO - Filling up the DagBag from /Users/abhaymone/src/dev/sand/MANAGE-GMAIL/venv/lib/python3.9/site-packages/airflow/example_dags/example_branch_labels.py
[2022-08-21 16:52:33,554] {processor.py:651} INFO - DAG(s) dict_keys(['example_branch_labels']) retrieved from /Users/abhaymone/src/dev/sand/MANAGE-GMAIL/venv/lib/python3.9/site-packages/airflow/example_dags/example_branch_labels.py
[2022-08-21 16:52:33,602] {logging_mixin.py:115} INFO - [2022-08-21 16:52:33,601] {dag.py:2420} INFO - Sync 1 DAGs
[2022-08-21 16:52:33,613] {logging_mixin.py:115} INFO - [2022-08-21 16:52:33,613] {dag.py:2968} INFO - Setting next_dagrun for example_branch_labels to 2022-08-20T00:00:00+00:00, run_after=2022-08-21T00:00:00+00:00
[2022-08-21 16:52:33,630] {processor.py:161} INFO - Processing /Users/abhaymone/src/dev/sand/MANAGE-GMAIL/venv/lib/python3.9/site-packages/airflow/example_dags/example_branch_labels.py took 0.087 seconds
[2022-08-21 16:53:35,456] {processor.py:153} INFO - Started process (PID=5137) to work on /Users/abhaymone/src/dev/sand/MANAGE-GMAIL/venv/lib/python3.9/site-packages/airflow/example_dags/example_branch_labels.py
[2022-08-21 16:53:35,456] {processor.py:641} INFO - Processing file /Users/abhaymone/src/dev/sand/MANAGE-GMAIL/venv/lib/python3.9/site-packages/airflow/example_dags/example_branch_labels.py for tasks to queue
[2022-08-21 16:53:35,456] {logging_mixin.py:115} INFO - [2022-08-21 16:53:35,456] {dagbag.py:508} INFO - Filling up the DagBag from /Users/abhaymone/src/dev/sand/MANAGE-GMAIL/venv/lib/python3.9/site-packages/airflow/example_dags/example_branch_labels.py
[2022-08-21 16:53:35,468] {processor.py:651} INFO - DAG(s) dict_keys(['example_branch_labels']) retrieved from /Users/abhaymone/src/dev/sand/MANAGE-GMAIL/venv/lib/python3.9/site-packages/airflow/example_dags/example_branch_labels.py
[2022-08-21 16:53:35,520] {logging_mixin.py:115} INFO - [2022-08-21 16:53:35,519] {dag.py:2420} INFO - Sync 1 DAGs
[2022-08-21 16:53:35,533] {logging_mixin.py:115} INFO - [2022-08-21 16:53:35,533] {dag.py:2968} INFO - Setting next_dagrun for example_branch_labels to 2022-08-20T00:00:00+00:00, run_after=2022-08-21T00:00:00+00:00
[2022-08-21 16:53:35,544] {processor.py:161} INFO - Processing /Users/abhaymone/src/dev/sand/MANAGE-GMAIL/venv/lib/python3.9/site-packages/airflow/example_dags/example_branch_labels.py took 0.089 seconds
[2022-08-21 16:54:35,720] {processor.py:153} INFO - Started process (PID=5187) to work on /Users/abhaymone/src/dev/sand/MANAGE-GMAIL/venv/lib/python3.9/site-packages/airflow/example_dags/example_branch_labels.py
[2022-08-21 16:54:35,720] {processor.py:641} INFO - Processing file /Users/abhaymone/src/dev/sand/MANAGE-GMAIL/venv/lib/python3.9/site-packages/airflow/example_dags/example_branch_labels.py for tasks to queue
[2022-08-21 16:54:35,721] {logging_mixin.py:115} INFO - [2022-08-21 16:54:35,721] {dagbag.py:508} INFO - Filling up the DagBag from /Users/abhaymone/src/dev/sand/MANAGE-GMAIL/venv/lib/python3.9/site-packages/airflow/example_dags/example_branch_labels.py
[2022-08-21 16:54:35,733] {processor.py:651} INFO - DAG(s) dict_keys(['example_branch_labels']) retrieved from /Users/abhaymone/src/dev/sand/MANAGE-GMAIL/venv/lib/python3.9/site-packages/airflow/example_dags/example_branch_labels.py
[2022-08-21 16:54:35,788] {logging_mixin.py:115} INFO - [2022-08-21 16:54:35,788] {dag.py:2420} INFO - Sync 1 DAGs
[2022-08-21 16:54:35,804] {logging_mixin.py:115} INFO - [2022-08-21 16:54:35,804] {dag.py:2968} INFO - Setting next_dagrun for example_branch_labels to 2022-08-20T00:00:00+00:00, run_after=2022-08-21T00:00:00+00:00
[2022-08-21 16:54:35,819] {processor.py:161} INFO - Processing /Users/abhaymone/src/dev/sand/MANAGE-GMAIL/venv/lib/python3.9/site-packages/airflow/example_dags/example_branch_labels.py took 0.099 seconds
