[2022-08-21 16:14:34,124] {processor.py:153} INFO - Started process (PID=3366) to work on /Users/abhaymone/src/dev/sand/MANAGE-GMAIL/venv/lib/python3.9/site-packages/airflow/example_dags/example_skip_dag.py
[2022-08-21 16:14:34,124] {processor.py:641} INFO - Processing file /Users/abhaymone/src/dev/sand/MANAGE-GMAIL/venv/lib/python3.9/site-packages/airflow/example_dags/example_skip_dag.py for tasks to queue
[2022-08-21 16:14:34,125] {logging_mixin.py:115} INFO - [2022-08-21 16:14:34,125] {dagbag.py:508} INFO - Filling up the DagBag from /Users/abhaymone/src/dev/sand/MANAGE-GMAIL/venv/lib/python3.9/site-packages/airflow/example_dags/example_skip_dag.py
[2022-08-21 16:14:34,145] {processor.py:651} INFO - DAG(s) dict_keys(['example_skip_dag']) retrieved from /Users/abhaymone/src/dev/sand/MANAGE-GMAIL/venv/lib/python3.9/site-packages/airflow/example_dags/example_skip_dag.py
[2022-08-21 16:14:34,896] {logging_mixin.py:115} INFO - [2022-08-21 16:14:34,896] {manager.py:508} INFO - Created Permission View: can delete on DAG:example_skip_dag
[2022-08-21 16:14:34,903] {logging_mixin.py:115} INFO - [2022-08-21 16:14:34,903] {manager.py:508} INFO - Created Permission View: can read on DAG:example_skip_dag
[2022-08-21 16:14:34,909] {logging_mixin.py:115} INFO - [2022-08-21 16:14:34,909] {manager.py:508} INFO - Created Permission View: can edit on DAG:example_skip_dag
[2022-08-21 16:14:34,910] {logging_mixin.py:115} INFO - [2022-08-21 16:14:34,909] {dag.py:2420} INFO - Sync 1 DAGs
[2022-08-21 16:14:34,916] {logging_mixin.py:115} INFO - [2022-08-21 16:14:34,916] {dag.py:2439} INFO - Creating ORM DAG for example_skip_dag
[2022-08-21 16:14:34,923] {logging_mixin.py:115} INFO - [2022-08-21 16:14:34,922] {dag.py:2968} INFO - Setting next_dagrun for example_skip_dag to 2022-08-20T20:14:34.922854+00:00, run_after=2022-08-21T20:14:34.922854+00:00
[2022-08-21 16:14:34,933] {processor.py:161} INFO - Processing /Users/abhaymone/src/dev/sand/MANAGE-GMAIL/venv/lib/python3.9/site-packages/airflow/example_dags/example_skip_dag.py took 0.809 seconds
[2022-08-21 16:15:48,876] {processor.py:153} INFO - Started process (PID=3425) to work on /Users/abhaymone/src/dev/sand/MANAGE-GMAIL/venv/lib/python3.9/site-packages/airflow/example_dags/example_skip_dag.py
[2022-08-21 16:15:48,881] {processor.py:641} INFO - Processing file /Users/abhaymone/src/dev/sand/MANAGE-GMAIL/venv/lib/python3.9/site-packages/airflow/example_dags/example_skip_dag.py for tasks to queue
[2022-08-21 16:15:48,882] {logging_mixin.py:115} INFO - [2022-08-21 16:15:48,882] {dagbag.py:508} INFO - Filling up the DagBag from /Users/abhaymone/src/dev/sand/MANAGE-GMAIL/venv/lib/python3.9/site-packages/airflow/example_dags/example_skip_dag.py
[2022-08-21 16:15:48,897] {processor.py:651} INFO - DAG(s) dict_keys(['example_skip_dag']) retrieved from /Users/abhaymone/src/dev/sand/MANAGE-GMAIL/venv/lib/python3.9/site-packages/airflow/example_dags/example_skip_dag.py
[2022-08-21 16:15:48,945] {logging_mixin.py:115} INFO - [2022-08-21 16:15:48,945] {dag.py:2420} INFO - Sync 1 DAGs
[2022-08-21 16:15:48,955] {logging_mixin.py:115} INFO - [2022-08-21 16:15:48,955] {dag.py:2968} INFO - Setting next_dagrun for example_skip_dag to 2022-08-20T20:15:48.955727+00:00, run_after=2022-08-21T20:15:48.955727+00:00
[2022-08-21 16:15:48,966] {processor.py:161} INFO - Processing /Users/abhaymone/src/dev/sand/MANAGE-GMAIL/venv/lib/python3.9/site-packages/airflow/example_dags/example_skip_dag.py took 0.091 seconds
[2022-08-21 16:16:47,275] {processor.py:153} INFO - Started process (PID=3460) to work on /Users/abhaymone/src/dev/sand/MANAGE-GMAIL/venv/lib/python3.9/site-packages/airflow/example_dags/example_skip_dag.py
[2022-08-21 16:16:47,275] {processor.py:641} INFO - Processing file /Users/abhaymone/src/dev/sand/MANAGE-GMAIL/venv/lib/python3.9/site-packages/airflow/example_dags/example_skip_dag.py for tasks to queue
[2022-08-21 16:16:47,275] {logging_mixin.py:115} INFO - [2022-08-21 16:16:47,275] {dagbag.py:508} INFO - Filling up the DagBag from /Users/abhaymone/src/dev/sand/MANAGE-GMAIL/venv/lib/python3.9/site-packages/airflow/example_dags/example_skip_dag.py
[2022-08-21 16:16:47,285] {processor.py:651} INFO - DAG(s) dict_keys(['example_skip_dag']) retrieved from /Users/abhaymone/src/dev/sand/MANAGE-GMAIL/venv/lib/python3.9/site-packages/airflow/example_dags/example_skip_dag.py
[2022-08-21 16:16:47,333] {logging_mixin.py:115} INFO - [2022-08-21 16:16:47,333] {dag.py:2420} INFO - Sync 1 DAGs
[2022-08-21 16:16:47,343] {logging_mixin.py:115} INFO - [2022-08-21 16:16:47,343] {dag.py:2968} INFO - Setting next_dagrun for example_skip_dag to 2022-08-20T20:16:47.343492+00:00, run_after=2022-08-21T20:16:47.343492+00:00
[2022-08-21 16:16:47,359] {processor.py:161} INFO - Processing /Users/abhaymone/src/dev/sand/MANAGE-GMAIL/venv/lib/python3.9/site-packages/airflow/example_dags/example_skip_dag.py took 0.085 seconds
[2022-08-21 16:17:43,600] {processor.py:153} INFO - Started process (PID=3494) to work on /Users/abhaymone/src/dev/sand/MANAGE-GMAIL/venv/lib/python3.9/site-packages/airflow/example_dags/example_skip_dag.py
[2022-08-21 16:17:43,606] {processor.py:641} INFO - Processing file /Users/abhaymone/src/dev/sand/MANAGE-GMAIL/venv/lib/python3.9/site-packages/airflow/example_dags/example_skip_dag.py for tasks to queue
[2022-08-21 16:17:43,607] {logging_mixin.py:115} INFO - [2022-08-21 16:17:43,607] {dagbag.py:508} INFO - Filling up the DagBag from /Users/abhaymone/src/dev/sand/MANAGE-GMAIL/venv/lib/python3.9/site-packages/airflow/example_dags/example_skip_dag.py
[2022-08-21 16:17:43,622] {processor.py:651} INFO - DAG(s) dict_keys(['example_skip_dag']) retrieved from /Users/abhaymone/src/dev/sand/MANAGE-GMAIL/venv/lib/python3.9/site-packages/airflow/example_dags/example_skip_dag.py
[2022-08-21 16:17:43,670] {logging_mixin.py:115} INFO - [2022-08-21 16:17:43,670] {dag.py:2420} INFO - Sync 1 DAGs
[2022-08-21 16:17:43,680] {logging_mixin.py:115} INFO - [2022-08-21 16:17:43,680] {dag.py:2968} INFO - Setting next_dagrun for example_skip_dag to 2022-08-20T20:17:43.680523+00:00, run_after=2022-08-21T20:17:43.680523+00:00
[2022-08-21 16:17:43,691] {processor.py:161} INFO - Processing /Users/abhaymone/src/dev/sand/MANAGE-GMAIL/venv/lib/python3.9/site-packages/airflow/example_dags/example_skip_dag.py took 0.091 seconds
[2022-08-21 16:28:28,007] {processor.py:153} INFO - Started process (PID=3552) to work on /Users/abhaymone/src/dev/sand/MANAGE-GMAIL/venv/lib/python3.9/site-packages/airflow/example_dags/example_skip_dag.py
[2022-08-21 16:28:28,013] {processor.py:641} INFO - Processing file /Users/abhaymone/src/dev/sand/MANAGE-GMAIL/venv/lib/python3.9/site-packages/airflow/example_dags/example_skip_dag.py for tasks to queue
[2022-08-21 16:28:28,013] {logging_mixin.py:115} INFO - [2022-08-21 16:28:28,013] {dagbag.py:508} INFO - Filling up the DagBag from /Users/abhaymone/src/dev/sand/MANAGE-GMAIL/venv/lib/python3.9/site-packages/airflow/example_dags/example_skip_dag.py
[2022-08-21 16:28:28,028] {processor.py:651} INFO - DAG(s) dict_keys(['example_skip_dag']) retrieved from /Users/abhaymone/src/dev/sand/MANAGE-GMAIL/venv/lib/python3.9/site-packages/airflow/example_dags/example_skip_dag.py
[2022-08-21 16:28:28,077] {logging_mixin.py:115} INFO - [2022-08-21 16:28:28,077] {dag.py:2420} INFO - Sync 1 DAGs
[2022-08-21 16:28:28,087] {logging_mixin.py:115} INFO - [2022-08-21 16:28:28,087] {dag.py:2968} INFO - Setting next_dagrun for example_skip_dag to 2022-08-20T20:28:28.087374+00:00, run_after=2022-08-21T20:28:28.087374+00:00
[2022-08-21 16:28:28,097] {processor.py:161} INFO - Processing /Users/abhaymone/src/dev/sand/MANAGE-GMAIL/venv/lib/python3.9/site-packages/airflow/example_dags/example_skip_dag.py took 0.091 seconds
[2022-08-21 16:29:25,798] {processor.py:153} INFO - Started process (PID=3589) to work on /Users/abhaymone/src/dev/sand/MANAGE-GMAIL/venv/lib/python3.9/site-packages/airflow/example_dags/example_skip_dag.py
[2022-08-21 16:29:25,798] {processor.py:641} INFO - Processing file /Users/abhaymone/src/dev/sand/MANAGE-GMAIL/venv/lib/python3.9/site-packages/airflow/example_dags/example_skip_dag.py for tasks to queue
[2022-08-21 16:29:25,798] {logging_mixin.py:115} INFO - [2022-08-21 16:29:25,798] {dagbag.py:508} INFO - Filling up the DagBag from /Users/abhaymone/src/dev/sand/MANAGE-GMAIL/venv/lib/python3.9/site-packages/airflow/example_dags/example_skip_dag.py
[2022-08-21 16:29:25,807] {processor.py:651} INFO - DAG(s) dict_keys(['example_skip_dag']) retrieved from /Users/abhaymone/src/dev/sand/MANAGE-GMAIL/venv/lib/python3.9/site-packages/airflow/example_dags/example_skip_dag.py
[2022-08-21 16:29:25,855] {logging_mixin.py:115} INFO - [2022-08-21 16:29:25,855] {dag.py:2420} INFO - Sync 1 DAGs
[2022-08-21 16:29:25,865] {logging_mixin.py:115} INFO - [2022-08-21 16:29:25,865] {dag.py:2968} INFO - Setting next_dagrun for example_skip_dag to 2022-08-20T20:29:25.865514+00:00, run_after=2022-08-21T20:29:25.865514+00:00
[2022-08-21 16:29:25,882] {processor.py:161} INFO - Processing /Users/abhaymone/src/dev/sand/MANAGE-GMAIL/venv/lib/python3.9/site-packages/airflow/example_dags/example_skip_dag.py took 0.085 seconds
[2022-08-21 16:30:20,031] {processor.py:153} INFO - Started process (PID=3625) to work on /Users/abhaymone/src/dev/sand/MANAGE-GMAIL/venv/lib/python3.9/site-packages/airflow/example_dags/example_skip_dag.py
[2022-08-21 16:30:20,031] {processor.py:641} INFO - Processing file /Users/abhaymone/src/dev/sand/MANAGE-GMAIL/venv/lib/python3.9/site-packages/airflow/example_dags/example_skip_dag.py for tasks to queue
[2022-08-21 16:30:20,031] {logging_mixin.py:115} INFO - [2022-08-21 16:30:20,031] {dagbag.py:508} INFO - Filling up the DagBag from /Users/abhaymone/src/dev/sand/MANAGE-GMAIL/venv/lib/python3.9/site-packages/airflow/example_dags/example_skip_dag.py
[2022-08-21 16:30:20,040] {processor.py:651} INFO - DAG(s) dict_keys(['example_skip_dag']) retrieved from /Users/abhaymone/src/dev/sand/MANAGE-GMAIL/venv/lib/python3.9/site-packages/airflow/example_dags/example_skip_dag.py
[2022-08-21 16:30:20,089] {logging_mixin.py:115} INFO - [2022-08-21 16:30:20,089] {dag.py:2420} INFO - Sync 1 DAGs
[2022-08-21 16:30:20,100] {logging_mixin.py:115} INFO - [2022-08-21 16:30:20,100] {dag.py:2968} INFO - Setting next_dagrun for example_skip_dag to 2022-08-20T20:30:20.099967+00:00, run_after=2022-08-21T20:30:20.099967+00:00
[2022-08-21 16:30:20,117] {processor.py:161} INFO - Processing /Users/abhaymone/src/dev/sand/MANAGE-GMAIL/venv/lib/python3.9/site-packages/airflow/example_dags/example_skip_dag.py took 0.087 seconds
[2022-08-21 16:31:30,375] {processor.py:153} INFO - Started process (PID=3663) to work on /Users/abhaymone/src/dev/sand/MANAGE-GMAIL/venv/lib/python3.9/site-packages/airflow/example_dags/example_skip_dag.py
[2022-08-21 16:31:30,380] {processor.py:641} INFO - Processing file /Users/abhaymone/src/dev/sand/MANAGE-GMAIL/venv/lib/python3.9/site-packages/airflow/example_dags/example_skip_dag.py for tasks to queue
[2022-08-21 16:31:30,381] {logging_mixin.py:115} INFO - [2022-08-21 16:31:30,381] {dagbag.py:508} INFO - Filling up the DagBag from /Users/abhaymone/src/dev/sand/MANAGE-GMAIL/venv/lib/python3.9/site-packages/airflow/example_dags/example_skip_dag.py
[2022-08-21 16:31:30,396] {processor.py:651} INFO - DAG(s) dict_keys(['example_skip_dag']) retrieved from /Users/abhaymone/src/dev/sand/MANAGE-GMAIL/venv/lib/python3.9/site-packages/airflow/example_dags/example_skip_dag.py
[2022-08-21 16:31:30,445] {logging_mixin.py:115} INFO - [2022-08-21 16:31:30,445] {dag.py:2420} INFO - Sync 1 DAGs
[2022-08-21 16:31:30,456] {logging_mixin.py:115} INFO - [2022-08-21 16:31:30,456] {dag.py:2968} INFO - Setting next_dagrun for example_skip_dag to 2022-08-20T20:31:30.456228+00:00, run_after=2022-08-21T20:31:30.456228+00:00
[2022-08-21 16:31:30,466] {processor.py:161} INFO - Processing /Users/abhaymone/src/dev/sand/MANAGE-GMAIL/venv/lib/python3.9/site-packages/airflow/example_dags/example_skip_dag.py took 0.092 seconds
[2022-08-21 16:32:30,783] {processor.py:153} INFO - Started process (PID=3706) to work on /Users/abhaymone/src/dev/sand/MANAGE-GMAIL/venv/lib/python3.9/site-packages/airflow/example_dags/example_skip_dag.py
[2022-08-21 16:32:30,788] {processor.py:641} INFO - Processing file /Users/abhaymone/src/dev/sand/MANAGE-GMAIL/venv/lib/python3.9/site-packages/airflow/example_dags/example_skip_dag.py for tasks to queue
[2022-08-21 16:32:30,789] {logging_mixin.py:115} INFO - [2022-08-21 16:32:30,789] {dagbag.py:508} INFO - Filling up the DagBag from /Users/abhaymone/src/dev/sand/MANAGE-GMAIL/venv/lib/python3.9/site-packages/airflow/example_dags/example_skip_dag.py
[2022-08-21 16:32:30,801] {processor.py:651} INFO - DAG(s) dict_keys(['example_skip_dag']) retrieved from /Users/abhaymone/src/dev/sand/MANAGE-GMAIL/venv/lib/python3.9/site-packages/airflow/example_dags/example_skip_dag.py
[2022-08-21 16:32:30,854] {logging_mixin.py:115} INFO - [2022-08-21 16:32:30,854] {dag.py:2420} INFO - Sync 1 DAGs
[2022-08-21 16:32:30,867] {logging_mixin.py:115} INFO - [2022-08-21 16:32:30,867] {dag.py:2968} INFO - Setting next_dagrun for example_skip_dag to 2022-08-20T20:32:30.867021+00:00, run_after=2022-08-21T20:32:30.867021+00:00
[2022-08-21 16:32:30,880] {processor.py:161} INFO - Processing /Users/abhaymone/src/dev/sand/MANAGE-GMAIL/venv/lib/python3.9/site-packages/airflow/example_dags/example_skip_dag.py took 0.098 seconds
[2022-08-21 16:33:29,443] {processor.py:153} INFO - Started process (PID=3741) to work on /Users/abhaymone/src/dev/sand/MANAGE-GMAIL/venv/lib/python3.9/site-packages/airflow/example_dags/example_skip_dag.py
[2022-08-21 16:33:29,449] {processor.py:641} INFO - Processing file /Users/abhaymone/src/dev/sand/MANAGE-GMAIL/venv/lib/python3.9/site-packages/airflow/example_dags/example_skip_dag.py for tasks to queue
[2022-08-21 16:33:29,449] {logging_mixin.py:115} INFO - [2022-08-21 16:33:29,449] {dagbag.py:508} INFO - Filling up the DagBag from /Users/abhaymone/src/dev/sand/MANAGE-GMAIL/venv/lib/python3.9/site-packages/airflow/example_dags/example_skip_dag.py
[2022-08-21 16:33:29,467] {processor.py:651} INFO - DAG(s) dict_keys(['example_skip_dag']) retrieved from /Users/abhaymone/src/dev/sand/MANAGE-GMAIL/venv/lib/python3.9/site-packages/airflow/example_dags/example_skip_dag.py
[2022-08-21 16:33:29,552] {logging_mixin.py:115} INFO - [2022-08-21 16:33:29,552] {dag.py:2420} INFO - Sync 1 DAGs
[2022-08-21 16:33:29,568] {logging_mixin.py:115} INFO - [2022-08-21 16:33:29,568] {dag.py:2968} INFO - Setting next_dagrun for example_skip_dag to 2022-08-20T20:33:29.568662+00:00, run_after=2022-08-21T20:33:29.568662+00:00
[2022-08-21 16:33:29,582] {processor.py:161} INFO - Processing /Users/abhaymone/src/dev/sand/MANAGE-GMAIL/venv/lib/python3.9/site-packages/airflow/example_dags/example_skip_dag.py took 0.142 seconds
[2022-08-21 16:34:29,427] {processor.py:153} INFO - Started process (PID=3778) to work on /Users/abhaymone/src/dev/sand/MANAGE-GMAIL/venv/lib/python3.9/site-packages/airflow/example_dags/example_skip_dag.py
[2022-08-21 16:34:29,427] {processor.py:641} INFO - Processing file /Users/abhaymone/src/dev/sand/MANAGE-GMAIL/venv/lib/python3.9/site-packages/airflow/example_dags/example_skip_dag.py for tasks to queue
[2022-08-21 16:34:29,428] {logging_mixin.py:115} INFO - [2022-08-21 16:34:29,428] {dagbag.py:508} INFO - Filling up the DagBag from /Users/abhaymone/src/dev/sand/MANAGE-GMAIL/venv/lib/python3.9/site-packages/airflow/example_dags/example_skip_dag.py
[2022-08-21 16:34:29,440] {processor.py:651} INFO - DAG(s) dict_keys(['example_skip_dag']) retrieved from /Users/abhaymone/src/dev/sand/MANAGE-GMAIL/venv/lib/python3.9/site-packages/airflow/example_dags/example_skip_dag.py
[2022-08-21 16:34:29,494] {logging_mixin.py:115} INFO - [2022-08-21 16:34:29,494] {dag.py:2420} INFO - Sync 1 DAGs
[2022-08-21 16:34:29,505] {logging_mixin.py:115} INFO - [2022-08-21 16:34:29,505] {dag.py:2968} INFO - Setting next_dagrun for example_skip_dag to 2022-08-20T20:34:29.505651+00:00, run_after=2022-08-21T20:34:29.505651+00:00
[2022-08-21 16:34:29,518] {processor.py:161} INFO - Processing /Users/abhaymone/src/dev/sand/MANAGE-GMAIL/venv/lib/python3.9/site-packages/airflow/example_dags/example_skip_dag.py took 0.091 seconds
[2022-08-21 16:35:27,493] {processor.py:153} INFO - Started process (PID=3814) to work on /Users/abhaymone/src/dev/sand/MANAGE-GMAIL/venv/lib/python3.9/site-packages/airflow/example_dags/example_skip_dag.py
[2022-08-21 16:35:27,499] {processor.py:641} INFO - Processing file /Users/abhaymone/src/dev/sand/MANAGE-GMAIL/venv/lib/python3.9/site-packages/airflow/example_dags/example_skip_dag.py for tasks to queue
[2022-08-21 16:35:27,499] {logging_mixin.py:115} INFO - [2022-08-21 16:35:27,499] {dagbag.py:508} INFO - Filling up the DagBag from /Users/abhaymone/src/dev/sand/MANAGE-GMAIL/venv/lib/python3.9/site-packages/airflow/example_dags/example_skip_dag.py
[2022-08-21 16:35:27,514] {processor.py:651} INFO - DAG(s) dict_keys(['example_skip_dag']) retrieved from /Users/abhaymone/src/dev/sand/MANAGE-GMAIL/venv/lib/python3.9/site-packages/airflow/example_dags/example_skip_dag.py
[2022-08-21 16:35:27,568] {logging_mixin.py:115} INFO - [2022-08-21 16:35:27,567] {dag.py:2420} INFO - Sync 1 DAGs
[2022-08-21 16:35:27,581] {logging_mixin.py:115} INFO - [2022-08-21 16:35:27,580] {dag.py:2968} INFO - Setting next_dagrun for example_skip_dag to 2022-08-20T20:35:27.580800+00:00, run_after=2022-08-21T20:35:27.580800+00:00
[2022-08-21 16:35:27,593] {processor.py:161} INFO - Processing /Users/abhaymone/src/dev/sand/MANAGE-GMAIL/venv/lib/python3.9/site-packages/airflow/example_dags/example_skip_dag.py took 0.101 seconds
[2022-08-21 16:36:32,787] {processor.py:153} INFO - Started process (PID=3855) to work on /Users/abhaymone/src/dev/sand/MANAGE-GMAIL/venv/lib/python3.9/site-packages/airflow/example_dags/example_skip_dag.py
[2022-08-21 16:36:32,793] {processor.py:641} INFO - Processing file /Users/abhaymone/src/dev/sand/MANAGE-GMAIL/venv/lib/python3.9/site-packages/airflow/example_dags/example_skip_dag.py for tasks to queue
[2022-08-21 16:36:32,794] {logging_mixin.py:115} INFO - [2022-08-21 16:36:32,794] {dagbag.py:508} INFO - Filling up the DagBag from /Users/abhaymone/src/dev/sand/MANAGE-GMAIL/venv/lib/python3.9/site-packages/airflow/example_dags/example_skip_dag.py
[2022-08-21 16:36:32,807] {processor.py:651} INFO - DAG(s) dict_keys(['example_skip_dag']) retrieved from /Users/abhaymone/src/dev/sand/MANAGE-GMAIL/venv/lib/python3.9/site-packages/airflow/example_dags/example_skip_dag.py
[2022-08-21 16:36:32,856] {logging_mixin.py:115} INFO - [2022-08-21 16:36:32,856] {dag.py:2420} INFO - Sync 1 DAGs
[2022-08-21 16:36:32,866] {logging_mixin.py:115} INFO - [2022-08-21 16:36:32,866] {dag.py:2968} INFO - Setting next_dagrun for example_skip_dag to 2022-08-20T20:36:32.866779+00:00, run_after=2022-08-21T20:36:32.866779+00:00
[2022-08-21 16:36:32,877] {processor.py:161} INFO - Processing /Users/abhaymone/src/dev/sand/MANAGE-GMAIL/venv/lib/python3.9/site-packages/airflow/example_dags/example_skip_dag.py took 0.090 seconds
[2022-08-21 16:37:31,306] {processor.py:153} INFO - Started process (PID=3890) to work on /Users/abhaymone/src/dev/sand/MANAGE-GMAIL/venv/lib/python3.9/site-packages/airflow/example_dags/example_skip_dag.py
[2022-08-21 16:37:31,307] {processor.py:641} INFO - Processing file /Users/abhaymone/src/dev/sand/MANAGE-GMAIL/venv/lib/python3.9/site-packages/airflow/example_dags/example_skip_dag.py for tasks to queue
[2022-08-21 16:37:31,307] {logging_mixin.py:115} INFO - [2022-08-21 16:37:31,307] {dagbag.py:508} INFO - Filling up the DagBag from /Users/abhaymone/src/dev/sand/MANAGE-GMAIL/venv/lib/python3.9/site-packages/airflow/example_dags/example_skip_dag.py
[2022-08-21 16:37:31,316] {processor.py:651} INFO - DAG(s) dict_keys(['example_skip_dag']) retrieved from /Users/abhaymone/src/dev/sand/MANAGE-GMAIL/venv/lib/python3.9/site-packages/airflow/example_dags/example_skip_dag.py
[2022-08-21 16:37:31,364] {logging_mixin.py:115} INFO - [2022-08-21 16:37:31,364] {dag.py:2420} INFO - Sync 1 DAGs
[2022-08-21 16:37:31,374] {logging_mixin.py:115} INFO - [2022-08-21 16:37:31,374] {dag.py:2968} INFO - Setting next_dagrun for example_skip_dag to 2022-08-20T20:37:31.374775+00:00, run_after=2022-08-21T20:37:31.374775+00:00
[2022-08-21 16:37:31,390] {processor.py:161} INFO - Processing /Users/abhaymone/src/dev/sand/MANAGE-GMAIL/venv/lib/python3.9/site-packages/airflow/example_dags/example_skip_dag.py took 0.084 seconds
[2022-08-21 16:38:28,814] {processor.py:153} INFO - Started process (PID=3924) to work on /Users/abhaymone/src/dev/sand/MANAGE-GMAIL/venv/lib/python3.9/site-packages/airflow/example_dags/example_skip_dag.py
[2022-08-21 16:38:28,814] {processor.py:641} INFO - Processing file /Users/abhaymone/src/dev/sand/MANAGE-GMAIL/venv/lib/python3.9/site-packages/airflow/example_dags/example_skip_dag.py for tasks to queue
[2022-08-21 16:38:28,814] {logging_mixin.py:115} INFO - [2022-08-21 16:38:28,814] {dagbag.py:508} INFO - Filling up the DagBag from /Users/abhaymone/src/dev/sand/MANAGE-GMAIL/venv/lib/python3.9/site-packages/airflow/example_dags/example_skip_dag.py
[2022-08-21 16:38:28,824] {processor.py:651} INFO - DAG(s) dict_keys(['example_skip_dag']) retrieved from /Users/abhaymone/src/dev/sand/MANAGE-GMAIL/venv/lib/python3.9/site-packages/airflow/example_dags/example_skip_dag.py
[2022-08-21 16:38:28,873] {logging_mixin.py:115} INFO - [2022-08-21 16:38:28,873] {dag.py:2420} INFO - Sync 1 DAGs
[2022-08-21 16:38:28,883] {logging_mixin.py:115} INFO - [2022-08-21 16:38:28,883] {dag.py:2968} INFO - Setting next_dagrun for example_skip_dag to 2022-08-20T20:38:28.883619+00:00, run_after=2022-08-21T20:38:28.883619+00:00
[2022-08-21 16:38:28,899] {processor.py:161} INFO - Processing /Users/abhaymone/src/dev/sand/MANAGE-GMAIL/venv/lib/python3.9/site-packages/airflow/example_dags/example_skip_dag.py took 0.085 seconds
[2022-08-21 16:39:31,780] {processor.py:153} INFO - Started process (PID=3963) to work on /Users/abhaymone/src/dev/sand/MANAGE-GMAIL/venv/lib/python3.9/site-packages/airflow/example_dags/example_skip_dag.py
[2022-08-21 16:39:31,780] {processor.py:641} INFO - Processing file /Users/abhaymone/src/dev/sand/MANAGE-GMAIL/venv/lib/python3.9/site-packages/airflow/example_dags/example_skip_dag.py for tasks to queue
[2022-08-21 16:39:31,780] {logging_mixin.py:115} INFO - [2022-08-21 16:39:31,780] {dagbag.py:508} INFO - Filling up the DagBag from /Users/abhaymone/src/dev/sand/MANAGE-GMAIL/venv/lib/python3.9/site-packages/airflow/example_dags/example_skip_dag.py
[2022-08-21 16:39:31,790] {processor.py:651} INFO - DAG(s) dict_keys(['example_skip_dag']) retrieved from /Users/abhaymone/src/dev/sand/MANAGE-GMAIL/venv/lib/python3.9/site-packages/airflow/example_dags/example_skip_dag.py
[2022-08-21 16:39:31,838] {logging_mixin.py:115} INFO - [2022-08-21 16:39:31,838] {dag.py:2420} INFO - Sync 1 DAGs
[2022-08-21 16:39:31,848] {logging_mixin.py:115} INFO - [2022-08-21 16:39:31,848] {dag.py:2968} INFO - Setting next_dagrun for example_skip_dag to 2022-08-20T20:39:31.848480+00:00, run_after=2022-08-21T20:39:31.848480+00:00
[2022-08-21 16:39:31,864] {processor.py:161} INFO - Processing /Users/abhaymone/src/dev/sand/MANAGE-GMAIL/venv/lib/python3.9/site-packages/airflow/example_dags/example_skip_dag.py took 0.085 seconds
[2022-08-21 16:40:31,614] {processor.py:153} INFO - Started process (PID=3997) to work on /Users/abhaymone/src/dev/sand/MANAGE-GMAIL/venv/lib/python3.9/site-packages/airflow/example_dags/example_skip_dag.py
[2022-08-21 16:40:31,614] {processor.py:641} INFO - Processing file /Users/abhaymone/src/dev/sand/MANAGE-GMAIL/venv/lib/python3.9/site-packages/airflow/example_dags/example_skip_dag.py for tasks to queue
[2022-08-21 16:40:31,615] {logging_mixin.py:115} INFO - [2022-08-21 16:40:31,614] {dagbag.py:508} INFO - Filling up the DagBag from /Users/abhaymone/src/dev/sand/MANAGE-GMAIL/venv/lib/python3.9/site-packages/airflow/example_dags/example_skip_dag.py
[2022-08-21 16:40:31,624] {processor.py:651} INFO - DAG(s) dict_keys(['example_skip_dag']) retrieved from /Users/abhaymone/src/dev/sand/MANAGE-GMAIL/venv/lib/python3.9/site-packages/airflow/example_dags/example_skip_dag.py
[2022-08-21 16:40:31,676] {logging_mixin.py:115} INFO - [2022-08-21 16:40:31,676] {dag.py:2420} INFO - Sync 1 DAGs
[2022-08-21 16:40:31,688] {logging_mixin.py:115} INFO - [2022-08-21 16:40:31,688] {dag.py:2968} INFO - Setting next_dagrun for example_skip_dag to 2022-08-20T20:40:31.687945+00:00, run_after=2022-08-21T20:40:31.687945+00:00
[2022-08-21 16:40:31,704] {processor.py:161} INFO - Processing /Users/abhaymone/src/dev/sand/MANAGE-GMAIL/venv/lib/python3.9/site-packages/airflow/example_dags/example_skip_dag.py took 0.090 seconds
[2022-08-21 16:41:36,683] {processor.py:153} INFO - Started process (PID=4036) to work on /Users/abhaymone/src/dev/sand/MANAGE-GMAIL/venv/lib/python3.9/site-packages/airflow/example_dags/example_skip_dag.py
[2022-08-21 16:41:36,683] {processor.py:641} INFO - Processing file /Users/abhaymone/src/dev/sand/MANAGE-GMAIL/venv/lib/python3.9/site-packages/airflow/example_dags/example_skip_dag.py for tasks to queue
[2022-08-21 16:41:36,683] {logging_mixin.py:115} INFO - [2022-08-21 16:41:36,683] {dagbag.py:508} INFO - Filling up the DagBag from /Users/abhaymone/src/dev/sand/MANAGE-GMAIL/venv/lib/python3.9/site-packages/airflow/example_dags/example_skip_dag.py
[2022-08-21 16:41:36,693] {processor.py:651} INFO - DAG(s) dict_keys(['example_skip_dag']) retrieved from /Users/abhaymone/src/dev/sand/MANAGE-GMAIL/venv/lib/python3.9/site-packages/airflow/example_dags/example_skip_dag.py
[2022-08-21 16:41:36,745] {logging_mixin.py:115} INFO - [2022-08-21 16:41:36,745] {dag.py:2420} INFO - Sync 1 DAGs
[2022-08-21 16:41:36,756] {logging_mixin.py:115} INFO - [2022-08-21 16:41:36,756] {dag.py:2968} INFO - Setting next_dagrun for example_skip_dag to 2022-08-20T20:41:36.756308+00:00, run_after=2022-08-21T20:41:36.756308+00:00
[2022-08-21 16:41:36,772] {processor.py:161} INFO - Processing /Users/abhaymone/src/dev/sand/MANAGE-GMAIL/venv/lib/python3.9/site-packages/airflow/example_dags/example_skip_dag.py took 0.090 seconds
[2022-08-21 16:42:37,492] {processor.py:153} INFO - Started process (PID=4073) to work on /Users/abhaymone/src/dev/sand/MANAGE-GMAIL/venv/lib/python3.9/site-packages/airflow/example_dags/example_skip_dag.py
[2022-08-21 16:42:37,492] {processor.py:641} INFO - Processing file /Users/abhaymone/src/dev/sand/MANAGE-GMAIL/venv/lib/python3.9/site-packages/airflow/example_dags/example_skip_dag.py for tasks to queue
[2022-08-21 16:42:37,492] {logging_mixin.py:115} INFO - [2022-08-21 16:42:37,492] {dagbag.py:508} INFO - Filling up the DagBag from /Users/abhaymone/src/dev/sand/MANAGE-GMAIL/venv/lib/python3.9/site-packages/airflow/example_dags/example_skip_dag.py
[2022-08-21 16:42:37,502] {processor.py:651} INFO - DAG(s) dict_keys(['example_skip_dag']) retrieved from /Users/abhaymone/src/dev/sand/MANAGE-GMAIL/venv/lib/python3.9/site-packages/airflow/example_dags/example_skip_dag.py
[2022-08-21 16:42:37,554] {logging_mixin.py:115} INFO - [2022-08-21 16:42:37,554] {dag.py:2420} INFO - Sync 1 DAGs
[2022-08-21 16:42:37,566] {logging_mixin.py:115} INFO - [2022-08-21 16:42:37,566] {dag.py:2968} INFO - Setting next_dagrun for example_skip_dag to 2022-08-20T20:42:37.566505+00:00, run_after=2022-08-21T20:42:37.566505+00:00
[2022-08-21 16:42:37,583] {processor.py:161} INFO - Processing /Users/abhaymone/src/dev/sand/MANAGE-GMAIL/venv/lib/python3.9/site-packages/airflow/example_dags/example_skip_dag.py took 0.091 seconds
[2022-08-21 16:43:41,123] {processor.py:153} INFO - Started process (PID=4144) to work on /Users/abhaymone/src/dev/sand/MANAGE-GMAIL/venv/lib/python3.9/site-packages/airflow/example_dags/example_skip_dag.py
[2022-08-21 16:43:41,129] {processor.py:641} INFO - Processing file /Users/abhaymone/src/dev/sand/MANAGE-GMAIL/venv/lib/python3.9/site-packages/airflow/example_dags/example_skip_dag.py for tasks to queue
[2022-08-21 16:43:41,130] {logging_mixin.py:115} INFO - [2022-08-21 16:43:41,130] {dagbag.py:508} INFO - Filling up the DagBag from /Users/abhaymone/src/dev/sand/MANAGE-GMAIL/venv/lib/python3.9/site-packages/airflow/example_dags/example_skip_dag.py
[2022-08-21 16:43:41,146] {processor.py:651} INFO - DAG(s) dict_keys(['example_skip_dag']) retrieved from /Users/abhaymone/src/dev/sand/MANAGE-GMAIL/venv/lib/python3.9/site-packages/airflow/example_dags/example_skip_dag.py
[2022-08-21 16:43:41,213] {logging_mixin.py:115} INFO - [2022-08-21 16:43:41,213] {dag.py:2420} INFO - Sync 1 DAGs
[2022-08-21 16:43:41,227] {logging_mixin.py:115} INFO - [2022-08-21 16:43:41,227] {dag.py:2968} INFO - Setting next_dagrun for example_skip_dag to 2022-08-20T20:43:41.227508+00:00, run_after=2022-08-21T20:43:41.227508+00:00
[2022-08-21 16:43:41,239] {processor.py:161} INFO - Processing /Users/abhaymone/src/dev/sand/MANAGE-GMAIL/venv/lib/python3.9/site-packages/airflow/example_dags/example_skip_dag.py took 0.116 seconds
[2022-08-21 16:44:45,265] {processor.py:153} INFO - Started process (PID=4252) to work on /Users/abhaymone/src/dev/sand/MANAGE-GMAIL/venv/lib/python3.9/site-packages/airflow/example_dags/example_skip_dag.py
[2022-08-21 16:44:45,271] {processor.py:641} INFO - Processing file /Users/abhaymone/src/dev/sand/MANAGE-GMAIL/venv/lib/python3.9/site-packages/airflow/example_dags/example_skip_dag.py for tasks to queue
[2022-08-21 16:44:45,272] {logging_mixin.py:115} INFO - [2022-08-21 16:44:45,272] {dagbag.py:508} INFO - Filling up the DagBag from /Users/abhaymone/src/dev/sand/MANAGE-GMAIL/venv/lib/python3.9/site-packages/airflow/example_dags/example_skip_dag.py
[2022-08-21 16:44:45,286] {processor.py:651} INFO - DAG(s) dict_keys(['example_skip_dag']) retrieved from /Users/abhaymone/src/dev/sand/MANAGE-GMAIL/venv/lib/python3.9/site-packages/airflow/example_dags/example_skip_dag.py
[2022-08-21 16:44:45,338] {logging_mixin.py:115} INFO - [2022-08-21 16:44:45,338] {dag.py:2420} INFO - Sync 1 DAGs
[2022-08-21 16:44:45,349] {logging_mixin.py:115} INFO - [2022-08-21 16:44:45,349] {dag.py:2968} INFO - Setting next_dagrun for example_skip_dag to 2022-08-20T20:44:45.348892+00:00, run_after=2022-08-21T20:44:45.348892+00:00
[2022-08-21 16:44:45,361] {processor.py:161} INFO - Processing /Users/abhaymone/src/dev/sand/MANAGE-GMAIL/venv/lib/python3.9/site-packages/airflow/example_dags/example_skip_dag.py took 0.097 seconds
[2022-08-21 16:45:43,491] {processor.py:153} INFO - Started process (PID=4364) to work on /Users/abhaymone/src/dev/sand/MANAGE-GMAIL/venv/lib/python3.9/site-packages/airflow/example_dags/example_skip_dag.py
[2022-08-21 16:45:43,492] {processor.py:641} INFO - Processing file /Users/abhaymone/src/dev/sand/MANAGE-GMAIL/venv/lib/python3.9/site-packages/airflow/example_dags/example_skip_dag.py for tasks to queue
[2022-08-21 16:45:43,492] {logging_mixin.py:115} INFO - [2022-08-21 16:45:43,492] {dagbag.py:508} INFO - Filling up the DagBag from /Users/abhaymone/src/dev/sand/MANAGE-GMAIL/venv/lib/python3.9/site-packages/airflow/example_dags/example_skip_dag.py
[2022-08-21 16:45:43,504] {processor.py:651} INFO - DAG(s) dict_keys(['example_skip_dag']) retrieved from /Users/abhaymone/src/dev/sand/MANAGE-GMAIL/venv/lib/python3.9/site-packages/airflow/example_dags/example_skip_dag.py
[2022-08-21 16:45:43,569] {logging_mixin.py:115} INFO - [2022-08-21 16:45:43,568] {dag.py:2420} INFO - Sync 1 DAGs
[2022-08-21 16:45:43,581] {logging_mixin.py:115} INFO - [2022-08-21 16:45:43,581] {dag.py:2968} INFO - Setting next_dagrun for example_skip_dag to 2022-08-20T20:45:43.581308+00:00, run_after=2022-08-21T20:45:43.581308+00:00
[2022-08-21 16:45:43,603] {processor.py:161} INFO - Processing /Users/abhaymone/src/dev/sand/MANAGE-GMAIL/venv/lib/python3.9/site-packages/airflow/example_dags/example_skip_dag.py took 0.112 seconds
[2022-08-21 16:46:37,606] {processor.py:153} INFO - Started process (PID=4473) to work on /Users/abhaymone/src/dev/sand/MANAGE-GMAIL/venv/lib/python3.9/site-packages/airflow/example_dags/example_skip_dag.py
[2022-08-21 16:46:37,612] {processor.py:641} INFO - Processing file /Users/abhaymone/src/dev/sand/MANAGE-GMAIL/venv/lib/python3.9/site-packages/airflow/example_dags/example_skip_dag.py for tasks to queue
[2022-08-21 16:46:37,613] {logging_mixin.py:115} INFO - [2022-08-21 16:46:37,613] {dagbag.py:508} INFO - Filling up the DagBag from /Users/abhaymone/src/dev/sand/MANAGE-GMAIL/venv/lib/python3.9/site-packages/airflow/example_dags/example_skip_dag.py
[2022-08-21 16:46:37,628] {processor.py:651} INFO - DAG(s) dict_keys(['example_skip_dag']) retrieved from /Users/abhaymone/src/dev/sand/MANAGE-GMAIL/venv/lib/python3.9/site-packages/airflow/example_dags/example_skip_dag.py
[2022-08-21 16:46:37,680] {logging_mixin.py:115} INFO - [2022-08-21 16:46:37,680] {dag.py:2420} INFO - Sync 1 DAGs
[2022-08-21 16:46:37,690] {logging_mixin.py:115} INFO - [2022-08-21 16:46:37,690] {dag.py:2968} INFO - Setting next_dagrun for example_skip_dag to 2022-08-20T20:46:37.690622+00:00, run_after=2022-08-21T20:46:37.690622+00:00
[2022-08-21 16:46:37,701] {processor.py:161} INFO - Processing /Users/abhaymone/src/dev/sand/MANAGE-GMAIL/venv/lib/python3.9/site-packages/airflow/example_dags/example_skip_dag.py took 0.095 seconds
[2022-08-21 16:47:38,790] {processor.py:153} INFO - Started process (PID=4559) to work on /Users/abhaymone/src/dev/sand/MANAGE-GMAIL/venv/lib/python3.9/site-packages/airflow/example_dags/example_skip_dag.py
[2022-08-21 16:47:38,796] {processor.py:641} INFO - Processing file /Users/abhaymone/src/dev/sand/MANAGE-GMAIL/venv/lib/python3.9/site-packages/airflow/example_dags/example_skip_dag.py for tasks to queue
[2022-08-21 16:47:38,796] {logging_mixin.py:115} INFO - [2022-08-21 16:47:38,796] {dagbag.py:508} INFO - Filling up the DagBag from /Users/abhaymone/src/dev/sand/MANAGE-GMAIL/venv/lib/python3.9/site-packages/airflow/example_dags/example_skip_dag.py
[2022-08-21 16:47:38,811] {processor.py:651} INFO - DAG(s) dict_keys(['example_skip_dag']) retrieved from /Users/abhaymone/src/dev/sand/MANAGE-GMAIL/venv/lib/python3.9/site-packages/airflow/example_dags/example_skip_dag.py
[2022-08-21 16:47:38,864] {logging_mixin.py:115} INFO - [2022-08-21 16:47:38,864] {dag.py:2420} INFO - Sync 1 DAGs
[2022-08-21 16:47:38,876] {logging_mixin.py:115} INFO - [2022-08-21 16:47:38,876] {dag.py:2968} INFO - Setting next_dagrun for example_skip_dag to 2022-08-20T20:47:38.876260+00:00, run_after=2022-08-21T20:47:38.876260+00:00
[2022-08-21 16:47:38,887] {processor.py:161} INFO - Processing /Users/abhaymone/src/dev/sand/MANAGE-GMAIL/venv/lib/python3.9/site-packages/airflow/example_dags/example_skip_dag.py took 0.097 seconds
[2022-08-21 16:48:49,580] {processor.py:153} INFO - Started process (PID=4609) to work on /Users/abhaymone/src/dev/sand/MANAGE-GMAIL/venv/lib/python3.9/site-packages/airflow/example_dags/example_skip_dag.py
[2022-08-21 16:48:49,582] {processor.py:641} INFO - Processing file /Users/abhaymone/src/dev/sand/MANAGE-GMAIL/venv/lib/python3.9/site-packages/airflow/example_dags/example_skip_dag.py for tasks to queue
[2022-08-21 16:48:49,583] {logging_mixin.py:115} INFO - [2022-08-21 16:48:49,583] {dagbag.py:508} INFO - Filling up the DagBag from /Users/abhaymone/src/dev/sand/MANAGE-GMAIL/venv/lib/python3.9/site-packages/airflow/example_dags/example_skip_dag.py
[2022-08-21 16:48:49,598] {processor.py:651} INFO - DAG(s) dict_keys(['example_skip_dag']) retrieved from /Users/abhaymone/src/dev/sand/MANAGE-GMAIL/venv/lib/python3.9/site-packages/airflow/example_dags/example_skip_dag.py
[2022-08-21 16:48:49,658] {logging_mixin.py:115} INFO - [2022-08-21 16:48:49,658] {dag.py:2420} INFO - Sync 1 DAGs
[2022-08-21 16:48:49,670] {logging_mixin.py:115} INFO - [2022-08-21 16:48:49,670] {dag.py:2968} INFO - Setting next_dagrun for example_skip_dag to 2022-08-20T20:48:49.670259+00:00, run_after=2022-08-21T20:48:49.670259+00:00
[2022-08-21 16:48:49,681] {processor.py:161} INFO - Processing /Users/abhaymone/src/dev/sand/MANAGE-GMAIL/venv/lib/python3.9/site-packages/airflow/example_dags/example_skip_dag.py took 0.101 seconds
[2022-08-21 16:49:48,547] {processor.py:153} INFO - Started process (PID=4648) to work on /Users/abhaymone/src/dev/sand/MANAGE-GMAIL/venv/lib/python3.9/site-packages/airflow/example_dags/example_skip_dag.py
[2022-08-21 16:49:48,548] {processor.py:641} INFO - Processing file /Users/abhaymone/src/dev/sand/MANAGE-GMAIL/venv/lib/python3.9/site-packages/airflow/example_dags/example_skip_dag.py for tasks to queue
[2022-08-21 16:49:48,548] {logging_mixin.py:115} INFO - [2022-08-21 16:49:48,548] {dagbag.py:508} INFO - Filling up the DagBag from /Users/abhaymone/src/dev/sand/MANAGE-GMAIL/venv/lib/python3.9/site-packages/airflow/example_dags/example_skip_dag.py
[2022-08-21 16:49:48,571] {processor.py:651} INFO - DAG(s) dict_keys(['example_skip_dag']) retrieved from /Users/abhaymone/src/dev/sand/MANAGE-GMAIL/venv/lib/python3.9/site-packages/airflow/example_dags/example_skip_dag.py
[2022-08-21 16:49:48,633] {logging_mixin.py:115} INFO - [2022-08-21 16:49:48,633] {dag.py:2420} INFO - Sync 1 DAGs
[2022-08-21 16:49:48,649] {logging_mixin.py:115} INFO - [2022-08-21 16:49:48,649] {dag.py:2968} INFO - Setting next_dagrun for example_skip_dag to 2022-08-20T20:49:48.649566+00:00, run_after=2022-08-21T20:49:48.649566+00:00
[2022-08-21 16:49:48,662] {processor.py:161} INFO - Processing /Users/abhaymone/src/dev/sand/MANAGE-GMAIL/venv/lib/python3.9/site-packages/airflow/example_dags/example_skip_dag.py took 0.116 seconds
[2022-08-21 16:50:52,867] {processor.py:153} INFO - Started process (PID=4708) to work on /Users/abhaymone/src/dev/sand/MANAGE-GMAIL/venv/lib/python3.9/site-packages/airflow/example_dags/example_skip_dag.py
[2022-08-21 16:50:52,873] {processor.py:641} INFO - Processing file /Users/abhaymone/src/dev/sand/MANAGE-GMAIL/venv/lib/python3.9/site-packages/airflow/example_dags/example_skip_dag.py for tasks to queue
[2022-08-21 16:50:52,873] {logging_mixin.py:115} INFO - [2022-08-21 16:50:52,873] {dagbag.py:508} INFO - Filling up the DagBag from /Users/abhaymone/src/dev/sand/MANAGE-GMAIL/venv/lib/python3.9/site-packages/airflow/example_dags/example_skip_dag.py
[2022-08-21 16:50:52,888] {processor.py:651} INFO - DAG(s) dict_keys(['example_skip_dag']) retrieved from /Users/abhaymone/src/dev/sand/MANAGE-GMAIL/venv/lib/python3.9/site-packages/airflow/example_dags/example_skip_dag.py
[2022-08-21 16:50:52,937] {logging_mixin.py:115} INFO - [2022-08-21 16:50:52,937] {dag.py:2420} INFO - Sync 1 DAGs
[2022-08-21 16:50:52,948] {logging_mixin.py:115} INFO - [2022-08-21 16:50:52,948] {dag.py:2968} INFO - Setting next_dagrun for example_skip_dag to 2022-08-20T20:50:52.948083+00:00, run_after=2022-08-21T20:50:52.948083+00:00
[2022-08-21 16:50:52,958] {processor.py:161} INFO - Processing /Users/abhaymone/src/dev/sand/MANAGE-GMAIL/venv/lib/python3.9/site-packages/airflow/example_dags/example_skip_dag.py took 0.092 seconds
[2022-08-21 16:51:51,158] {processor.py:153} INFO - Started process (PID=4818) to work on /Users/abhaymone/src/dev/sand/MANAGE-GMAIL/venv/lib/python3.9/site-packages/airflow/example_dags/example_skip_dag.py
[2022-08-21 16:51:51,164] {processor.py:641} INFO - Processing file /Users/abhaymone/src/dev/sand/MANAGE-GMAIL/venv/lib/python3.9/site-packages/airflow/example_dags/example_skip_dag.py for tasks to queue
[2022-08-21 16:51:51,165] {logging_mixin.py:115} INFO - [2022-08-21 16:51:51,165] {dagbag.py:508} INFO - Filling up the DagBag from /Users/abhaymone/src/dev/sand/MANAGE-GMAIL/venv/lib/python3.9/site-packages/airflow/example_dags/example_skip_dag.py
[2022-08-21 16:51:51,178] {processor.py:651} INFO - DAG(s) dict_keys(['example_skip_dag']) retrieved from /Users/abhaymone/src/dev/sand/MANAGE-GMAIL/venv/lib/python3.9/site-packages/airflow/example_dags/example_skip_dag.py
[2022-08-21 16:51:51,228] {logging_mixin.py:115} INFO - [2022-08-21 16:51:51,228] {dag.py:2420} INFO - Sync 1 DAGs
[2022-08-21 16:51:51,238] {logging_mixin.py:115} INFO - [2022-08-21 16:51:51,238] {dag.py:2968} INFO - Setting next_dagrun for example_skip_dag to 2022-08-20T20:51:51.238645+00:00, run_after=2022-08-21T20:51:51.238645+00:00
[2022-08-21 16:51:51,249] {processor.py:161} INFO - Processing /Users/abhaymone/src/dev/sand/MANAGE-GMAIL/venv/lib/python3.9/site-packages/airflow/example_dags/example_skip_dag.py took 0.091 seconds
[2022-08-21 16:52:49,135] {processor.py:153} INFO - Started process (PID=5054) to work on /Users/abhaymone/src/dev/sand/MANAGE-GMAIL/venv/lib/python3.9/site-packages/airflow/example_dags/example_skip_dag.py
[2022-08-21 16:52:49,135] {processor.py:641} INFO - Processing file /Users/abhaymone/src/dev/sand/MANAGE-GMAIL/venv/lib/python3.9/site-packages/airflow/example_dags/example_skip_dag.py for tasks to queue
[2022-08-21 16:52:49,136] {logging_mixin.py:115} INFO - [2022-08-21 16:52:49,135] {dagbag.py:508} INFO - Filling up the DagBag from /Users/abhaymone/src/dev/sand/MANAGE-GMAIL/venv/lib/python3.9/site-packages/airflow/example_dags/example_skip_dag.py
[2022-08-21 16:52:49,148] {processor.py:651} INFO - DAG(s) dict_keys(['example_skip_dag']) retrieved from /Users/abhaymone/src/dev/sand/MANAGE-GMAIL/venv/lib/python3.9/site-packages/airflow/example_dags/example_skip_dag.py
[2022-08-21 16:52:49,290] {logging_mixin.py:115} INFO - [2022-08-21 16:52:49,289] {dag.py:2420} INFO - Sync 1 DAGs
[2022-08-21 16:52:49,303] {logging_mixin.py:115} INFO - [2022-08-21 16:52:49,303] {dag.py:2968} INFO - Setting next_dagrun for example_skip_dag to 2022-08-20T20:52:49.303240+00:00, run_after=2022-08-21T20:52:49.303240+00:00
[2022-08-21 16:52:49,324] {processor.py:161} INFO - Processing /Users/abhaymone/src/dev/sand/MANAGE-GMAIL/venv/lib/python3.9/site-packages/airflow/example_dags/example_skip_dag.py took 0.189 seconds
[2022-08-21 16:53:55,457] {processor.py:153} INFO - Started process (PID=5151) to work on /Users/abhaymone/src/dev/sand/MANAGE-GMAIL/venv/lib/python3.9/site-packages/airflow/example_dags/example_skip_dag.py
[2022-08-21 16:53:55,458] {processor.py:641} INFO - Processing file /Users/abhaymone/src/dev/sand/MANAGE-GMAIL/venv/lib/python3.9/site-packages/airflow/example_dags/example_skip_dag.py for tasks to queue
[2022-08-21 16:53:55,458] {logging_mixin.py:115} INFO - [2022-08-21 16:53:55,458] {dagbag.py:508} INFO - Filling up the DagBag from /Users/abhaymone/src/dev/sand/MANAGE-GMAIL/venv/lib/python3.9/site-packages/airflow/example_dags/example_skip_dag.py
[2022-08-21 16:53:55,468] {processor.py:651} INFO - DAG(s) dict_keys(['example_skip_dag']) retrieved from /Users/abhaymone/src/dev/sand/MANAGE-GMAIL/venv/lib/python3.9/site-packages/airflow/example_dags/example_skip_dag.py
[2022-08-21 16:53:55,520] {logging_mixin.py:115} INFO - [2022-08-21 16:53:55,520] {dag.py:2420} INFO - Sync 1 DAGs
[2022-08-21 16:53:55,531] {logging_mixin.py:115} INFO - [2022-08-21 16:53:55,531] {dag.py:2968} INFO - Setting next_dagrun for example_skip_dag to 2022-08-20T20:53:55.531461+00:00, run_after=2022-08-21T20:53:55.531461+00:00
[2022-08-21 16:53:55,548] {processor.py:161} INFO - Processing /Users/abhaymone/src/dev/sand/MANAGE-GMAIL/venv/lib/python3.9/site-packages/airflow/example_dags/example_skip_dag.py took 0.091 seconds
[2022-08-21 16:54:54,880] {processor.py:153} INFO - Started process (PID=5207) to work on /Users/abhaymone/src/dev/sand/MANAGE-GMAIL/venv/lib/python3.9/site-packages/airflow/example_dags/example_skip_dag.py
[2022-08-21 16:54:54,883] {processor.py:641} INFO - Processing file /Users/abhaymone/src/dev/sand/MANAGE-GMAIL/venv/lib/python3.9/site-packages/airflow/example_dags/example_skip_dag.py for tasks to queue
[2022-08-21 16:54:54,883] {logging_mixin.py:115} INFO - [2022-08-21 16:54:54,883] {dagbag.py:508} INFO - Filling up the DagBag from /Users/abhaymone/src/dev/sand/MANAGE-GMAIL/venv/lib/python3.9/site-packages/airflow/example_dags/example_skip_dag.py
[2022-08-21 16:54:54,897] {processor.py:651} INFO - DAG(s) dict_keys(['example_skip_dag']) retrieved from /Users/abhaymone/src/dev/sand/MANAGE-GMAIL/venv/lib/python3.9/site-packages/airflow/example_dags/example_skip_dag.py
[2022-08-21 16:54:54,953] {logging_mixin.py:115} INFO - [2022-08-21 16:54:54,953] {dag.py:2420} INFO - Sync 1 DAGs
[2022-08-21 16:54:54,967] {logging_mixin.py:115} INFO - [2022-08-21 16:54:54,967] {dag.py:2968} INFO - Setting next_dagrun for example_skip_dag to 2022-08-20T20:54:54.967108+00:00, run_after=2022-08-21T20:54:54.967108+00:00
[2022-08-21 16:54:54,979] {processor.py:161} INFO - Processing /Users/abhaymone/src/dev/sand/MANAGE-GMAIL/venv/lib/python3.9/site-packages/airflow/example_dags/example_skip_dag.py took 0.100 seconds
