[2022-08-21 16:14:57,046] {processor.py:153} INFO - Started process (PID=3384) to work on /Users/abhaymone/src/dev/sand/MANAGE-GMAIL/venv/lib/python3.9/site-packages/airflow/example_dags/example_external_task_marker_dag.py
[2022-08-21 16:14:57,046] {processor.py:641} INFO - Processing file /Users/abhaymone/src/dev/sand/MANAGE-GMAIL/venv/lib/python3.9/site-packages/airflow/example_dags/example_external_task_marker_dag.py for tasks to queue
[2022-08-21 16:14:57,046] {logging_mixin.py:115} INFO - [2022-08-21 16:14:57,046] {dagbag.py:508} INFO - Filling up the DagBag from /Users/abhaymone/src/dev/sand/MANAGE-GMAIL/venv/lib/python3.9/site-packages/airflow/example_dags/example_external_task_marker_dag.py
[2022-08-21 16:14:57,067] {processor.py:651} INFO - DAG(s) dict_keys(['example_external_task_marker_parent', 'example_external_task_marker_child']) retrieved from /Users/abhaymone/src/dev/sand/MANAGE-GMAIL/venv/lib/python3.9/site-packages/airflow/example_dags/example_external_task_marker_dag.py
[2022-08-21 16:14:57,848] {logging_mixin.py:115} INFO - [2022-08-21 16:14:57,847] {manager.py:508} INFO - Created Permission View: can read on DAG:example_external_task_marker_parent
[2022-08-21 16:14:57,901] {logging_mixin.py:115} INFO - [2022-08-21 16:14:57,901] {manager.py:508} INFO - Created Permission View: can edit on DAG:example_external_task_marker_parent
[2022-08-21 16:14:57,906] {logging_mixin.py:115} INFO - [2022-08-21 16:14:57,906] {manager.py:508} INFO - Created Permission View: can delete on DAG:example_external_task_marker_parent
[2022-08-21 16:14:57,944] {logging_mixin.py:115} INFO - [2022-08-21 16:14:57,944] {manager.py:508} INFO - Created Permission View: can read on DAG:example_external_task_marker_child
[2022-08-21 16:14:57,949] {logging_mixin.py:115} INFO - [2022-08-21 16:14:57,949] {manager.py:508} INFO - Created Permission View: can edit on DAG:example_external_task_marker_child
[2022-08-21 16:14:57,954] {logging_mixin.py:115} INFO - [2022-08-21 16:14:57,954] {manager.py:508} INFO - Created Permission View: can delete on DAG:example_external_task_marker_child
[2022-08-21 16:14:57,954] {logging_mixin.py:115} INFO - [2022-08-21 16:14:57,954] {dag.py:2420} INFO - Sync 2 DAGs
[2022-08-21 16:14:57,962] {logging_mixin.py:115} INFO - [2022-08-21 16:14:57,962] {dag.py:2439} INFO - Creating ORM DAG for example_external_task_marker_parent
[2022-08-21 16:14:57,962] {logging_mixin.py:115} INFO - [2022-08-21 16:14:57,962] {dag.py:2439} INFO - Creating ORM DAG for example_external_task_marker_child
[2022-08-21 16:14:57,969] {logging_mixin.py:115} INFO - [2022-08-21 16:14:57,969] {dag.py:2968} INFO - Setting next_dagrun for example_external_task_marker_child to None, run_after=None
[2022-08-21 16:14:57,969] {logging_mixin.py:115} INFO - [2022-08-21 16:14:57,969] {dag.py:2968} INFO - Setting next_dagrun for example_external_task_marker_parent to None, run_after=None
[2022-08-21 16:14:57,981] {processor.py:161} INFO - Processing /Users/abhaymone/src/dev/sand/MANAGE-GMAIL/venv/lib/python3.9/site-packages/airflow/example_dags/example_external_task_marker_dag.py took 0.935 seconds
[2022-08-21 16:16:09,543] {processor.py:153} INFO - Started process (PID=3438) to work on /Users/abhaymone/src/dev/sand/MANAGE-GMAIL/venv/lib/python3.9/site-packages/airflow/example_dags/example_external_task_marker_dag.py
[2022-08-21 16:16:09,549] {processor.py:641} INFO - Processing file /Users/abhaymone/src/dev/sand/MANAGE-GMAIL/venv/lib/python3.9/site-packages/airflow/example_dags/example_external_task_marker_dag.py for tasks to queue
[2022-08-21 16:16:09,549] {logging_mixin.py:115} INFO - [2022-08-21 16:16:09,549] {dagbag.py:508} INFO - Filling up the DagBag from /Users/abhaymone/src/dev/sand/MANAGE-GMAIL/venv/lib/python3.9/site-packages/airflow/example_dags/example_external_task_marker_dag.py
[2022-08-21 16:16:09,564] {processor.py:651} INFO - DAG(s) dict_keys(['example_external_task_marker_parent', 'example_external_task_marker_child']) retrieved from /Users/abhaymone/src/dev/sand/MANAGE-GMAIL/venv/lib/python3.9/site-packages/airflow/example_dags/example_external_task_marker_dag.py
[2022-08-21 16:16:09,618] {logging_mixin.py:115} INFO - [2022-08-21 16:16:09,618] {dag.py:2420} INFO - Sync 2 DAGs
[2022-08-21 16:16:09,629] {logging_mixin.py:115} INFO - [2022-08-21 16:16:09,629] {dag.py:2968} INFO - Setting next_dagrun for example_external_task_marker_child to None, run_after=None
[2022-08-21 16:16:09,629] {logging_mixin.py:115} INFO - [2022-08-21 16:16:09,629] {dag.py:2968} INFO - Setting next_dagrun for example_external_task_marker_parent to None, run_after=None
[2022-08-21 16:16:09,639] {processor.py:161} INFO - Processing /Users/abhaymone/src/dev/sand/MANAGE-GMAIL/venv/lib/python3.9/site-packages/airflow/example_dags/example_external_task_marker_dag.py took 0.097 seconds
[2022-08-21 16:17:08,752] {processor.py:153} INFO - Started process (PID=3474) to work on /Users/abhaymone/src/dev/sand/MANAGE-GMAIL/venv/lib/python3.9/site-packages/airflow/example_dags/example_external_task_marker_dag.py
[2022-08-21 16:17:08,752] {processor.py:641} INFO - Processing file /Users/abhaymone/src/dev/sand/MANAGE-GMAIL/venv/lib/python3.9/site-packages/airflow/example_dags/example_external_task_marker_dag.py for tasks to queue
[2022-08-21 16:17:08,753] {logging_mixin.py:115} INFO - [2022-08-21 16:17:08,753] {dagbag.py:508} INFO - Filling up the DagBag from /Users/abhaymone/src/dev/sand/MANAGE-GMAIL/venv/lib/python3.9/site-packages/airflow/example_dags/example_external_task_marker_dag.py
[2022-08-21 16:17:08,762] {processor.py:651} INFO - DAG(s) dict_keys(['example_external_task_marker_parent', 'example_external_task_marker_child']) retrieved from /Users/abhaymone/src/dev/sand/MANAGE-GMAIL/venv/lib/python3.9/site-packages/airflow/example_dags/example_external_task_marker_dag.py
[2022-08-21 16:17:08,816] {logging_mixin.py:115} INFO - [2022-08-21 16:17:08,816] {dag.py:2420} INFO - Sync 2 DAGs
[2022-08-21 16:17:08,826] {logging_mixin.py:115} INFO - [2022-08-21 16:17:08,826] {dag.py:2968} INFO - Setting next_dagrun for example_external_task_marker_child to None, run_after=None
[2022-08-21 16:17:08,826] {logging_mixin.py:115} INFO - [2022-08-21 16:17:08,826] {dag.py:2968} INFO - Setting next_dagrun for example_external_task_marker_parent to None, run_after=None
[2022-08-21 16:17:08,842] {processor.py:161} INFO - Processing /Users/abhaymone/src/dev/sand/MANAGE-GMAIL/venv/lib/python3.9/site-packages/airflow/example_dags/example_external_task_marker_dag.py took 0.090 seconds
[2022-08-21 16:28:40,497] {processor.py:153} INFO - Started process (PID=3560) to work on /Users/abhaymone/src/dev/sand/MANAGE-GMAIL/venv/lib/python3.9/site-packages/airflow/example_dags/example_external_task_marker_dag.py
[2022-08-21 16:28:40,503] {processor.py:641} INFO - Processing file /Users/abhaymone/src/dev/sand/MANAGE-GMAIL/venv/lib/python3.9/site-packages/airflow/example_dags/example_external_task_marker_dag.py for tasks to queue
[2022-08-21 16:28:40,503] {logging_mixin.py:115} INFO - [2022-08-21 16:28:40,503] {dagbag.py:508} INFO - Filling up the DagBag from /Users/abhaymone/src/dev/sand/MANAGE-GMAIL/venv/lib/python3.9/site-packages/airflow/example_dags/example_external_task_marker_dag.py
[2022-08-21 16:28:40,518] {processor.py:651} INFO - DAG(s) dict_keys(['example_external_task_marker_parent', 'example_external_task_marker_child']) retrieved from /Users/abhaymone/src/dev/sand/MANAGE-GMAIL/venv/lib/python3.9/site-packages/airflow/example_dags/example_external_task_marker_dag.py
[2022-08-21 16:28:40,581] {logging_mixin.py:115} INFO - [2022-08-21 16:28:40,581] {dag.py:2420} INFO - Sync 2 DAGs
[2022-08-21 16:28:40,593] {logging_mixin.py:115} INFO - [2022-08-21 16:28:40,593] {dag.py:2968} INFO - Setting next_dagrun for example_external_task_marker_child to None, run_after=None
[2022-08-21 16:28:40,593] {logging_mixin.py:115} INFO - [2022-08-21 16:28:40,593] {dag.py:2968} INFO - Setting next_dagrun for example_external_task_marker_parent to None, run_after=None
[2022-08-21 16:28:40,604] {processor.py:161} INFO - Processing /Users/abhaymone/src/dev/sand/MANAGE-GMAIL/venv/lib/python3.9/site-packages/airflow/example_dags/example_external_task_marker_dag.py took 0.107 seconds
[2022-08-21 16:29:38,391] {processor.py:153} INFO - Started process (PID=3598) to work on /Users/abhaymone/src/dev/sand/MANAGE-GMAIL/venv/lib/python3.9/site-packages/airflow/example_dags/example_external_task_marker_dag.py
[2022-08-21 16:29:38,391] {processor.py:641} INFO - Processing file /Users/abhaymone/src/dev/sand/MANAGE-GMAIL/venv/lib/python3.9/site-packages/airflow/example_dags/example_external_task_marker_dag.py for tasks to queue
[2022-08-21 16:29:38,391] {logging_mixin.py:115} INFO - [2022-08-21 16:29:38,391] {dagbag.py:508} INFO - Filling up the DagBag from /Users/abhaymone/src/dev/sand/MANAGE-GMAIL/venv/lib/python3.9/site-packages/airflow/example_dags/example_external_task_marker_dag.py
[2022-08-21 16:29:38,401] {processor.py:651} INFO - DAG(s) dict_keys(['example_external_task_marker_parent', 'example_external_task_marker_child']) retrieved from /Users/abhaymone/src/dev/sand/MANAGE-GMAIL/venv/lib/python3.9/site-packages/airflow/example_dags/example_external_task_marker_dag.py
[2022-08-21 16:29:38,454] {logging_mixin.py:115} INFO - [2022-08-21 16:29:38,454] {dag.py:2420} INFO - Sync 2 DAGs
[2022-08-21 16:29:38,464] {logging_mixin.py:115} INFO - [2022-08-21 16:29:38,464] {dag.py:2968} INFO - Setting next_dagrun for example_external_task_marker_child to None, run_after=None
[2022-08-21 16:29:38,465] {logging_mixin.py:115} INFO - [2022-08-21 16:29:38,464] {dag.py:2968} INFO - Setting next_dagrun for example_external_task_marker_parent to None, run_after=None
[2022-08-21 16:29:38,481] {processor.py:161} INFO - Processing /Users/abhaymone/src/dev/sand/MANAGE-GMAIL/venv/lib/python3.9/site-packages/airflow/example_dags/example_external_task_marker_dag.py took 0.090 seconds
[2022-08-21 16:30:35,763] {processor.py:153} INFO - Started process (PID=3634) to work on /Users/abhaymone/src/dev/sand/MANAGE-GMAIL/venv/lib/python3.9/site-packages/airflow/example_dags/example_external_task_marker_dag.py
[2022-08-21 16:30:35,763] {processor.py:641} INFO - Processing file /Users/abhaymone/src/dev/sand/MANAGE-GMAIL/venv/lib/python3.9/site-packages/airflow/example_dags/example_external_task_marker_dag.py for tasks to queue
[2022-08-21 16:30:35,763] {logging_mixin.py:115} INFO - [2022-08-21 16:30:35,763] {dagbag.py:508} INFO - Filling up the DagBag from /Users/abhaymone/src/dev/sand/MANAGE-GMAIL/venv/lib/python3.9/site-packages/airflow/example_dags/example_external_task_marker_dag.py
[2022-08-21 16:30:35,773] {processor.py:651} INFO - DAG(s) dict_keys(['example_external_task_marker_parent', 'example_external_task_marker_child']) retrieved from /Users/abhaymone/src/dev/sand/MANAGE-GMAIL/venv/lib/python3.9/site-packages/airflow/example_dags/example_external_task_marker_dag.py
[2022-08-21 16:30:35,827] {logging_mixin.py:115} INFO - [2022-08-21 16:30:35,827] {dag.py:2420} INFO - Sync 2 DAGs
[2022-08-21 16:30:35,837] {logging_mixin.py:115} INFO - [2022-08-21 16:30:35,837] {dag.py:2968} INFO - Setting next_dagrun for example_external_task_marker_child to None, run_after=None
[2022-08-21 16:30:35,838] {logging_mixin.py:115} INFO - [2022-08-21 16:30:35,838] {dag.py:2968} INFO - Setting next_dagrun for example_external_task_marker_parent to None, run_after=None
[2022-08-21 16:30:35,854] {processor.py:161} INFO - Processing /Users/abhaymone/src/dev/sand/MANAGE-GMAIL/venv/lib/python3.9/site-packages/airflow/example_dags/example_external_task_marker_dag.py took 0.091 seconds
[2022-08-21 16:31:46,077] {processor.py:153} INFO - Started process (PID=3672) to work on /Users/abhaymone/src/dev/sand/MANAGE-GMAIL/venv/lib/python3.9/site-packages/airflow/example_dags/example_external_task_marker_dag.py
[2022-08-21 16:31:46,083] {processor.py:641} INFO - Processing file /Users/abhaymone/src/dev/sand/MANAGE-GMAIL/venv/lib/python3.9/site-packages/airflow/example_dags/example_external_task_marker_dag.py for tasks to queue
[2022-08-21 16:31:46,084] {logging_mixin.py:115} INFO - [2022-08-21 16:31:46,084] {dagbag.py:508} INFO - Filling up the DagBag from /Users/abhaymone/src/dev/sand/MANAGE-GMAIL/venv/lib/python3.9/site-packages/airflow/example_dags/example_external_task_marker_dag.py
[2022-08-21 16:31:46,099] {processor.py:651} INFO - DAG(s) dict_keys(['example_external_task_marker_parent', 'example_external_task_marker_child']) retrieved from /Users/abhaymone/src/dev/sand/MANAGE-GMAIL/venv/lib/python3.9/site-packages/airflow/example_dags/example_external_task_marker_dag.py
[2022-08-21 16:31:46,154] {logging_mixin.py:115} INFO - [2022-08-21 16:31:46,154] {dag.py:2420} INFO - Sync 2 DAGs
[2022-08-21 16:31:46,164] {logging_mixin.py:115} INFO - [2022-08-21 16:31:46,164] {dag.py:2968} INFO - Setting next_dagrun for example_external_task_marker_child to None, run_after=None
[2022-08-21 16:31:46,165] {logging_mixin.py:115} INFO - [2022-08-21 16:31:46,165] {dag.py:2968} INFO - Setting next_dagrun for example_external_task_marker_parent to None, run_after=None
[2022-08-21 16:31:46,175] {processor.py:161} INFO - Processing /Users/abhaymone/src/dev/sand/MANAGE-GMAIL/venv/lib/python3.9/site-packages/airflow/example_dags/example_external_task_marker_dag.py took 0.098 seconds
[2022-08-21 16:32:45,122] {processor.py:153} INFO - Started process (PID=3715) to work on /Users/abhaymone/src/dev/sand/MANAGE-GMAIL/venv/lib/python3.9/site-packages/airflow/example_dags/example_external_task_marker_dag.py
[2022-08-21 16:32:45,128] {processor.py:641} INFO - Processing file /Users/abhaymone/src/dev/sand/MANAGE-GMAIL/venv/lib/python3.9/site-packages/airflow/example_dags/example_external_task_marker_dag.py for tasks to queue
[2022-08-21 16:32:45,129] {logging_mixin.py:115} INFO - [2022-08-21 16:32:45,129] {dagbag.py:508} INFO - Filling up the DagBag from /Users/abhaymone/src/dev/sand/MANAGE-GMAIL/venv/lib/python3.9/site-packages/airflow/example_dags/example_external_task_marker_dag.py
[2022-08-21 16:32:45,145] {processor.py:651} INFO - DAG(s) dict_keys(['example_external_task_marker_parent', 'example_external_task_marker_child']) retrieved from /Users/abhaymone/src/dev/sand/MANAGE-GMAIL/venv/lib/python3.9/site-packages/airflow/example_dags/example_external_task_marker_dag.py
[2022-08-21 16:32:45,209] {logging_mixin.py:115} INFO - [2022-08-21 16:32:45,209] {dag.py:2420} INFO - Sync 2 DAGs
[2022-08-21 16:32:45,221] {logging_mixin.py:115} INFO - [2022-08-21 16:32:45,221] {dag.py:2968} INFO - Setting next_dagrun for example_external_task_marker_child to None, run_after=None
[2022-08-21 16:32:45,221] {logging_mixin.py:115} INFO - [2022-08-21 16:32:45,221] {dag.py:2968} INFO - Setting next_dagrun for example_external_task_marker_parent to None, run_after=None
[2022-08-21 16:32:45,232] {processor.py:161} INFO - Processing /Users/abhaymone/src/dev/sand/MANAGE-GMAIL/venv/lib/python3.9/site-packages/airflow/example_dags/example_external_task_marker_dag.py took 0.111 seconds
[2022-08-21 16:33:44,408] {processor.py:153} INFO - Started process (PID=3750) to work on /Users/abhaymone/src/dev/sand/MANAGE-GMAIL/venv/lib/python3.9/site-packages/airflow/example_dags/example_external_task_marker_dag.py
[2022-08-21 16:33:44,414] {processor.py:641} INFO - Processing file /Users/abhaymone/src/dev/sand/MANAGE-GMAIL/venv/lib/python3.9/site-packages/airflow/example_dags/example_external_task_marker_dag.py for tasks to queue
[2022-08-21 16:33:44,416] {logging_mixin.py:115} INFO - [2022-08-21 16:33:44,416] {dagbag.py:508} INFO - Filling up the DagBag from /Users/abhaymone/src/dev/sand/MANAGE-GMAIL/venv/lib/python3.9/site-packages/airflow/example_dags/example_external_task_marker_dag.py
[2022-08-21 16:33:44,430] {processor.py:651} INFO - DAG(s) dict_keys(['example_external_task_marker_parent', 'example_external_task_marker_child']) retrieved from /Users/abhaymone/src/dev/sand/MANAGE-GMAIL/venv/lib/python3.9/site-packages/airflow/example_dags/example_external_task_marker_dag.py
[2022-08-21 16:33:44,489] {logging_mixin.py:115} INFO - [2022-08-21 16:33:44,489] {dag.py:2420} INFO - Sync 2 DAGs
[2022-08-21 16:33:44,500] {logging_mixin.py:115} INFO - [2022-08-21 16:33:44,500] {dag.py:2968} INFO - Setting next_dagrun for example_external_task_marker_child to None, run_after=None
[2022-08-21 16:33:44,501] {logging_mixin.py:115} INFO - [2022-08-21 16:33:44,500] {dag.py:2968} INFO - Setting next_dagrun for example_external_task_marker_parent to None, run_after=None
[2022-08-21 16:33:44,511] {processor.py:161} INFO - Processing /Users/abhaymone/src/dev/sand/MANAGE-GMAIL/venv/lib/python3.9/site-packages/airflow/example_dags/example_external_task_marker_dag.py took 0.103 seconds
[2022-08-21 16:34:44,843] {processor.py:153} INFO - Started process (PID=3787) to work on /Users/abhaymone/src/dev/sand/MANAGE-GMAIL/venv/lib/python3.9/site-packages/airflow/example_dags/example_external_task_marker_dag.py
[2022-08-21 16:34:44,849] {processor.py:641} INFO - Processing file /Users/abhaymone/src/dev/sand/MANAGE-GMAIL/venv/lib/python3.9/site-packages/airflow/example_dags/example_external_task_marker_dag.py for tasks to queue
[2022-08-21 16:34:44,850] {logging_mixin.py:115} INFO - [2022-08-21 16:34:44,849] {dagbag.py:508} INFO - Filling up the DagBag from /Users/abhaymone/src/dev/sand/MANAGE-GMAIL/venv/lib/python3.9/site-packages/airflow/example_dags/example_external_task_marker_dag.py
[2022-08-21 16:34:44,863] {processor.py:651} INFO - DAG(s) dict_keys(['example_external_task_marker_parent', 'example_external_task_marker_child']) retrieved from /Users/abhaymone/src/dev/sand/MANAGE-GMAIL/venv/lib/python3.9/site-packages/airflow/example_dags/example_external_task_marker_dag.py
[2022-08-21 16:34:44,922] {logging_mixin.py:115} INFO - [2022-08-21 16:34:44,922] {dag.py:2420} INFO - Sync 2 DAGs
[2022-08-21 16:34:44,933] {logging_mixin.py:115} INFO - [2022-08-21 16:34:44,933] {dag.py:2968} INFO - Setting next_dagrun for example_external_task_marker_child to None, run_after=None
[2022-08-21 16:34:44,933] {logging_mixin.py:115} INFO - [2022-08-21 16:34:44,933] {dag.py:2968} INFO - Setting next_dagrun for example_external_task_marker_parent to None, run_after=None
[2022-08-21 16:34:44,945] {processor.py:161} INFO - Processing /Users/abhaymone/src/dev/sand/MANAGE-GMAIL/venv/lib/python3.9/site-packages/airflow/example_dags/example_external_task_marker_dag.py took 0.102 seconds
[2022-08-21 16:35:43,448] {processor.py:153} INFO - Started process (PID=3824) to work on /Users/abhaymone/src/dev/sand/MANAGE-GMAIL/venv/lib/python3.9/site-packages/airflow/example_dags/example_external_task_marker_dag.py
[2022-08-21 16:35:43,454] {processor.py:641} INFO - Processing file /Users/abhaymone/src/dev/sand/MANAGE-GMAIL/venv/lib/python3.9/site-packages/airflow/example_dags/example_external_task_marker_dag.py for tasks to queue
[2022-08-21 16:35:43,454] {logging_mixin.py:115} INFO - [2022-08-21 16:35:43,454] {dagbag.py:508} INFO - Filling up the DagBag from /Users/abhaymone/src/dev/sand/MANAGE-GMAIL/venv/lib/python3.9/site-packages/airflow/example_dags/example_external_task_marker_dag.py
[2022-08-21 16:35:43,469] {processor.py:651} INFO - DAG(s) dict_keys(['example_external_task_marker_parent', 'example_external_task_marker_child']) retrieved from /Users/abhaymone/src/dev/sand/MANAGE-GMAIL/venv/lib/python3.9/site-packages/airflow/example_dags/example_external_task_marker_dag.py
[2022-08-21 16:35:43,550] {logging_mixin.py:115} INFO - [2022-08-21 16:35:43,550] {dag.py:2420} INFO - Sync 2 DAGs
[2022-08-21 16:35:43,562] {logging_mixin.py:115} INFO - [2022-08-21 16:35:43,562] {dag.py:2968} INFO - Setting next_dagrun for example_external_task_marker_child to None, run_after=None
[2022-08-21 16:35:43,562] {logging_mixin.py:115} INFO - [2022-08-21 16:35:43,562] {dag.py:2968} INFO - Setting next_dagrun for example_external_task_marker_parent to None, run_after=None
[2022-08-21 16:35:43,571] {processor.py:161} INFO - Processing /Users/abhaymone/src/dev/sand/MANAGE-GMAIL/venv/lib/python3.9/site-packages/airflow/example_dags/example_external_task_marker_dag.py took 0.123 seconds
[2022-08-21 16:36:47,234] {processor.py:153} INFO - Started process (PID=3864) to work on /Users/abhaymone/src/dev/sand/MANAGE-GMAIL/venv/lib/python3.9/site-packages/airflow/example_dags/example_external_task_marker_dag.py
[2022-08-21 16:36:47,240] {processor.py:641} INFO - Processing file /Users/abhaymone/src/dev/sand/MANAGE-GMAIL/venv/lib/python3.9/site-packages/airflow/example_dags/example_external_task_marker_dag.py for tasks to queue
[2022-08-21 16:36:47,240] {logging_mixin.py:115} INFO - [2022-08-21 16:36:47,240] {dagbag.py:508} INFO - Filling up the DagBag from /Users/abhaymone/src/dev/sand/MANAGE-GMAIL/venv/lib/python3.9/site-packages/airflow/example_dags/example_external_task_marker_dag.py
[2022-08-21 16:36:47,254] {processor.py:651} INFO - DAG(s) dict_keys(['example_external_task_marker_parent', 'example_external_task_marker_child']) retrieved from /Users/abhaymone/src/dev/sand/MANAGE-GMAIL/venv/lib/python3.9/site-packages/airflow/example_dags/example_external_task_marker_dag.py
[2022-08-21 16:36:47,309] {logging_mixin.py:115} INFO - [2022-08-21 16:36:47,309] {dag.py:2420} INFO - Sync 2 DAGs
[2022-08-21 16:36:47,320] {logging_mixin.py:115} INFO - [2022-08-21 16:36:47,320] {dag.py:2968} INFO - Setting next_dagrun for example_external_task_marker_child to None, run_after=None
[2022-08-21 16:36:47,320] {logging_mixin.py:115} INFO - [2022-08-21 16:36:47,320] {dag.py:2968} INFO - Setting next_dagrun for example_external_task_marker_parent to None, run_after=None
[2022-08-21 16:36:47,330] {processor.py:161} INFO - Processing /Users/abhaymone/src/dev/sand/MANAGE-GMAIL/venv/lib/python3.9/site-packages/airflow/example_dags/example_external_task_marker_dag.py took 0.097 seconds
[2022-08-21 16:37:47,142] {processor.py:153} INFO - Started process (PID=3899) to work on /Users/abhaymone/src/dev/sand/MANAGE-GMAIL/venv/lib/python3.9/site-packages/airflow/example_dags/example_external_task_marker_dag.py
[2022-08-21 16:37:47,142] {processor.py:641} INFO - Processing file /Users/abhaymone/src/dev/sand/MANAGE-GMAIL/venv/lib/python3.9/site-packages/airflow/example_dags/example_external_task_marker_dag.py for tasks to queue
[2022-08-21 16:37:47,142] {logging_mixin.py:115} INFO - [2022-08-21 16:37:47,142] {dagbag.py:508} INFO - Filling up the DagBag from /Users/abhaymone/src/dev/sand/MANAGE-GMAIL/venv/lib/python3.9/site-packages/airflow/example_dags/example_external_task_marker_dag.py
[2022-08-21 16:37:47,152] {processor.py:651} INFO - DAG(s) dict_keys(['example_external_task_marker_parent', 'example_external_task_marker_child']) retrieved from /Users/abhaymone/src/dev/sand/MANAGE-GMAIL/venv/lib/python3.9/site-packages/airflow/example_dags/example_external_task_marker_dag.py
[2022-08-21 16:37:47,206] {logging_mixin.py:115} INFO - [2022-08-21 16:37:47,206] {dag.py:2420} INFO - Sync 2 DAGs
[2022-08-21 16:37:47,217] {logging_mixin.py:115} INFO - [2022-08-21 16:37:47,217] {dag.py:2968} INFO - Setting next_dagrun for example_external_task_marker_child to None, run_after=None
[2022-08-21 16:37:47,217] {logging_mixin.py:115} INFO - [2022-08-21 16:37:47,217] {dag.py:2968} INFO - Setting next_dagrun for example_external_task_marker_parent to None, run_after=None
[2022-08-21 16:37:47,232] {processor.py:161} INFO - Processing /Users/abhaymone/src/dev/sand/MANAGE-GMAIL/venv/lib/python3.9/site-packages/airflow/example_dags/example_external_task_marker_dag.py took 0.091 seconds
[2022-08-21 16:38:44,999] {processor.py:153} INFO - Started process (PID=3934) to work on /Users/abhaymone/src/dev/sand/MANAGE-GMAIL/venv/lib/python3.9/site-packages/airflow/example_dags/example_external_task_marker_dag.py
[2022-08-21 16:38:45,004] {processor.py:641} INFO - Processing file /Users/abhaymone/src/dev/sand/MANAGE-GMAIL/venv/lib/python3.9/site-packages/airflow/example_dags/example_external_task_marker_dag.py for tasks to queue
[2022-08-21 16:38:45,005] {logging_mixin.py:115} INFO - [2022-08-21 16:38:45,005] {dagbag.py:508} INFO - Filling up the DagBag from /Users/abhaymone/src/dev/sand/MANAGE-GMAIL/venv/lib/python3.9/site-packages/airflow/example_dags/example_external_task_marker_dag.py
[2022-08-21 16:38:45,019] {processor.py:651} INFO - DAG(s) dict_keys(['example_external_task_marker_parent', 'example_external_task_marker_child']) retrieved from /Users/abhaymone/src/dev/sand/MANAGE-GMAIL/venv/lib/python3.9/site-packages/airflow/example_dags/example_external_task_marker_dag.py
[2022-08-21 16:38:45,096] {logging_mixin.py:115} INFO - [2022-08-21 16:38:45,095] {dag.py:2420} INFO - Sync 2 DAGs
[2022-08-21 16:38:45,108] {logging_mixin.py:115} INFO - [2022-08-21 16:38:45,108] {dag.py:2968} INFO - Setting next_dagrun for example_external_task_marker_child to None, run_after=None
[2022-08-21 16:38:45,108] {logging_mixin.py:115} INFO - [2022-08-21 16:38:45,108] {dag.py:2968} INFO - Setting next_dagrun for example_external_task_marker_parent to None, run_after=None
[2022-08-21 16:38:45,118] {processor.py:161} INFO - Processing /Users/abhaymone/src/dev/sand/MANAGE-GMAIL/venv/lib/python3.9/site-packages/airflow/example_dags/example_external_task_marker_dag.py took 0.120 seconds
[2022-08-21 16:39:47,993] {processor.py:153} INFO - Started process (PID=3972) to work on /Users/abhaymone/src/dev/sand/MANAGE-GMAIL/venv/lib/python3.9/site-packages/airflow/example_dags/example_external_task_marker_dag.py
[2022-08-21 16:39:47,993] {processor.py:641} INFO - Processing file /Users/abhaymone/src/dev/sand/MANAGE-GMAIL/venv/lib/python3.9/site-packages/airflow/example_dags/example_external_task_marker_dag.py for tasks to queue
[2022-08-21 16:39:47,994] {logging_mixin.py:115} INFO - [2022-08-21 16:39:47,994] {dagbag.py:508} INFO - Filling up the DagBag from /Users/abhaymone/src/dev/sand/MANAGE-GMAIL/venv/lib/python3.9/site-packages/airflow/example_dags/example_external_task_marker_dag.py
[2022-08-21 16:39:48,004] {processor.py:651} INFO - DAG(s) dict_keys(['example_external_task_marker_parent', 'example_external_task_marker_child']) retrieved from /Users/abhaymone/src/dev/sand/MANAGE-GMAIL/venv/lib/python3.9/site-packages/airflow/example_dags/example_external_task_marker_dag.py
[2022-08-21 16:39:48,068] {logging_mixin.py:115} INFO - [2022-08-21 16:39:48,068] {dag.py:2420} INFO - Sync 2 DAGs
[2022-08-21 16:39:48,080] {logging_mixin.py:115} INFO - [2022-08-21 16:39:48,080] {dag.py:2968} INFO - Setting next_dagrun for example_external_task_marker_child to None, run_after=None
[2022-08-21 16:39:48,080] {logging_mixin.py:115} INFO - [2022-08-21 16:39:48,080] {dag.py:2968} INFO - Setting next_dagrun for example_external_task_marker_parent to None, run_after=None
[2022-08-21 16:39:48,096] {processor.py:161} INFO - Processing /Users/abhaymone/src/dev/sand/MANAGE-GMAIL/venv/lib/python3.9/site-packages/airflow/example_dags/example_external_task_marker_dag.py took 0.104 seconds
[2022-08-21 16:40:49,082] {processor.py:153} INFO - Started process (PID=4007) to work on /Users/abhaymone/src/dev/sand/MANAGE-GMAIL/venv/lib/python3.9/site-packages/airflow/example_dags/example_external_task_marker_dag.py
[2022-08-21 16:40:49,088] {processor.py:641} INFO - Processing file /Users/abhaymone/src/dev/sand/MANAGE-GMAIL/venv/lib/python3.9/site-packages/airflow/example_dags/example_external_task_marker_dag.py for tasks to queue
[2022-08-21 16:40:49,088] {logging_mixin.py:115} INFO - [2022-08-21 16:40:49,088] {dagbag.py:508} INFO - Filling up the DagBag from /Users/abhaymone/src/dev/sand/MANAGE-GMAIL/venv/lib/python3.9/site-packages/airflow/example_dags/example_external_task_marker_dag.py
[2022-08-21 16:40:49,102] {processor.py:651} INFO - DAG(s) dict_keys(['example_external_task_marker_parent', 'example_external_task_marker_child']) retrieved from /Users/abhaymone/src/dev/sand/MANAGE-GMAIL/venv/lib/python3.9/site-packages/airflow/example_dags/example_external_task_marker_dag.py
[2022-08-21 16:40:49,199] {logging_mixin.py:115} INFO - [2022-08-21 16:40:49,198] {dag.py:2420} INFO - Sync 2 DAGs
[2022-08-21 16:40:49,216] {logging_mixin.py:115} INFO - [2022-08-21 16:40:49,216] {dag.py:2968} INFO - Setting next_dagrun for example_external_task_marker_child to None, run_after=None
[2022-08-21 16:40:49,216] {logging_mixin.py:115} INFO - [2022-08-21 16:40:49,216] {dag.py:2968} INFO - Setting next_dagrun for example_external_task_marker_parent to None, run_after=None
[2022-08-21 16:40:49,226] {processor.py:161} INFO - Processing /Users/abhaymone/src/dev/sand/MANAGE-GMAIL/venv/lib/python3.9/site-packages/airflow/example_dags/example_external_task_marker_dag.py took 0.145 seconds
[2022-08-21 16:41:50,103] {processor.py:153} INFO - Started process (PID=4045) to work on /Users/abhaymone/src/dev/sand/MANAGE-GMAIL/venv/lib/python3.9/site-packages/airflow/example_dags/example_external_task_marker_dag.py
[2022-08-21 16:41:50,103] {processor.py:641} INFO - Processing file /Users/abhaymone/src/dev/sand/MANAGE-GMAIL/venv/lib/python3.9/site-packages/airflow/example_dags/example_external_task_marker_dag.py for tasks to queue
[2022-08-21 16:41:50,103] {logging_mixin.py:115} INFO - [2022-08-21 16:41:50,103] {dagbag.py:508} INFO - Filling up the DagBag from /Users/abhaymone/src/dev/sand/MANAGE-GMAIL/venv/lib/python3.9/site-packages/airflow/example_dags/example_external_task_marker_dag.py
[2022-08-21 16:41:50,114] {processor.py:651} INFO - DAG(s) dict_keys(['example_external_task_marker_parent', 'example_external_task_marker_child']) retrieved from /Users/abhaymone/src/dev/sand/MANAGE-GMAIL/venv/lib/python3.9/site-packages/airflow/example_dags/example_external_task_marker_dag.py
[2022-08-21 16:41:50,174] {logging_mixin.py:115} INFO - [2022-08-21 16:41:50,174] {dag.py:2420} INFO - Sync 2 DAGs
[2022-08-21 16:41:50,185] {logging_mixin.py:115} INFO - [2022-08-21 16:41:50,185] {dag.py:2968} INFO - Setting next_dagrun for example_external_task_marker_child to None, run_after=None
[2022-08-21 16:41:50,185] {logging_mixin.py:115} INFO - [2022-08-21 16:41:50,185] {dag.py:2968} INFO - Setting next_dagrun for example_external_task_marker_parent to None, run_after=None
[2022-08-21 16:41:50,202] {processor.py:161} INFO - Processing /Users/abhaymone/src/dev/sand/MANAGE-GMAIL/venv/lib/python3.9/site-packages/airflow/example_dags/example_external_task_marker_dag.py took 0.100 seconds
[2022-08-21 16:42:51,821] {processor.py:153} INFO - Started process (PID=4082) to work on /Users/abhaymone/src/dev/sand/MANAGE-GMAIL/venv/lib/python3.9/site-packages/airflow/example_dags/example_external_task_marker_dag.py
[2022-08-21 16:42:51,821] {processor.py:641} INFO - Processing file /Users/abhaymone/src/dev/sand/MANAGE-GMAIL/venv/lib/python3.9/site-packages/airflow/example_dags/example_external_task_marker_dag.py for tasks to queue
[2022-08-21 16:42:51,822] {logging_mixin.py:115} INFO - [2022-08-21 16:42:51,822] {dagbag.py:508} INFO - Filling up the DagBag from /Users/abhaymone/src/dev/sand/MANAGE-GMAIL/venv/lib/python3.9/site-packages/airflow/example_dags/example_external_task_marker_dag.py
[2022-08-21 16:42:51,837] {processor.py:651} INFO - DAG(s) dict_keys(['example_external_task_marker_parent', 'example_external_task_marker_child']) retrieved from /Users/abhaymone/src/dev/sand/MANAGE-GMAIL/venv/lib/python3.9/site-packages/airflow/example_dags/example_external_task_marker_dag.py
[2022-08-21 16:42:51,932] {logging_mixin.py:115} INFO - [2022-08-21 16:42:51,931] {dag.py:2420} INFO - Sync 2 DAGs
[2022-08-21 16:42:51,946] {logging_mixin.py:115} INFO - [2022-08-21 16:42:51,946] {dag.py:2968} INFO - Setting next_dagrun for example_external_task_marker_child to None, run_after=None
[2022-08-21 16:42:51,948] {logging_mixin.py:115} INFO - [2022-08-21 16:42:51,946] {dag.py:2968} INFO - Setting next_dagrun for example_external_task_marker_parent to None, run_after=None
[2022-08-21 16:42:51,959] {processor.py:161} INFO - Processing /Users/abhaymone/src/dev/sand/MANAGE-GMAIL/venv/lib/python3.9/site-packages/airflow/example_dags/example_external_task_marker_dag.py took 0.140 seconds
[2022-08-21 16:43:56,646] {processor.py:153} INFO - Started process (PID=4171) to work on /Users/abhaymone/src/dev/sand/MANAGE-GMAIL/venv/lib/python3.9/site-packages/airflow/example_dags/example_external_task_marker_dag.py
[2022-08-21 16:43:56,652] {processor.py:641} INFO - Processing file /Users/abhaymone/src/dev/sand/MANAGE-GMAIL/venv/lib/python3.9/site-packages/airflow/example_dags/example_external_task_marker_dag.py for tasks to queue
[2022-08-21 16:43:56,652] {logging_mixin.py:115} INFO - [2022-08-21 16:43:56,652] {dagbag.py:508} INFO - Filling up the DagBag from /Users/abhaymone/src/dev/sand/MANAGE-GMAIL/venv/lib/python3.9/site-packages/airflow/example_dags/example_external_task_marker_dag.py
[2022-08-21 16:43:56,666] {processor.py:651} INFO - DAG(s) dict_keys(['example_external_task_marker_parent', 'example_external_task_marker_child']) retrieved from /Users/abhaymone/src/dev/sand/MANAGE-GMAIL/venv/lib/python3.9/site-packages/airflow/example_dags/example_external_task_marker_dag.py
[2022-08-21 16:43:56,728] {logging_mixin.py:115} INFO - [2022-08-21 16:43:56,728] {dag.py:2420} INFO - Sync 2 DAGs
[2022-08-21 16:43:56,739] {logging_mixin.py:115} INFO - [2022-08-21 16:43:56,739] {dag.py:2968} INFO - Setting next_dagrun for example_external_task_marker_child to None, run_after=None
[2022-08-21 16:43:56,739] {logging_mixin.py:115} INFO - [2022-08-21 16:43:56,739] {dag.py:2968} INFO - Setting next_dagrun for example_external_task_marker_parent to None, run_after=None
[2022-08-21 16:43:56,750] {processor.py:161} INFO - Processing /Users/abhaymone/src/dev/sand/MANAGE-GMAIL/venv/lib/python3.9/site-packages/airflow/example_dags/example_external_task_marker_dag.py took 0.105 seconds
[2022-08-21 16:45:00,153] {processor.py:153} INFO - Started process (PID=4280) to work on /Users/abhaymone/src/dev/sand/MANAGE-GMAIL/venv/lib/python3.9/site-packages/airflow/example_dags/example_external_task_marker_dag.py
[2022-08-21 16:45:00,159] {processor.py:641} INFO - Processing file /Users/abhaymone/src/dev/sand/MANAGE-GMAIL/venv/lib/python3.9/site-packages/airflow/example_dags/example_external_task_marker_dag.py for tasks to queue
[2022-08-21 16:45:00,159] {logging_mixin.py:115} INFO - [2022-08-21 16:45:00,159] {dagbag.py:508} INFO - Filling up the DagBag from /Users/abhaymone/src/dev/sand/MANAGE-GMAIL/venv/lib/python3.9/site-packages/airflow/example_dags/example_external_task_marker_dag.py
[2022-08-21 16:45:00,173] {processor.py:651} INFO - DAG(s) dict_keys(['example_external_task_marker_parent', 'example_external_task_marker_child']) retrieved from /Users/abhaymone/src/dev/sand/MANAGE-GMAIL/venv/lib/python3.9/site-packages/airflow/example_dags/example_external_task_marker_dag.py
[2022-08-21 16:45:00,227] {logging_mixin.py:115} INFO - [2022-08-21 16:45:00,227] {dag.py:2420} INFO - Sync 2 DAGs
[2022-08-21 16:45:00,237] {logging_mixin.py:115} INFO - [2022-08-21 16:45:00,237] {dag.py:2968} INFO - Setting next_dagrun for example_external_task_marker_child to None, run_after=None
[2022-08-21 16:45:00,237] {logging_mixin.py:115} INFO - [2022-08-21 16:45:00,237] {dag.py:2968} INFO - Setting next_dagrun for example_external_task_marker_parent to None, run_after=None
[2022-08-21 16:45:00,249] {processor.py:161} INFO - Processing /Users/abhaymone/src/dev/sand/MANAGE-GMAIL/venv/lib/python3.9/site-packages/airflow/example_dags/example_external_task_marker_dag.py took 0.096 seconds
[2022-08-21 16:45:56,805] {processor.py:153} INFO - Started process (PID=4390) to work on /Users/abhaymone/src/dev/sand/MANAGE-GMAIL/venv/lib/python3.9/site-packages/airflow/example_dags/example_external_task_marker_dag.py
[2022-08-21 16:45:56,805] {processor.py:641} INFO - Processing file /Users/abhaymone/src/dev/sand/MANAGE-GMAIL/venv/lib/python3.9/site-packages/airflow/example_dags/example_external_task_marker_dag.py for tasks to queue
[2022-08-21 16:45:56,806] {logging_mixin.py:115} INFO - [2022-08-21 16:45:56,806] {dagbag.py:508} INFO - Filling up the DagBag from /Users/abhaymone/src/dev/sand/MANAGE-GMAIL/venv/lib/python3.9/site-packages/airflow/example_dags/example_external_task_marker_dag.py
[2022-08-21 16:45:56,817] {processor.py:651} INFO - DAG(s) dict_keys(['example_external_task_marker_parent', 'example_external_task_marker_child']) retrieved from /Users/abhaymone/src/dev/sand/MANAGE-GMAIL/venv/lib/python3.9/site-packages/airflow/example_dags/example_external_task_marker_dag.py
[2022-08-21 16:45:56,885] {logging_mixin.py:115} INFO - [2022-08-21 16:45:56,885] {dag.py:2420} INFO - Sync 2 DAGs
[2022-08-21 16:45:56,897] {logging_mixin.py:115} INFO - [2022-08-21 16:45:56,897] {dag.py:2968} INFO - Setting next_dagrun for example_external_task_marker_child to None, run_after=None
[2022-08-21 16:45:56,898] {logging_mixin.py:115} INFO - [2022-08-21 16:45:56,898] {dag.py:2968} INFO - Setting next_dagrun for example_external_task_marker_parent to None, run_after=None
[2022-08-21 16:45:56,914] {processor.py:161} INFO - Processing /Users/abhaymone/src/dev/sand/MANAGE-GMAIL/venv/lib/python3.9/site-packages/airflow/example_dags/example_external_task_marker_dag.py took 0.110 seconds
[2022-08-21 16:46:51,769] {processor.py:153} INFO - Started process (PID=4502) to work on /Users/abhaymone/src/dev/sand/MANAGE-GMAIL/venv/lib/python3.9/site-packages/airflow/example_dags/example_external_task_marker_dag.py
[2022-08-21 16:46:51,774] {processor.py:641} INFO - Processing file /Users/abhaymone/src/dev/sand/MANAGE-GMAIL/venv/lib/python3.9/site-packages/airflow/example_dags/example_external_task_marker_dag.py for tasks to queue
[2022-08-21 16:46:51,775] {logging_mixin.py:115} INFO - [2022-08-21 16:46:51,775] {dagbag.py:508} INFO - Filling up the DagBag from /Users/abhaymone/src/dev/sand/MANAGE-GMAIL/venv/lib/python3.9/site-packages/airflow/example_dags/example_external_task_marker_dag.py
[2022-08-21 16:46:51,790] {processor.py:651} INFO - DAG(s) dict_keys(['example_external_task_marker_parent', 'example_external_task_marker_child']) retrieved from /Users/abhaymone/src/dev/sand/MANAGE-GMAIL/venv/lib/python3.9/site-packages/airflow/example_dags/example_external_task_marker_dag.py
[2022-08-21 16:46:51,870] {logging_mixin.py:115} INFO - [2022-08-21 16:46:51,870] {dag.py:2420} INFO - Sync 2 DAGs
[2022-08-21 16:46:51,882] {logging_mixin.py:115} INFO - [2022-08-21 16:46:51,882] {dag.py:2968} INFO - Setting next_dagrun for example_external_task_marker_child to None, run_after=None
[2022-08-21 16:46:51,883] {logging_mixin.py:115} INFO - [2022-08-21 16:46:51,883] {dag.py:2968} INFO - Setting next_dagrun for example_external_task_marker_parent to None, run_after=None
[2022-08-21 16:46:51,893] {processor.py:161} INFO - Processing /Users/abhaymone/src/dev/sand/MANAGE-GMAIL/venv/lib/python3.9/site-packages/airflow/example_dags/example_external_task_marker_dag.py took 0.125 seconds
[2022-08-21 16:47:55,618] {processor.py:153} INFO - Started process (PID=4568) to work on /Users/abhaymone/src/dev/sand/MANAGE-GMAIL/venv/lib/python3.9/site-packages/airflow/example_dags/example_external_task_marker_dag.py
[2022-08-21 16:47:55,623] {processor.py:641} INFO - Processing file /Users/abhaymone/src/dev/sand/MANAGE-GMAIL/venv/lib/python3.9/site-packages/airflow/example_dags/example_external_task_marker_dag.py for tasks to queue
[2022-08-21 16:47:55,624] {logging_mixin.py:115} INFO - [2022-08-21 16:47:55,623] {dagbag.py:508} INFO - Filling up the DagBag from /Users/abhaymone/src/dev/sand/MANAGE-GMAIL/venv/lib/python3.9/site-packages/airflow/example_dags/example_external_task_marker_dag.py
[2022-08-21 16:47:55,636] {processor.py:651} INFO - DAG(s) dict_keys(['example_external_task_marker_parent', 'example_external_task_marker_child']) retrieved from /Users/abhaymone/src/dev/sand/MANAGE-GMAIL/venv/lib/python3.9/site-packages/airflow/example_dags/example_external_task_marker_dag.py
[2022-08-21 16:47:55,728] {logging_mixin.py:115} INFO - [2022-08-21 16:47:55,727] {dag.py:2420} INFO - Sync 2 DAGs
[2022-08-21 16:47:55,741] {logging_mixin.py:115} INFO - [2022-08-21 16:47:55,741] {dag.py:2968} INFO - Setting next_dagrun for example_external_task_marker_child to None, run_after=None
[2022-08-21 16:47:55,742] {logging_mixin.py:115} INFO - [2022-08-21 16:47:55,742] {dag.py:2968} INFO - Setting next_dagrun for example_external_task_marker_parent to None, run_after=None
[2022-08-21 16:47:55,751] {processor.py:161} INFO - Processing /Users/abhaymone/src/dev/sand/MANAGE-GMAIL/venv/lib/python3.9/site-packages/airflow/example_dags/example_external_task_marker_dag.py took 0.134 seconds
[2022-08-21 16:49:04,154] {processor.py:153} INFO - Started process (PID=4620) to work on /Users/abhaymone/src/dev/sand/MANAGE-GMAIL/venv/lib/python3.9/site-packages/airflow/example_dags/example_external_task_marker_dag.py
[2022-08-21 16:49:04,155] {processor.py:641} INFO - Processing file /Users/abhaymone/src/dev/sand/MANAGE-GMAIL/venv/lib/python3.9/site-packages/airflow/example_dags/example_external_task_marker_dag.py for tasks to queue
[2022-08-21 16:49:04,155] {logging_mixin.py:115} INFO - [2022-08-21 16:49:04,155] {dagbag.py:508} INFO - Filling up the DagBag from /Users/abhaymone/src/dev/sand/MANAGE-GMAIL/venv/lib/python3.9/site-packages/airflow/example_dags/example_external_task_marker_dag.py
[2022-08-21 16:49:04,167] {processor.py:651} INFO - DAG(s) dict_keys(['example_external_task_marker_parent', 'example_external_task_marker_child']) retrieved from /Users/abhaymone/src/dev/sand/MANAGE-GMAIL/venv/lib/python3.9/site-packages/airflow/example_dags/example_external_task_marker_dag.py
[2022-08-21 16:49:04,264] {logging_mixin.py:115} INFO - [2022-08-21 16:49:04,264] {dag.py:2420} INFO - Sync 2 DAGs
[2022-08-21 16:49:04,286] {logging_mixin.py:115} INFO - [2022-08-21 16:49:04,286] {dag.py:2968} INFO - Setting next_dagrun for example_external_task_marker_child to None, run_after=None
[2022-08-21 16:49:04,287] {logging_mixin.py:115} INFO - [2022-08-21 16:49:04,287] {dag.py:2968} INFO - Setting next_dagrun for example_external_task_marker_parent to None, run_after=None
[2022-08-21 16:49:04,299] {processor.py:161} INFO - Processing /Users/abhaymone/src/dev/sand/MANAGE-GMAIL/venv/lib/python3.9/site-packages/airflow/example_dags/example_external_task_marker_dag.py took 0.145 seconds
[2022-08-21 16:50:05,207] {processor.py:153} INFO - Started process (PID=4660) to work on /Users/abhaymone/src/dev/sand/MANAGE-GMAIL/venv/lib/python3.9/site-packages/airflow/example_dags/example_external_task_marker_dag.py
[2022-08-21 16:50:05,212] {processor.py:641} INFO - Processing file /Users/abhaymone/src/dev/sand/MANAGE-GMAIL/venv/lib/python3.9/site-packages/airflow/example_dags/example_external_task_marker_dag.py for tasks to queue
[2022-08-21 16:50:05,213] {logging_mixin.py:115} INFO - [2022-08-21 16:50:05,213] {dagbag.py:508} INFO - Filling up the DagBag from /Users/abhaymone/src/dev/sand/MANAGE-GMAIL/venv/lib/python3.9/site-packages/airflow/example_dags/example_external_task_marker_dag.py
[2022-08-21 16:50:05,228] {processor.py:651} INFO - DAG(s) dict_keys(['example_external_task_marker_parent', 'example_external_task_marker_child']) retrieved from /Users/abhaymone/src/dev/sand/MANAGE-GMAIL/venv/lib/python3.9/site-packages/airflow/example_dags/example_external_task_marker_dag.py
[2022-08-21 16:50:05,306] {logging_mixin.py:115} INFO - [2022-08-21 16:50:05,306] {dag.py:2420} INFO - Sync 2 DAGs
[2022-08-21 16:50:05,318] {logging_mixin.py:115} INFO - [2022-08-21 16:50:05,317] {dag.py:2968} INFO - Setting next_dagrun for example_external_task_marker_child to None, run_after=None
[2022-08-21 16:50:05,318] {logging_mixin.py:115} INFO - [2022-08-21 16:50:05,318] {dag.py:2968} INFO - Setting next_dagrun for example_external_task_marker_parent to None, run_after=None
[2022-08-21 16:50:05,326] {processor.py:161} INFO - Processing /Users/abhaymone/src/dev/sand/MANAGE-GMAIL/venv/lib/python3.9/site-packages/airflow/example_dags/example_external_task_marker_dag.py took 0.120 seconds
[2022-08-21 16:51:07,799] {processor.py:153} INFO - Started process (PID=4735) to work on /Users/abhaymone/src/dev/sand/MANAGE-GMAIL/venv/lib/python3.9/site-packages/airflow/example_dags/example_external_task_marker_dag.py
[2022-08-21 16:51:07,801] {processor.py:641} INFO - Processing file /Users/abhaymone/src/dev/sand/MANAGE-GMAIL/venv/lib/python3.9/site-packages/airflow/example_dags/example_external_task_marker_dag.py for tasks to queue
[2022-08-21 16:51:07,801] {logging_mixin.py:115} INFO - [2022-08-21 16:51:07,801] {dagbag.py:508} INFO - Filling up the DagBag from /Users/abhaymone/src/dev/sand/MANAGE-GMAIL/venv/lib/python3.9/site-packages/airflow/example_dags/example_external_task_marker_dag.py
[2022-08-21 16:51:07,816] {processor.py:651} INFO - DAG(s) dict_keys(['example_external_task_marker_parent', 'example_external_task_marker_child']) retrieved from /Users/abhaymone/src/dev/sand/MANAGE-GMAIL/venv/lib/python3.9/site-packages/airflow/example_dags/example_external_task_marker_dag.py
[2022-08-21 16:51:07,913] {logging_mixin.py:115} INFO - [2022-08-21 16:51:07,913] {dag.py:2420} INFO - Sync 2 DAGs
[2022-08-21 16:51:07,929] {logging_mixin.py:115} INFO - [2022-08-21 16:51:07,928] {dag.py:2968} INFO - Setting next_dagrun for example_external_task_marker_child to None, run_after=None
[2022-08-21 16:51:07,929] {logging_mixin.py:115} INFO - [2022-08-21 16:51:07,929] {dag.py:2968} INFO - Setting next_dagrun for example_external_task_marker_parent to None, run_after=None
[2022-08-21 16:51:07,940] {processor.py:161} INFO - Processing /Users/abhaymone/src/dev/sand/MANAGE-GMAIL/venv/lib/python3.9/site-packages/airflow/example_dags/example_external_task_marker_dag.py took 0.142 seconds
[2022-08-21 16:52:06,009] {processor.py:153} INFO - Started process (PID=4846) to work on /Users/abhaymone/src/dev/sand/MANAGE-GMAIL/venv/lib/python3.9/site-packages/airflow/example_dags/example_external_task_marker_dag.py
[2022-08-21 16:52:06,009] {processor.py:641} INFO - Processing file /Users/abhaymone/src/dev/sand/MANAGE-GMAIL/venv/lib/python3.9/site-packages/airflow/example_dags/example_external_task_marker_dag.py for tasks to queue
[2022-08-21 16:52:06,009] {logging_mixin.py:115} INFO - [2022-08-21 16:52:06,009] {dagbag.py:508} INFO - Filling up the DagBag from /Users/abhaymone/src/dev/sand/MANAGE-GMAIL/venv/lib/python3.9/site-packages/airflow/example_dags/example_external_task_marker_dag.py
[2022-08-21 16:52:06,028] {processor.py:651} INFO - DAG(s) dict_keys(['example_external_task_marker_parent', 'example_external_task_marker_child']) retrieved from /Users/abhaymone/src/dev/sand/MANAGE-GMAIL/venv/lib/python3.9/site-packages/airflow/example_dags/example_external_task_marker_dag.py
[2022-08-21 16:52:06,083] {logging_mixin.py:115} INFO - [2022-08-21 16:52:06,083] {dag.py:2420} INFO - Sync 2 DAGs
[2022-08-21 16:52:06,093] {logging_mixin.py:115} INFO - [2022-08-21 16:52:06,093] {dag.py:2968} INFO - Setting next_dagrun for example_external_task_marker_child to None, run_after=None
[2022-08-21 16:52:06,093] {logging_mixin.py:115} INFO - [2022-08-21 16:52:06,093] {dag.py:2968} INFO - Setting next_dagrun for example_external_task_marker_parent to None, run_after=None
[2022-08-21 16:52:06,104] {processor.py:161} INFO - Processing /Users/abhaymone/src/dev/sand/MANAGE-GMAIL/venv/lib/python3.9/site-packages/airflow/example_dags/example_external_task_marker_dag.py took 0.095 seconds
[2022-08-21 16:53:22,182] {processor.py:153} INFO - Started process (PID=5110) to work on /Users/abhaymone/src/dev/sand/MANAGE-GMAIL/venv/lib/python3.9/site-packages/airflow/example_dags/example_external_task_marker_dag.py
[2022-08-21 16:53:22,182] {processor.py:641} INFO - Processing file /Users/abhaymone/src/dev/sand/MANAGE-GMAIL/venv/lib/python3.9/site-packages/airflow/example_dags/example_external_task_marker_dag.py for tasks to queue
[2022-08-21 16:53:22,182] {logging_mixin.py:115} INFO - [2022-08-21 16:53:22,182] {dagbag.py:508} INFO - Filling up the DagBag from /Users/abhaymone/src/dev/sand/MANAGE-GMAIL/venv/lib/python3.9/site-packages/airflow/example_dags/example_external_task_marker_dag.py
[2022-08-21 16:53:22,192] {processor.py:651} INFO - DAG(s) dict_keys(['example_external_task_marker_parent', 'example_external_task_marker_child']) retrieved from /Users/abhaymone/src/dev/sand/MANAGE-GMAIL/venv/lib/python3.9/site-packages/airflow/example_dags/example_external_task_marker_dag.py
[2022-08-21 16:53:22,254] {logging_mixin.py:115} INFO - [2022-08-21 16:53:22,254] {dag.py:2420} INFO - Sync 2 DAGs
[2022-08-21 16:53:22,266] {logging_mixin.py:115} INFO - [2022-08-21 16:53:22,266] {dag.py:2968} INFO - Setting next_dagrun for example_external_task_marker_child to None, run_after=None
[2022-08-21 16:53:22,267] {logging_mixin.py:115} INFO - [2022-08-21 16:53:22,266] {dag.py:2968} INFO - Setting next_dagrun for example_external_task_marker_parent to None, run_after=None
[2022-08-21 16:53:22,282] {processor.py:161} INFO - Processing /Users/abhaymone/src/dev/sand/MANAGE-GMAIL/venv/lib/python3.9/site-packages/airflow/example_dags/example_external_task_marker_dag.py took 0.100 seconds
[2022-08-21 16:54:25,576] {processor.py:153} INFO - Started process (PID=5176) to work on /Users/abhaymone/src/dev/sand/MANAGE-GMAIL/venv/lib/python3.9/site-packages/airflow/example_dags/example_external_task_marker_dag.py
[2022-08-21 16:54:25,576] {processor.py:641} INFO - Processing file /Users/abhaymone/src/dev/sand/MANAGE-GMAIL/venv/lib/python3.9/site-packages/airflow/example_dags/example_external_task_marker_dag.py for tasks to queue
[2022-08-21 16:54:25,577] {logging_mixin.py:115} INFO - [2022-08-21 16:54:25,577] {dagbag.py:508} INFO - Filling up the DagBag from /Users/abhaymone/src/dev/sand/MANAGE-GMAIL/venv/lib/python3.9/site-packages/airflow/example_dags/example_external_task_marker_dag.py
[2022-08-21 16:54:25,590] {processor.py:651} INFO - DAG(s) dict_keys(['example_external_task_marker_parent', 'example_external_task_marker_child']) retrieved from /Users/abhaymone/src/dev/sand/MANAGE-GMAIL/venv/lib/python3.9/site-packages/airflow/example_dags/example_external_task_marker_dag.py
[2022-08-21 16:54:25,666] {logging_mixin.py:115} INFO - [2022-08-21 16:54:25,666] {dag.py:2420} INFO - Sync 2 DAGs
[2022-08-21 16:54:25,677] {logging_mixin.py:115} INFO - [2022-08-21 16:54:25,677] {dag.py:2968} INFO - Setting next_dagrun for example_external_task_marker_child to None, run_after=None
[2022-08-21 16:54:25,677] {logging_mixin.py:115} INFO - [2022-08-21 16:54:25,677] {dag.py:2968} INFO - Setting next_dagrun for example_external_task_marker_parent to None, run_after=None
[2022-08-21 16:54:25,694] {processor.py:161} INFO - Processing /Users/abhaymone/src/dev/sand/MANAGE-GMAIL/venv/lib/python3.9/site-packages/airflow/example_dags/example_external_task_marker_dag.py took 0.119 seconds
[2022-08-21 16:55:31,443] {processor.py:153} INFO - Started process (PID=5245) to work on /Users/abhaymone/src/dev/sand/MANAGE-GMAIL/venv/lib/python3.9/site-packages/airflow/example_dags/example_external_task_marker_dag.py
[2022-08-21 16:55:31,452] {processor.py:641} INFO - Processing file /Users/abhaymone/src/dev/sand/MANAGE-GMAIL/venv/lib/python3.9/site-packages/airflow/example_dags/example_external_task_marker_dag.py for tasks to queue
[2022-08-21 16:55:31,453] {logging_mixin.py:115} INFO - [2022-08-21 16:55:31,453] {dagbag.py:508} INFO - Filling up the DagBag from /Users/abhaymone/src/dev/sand/MANAGE-GMAIL/venv/lib/python3.9/site-packages/airflow/example_dags/example_external_task_marker_dag.py
[2022-08-21 16:55:31,485] {processor.py:651} INFO - DAG(s) dict_keys(['example_external_task_marker_parent', 'example_external_task_marker_child']) retrieved from /Users/abhaymone/src/dev/sand/MANAGE-GMAIL/venv/lib/python3.9/site-packages/airflow/example_dags/example_external_task_marker_dag.py
[2022-08-21 16:55:31,772] {logging_mixin.py:115} INFO - [2022-08-21 16:55:31,772] {dag.py:2420} INFO - Sync 2 DAGs
[2022-08-21 16:55:31,786] {logging_mixin.py:115} INFO - [2022-08-21 16:55:31,786] {dag.py:2968} INFO - Setting next_dagrun for example_external_task_marker_child to None, run_after=None
[2022-08-21 16:55:31,786] {logging_mixin.py:115} INFO - [2022-08-21 16:55:31,786] {dag.py:2968} INFO - Setting next_dagrun for example_external_task_marker_parent to None, run_after=None
[2022-08-21 16:55:31,797] {processor.py:161} INFO - Processing /Users/abhaymone/src/dev/sand/MANAGE-GMAIL/venv/lib/python3.9/site-packages/airflow/example_dags/example_external_task_marker_dag.py took 0.355 seconds
