[2022-08-21 16:15:17,693] {processor.py:153} INFO - Started process (PID=3400) to work on /Users/abhaymone/src/dev/sand/MANAGE-GMAIL/venv/lib/python3.9/site-packages/airflow/example_dags/example_branch_datetime_operator.py
[2022-08-21 16:15:17,693] {processor.py:641} INFO - Processing file /Users/abhaymone/src/dev/sand/MANAGE-GMAIL/venv/lib/python3.9/site-packages/airflow/example_dags/example_branch_datetime_operator.py for tasks to queue
[2022-08-21 16:15:17,694] {logging_mixin.py:115} INFO - [2022-08-21 16:15:17,694] {dagbag.py:508} INFO - Filling up the DagBag from /Users/abhaymone/src/dev/sand/MANAGE-GMAIL/venv/lib/python3.9/site-packages/airflow/example_dags/example_branch_datetime_operator.py
[2022-08-21 16:15:17,718] {processor.py:651} INFO - DAG(s) dict_keys(['example_branch_datetime_operator', 'example_branch_datetime_operator_2']) retrieved from /Users/abhaymone/src/dev/sand/MANAGE-GMAIL/venv/lib/python3.9/site-packages/airflow/example_dags/example_branch_datetime_operator.py
[2022-08-21 16:15:18,387] {logging_mixin.py:115} INFO - [2022-08-21 16:15:18,387] {manager.py:508} INFO - Created Permission View: can edit on DAG:example_branch_datetime_operator
[2022-08-21 16:15:18,393] {logging_mixin.py:115} INFO - [2022-08-21 16:15:18,393] {manager.py:508} INFO - Created Permission View: can read on DAG:example_branch_datetime_operator
[2022-08-21 16:15:18,398] {logging_mixin.py:115} INFO - [2022-08-21 16:15:18,398] {manager.py:508} INFO - Created Permission View: can delete on DAG:example_branch_datetime_operator
[2022-08-21 16:15:18,409] {logging_mixin.py:115} INFO - [2022-08-21 16:15:18,409] {manager.py:508} INFO - Created Permission View: can edit on DAG:example_branch_datetime_operator_2
[2022-08-21 16:15:18,414] {logging_mixin.py:115} INFO - [2022-08-21 16:15:18,413] {manager.py:508} INFO - Created Permission View: can read on DAG:example_branch_datetime_operator_2
[2022-08-21 16:15:18,419] {logging_mixin.py:115} INFO - [2022-08-21 16:15:18,419] {manager.py:508} INFO - Created Permission View: can delete on DAG:example_branch_datetime_operator_2
[2022-08-21 16:15:18,419] {logging_mixin.py:115} INFO - [2022-08-21 16:15:18,419] {dag.py:2420} INFO - Sync 2 DAGs
[2022-08-21 16:15:18,425] {logging_mixin.py:115} INFO - [2022-08-21 16:15:18,424] {dag.py:2439} INFO - Creating ORM DAG for example_branch_datetime_operator_2
[2022-08-21 16:15:18,425] {logging_mixin.py:115} INFO - [2022-08-21 16:15:18,425] {dag.py:2439} INFO - Creating ORM DAG for example_branch_datetime_operator
[2022-08-21 16:15:18,432] {logging_mixin.py:115} INFO - [2022-08-21 16:15:18,432] {dag.py:2968} INFO - Setting next_dagrun for example_branch_datetime_operator to 2022-08-20T00:00:00+00:00, run_after=2022-08-21T00:00:00+00:00
[2022-08-21 16:15:18,434] {logging_mixin.py:115} INFO - [2022-08-21 16:15:18,434] {dag.py:2968} INFO - Setting next_dagrun for example_branch_datetime_operator_2 to 2022-08-20T00:00:00+00:00, run_after=2022-08-21T00:00:00+00:00
[2022-08-21 16:15:18,445] {processor.py:161} INFO - Processing /Users/abhaymone/src/dev/sand/MANAGE-GMAIL/venv/lib/python3.9/site-packages/airflow/example_dags/example_branch_datetime_operator.py took 0.753 seconds
[2022-08-21 16:16:23,841] {processor.py:153} INFO - Started process (PID=3446) to work on /Users/abhaymone/src/dev/sand/MANAGE-GMAIL/venv/lib/python3.9/site-packages/airflow/example_dags/example_branch_datetime_operator.py
[2022-08-21 16:16:23,847] {processor.py:641} INFO - Processing file /Users/abhaymone/src/dev/sand/MANAGE-GMAIL/venv/lib/python3.9/site-packages/airflow/example_dags/example_branch_datetime_operator.py for tasks to queue
[2022-08-21 16:16:23,848] {logging_mixin.py:115} INFO - [2022-08-21 16:16:23,848] {dagbag.py:508} INFO - Filling up the DagBag from /Users/abhaymone/src/dev/sand/MANAGE-GMAIL/venv/lib/python3.9/site-packages/airflow/example_dags/example_branch_datetime_operator.py
[2022-08-21 16:16:23,867] {processor.py:651} INFO - DAG(s) dict_keys(['example_branch_datetime_operator', 'example_branch_datetime_operator_2']) retrieved from /Users/abhaymone/src/dev/sand/MANAGE-GMAIL/venv/lib/python3.9/site-packages/airflow/example_dags/example_branch_datetime_operator.py
[2022-08-21 16:16:23,917] {logging_mixin.py:115} INFO - [2022-08-21 16:16:23,917] {dag.py:2420} INFO - Sync 2 DAGs
[2022-08-21 16:16:23,931] {logging_mixin.py:115} INFO - [2022-08-21 16:16:23,931] {dag.py:2968} INFO - Setting next_dagrun for example_branch_datetime_operator to 2022-08-20T00:00:00+00:00, run_after=2022-08-21T00:00:00+00:00
[2022-08-21 16:16:23,933] {logging_mixin.py:115} INFO - [2022-08-21 16:16:23,933] {dag.py:2968} INFO - Setting next_dagrun for example_branch_datetime_operator_2 to 2022-08-20T00:00:00+00:00, run_after=2022-08-21T00:00:00+00:00
[2022-08-21 16:16:23,944] {processor.py:161} INFO - Processing /Users/abhaymone/src/dev/sand/MANAGE-GMAIL/venv/lib/python3.9/site-packages/airflow/example_dags/example_branch_datetime_operator.py took 0.103 seconds
[2022-08-21 16:17:21,032] {processor.py:153} INFO - Started process (PID=3482) to work on /Users/abhaymone/src/dev/sand/MANAGE-GMAIL/venv/lib/python3.9/site-packages/airflow/example_dags/example_branch_datetime_operator.py
[2022-08-21 16:17:21,032] {processor.py:641} INFO - Processing file /Users/abhaymone/src/dev/sand/MANAGE-GMAIL/venv/lib/python3.9/site-packages/airflow/example_dags/example_branch_datetime_operator.py for tasks to queue
[2022-08-21 16:17:21,032] {logging_mixin.py:115} INFO - [2022-08-21 16:17:21,032] {dagbag.py:508} INFO - Filling up the DagBag from /Users/abhaymone/src/dev/sand/MANAGE-GMAIL/venv/lib/python3.9/site-packages/airflow/example_dags/example_branch_datetime_operator.py
[2022-08-21 16:17:21,055] {processor.py:651} INFO - DAG(s) dict_keys(['example_branch_datetime_operator', 'example_branch_datetime_operator_2']) retrieved from /Users/abhaymone/src/dev/sand/MANAGE-GMAIL/venv/lib/python3.9/site-packages/airflow/example_dags/example_branch_datetime_operator.py
[2022-08-21 16:17:21,104] {logging_mixin.py:115} INFO - [2022-08-21 16:17:21,104] {dag.py:2420} INFO - Sync 2 DAGs
[2022-08-21 16:17:21,116] {logging_mixin.py:115} INFO - [2022-08-21 16:17:21,116] {dag.py:2968} INFO - Setting next_dagrun for example_branch_datetime_operator to 2022-08-20T00:00:00+00:00, run_after=2022-08-21T00:00:00+00:00
[2022-08-21 16:17:21,117] {logging_mixin.py:115} INFO - [2022-08-21 16:17:21,117] {dag.py:2968} INFO - Setting next_dagrun for example_branch_datetime_operator_2 to 2022-08-20T00:00:00+00:00, run_after=2022-08-21T00:00:00+00:00
[2022-08-21 16:17:21,128] {processor.py:161} INFO - Processing /Users/abhaymone/src/dev/sand/MANAGE-GMAIL/venv/lib/python3.9/site-packages/airflow/example_dags/example_branch_datetime_operator.py took 0.096 seconds
[2022-08-21 16:28:54,047] {processor.py:153} INFO - Started process (PID=3568) to work on /Users/abhaymone/src/dev/sand/MANAGE-GMAIL/venv/lib/python3.9/site-packages/airflow/example_dags/example_branch_datetime_operator.py
[2022-08-21 16:28:54,053] {processor.py:641} INFO - Processing file /Users/abhaymone/src/dev/sand/MANAGE-GMAIL/venv/lib/python3.9/site-packages/airflow/example_dags/example_branch_datetime_operator.py for tasks to queue
[2022-08-21 16:28:54,054] {logging_mixin.py:115} INFO - [2022-08-21 16:28:54,053] {dagbag.py:508} INFO - Filling up the DagBag from /Users/abhaymone/src/dev/sand/MANAGE-GMAIL/venv/lib/python3.9/site-packages/airflow/example_dags/example_branch_datetime_operator.py
[2022-08-21 16:28:54,072] {processor.py:651} INFO - DAG(s) dict_keys(['example_branch_datetime_operator', 'example_branch_datetime_operator_2']) retrieved from /Users/abhaymone/src/dev/sand/MANAGE-GMAIL/venv/lib/python3.9/site-packages/airflow/example_dags/example_branch_datetime_operator.py
[2022-08-21 16:28:54,121] {logging_mixin.py:115} INFO - [2022-08-21 16:28:54,121] {dag.py:2420} INFO - Sync 2 DAGs
[2022-08-21 16:28:54,132] {logging_mixin.py:115} INFO - [2022-08-21 16:28:54,132] {dag.py:2968} INFO - Setting next_dagrun for example_branch_datetime_operator to 2022-08-20T00:00:00+00:00, run_after=2022-08-21T00:00:00+00:00
[2022-08-21 16:28:54,134] {logging_mixin.py:115} INFO - [2022-08-21 16:28:54,134] {dag.py:2968} INFO - Setting next_dagrun for example_branch_datetime_operator_2 to 2022-08-20T00:00:00+00:00, run_after=2022-08-21T00:00:00+00:00
[2022-08-21 16:28:54,145] {processor.py:161} INFO - Processing /Users/abhaymone/src/dev/sand/MANAGE-GMAIL/venv/lib/python3.9/site-packages/airflow/example_dags/example_branch_datetime_operator.py took 0.098 seconds
[2022-08-21 16:30:14,682] {processor.py:153} INFO - Started process (PID=3622) to work on /Users/abhaymone/src/dev/sand/MANAGE-GMAIL/venv/lib/python3.9/site-packages/airflow/example_dags/example_branch_datetime_operator.py
[2022-08-21 16:30:14,682] {processor.py:641} INFO - Processing file /Users/abhaymone/src/dev/sand/MANAGE-GMAIL/venv/lib/python3.9/site-packages/airflow/example_dags/example_branch_datetime_operator.py for tasks to queue
[2022-08-21 16:30:14,682] {logging_mixin.py:115} INFO - [2022-08-21 16:30:14,682] {dagbag.py:508} INFO - Filling up the DagBag from /Users/abhaymone/src/dev/sand/MANAGE-GMAIL/venv/lib/python3.9/site-packages/airflow/example_dags/example_branch_datetime_operator.py
[2022-08-21 16:30:14,697] {processor.py:651} INFO - DAG(s) dict_keys(['example_branch_datetime_operator', 'example_branch_datetime_operator_2']) retrieved from /Users/abhaymone/src/dev/sand/MANAGE-GMAIL/venv/lib/python3.9/site-packages/airflow/example_dags/example_branch_datetime_operator.py
[2022-08-21 16:30:14,752] {logging_mixin.py:115} INFO - [2022-08-21 16:30:14,752] {dag.py:2420} INFO - Sync 2 DAGs
[2022-08-21 16:30:14,764] {logging_mixin.py:115} INFO - [2022-08-21 16:30:14,764] {dag.py:2968} INFO - Setting next_dagrun for example_branch_datetime_operator to 2022-08-20T00:00:00+00:00, run_after=2022-08-21T00:00:00+00:00
[2022-08-21 16:30:14,766] {logging_mixin.py:115} INFO - [2022-08-21 16:30:14,766] {dag.py:2968} INFO - Setting next_dagrun for example_branch_datetime_operator_2 to 2022-08-20T00:00:00+00:00, run_after=2022-08-21T00:00:00+00:00
[2022-08-21 16:30:14,783] {processor.py:161} INFO - Processing /Users/abhaymone/src/dev/sand/MANAGE-GMAIL/venv/lib/python3.9/site-packages/airflow/example_dags/example_branch_datetime_operator.py took 0.101 seconds
[2022-08-21 16:31:21,738] {processor.py:153} INFO - Started process (PID=3657) to work on /Users/abhaymone/src/dev/sand/MANAGE-GMAIL/venv/lib/python3.9/site-packages/airflow/example_dags/example_branch_datetime_operator.py
[2022-08-21 16:31:21,743] {processor.py:641} INFO - Processing file /Users/abhaymone/src/dev/sand/MANAGE-GMAIL/venv/lib/python3.9/site-packages/airflow/example_dags/example_branch_datetime_operator.py for tasks to queue
[2022-08-21 16:31:21,744] {logging_mixin.py:115} INFO - [2022-08-21 16:31:21,744] {dagbag.py:508} INFO - Filling up the DagBag from /Users/abhaymone/src/dev/sand/MANAGE-GMAIL/venv/lib/python3.9/site-packages/airflow/example_dags/example_branch_datetime_operator.py
[2022-08-21 16:31:21,762] {processor.py:651} INFO - DAG(s) dict_keys(['example_branch_datetime_operator', 'example_branch_datetime_operator_2']) retrieved from /Users/abhaymone/src/dev/sand/MANAGE-GMAIL/venv/lib/python3.9/site-packages/airflow/example_dags/example_branch_datetime_operator.py
[2022-08-21 16:31:21,811] {logging_mixin.py:115} INFO - [2022-08-21 16:31:21,811] {dag.py:2420} INFO - Sync 2 DAGs
[2022-08-21 16:31:21,823] {logging_mixin.py:115} INFO - [2022-08-21 16:31:21,823] {dag.py:2968} INFO - Setting next_dagrun for example_branch_datetime_operator to 2022-08-20T00:00:00+00:00, run_after=2022-08-21T00:00:00+00:00
[2022-08-21 16:31:21,824] {logging_mixin.py:115} INFO - [2022-08-21 16:31:21,824] {dag.py:2968} INFO - Setting next_dagrun for example_branch_datetime_operator_2 to 2022-08-20T00:00:00+00:00, run_after=2022-08-21T00:00:00+00:00
[2022-08-21 16:31:21,835] {processor.py:161} INFO - Processing /Users/abhaymone/src/dev/sand/MANAGE-GMAIL/venv/lib/python3.9/site-packages/airflow/example_dags/example_branch_datetime_operator.py took 0.098 seconds
[2022-08-21 16:32:25,988] {processor.py:153} INFO - Started process (PID=3703) to work on /Users/abhaymone/src/dev/sand/MANAGE-GMAIL/venv/lib/python3.9/site-packages/airflow/example_dags/example_branch_datetime_operator.py
[2022-08-21 16:32:25,994] {processor.py:641} INFO - Processing file /Users/abhaymone/src/dev/sand/MANAGE-GMAIL/venv/lib/python3.9/site-packages/airflow/example_dags/example_branch_datetime_operator.py for tasks to queue
[2022-08-21 16:32:25,994] {logging_mixin.py:115} INFO - [2022-08-21 16:32:25,994] {dagbag.py:508} INFO - Filling up the DagBag from /Users/abhaymone/src/dev/sand/MANAGE-GMAIL/venv/lib/python3.9/site-packages/airflow/example_dags/example_branch_datetime_operator.py
[2022-08-21 16:32:26,010] {processor.py:651} INFO - DAG(s) dict_keys(['example_branch_datetime_operator', 'example_branch_datetime_operator_2']) retrieved from /Users/abhaymone/src/dev/sand/MANAGE-GMAIL/venv/lib/python3.9/site-packages/airflow/example_dags/example_branch_datetime_operator.py
[2022-08-21 16:32:26,060] {logging_mixin.py:115} INFO - [2022-08-21 16:32:26,060] {dag.py:2420} INFO - Sync 2 DAGs
[2022-08-21 16:32:26,071] {logging_mixin.py:115} INFO - [2022-08-21 16:32:26,071] {dag.py:2968} INFO - Setting next_dagrun for example_branch_datetime_operator to 2022-08-20T00:00:00+00:00, run_after=2022-08-21T00:00:00+00:00
[2022-08-21 16:32:26,073] {logging_mixin.py:115} INFO - [2022-08-21 16:32:26,073] {dag.py:2968} INFO - Setting next_dagrun for example_branch_datetime_operator_2 to 2022-08-20T00:00:00+00:00, run_after=2022-08-21T00:00:00+00:00
[2022-08-21 16:32:26,084] {processor.py:161} INFO - Processing /Users/abhaymone/src/dev/sand/MANAGE-GMAIL/venv/lib/python3.9/site-packages/airflow/example_dags/example_branch_datetime_operator.py took 0.096 seconds
[2022-08-21 16:33:53,867] {processor.py:153} INFO - Started process (PID=3756) to work on /Users/abhaymone/src/dev/sand/MANAGE-GMAIL/venv/lib/python3.9/site-packages/airflow/example_dags/example_branch_datetime_operator.py
[2022-08-21 16:33:53,873] {processor.py:641} INFO - Processing file /Users/abhaymone/src/dev/sand/MANAGE-GMAIL/venv/lib/python3.9/site-packages/airflow/example_dags/example_branch_datetime_operator.py for tasks to queue
[2022-08-21 16:33:53,873] {logging_mixin.py:115} INFO - [2022-08-21 16:33:53,873] {dagbag.py:508} INFO - Filling up the DagBag from /Users/abhaymone/src/dev/sand/MANAGE-GMAIL/venv/lib/python3.9/site-packages/airflow/example_dags/example_branch_datetime_operator.py
[2022-08-21 16:33:53,891] {processor.py:651} INFO - DAG(s) dict_keys(['example_branch_datetime_operator', 'example_branch_datetime_operator_2']) retrieved from /Users/abhaymone/src/dev/sand/MANAGE-GMAIL/venv/lib/python3.9/site-packages/airflow/example_dags/example_branch_datetime_operator.py
[2022-08-21 16:33:53,943] {logging_mixin.py:115} INFO - [2022-08-21 16:33:53,943] {dag.py:2420} INFO - Sync 2 DAGs
[2022-08-21 16:33:53,957] {logging_mixin.py:115} INFO - [2022-08-21 16:33:53,956] {dag.py:2968} INFO - Setting next_dagrun for example_branch_datetime_operator to 2022-08-20T00:00:00+00:00, run_after=2022-08-21T00:00:00+00:00
[2022-08-21 16:33:53,958] {logging_mixin.py:115} INFO - [2022-08-21 16:33:53,958] {dag.py:2968} INFO - Setting next_dagrun for example_branch_datetime_operator_2 to 2022-08-20T00:00:00+00:00, run_after=2022-08-21T00:00:00+00:00
[2022-08-21 16:33:53,969] {processor.py:161} INFO - Processing /Users/abhaymone/src/dev/sand/MANAGE-GMAIL/venv/lib/python3.9/site-packages/airflow/example_dags/example_branch_datetime_operator.py took 0.102 seconds
[2022-08-21 16:34:53,365] {processor.py:153} INFO - Started process (PID=3792) to work on /Users/abhaymone/src/dev/sand/MANAGE-GMAIL/venv/lib/python3.9/site-packages/airflow/example_dags/example_branch_datetime_operator.py
[2022-08-21 16:34:53,371] {processor.py:641} INFO - Processing file /Users/abhaymone/src/dev/sand/MANAGE-GMAIL/venv/lib/python3.9/site-packages/airflow/example_dags/example_branch_datetime_operator.py for tasks to queue
[2022-08-21 16:34:53,371] {logging_mixin.py:115} INFO - [2022-08-21 16:34:53,371] {dagbag.py:508} INFO - Filling up the DagBag from /Users/abhaymone/src/dev/sand/MANAGE-GMAIL/venv/lib/python3.9/site-packages/airflow/example_dags/example_branch_datetime_operator.py
[2022-08-21 16:34:53,389] {processor.py:651} INFO - DAG(s) dict_keys(['example_branch_datetime_operator', 'example_branch_datetime_operator_2']) retrieved from /Users/abhaymone/src/dev/sand/MANAGE-GMAIL/venv/lib/python3.9/site-packages/airflow/example_dags/example_branch_datetime_operator.py
[2022-08-21 16:34:53,443] {logging_mixin.py:115} INFO - [2022-08-21 16:34:53,443] {dag.py:2420} INFO - Sync 2 DAGs
[2022-08-21 16:34:53,455] {logging_mixin.py:115} INFO - [2022-08-21 16:34:53,455] {dag.py:2968} INFO - Setting next_dagrun for example_branch_datetime_operator to 2022-08-20T00:00:00+00:00, run_after=2022-08-21T00:00:00+00:00
[2022-08-21 16:34:53,457] {logging_mixin.py:115} INFO - [2022-08-21 16:34:53,457] {dag.py:2968} INFO - Setting next_dagrun for example_branch_datetime_operator_2 to 2022-08-20T00:00:00+00:00, run_after=2022-08-21T00:00:00+00:00
[2022-08-21 16:34:53,469] {processor.py:161} INFO - Processing /Users/abhaymone/src/dev/sand/MANAGE-GMAIL/venv/lib/python3.9/site-packages/airflow/example_dags/example_branch_datetime_operator.py took 0.104 seconds
[2022-08-21 16:35:53,370] {processor.py:153} INFO - Started process (PID=3830) to work on /Users/abhaymone/src/dev/sand/MANAGE-GMAIL/venv/lib/python3.9/site-packages/airflow/example_dags/example_branch_datetime_operator.py
[2022-08-21 16:35:53,372] {processor.py:641} INFO - Processing file /Users/abhaymone/src/dev/sand/MANAGE-GMAIL/venv/lib/python3.9/site-packages/airflow/example_dags/example_branch_datetime_operator.py for tasks to queue
[2022-08-21 16:35:53,372] {logging_mixin.py:115} INFO - [2022-08-21 16:35:53,372] {dagbag.py:508} INFO - Filling up the DagBag from /Users/abhaymone/src/dev/sand/MANAGE-GMAIL/venv/lib/python3.9/site-packages/airflow/example_dags/example_branch_datetime_operator.py
[2022-08-21 16:35:53,389] {processor.py:651} INFO - DAG(s) dict_keys(['example_branch_datetime_operator', 'example_branch_datetime_operator_2']) retrieved from /Users/abhaymone/src/dev/sand/MANAGE-GMAIL/venv/lib/python3.9/site-packages/airflow/example_dags/example_branch_datetime_operator.py
[2022-08-21 16:35:53,442] {logging_mixin.py:115} INFO - [2022-08-21 16:35:53,442] {dag.py:2420} INFO - Sync 2 DAGs
[2022-08-21 16:35:53,456] {logging_mixin.py:115} INFO - [2022-08-21 16:35:53,456] {dag.py:2968} INFO - Setting next_dagrun for example_branch_datetime_operator to 2022-08-20T00:00:00+00:00, run_after=2022-08-21T00:00:00+00:00
[2022-08-21 16:35:53,458] {logging_mixin.py:115} INFO - [2022-08-21 16:35:53,458] {dag.py:2968} INFO - Setting next_dagrun for example_branch_datetime_operator_2 to 2022-08-20T00:00:00+00:00, run_after=2022-08-21T00:00:00+00:00
[2022-08-21 16:35:53,469] {processor.py:161} INFO - Processing /Users/abhaymone/src/dev/sand/MANAGE-GMAIL/venv/lib/python3.9/site-packages/airflow/example_dags/example_branch_datetime_operator.py took 0.100 seconds
[2022-08-21 16:36:56,689] {processor.py:153} INFO - Started process (PID=3869) to work on /Users/abhaymone/src/dev/sand/MANAGE-GMAIL/venv/lib/python3.9/site-packages/airflow/example_dags/example_branch_datetime_operator.py
[2022-08-21 16:36:56,695] {processor.py:641} INFO - Processing file /Users/abhaymone/src/dev/sand/MANAGE-GMAIL/venv/lib/python3.9/site-packages/airflow/example_dags/example_branch_datetime_operator.py for tasks to queue
[2022-08-21 16:36:56,695] {logging_mixin.py:115} INFO - [2022-08-21 16:36:56,695] {dagbag.py:508} INFO - Filling up the DagBag from /Users/abhaymone/src/dev/sand/MANAGE-GMAIL/venv/lib/python3.9/site-packages/airflow/example_dags/example_branch_datetime_operator.py
[2022-08-21 16:36:56,713] {processor.py:651} INFO - DAG(s) dict_keys(['example_branch_datetime_operator', 'example_branch_datetime_operator_2']) retrieved from /Users/abhaymone/src/dev/sand/MANAGE-GMAIL/venv/lib/python3.9/site-packages/airflow/example_dags/example_branch_datetime_operator.py
[2022-08-21 16:36:56,764] {logging_mixin.py:115} INFO - [2022-08-21 16:36:56,764] {dag.py:2420} INFO - Sync 2 DAGs
[2022-08-21 16:36:56,776] {logging_mixin.py:115} INFO - [2022-08-21 16:36:56,776] {dag.py:2968} INFO - Setting next_dagrun for example_branch_datetime_operator to 2022-08-20T00:00:00+00:00, run_after=2022-08-21T00:00:00+00:00
[2022-08-21 16:36:56,777] {logging_mixin.py:115} INFO - [2022-08-21 16:36:56,777] {dag.py:2968} INFO - Setting next_dagrun for example_branch_datetime_operator_2 to 2022-08-20T00:00:00+00:00, run_after=2022-08-21T00:00:00+00:00
[2022-08-21 16:36:56,788] {processor.py:161} INFO - Processing /Users/abhaymone/src/dev/sand/MANAGE-GMAIL/venv/lib/python3.9/site-packages/airflow/example_dags/example_branch_datetime_operator.py took 0.100 seconds
[2022-08-21 16:38:20,163] {processor.py:153} INFO - Started process (PID=3919) to work on /Users/abhaymone/src/dev/sand/MANAGE-GMAIL/venv/lib/python3.9/site-packages/airflow/example_dags/example_branch_datetime_operator.py
[2022-08-21 16:38:20,163] {processor.py:641} INFO - Processing file /Users/abhaymone/src/dev/sand/MANAGE-GMAIL/venv/lib/python3.9/site-packages/airflow/example_dags/example_branch_datetime_operator.py for tasks to queue
[2022-08-21 16:38:20,163] {logging_mixin.py:115} INFO - [2022-08-21 16:38:20,163] {dagbag.py:508} INFO - Filling up the DagBag from /Users/abhaymone/src/dev/sand/MANAGE-GMAIL/venv/lib/python3.9/site-packages/airflow/example_dags/example_branch_datetime_operator.py
[2022-08-21 16:38:20,181] {processor.py:651} INFO - DAG(s) dict_keys(['example_branch_datetime_operator', 'example_branch_datetime_operator_2']) retrieved from /Users/abhaymone/src/dev/sand/MANAGE-GMAIL/venv/lib/python3.9/site-packages/airflow/example_dags/example_branch_datetime_operator.py
[2022-08-21 16:38:20,242] {logging_mixin.py:115} INFO - [2022-08-21 16:38:20,241] {dag.py:2420} INFO - Sync 2 DAGs
[2022-08-21 16:38:20,255] {logging_mixin.py:115} INFO - [2022-08-21 16:38:20,254] {dag.py:2968} INFO - Setting next_dagrun for example_branch_datetime_operator to 2022-08-20T00:00:00+00:00, run_after=2022-08-21T00:00:00+00:00
[2022-08-21 16:38:20,256] {logging_mixin.py:115} INFO - [2022-08-21 16:38:20,256] {dag.py:2968} INFO - Setting next_dagrun for example_branch_datetime_operator_2 to 2022-08-20T00:00:00+00:00, run_after=2022-08-21T00:00:00+00:00
[2022-08-21 16:38:20,272] {processor.py:161} INFO - Processing /Users/abhaymone/src/dev/sand/MANAGE-GMAIL/venv/lib/python3.9/site-packages/airflow/example_dags/example_branch_datetime_operator.py took 0.110 seconds
[2022-08-21 16:39:22,471] {processor.py:153} INFO - Started process (PID=3956) to work on /Users/abhaymone/src/dev/sand/MANAGE-GMAIL/venv/lib/python3.9/site-packages/airflow/example_dags/example_branch_datetime_operator.py
[2022-08-21 16:39:22,476] {processor.py:641} INFO - Processing file /Users/abhaymone/src/dev/sand/MANAGE-GMAIL/venv/lib/python3.9/site-packages/airflow/example_dags/example_branch_datetime_operator.py for tasks to queue
[2022-08-21 16:39:22,477] {logging_mixin.py:115} INFO - [2022-08-21 16:39:22,477] {dagbag.py:508} INFO - Filling up the DagBag from /Users/abhaymone/src/dev/sand/MANAGE-GMAIL/venv/lib/python3.9/site-packages/airflow/example_dags/example_branch_datetime_operator.py
[2022-08-21 16:39:22,496] {processor.py:651} INFO - DAG(s) dict_keys(['example_branch_datetime_operator', 'example_branch_datetime_operator_2']) retrieved from /Users/abhaymone/src/dev/sand/MANAGE-GMAIL/venv/lib/python3.9/site-packages/airflow/example_dags/example_branch_datetime_operator.py
[2022-08-21 16:39:22,547] {logging_mixin.py:115} INFO - [2022-08-21 16:39:22,547] {dag.py:2420} INFO - Sync 2 DAGs
[2022-08-21 16:39:22,559] {logging_mixin.py:115} INFO - [2022-08-21 16:39:22,559] {dag.py:2968} INFO - Setting next_dagrun for example_branch_datetime_operator to 2022-08-20T00:00:00+00:00, run_after=2022-08-21T00:00:00+00:00
[2022-08-21 16:39:22,561] {logging_mixin.py:115} INFO - [2022-08-21 16:39:22,561] {dag.py:2968} INFO - Setting next_dagrun for example_branch_datetime_operator_2 to 2022-08-20T00:00:00+00:00, run_after=2022-08-21T00:00:00+00:00
[2022-08-21 16:39:22,573] {processor.py:161} INFO - Processing /Users/abhaymone/src/dev/sand/MANAGE-GMAIL/venv/lib/python3.9/site-packages/airflow/example_dags/example_branch_datetime_operator.py took 0.103 seconds
[2022-08-21 16:40:20,904] {processor.py:153} INFO - Started process (PID=3991) to work on /Users/abhaymone/src/dev/sand/MANAGE-GMAIL/venv/lib/python3.9/site-packages/airflow/example_dags/example_branch_datetime_operator.py
[2022-08-21 16:40:20,904] {processor.py:641} INFO - Processing file /Users/abhaymone/src/dev/sand/MANAGE-GMAIL/venv/lib/python3.9/site-packages/airflow/example_dags/example_branch_datetime_operator.py for tasks to queue
[2022-08-21 16:40:20,905] {logging_mixin.py:115} INFO - [2022-08-21 16:40:20,905] {dagbag.py:508} INFO - Filling up the DagBag from /Users/abhaymone/src/dev/sand/MANAGE-GMAIL/venv/lib/python3.9/site-packages/airflow/example_dags/example_branch_datetime_operator.py
[2022-08-21 16:40:20,917] {processor.py:651} INFO - DAG(s) dict_keys(['example_branch_datetime_operator', 'example_branch_datetime_operator_2']) retrieved from /Users/abhaymone/src/dev/sand/MANAGE-GMAIL/venv/lib/python3.9/site-packages/airflow/example_dags/example_branch_datetime_operator.py
[2022-08-21 16:40:20,971] {logging_mixin.py:115} INFO - [2022-08-21 16:40:20,971] {dag.py:2420} INFO - Sync 2 DAGs
[2022-08-21 16:40:20,983] {logging_mixin.py:115} INFO - [2022-08-21 16:40:20,983] {dag.py:2968} INFO - Setting next_dagrun for example_branch_datetime_operator to 2022-08-20T00:00:00+00:00, run_after=2022-08-21T00:00:00+00:00
[2022-08-21 16:40:20,985] {logging_mixin.py:115} INFO - [2022-08-21 16:40:20,984] {dag.py:2968} INFO - Setting next_dagrun for example_branch_datetime_operator_2 to 2022-08-20T00:00:00+00:00, run_after=2022-08-21T00:00:00+00:00
[2022-08-21 16:40:21,000] {processor.py:161} INFO - Processing /Users/abhaymone/src/dev/sand/MANAGE-GMAIL/venv/lib/python3.9/site-packages/airflow/example_dags/example_branch_datetime_operator.py took 0.097 seconds
[2022-08-21 16:41:23,113] {processor.py:153} INFO - Started process (PID=4028) to work on /Users/abhaymone/src/dev/sand/MANAGE-GMAIL/venv/lib/python3.9/site-packages/airflow/example_dags/example_branch_datetime_operator.py
[2022-08-21 16:41:23,119] {processor.py:641} INFO - Processing file /Users/abhaymone/src/dev/sand/MANAGE-GMAIL/venv/lib/python3.9/site-packages/airflow/example_dags/example_branch_datetime_operator.py for tasks to queue
[2022-08-21 16:41:23,119] {logging_mixin.py:115} INFO - [2022-08-21 16:41:23,119] {dagbag.py:508} INFO - Filling up the DagBag from /Users/abhaymone/src/dev/sand/MANAGE-GMAIL/venv/lib/python3.9/site-packages/airflow/example_dags/example_branch_datetime_operator.py
[2022-08-21 16:41:23,137] {processor.py:651} INFO - DAG(s) dict_keys(['example_branch_datetime_operator', 'example_branch_datetime_operator_2']) retrieved from /Users/abhaymone/src/dev/sand/MANAGE-GMAIL/venv/lib/python3.9/site-packages/airflow/example_dags/example_branch_datetime_operator.py
[2022-08-21 16:41:23,190] {logging_mixin.py:115} INFO - [2022-08-21 16:41:23,190] {dag.py:2420} INFO - Sync 2 DAGs
[2022-08-21 16:41:23,203] {logging_mixin.py:115} INFO - [2022-08-21 16:41:23,203] {dag.py:2968} INFO - Setting next_dagrun for example_branch_datetime_operator to 2022-08-20T00:00:00+00:00, run_after=2022-08-21T00:00:00+00:00
[2022-08-21 16:41:23,204] {logging_mixin.py:115} INFO - [2022-08-21 16:41:23,204] {dag.py:2968} INFO - Setting next_dagrun for example_branch_datetime_operator_2 to 2022-08-20T00:00:00+00:00, run_after=2022-08-21T00:00:00+00:00
[2022-08-21 16:41:23,215] {processor.py:161} INFO - Processing /Users/abhaymone/src/dev/sand/MANAGE-GMAIL/venv/lib/python3.9/site-packages/airflow/example_dags/example_branch_datetime_operator.py took 0.102 seconds
[2022-08-21 16:42:23,426] {processor.py:153} INFO - Started process (PID=4065) to work on /Users/abhaymone/src/dev/sand/MANAGE-GMAIL/venv/lib/python3.9/site-packages/airflow/example_dags/example_branch_datetime_operator.py
[2022-08-21 16:42:23,427] {processor.py:641} INFO - Processing file /Users/abhaymone/src/dev/sand/MANAGE-GMAIL/venv/lib/python3.9/site-packages/airflow/example_dags/example_branch_datetime_operator.py for tasks to queue
[2022-08-21 16:42:23,427] {logging_mixin.py:115} INFO - [2022-08-21 16:42:23,427] {dagbag.py:508} INFO - Filling up the DagBag from /Users/abhaymone/src/dev/sand/MANAGE-GMAIL/venv/lib/python3.9/site-packages/airflow/example_dags/example_branch_datetime_operator.py
[2022-08-21 16:42:23,439] {processor.py:651} INFO - DAG(s) dict_keys(['example_branch_datetime_operator', 'example_branch_datetime_operator_2']) retrieved from /Users/abhaymone/src/dev/sand/MANAGE-GMAIL/venv/lib/python3.9/site-packages/airflow/example_dags/example_branch_datetime_operator.py
[2022-08-21 16:42:23,493] {logging_mixin.py:115} INFO - [2022-08-21 16:42:23,493] {dag.py:2420} INFO - Sync 2 DAGs
[2022-08-21 16:42:23,508] {logging_mixin.py:115} INFO - [2022-08-21 16:42:23,508] {dag.py:2968} INFO - Setting next_dagrun for example_branch_datetime_operator to 2022-08-20T00:00:00+00:00, run_after=2022-08-21T00:00:00+00:00
[2022-08-21 16:42:23,509] {logging_mixin.py:115} INFO - [2022-08-21 16:42:23,509] {dag.py:2968} INFO - Setting next_dagrun for example_branch_datetime_operator_2 to 2022-08-20T00:00:00+00:00, run_after=2022-08-21T00:00:00+00:00
[2022-08-21 16:42:23,525] {processor.py:161} INFO - Processing /Users/abhaymone/src/dev/sand/MANAGE-GMAIL/venv/lib/python3.9/site-packages/airflow/example_dags/example_branch_datetime_operator.py took 0.099 seconds
[2022-08-21 16:43:26,954] {processor.py:153} INFO - Started process (PID=4110) to work on /Users/abhaymone/src/dev/sand/MANAGE-GMAIL/venv/lib/python3.9/site-packages/airflow/example_dags/example_branch_datetime_operator.py
[2022-08-21 16:43:26,956] {processor.py:641} INFO - Processing file /Users/abhaymone/src/dev/sand/MANAGE-GMAIL/venv/lib/python3.9/site-packages/airflow/example_dags/example_branch_datetime_operator.py for tasks to queue
[2022-08-21 16:43:26,957] {logging_mixin.py:115} INFO - [2022-08-21 16:43:26,957] {dagbag.py:508} INFO - Filling up the DagBag from /Users/abhaymone/src/dev/sand/MANAGE-GMAIL/venv/lib/python3.9/site-packages/airflow/example_dags/example_branch_datetime_operator.py
[2022-08-21 16:43:26,972] {processor.py:651} INFO - DAG(s) dict_keys(['example_branch_datetime_operator', 'example_branch_datetime_operator_2']) retrieved from /Users/abhaymone/src/dev/sand/MANAGE-GMAIL/venv/lib/python3.9/site-packages/airflow/example_dags/example_branch_datetime_operator.py
[2022-08-21 16:43:27,026] {logging_mixin.py:115} INFO - [2022-08-21 16:43:27,026] {dag.py:2420} INFO - Sync 2 DAGs
[2022-08-21 16:43:27,040] {logging_mixin.py:115} INFO - [2022-08-21 16:43:27,040] {dag.py:2968} INFO - Setting next_dagrun for example_branch_datetime_operator to 2022-08-20T00:00:00+00:00, run_after=2022-08-21T00:00:00+00:00
[2022-08-21 16:43:27,041] {logging_mixin.py:115} INFO - [2022-08-21 16:43:27,041] {dag.py:2968} INFO - Setting next_dagrun for example_branch_datetime_operator_2 to 2022-08-20T00:00:00+00:00, run_after=2022-08-21T00:00:00+00:00
[2022-08-21 16:43:27,053] {processor.py:161} INFO - Processing /Users/abhaymone/src/dev/sand/MANAGE-GMAIL/venv/lib/python3.9/site-packages/airflow/example_dags/example_branch_datetime_operator.py took 0.099 seconds
[2022-08-21 16:44:31,183] {processor.py:153} INFO - Started process (PID=4232) to work on /Users/abhaymone/src/dev/sand/MANAGE-GMAIL/venv/lib/python3.9/site-packages/airflow/example_dags/example_branch_datetime_operator.py
[2022-08-21 16:44:31,189] {processor.py:641} INFO - Processing file /Users/abhaymone/src/dev/sand/MANAGE-GMAIL/venv/lib/python3.9/site-packages/airflow/example_dags/example_branch_datetime_operator.py for tasks to queue
[2022-08-21 16:44:31,190] {logging_mixin.py:115} INFO - [2022-08-21 16:44:31,189] {dagbag.py:508} INFO - Filling up the DagBag from /Users/abhaymone/src/dev/sand/MANAGE-GMAIL/venv/lib/python3.9/site-packages/airflow/example_dags/example_branch_datetime_operator.py
[2022-08-21 16:44:31,208] {processor.py:651} INFO - DAG(s) dict_keys(['example_branch_datetime_operator', 'example_branch_datetime_operator_2']) retrieved from /Users/abhaymone/src/dev/sand/MANAGE-GMAIL/venv/lib/python3.9/site-packages/airflow/example_dags/example_branch_datetime_operator.py
[2022-08-21 16:44:31,259] {logging_mixin.py:115} INFO - [2022-08-21 16:44:31,259] {dag.py:2420} INFO - Sync 2 DAGs
[2022-08-21 16:44:31,271] {logging_mixin.py:115} INFO - [2022-08-21 16:44:31,271] {dag.py:2968} INFO - Setting next_dagrun for example_branch_datetime_operator to 2022-08-20T00:00:00+00:00, run_after=2022-08-21T00:00:00+00:00
[2022-08-21 16:44:31,272] {logging_mixin.py:115} INFO - [2022-08-21 16:44:31,272] {dag.py:2968} INFO - Setting next_dagrun for example_branch_datetime_operator_2 to 2022-08-20T00:00:00+00:00, run_after=2022-08-21T00:00:00+00:00
[2022-08-21 16:44:31,285] {processor.py:161} INFO - Processing /Users/abhaymone/src/dev/sand/MANAGE-GMAIL/venv/lib/python3.9/site-packages/airflow/example_dags/example_branch_datetime_operator.py took 0.103 seconds
[2022-08-21 16:45:28,760] {processor.py:153} INFO - Started process (PID=4337) to work on /Users/abhaymone/src/dev/sand/MANAGE-GMAIL/venv/lib/python3.9/site-packages/airflow/example_dags/example_branch_datetime_operator.py
[2022-08-21 16:45:28,760] {processor.py:641} INFO - Processing file /Users/abhaymone/src/dev/sand/MANAGE-GMAIL/venv/lib/python3.9/site-packages/airflow/example_dags/example_branch_datetime_operator.py for tasks to queue
[2022-08-21 16:45:28,760] {logging_mixin.py:115} INFO - [2022-08-21 16:45:28,760] {dagbag.py:508} INFO - Filling up the DagBag from /Users/abhaymone/src/dev/sand/MANAGE-GMAIL/venv/lib/python3.9/site-packages/airflow/example_dags/example_branch_datetime_operator.py
[2022-08-21 16:45:28,772] {processor.py:651} INFO - DAG(s) dict_keys(['example_branch_datetime_operator', 'example_branch_datetime_operator_2']) retrieved from /Users/abhaymone/src/dev/sand/MANAGE-GMAIL/venv/lib/python3.9/site-packages/airflow/example_dags/example_branch_datetime_operator.py
[2022-08-21 16:45:28,823] {logging_mixin.py:115} INFO - [2022-08-21 16:45:28,823] {dag.py:2420} INFO - Sync 2 DAGs
[2022-08-21 16:45:28,837] {logging_mixin.py:115} INFO - [2022-08-21 16:45:28,837] {dag.py:2968} INFO - Setting next_dagrun for example_branch_datetime_operator to 2022-08-20T00:00:00+00:00, run_after=2022-08-21T00:00:00+00:00
[2022-08-21 16:45:28,838] {logging_mixin.py:115} INFO - [2022-08-21 16:45:28,838] {dag.py:2968} INFO - Setting next_dagrun for example_branch_datetime_operator_2 to 2022-08-20T00:00:00+00:00, run_after=2022-08-21T00:00:00+00:00
[2022-08-21 16:45:28,849] {processor.py:161} INFO - Processing /Users/abhaymone/src/dev/sand/MANAGE-GMAIL/venv/lib/python3.9/site-packages/airflow/example_dags/example_branch_datetime_operator.py took 0.090 seconds
[2022-08-21 16:46:53,572] {processor.py:153} INFO - Started process (PID=4509) to work on /Users/abhaymone/src/dev/sand/MANAGE-GMAIL/venv/lib/python3.9/site-packages/airflow/example_dags/example_branch_datetime_operator.py
[2022-08-21 16:46:53,578] {processor.py:641} INFO - Processing file /Users/abhaymone/src/dev/sand/MANAGE-GMAIL/venv/lib/python3.9/site-packages/airflow/example_dags/example_branch_datetime_operator.py for tasks to queue
[2022-08-21 16:46:53,578] {logging_mixin.py:115} INFO - [2022-08-21 16:46:53,578] {dagbag.py:508} INFO - Filling up the DagBag from /Users/abhaymone/src/dev/sand/MANAGE-GMAIL/venv/lib/python3.9/site-packages/airflow/example_dags/example_branch_datetime_operator.py
[2022-08-21 16:46:53,595] {processor.py:651} INFO - DAG(s) dict_keys(['example_branch_datetime_operator', 'example_branch_datetime_operator_2']) retrieved from /Users/abhaymone/src/dev/sand/MANAGE-GMAIL/venv/lib/python3.9/site-packages/airflow/example_dags/example_branch_datetime_operator.py
[2022-08-21 16:46:53,645] {logging_mixin.py:115} INFO - [2022-08-21 16:46:53,645] {dag.py:2420} INFO - Sync 2 DAGs
[2022-08-21 16:46:53,657] {logging_mixin.py:115} INFO - [2022-08-21 16:46:53,657] {dag.py:2968} INFO - Setting next_dagrun for example_branch_datetime_operator to 2022-08-20T00:00:00+00:00, run_after=2022-08-21T00:00:00+00:00
[2022-08-21 16:46:53,658] {logging_mixin.py:115} INFO - [2022-08-21 16:46:53,658] {dag.py:2968} INFO - Setting next_dagrun for example_branch_datetime_operator_2 to 2022-08-20T00:00:00+00:00, run_after=2022-08-21T00:00:00+00:00
[2022-08-21 16:46:53,669] {processor.py:161} INFO - Processing /Users/abhaymone/src/dev/sand/MANAGE-GMAIL/venv/lib/python3.9/site-packages/airflow/example_dags/example_branch_datetime_operator.py took 0.097 seconds
[2022-08-21 16:47:57,543] {processor.py:153} INFO - Started process (PID=4569) to work on /Users/abhaymone/src/dev/sand/MANAGE-GMAIL/venv/lib/python3.9/site-packages/airflow/example_dags/example_branch_datetime_operator.py
[2022-08-21 16:47:57,549] {processor.py:641} INFO - Processing file /Users/abhaymone/src/dev/sand/MANAGE-GMAIL/venv/lib/python3.9/site-packages/airflow/example_dags/example_branch_datetime_operator.py for tasks to queue
[2022-08-21 16:47:57,550] {logging_mixin.py:115} INFO - [2022-08-21 16:47:57,550] {dagbag.py:508} INFO - Filling up the DagBag from /Users/abhaymone/src/dev/sand/MANAGE-GMAIL/venv/lib/python3.9/site-packages/airflow/example_dags/example_branch_datetime_operator.py
[2022-08-21 16:47:57,569] {processor.py:651} INFO - DAG(s) dict_keys(['example_branch_datetime_operator', 'example_branch_datetime_operator_2']) retrieved from /Users/abhaymone/src/dev/sand/MANAGE-GMAIL/venv/lib/python3.9/site-packages/airflow/example_dags/example_branch_datetime_operator.py
[2022-08-21 16:47:57,638] {logging_mixin.py:115} INFO - [2022-08-21 16:47:57,638] {dag.py:2420} INFO - Sync 2 DAGs
[2022-08-21 16:47:57,652] {logging_mixin.py:115} INFO - [2022-08-21 16:47:57,652] {dag.py:2968} INFO - Setting next_dagrun for example_branch_datetime_operator to 2022-08-20T00:00:00+00:00, run_after=2022-08-21T00:00:00+00:00
[2022-08-21 16:47:57,654] {logging_mixin.py:115} INFO - [2022-08-21 16:47:57,654] {dag.py:2968} INFO - Setting next_dagrun for example_branch_datetime_operator_2 to 2022-08-20T00:00:00+00:00, run_after=2022-08-21T00:00:00+00:00
[2022-08-21 16:47:57,673] {processor.py:161} INFO - Processing /Users/abhaymone/src/dev/sand/MANAGE-GMAIL/venv/lib/python3.9/site-packages/airflow/example_dags/example_branch_datetime_operator.py took 0.130 seconds
[2022-08-21 16:49:06,240] {processor.py:153} INFO - Started process (PID=4621) to work on /Users/abhaymone/src/dev/sand/MANAGE-GMAIL/venv/lib/python3.9/site-packages/airflow/example_dags/example_branch_datetime_operator.py
[2022-08-21 16:49:06,240] {processor.py:641} INFO - Processing file /Users/abhaymone/src/dev/sand/MANAGE-GMAIL/venv/lib/python3.9/site-packages/airflow/example_dags/example_branch_datetime_operator.py for tasks to queue
[2022-08-21 16:49:06,241] {logging_mixin.py:115} INFO - [2022-08-21 16:49:06,241] {dagbag.py:508} INFO - Filling up the DagBag from /Users/abhaymone/src/dev/sand/MANAGE-GMAIL/venv/lib/python3.9/site-packages/airflow/example_dags/example_branch_datetime_operator.py
[2022-08-21 16:49:06,260] {processor.py:651} INFO - DAG(s) dict_keys(['example_branch_datetime_operator', 'example_branch_datetime_operator_2']) retrieved from /Users/abhaymone/src/dev/sand/MANAGE-GMAIL/venv/lib/python3.9/site-packages/airflow/example_dags/example_branch_datetime_operator.py
[2022-08-21 16:49:06,310] {logging_mixin.py:115} INFO - [2022-08-21 16:49:06,310] {dag.py:2420} INFO - Sync 2 DAGs
[2022-08-21 16:49:06,322] {logging_mixin.py:115} INFO - [2022-08-21 16:49:06,322] {dag.py:2968} INFO - Setting next_dagrun for example_branch_datetime_operator to 2022-08-20T00:00:00+00:00, run_after=2022-08-21T00:00:00+00:00
[2022-08-21 16:49:06,323] {logging_mixin.py:115} INFO - [2022-08-21 16:49:06,323] {dag.py:2968} INFO - Setting next_dagrun for example_branch_datetime_operator_2 to 2022-08-20T00:00:00+00:00, run_after=2022-08-21T00:00:00+00:00
[2022-08-21 16:49:06,334] {processor.py:161} INFO - Processing /Users/abhaymone/src/dev/sand/MANAGE-GMAIL/venv/lib/python3.9/site-packages/airflow/example_dags/example_branch_datetime_operator.py took 0.095 seconds
[2022-08-21 16:50:07,104] {processor.py:153} INFO - Started process (PID=4661) to work on /Users/abhaymone/src/dev/sand/MANAGE-GMAIL/venv/lib/python3.9/site-packages/airflow/example_dags/example_branch_datetime_operator.py
[2022-08-21 16:50:07,110] {processor.py:641} INFO - Processing file /Users/abhaymone/src/dev/sand/MANAGE-GMAIL/venv/lib/python3.9/site-packages/airflow/example_dags/example_branch_datetime_operator.py for tasks to queue
[2022-08-21 16:50:07,111] {logging_mixin.py:115} INFO - [2022-08-21 16:50:07,111] {dagbag.py:508} INFO - Filling up the DagBag from /Users/abhaymone/src/dev/sand/MANAGE-GMAIL/venv/lib/python3.9/site-packages/airflow/example_dags/example_branch_datetime_operator.py
[2022-08-21 16:50:07,130] {processor.py:651} INFO - DAG(s) dict_keys(['example_branch_datetime_operator', 'example_branch_datetime_operator_2']) retrieved from /Users/abhaymone/src/dev/sand/MANAGE-GMAIL/venv/lib/python3.9/site-packages/airflow/example_dags/example_branch_datetime_operator.py
[2022-08-21 16:50:07,180] {logging_mixin.py:115} INFO - [2022-08-21 16:50:07,180] {dag.py:2420} INFO - Sync 2 DAGs
[2022-08-21 16:50:07,191] {logging_mixin.py:115} INFO - [2022-08-21 16:50:07,191] {dag.py:2968} INFO - Setting next_dagrun for example_branch_datetime_operator to 2022-08-20T00:00:00+00:00, run_after=2022-08-21T00:00:00+00:00
[2022-08-21 16:50:07,193] {logging_mixin.py:115} INFO - [2022-08-21 16:50:07,193] {dag.py:2968} INFO - Setting next_dagrun for example_branch_datetime_operator_2 to 2022-08-20T00:00:00+00:00, run_after=2022-08-21T00:00:00+00:00
[2022-08-21 16:50:07,203] {processor.py:161} INFO - Processing /Users/abhaymone/src/dev/sand/MANAGE-GMAIL/venv/lib/python3.9/site-packages/airflow/example_dags/example_branch_datetime_operator.py took 0.099 seconds
[2022-08-21 16:51:09,706] {processor.py:153} INFO - Started process (PID=4736) to work on /Users/abhaymone/src/dev/sand/MANAGE-GMAIL/venv/lib/python3.9/site-packages/airflow/example_dags/example_branch_datetime_operator.py
[2022-08-21 16:51:09,708] {processor.py:641} INFO - Processing file /Users/abhaymone/src/dev/sand/MANAGE-GMAIL/venv/lib/python3.9/site-packages/airflow/example_dags/example_branch_datetime_operator.py for tasks to queue
[2022-08-21 16:51:09,708] {logging_mixin.py:115} INFO - [2022-08-21 16:51:09,708] {dagbag.py:508} INFO - Filling up the DagBag from /Users/abhaymone/src/dev/sand/MANAGE-GMAIL/venv/lib/python3.9/site-packages/airflow/example_dags/example_branch_datetime_operator.py
[2022-08-21 16:51:09,725] {processor.py:651} INFO - DAG(s) dict_keys(['example_branch_datetime_operator', 'example_branch_datetime_operator_2']) retrieved from /Users/abhaymone/src/dev/sand/MANAGE-GMAIL/venv/lib/python3.9/site-packages/airflow/example_dags/example_branch_datetime_operator.py
[2022-08-21 16:51:09,777] {logging_mixin.py:115} INFO - [2022-08-21 16:51:09,777] {dag.py:2420} INFO - Sync 2 DAGs
[2022-08-21 16:51:09,789] {logging_mixin.py:115} INFO - [2022-08-21 16:51:09,789] {dag.py:2968} INFO - Setting next_dagrun for example_branch_datetime_operator to 2022-08-20T00:00:00+00:00, run_after=2022-08-21T00:00:00+00:00
[2022-08-21 16:51:09,791] {logging_mixin.py:115} INFO - [2022-08-21 16:51:09,791] {dag.py:2968} INFO - Setting next_dagrun for example_branch_datetime_operator_2 to 2022-08-20T00:00:00+00:00, run_after=2022-08-21T00:00:00+00:00
[2022-08-21 16:51:09,801] {processor.py:161} INFO - Processing /Users/abhaymone/src/dev/sand/MANAGE-GMAIL/venv/lib/python3.9/site-packages/airflow/example_dags/example_branch_datetime_operator.py took 0.096 seconds
[2022-08-21 16:52:07,768] {processor.py:153} INFO - Started process (PID=4952) to work on /Users/abhaymone/src/dev/sand/MANAGE-GMAIL/venv/lib/python3.9/site-packages/airflow/example_dags/example_branch_datetime_operator.py
[2022-08-21 16:52:07,768] {processor.py:641} INFO - Processing file /Users/abhaymone/src/dev/sand/MANAGE-GMAIL/venv/lib/python3.9/site-packages/airflow/example_dags/example_branch_datetime_operator.py for tasks to queue
[2022-08-21 16:52:07,768] {logging_mixin.py:115} INFO - [2022-08-21 16:52:07,768] {dagbag.py:508} INFO - Filling up the DagBag from /Users/abhaymone/src/dev/sand/MANAGE-GMAIL/venv/lib/python3.9/site-packages/airflow/example_dags/example_branch_datetime_operator.py
[2022-08-21 16:52:07,782] {processor.py:651} INFO - DAG(s) dict_keys(['example_branch_datetime_operator', 'example_branch_datetime_operator_2']) retrieved from /Users/abhaymone/src/dev/sand/MANAGE-GMAIL/venv/lib/python3.9/site-packages/airflow/example_dags/example_branch_datetime_operator.py
[2022-08-21 16:52:07,833] {logging_mixin.py:115} INFO - [2022-08-21 16:52:07,833] {dag.py:2420} INFO - Sync 2 DAGs
[2022-08-21 16:52:07,846] {logging_mixin.py:115} INFO - [2022-08-21 16:52:07,846] {dag.py:2968} INFO - Setting next_dagrun for example_branch_datetime_operator to 2022-08-20T00:00:00+00:00, run_after=2022-08-21T00:00:00+00:00
[2022-08-21 16:52:07,847] {logging_mixin.py:115} INFO - [2022-08-21 16:52:07,847] {dag.py:2968} INFO - Setting next_dagrun for example_branch_datetime_operator_2 to 2022-08-20T00:00:00+00:00, run_after=2022-08-21T00:00:00+00:00
[2022-08-21 16:52:07,857] {processor.py:161} INFO - Processing /Users/abhaymone/src/dev/sand/MANAGE-GMAIL/venv/lib/python3.9/site-packages/airflow/example_dags/example_branch_datetime_operator.py took 0.090 seconds
[2022-08-21 16:53:38,009] {processor.py:153} INFO - Started process (PID=5139) to work on /Users/abhaymone/src/dev/sand/MANAGE-GMAIL/venv/lib/python3.9/site-packages/airflow/example_dags/example_branch_datetime_operator.py
[2022-08-21 16:53:38,009] {processor.py:641} INFO - Processing file /Users/abhaymone/src/dev/sand/MANAGE-GMAIL/venv/lib/python3.9/site-packages/airflow/example_dags/example_branch_datetime_operator.py for tasks to queue
[2022-08-21 16:53:38,009] {logging_mixin.py:115} INFO - [2022-08-21 16:53:38,009] {dagbag.py:508} INFO - Filling up the DagBag from /Users/abhaymone/src/dev/sand/MANAGE-GMAIL/venv/lib/python3.9/site-packages/airflow/example_dags/example_branch_datetime_operator.py
[2022-08-21 16:53:38,021] {processor.py:651} INFO - DAG(s) dict_keys(['example_branch_datetime_operator', 'example_branch_datetime_operator_2']) retrieved from /Users/abhaymone/src/dev/sand/MANAGE-GMAIL/venv/lib/python3.9/site-packages/airflow/example_dags/example_branch_datetime_operator.py
[2022-08-21 16:53:38,074] {logging_mixin.py:115} INFO - [2022-08-21 16:53:38,074] {dag.py:2420} INFO - Sync 2 DAGs
[2022-08-21 16:53:38,086] {logging_mixin.py:115} INFO - [2022-08-21 16:53:38,086] {dag.py:2968} INFO - Setting next_dagrun for example_branch_datetime_operator to 2022-08-20T00:00:00+00:00, run_after=2022-08-21T00:00:00+00:00
[2022-08-21 16:53:38,087] {logging_mixin.py:115} INFO - [2022-08-21 16:53:38,087] {dag.py:2968} INFO - Setting next_dagrun for example_branch_datetime_operator_2 to 2022-08-20T00:00:00+00:00, run_after=2022-08-21T00:00:00+00:00
[2022-08-21 16:53:38,095] {processor.py:161} INFO - Processing /Users/abhaymone/src/dev/sand/MANAGE-GMAIL/venv/lib/python3.9/site-packages/airflow/example_dags/example_branch_datetime_operator.py took 0.087 seconds
[2022-08-21 16:54:39,461] {processor.py:153} INFO - Started process (PID=5191) to work on /Users/abhaymone/src/dev/sand/MANAGE-GMAIL/venv/lib/python3.9/site-packages/airflow/example_dags/example_branch_datetime_operator.py
[2022-08-21 16:54:39,461] {processor.py:641} INFO - Processing file /Users/abhaymone/src/dev/sand/MANAGE-GMAIL/venv/lib/python3.9/site-packages/airflow/example_dags/example_branch_datetime_operator.py for tasks to queue
[2022-08-21 16:54:39,462] {logging_mixin.py:115} INFO - [2022-08-21 16:54:39,462] {dagbag.py:508} INFO - Filling up the DagBag from /Users/abhaymone/src/dev/sand/MANAGE-GMAIL/venv/lib/python3.9/site-packages/airflow/example_dags/example_branch_datetime_operator.py
[2022-08-21 16:54:39,476] {processor.py:651} INFO - DAG(s) dict_keys(['example_branch_datetime_operator', 'example_branch_datetime_operator_2']) retrieved from /Users/abhaymone/src/dev/sand/MANAGE-GMAIL/venv/lib/python3.9/site-packages/airflow/example_dags/example_branch_datetime_operator.py
[2022-08-21 16:54:39,542] {logging_mixin.py:115} INFO - [2022-08-21 16:54:39,542] {dag.py:2420} INFO - Sync 2 DAGs
[2022-08-21 16:54:39,558] {logging_mixin.py:115} INFO - [2022-08-21 16:54:39,558] {dag.py:2968} INFO - Setting next_dagrun for example_branch_datetime_operator to 2022-08-20T00:00:00+00:00, run_after=2022-08-21T00:00:00+00:00
[2022-08-21 16:54:39,560] {logging_mixin.py:115} INFO - [2022-08-21 16:54:39,560] {dag.py:2968} INFO - Setting next_dagrun for example_branch_datetime_operator_2 to 2022-08-20T00:00:00+00:00, run_after=2022-08-21T00:00:00+00:00
[2022-08-21 16:54:39,571] {processor.py:161} INFO - Processing /Users/abhaymone/src/dev/sand/MANAGE-GMAIL/venv/lib/python3.9/site-packages/airflow/example_dags/example_branch_datetime_operator.py took 0.111 seconds
