[2022-08-21 16:15:10,740] {processor.py:153} INFO - Started process (PID=3393) to work on /Users/abhaymone/src/dev/sand/MANAGE-GMAIL/venv/lib/python3.9/site-packages/airflow/example_dags/example_branch_operator.py
[2022-08-21 16:15:10,740] {processor.py:641} INFO - Processing file /Users/abhaymone/src/dev/sand/MANAGE-GMAIL/venv/lib/python3.9/site-packages/airflow/example_dags/example_branch_operator.py for tasks to queue
[2022-08-21 16:15:10,740] {logging_mixin.py:115} INFO - [2022-08-21 16:15:10,740] {dagbag.py:508} INFO - Filling up the DagBag from /Users/abhaymone/src/dev/sand/MANAGE-GMAIL/venv/lib/python3.9/site-packages/airflow/example_dags/example_branch_operator.py
[2022-08-21 16:15:10,777] {processor.py:651} INFO - DAG(s) dict_keys(['example_branch_operator']) retrieved from /Users/abhaymone/src/dev/sand/MANAGE-GMAIL/venv/lib/python3.9/site-packages/airflow/example_dags/example_branch_operator.py
[2022-08-21 16:15:11,489] {logging_mixin.py:115} INFO - [2022-08-21 16:15:11,489] {manager.py:508} INFO - Created Permission View: can delete on DAG:example_branch_operator
[2022-08-21 16:15:11,497] {logging_mixin.py:115} INFO - [2022-08-21 16:15:11,497] {manager.py:508} INFO - Created Permission View: can read on DAG:example_branch_operator
[2022-08-21 16:15:11,504] {logging_mixin.py:115} INFO - [2022-08-21 16:15:11,503] {manager.py:508} INFO - Created Permission View: can edit on DAG:example_branch_operator
[2022-08-21 16:15:11,504] {logging_mixin.py:115} INFO - [2022-08-21 16:15:11,504] {dag.py:2420} INFO - Sync 1 DAGs
[2022-08-21 16:15:11,515] {logging_mixin.py:115} INFO - [2022-08-21 16:15:11,515] {dag.py:2439} INFO - Creating ORM DAG for example_branch_operator
[2022-08-21 16:15:11,528] {logging_mixin.py:115} INFO - [2022-08-21 16:15:11,527] {dag.py:2968} INFO - Setting next_dagrun for example_branch_operator to 2022-08-20T00:00:00+00:00, run_after=2022-08-21T00:00:00+00:00
[2022-08-21 16:15:11,547] {processor.py:161} INFO - Processing /Users/abhaymone/src/dev/sand/MANAGE-GMAIL/venv/lib/python3.9/site-packages/airflow/example_dags/example_branch_operator.py took 0.807 seconds
[2022-08-21 16:16:18,611] {processor.py:153} INFO - Started process (PID=3443) to work on /Users/abhaymone/src/dev/sand/MANAGE-GMAIL/venv/lib/python3.9/site-packages/airflow/example_dags/example_branch_operator.py
[2022-08-21 16:16:18,617] {processor.py:641} INFO - Processing file /Users/abhaymone/src/dev/sand/MANAGE-GMAIL/venv/lib/python3.9/site-packages/airflow/example_dags/example_branch_operator.py for tasks to queue
[2022-08-21 16:16:18,618] {logging_mixin.py:115} INFO - [2022-08-21 16:16:18,618] {dagbag.py:508} INFO - Filling up the DagBag from /Users/abhaymone/src/dev/sand/MANAGE-GMAIL/venv/lib/python3.9/site-packages/airflow/example_dags/example_branch_operator.py
[2022-08-21 16:16:18,645] {processor.py:651} INFO - DAG(s) dict_keys(['example_branch_operator']) retrieved from /Users/abhaymone/src/dev/sand/MANAGE-GMAIL/venv/lib/python3.9/site-packages/airflow/example_dags/example_branch_operator.py
[2022-08-21 16:16:18,692] {logging_mixin.py:115} INFO - [2022-08-21 16:16:18,692] {dag.py:2420} INFO - Sync 1 DAGs
[2022-08-21 16:16:18,703] {logging_mixin.py:115} INFO - [2022-08-21 16:16:18,703] {dag.py:2968} INFO - Setting next_dagrun for example_branch_operator to 2022-08-20T00:00:00+00:00, run_after=2022-08-21T00:00:00+00:00
[2022-08-21 16:16:18,716] {processor.py:161} INFO - Processing /Users/abhaymone/src/dev/sand/MANAGE-GMAIL/venv/lib/python3.9/site-packages/airflow/example_dags/example_branch_operator.py took 0.105 seconds
[2022-08-21 16:17:17,296] {processor.py:153} INFO - Started process (PID=3479) to work on /Users/abhaymone/src/dev/sand/MANAGE-GMAIL/venv/lib/python3.9/site-packages/airflow/example_dags/example_branch_operator.py
[2022-08-21 16:17:17,296] {processor.py:641} INFO - Processing file /Users/abhaymone/src/dev/sand/MANAGE-GMAIL/venv/lib/python3.9/site-packages/airflow/example_dags/example_branch_operator.py for tasks to queue
[2022-08-21 16:17:17,296] {logging_mixin.py:115} INFO - [2022-08-21 16:17:17,296] {dagbag.py:508} INFO - Filling up the DagBag from /Users/abhaymone/src/dev/sand/MANAGE-GMAIL/venv/lib/python3.9/site-packages/airflow/example_dags/example_branch_operator.py
[2022-08-21 16:17:17,329] {processor.py:651} INFO - DAG(s) dict_keys(['example_branch_operator']) retrieved from /Users/abhaymone/src/dev/sand/MANAGE-GMAIL/venv/lib/python3.9/site-packages/airflow/example_dags/example_branch_operator.py
[2022-08-21 16:17:17,376] {logging_mixin.py:115} INFO - [2022-08-21 16:17:17,376] {dag.py:2420} INFO - Sync 1 DAGs
[2022-08-21 16:17:17,388] {logging_mixin.py:115} INFO - [2022-08-21 16:17:17,388] {dag.py:2968} INFO - Setting next_dagrun for example_branch_operator to 2022-08-20T00:00:00+00:00, run_after=2022-08-21T00:00:00+00:00
[2022-08-21 16:17:17,399] {processor.py:161} INFO - Processing /Users/abhaymone/src/dev/sand/MANAGE-GMAIL/venv/lib/python3.9/site-packages/airflow/example_dags/example_branch_operator.py took 0.104 seconds
[2022-08-21 16:28:49,611] {processor.py:153} INFO - Started process (PID=3565) to work on /Users/abhaymone/src/dev/sand/MANAGE-GMAIL/venv/lib/python3.9/site-packages/airflow/example_dags/example_branch_operator.py
[2022-08-21 16:28:49,617] {processor.py:641} INFO - Processing file /Users/abhaymone/src/dev/sand/MANAGE-GMAIL/venv/lib/python3.9/site-packages/airflow/example_dags/example_branch_operator.py for tasks to queue
[2022-08-21 16:28:49,617] {logging_mixin.py:115} INFO - [2022-08-21 16:28:49,617] {dagbag.py:508} INFO - Filling up the DagBag from /Users/abhaymone/src/dev/sand/MANAGE-GMAIL/venv/lib/python3.9/site-packages/airflow/example_dags/example_branch_operator.py
[2022-08-21 16:28:49,644] {processor.py:651} INFO - DAG(s) dict_keys(['example_branch_operator']) retrieved from /Users/abhaymone/src/dev/sand/MANAGE-GMAIL/venv/lib/python3.9/site-packages/airflow/example_dags/example_branch_operator.py
[2022-08-21 16:28:49,697] {logging_mixin.py:115} INFO - [2022-08-21 16:28:49,697] {dag.py:2420} INFO - Sync 1 DAGs
[2022-08-21 16:28:49,709] {logging_mixin.py:115} INFO - [2022-08-21 16:28:49,709] {dag.py:2968} INFO - Setting next_dagrun for example_branch_operator to 2022-08-20T00:00:00+00:00, run_after=2022-08-21T00:00:00+00:00
[2022-08-21 16:28:49,720] {processor.py:161} INFO - Processing /Users/abhaymone/src/dev/sand/MANAGE-GMAIL/venv/lib/python3.9/site-packages/airflow/example_dags/example_branch_operator.py took 0.110 seconds
[2022-08-21 16:29:46,395] {processor.py:153} INFO - Started process (PID=3603) to work on /Users/abhaymone/src/dev/sand/MANAGE-GMAIL/venv/lib/python3.9/site-packages/airflow/example_dags/example_branch_operator.py
[2022-08-21 16:29:46,395] {processor.py:641} INFO - Processing file /Users/abhaymone/src/dev/sand/MANAGE-GMAIL/venv/lib/python3.9/site-packages/airflow/example_dags/example_branch_operator.py for tasks to queue
[2022-08-21 16:29:46,395] {logging_mixin.py:115} INFO - [2022-08-21 16:29:46,395] {dagbag.py:508} INFO - Filling up the DagBag from /Users/abhaymone/src/dev/sand/MANAGE-GMAIL/venv/lib/python3.9/site-packages/airflow/example_dags/example_branch_operator.py
[2022-08-21 16:29:46,417] {processor.py:651} INFO - DAG(s) dict_keys(['example_branch_operator']) retrieved from /Users/abhaymone/src/dev/sand/MANAGE-GMAIL/venv/lib/python3.9/site-packages/airflow/example_dags/example_branch_operator.py
[2022-08-21 16:29:46,464] {logging_mixin.py:115} INFO - [2022-08-21 16:29:46,464] {dag.py:2420} INFO - Sync 1 DAGs
[2022-08-21 16:29:46,475] {logging_mixin.py:115} INFO - [2022-08-21 16:29:46,475] {dag.py:2968} INFO - Setting next_dagrun for example_branch_operator to 2022-08-20T00:00:00+00:00, run_after=2022-08-21T00:00:00+00:00
[2022-08-21 16:29:46,492] {processor.py:161} INFO - Processing /Users/abhaymone/src/dev/sand/MANAGE-GMAIL/venv/lib/python3.9/site-packages/airflow/example_dags/example_branch_operator.py took 0.097 seconds
[2022-08-21 16:31:16,457] {processor.py:153} INFO - Started process (PID=3654) to work on /Users/abhaymone/src/dev/sand/MANAGE-GMAIL/venv/lib/python3.9/site-packages/airflow/example_dags/example_branch_operator.py
[2022-08-21 16:31:16,463] {processor.py:641} INFO - Processing file /Users/abhaymone/src/dev/sand/MANAGE-GMAIL/venv/lib/python3.9/site-packages/airflow/example_dags/example_branch_operator.py for tasks to queue
[2022-08-21 16:31:16,464] {logging_mixin.py:115} INFO - [2022-08-21 16:31:16,463] {dagbag.py:508} INFO - Filling up the DagBag from /Users/abhaymone/src/dev/sand/MANAGE-GMAIL/venv/lib/python3.9/site-packages/airflow/example_dags/example_branch_operator.py
[2022-08-21 16:31:16,491] {processor.py:651} INFO - DAG(s) dict_keys(['example_branch_operator']) retrieved from /Users/abhaymone/src/dev/sand/MANAGE-GMAIL/venv/lib/python3.9/site-packages/airflow/example_dags/example_branch_operator.py
[2022-08-21 16:31:16,539] {logging_mixin.py:115} INFO - [2022-08-21 16:31:16,539] {dag.py:2420} INFO - Sync 1 DAGs
[2022-08-21 16:31:16,550] {logging_mixin.py:115} INFO - [2022-08-21 16:31:16,550] {dag.py:2968} INFO - Setting next_dagrun for example_branch_operator to 2022-08-20T00:00:00+00:00, run_after=2022-08-21T00:00:00+00:00
[2022-08-21 16:31:16,561] {processor.py:161} INFO - Processing /Users/abhaymone/src/dev/sand/MANAGE-GMAIL/venv/lib/python3.9/site-packages/airflow/example_dags/example_branch_operator.py took 0.104 seconds
[2022-08-21 16:32:21,657] {processor.py:153} INFO - Started process (PID=3700) to work on /Users/abhaymone/src/dev/sand/MANAGE-GMAIL/venv/lib/python3.9/site-packages/airflow/example_dags/example_branch_operator.py
[2022-08-21 16:32:21,663] {processor.py:641} INFO - Processing file /Users/abhaymone/src/dev/sand/MANAGE-GMAIL/venv/lib/python3.9/site-packages/airflow/example_dags/example_branch_operator.py for tasks to queue
[2022-08-21 16:32:21,664] {logging_mixin.py:115} INFO - [2022-08-21 16:32:21,664] {dagbag.py:508} INFO - Filling up the DagBag from /Users/abhaymone/src/dev/sand/MANAGE-GMAIL/venv/lib/python3.9/site-packages/airflow/example_dags/example_branch_operator.py
[2022-08-21 16:32:21,692] {processor.py:651} INFO - DAG(s) dict_keys(['example_branch_operator']) retrieved from /Users/abhaymone/src/dev/sand/MANAGE-GMAIL/venv/lib/python3.9/site-packages/airflow/example_dags/example_branch_operator.py
[2022-08-21 16:32:21,739] {logging_mixin.py:115} INFO - [2022-08-21 16:32:21,739] {dag.py:2420} INFO - Sync 1 DAGs
[2022-08-21 16:32:21,750] {logging_mixin.py:115} INFO - [2022-08-21 16:32:21,750] {dag.py:2968} INFO - Setting next_dagrun for example_branch_operator to 2022-08-20T00:00:00+00:00, run_after=2022-08-21T00:00:00+00:00
[2022-08-21 16:32:21,763] {processor.py:161} INFO - Processing /Users/abhaymone/src/dev/sand/MANAGE-GMAIL/venv/lib/python3.9/site-packages/airflow/example_dags/example_branch_operator.py took 0.106 seconds
[2022-08-21 16:33:19,925] {processor.py:153} INFO - Started process (PID=3735) to work on /Users/abhaymone/src/dev/sand/MANAGE-GMAIL/venv/lib/python3.9/site-packages/airflow/example_dags/example_branch_operator.py
[2022-08-21 16:33:19,931] {processor.py:641} INFO - Processing file /Users/abhaymone/src/dev/sand/MANAGE-GMAIL/venv/lib/python3.9/site-packages/airflow/example_dags/example_branch_operator.py for tasks to queue
[2022-08-21 16:33:19,932] {logging_mixin.py:115} INFO - [2022-08-21 16:33:19,932] {dagbag.py:508} INFO - Filling up the DagBag from /Users/abhaymone/src/dev/sand/MANAGE-GMAIL/venv/lib/python3.9/site-packages/airflow/example_dags/example_branch_operator.py
[2022-08-21 16:33:19,960] {processor.py:651} INFO - DAG(s) dict_keys(['example_branch_operator']) retrieved from /Users/abhaymone/src/dev/sand/MANAGE-GMAIL/venv/lib/python3.9/site-packages/airflow/example_dags/example_branch_operator.py
[2022-08-21 16:33:20,014] {logging_mixin.py:115} INFO - [2022-08-21 16:33:20,014] {dag.py:2420} INFO - Sync 1 DAGs
[2022-08-21 16:33:20,028] {logging_mixin.py:115} INFO - [2022-08-21 16:33:20,028] {dag.py:2968} INFO - Setting next_dagrun for example_branch_operator to 2022-08-20T00:00:00+00:00, run_after=2022-08-21T00:00:00+00:00
[2022-08-21 16:33:20,041] {processor.py:161} INFO - Processing /Users/abhaymone/src/dev/sand/MANAGE-GMAIL/venv/lib/python3.9/site-packages/airflow/example_dags/example_branch_operator.py took 0.116 seconds
[2022-08-21 16:34:20,811] {processor.py:153} INFO - Started process (PID=3773) to work on /Users/abhaymone/src/dev/sand/MANAGE-GMAIL/venv/lib/python3.9/site-packages/airflow/example_dags/example_branch_operator.py
[2022-08-21 16:34:20,817] {processor.py:641} INFO - Processing file /Users/abhaymone/src/dev/sand/MANAGE-GMAIL/venv/lib/python3.9/site-packages/airflow/example_dags/example_branch_operator.py for tasks to queue
[2022-08-21 16:34:20,817] {logging_mixin.py:115} INFO - [2022-08-21 16:34:20,817] {dagbag.py:508} INFO - Filling up the DagBag from /Users/abhaymone/src/dev/sand/MANAGE-GMAIL/venv/lib/python3.9/site-packages/airflow/example_dags/example_branch_operator.py
[2022-08-21 16:34:20,844] {processor.py:651} INFO - DAG(s) dict_keys(['example_branch_operator']) retrieved from /Users/abhaymone/src/dev/sand/MANAGE-GMAIL/venv/lib/python3.9/site-packages/airflow/example_dags/example_branch_operator.py
[2022-08-21 16:34:20,895] {logging_mixin.py:115} INFO - [2022-08-21 16:34:20,895] {dag.py:2420} INFO - Sync 1 DAGs
[2022-08-21 16:34:20,908] {logging_mixin.py:115} INFO - [2022-08-21 16:34:20,908] {dag.py:2968} INFO - Setting next_dagrun for example_branch_operator to 2022-08-20T00:00:00+00:00, run_after=2022-08-21T00:00:00+00:00
[2022-08-21 16:34:20,919] {processor.py:161} INFO - Processing /Users/abhaymone/src/dev/sand/MANAGE-GMAIL/venv/lib/python3.9/site-packages/airflow/example_dags/example_branch_operator.py took 0.109 seconds
[2022-08-21 16:35:19,882] {processor.py:153} INFO - Started process (PID=3807) to work on /Users/abhaymone/src/dev/sand/MANAGE-GMAIL/venv/lib/python3.9/site-packages/airflow/example_dags/example_branch_operator.py
[2022-08-21 16:35:19,882] {processor.py:641} INFO - Processing file /Users/abhaymone/src/dev/sand/MANAGE-GMAIL/venv/lib/python3.9/site-packages/airflow/example_dags/example_branch_operator.py for tasks to queue
[2022-08-21 16:35:19,883] {logging_mixin.py:115} INFO - [2022-08-21 16:35:19,882] {dagbag.py:508} INFO - Filling up the DagBag from /Users/abhaymone/src/dev/sand/MANAGE-GMAIL/venv/lib/python3.9/site-packages/airflow/example_dags/example_branch_operator.py
[2022-08-21 16:35:19,906] {processor.py:651} INFO - DAG(s) dict_keys(['example_branch_operator']) retrieved from /Users/abhaymone/src/dev/sand/MANAGE-GMAIL/venv/lib/python3.9/site-packages/airflow/example_dags/example_branch_operator.py
[2022-08-21 16:35:19,958] {logging_mixin.py:115} INFO - [2022-08-21 16:35:19,958] {dag.py:2420} INFO - Sync 1 DAGs
[2022-08-21 16:35:19,970] {logging_mixin.py:115} INFO - [2022-08-21 16:35:19,970] {dag.py:2968} INFO - Setting next_dagrun for example_branch_operator to 2022-08-20T00:00:00+00:00, run_after=2022-08-21T00:00:00+00:00
[2022-08-21 16:35:19,979] {processor.py:161} INFO - Processing /Users/abhaymone/src/dev/sand/MANAGE-GMAIL/venv/lib/python3.9/site-packages/airflow/example_dags/example_branch_operator.py took 0.098 seconds
[2022-08-21 16:36:19,803] {processor.py:153} INFO - Started process (PID=3847) to work on /Users/abhaymone/src/dev/sand/MANAGE-GMAIL/venv/lib/python3.9/site-packages/airflow/example_dags/example_branch_operator.py
[2022-08-21 16:36:19,809] {processor.py:641} INFO - Processing file /Users/abhaymone/src/dev/sand/MANAGE-GMAIL/venv/lib/python3.9/site-packages/airflow/example_dags/example_branch_operator.py for tasks to queue
[2022-08-21 16:36:19,809] {logging_mixin.py:115} INFO - [2022-08-21 16:36:19,809] {dagbag.py:508} INFO - Filling up the DagBag from /Users/abhaymone/src/dev/sand/MANAGE-GMAIL/venv/lib/python3.9/site-packages/airflow/example_dags/example_branch_operator.py
[2022-08-21 16:36:19,840] {processor.py:651} INFO - DAG(s) dict_keys(['example_branch_operator']) retrieved from /Users/abhaymone/src/dev/sand/MANAGE-GMAIL/venv/lib/python3.9/site-packages/airflow/example_dags/example_branch_operator.py
[2022-08-21 16:36:19,917] {logging_mixin.py:115} INFO - [2022-08-21 16:36:19,917] {dag.py:2420} INFO - Sync 1 DAGs
[2022-08-21 16:36:19,937] {logging_mixin.py:115} INFO - [2022-08-21 16:36:19,937] {dag.py:2968} INFO - Setting next_dagrun for example_branch_operator to 2022-08-20T00:00:00+00:00, run_after=2022-08-21T00:00:00+00:00
[2022-08-21 16:36:19,947] {processor.py:161} INFO - Processing /Users/abhaymone/src/dev/sand/MANAGE-GMAIL/venv/lib/python3.9/site-packages/airflow/example_dags/example_branch_operator.py took 0.144 seconds
[2022-08-21 16:37:20,536] {processor.py:153} INFO - Started process (PID=3882) to work on /Users/abhaymone/src/dev/sand/MANAGE-GMAIL/venv/lib/python3.9/site-packages/airflow/example_dags/example_branch_operator.py
[2022-08-21 16:37:20,536] {processor.py:641} INFO - Processing file /Users/abhaymone/src/dev/sand/MANAGE-GMAIL/venv/lib/python3.9/site-packages/airflow/example_dags/example_branch_operator.py for tasks to queue
[2022-08-21 16:37:20,536] {logging_mixin.py:115} INFO - [2022-08-21 16:37:20,536] {dagbag.py:508} INFO - Filling up the DagBag from /Users/abhaymone/src/dev/sand/MANAGE-GMAIL/venv/lib/python3.9/site-packages/airflow/example_dags/example_branch_operator.py
[2022-08-21 16:37:20,558] {processor.py:651} INFO - DAG(s) dict_keys(['example_branch_operator']) retrieved from /Users/abhaymone/src/dev/sand/MANAGE-GMAIL/venv/lib/python3.9/site-packages/airflow/example_dags/example_branch_operator.py
[2022-08-21 16:37:20,605] {logging_mixin.py:115} INFO - [2022-08-21 16:37:20,605] {dag.py:2420} INFO - Sync 1 DAGs
[2022-08-21 16:37:20,617] {logging_mixin.py:115} INFO - [2022-08-21 16:37:20,616] {dag.py:2968} INFO - Setting next_dagrun for example_branch_operator to 2022-08-20T00:00:00+00:00, run_after=2022-08-21T00:00:00+00:00
[2022-08-21 16:37:20,632] {processor.py:161} INFO - Processing /Users/abhaymone/src/dev/sand/MANAGE-GMAIL/venv/lib/python3.9/site-packages/airflow/example_dags/example_branch_operator.py took 0.096 seconds
[2022-08-21 16:38:14,648] {processor.py:153} INFO - Started process (PID=3916) to work on /Users/abhaymone/src/dev/sand/MANAGE-GMAIL/venv/lib/python3.9/site-packages/airflow/example_dags/example_branch_operator.py
[2022-08-21 16:38:14,648] {processor.py:641} INFO - Processing file /Users/abhaymone/src/dev/sand/MANAGE-GMAIL/venv/lib/python3.9/site-packages/airflow/example_dags/example_branch_operator.py for tasks to queue
[2022-08-21 16:38:14,648] {logging_mixin.py:115} INFO - [2022-08-21 16:38:14,648] {dagbag.py:508} INFO - Filling up the DagBag from /Users/abhaymone/src/dev/sand/MANAGE-GMAIL/venv/lib/python3.9/site-packages/airflow/example_dags/example_branch_operator.py
[2022-08-21 16:38:14,669] {processor.py:651} INFO - DAG(s) dict_keys(['example_branch_operator']) retrieved from /Users/abhaymone/src/dev/sand/MANAGE-GMAIL/venv/lib/python3.9/site-packages/airflow/example_dags/example_branch_operator.py
[2022-08-21 16:38:14,717] {logging_mixin.py:115} INFO - [2022-08-21 16:38:14,717] {dag.py:2420} INFO - Sync 1 DAGs
[2022-08-21 16:38:14,729] {logging_mixin.py:115} INFO - [2022-08-21 16:38:14,729] {dag.py:2968} INFO - Setting next_dagrun for example_branch_operator to 2022-08-20T00:00:00+00:00, run_after=2022-08-21T00:00:00+00:00
[2022-08-21 16:38:14,745] {processor.py:161} INFO - Processing /Users/abhaymone/src/dev/sand/MANAGE-GMAIL/venv/lib/python3.9/site-packages/airflow/example_dags/example_branch_operator.py took 0.097 seconds
[2022-08-21 16:39:17,534] {processor.py:153} INFO - Started process (PID=3953) to work on /Users/abhaymone/src/dev/sand/MANAGE-GMAIL/venv/lib/python3.9/site-packages/airflow/example_dags/example_branch_operator.py
[2022-08-21 16:39:17,540] {processor.py:641} INFO - Processing file /Users/abhaymone/src/dev/sand/MANAGE-GMAIL/venv/lib/python3.9/site-packages/airflow/example_dags/example_branch_operator.py for tasks to queue
[2022-08-21 16:39:17,540] {logging_mixin.py:115} INFO - [2022-08-21 16:39:17,540] {dagbag.py:508} INFO - Filling up the DagBag from /Users/abhaymone/src/dev/sand/MANAGE-GMAIL/venv/lib/python3.9/site-packages/airflow/example_dags/example_branch_operator.py
[2022-08-21 16:39:17,568] {processor.py:651} INFO - DAG(s) dict_keys(['example_branch_operator']) retrieved from /Users/abhaymone/src/dev/sand/MANAGE-GMAIL/venv/lib/python3.9/site-packages/airflow/example_dags/example_branch_operator.py
[2022-08-21 16:39:17,618] {logging_mixin.py:115} INFO - [2022-08-21 16:39:17,618] {dag.py:2420} INFO - Sync 1 DAGs
[2022-08-21 16:39:17,631] {logging_mixin.py:115} INFO - [2022-08-21 16:39:17,631] {dag.py:2968} INFO - Setting next_dagrun for example_branch_operator to 2022-08-20T00:00:00+00:00, run_after=2022-08-21T00:00:00+00:00
[2022-08-21 16:39:17,642] {processor.py:161} INFO - Processing /Users/abhaymone/src/dev/sand/MANAGE-GMAIL/venv/lib/python3.9/site-packages/airflow/example_dags/example_branch_operator.py took 0.108 seconds
[2022-08-21 16:40:16,201] {processor.py:153} INFO - Started process (PID=3988) to work on /Users/abhaymone/src/dev/sand/MANAGE-GMAIL/venv/lib/python3.9/site-packages/airflow/example_dags/example_branch_operator.py
[2022-08-21 16:40:16,201] {processor.py:641} INFO - Processing file /Users/abhaymone/src/dev/sand/MANAGE-GMAIL/venv/lib/python3.9/site-packages/airflow/example_dags/example_branch_operator.py for tasks to queue
[2022-08-21 16:40:16,201] {logging_mixin.py:115} INFO - [2022-08-21 16:40:16,201] {dagbag.py:508} INFO - Filling up the DagBag from /Users/abhaymone/src/dev/sand/MANAGE-GMAIL/venv/lib/python3.9/site-packages/airflow/example_dags/example_branch_operator.py
[2022-08-21 16:40:16,227] {processor.py:651} INFO - DAG(s) dict_keys(['example_branch_operator']) retrieved from /Users/abhaymone/src/dev/sand/MANAGE-GMAIL/venv/lib/python3.9/site-packages/airflow/example_dags/example_branch_operator.py
[2022-08-21 16:40:16,278] {logging_mixin.py:115} INFO - [2022-08-21 16:40:16,278] {dag.py:2420} INFO - Sync 1 DAGs
[2022-08-21 16:40:16,291] {logging_mixin.py:115} INFO - [2022-08-21 16:40:16,291] {dag.py:2968} INFO - Setting next_dagrun for example_branch_operator to 2022-08-20T00:00:00+00:00, run_after=2022-08-21T00:00:00+00:00
[2022-08-21 16:40:16,307] {processor.py:161} INFO - Processing /Users/abhaymone/src/dev/sand/MANAGE-GMAIL/venv/lib/python3.9/site-packages/airflow/example_dags/example_branch_operator.py took 0.107 seconds
[2022-08-21 16:41:18,533] {processor.py:153} INFO - Started process (PID=4025) to work on /Users/abhaymone/src/dev/sand/MANAGE-GMAIL/venv/lib/python3.9/site-packages/airflow/example_dags/example_branch_operator.py
[2022-08-21 16:41:18,539] {processor.py:641} INFO - Processing file /Users/abhaymone/src/dev/sand/MANAGE-GMAIL/venv/lib/python3.9/site-packages/airflow/example_dags/example_branch_operator.py for tasks to queue
[2022-08-21 16:41:18,539] {logging_mixin.py:115} INFO - [2022-08-21 16:41:18,539] {dagbag.py:508} INFO - Filling up the DagBag from /Users/abhaymone/src/dev/sand/MANAGE-GMAIL/venv/lib/python3.9/site-packages/airflow/example_dags/example_branch_operator.py
[2022-08-21 16:41:18,564] {processor.py:651} INFO - DAG(s) dict_keys(['example_branch_operator']) retrieved from /Users/abhaymone/src/dev/sand/MANAGE-GMAIL/venv/lib/python3.9/site-packages/airflow/example_dags/example_branch_operator.py
[2022-08-21 16:41:18,615] {logging_mixin.py:115} INFO - [2022-08-21 16:41:18,615] {dag.py:2420} INFO - Sync 1 DAGs
[2022-08-21 16:41:18,628] {logging_mixin.py:115} INFO - [2022-08-21 16:41:18,628] {dag.py:2968} INFO - Setting next_dagrun for example_branch_operator to 2022-08-20T00:00:00+00:00, run_after=2022-08-21T00:00:00+00:00
[2022-08-21 16:41:18,639] {processor.py:161} INFO - Processing /Users/abhaymone/src/dev/sand/MANAGE-GMAIL/venv/lib/python3.9/site-packages/airflow/example_dags/example_branch_operator.py took 0.106 seconds
[2022-08-21 16:42:18,133] {processor.py:153} INFO - Started process (PID=4062) to work on /Users/abhaymone/src/dev/sand/MANAGE-GMAIL/venv/lib/python3.9/site-packages/airflow/example_dags/example_branch_operator.py
[2022-08-21 16:42:18,133] {processor.py:641} INFO - Processing file /Users/abhaymone/src/dev/sand/MANAGE-GMAIL/venv/lib/python3.9/site-packages/airflow/example_dags/example_branch_operator.py for tasks to queue
[2022-08-21 16:42:18,133] {logging_mixin.py:115} INFO - [2022-08-21 16:42:18,133] {dagbag.py:508} INFO - Filling up the DagBag from /Users/abhaymone/src/dev/sand/MANAGE-GMAIL/venv/lib/python3.9/site-packages/airflow/example_dags/example_branch_operator.py
[2022-08-21 16:42:18,159] {processor.py:651} INFO - DAG(s) dict_keys(['example_branch_operator']) retrieved from /Users/abhaymone/src/dev/sand/MANAGE-GMAIL/venv/lib/python3.9/site-packages/airflow/example_dags/example_branch_operator.py
[2022-08-21 16:42:18,213] {logging_mixin.py:115} INFO - [2022-08-21 16:42:18,213] {dag.py:2420} INFO - Sync 1 DAGs
[2022-08-21 16:42:18,227] {logging_mixin.py:115} INFO - [2022-08-21 16:42:18,227] {dag.py:2968} INFO - Setting next_dagrun for example_branch_operator to 2022-08-20T00:00:00+00:00, run_after=2022-08-21T00:00:00+00:00
[2022-08-21 16:42:18,240] {processor.py:161} INFO - Processing /Users/abhaymone/src/dev/sand/MANAGE-GMAIL/venv/lib/python3.9/site-packages/airflow/example_dags/example_branch_operator.py took 0.108 seconds
[2022-08-21 16:43:21,729] {processor.py:153} INFO - Started process (PID=4099) to work on /Users/abhaymone/src/dev/sand/MANAGE-GMAIL/venv/lib/python3.9/site-packages/airflow/example_dags/example_branch_operator.py
[2022-08-21 16:43:21,735] {processor.py:641} INFO - Processing file /Users/abhaymone/src/dev/sand/MANAGE-GMAIL/venv/lib/python3.9/site-packages/airflow/example_dags/example_branch_operator.py for tasks to queue
[2022-08-21 16:43:21,735] {logging_mixin.py:115} INFO - [2022-08-21 16:43:21,735] {dagbag.py:508} INFO - Filling up the DagBag from /Users/abhaymone/src/dev/sand/MANAGE-GMAIL/venv/lib/python3.9/site-packages/airflow/example_dags/example_branch_operator.py
[2022-08-21 16:43:21,762] {processor.py:651} INFO - DAG(s) dict_keys(['example_branch_operator']) retrieved from /Users/abhaymone/src/dev/sand/MANAGE-GMAIL/venv/lib/python3.9/site-packages/airflow/example_dags/example_branch_operator.py
[2022-08-21 16:43:21,817] {logging_mixin.py:115} INFO - [2022-08-21 16:43:21,816] {dag.py:2420} INFO - Sync 1 DAGs
[2022-08-21 16:43:21,829] {logging_mixin.py:115} INFO - [2022-08-21 16:43:21,829] {dag.py:2968} INFO - Setting next_dagrun for example_branch_operator to 2022-08-20T00:00:00+00:00, run_after=2022-08-21T00:00:00+00:00
[2022-08-21 16:43:21,842] {processor.py:161} INFO - Processing /Users/abhaymone/src/dev/sand/MANAGE-GMAIL/venv/lib/python3.9/site-packages/airflow/example_dags/example_branch_operator.py took 0.113 seconds
[2022-08-21 16:44:25,927] {processor.py:153} INFO - Started process (PID=4217) to work on /Users/abhaymone/src/dev/sand/MANAGE-GMAIL/venv/lib/python3.9/site-packages/airflow/example_dags/example_branch_operator.py
[2022-08-21 16:44:25,933] {processor.py:641} INFO - Processing file /Users/abhaymone/src/dev/sand/MANAGE-GMAIL/venv/lib/python3.9/site-packages/airflow/example_dags/example_branch_operator.py for tasks to queue
[2022-08-21 16:44:25,934] {logging_mixin.py:115} INFO - [2022-08-21 16:44:25,933] {dagbag.py:508} INFO - Filling up the DagBag from /Users/abhaymone/src/dev/sand/MANAGE-GMAIL/venv/lib/python3.9/site-packages/airflow/example_dags/example_branch_operator.py
[2022-08-21 16:44:25,961] {processor.py:651} INFO - DAG(s) dict_keys(['example_branch_operator']) retrieved from /Users/abhaymone/src/dev/sand/MANAGE-GMAIL/venv/lib/python3.9/site-packages/airflow/example_dags/example_branch_operator.py
[2022-08-21 16:44:26,024] {logging_mixin.py:115} INFO - [2022-08-21 16:44:26,023] {dag.py:2420} INFO - Sync 1 DAGs
[2022-08-21 16:44:26,038] {logging_mixin.py:115} INFO - [2022-08-21 16:44:26,038] {dag.py:2968} INFO - Setting next_dagrun for example_branch_operator to 2022-08-20T00:00:00+00:00, run_after=2022-08-21T00:00:00+00:00
[2022-08-21 16:44:26,047] {processor.py:161} INFO - Processing /Users/abhaymone/src/dev/sand/MANAGE-GMAIL/venv/lib/python3.9/site-packages/airflow/example_dags/example_branch_operator.py took 0.121 seconds
[2022-08-21 16:45:23,423] {processor.py:153} INFO - Started process (PID=4327) to work on /Users/abhaymone/src/dev/sand/MANAGE-GMAIL/venv/lib/python3.9/site-packages/airflow/example_dags/example_branch_operator.py
[2022-08-21 16:45:23,423] {processor.py:641} INFO - Processing file /Users/abhaymone/src/dev/sand/MANAGE-GMAIL/venv/lib/python3.9/site-packages/airflow/example_dags/example_branch_operator.py for tasks to queue
[2022-08-21 16:45:23,424] {logging_mixin.py:115} INFO - [2022-08-21 16:45:23,424] {dagbag.py:508} INFO - Filling up the DagBag from /Users/abhaymone/src/dev/sand/MANAGE-GMAIL/venv/lib/python3.9/site-packages/airflow/example_dags/example_branch_operator.py
[2022-08-21 16:45:23,446] {processor.py:651} INFO - DAG(s) dict_keys(['example_branch_operator']) retrieved from /Users/abhaymone/src/dev/sand/MANAGE-GMAIL/venv/lib/python3.9/site-packages/airflow/example_dags/example_branch_operator.py
[2022-08-21 16:45:23,495] {logging_mixin.py:115} INFO - [2022-08-21 16:45:23,494] {dag.py:2420} INFO - Sync 1 DAGs
[2022-08-21 16:45:23,507] {logging_mixin.py:115} INFO - [2022-08-21 16:45:23,507] {dag.py:2968} INFO - Setting next_dagrun for example_branch_operator to 2022-08-20T00:00:00+00:00, run_after=2022-08-21T00:00:00+00:00
[2022-08-21 16:45:23,515] {processor.py:161} INFO - Processing /Users/abhaymone/src/dev/sand/MANAGE-GMAIL/venv/lib/python3.9/site-packages/airflow/example_dags/example_branch_operator.py took 0.092 seconds
[2022-08-21 16:46:22,224] {processor.py:153} INFO - Started process (PID=4439) to work on /Users/abhaymone/src/dev/sand/MANAGE-GMAIL/venv/lib/python3.9/site-packages/airflow/example_dags/example_branch_operator.py
[2022-08-21 16:46:22,230] {processor.py:641} INFO - Processing file /Users/abhaymone/src/dev/sand/MANAGE-GMAIL/venv/lib/python3.9/site-packages/airflow/example_dags/example_branch_operator.py for tasks to queue
[2022-08-21 16:46:22,232] {logging_mixin.py:115} INFO - [2022-08-21 16:46:22,231] {dagbag.py:508} INFO - Filling up the DagBag from /Users/abhaymone/src/dev/sand/MANAGE-GMAIL/venv/lib/python3.9/site-packages/airflow/example_dags/example_branch_operator.py
[2022-08-21 16:46:22,265] {processor.py:651} INFO - DAG(s) dict_keys(['example_branch_operator']) retrieved from /Users/abhaymone/src/dev/sand/MANAGE-GMAIL/venv/lib/python3.9/site-packages/airflow/example_dags/example_branch_operator.py
[2022-08-21 16:46:22,324] {logging_mixin.py:115} INFO - [2022-08-21 16:46:22,324] {dag.py:2420} INFO - Sync 1 DAGs
[2022-08-21 16:46:22,338] {logging_mixin.py:115} INFO - [2022-08-21 16:46:22,338] {dag.py:2968} INFO - Setting next_dagrun for example_branch_operator to 2022-08-20T00:00:00+00:00, run_after=2022-08-21T00:00:00+00:00
[2022-08-21 16:46:22,352] {processor.py:161} INFO - Processing /Users/abhaymone/src/dev/sand/MANAGE-GMAIL/venv/lib/python3.9/site-packages/airflow/example_dags/example_branch_operator.py took 0.128 seconds
[2022-08-21 16:47:21,895] {processor.py:153} INFO - Started process (PID=4549) to work on /Users/abhaymone/src/dev/sand/MANAGE-GMAIL/venv/lib/python3.9/site-packages/airflow/example_dags/example_branch_operator.py
[2022-08-21 16:47:21,900] {processor.py:641} INFO - Processing file /Users/abhaymone/src/dev/sand/MANAGE-GMAIL/venv/lib/python3.9/site-packages/airflow/example_dags/example_branch_operator.py for tasks to queue
[2022-08-21 16:47:21,901] {logging_mixin.py:115} INFO - [2022-08-21 16:47:21,901] {dagbag.py:508} INFO - Filling up the DagBag from /Users/abhaymone/src/dev/sand/MANAGE-GMAIL/venv/lib/python3.9/site-packages/airflow/example_dags/example_branch_operator.py
[2022-08-21 16:47:21,936] {processor.py:651} INFO - DAG(s) dict_keys(['example_branch_operator']) retrieved from /Users/abhaymone/src/dev/sand/MANAGE-GMAIL/venv/lib/python3.9/site-packages/airflow/example_dags/example_branch_operator.py
[2022-08-21 16:47:22,007] {logging_mixin.py:115} INFO - [2022-08-21 16:47:22,007] {dag.py:2420} INFO - Sync 1 DAGs
[2022-08-21 16:47:22,020] {logging_mixin.py:115} INFO - [2022-08-21 16:47:22,020] {dag.py:2968} INFO - Setting next_dagrun for example_branch_operator to 2022-08-20T00:00:00+00:00, run_after=2022-08-21T00:00:00+00:00
[2022-08-21 16:47:22,035] {processor.py:161} INFO - Processing /Users/abhaymone/src/dev/sand/MANAGE-GMAIL/venv/lib/python3.9/site-packages/airflow/example_dags/example_branch_operator.py took 0.141 seconds
[2022-08-21 16:48:30,482] {processor.py:153} INFO - Started process (PID=4596) to work on /Users/abhaymone/src/dev/sand/MANAGE-GMAIL/venv/lib/python3.9/site-packages/airflow/example_dags/example_branch_operator.py
[2022-08-21 16:48:30,487] {processor.py:641} INFO - Processing file /Users/abhaymone/src/dev/sand/MANAGE-GMAIL/venv/lib/python3.9/site-packages/airflow/example_dags/example_branch_operator.py for tasks to queue
[2022-08-21 16:48:30,488] {logging_mixin.py:115} INFO - [2022-08-21 16:48:30,487] {dagbag.py:508} INFO - Filling up the DagBag from /Users/abhaymone/src/dev/sand/MANAGE-GMAIL/venv/lib/python3.9/site-packages/airflow/example_dags/example_branch_operator.py
[2022-08-21 16:48:30,516] {processor.py:651} INFO - DAG(s) dict_keys(['example_branch_operator']) retrieved from /Users/abhaymone/src/dev/sand/MANAGE-GMAIL/venv/lib/python3.9/site-packages/airflow/example_dags/example_branch_operator.py
[2022-08-21 16:48:30,576] {logging_mixin.py:115} INFO - [2022-08-21 16:48:30,576] {dag.py:2420} INFO - Sync 1 DAGs
[2022-08-21 16:48:30,590] {logging_mixin.py:115} INFO - [2022-08-21 16:48:30,590] {dag.py:2968} INFO - Setting next_dagrun for example_branch_operator to 2022-08-20T00:00:00+00:00, run_after=2022-08-21T00:00:00+00:00
[2022-08-21 16:48:30,605] {processor.py:161} INFO - Processing /Users/abhaymone/src/dev/sand/MANAGE-GMAIL/venv/lib/python3.9/site-packages/airflow/example_dags/example_branch_operator.py took 0.124 seconds
[2022-08-21 16:49:33,372] {processor.py:153} INFO - Started process (PID=4640) to work on /Users/abhaymone/src/dev/sand/MANAGE-GMAIL/venv/lib/python3.9/site-packages/airflow/example_dags/example_branch_operator.py
[2022-08-21 16:49:33,378] {processor.py:641} INFO - Processing file /Users/abhaymone/src/dev/sand/MANAGE-GMAIL/venv/lib/python3.9/site-packages/airflow/example_dags/example_branch_operator.py for tasks to queue
[2022-08-21 16:49:33,378] {logging_mixin.py:115} INFO - [2022-08-21 16:49:33,378] {dagbag.py:508} INFO - Filling up the DagBag from /Users/abhaymone/src/dev/sand/MANAGE-GMAIL/venv/lib/python3.9/site-packages/airflow/example_dags/example_branch_operator.py
[2022-08-21 16:49:33,406] {processor.py:651} INFO - DAG(s) dict_keys(['example_branch_operator']) retrieved from /Users/abhaymone/src/dev/sand/MANAGE-GMAIL/venv/lib/python3.9/site-packages/airflow/example_dags/example_branch_operator.py
[2022-08-21 16:49:33,467] {logging_mixin.py:115} INFO - [2022-08-21 16:49:33,467] {dag.py:2420} INFO - Sync 1 DAGs
[2022-08-21 16:49:33,482] {logging_mixin.py:115} INFO - [2022-08-21 16:49:33,482] {dag.py:2968} INFO - Setting next_dagrun for example_branch_operator to 2022-08-20T00:00:00+00:00, run_after=2022-08-21T00:00:00+00:00
[2022-08-21 16:49:33,493] {processor.py:161} INFO - Processing /Users/abhaymone/src/dev/sand/MANAGE-GMAIL/venv/lib/python3.9/site-packages/airflow/example_dags/example_branch_operator.py took 0.121 seconds
[2022-08-21 16:50:36,339] {processor.py:153} INFO - Started process (PID=4676) to work on /Users/abhaymone/src/dev/sand/MANAGE-GMAIL/venv/lib/python3.9/site-packages/airflow/example_dags/example_branch_operator.py
[2022-08-21 16:50:36,345] {processor.py:641} INFO - Processing file /Users/abhaymone/src/dev/sand/MANAGE-GMAIL/venv/lib/python3.9/site-packages/airflow/example_dags/example_branch_operator.py for tasks to queue
[2022-08-21 16:50:36,346] {logging_mixin.py:115} INFO - [2022-08-21 16:50:36,346] {dagbag.py:508} INFO - Filling up the DagBag from /Users/abhaymone/src/dev/sand/MANAGE-GMAIL/venv/lib/python3.9/site-packages/airflow/example_dags/example_branch_operator.py
[2022-08-21 16:50:36,373] {processor.py:651} INFO - DAG(s) dict_keys(['example_branch_operator']) retrieved from /Users/abhaymone/src/dev/sand/MANAGE-GMAIL/venv/lib/python3.9/site-packages/airflow/example_dags/example_branch_operator.py
[2022-08-21 16:50:36,421] {logging_mixin.py:115} INFO - [2022-08-21 16:50:36,421] {dag.py:2420} INFO - Sync 1 DAGs
[2022-08-21 16:50:36,433] {logging_mixin.py:115} INFO - [2022-08-21 16:50:36,433] {dag.py:2968} INFO - Setting next_dagrun for example_branch_operator to 2022-08-20T00:00:00+00:00, run_after=2022-08-21T00:00:00+00:00
[2022-08-21 16:50:36,446] {processor.py:161} INFO - Processing /Users/abhaymone/src/dev/sand/MANAGE-GMAIL/venv/lib/python3.9/site-packages/airflow/example_dags/example_branch_operator.py took 0.107 seconds
[2022-08-21 16:51:33,628] {processor.py:153} INFO - Started process (PID=4782) to work on /Users/abhaymone/src/dev/sand/MANAGE-GMAIL/venv/lib/python3.9/site-packages/airflow/example_dags/example_branch_operator.py
[2022-08-21 16:51:33,634] {processor.py:641} INFO - Processing file /Users/abhaymone/src/dev/sand/MANAGE-GMAIL/venv/lib/python3.9/site-packages/airflow/example_dags/example_branch_operator.py for tasks to queue
[2022-08-21 16:51:33,635] {logging_mixin.py:115} INFO - [2022-08-21 16:51:33,635] {dagbag.py:508} INFO - Filling up the DagBag from /Users/abhaymone/src/dev/sand/MANAGE-GMAIL/venv/lib/python3.9/site-packages/airflow/example_dags/example_branch_operator.py
[2022-08-21 16:51:33,664] {processor.py:651} INFO - DAG(s) dict_keys(['example_branch_operator']) retrieved from /Users/abhaymone/src/dev/sand/MANAGE-GMAIL/venv/lib/python3.9/site-packages/airflow/example_dags/example_branch_operator.py
[2022-08-21 16:51:33,720] {logging_mixin.py:115} INFO - [2022-08-21 16:51:33,720] {dag.py:2420} INFO - Sync 1 DAGs
[2022-08-21 16:51:33,732] {logging_mixin.py:115} INFO - [2022-08-21 16:51:33,732] {dag.py:2968} INFO - Setting next_dagrun for example_branch_operator to 2022-08-20T00:00:00+00:00, run_after=2022-08-21T00:00:00+00:00
[2022-08-21 16:51:33,744] {processor.py:161} INFO - Processing /Users/abhaymone/src/dev/sand/MANAGE-GMAIL/venv/lib/python3.9/site-packages/airflow/example_dags/example_branch_operator.py took 0.116 seconds
[2022-08-21 16:52:31,791] {processor.py:153} INFO - Started process (PID=5014) to work on /Users/abhaymone/src/dev/sand/MANAGE-GMAIL/venv/lib/python3.9/site-packages/airflow/example_dags/example_branch_operator.py
[2022-08-21 16:52:31,791] {processor.py:641} INFO - Processing file /Users/abhaymone/src/dev/sand/MANAGE-GMAIL/venv/lib/python3.9/site-packages/airflow/example_dags/example_branch_operator.py for tasks to queue
[2022-08-21 16:52:31,792] {logging_mixin.py:115} INFO - [2022-08-21 16:52:31,792] {dagbag.py:508} INFO - Filling up the DagBag from /Users/abhaymone/src/dev/sand/MANAGE-GMAIL/venv/lib/python3.9/site-packages/airflow/example_dags/example_branch_operator.py
[2022-08-21 16:52:31,813] {processor.py:651} INFO - DAG(s) dict_keys(['example_branch_operator']) retrieved from /Users/abhaymone/src/dev/sand/MANAGE-GMAIL/venv/lib/python3.9/site-packages/airflow/example_dags/example_branch_operator.py
[2022-08-21 16:52:31,861] {logging_mixin.py:115} INFO - [2022-08-21 16:52:31,861] {dag.py:2420} INFO - Sync 1 DAGs
[2022-08-21 16:52:31,872] {logging_mixin.py:115} INFO - [2022-08-21 16:52:31,872] {dag.py:2968} INFO - Setting next_dagrun for example_branch_operator to 2022-08-20T00:00:00+00:00, run_after=2022-08-21T00:00:00+00:00
[2022-08-21 16:52:31,888] {processor.py:161} INFO - Processing /Users/abhaymone/src/dev/sand/MANAGE-GMAIL/venv/lib/python3.9/site-packages/airflow/example_dags/example_branch_operator.py took 0.097 seconds
[2022-08-21 16:53:33,657] {processor.py:153} INFO - Started process (PID=5136) to work on /Users/abhaymone/src/dev/sand/MANAGE-GMAIL/venv/lib/python3.9/site-packages/airflow/example_dags/example_branch_operator.py
[2022-08-21 16:53:33,657] {processor.py:641} INFO - Processing file /Users/abhaymone/src/dev/sand/MANAGE-GMAIL/venv/lib/python3.9/site-packages/airflow/example_dags/example_branch_operator.py for tasks to queue
[2022-08-21 16:53:33,657] {logging_mixin.py:115} INFO - [2022-08-21 16:53:33,657] {dagbag.py:508} INFO - Filling up the DagBag from /Users/abhaymone/src/dev/sand/MANAGE-GMAIL/venv/lib/python3.9/site-packages/airflow/example_dags/example_branch_operator.py
[2022-08-21 16:53:33,679] {processor.py:651} INFO - DAG(s) dict_keys(['example_branch_operator']) retrieved from /Users/abhaymone/src/dev/sand/MANAGE-GMAIL/venv/lib/python3.9/site-packages/airflow/example_dags/example_branch_operator.py
[2022-08-21 16:53:33,726] {logging_mixin.py:115} INFO - [2022-08-21 16:53:33,726] {dag.py:2420} INFO - Sync 1 DAGs
[2022-08-21 16:53:33,738] {logging_mixin.py:115} INFO - [2022-08-21 16:53:33,738] {dag.py:2968} INFO - Setting next_dagrun for example_branch_operator to 2022-08-20T00:00:00+00:00, run_after=2022-08-21T00:00:00+00:00
[2022-08-21 16:53:33,747] {processor.py:161} INFO - Processing /Users/abhaymone/src/dev/sand/MANAGE-GMAIL/venv/lib/python3.9/site-packages/airflow/example_dags/example_branch_operator.py took 0.091 seconds
[2022-08-21 16:54:33,936] {processor.py:153} INFO - Started process (PID=5186) to work on /Users/abhaymone/src/dev/sand/MANAGE-GMAIL/venv/lib/python3.9/site-packages/airflow/example_dags/example_branch_operator.py
[2022-08-21 16:54:33,936] {processor.py:641} INFO - Processing file /Users/abhaymone/src/dev/sand/MANAGE-GMAIL/venv/lib/python3.9/site-packages/airflow/example_dags/example_branch_operator.py for tasks to queue
[2022-08-21 16:54:33,936] {logging_mixin.py:115} INFO - [2022-08-21 16:54:33,936] {dagbag.py:508} INFO - Filling up the DagBag from /Users/abhaymone/src/dev/sand/MANAGE-GMAIL/venv/lib/python3.9/site-packages/airflow/example_dags/example_branch_operator.py
[2022-08-21 16:54:33,958] {processor.py:651} INFO - DAG(s) dict_keys(['example_branch_operator']) retrieved from /Users/abhaymone/src/dev/sand/MANAGE-GMAIL/venv/lib/python3.9/site-packages/airflow/example_dags/example_branch_operator.py
[2022-08-21 16:54:34,008] {logging_mixin.py:115} INFO - [2022-08-21 16:54:34,008] {dag.py:2420} INFO - Sync 1 DAGs
[2022-08-21 16:54:34,020] {logging_mixin.py:115} INFO - [2022-08-21 16:54:34,020] {dag.py:2968} INFO - Setting next_dagrun for example_branch_operator to 2022-08-20T00:00:00+00:00, run_after=2022-08-21T00:00:00+00:00
[2022-08-21 16:54:34,029] {processor.py:161} INFO - Processing /Users/abhaymone/src/dev/sand/MANAGE-GMAIL/venv/lib/python3.9/site-packages/airflow/example_dags/example_branch_operator.py took 0.093 seconds
