[2022-08-21 16:14:13,532] {processor.py:153} INFO - Started process (PID=3351) to work on /Users/abhaymone/src/dev/sand/MANAGE-GMAIL/venv/lib/python3.9/site-packages/airflow/example_dags/example_trigger_target_dag.py
[2022-08-21 16:14:13,532] {processor.py:641} INFO - Processing file /Users/abhaymone/src/dev/sand/MANAGE-GMAIL/venv/lib/python3.9/site-packages/airflow/example_dags/example_trigger_target_dag.py for tasks to queue
[2022-08-21 16:14:13,532] {logging_mixin.py:115} INFO - [2022-08-21 16:14:13,532] {dagbag.py:508} INFO - Filling up the DagBag from /Users/abhaymone/src/dev/sand/MANAGE-GMAIL/venv/lib/python3.9/site-packages/airflow/example_dags/example_trigger_target_dag.py
[2022-08-21 16:14:13,557] {processor.py:651} INFO - DAG(s) dict_keys(['example_trigger_target_dag']) retrieved from /Users/abhaymone/src/dev/sand/MANAGE-GMAIL/venv/lib/python3.9/site-packages/airflow/example_dags/example_trigger_target_dag.py
[2022-08-21 16:14:14,342] {logging_mixin.py:115} INFO - [2022-08-21 16:14:14,342] {manager.py:508} INFO - Created Permission View: can edit on DAG:example_trigger_target_dag
[2022-08-21 16:14:14,348] {logging_mixin.py:115} INFO - [2022-08-21 16:14:14,348] {manager.py:508} INFO - Created Permission View: can read on DAG:example_trigger_target_dag
[2022-08-21 16:14:14,356] {logging_mixin.py:115} INFO - [2022-08-21 16:14:14,356] {manager.py:508} INFO - Created Permission View: can delete on DAG:example_trigger_target_dag
[2022-08-21 16:14:14,356] {logging_mixin.py:115} INFO - [2022-08-21 16:14:14,356] {dag.py:2420} INFO - Sync 1 DAGs
[2022-08-21 16:14:14,363] {logging_mixin.py:115} INFO - [2022-08-21 16:14:14,362] {dag.py:2439} INFO - Creating ORM DAG for example_trigger_target_dag
[2022-08-21 16:14:14,370] {logging_mixin.py:115} INFO - [2022-08-21 16:14:14,370] {dag.py:2968} INFO - Setting next_dagrun for example_trigger_target_dag to None, run_after=None
[2022-08-21 16:14:14,382] {processor.py:161} INFO - Processing /Users/abhaymone/src/dev/sand/MANAGE-GMAIL/venv/lib/python3.9/site-packages/airflow/example_dags/example_trigger_target_dag.py took 0.850 seconds
[2022-08-21 16:15:37,845] {processor.py:153} INFO - Started process (PID=3418) to work on /Users/abhaymone/src/dev/sand/MANAGE-GMAIL/venv/lib/python3.9/site-packages/airflow/example_dags/example_trigger_target_dag.py
[2022-08-21 16:15:37,851] {processor.py:641} INFO - Processing file /Users/abhaymone/src/dev/sand/MANAGE-GMAIL/venv/lib/python3.9/site-packages/airflow/example_dags/example_trigger_target_dag.py for tasks to queue
[2022-08-21 16:15:37,852] {logging_mixin.py:115} INFO - [2022-08-21 16:15:37,852] {dagbag.py:508} INFO - Filling up the DagBag from /Users/abhaymone/src/dev/sand/MANAGE-GMAIL/venv/lib/python3.9/site-packages/airflow/example_dags/example_trigger_target_dag.py
[2022-08-21 16:15:37,882] {processor.py:651} INFO - DAG(s) dict_keys(['example_trigger_target_dag']) retrieved from /Users/abhaymone/src/dev/sand/MANAGE-GMAIL/venv/lib/python3.9/site-packages/airflow/example_dags/example_trigger_target_dag.py
[2022-08-21 16:15:37,929] {logging_mixin.py:115} INFO - [2022-08-21 16:15:37,929] {dag.py:2420} INFO - Sync 1 DAGs
[2022-08-21 16:15:37,939] {logging_mixin.py:115} INFO - [2022-08-21 16:15:37,939] {dag.py:2968} INFO - Setting next_dagrun for example_trigger_target_dag to None, run_after=None
[2022-08-21 16:15:37,951] {processor.py:161} INFO - Processing /Users/abhaymone/src/dev/sand/MANAGE-GMAIL/venv/lib/python3.9/site-packages/airflow/example_dags/example_trigger_target_dag.py took 0.106 seconds
[2022-08-21 16:16:34,800] {processor.py:153} INFO - Started process (PID=3452) to work on /Users/abhaymone/src/dev/sand/MANAGE-GMAIL/venv/lib/python3.9/site-packages/airflow/example_dags/example_trigger_target_dag.py
[2022-08-21 16:16:34,800] {processor.py:641} INFO - Processing file /Users/abhaymone/src/dev/sand/MANAGE-GMAIL/venv/lib/python3.9/site-packages/airflow/example_dags/example_trigger_target_dag.py for tasks to queue
[2022-08-21 16:16:34,800] {logging_mixin.py:115} INFO - [2022-08-21 16:16:34,800] {dagbag.py:508} INFO - Filling up the DagBag from /Users/abhaymone/src/dev/sand/MANAGE-GMAIL/venv/lib/python3.9/site-packages/airflow/example_dags/example_trigger_target_dag.py
[2022-08-21 16:16:34,824] {processor.py:651} INFO - DAG(s) dict_keys(['example_trigger_target_dag']) retrieved from /Users/abhaymone/src/dev/sand/MANAGE-GMAIL/venv/lib/python3.9/site-packages/airflow/example_dags/example_trigger_target_dag.py
[2022-08-21 16:16:34,870] {logging_mixin.py:115} INFO - [2022-08-21 16:16:34,870] {dag.py:2420} INFO - Sync 1 DAGs
[2022-08-21 16:16:34,880] {logging_mixin.py:115} INFO - [2022-08-21 16:16:34,879] {dag.py:2968} INFO - Setting next_dagrun for example_trigger_target_dag to None, run_after=None
[2022-08-21 16:16:34,896] {processor.py:161} INFO - Processing /Users/abhaymone/src/dev/sand/MANAGE-GMAIL/venv/lib/python3.9/site-packages/airflow/example_dags/example_trigger_target_dag.py took 0.097 seconds
[2022-08-21 16:17:31,379] {processor.py:153} INFO - Started process (PID=3487) to work on /Users/abhaymone/src/dev/sand/MANAGE-GMAIL/venv/lib/python3.9/site-packages/airflow/example_dags/example_trigger_target_dag.py
[2022-08-21 16:17:31,379] {processor.py:641} INFO - Processing file /Users/abhaymone/src/dev/sand/MANAGE-GMAIL/venv/lib/python3.9/site-packages/airflow/example_dags/example_trigger_target_dag.py for tasks to queue
[2022-08-21 16:17:31,380] {logging_mixin.py:115} INFO - [2022-08-21 16:17:31,380] {dagbag.py:508} INFO - Filling up the DagBag from /Users/abhaymone/src/dev/sand/MANAGE-GMAIL/venv/lib/python3.9/site-packages/airflow/example_dags/example_trigger_target_dag.py
[2022-08-21 16:17:31,412] {processor.py:651} INFO - DAG(s) dict_keys(['example_trigger_target_dag']) retrieved from /Users/abhaymone/src/dev/sand/MANAGE-GMAIL/venv/lib/python3.9/site-packages/airflow/example_dags/example_trigger_target_dag.py
[2022-08-21 16:17:31,460] {logging_mixin.py:115} INFO - [2022-08-21 16:17:31,460] {dag.py:2420} INFO - Sync 1 DAGs
[2022-08-21 16:17:31,470] {logging_mixin.py:115} INFO - [2022-08-21 16:17:31,470] {dag.py:2968} INFO - Setting next_dagrun for example_trigger_target_dag to None, run_after=None
[2022-08-21 16:17:31,481] {processor.py:161} INFO - Processing /Users/abhaymone/src/dev/sand/MANAGE-GMAIL/venv/lib/python3.9/site-packages/airflow/example_dags/example_trigger_target_dag.py took 0.103 seconds
[2022-08-21 16:28:15,877] {processor.py:153} INFO - Started process (PID=3545) to work on /Users/abhaymone/src/dev/sand/MANAGE-GMAIL/venv/lib/python3.9/site-packages/airflow/example_dags/example_trigger_target_dag.py
[2022-08-21 16:28:15,880] {processor.py:641} INFO - Processing file /Users/abhaymone/src/dev/sand/MANAGE-GMAIL/venv/lib/python3.9/site-packages/airflow/example_dags/example_trigger_target_dag.py for tasks to queue
[2022-08-21 16:28:15,880] {logging_mixin.py:115} INFO - [2022-08-21 16:28:15,880] {dagbag.py:508} INFO - Filling up the DagBag from /Users/abhaymone/src/dev/sand/MANAGE-GMAIL/venv/lib/python3.9/site-packages/airflow/example_dags/example_trigger_target_dag.py
[2022-08-21 16:28:15,908] {processor.py:651} INFO - DAG(s) dict_keys(['example_trigger_target_dag']) retrieved from /Users/abhaymone/src/dev/sand/MANAGE-GMAIL/venv/lib/python3.9/site-packages/airflow/example_dags/example_trigger_target_dag.py
[2022-08-21 16:28:15,955] {logging_mixin.py:115} INFO - [2022-08-21 16:28:15,955] {dag.py:2420} INFO - Sync 1 DAGs
[2022-08-21 16:28:15,966] {logging_mixin.py:115} INFO - [2022-08-21 16:28:15,965] {dag.py:2968} INFO - Setting next_dagrun for example_trigger_target_dag to None, run_after=None
[2022-08-21 16:28:15,978] {processor.py:161} INFO - Processing /Users/abhaymone/src/dev/sand/MANAGE-GMAIL/venv/lib/python3.9/site-packages/airflow/example_dags/example_trigger_target_dag.py took 0.101 seconds
[2022-08-21 16:29:09,913] {processor.py:153} INFO - Started process (PID=3580) to work on /Users/abhaymone/src/dev/sand/MANAGE-GMAIL/venv/lib/python3.9/site-packages/airflow/example_dags/example_trigger_target_dag.py
[2022-08-21 16:29:09,913] {processor.py:641} INFO - Processing file /Users/abhaymone/src/dev/sand/MANAGE-GMAIL/venv/lib/python3.9/site-packages/airflow/example_dags/example_trigger_target_dag.py for tasks to queue
[2022-08-21 16:29:09,913] {logging_mixin.py:115} INFO - [2022-08-21 16:29:09,913] {dagbag.py:508} INFO - Filling up the DagBag from /Users/abhaymone/src/dev/sand/MANAGE-GMAIL/venv/lib/python3.9/site-packages/airflow/example_dags/example_trigger_target_dag.py
[2022-08-21 16:29:09,937] {processor.py:651} INFO - DAG(s) dict_keys(['example_trigger_target_dag']) retrieved from /Users/abhaymone/src/dev/sand/MANAGE-GMAIL/venv/lib/python3.9/site-packages/airflow/example_dags/example_trigger_target_dag.py
[2022-08-21 16:29:09,984] {logging_mixin.py:115} INFO - [2022-08-21 16:29:09,984] {dag.py:2420} INFO - Sync 1 DAGs
[2022-08-21 16:29:09,994] {logging_mixin.py:115} INFO - [2022-08-21 16:29:09,994] {dag.py:2968} INFO - Setting next_dagrun for example_trigger_target_dag to None, run_after=None
[2022-08-21 16:29:10,010] {processor.py:161} INFO - Processing /Users/abhaymone/src/dev/sand/MANAGE-GMAIL/venv/lib/python3.9/site-packages/airflow/example_dags/example_trigger_target_dag.py took 0.097 seconds
[2022-08-21 16:30:03,848] {processor.py:153} INFO - Started process (PID=3614) to work on /Users/abhaymone/src/dev/sand/MANAGE-GMAIL/venv/lib/python3.9/site-packages/airflow/example_dags/example_trigger_target_dag.py
[2022-08-21 16:30:03,849] {processor.py:641} INFO - Processing file /Users/abhaymone/src/dev/sand/MANAGE-GMAIL/venv/lib/python3.9/site-packages/airflow/example_dags/example_trigger_target_dag.py for tasks to queue
[2022-08-21 16:30:03,849] {logging_mixin.py:115} INFO - [2022-08-21 16:30:03,849] {dagbag.py:508} INFO - Filling up the DagBag from /Users/abhaymone/src/dev/sand/MANAGE-GMAIL/venv/lib/python3.9/site-packages/airflow/example_dags/example_trigger_target_dag.py
[2022-08-21 16:30:03,873] {processor.py:651} INFO - DAG(s) dict_keys(['example_trigger_target_dag']) retrieved from /Users/abhaymone/src/dev/sand/MANAGE-GMAIL/venv/lib/python3.9/site-packages/airflow/example_dags/example_trigger_target_dag.py
[2022-08-21 16:30:03,919] {logging_mixin.py:115} INFO - [2022-08-21 16:30:03,919] {dag.py:2420} INFO - Sync 1 DAGs
[2022-08-21 16:30:03,929] {logging_mixin.py:115} INFO - [2022-08-21 16:30:03,929] {dag.py:2968} INFO - Setting next_dagrun for example_trigger_target_dag to None, run_after=None
[2022-08-21 16:30:03,944] {processor.py:161} INFO - Processing /Users/abhaymone/src/dev/sand/MANAGE-GMAIL/venv/lib/python3.9/site-packages/airflow/example_dags/example_trigger_target_dag.py took 0.096 seconds
[2022-08-21 16:31:05,717] {processor.py:153} INFO - Started process (PID=3648) to work on /Users/abhaymone/src/dev/sand/MANAGE-GMAIL/venv/lib/python3.9/site-packages/airflow/example_dags/example_trigger_target_dag.py
[2022-08-21 16:31:05,723] {processor.py:641} INFO - Processing file /Users/abhaymone/src/dev/sand/MANAGE-GMAIL/venv/lib/python3.9/site-packages/airflow/example_dags/example_trigger_target_dag.py for tasks to queue
[2022-08-21 16:31:05,724] {logging_mixin.py:115} INFO - [2022-08-21 16:31:05,724] {dagbag.py:508} INFO - Filling up the DagBag from /Users/abhaymone/src/dev/sand/MANAGE-GMAIL/venv/lib/python3.9/site-packages/airflow/example_dags/example_trigger_target_dag.py
[2022-08-21 16:31:05,755] {processor.py:651} INFO - DAG(s) dict_keys(['example_trigger_target_dag']) retrieved from /Users/abhaymone/src/dev/sand/MANAGE-GMAIL/venv/lib/python3.9/site-packages/airflow/example_dags/example_trigger_target_dag.py
[2022-08-21 16:31:05,804] {logging_mixin.py:115} INFO - [2022-08-21 16:31:05,804] {dag.py:2420} INFO - Sync 1 DAGs
[2022-08-21 16:31:05,815] {logging_mixin.py:115} INFO - [2022-08-21 16:31:05,815] {dag.py:2968} INFO - Setting next_dagrun for example_trigger_target_dag to None, run_after=None
[2022-08-21 16:31:05,825] {processor.py:161} INFO - Processing /Users/abhaymone/src/dev/sand/MANAGE-GMAIL/venv/lib/python3.9/site-packages/airflow/example_dags/example_trigger_target_dag.py took 0.109 seconds
[2022-08-21 16:32:10,977] {processor.py:153} INFO - Started process (PID=3692) to work on /Users/abhaymone/src/dev/sand/MANAGE-GMAIL/venv/lib/python3.9/site-packages/airflow/example_dags/example_trigger_target_dag.py
[2022-08-21 16:32:10,977] {processor.py:641} INFO - Processing file /Users/abhaymone/src/dev/sand/MANAGE-GMAIL/venv/lib/python3.9/site-packages/airflow/example_dags/example_trigger_target_dag.py for tasks to queue
[2022-08-21 16:32:10,978] {logging_mixin.py:115} INFO - [2022-08-21 16:32:10,978] {dagbag.py:508} INFO - Filling up the DagBag from /Users/abhaymone/src/dev/sand/MANAGE-GMAIL/venv/lib/python3.9/site-packages/airflow/example_dags/example_trigger_target_dag.py
[2022-08-21 16:32:11,017] {processor.py:651} INFO - DAG(s) dict_keys(['example_trigger_target_dag']) retrieved from /Users/abhaymone/src/dev/sand/MANAGE-GMAIL/venv/lib/python3.9/site-packages/airflow/example_dags/example_trigger_target_dag.py
[2022-08-21 16:32:11,104] {logging_mixin.py:115} INFO - [2022-08-21 16:32:11,104] {dag.py:2420} INFO - Sync 1 DAGs
[2022-08-21 16:32:11,119] {logging_mixin.py:115} INFO - [2022-08-21 16:32:11,118] {dag.py:2968} INFO - Setting next_dagrun for example_trigger_target_dag to None, run_after=None
[2022-08-21 16:32:11,152] {processor.py:161} INFO - Processing /Users/abhaymone/src/dev/sand/MANAGE-GMAIL/venv/lib/python3.9/site-packages/airflow/example_dags/example_trigger_target_dag.py took 0.176 seconds
[2022-08-21 16:33:09,311] {processor.py:153} INFO - Started process (PID=3729) to work on /Users/abhaymone/src/dev/sand/MANAGE-GMAIL/venv/lib/python3.9/site-packages/airflow/example_dags/example_trigger_target_dag.py
[2022-08-21 16:33:09,317] {processor.py:641} INFO - Processing file /Users/abhaymone/src/dev/sand/MANAGE-GMAIL/venv/lib/python3.9/site-packages/airflow/example_dags/example_trigger_target_dag.py for tasks to queue
[2022-08-21 16:33:09,317] {logging_mixin.py:115} INFO - [2022-08-21 16:33:09,317] {dagbag.py:508} INFO - Filling up the DagBag from /Users/abhaymone/src/dev/sand/MANAGE-GMAIL/venv/lib/python3.9/site-packages/airflow/example_dags/example_trigger_target_dag.py
[2022-08-21 16:33:09,347] {processor.py:651} INFO - DAG(s) dict_keys(['example_trigger_target_dag']) retrieved from /Users/abhaymone/src/dev/sand/MANAGE-GMAIL/venv/lib/python3.9/site-packages/airflow/example_dags/example_trigger_target_dag.py
[2022-08-21 16:33:09,399] {logging_mixin.py:115} INFO - [2022-08-21 16:33:09,399] {dag.py:2420} INFO - Sync 1 DAGs
[2022-08-21 16:33:09,409] {logging_mixin.py:115} INFO - [2022-08-21 16:33:09,409] {dag.py:2968} INFO - Setting next_dagrun for example_trigger_target_dag to None, run_after=None
[2022-08-21 16:33:09,420] {processor.py:161} INFO - Processing /Users/abhaymone/src/dev/sand/MANAGE-GMAIL/venv/lib/python3.9/site-packages/airflow/example_dags/example_trigger_target_dag.py took 0.109 seconds
[2022-08-21 16:34:10,028] {processor.py:153} INFO - Started process (PID=3767) to work on /Users/abhaymone/src/dev/sand/MANAGE-GMAIL/venv/lib/python3.9/site-packages/airflow/example_dags/example_trigger_target_dag.py
[2022-08-21 16:34:10,028] {processor.py:641} INFO - Processing file /Users/abhaymone/src/dev/sand/MANAGE-GMAIL/venv/lib/python3.9/site-packages/airflow/example_dags/example_trigger_target_dag.py for tasks to queue
[2022-08-21 16:34:10,029] {logging_mixin.py:115} INFO - [2022-08-21 16:34:10,029] {dagbag.py:508} INFO - Filling up the DagBag from /Users/abhaymone/src/dev/sand/MANAGE-GMAIL/venv/lib/python3.9/site-packages/airflow/example_dags/example_trigger_target_dag.py
[2022-08-21 16:34:10,058] {processor.py:651} INFO - DAG(s) dict_keys(['example_trigger_target_dag']) retrieved from /Users/abhaymone/src/dev/sand/MANAGE-GMAIL/venv/lib/python3.9/site-packages/airflow/example_dags/example_trigger_target_dag.py
[2022-08-21 16:34:10,108] {logging_mixin.py:115} INFO - [2022-08-21 16:34:10,108] {dag.py:2420} INFO - Sync 1 DAGs
[2022-08-21 16:34:10,119] {logging_mixin.py:115} INFO - [2022-08-21 16:34:10,119] {dag.py:2968} INFO - Setting next_dagrun for example_trigger_target_dag to None, run_after=None
[2022-08-21 16:34:10,130] {processor.py:161} INFO - Processing /Users/abhaymone/src/dev/sand/MANAGE-GMAIL/venv/lib/python3.9/site-packages/airflow/example_dags/example_trigger_target_dag.py took 0.102 seconds
[2022-08-21 16:35:10,337] {processor.py:153} INFO - Started process (PID=3801) to work on /Users/abhaymone/src/dev/sand/MANAGE-GMAIL/venv/lib/python3.9/site-packages/airflow/example_dags/example_trigger_target_dag.py
[2022-08-21 16:35:10,343] {processor.py:641} INFO - Processing file /Users/abhaymone/src/dev/sand/MANAGE-GMAIL/venv/lib/python3.9/site-packages/airflow/example_dags/example_trigger_target_dag.py for tasks to queue
[2022-08-21 16:35:10,343] {logging_mixin.py:115} INFO - [2022-08-21 16:35:10,343] {dagbag.py:508} INFO - Filling up the DagBag from /Users/abhaymone/src/dev/sand/MANAGE-GMAIL/venv/lib/python3.9/site-packages/airflow/example_dags/example_trigger_target_dag.py
[2022-08-21 16:35:10,376] {processor.py:651} INFO - DAG(s) dict_keys(['example_trigger_target_dag']) retrieved from /Users/abhaymone/src/dev/sand/MANAGE-GMAIL/venv/lib/python3.9/site-packages/airflow/example_dags/example_trigger_target_dag.py
[2022-08-21 16:35:10,434] {logging_mixin.py:115} INFO - [2022-08-21 16:35:10,434] {dag.py:2420} INFO - Sync 1 DAGs
[2022-08-21 16:35:10,445] {logging_mixin.py:115} INFO - [2022-08-21 16:35:10,445] {dag.py:2968} INFO - Setting next_dagrun for example_trigger_target_dag to None, run_after=None
[2022-08-21 16:35:10,454] {processor.py:161} INFO - Processing /Users/abhaymone/src/dev/sand/MANAGE-GMAIL/venv/lib/python3.9/site-packages/airflow/example_dags/example_trigger_target_dag.py took 0.117 seconds
[2022-08-21 16:36:08,230] {processor.py:153} INFO - Started process (PID=3840) to work on /Users/abhaymone/src/dev/sand/MANAGE-GMAIL/venv/lib/python3.9/site-packages/airflow/example_dags/example_trigger_target_dag.py
[2022-08-21 16:36:08,236] {processor.py:641} INFO - Processing file /Users/abhaymone/src/dev/sand/MANAGE-GMAIL/venv/lib/python3.9/site-packages/airflow/example_dags/example_trigger_target_dag.py for tasks to queue
[2022-08-21 16:36:08,236] {logging_mixin.py:115} INFO - [2022-08-21 16:36:08,236] {dagbag.py:508} INFO - Filling up the DagBag from /Users/abhaymone/src/dev/sand/MANAGE-GMAIL/venv/lib/python3.9/site-packages/airflow/example_dags/example_trigger_target_dag.py
[2022-08-21 16:36:08,266] {processor.py:651} INFO - DAG(s) dict_keys(['example_trigger_target_dag']) retrieved from /Users/abhaymone/src/dev/sand/MANAGE-GMAIL/venv/lib/python3.9/site-packages/airflow/example_dags/example_trigger_target_dag.py
[2022-08-21 16:36:08,313] {logging_mixin.py:115} INFO - [2022-08-21 16:36:08,313] {dag.py:2420} INFO - Sync 1 DAGs
[2022-08-21 16:36:08,323] {logging_mixin.py:115} INFO - [2022-08-21 16:36:08,323] {dag.py:2968} INFO - Setting next_dagrun for example_trigger_target_dag to None, run_after=None
[2022-08-21 16:36:08,333] {processor.py:161} INFO - Processing /Users/abhaymone/src/dev/sand/MANAGE-GMAIL/venv/lib/python3.9/site-packages/airflow/example_dags/example_trigger_target_dag.py took 0.104 seconds
[2022-08-21 16:37:09,746] {processor.py:153} INFO - Started process (PID=3876) to work on /Users/abhaymone/src/dev/sand/MANAGE-GMAIL/venv/lib/python3.9/site-packages/airflow/example_dags/example_trigger_target_dag.py
[2022-08-21 16:37:09,746] {processor.py:641} INFO - Processing file /Users/abhaymone/src/dev/sand/MANAGE-GMAIL/venv/lib/python3.9/site-packages/airflow/example_dags/example_trigger_target_dag.py for tasks to queue
[2022-08-21 16:37:09,747] {logging_mixin.py:115} INFO - [2022-08-21 16:37:09,747] {dagbag.py:508} INFO - Filling up the DagBag from /Users/abhaymone/src/dev/sand/MANAGE-GMAIL/venv/lib/python3.9/site-packages/airflow/example_dags/example_trigger_target_dag.py
[2022-08-21 16:37:09,771] {processor.py:651} INFO - DAG(s) dict_keys(['example_trigger_target_dag']) retrieved from /Users/abhaymone/src/dev/sand/MANAGE-GMAIL/venv/lib/python3.9/site-packages/airflow/example_dags/example_trigger_target_dag.py
[2022-08-21 16:37:09,818] {logging_mixin.py:115} INFO - [2022-08-21 16:37:09,818] {dag.py:2420} INFO - Sync 1 DAGs
[2022-08-21 16:37:09,828] {logging_mixin.py:115} INFO - [2022-08-21 16:37:09,828] {dag.py:2968} INFO - Setting next_dagrun for example_trigger_target_dag to None, run_after=None
[2022-08-21 16:37:09,844] {processor.py:161} INFO - Processing /Users/abhaymone/src/dev/sand/MANAGE-GMAIL/venv/lib/python3.9/site-packages/airflow/example_dags/example_trigger_target_dag.py took 0.098 seconds
[2022-08-21 16:38:05,105] {processor.py:153} INFO - Started process (PID=3910) to work on /Users/abhaymone/src/dev/sand/MANAGE-GMAIL/venv/lib/python3.9/site-packages/airflow/example_dags/example_trigger_target_dag.py
[2022-08-21 16:38:05,105] {processor.py:641} INFO - Processing file /Users/abhaymone/src/dev/sand/MANAGE-GMAIL/venv/lib/python3.9/site-packages/airflow/example_dags/example_trigger_target_dag.py for tasks to queue
[2022-08-21 16:38:05,105] {logging_mixin.py:115} INFO - [2022-08-21 16:38:05,105] {dagbag.py:508} INFO - Filling up the DagBag from /Users/abhaymone/src/dev/sand/MANAGE-GMAIL/venv/lib/python3.9/site-packages/airflow/example_dags/example_trigger_target_dag.py
[2022-08-21 16:38:05,129] {processor.py:651} INFO - DAG(s) dict_keys(['example_trigger_target_dag']) retrieved from /Users/abhaymone/src/dev/sand/MANAGE-GMAIL/venv/lib/python3.9/site-packages/airflow/example_dags/example_trigger_target_dag.py
[2022-08-21 16:38:05,175] {logging_mixin.py:115} INFO - [2022-08-21 16:38:05,175] {dag.py:2420} INFO - Sync 1 DAGs
[2022-08-21 16:38:05,185] {logging_mixin.py:115} INFO - [2022-08-21 16:38:05,185] {dag.py:2968} INFO - Setting next_dagrun for example_trigger_target_dag to None, run_after=None
[2022-08-21 16:38:05,202] {processor.py:161} INFO - Processing /Users/abhaymone/src/dev/sand/MANAGE-GMAIL/venv/lib/python3.9/site-packages/airflow/example_dags/example_trigger_target_dag.py took 0.098 seconds
[2022-08-21 16:39:05,052] {processor.py:153} INFO - Started process (PID=3946) to work on /Users/abhaymone/src/dev/sand/MANAGE-GMAIL/venv/lib/python3.9/site-packages/airflow/example_dags/example_trigger_target_dag.py
[2022-08-21 16:39:05,058] {processor.py:641} INFO - Processing file /Users/abhaymone/src/dev/sand/MANAGE-GMAIL/venv/lib/python3.9/site-packages/airflow/example_dags/example_trigger_target_dag.py for tasks to queue
[2022-08-21 16:39:05,058] {logging_mixin.py:115} INFO - [2022-08-21 16:39:05,058] {dagbag.py:508} INFO - Filling up the DagBag from /Users/abhaymone/src/dev/sand/MANAGE-GMAIL/venv/lib/python3.9/site-packages/airflow/example_dags/example_trigger_target_dag.py
[2022-08-21 16:39:05,090] {processor.py:651} INFO - DAG(s) dict_keys(['example_trigger_target_dag']) retrieved from /Users/abhaymone/src/dev/sand/MANAGE-GMAIL/venv/lib/python3.9/site-packages/airflow/example_dags/example_trigger_target_dag.py
[2022-08-21 16:39:05,142] {logging_mixin.py:115} INFO - [2022-08-21 16:39:05,142] {dag.py:2420} INFO - Sync 1 DAGs
[2022-08-21 16:39:05,156] {logging_mixin.py:115} INFO - [2022-08-21 16:39:05,156] {dag.py:2968} INFO - Setting next_dagrun for example_trigger_target_dag to None, run_after=None
[2022-08-21 16:39:05,169] {processor.py:161} INFO - Processing /Users/abhaymone/src/dev/sand/MANAGE-GMAIL/venv/lib/python3.9/site-packages/airflow/example_dags/example_trigger_target_dag.py took 0.118 seconds
[2022-08-21 16:40:05,776] {processor.py:153} INFO - Started process (PID=3981) to work on /Users/abhaymone/src/dev/sand/MANAGE-GMAIL/venv/lib/python3.9/site-packages/airflow/example_dags/example_trigger_target_dag.py
[2022-08-21 16:40:05,776] {processor.py:641} INFO - Processing file /Users/abhaymone/src/dev/sand/MANAGE-GMAIL/venv/lib/python3.9/site-packages/airflow/example_dags/example_trigger_target_dag.py for tasks to queue
[2022-08-21 16:40:05,776] {logging_mixin.py:115} INFO - [2022-08-21 16:40:05,776] {dagbag.py:508} INFO - Filling up the DagBag from /Users/abhaymone/src/dev/sand/MANAGE-GMAIL/venv/lib/python3.9/site-packages/airflow/example_dags/example_trigger_target_dag.py
[2022-08-21 16:40:05,803] {processor.py:651} INFO - DAG(s) dict_keys(['example_trigger_target_dag']) retrieved from /Users/abhaymone/src/dev/sand/MANAGE-GMAIL/venv/lib/python3.9/site-packages/airflow/example_dags/example_trigger_target_dag.py
[2022-08-21 16:40:05,855] {logging_mixin.py:115} INFO - [2022-08-21 16:40:05,854] {dag.py:2420} INFO - Sync 1 DAGs
[2022-08-21 16:40:05,865] {logging_mixin.py:115} INFO - [2022-08-21 16:40:05,865] {dag.py:2968} INFO - Setting next_dagrun for example_trigger_target_dag to None, run_after=None
[2022-08-21 16:40:05,880] {processor.py:161} INFO - Processing /Users/abhaymone/src/dev/sand/MANAGE-GMAIL/venv/lib/python3.9/site-packages/airflow/example_dags/example_trigger_target_dag.py took 0.105 seconds
[2022-08-21 16:41:04,433] {processor.py:153} INFO - Started process (PID=4015) to work on /Users/abhaymone/src/dev/sand/MANAGE-GMAIL/venv/lib/python3.9/site-packages/airflow/example_dags/example_trigger_target_dag.py
[2022-08-21 16:41:04,438] {processor.py:641} INFO - Processing file /Users/abhaymone/src/dev/sand/MANAGE-GMAIL/venv/lib/python3.9/site-packages/airflow/example_dags/example_trigger_target_dag.py for tasks to queue
[2022-08-21 16:41:04,439] {logging_mixin.py:115} INFO - [2022-08-21 16:41:04,439] {dagbag.py:508} INFO - Filling up the DagBag from /Users/abhaymone/src/dev/sand/MANAGE-GMAIL/venv/lib/python3.9/site-packages/airflow/example_dags/example_trigger_target_dag.py
[2022-08-21 16:41:04,467] {processor.py:651} INFO - DAG(s) dict_keys(['example_trigger_target_dag']) retrieved from /Users/abhaymone/src/dev/sand/MANAGE-GMAIL/venv/lib/python3.9/site-packages/airflow/example_dags/example_trigger_target_dag.py
[2022-08-21 16:41:04,519] {logging_mixin.py:115} INFO - [2022-08-21 16:41:04,519] {dag.py:2420} INFO - Sync 1 DAGs
[2022-08-21 16:41:04,530] {logging_mixin.py:115} INFO - [2022-08-21 16:41:04,529] {dag.py:2968} INFO - Setting next_dagrun for example_trigger_target_dag to None, run_after=None
[2022-08-21 16:41:04,540] {processor.py:161} INFO - Processing /Users/abhaymone/src/dev/sand/MANAGE-GMAIL/venv/lib/python3.9/site-packages/airflow/example_dags/example_trigger_target_dag.py took 0.108 seconds
[2022-08-21 16:42:04,057] {processor.py:153} INFO - Started process (PID=4053) to work on /Users/abhaymone/src/dev/sand/MANAGE-GMAIL/venv/lib/python3.9/site-packages/airflow/example_dags/example_trigger_target_dag.py
[2022-08-21 16:42:04,057] {processor.py:641} INFO - Processing file /Users/abhaymone/src/dev/sand/MANAGE-GMAIL/venv/lib/python3.9/site-packages/airflow/example_dags/example_trigger_target_dag.py for tasks to queue
[2022-08-21 16:42:04,057] {logging_mixin.py:115} INFO - [2022-08-21 16:42:04,057] {dagbag.py:508} INFO - Filling up the DagBag from /Users/abhaymone/src/dev/sand/MANAGE-GMAIL/venv/lib/python3.9/site-packages/airflow/example_dags/example_trigger_target_dag.py
[2022-08-21 16:42:04,083] {processor.py:651} INFO - DAG(s) dict_keys(['example_trigger_target_dag']) retrieved from /Users/abhaymone/src/dev/sand/MANAGE-GMAIL/venv/lib/python3.9/site-packages/airflow/example_dags/example_trigger_target_dag.py
[2022-08-21 16:42:04,135] {logging_mixin.py:115} INFO - [2022-08-21 16:42:04,135] {dag.py:2420} INFO - Sync 1 DAGs
[2022-08-21 16:42:04,146] {logging_mixin.py:115} INFO - [2022-08-21 16:42:04,146] {dag.py:2968} INFO - Setting next_dagrun for example_trigger_target_dag to None, run_after=None
[2022-08-21 16:42:04,161] {processor.py:161} INFO - Processing /Users/abhaymone/src/dev/sand/MANAGE-GMAIL/venv/lib/python3.9/site-packages/airflow/example_dags/example_trigger_target_dag.py took 0.105 seconds
[2022-08-21 16:43:07,021] {processor.py:153} INFO - Started process (PID=4091) to work on /Users/abhaymone/src/dev/sand/MANAGE-GMAIL/venv/lib/python3.9/site-packages/airflow/example_dags/example_trigger_target_dag.py
[2022-08-21 16:43:07,022] {processor.py:641} INFO - Processing file /Users/abhaymone/src/dev/sand/MANAGE-GMAIL/venv/lib/python3.9/site-packages/airflow/example_dags/example_trigger_target_dag.py for tasks to queue
[2022-08-21 16:43:07,022] {logging_mixin.py:115} INFO - [2022-08-21 16:43:07,022] {dagbag.py:508} INFO - Filling up the DagBag from /Users/abhaymone/src/dev/sand/MANAGE-GMAIL/venv/lib/python3.9/site-packages/airflow/example_dags/example_trigger_target_dag.py
[2022-08-21 16:43:07,048] {processor.py:651} INFO - DAG(s) dict_keys(['example_trigger_target_dag']) retrieved from /Users/abhaymone/src/dev/sand/MANAGE-GMAIL/venv/lib/python3.9/site-packages/airflow/example_dags/example_trigger_target_dag.py
[2022-08-21 16:43:07,099] {logging_mixin.py:115} INFO - [2022-08-21 16:43:07,099] {dag.py:2420} INFO - Sync 1 DAGs
[2022-08-21 16:43:07,111] {logging_mixin.py:115} INFO - [2022-08-21 16:43:07,111] {dag.py:2968} INFO - Setting next_dagrun for example_trigger_target_dag to None, run_after=None
[2022-08-21 16:43:07,122] {processor.py:161} INFO - Processing /Users/abhaymone/src/dev/sand/MANAGE-GMAIL/venv/lib/python3.9/site-packages/airflow/example_dags/example_trigger_target_dag.py took 0.101 seconds
[2022-08-21 16:44:10,645] {processor.py:153} INFO - Started process (PID=4194) to work on /Users/abhaymone/src/dev/sand/MANAGE-GMAIL/venv/lib/python3.9/site-packages/airflow/example_dags/example_trigger_target_dag.py
[2022-08-21 16:44:10,651] {processor.py:641} INFO - Processing file /Users/abhaymone/src/dev/sand/MANAGE-GMAIL/venv/lib/python3.9/site-packages/airflow/example_dags/example_trigger_target_dag.py for tasks to queue
[2022-08-21 16:44:10,651] {logging_mixin.py:115} INFO - [2022-08-21 16:44:10,651] {dagbag.py:508} INFO - Filling up the DagBag from /Users/abhaymone/src/dev/sand/MANAGE-GMAIL/venv/lib/python3.9/site-packages/airflow/example_dags/example_trigger_target_dag.py
[2022-08-21 16:44:10,681] {processor.py:651} INFO - DAG(s) dict_keys(['example_trigger_target_dag']) retrieved from /Users/abhaymone/src/dev/sand/MANAGE-GMAIL/venv/lib/python3.9/site-packages/airflow/example_dags/example_trigger_target_dag.py
[2022-08-21 16:44:10,731] {logging_mixin.py:115} INFO - [2022-08-21 16:44:10,731] {dag.py:2420} INFO - Sync 1 DAGs
[2022-08-21 16:44:10,742] {logging_mixin.py:115} INFO - [2022-08-21 16:44:10,742] {dag.py:2968} INFO - Setting next_dagrun for example_trigger_target_dag to None, run_after=None
[2022-08-21 16:44:10,751] {processor.py:161} INFO - Processing /Users/abhaymone/src/dev/sand/MANAGE-GMAIL/venv/lib/python3.9/site-packages/airflow/example_dags/example_trigger_target_dag.py took 0.107 seconds
[2022-08-21 16:45:10,678] {processor.py:153} INFO - Started process (PID=4299) to work on /Users/abhaymone/src/dev/sand/MANAGE-GMAIL/venv/lib/python3.9/site-packages/airflow/example_dags/example_trigger_target_dag.py
[2022-08-21 16:45:10,678] {processor.py:641} INFO - Processing file /Users/abhaymone/src/dev/sand/MANAGE-GMAIL/venv/lib/python3.9/site-packages/airflow/example_dags/example_trigger_target_dag.py for tasks to queue
[2022-08-21 16:45:10,678] {logging_mixin.py:115} INFO - [2022-08-21 16:45:10,678] {dagbag.py:508} INFO - Filling up the DagBag from /Users/abhaymone/src/dev/sand/MANAGE-GMAIL/venv/lib/python3.9/site-packages/airflow/example_dags/example_trigger_target_dag.py
[2022-08-21 16:45:10,713] {processor.py:651} INFO - DAG(s) dict_keys(['example_trigger_target_dag']) retrieved from /Users/abhaymone/src/dev/sand/MANAGE-GMAIL/venv/lib/python3.9/site-packages/airflow/example_dags/example_trigger_target_dag.py
[2022-08-21 16:45:10,764] {logging_mixin.py:115} INFO - [2022-08-21 16:45:10,764] {dag.py:2420} INFO - Sync 1 DAGs
[2022-08-21 16:45:10,779] {logging_mixin.py:115} INFO - [2022-08-21 16:45:10,779] {dag.py:2968} INFO - Setting next_dagrun for example_trigger_target_dag to None, run_after=None
[2022-08-21 16:45:10,787] {processor.py:161} INFO - Processing /Users/abhaymone/src/dev/sand/MANAGE-GMAIL/venv/lib/python3.9/site-packages/airflow/example_dags/example_trigger_target_dag.py took 0.110 seconds
[2022-08-21 16:46:04,972] {processor.py:153} INFO - Started process (PID=4406) to work on /Users/abhaymone/src/dev/sand/MANAGE-GMAIL/venv/lib/python3.9/site-packages/airflow/example_dags/example_trigger_target_dag.py
[2022-08-21 16:46:04,972] {processor.py:641} INFO - Processing file /Users/abhaymone/src/dev/sand/MANAGE-GMAIL/venv/lib/python3.9/site-packages/airflow/example_dags/example_trigger_target_dag.py for tasks to queue
[2022-08-21 16:46:04,972] {logging_mixin.py:115} INFO - [2022-08-21 16:46:04,972] {dagbag.py:508} INFO - Filling up the DagBag from /Users/abhaymone/src/dev/sand/MANAGE-GMAIL/venv/lib/python3.9/site-packages/airflow/example_dags/example_trigger_target_dag.py
[2022-08-21 16:46:05,001] {processor.py:651} INFO - DAG(s) dict_keys(['example_trigger_target_dag']) retrieved from /Users/abhaymone/src/dev/sand/MANAGE-GMAIL/venv/lib/python3.9/site-packages/airflow/example_dags/example_trigger_target_dag.py
[2022-08-21 16:46:05,053] {logging_mixin.py:115} INFO - [2022-08-21 16:46:05,053] {dag.py:2420} INFO - Sync 1 DAGs
[2022-08-21 16:46:05,065] {logging_mixin.py:115} INFO - [2022-08-21 16:46:05,065] {dag.py:2968} INFO - Setting next_dagrun for example_trigger_target_dag to None, run_after=None
[2022-08-21 16:46:05,082] {processor.py:161} INFO - Processing /Users/abhaymone/src/dev/sand/MANAGE-GMAIL/venv/lib/python3.9/site-packages/airflow/example_dags/example_trigger_target_dag.py took 0.111 seconds
[2022-08-21 16:47:03,089] {processor.py:153} INFO - Started process (PID=4526) to work on /Users/abhaymone/src/dev/sand/MANAGE-GMAIL/venv/lib/python3.9/site-packages/airflow/example_dags/example_trigger_target_dag.py
[2022-08-21 16:47:03,094] {processor.py:641} INFO - Processing file /Users/abhaymone/src/dev/sand/MANAGE-GMAIL/venv/lib/python3.9/site-packages/airflow/example_dags/example_trigger_target_dag.py for tasks to queue
[2022-08-21 16:47:03,095] {logging_mixin.py:115} INFO - [2022-08-21 16:47:03,095] {dagbag.py:508} INFO - Filling up the DagBag from /Users/abhaymone/src/dev/sand/MANAGE-GMAIL/venv/lib/python3.9/site-packages/airflow/example_dags/example_trigger_target_dag.py
[2022-08-21 16:47:03,125] {processor.py:651} INFO - DAG(s) dict_keys(['example_trigger_target_dag']) retrieved from /Users/abhaymone/src/dev/sand/MANAGE-GMAIL/venv/lib/python3.9/site-packages/airflow/example_dags/example_trigger_target_dag.py
[2022-08-21 16:47:03,171] {logging_mixin.py:115} INFO - [2022-08-21 16:47:03,171] {dag.py:2420} INFO - Sync 1 DAGs
[2022-08-21 16:47:03,182] {logging_mixin.py:115} INFO - [2022-08-21 16:47:03,181] {dag.py:2968} INFO - Setting next_dagrun for example_trigger_target_dag to None, run_after=None
[2022-08-21 16:47:03,193] {processor.py:161} INFO - Processing /Users/abhaymone/src/dev/sand/MANAGE-GMAIL/venv/lib/python3.9/site-packages/airflow/example_dags/example_trigger_target_dag.py took 0.105 seconds
[2022-08-21 16:48:11,512] {processor.py:153} INFO - Started process (PID=4579) to work on /Users/abhaymone/src/dev/sand/MANAGE-GMAIL/venv/lib/python3.9/site-packages/airflow/example_dags/example_trigger_target_dag.py
[2022-08-21 16:48:11,517] {processor.py:641} INFO - Processing file /Users/abhaymone/src/dev/sand/MANAGE-GMAIL/venv/lib/python3.9/site-packages/airflow/example_dags/example_trigger_target_dag.py for tasks to queue
[2022-08-21 16:48:11,518] {logging_mixin.py:115} INFO - [2022-08-21 16:48:11,518] {dagbag.py:508} INFO - Filling up the DagBag from /Users/abhaymone/src/dev/sand/MANAGE-GMAIL/venv/lib/python3.9/site-packages/airflow/example_dags/example_trigger_target_dag.py
[2022-08-21 16:48:11,546] {processor.py:651} INFO - DAG(s) dict_keys(['example_trigger_target_dag']) retrieved from /Users/abhaymone/src/dev/sand/MANAGE-GMAIL/venv/lib/python3.9/site-packages/airflow/example_dags/example_trigger_target_dag.py
[2022-08-21 16:48:11,594] {logging_mixin.py:115} INFO - [2022-08-21 16:48:11,594] {dag.py:2420} INFO - Sync 1 DAGs
[2022-08-21 16:48:11,604] {logging_mixin.py:115} INFO - [2022-08-21 16:48:11,604] {dag.py:2968} INFO - Setting next_dagrun for example_trigger_target_dag to None, run_after=None
[2022-08-21 16:48:11,617] {processor.py:161} INFO - Processing /Users/abhaymone/src/dev/sand/MANAGE-GMAIL/venv/lib/python3.9/site-packages/airflow/example_dags/example_trigger_target_dag.py took 0.106 seconds
[2022-08-21 16:49:17,240] {processor.py:153} INFO - Started process (PID=4627) to work on /Users/abhaymone/src/dev/sand/MANAGE-GMAIL/venv/lib/python3.9/site-packages/airflow/example_dags/example_trigger_target_dag.py
[2022-08-21 16:49:17,242] {processor.py:641} INFO - Processing file /Users/abhaymone/src/dev/sand/MANAGE-GMAIL/venv/lib/python3.9/site-packages/airflow/example_dags/example_trigger_target_dag.py for tasks to queue
[2022-08-21 16:49:17,242] {logging_mixin.py:115} INFO - [2022-08-21 16:49:17,242] {dagbag.py:508} INFO - Filling up the DagBag from /Users/abhaymone/src/dev/sand/MANAGE-GMAIL/venv/lib/python3.9/site-packages/airflow/example_dags/example_trigger_target_dag.py
[2022-08-21 16:49:17,277] {processor.py:651} INFO - DAG(s) dict_keys(['example_trigger_target_dag']) retrieved from /Users/abhaymone/src/dev/sand/MANAGE-GMAIL/venv/lib/python3.9/site-packages/airflow/example_dags/example_trigger_target_dag.py
[2022-08-21 16:49:17,339] {logging_mixin.py:115} INFO - [2022-08-21 16:49:17,339] {dag.py:2420} INFO - Sync 1 DAGs
[2022-08-21 16:49:17,352] {logging_mixin.py:115} INFO - [2022-08-21 16:49:17,352] {dag.py:2968} INFO - Setting next_dagrun for example_trigger_target_dag to None, run_after=None
[2022-08-21 16:49:17,370] {processor.py:161} INFO - Processing /Users/abhaymone/src/dev/sand/MANAGE-GMAIL/venv/lib/python3.9/site-packages/airflow/example_dags/example_trigger_target_dag.py took 0.131 seconds
[2022-08-21 16:50:16,776] {processor.py:153} INFO - Started process (PID=4666) to work on /Users/abhaymone/src/dev/sand/MANAGE-GMAIL/venv/lib/python3.9/site-packages/airflow/example_dags/example_trigger_target_dag.py
[2022-08-21 16:50:16,781] {processor.py:641} INFO - Processing file /Users/abhaymone/src/dev/sand/MANAGE-GMAIL/venv/lib/python3.9/site-packages/airflow/example_dags/example_trigger_target_dag.py for tasks to queue
[2022-08-21 16:50:16,782] {logging_mixin.py:115} INFO - [2022-08-21 16:50:16,782] {dagbag.py:508} INFO - Filling up the DagBag from /Users/abhaymone/src/dev/sand/MANAGE-GMAIL/venv/lib/python3.9/site-packages/airflow/example_dags/example_trigger_target_dag.py
[2022-08-21 16:50:16,813] {processor.py:651} INFO - DAG(s) dict_keys(['example_trigger_target_dag']) retrieved from /Users/abhaymone/src/dev/sand/MANAGE-GMAIL/venv/lib/python3.9/site-packages/airflow/example_dags/example_trigger_target_dag.py
[2022-08-21 16:50:16,860] {logging_mixin.py:115} INFO - [2022-08-21 16:50:16,860] {dag.py:2420} INFO - Sync 1 DAGs
[2022-08-21 16:50:16,871] {logging_mixin.py:115} INFO - [2022-08-21 16:50:16,871] {dag.py:2968} INFO - Setting next_dagrun for example_trigger_target_dag to None, run_after=None
[2022-08-21 16:50:16,881] {processor.py:161} INFO - Processing /Users/abhaymone/src/dev/sand/MANAGE-GMAIL/venv/lib/python3.9/site-packages/airflow/example_dags/example_trigger_target_dag.py took 0.106 seconds
[2022-08-21 16:51:16,503] {processor.py:153} INFO - Started process (PID=4751) to work on /Users/abhaymone/src/dev/sand/MANAGE-GMAIL/venv/lib/python3.9/site-packages/airflow/example_dags/example_trigger_target_dag.py
[2022-08-21 16:51:16,504] {processor.py:641} INFO - Processing file /Users/abhaymone/src/dev/sand/MANAGE-GMAIL/venv/lib/python3.9/site-packages/airflow/example_dags/example_trigger_target_dag.py for tasks to queue
[2022-08-21 16:51:16,504] {logging_mixin.py:115} INFO - [2022-08-21 16:51:16,504] {dagbag.py:508} INFO - Filling up the DagBag from /Users/abhaymone/src/dev/sand/MANAGE-GMAIL/venv/lib/python3.9/site-packages/airflow/example_dags/example_trigger_target_dag.py
[2022-08-21 16:51:16,536] {processor.py:651} INFO - DAG(s) dict_keys(['example_trigger_target_dag']) retrieved from /Users/abhaymone/src/dev/sand/MANAGE-GMAIL/venv/lib/python3.9/site-packages/airflow/example_dags/example_trigger_target_dag.py
[2022-08-21 16:51:16,587] {logging_mixin.py:115} INFO - [2022-08-21 16:51:16,587] {dag.py:2420} INFO - Sync 1 DAGs
[2022-08-21 16:51:16,597] {logging_mixin.py:115} INFO - [2022-08-21 16:51:16,597] {dag.py:2968} INFO - Setting next_dagrun for example_trigger_target_dag to None, run_after=None
[2022-08-21 16:51:16,610] {processor.py:161} INFO - Processing /Users/abhaymone/src/dev/sand/MANAGE-GMAIL/venv/lib/python3.9/site-packages/airflow/example_dags/example_trigger_target_dag.py took 0.108 seconds
[2022-08-21 16:52:13,244] {processor.py:153} INFO - Started process (PID=4965) to work on /Users/abhaymone/src/dev/sand/MANAGE-GMAIL/venv/lib/python3.9/site-packages/airflow/example_dags/example_trigger_target_dag.py
[2022-08-21 16:52:13,244] {processor.py:641} INFO - Processing file /Users/abhaymone/src/dev/sand/MANAGE-GMAIL/venv/lib/python3.9/site-packages/airflow/example_dags/example_trigger_target_dag.py for tasks to queue
[2022-08-21 16:52:13,244] {logging_mixin.py:115} INFO - [2022-08-21 16:52:13,244] {dagbag.py:508} INFO - Filling up the DagBag from /Users/abhaymone/src/dev/sand/MANAGE-GMAIL/venv/lib/python3.9/site-packages/airflow/example_dags/example_trigger_target_dag.py
[2022-08-21 16:52:13,269] {processor.py:651} INFO - DAG(s) dict_keys(['example_trigger_target_dag']) retrieved from /Users/abhaymone/src/dev/sand/MANAGE-GMAIL/venv/lib/python3.9/site-packages/airflow/example_dags/example_trigger_target_dag.py
[2022-08-21 16:52:13,317] {logging_mixin.py:115} INFO - [2022-08-21 16:52:13,317] {dag.py:2420} INFO - Sync 1 DAGs
[2022-08-21 16:52:13,327] {logging_mixin.py:115} INFO - [2022-08-21 16:52:13,327] {dag.py:2968} INFO - Setting next_dagrun for example_trigger_target_dag to None, run_after=None
[2022-08-21 16:52:13,343] {processor.py:161} INFO - Processing /Users/abhaymone/src/dev/sand/MANAGE-GMAIL/venv/lib/python3.9/site-packages/airflow/example_dags/example_trigger_target_dag.py took 0.099 seconds
[2022-08-21 16:53:09,815] {processor.py:153} INFO - Started process (PID=5098) to work on /Users/abhaymone/src/dev/sand/MANAGE-GMAIL/venv/lib/python3.9/site-packages/airflow/example_dags/example_trigger_target_dag.py
[2022-08-21 16:53:09,815] {processor.py:641} INFO - Processing file /Users/abhaymone/src/dev/sand/MANAGE-GMAIL/venv/lib/python3.9/site-packages/airflow/example_dags/example_trigger_target_dag.py for tasks to queue
[2022-08-21 16:53:09,815] {logging_mixin.py:115} INFO - [2022-08-21 16:53:09,815] {dagbag.py:508} INFO - Filling up the DagBag from /Users/abhaymone/src/dev/sand/MANAGE-GMAIL/venv/lib/python3.9/site-packages/airflow/example_dags/example_trigger_target_dag.py
[2022-08-21 16:53:09,843] {processor.py:651} INFO - DAG(s) dict_keys(['example_trigger_target_dag']) retrieved from /Users/abhaymone/src/dev/sand/MANAGE-GMAIL/venv/lib/python3.9/site-packages/airflow/example_dags/example_trigger_target_dag.py
[2022-08-21 16:53:09,899] {logging_mixin.py:115} INFO - [2022-08-21 16:53:09,899] {dag.py:2420} INFO - Sync 1 DAGs
[2022-08-21 16:53:09,911] {logging_mixin.py:115} INFO - [2022-08-21 16:53:09,911] {dag.py:2968} INFO - Setting next_dagrun for example_trigger_target_dag to None, run_after=None
[2022-08-21 16:53:09,930] {processor.py:161} INFO - Processing /Users/abhaymone/src/dev/sand/MANAGE-GMAIL/venv/lib/python3.9/site-packages/airflow/example_dags/example_trigger_target_dag.py took 0.115 seconds
[2022-08-21 16:54:14,246] {processor.py:153} INFO - Started process (PID=5166) to work on /Users/abhaymone/src/dev/sand/MANAGE-GMAIL/venv/lib/python3.9/site-packages/airflow/example_dags/example_trigger_target_dag.py
[2022-08-21 16:54:14,246] {processor.py:641} INFO - Processing file /Users/abhaymone/src/dev/sand/MANAGE-GMAIL/venv/lib/python3.9/site-packages/airflow/example_dags/example_trigger_target_dag.py for tasks to queue
[2022-08-21 16:54:14,246] {logging_mixin.py:115} INFO - [2022-08-21 16:54:14,246] {dagbag.py:508} INFO - Filling up the DagBag from /Users/abhaymone/src/dev/sand/MANAGE-GMAIL/venv/lib/python3.9/site-packages/airflow/example_dags/example_trigger_target_dag.py
[2022-08-21 16:54:14,270] {processor.py:651} INFO - DAG(s) dict_keys(['example_trigger_target_dag']) retrieved from /Users/abhaymone/src/dev/sand/MANAGE-GMAIL/venv/lib/python3.9/site-packages/airflow/example_dags/example_trigger_target_dag.py
[2022-08-21 16:54:14,316] {logging_mixin.py:115} INFO - [2022-08-21 16:54:14,316] {dag.py:2420} INFO - Sync 1 DAGs
[2022-08-21 16:54:14,326] {logging_mixin.py:115} INFO - [2022-08-21 16:54:14,326] {dag.py:2968} INFO - Setting next_dagrun for example_trigger_target_dag to None, run_after=None
[2022-08-21 16:54:14,342] {processor.py:161} INFO - Processing /Users/abhaymone/src/dev/sand/MANAGE-GMAIL/venv/lib/python3.9/site-packages/airflow/example_dags/example_trigger_target_dag.py took 0.097 seconds
[2022-08-21 16:55:22,357] {processor.py:153} INFO - Started process (PID=5238) to work on /Users/abhaymone/src/dev/sand/MANAGE-GMAIL/venv/lib/python3.9/site-packages/airflow/example_dags/example_trigger_target_dag.py
[2022-08-21 16:55:22,362] {processor.py:641} INFO - Processing file /Users/abhaymone/src/dev/sand/MANAGE-GMAIL/venv/lib/python3.9/site-packages/airflow/example_dags/example_trigger_target_dag.py for tasks to queue
[2022-08-21 16:55:22,363] {logging_mixin.py:115} INFO - [2022-08-21 16:55:22,363] {dagbag.py:508} INFO - Filling up the DagBag from /Users/abhaymone/src/dev/sand/MANAGE-GMAIL/venv/lib/python3.9/site-packages/airflow/example_dags/example_trigger_target_dag.py
[2022-08-21 16:55:22,409] {processor.py:651} INFO - DAG(s) dict_keys(['example_trigger_target_dag']) retrieved from /Users/abhaymone/src/dev/sand/MANAGE-GMAIL/venv/lib/python3.9/site-packages/airflow/example_dags/example_trigger_target_dag.py
[2022-08-21 16:55:22,476] {logging_mixin.py:115} INFO - [2022-08-21 16:55:22,476] {dag.py:2420} INFO - Sync 1 DAGs
[2022-08-21 16:55:22,491] {logging_mixin.py:115} INFO - [2022-08-21 16:55:22,491] {dag.py:2968} INFO - Setting next_dagrun for example_trigger_target_dag to None, run_after=None
[2022-08-21 16:55:22,506] {processor.py:161} INFO - Processing /Users/abhaymone/src/dev/sand/MANAGE-GMAIL/venv/lib/python3.9/site-packages/airflow/example_dags/example_trigger_target_dag.py took 0.150 seconds
