[2022-08-21 16:15:05,487] {processor.py:153} INFO - Started process (PID=3391) to work on /Users/abhaymone/src/dev/sand/MANAGE-GMAIL/venv/lib/python3.9/site-packages/airflow/example_dags/example_branch_python_dop_operator_3.py
[2022-08-21 16:15:05,487] {processor.py:641} INFO - Processing file /Users/abhaymone/src/dev/sand/MANAGE-GMAIL/venv/lib/python3.9/site-packages/airflow/example_dags/example_branch_python_dop_operator_3.py for tasks to queue
[2022-08-21 16:15:05,487] {logging_mixin.py:115} INFO - [2022-08-21 16:15:05,487] {dagbag.py:508} INFO - Filling up the DagBag from /Users/abhaymone/src/dev/sand/MANAGE-GMAIL/venv/lib/python3.9/site-packages/airflow/example_dags/example_branch_python_dop_operator_3.py
[2022-08-21 16:15:05,518] {processor.py:651} INFO - DAG(s) dict_keys(['example_branch_dop_operator_v3']) retrieved from /Users/abhaymone/src/dev/sand/MANAGE-GMAIL/venv/lib/python3.9/site-packages/airflow/example_dags/example_branch_python_dop_operator_3.py
[2022-08-21 16:15:06,187] {logging_mixin.py:115} INFO - [2022-08-21 16:15:06,187] {manager.py:508} INFO - Created Permission View: can edit on DAG:example_branch_dop_operator_v3
[2022-08-21 16:15:06,193] {logging_mixin.py:115} INFO - [2022-08-21 16:15:06,193] {manager.py:508} INFO - Created Permission View: can delete on DAG:example_branch_dop_operator_v3
[2022-08-21 16:15:06,197] {logging_mixin.py:115} INFO - [2022-08-21 16:15:06,197] {manager.py:508} INFO - Created Permission View: can read on DAG:example_branch_dop_operator_v3
[2022-08-21 16:15:06,198] {logging_mixin.py:115} INFO - [2022-08-21 16:15:06,198] {dag.py:2420} INFO - Sync 1 DAGs
[2022-08-21 16:15:06,203] {logging_mixin.py:115} INFO - [2022-08-21 16:15:06,203] {dag.py:2439} INFO - Creating ORM DAG for example_branch_dop_operator_v3
[2022-08-21 16:15:06,213] {logging_mixin.py:115} INFO - [2022-08-21 16:15:06,213] {dag.py:2968} INFO - Setting next_dagrun for example_branch_dop_operator_v3 to 2022-08-21T20:14:00+00:00, run_after=2022-08-21T20:15:00+00:00
[2022-08-21 16:15:06,224] {processor.py:161} INFO - Processing /Users/abhaymone/src/dev/sand/MANAGE-GMAIL/venv/lib/python3.9/site-packages/airflow/example_dags/example_branch_python_dop_operator_3.py took 0.738 seconds
[2022-08-21 16:16:15,256] {processor.py:153} INFO - Started process (PID=3441) to work on /Users/abhaymone/src/dev/sand/MANAGE-GMAIL/venv/lib/python3.9/site-packages/airflow/example_dags/example_branch_python_dop_operator_3.py
[2022-08-21 16:16:15,262] {processor.py:641} INFO - Processing file /Users/abhaymone/src/dev/sand/MANAGE-GMAIL/venv/lib/python3.9/site-packages/airflow/example_dags/example_branch_python_dop_operator_3.py for tasks to queue
[2022-08-21 16:16:15,263] {logging_mixin.py:115} INFO - [2022-08-21 16:16:15,263] {dagbag.py:508} INFO - Filling up the DagBag from /Users/abhaymone/src/dev/sand/MANAGE-GMAIL/venv/lib/python3.9/site-packages/airflow/example_dags/example_branch_python_dop_operator_3.py
[2022-08-21 16:16:15,290] {processor.py:651} INFO - DAG(s) dict_keys(['example_branch_dop_operator_v3']) retrieved from /Users/abhaymone/src/dev/sand/MANAGE-GMAIL/venv/lib/python3.9/site-packages/airflow/example_dags/example_branch_python_dop_operator_3.py
[2022-08-21 16:16:15,336] {logging_mixin.py:115} INFO - [2022-08-21 16:16:15,336] {dag.py:2420} INFO - Sync 1 DAGs
[2022-08-21 16:16:15,350] {logging_mixin.py:115} INFO - [2022-08-21 16:16:15,350] {dag.py:2968} INFO - Setting next_dagrun for example_branch_dop_operator_v3 to 2022-08-21T20:15:00+00:00, run_after=2022-08-21T20:16:00+00:00
[2022-08-21 16:16:15,362] {processor.py:161} INFO - Processing /Users/abhaymone/src/dev/sand/MANAGE-GMAIL/venv/lib/python3.9/site-packages/airflow/example_dags/example_branch_python_dop_operator_3.py took 0.106 seconds
[2022-08-21 16:17:13,777] {processor.py:153} INFO - Started process (PID=3477) to work on /Users/abhaymone/src/dev/sand/MANAGE-GMAIL/venv/lib/python3.9/site-packages/airflow/example_dags/example_branch_python_dop_operator_3.py
[2022-08-21 16:17:13,777] {processor.py:641} INFO - Processing file /Users/abhaymone/src/dev/sand/MANAGE-GMAIL/venv/lib/python3.9/site-packages/airflow/example_dags/example_branch_python_dop_operator_3.py for tasks to queue
[2022-08-21 16:17:13,778] {logging_mixin.py:115} INFO - [2022-08-21 16:17:13,778] {dagbag.py:508} INFO - Filling up the DagBag from /Users/abhaymone/src/dev/sand/MANAGE-GMAIL/venv/lib/python3.9/site-packages/airflow/example_dags/example_branch_python_dop_operator_3.py
[2022-08-21 16:17:13,799] {processor.py:651} INFO - DAG(s) dict_keys(['example_branch_dop_operator_v3']) retrieved from /Users/abhaymone/src/dev/sand/MANAGE-GMAIL/venv/lib/python3.9/site-packages/airflow/example_dags/example_branch_python_dop_operator_3.py
[2022-08-21 16:17:13,847] {logging_mixin.py:115} INFO - [2022-08-21 16:17:13,847] {dag.py:2420} INFO - Sync 1 DAGs
[2022-08-21 16:17:13,863] {logging_mixin.py:115} INFO - [2022-08-21 16:17:13,863] {dag.py:2968} INFO - Setting next_dagrun for example_branch_dop_operator_v3 to 2022-08-21T20:16:00+00:00, run_after=2022-08-21T20:17:00+00:00
[2022-08-21 16:17:13,872] {processor.py:161} INFO - Processing /Users/abhaymone/src/dev/sand/MANAGE-GMAIL/venv/lib/python3.9/site-packages/airflow/example_dags/example_branch_python_dop_operator_3.py took 0.095 seconds
[2022-08-21 16:28:45,985] {processor.py:153} INFO - Started process (PID=3563) to work on /Users/abhaymone/src/dev/sand/MANAGE-GMAIL/venv/lib/python3.9/site-packages/airflow/example_dags/example_branch_python_dop_operator_3.py
[2022-08-21 16:28:45,991] {processor.py:641} INFO - Processing file /Users/abhaymone/src/dev/sand/MANAGE-GMAIL/venv/lib/python3.9/site-packages/airflow/example_dags/example_branch_python_dop_operator_3.py for tasks to queue
[2022-08-21 16:28:45,991] {logging_mixin.py:115} INFO - [2022-08-21 16:28:45,991] {dagbag.py:508} INFO - Filling up the DagBag from /Users/abhaymone/src/dev/sand/MANAGE-GMAIL/venv/lib/python3.9/site-packages/airflow/example_dags/example_branch_python_dop_operator_3.py
[2022-08-21 16:28:46,019] {processor.py:651} INFO - DAG(s) dict_keys(['example_branch_dop_operator_v3']) retrieved from /Users/abhaymone/src/dev/sand/MANAGE-GMAIL/venv/lib/python3.9/site-packages/airflow/example_dags/example_branch_python_dop_operator_3.py
[2022-08-21 16:28:46,073] {logging_mixin.py:115} INFO - [2022-08-21 16:28:46,073] {dag.py:2420} INFO - Sync 1 DAGs
[2022-08-21 16:28:46,090] {logging_mixin.py:115} INFO - [2022-08-21 16:28:46,090] {dag.py:2968} INFO - Setting next_dagrun for example_branch_dop_operator_v3 to 2022-08-21T20:27:00+00:00, run_after=2022-08-21T20:28:00+00:00
[2022-08-21 16:28:46,101] {processor.py:161} INFO - Processing /Users/abhaymone/src/dev/sand/MANAGE-GMAIL/venv/lib/python3.9/site-packages/airflow/example_dags/example_branch_python_dop_operator_3.py took 0.117 seconds
[2022-08-21 16:29:43,580] {processor.py:153} INFO - Started process (PID=3601) to work on /Users/abhaymone/src/dev/sand/MANAGE-GMAIL/venv/lib/python3.9/site-packages/airflow/example_dags/example_branch_python_dop_operator_3.py
[2022-08-21 16:29:43,580] {processor.py:641} INFO - Processing file /Users/abhaymone/src/dev/sand/MANAGE-GMAIL/venv/lib/python3.9/site-packages/airflow/example_dags/example_branch_python_dop_operator_3.py for tasks to queue
[2022-08-21 16:29:43,580] {logging_mixin.py:115} INFO - [2022-08-21 16:29:43,580] {dagbag.py:508} INFO - Filling up the DagBag from /Users/abhaymone/src/dev/sand/MANAGE-GMAIL/venv/lib/python3.9/site-packages/airflow/example_dags/example_branch_python_dop_operator_3.py
[2022-08-21 16:29:43,602] {processor.py:651} INFO - DAG(s) dict_keys(['example_branch_dop_operator_v3']) retrieved from /Users/abhaymone/src/dev/sand/MANAGE-GMAIL/venv/lib/python3.9/site-packages/airflow/example_dags/example_branch_python_dop_operator_3.py
[2022-08-21 16:29:43,648] {logging_mixin.py:115} INFO - [2022-08-21 16:29:43,648] {dag.py:2420} INFO - Sync 1 DAGs
[2022-08-21 16:29:43,662] {logging_mixin.py:115} INFO - [2022-08-21 16:29:43,662] {dag.py:2968} INFO - Setting next_dagrun for example_branch_dop_operator_v3 to 2022-08-21T20:28:00+00:00, run_after=2022-08-21T20:29:00+00:00
[2022-08-21 16:29:43,679] {processor.py:161} INFO - Processing /Users/abhaymone/src/dev/sand/MANAGE-GMAIL/venv/lib/python3.9/site-packages/airflow/example_dags/example_branch_python_dop_operator_3.py took 0.099 seconds
[2022-08-21 16:30:41,785] {processor.py:153} INFO - Started process (PID=3637) to work on /Users/abhaymone/src/dev/sand/MANAGE-GMAIL/venv/lib/python3.9/site-packages/airflow/example_dags/example_branch_python_dop_operator_3.py
[2022-08-21 16:30:41,785] {processor.py:641} INFO - Processing file /Users/abhaymone/src/dev/sand/MANAGE-GMAIL/venv/lib/python3.9/site-packages/airflow/example_dags/example_branch_python_dop_operator_3.py for tasks to queue
[2022-08-21 16:30:41,785] {logging_mixin.py:115} INFO - [2022-08-21 16:30:41,785] {dagbag.py:508} INFO - Filling up the DagBag from /Users/abhaymone/src/dev/sand/MANAGE-GMAIL/venv/lib/python3.9/site-packages/airflow/example_dags/example_branch_python_dop_operator_3.py
[2022-08-21 16:30:41,808] {processor.py:651} INFO - DAG(s) dict_keys(['example_branch_dop_operator_v3']) retrieved from /Users/abhaymone/src/dev/sand/MANAGE-GMAIL/venv/lib/python3.9/site-packages/airflow/example_dags/example_branch_python_dop_operator_3.py
[2022-08-21 16:30:41,860] {logging_mixin.py:115} INFO - [2022-08-21 16:30:41,860] {dag.py:2420} INFO - Sync 1 DAGs
[2022-08-21 16:30:41,876] {logging_mixin.py:115} INFO - [2022-08-21 16:30:41,875] {dag.py:2968} INFO - Setting next_dagrun for example_branch_dop_operator_v3 to 2022-08-21T20:29:00+00:00, run_after=2022-08-21T20:30:00+00:00
[2022-08-21 16:30:41,890] {processor.py:161} INFO - Processing /Users/abhaymone/src/dev/sand/MANAGE-GMAIL/venv/lib/python3.9/site-packages/airflow/example_dags/example_branch_python_dop_operator_3.py took 0.106 seconds
[2022-08-21 16:31:51,806] {processor.py:153} INFO - Started process (PID=3677) to work on /Users/abhaymone/src/dev/sand/MANAGE-GMAIL/venv/lib/python3.9/site-packages/airflow/example_dags/example_branch_python_dop_operator_3.py
[2022-08-21 16:31:51,807] {processor.py:641} INFO - Processing file /Users/abhaymone/src/dev/sand/MANAGE-GMAIL/venv/lib/python3.9/site-packages/airflow/example_dags/example_branch_python_dop_operator_3.py for tasks to queue
[2022-08-21 16:31:51,807] {logging_mixin.py:115} INFO - [2022-08-21 16:31:51,807] {dagbag.py:508} INFO - Filling up the DagBag from /Users/abhaymone/src/dev/sand/MANAGE-GMAIL/venv/lib/python3.9/site-packages/airflow/example_dags/example_branch_python_dop_operator_3.py
[2022-08-21 16:31:51,832] {processor.py:651} INFO - DAG(s) dict_keys(['example_branch_dop_operator_v3']) retrieved from /Users/abhaymone/src/dev/sand/MANAGE-GMAIL/venv/lib/python3.9/site-packages/airflow/example_dags/example_branch_python_dop_operator_3.py
[2022-08-21 16:31:51,890] {logging_mixin.py:115} INFO - [2022-08-21 16:31:51,890] {dag.py:2420} INFO - Sync 1 DAGs
[2022-08-21 16:31:51,909] {logging_mixin.py:115} INFO - [2022-08-21 16:31:51,909] {dag.py:2968} INFO - Setting next_dagrun for example_branch_dop_operator_v3 to 2022-08-21T20:30:00+00:00, run_after=2022-08-21T20:31:00+00:00
[2022-08-21 16:31:51,918] {processor.py:161} INFO - Processing /Users/abhaymone/src/dev/sand/MANAGE-GMAIL/venv/lib/python3.9/site-packages/airflow/example_dags/example_branch_python_dop_operator_3.py took 0.113 seconds
[2022-08-21 16:32:51,416] {processor.py:153} INFO - Started process (PID=3718) to work on /Users/abhaymone/src/dev/sand/MANAGE-GMAIL/venv/lib/python3.9/site-packages/airflow/example_dags/example_branch_python_dop_operator_3.py
[2022-08-21 16:32:51,422] {processor.py:641} INFO - Processing file /Users/abhaymone/src/dev/sand/MANAGE-GMAIL/venv/lib/python3.9/site-packages/airflow/example_dags/example_branch_python_dop_operator_3.py for tasks to queue
[2022-08-21 16:32:51,422] {logging_mixin.py:115} INFO - [2022-08-21 16:32:51,422] {dagbag.py:508} INFO - Filling up the DagBag from /Users/abhaymone/src/dev/sand/MANAGE-GMAIL/venv/lib/python3.9/site-packages/airflow/example_dags/example_branch_python_dop_operator_3.py
[2022-08-21 16:32:51,447] {processor.py:651} INFO - DAG(s) dict_keys(['example_branch_dop_operator_v3']) retrieved from /Users/abhaymone/src/dev/sand/MANAGE-GMAIL/venv/lib/python3.9/site-packages/airflow/example_dags/example_branch_python_dop_operator_3.py
[2022-08-21 16:32:51,501] {logging_mixin.py:115} INFO - [2022-08-21 16:32:51,501] {dag.py:2420} INFO - Sync 1 DAGs
[2022-08-21 16:32:51,518] {logging_mixin.py:115} INFO - [2022-08-21 16:32:51,517] {dag.py:2968} INFO - Setting next_dagrun for example_branch_dop_operator_v3 to 2022-08-21T20:31:00+00:00, run_after=2022-08-21T20:32:00+00:00
[2022-08-21 16:32:51,530] {processor.py:161} INFO - Processing /Users/abhaymone/src/dev/sand/MANAGE-GMAIL/venv/lib/python3.9/site-packages/airflow/example_dags/example_branch_python_dop_operator_3.py took 0.115 seconds
[2022-08-21 16:33:50,233] {processor.py:153} INFO - Started process (PID=3754) to work on /Users/abhaymone/src/dev/sand/MANAGE-GMAIL/venv/lib/python3.9/site-packages/airflow/example_dags/example_branch_python_dop_operator_3.py
[2022-08-21 16:33:50,239] {processor.py:641} INFO - Processing file /Users/abhaymone/src/dev/sand/MANAGE-GMAIL/venv/lib/python3.9/site-packages/airflow/example_dags/example_branch_python_dop_operator_3.py for tasks to queue
[2022-08-21 16:33:50,239] {logging_mixin.py:115} INFO - [2022-08-21 16:33:50,239] {dagbag.py:508} INFO - Filling up the DagBag from /Users/abhaymone/src/dev/sand/MANAGE-GMAIL/venv/lib/python3.9/site-packages/airflow/example_dags/example_branch_python_dop_operator_3.py
[2022-08-21 16:33:50,266] {processor.py:651} INFO - DAG(s) dict_keys(['example_branch_dop_operator_v3']) retrieved from /Users/abhaymone/src/dev/sand/MANAGE-GMAIL/venv/lib/python3.9/site-packages/airflow/example_dags/example_branch_python_dop_operator_3.py
[2022-08-21 16:33:50,318] {logging_mixin.py:115} INFO - [2022-08-21 16:33:50,318] {dag.py:2420} INFO - Sync 1 DAGs
[2022-08-21 16:33:50,333] {logging_mixin.py:115} INFO - [2022-08-21 16:33:50,333] {dag.py:2968} INFO - Setting next_dagrun for example_branch_dop_operator_v3 to 2022-08-21T20:32:00+00:00, run_after=2022-08-21T20:33:00+00:00
[2022-08-21 16:33:50,346] {processor.py:161} INFO - Processing /Users/abhaymone/src/dev/sand/MANAGE-GMAIL/venv/lib/python3.9/site-packages/airflow/example_dags/example_branch_python_dop_operator_3.py took 0.114 seconds
[2022-08-21 16:34:50,264] {processor.py:153} INFO - Started process (PID=3790) to work on /Users/abhaymone/src/dev/sand/MANAGE-GMAIL/venv/lib/python3.9/site-packages/airflow/example_dags/example_branch_python_dop_operator_3.py
[2022-08-21 16:34:50,270] {processor.py:641} INFO - Processing file /Users/abhaymone/src/dev/sand/MANAGE-GMAIL/venv/lib/python3.9/site-packages/airflow/example_dags/example_branch_python_dop_operator_3.py for tasks to queue
[2022-08-21 16:34:50,270] {logging_mixin.py:115} INFO - [2022-08-21 16:34:50,270] {dagbag.py:508} INFO - Filling up the DagBag from /Users/abhaymone/src/dev/sand/MANAGE-GMAIL/venv/lib/python3.9/site-packages/airflow/example_dags/example_branch_python_dop_operator_3.py
[2022-08-21 16:34:50,297] {processor.py:651} INFO - DAG(s) dict_keys(['example_branch_dop_operator_v3']) retrieved from /Users/abhaymone/src/dev/sand/MANAGE-GMAIL/venv/lib/python3.9/site-packages/airflow/example_dags/example_branch_python_dop_operator_3.py
[2022-08-21 16:34:50,346] {logging_mixin.py:115} INFO - [2022-08-21 16:34:50,346] {dag.py:2420} INFO - Sync 1 DAGs
[2022-08-21 16:34:50,362] {logging_mixin.py:115} INFO - [2022-08-21 16:34:50,362] {dag.py:2968} INFO - Setting next_dagrun for example_branch_dop_operator_v3 to 2022-08-21T20:33:00+00:00, run_after=2022-08-21T20:34:00+00:00
[2022-08-21 16:34:50,373] {processor.py:161} INFO - Processing /Users/abhaymone/src/dev/sand/MANAGE-GMAIL/venv/lib/python3.9/site-packages/airflow/example_dags/example_branch_python_dop_operator_3.py took 0.110 seconds
[2022-08-21 16:35:49,267] {processor.py:153} INFO - Started process (PID=3827) to work on /Users/abhaymone/src/dev/sand/MANAGE-GMAIL/venv/lib/python3.9/site-packages/airflow/example_dags/example_branch_python_dop_operator_3.py
[2022-08-21 16:35:49,273] {processor.py:641} INFO - Processing file /Users/abhaymone/src/dev/sand/MANAGE-GMAIL/venv/lib/python3.9/site-packages/airflow/example_dags/example_branch_python_dop_operator_3.py for tasks to queue
[2022-08-21 16:35:49,274] {logging_mixin.py:115} INFO - [2022-08-21 16:35:49,274] {dagbag.py:508} INFO - Filling up the DagBag from /Users/abhaymone/src/dev/sand/MANAGE-GMAIL/venv/lib/python3.9/site-packages/airflow/example_dags/example_branch_python_dop_operator_3.py
[2022-08-21 16:35:49,303] {processor.py:651} INFO - DAG(s) dict_keys(['example_branch_dop_operator_v3']) retrieved from /Users/abhaymone/src/dev/sand/MANAGE-GMAIL/venv/lib/python3.9/site-packages/airflow/example_dags/example_branch_python_dop_operator_3.py
[2022-08-21 16:35:49,354] {logging_mixin.py:115} INFO - [2022-08-21 16:35:49,354] {dag.py:2420} INFO - Sync 1 DAGs
[2022-08-21 16:35:49,368] {logging_mixin.py:115} INFO - [2022-08-21 16:35:49,368] {dag.py:2968} INFO - Setting next_dagrun for example_branch_dop_operator_v3 to 2022-08-21T20:34:00+00:00, run_after=2022-08-21T20:35:00+00:00
[2022-08-21 16:35:49,377] {processor.py:161} INFO - Processing /Users/abhaymone/src/dev/sand/MANAGE-GMAIL/venv/lib/python3.9/site-packages/airflow/example_dags/example_branch_python_dop_operator_3.py took 0.110 seconds
[2022-08-21 16:36:53,006] {processor.py:153} INFO - Started process (PID=3867) to work on /Users/abhaymone/src/dev/sand/MANAGE-GMAIL/venv/lib/python3.9/site-packages/airflow/example_dags/example_branch_python_dop_operator_3.py
[2022-08-21 16:36:53,012] {processor.py:641} INFO - Processing file /Users/abhaymone/src/dev/sand/MANAGE-GMAIL/venv/lib/python3.9/site-packages/airflow/example_dags/example_branch_python_dop_operator_3.py for tasks to queue
[2022-08-21 16:36:53,012] {logging_mixin.py:115} INFO - [2022-08-21 16:36:53,012] {dagbag.py:508} INFO - Filling up the DagBag from /Users/abhaymone/src/dev/sand/MANAGE-GMAIL/venv/lib/python3.9/site-packages/airflow/example_dags/example_branch_python_dop_operator_3.py
[2022-08-21 16:36:53,042] {processor.py:651} INFO - DAG(s) dict_keys(['example_branch_dop_operator_v3']) retrieved from /Users/abhaymone/src/dev/sand/MANAGE-GMAIL/venv/lib/python3.9/site-packages/airflow/example_dags/example_branch_python_dop_operator_3.py
[2022-08-21 16:36:53,089] {logging_mixin.py:115} INFO - [2022-08-21 16:36:53,088] {dag.py:2420} INFO - Sync 1 DAGs
[2022-08-21 16:36:53,103] {logging_mixin.py:115} INFO - [2022-08-21 16:36:53,103] {dag.py:2968} INFO - Setting next_dagrun for example_branch_dop_operator_v3 to 2022-08-21T20:35:00+00:00, run_after=2022-08-21T20:36:00+00:00
[2022-08-21 16:36:53,113] {processor.py:161} INFO - Processing /Users/abhaymone/src/dev/sand/MANAGE-GMAIL/venv/lib/python3.9/site-packages/airflow/example_dags/example_branch_python_dop_operator_3.py took 0.108 seconds
[2022-08-21 16:37:52,322] {processor.py:153} INFO - Started process (PID=3902) to work on /Users/abhaymone/src/dev/sand/MANAGE-GMAIL/venv/lib/python3.9/site-packages/airflow/example_dags/example_branch_python_dop_operator_3.py
[2022-08-21 16:37:52,322] {processor.py:641} INFO - Processing file /Users/abhaymone/src/dev/sand/MANAGE-GMAIL/venv/lib/python3.9/site-packages/airflow/example_dags/example_branch_python_dop_operator_3.py for tasks to queue
[2022-08-21 16:37:52,322] {logging_mixin.py:115} INFO - [2022-08-21 16:37:52,322] {dagbag.py:508} INFO - Filling up the DagBag from /Users/abhaymone/src/dev/sand/MANAGE-GMAIL/venv/lib/python3.9/site-packages/airflow/example_dags/example_branch_python_dop_operator_3.py
[2022-08-21 16:37:52,343] {processor.py:651} INFO - DAG(s) dict_keys(['example_branch_dop_operator_v3']) retrieved from /Users/abhaymone/src/dev/sand/MANAGE-GMAIL/venv/lib/python3.9/site-packages/airflow/example_dags/example_branch_python_dop_operator_3.py
[2022-08-21 16:37:52,390] {logging_mixin.py:115} INFO - [2022-08-21 16:37:52,390] {dag.py:2420} INFO - Sync 1 DAGs
[2022-08-21 16:37:52,405] {logging_mixin.py:115} INFO - [2022-08-21 16:37:52,405] {dag.py:2968} INFO - Setting next_dagrun for example_branch_dop_operator_v3 to 2022-08-21T20:36:00+00:00, run_after=2022-08-21T20:37:00+00:00
[2022-08-21 16:37:52,415] {processor.py:161} INFO - Processing /Users/abhaymone/src/dev/sand/MANAGE-GMAIL/venv/lib/python3.9/site-packages/airflow/example_dags/example_branch_python_dop_operator_3.py took 0.094 seconds
[2022-08-21 16:38:51,479] {processor.py:153} INFO - Started process (PID=3937) to work on /Users/abhaymone/src/dev/sand/MANAGE-GMAIL/venv/lib/python3.9/site-packages/airflow/example_dags/example_branch_python_dop_operator_3.py
[2022-08-21 16:38:51,485] {processor.py:641} INFO - Processing file /Users/abhaymone/src/dev/sand/MANAGE-GMAIL/venv/lib/python3.9/site-packages/airflow/example_dags/example_branch_python_dop_operator_3.py for tasks to queue
[2022-08-21 16:38:51,485] {logging_mixin.py:115} INFO - [2022-08-21 16:38:51,485] {dagbag.py:508} INFO - Filling up the DagBag from /Users/abhaymone/src/dev/sand/MANAGE-GMAIL/venv/lib/python3.9/site-packages/airflow/example_dags/example_branch_python_dop_operator_3.py
[2022-08-21 16:38:51,510] {processor.py:651} INFO - DAG(s) dict_keys(['example_branch_dop_operator_v3']) retrieved from /Users/abhaymone/src/dev/sand/MANAGE-GMAIL/venv/lib/python3.9/site-packages/airflow/example_dags/example_branch_python_dop_operator_3.py
[2022-08-21 16:38:51,562] {logging_mixin.py:115} INFO - [2022-08-21 16:38:51,561] {dag.py:2420} INFO - Sync 1 DAGs
[2022-08-21 16:38:51,578] {logging_mixin.py:115} INFO - [2022-08-21 16:38:51,578] {dag.py:2968} INFO - Setting next_dagrun for example_branch_dop_operator_v3 to 2022-08-21T20:37:00+00:00, run_after=2022-08-21T20:38:00+00:00
[2022-08-21 16:38:51,592] {processor.py:161} INFO - Processing /Users/abhaymone/src/dev/sand/MANAGE-GMAIL/venv/lib/python3.9/site-packages/airflow/example_dags/example_branch_python_dop_operator_3.py took 0.113 seconds
[2022-08-21 16:39:54,060] {processor.py:153} INFO - Started process (PID=3975) to work on /Users/abhaymone/src/dev/sand/MANAGE-GMAIL/venv/lib/python3.9/site-packages/airflow/example_dags/example_branch_python_dop_operator_3.py
[2022-08-21 16:39:54,061] {processor.py:641} INFO - Processing file /Users/abhaymone/src/dev/sand/MANAGE-GMAIL/venv/lib/python3.9/site-packages/airflow/example_dags/example_branch_python_dop_operator_3.py for tasks to queue
[2022-08-21 16:39:54,061] {logging_mixin.py:115} INFO - [2022-08-21 16:39:54,061] {dagbag.py:508} INFO - Filling up the DagBag from /Users/abhaymone/src/dev/sand/MANAGE-GMAIL/venv/lib/python3.9/site-packages/airflow/example_dags/example_branch_python_dop_operator_3.py
[2022-08-21 16:39:54,084] {processor.py:651} INFO - DAG(s) dict_keys(['example_branch_dop_operator_v3']) retrieved from /Users/abhaymone/src/dev/sand/MANAGE-GMAIL/venv/lib/python3.9/site-packages/airflow/example_dags/example_branch_python_dop_operator_3.py
[2022-08-21 16:39:54,136] {logging_mixin.py:115} INFO - [2022-08-21 16:39:54,136] {dag.py:2420} INFO - Sync 1 DAGs
[2022-08-21 16:39:54,152] {logging_mixin.py:115} INFO - [2022-08-21 16:39:54,152] {dag.py:2968} INFO - Setting next_dagrun for example_branch_dop_operator_v3 to 2022-08-21T20:38:00+00:00, run_after=2022-08-21T20:39:00+00:00
[2022-08-21 16:39:54,168] {processor.py:161} INFO - Processing /Users/abhaymone/src/dev/sand/MANAGE-GMAIL/venv/lib/python3.9/site-packages/airflow/example_dags/example_branch_python_dop_operator_3.py took 0.108 seconds
[2022-08-21 16:41:15,466] {processor.py:153} INFO - Started process (PID=4023) to work on /Users/abhaymone/src/dev/sand/MANAGE-GMAIL/venv/lib/python3.9/site-packages/airflow/example_dags/example_branch_python_dop_operator_3.py
[2022-08-21 16:41:15,472] {processor.py:641} INFO - Processing file /Users/abhaymone/src/dev/sand/MANAGE-GMAIL/venv/lib/python3.9/site-packages/airflow/example_dags/example_branch_python_dop_operator_3.py for tasks to queue
[2022-08-21 16:41:15,472] {logging_mixin.py:115} INFO - [2022-08-21 16:41:15,472] {dagbag.py:508} INFO - Filling up the DagBag from /Users/abhaymone/src/dev/sand/MANAGE-GMAIL/venv/lib/python3.9/site-packages/airflow/example_dags/example_branch_python_dop_operator_3.py
[2022-08-21 16:41:15,497] {processor.py:651} INFO - DAG(s) dict_keys(['example_branch_dop_operator_v3']) retrieved from /Users/abhaymone/src/dev/sand/MANAGE-GMAIL/venv/lib/python3.9/site-packages/airflow/example_dags/example_branch_python_dop_operator_3.py
[2022-08-21 16:41:15,549] {logging_mixin.py:115} INFO - [2022-08-21 16:41:15,549] {dag.py:2420} INFO - Sync 1 DAGs
[2022-08-21 16:41:15,565] {logging_mixin.py:115} INFO - [2022-08-21 16:41:15,565] {dag.py:2968} INFO - Setting next_dagrun for example_branch_dop_operator_v3 to 2022-08-21T20:40:00+00:00, run_after=2022-08-21T20:41:00+00:00
[2022-08-21 16:41:15,578] {processor.py:161} INFO - Processing /Users/abhaymone/src/dev/sand/MANAGE-GMAIL/venv/lib/python3.9/site-packages/airflow/example_dags/example_branch_python_dop_operator_3.py took 0.112 seconds
[2022-08-21 16:42:14,466] {processor.py:153} INFO - Started process (PID=4060) to work on /Users/abhaymone/src/dev/sand/MANAGE-GMAIL/venv/lib/python3.9/site-packages/airflow/example_dags/example_branch_python_dop_operator_3.py
[2022-08-21 16:42:14,466] {processor.py:641} INFO - Processing file /Users/abhaymone/src/dev/sand/MANAGE-GMAIL/venv/lib/python3.9/site-packages/airflow/example_dags/example_branch_python_dop_operator_3.py for tasks to queue
[2022-08-21 16:42:14,466] {logging_mixin.py:115} INFO - [2022-08-21 16:42:14,466] {dagbag.py:508} INFO - Filling up the DagBag from /Users/abhaymone/src/dev/sand/MANAGE-GMAIL/venv/lib/python3.9/site-packages/airflow/example_dags/example_branch_python_dop_operator_3.py
[2022-08-21 16:42:14,490] {processor.py:651} INFO - DAG(s) dict_keys(['example_branch_dop_operator_v3']) retrieved from /Users/abhaymone/src/dev/sand/MANAGE-GMAIL/venv/lib/python3.9/site-packages/airflow/example_dags/example_branch_python_dop_operator_3.py
[2022-08-21 16:42:14,540] {logging_mixin.py:115} INFO - [2022-08-21 16:42:14,540] {dag.py:2420} INFO - Sync 1 DAGs
[2022-08-21 16:42:14,557] {logging_mixin.py:115} INFO - [2022-08-21 16:42:14,556] {dag.py:2968} INFO - Setting next_dagrun for example_branch_dop_operator_v3 to 2022-08-21T20:41:00+00:00, run_after=2022-08-21T20:42:00+00:00
[2022-08-21 16:42:14,575] {processor.py:161} INFO - Processing /Users/abhaymone/src/dev/sand/MANAGE-GMAIL/venv/lib/python3.9/site-packages/airflow/example_dags/example_branch_python_dop_operator_3.py took 0.109 seconds
[2022-08-21 16:43:17,869] {processor.py:153} INFO - Started process (PID=4097) to work on /Users/abhaymone/src/dev/sand/MANAGE-GMAIL/venv/lib/python3.9/site-packages/airflow/example_dags/example_branch_python_dop_operator_3.py
[2022-08-21 16:43:17,875] {processor.py:641} INFO - Processing file /Users/abhaymone/src/dev/sand/MANAGE-GMAIL/venv/lib/python3.9/site-packages/airflow/example_dags/example_branch_python_dop_operator_3.py for tasks to queue
[2022-08-21 16:43:17,875] {logging_mixin.py:115} INFO - [2022-08-21 16:43:17,875] {dagbag.py:508} INFO - Filling up the DagBag from /Users/abhaymone/src/dev/sand/MANAGE-GMAIL/venv/lib/python3.9/site-packages/airflow/example_dags/example_branch_python_dop_operator_3.py
[2022-08-21 16:43:17,916] {processor.py:651} INFO - DAG(s) dict_keys(['example_branch_dop_operator_v3']) retrieved from /Users/abhaymone/src/dev/sand/MANAGE-GMAIL/venv/lib/python3.9/site-packages/airflow/example_dags/example_branch_python_dop_operator_3.py
[2022-08-21 16:43:18,007] {logging_mixin.py:115} INFO - [2022-08-21 16:43:18,006] {dag.py:2420} INFO - Sync 1 DAGs
[2022-08-21 16:43:18,033] {logging_mixin.py:115} INFO - [2022-08-21 16:43:18,033] {dag.py:2968} INFO - Setting next_dagrun for example_branch_dop_operator_v3 to 2022-08-21T20:42:00+00:00, run_after=2022-08-21T20:43:00+00:00
[2022-08-21 16:43:18,061] {processor.py:161} INFO - Processing /Users/abhaymone/src/dev/sand/MANAGE-GMAIL/venv/lib/python3.9/site-packages/airflow/example_dags/example_branch_python_dop_operator_3.py took 0.193 seconds
[2022-08-21 16:44:22,157] {processor.py:153} INFO - Started process (PID=4215) to work on /Users/abhaymone/src/dev/sand/MANAGE-GMAIL/venv/lib/python3.9/site-packages/airflow/example_dags/example_branch_python_dop_operator_3.py
[2022-08-21 16:44:22,163] {processor.py:641} INFO - Processing file /Users/abhaymone/src/dev/sand/MANAGE-GMAIL/venv/lib/python3.9/site-packages/airflow/example_dags/example_branch_python_dop_operator_3.py for tasks to queue
[2022-08-21 16:44:22,164] {logging_mixin.py:115} INFO - [2022-08-21 16:44:22,164] {dagbag.py:508} INFO - Filling up the DagBag from /Users/abhaymone/src/dev/sand/MANAGE-GMAIL/venv/lib/python3.9/site-packages/airflow/example_dags/example_branch_python_dop_operator_3.py
[2022-08-21 16:44:22,191] {processor.py:651} INFO - DAG(s) dict_keys(['example_branch_dop_operator_v3']) retrieved from /Users/abhaymone/src/dev/sand/MANAGE-GMAIL/venv/lib/python3.9/site-packages/airflow/example_dags/example_branch_python_dop_operator_3.py
[2022-08-21 16:44:22,241] {logging_mixin.py:115} INFO - [2022-08-21 16:44:22,241] {dag.py:2420} INFO - Sync 1 DAGs
[2022-08-21 16:44:22,257] {logging_mixin.py:115} INFO - [2022-08-21 16:44:22,257] {dag.py:2968} INFO - Setting next_dagrun for example_branch_dop_operator_v3 to 2022-08-21T20:43:00+00:00, run_after=2022-08-21T20:44:00+00:00
[2022-08-21 16:44:22,268] {processor.py:161} INFO - Processing /Users/abhaymone/src/dev/sand/MANAGE-GMAIL/venv/lib/python3.9/site-packages/airflow/example_dags/example_branch_python_dop_operator_3.py took 0.112 seconds
[2022-08-21 16:45:19,858] {processor.py:153} INFO - Started process (PID=4318) to work on /Users/abhaymone/src/dev/sand/MANAGE-GMAIL/venv/lib/python3.9/site-packages/airflow/example_dags/example_branch_python_dop_operator_3.py
[2022-08-21 16:45:19,858] {processor.py:641} INFO - Processing file /Users/abhaymone/src/dev/sand/MANAGE-GMAIL/venv/lib/python3.9/site-packages/airflow/example_dags/example_branch_python_dop_operator_3.py for tasks to queue
[2022-08-21 16:45:19,858] {logging_mixin.py:115} INFO - [2022-08-21 16:45:19,858] {dagbag.py:508} INFO - Filling up the DagBag from /Users/abhaymone/src/dev/sand/MANAGE-GMAIL/venv/lib/python3.9/site-packages/airflow/example_dags/example_branch_python_dop_operator_3.py
[2022-08-21 16:45:19,879] {processor.py:651} INFO - DAG(s) dict_keys(['example_branch_dop_operator_v3']) retrieved from /Users/abhaymone/src/dev/sand/MANAGE-GMAIL/venv/lib/python3.9/site-packages/airflow/example_dags/example_branch_python_dop_operator_3.py
[2022-08-21 16:45:19,927] {logging_mixin.py:115} INFO - [2022-08-21 16:45:19,927] {dag.py:2420} INFO - Sync 1 DAGs
[2022-08-21 16:45:19,947] {logging_mixin.py:115} INFO - [2022-08-21 16:45:19,947] {dag.py:2968} INFO - Setting next_dagrun for example_branch_dop_operator_v3 to 2022-08-21T20:44:00+00:00, run_after=2022-08-21T20:45:00+00:00
[2022-08-21 16:45:19,962] {processor.py:161} INFO - Processing /Users/abhaymone/src/dev/sand/MANAGE-GMAIL/venv/lib/python3.9/site-packages/airflow/example_dags/example_branch_python_dop_operator_3.py took 0.105 seconds
[2022-08-21 16:46:19,553] {processor.py:153} INFO - Started process (PID=4437) to work on /Users/abhaymone/src/dev/sand/MANAGE-GMAIL/venv/lib/python3.9/site-packages/airflow/example_dags/example_branch_python_dop_operator_3.py
[2022-08-21 16:46:19,559] {processor.py:641} INFO - Processing file /Users/abhaymone/src/dev/sand/MANAGE-GMAIL/venv/lib/python3.9/site-packages/airflow/example_dags/example_branch_python_dop_operator_3.py for tasks to queue
[2022-08-21 16:46:19,559] {logging_mixin.py:115} INFO - [2022-08-21 16:46:19,559] {dagbag.py:508} INFO - Filling up the DagBag from /Users/abhaymone/src/dev/sand/MANAGE-GMAIL/venv/lib/python3.9/site-packages/airflow/example_dags/example_branch_python_dop_operator_3.py
[2022-08-21 16:46:19,586] {processor.py:651} INFO - DAG(s) dict_keys(['example_branch_dop_operator_v3']) retrieved from /Users/abhaymone/src/dev/sand/MANAGE-GMAIL/venv/lib/python3.9/site-packages/airflow/example_dags/example_branch_python_dop_operator_3.py
[2022-08-21 16:46:19,633] {logging_mixin.py:115} INFO - [2022-08-21 16:46:19,633] {dag.py:2420} INFO - Sync 1 DAGs
[2022-08-21 16:46:19,647] {logging_mixin.py:115} INFO - [2022-08-21 16:46:19,647] {dag.py:2968} INFO - Setting next_dagrun for example_branch_dop_operator_v3 to 2022-08-21T20:45:00+00:00, run_after=2022-08-21T20:46:00+00:00
[2022-08-21 16:46:19,658] {processor.py:161} INFO - Processing /Users/abhaymone/src/dev/sand/MANAGE-GMAIL/venv/lib/python3.9/site-packages/airflow/example_dags/example_branch_python_dop_operator_3.py took 0.106 seconds
[2022-08-21 16:47:18,077] {processor.py:153} INFO - Started process (PID=4547) to work on /Users/abhaymone/src/dev/sand/MANAGE-GMAIL/venv/lib/python3.9/site-packages/airflow/example_dags/example_branch_python_dop_operator_3.py
[2022-08-21 16:47:18,082] {processor.py:641} INFO - Processing file /Users/abhaymone/src/dev/sand/MANAGE-GMAIL/venv/lib/python3.9/site-packages/airflow/example_dags/example_branch_python_dop_operator_3.py for tasks to queue
[2022-08-21 16:47:18,083] {logging_mixin.py:115} INFO - [2022-08-21 16:47:18,083] {dagbag.py:508} INFO - Filling up the DagBag from /Users/abhaymone/src/dev/sand/MANAGE-GMAIL/venv/lib/python3.9/site-packages/airflow/example_dags/example_branch_python_dop_operator_3.py
[2022-08-21 16:47:18,111] {processor.py:651} INFO - DAG(s) dict_keys(['example_branch_dop_operator_v3']) retrieved from /Users/abhaymone/src/dev/sand/MANAGE-GMAIL/venv/lib/python3.9/site-packages/airflow/example_dags/example_branch_python_dop_operator_3.py
[2022-08-21 16:47:18,164] {logging_mixin.py:115} INFO - [2022-08-21 16:47:18,164] {dag.py:2420} INFO - Sync 1 DAGs
[2022-08-21 16:47:18,181] {logging_mixin.py:115} INFO - [2022-08-21 16:47:18,181] {dag.py:2968} INFO - Setting next_dagrun for example_branch_dop_operator_v3 to 2022-08-21T20:46:00+00:00, run_after=2022-08-21T20:47:00+00:00
[2022-08-21 16:47:18,192] {processor.py:161} INFO - Processing /Users/abhaymone/src/dev/sand/MANAGE-GMAIL/venv/lib/python3.9/site-packages/airflow/example_dags/example_branch_python_dop_operator_3.py took 0.116 seconds
[2022-08-21 16:48:26,819] {processor.py:153} INFO - Started process (PID=4594) to work on /Users/abhaymone/src/dev/sand/MANAGE-GMAIL/venv/lib/python3.9/site-packages/airflow/example_dags/example_branch_python_dop_operator_3.py
[2022-08-21 16:48:26,825] {processor.py:641} INFO - Processing file /Users/abhaymone/src/dev/sand/MANAGE-GMAIL/venv/lib/python3.9/site-packages/airflow/example_dags/example_branch_python_dop_operator_3.py for tasks to queue
[2022-08-21 16:48:26,826] {logging_mixin.py:115} INFO - [2022-08-21 16:48:26,825] {dagbag.py:508} INFO - Filling up the DagBag from /Users/abhaymone/src/dev/sand/MANAGE-GMAIL/venv/lib/python3.9/site-packages/airflow/example_dags/example_branch_python_dop_operator_3.py
[2022-08-21 16:48:26,853] {processor.py:651} INFO - DAG(s) dict_keys(['example_branch_dop_operator_v3']) retrieved from /Users/abhaymone/src/dev/sand/MANAGE-GMAIL/venv/lib/python3.9/site-packages/airflow/example_dags/example_branch_python_dop_operator_3.py
[2022-08-21 16:48:26,901] {logging_mixin.py:115} INFO - [2022-08-21 16:48:26,901] {dag.py:2420} INFO - Sync 1 DAGs
[2022-08-21 16:48:26,915] {logging_mixin.py:115} INFO - [2022-08-21 16:48:26,915] {dag.py:2968} INFO - Setting next_dagrun for example_branch_dop_operator_v3 to 2022-08-21T20:47:00+00:00, run_after=2022-08-21T20:48:00+00:00
[2022-08-21 16:48:26,924] {processor.py:161} INFO - Processing /Users/abhaymone/src/dev/sand/MANAGE-GMAIL/venv/lib/python3.9/site-packages/airflow/example_dags/example_branch_python_dop_operator_3.py took 0.105 seconds
[2022-08-21 16:49:30,591] {processor.py:153} INFO - Started process (PID=4638) to work on /Users/abhaymone/src/dev/sand/MANAGE-GMAIL/venv/lib/python3.9/site-packages/airflow/example_dags/example_branch_python_dop_operator_3.py
[2022-08-21 16:49:30,597] {processor.py:641} INFO - Processing file /Users/abhaymone/src/dev/sand/MANAGE-GMAIL/venv/lib/python3.9/site-packages/airflow/example_dags/example_branch_python_dop_operator_3.py for tasks to queue
[2022-08-21 16:49:30,598] {logging_mixin.py:115} INFO - [2022-08-21 16:49:30,598] {dagbag.py:508} INFO - Filling up the DagBag from /Users/abhaymone/src/dev/sand/MANAGE-GMAIL/venv/lib/python3.9/site-packages/airflow/example_dags/example_branch_python_dop_operator_3.py
[2022-08-21 16:49:30,624] {processor.py:651} INFO - DAG(s) dict_keys(['example_branch_dop_operator_v3']) retrieved from /Users/abhaymone/src/dev/sand/MANAGE-GMAIL/venv/lib/python3.9/site-packages/airflow/example_dags/example_branch_python_dop_operator_3.py
[2022-08-21 16:49:30,672] {logging_mixin.py:115} INFO - [2022-08-21 16:49:30,672] {dag.py:2420} INFO - Sync 1 DAGs
[2022-08-21 16:49:30,688] {logging_mixin.py:115} INFO - [2022-08-21 16:49:30,688] {dag.py:2968} INFO - Setting next_dagrun for example_branch_dop_operator_v3 to 2022-08-21T20:48:00+00:00, run_after=2022-08-21T20:49:00+00:00
[2022-08-21 16:49:30,699] {processor.py:161} INFO - Processing /Users/abhaymone/src/dev/sand/MANAGE-GMAIL/venv/lib/python3.9/site-packages/airflow/example_dags/example_branch_python_dop_operator_3.py took 0.108 seconds
[2022-08-21 16:50:32,816] {processor.py:153} INFO - Started process (PID=4674) to work on /Users/abhaymone/src/dev/sand/MANAGE-GMAIL/venv/lib/python3.9/site-packages/airflow/example_dags/example_branch_python_dop_operator_3.py
[2022-08-21 16:50:32,821] {processor.py:641} INFO - Processing file /Users/abhaymone/src/dev/sand/MANAGE-GMAIL/venv/lib/python3.9/site-packages/airflow/example_dags/example_branch_python_dop_operator_3.py for tasks to queue
[2022-08-21 16:50:32,822] {logging_mixin.py:115} INFO - [2022-08-21 16:50:32,822] {dagbag.py:508} INFO - Filling up the DagBag from /Users/abhaymone/src/dev/sand/MANAGE-GMAIL/venv/lib/python3.9/site-packages/airflow/example_dags/example_branch_python_dop_operator_3.py
[2022-08-21 16:50:32,848] {processor.py:651} INFO - DAG(s) dict_keys(['example_branch_dop_operator_v3']) retrieved from /Users/abhaymone/src/dev/sand/MANAGE-GMAIL/venv/lib/python3.9/site-packages/airflow/example_dags/example_branch_python_dop_operator_3.py
[2022-08-21 16:50:32,895] {logging_mixin.py:115} INFO - [2022-08-21 16:50:32,895] {dag.py:2420} INFO - Sync 1 DAGs
[2022-08-21 16:50:32,909] {logging_mixin.py:115} INFO - [2022-08-21 16:50:32,909] {dag.py:2968} INFO - Setting next_dagrun for example_branch_dop_operator_v3 to 2022-08-21T20:49:00+00:00, run_after=2022-08-21T20:50:00+00:00
[2022-08-21 16:50:32,920] {processor.py:161} INFO - Processing /Users/abhaymone/src/dev/sand/MANAGE-GMAIL/venv/lib/python3.9/site-packages/airflow/example_dags/example_branch_python_dop_operator_3.py took 0.105 seconds
[2022-08-21 16:51:30,796] {processor.py:153} INFO - Started process (PID=4780) to work on /Users/abhaymone/src/dev/sand/MANAGE-GMAIL/venv/lib/python3.9/site-packages/airflow/example_dags/example_branch_python_dop_operator_3.py
[2022-08-21 16:51:30,801] {processor.py:641} INFO - Processing file /Users/abhaymone/src/dev/sand/MANAGE-GMAIL/venv/lib/python3.9/site-packages/airflow/example_dags/example_branch_python_dop_operator_3.py for tasks to queue
[2022-08-21 16:51:30,802] {logging_mixin.py:115} INFO - [2022-08-21 16:51:30,802] {dagbag.py:508} INFO - Filling up the DagBag from /Users/abhaymone/src/dev/sand/MANAGE-GMAIL/venv/lib/python3.9/site-packages/airflow/example_dags/example_branch_python_dop_operator_3.py
[2022-08-21 16:51:30,829] {processor.py:651} INFO - DAG(s) dict_keys(['example_branch_dop_operator_v3']) retrieved from /Users/abhaymone/src/dev/sand/MANAGE-GMAIL/venv/lib/python3.9/site-packages/airflow/example_dags/example_branch_python_dop_operator_3.py
[2022-08-21 16:51:30,884] {logging_mixin.py:115} INFO - [2022-08-21 16:51:30,884] {dag.py:2420} INFO - Sync 1 DAGs
[2022-08-21 16:51:30,903] {logging_mixin.py:115} INFO - [2022-08-21 16:51:30,903] {dag.py:2968} INFO - Setting next_dagrun for example_branch_dop_operator_v3 to 2022-08-21T20:50:00+00:00, run_after=2022-08-21T20:51:00+00:00
[2022-08-21 16:51:30,919] {processor.py:161} INFO - Processing /Users/abhaymone/src/dev/sand/MANAGE-GMAIL/venv/lib/python3.9/site-packages/airflow/example_dags/example_branch_python_dop_operator_3.py took 0.124 seconds
[2022-08-21 16:52:28,250] {processor.py:153} INFO - Started process (PID=5001) to work on /Users/abhaymone/src/dev/sand/MANAGE-GMAIL/venv/lib/python3.9/site-packages/airflow/example_dags/example_branch_python_dop_operator_3.py
[2022-08-21 16:52:28,250] {processor.py:641} INFO - Processing file /Users/abhaymone/src/dev/sand/MANAGE-GMAIL/venv/lib/python3.9/site-packages/airflow/example_dags/example_branch_python_dop_operator_3.py for tasks to queue
[2022-08-21 16:52:28,251] {logging_mixin.py:115} INFO - [2022-08-21 16:52:28,251] {dagbag.py:508} INFO - Filling up the DagBag from /Users/abhaymone/src/dev/sand/MANAGE-GMAIL/venv/lib/python3.9/site-packages/airflow/example_dags/example_branch_python_dop_operator_3.py
[2022-08-21 16:52:28,271] {processor.py:651} INFO - DAG(s) dict_keys(['example_branch_dop_operator_v3']) retrieved from /Users/abhaymone/src/dev/sand/MANAGE-GMAIL/venv/lib/python3.9/site-packages/airflow/example_dags/example_branch_python_dop_operator_3.py
[2022-08-21 16:52:28,319] {logging_mixin.py:115} INFO - [2022-08-21 16:52:28,318] {dag.py:2420} INFO - Sync 1 DAGs
[2022-08-21 16:52:28,333] {logging_mixin.py:115} INFO - [2022-08-21 16:52:28,333] {dag.py:2968} INFO - Setting next_dagrun for example_branch_dop_operator_v3 to 2022-08-21T20:51:00+00:00, run_after=2022-08-21T20:52:00+00:00
[2022-08-21 16:52:28,350] {processor.py:161} INFO - Processing /Users/abhaymone/src/dev/sand/MANAGE-GMAIL/venv/lib/python3.9/site-packages/airflow/example_dags/example_branch_python_dop_operator_3.py took 0.100 seconds
[2022-08-21 16:53:30,113] {processor.py:153} INFO - Started process (PID=5134) to work on /Users/abhaymone/src/dev/sand/MANAGE-GMAIL/venv/lib/python3.9/site-packages/airflow/example_dags/example_branch_python_dop_operator_3.py
[2022-08-21 16:53:30,113] {processor.py:641} INFO - Processing file /Users/abhaymone/src/dev/sand/MANAGE-GMAIL/venv/lib/python3.9/site-packages/airflow/example_dags/example_branch_python_dop_operator_3.py for tasks to queue
[2022-08-21 16:53:30,113] {logging_mixin.py:115} INFO - [2022-08-21 16:53:30,113] {dagbag.py:508} INFO - Filling up the DagBag from /Users/abhaymone/src/dev/sand/MANAGE-GMAIL/venv/lib/python3.9/site-packages/airflow/example_dags/example_branch_python_dop_operator_3.py
[2022-08-21 16:53:30,135] {processor.py:651} INFO - DAG(s) dict_keys(['example_branch_dop_operator_v3']) retrieved from /Users/abhaymone/src/dev/sand/MANAGE-GMAIL/venv/lib/python3.9/site-packages/airflow/example_dags/example_branch_python_dop_operator_3.py
[2022-08-21 16:53:30,184] {logging_mixin.py:115} INFO - [2022-08-21 16:53:30,184] {dag.py:2420} INFO - Sync 1 DAGs
[2022-08-21 16:53:30,201] {logging_mixin.py:115} INFO - [2022-08-21 16:53:30,200] {dag.py:2968} INFO - Setting next_dagrun for example_branch_dop_operator_v3 to 2022-08-21T20:52:00+00:00, run_after=2022-08-21T20:53:00+00:00
[2022-08-21 16:53:30,209] {processor.py:161} INFO - Processing /Users/abhaymone/src/dev/sand/MANAGE-GMAIL/venv/lib/python3.9/site-packages/airflow/example_dags/example_branch_python_dop_operator_3.py took 0.097 seconds
[2022-08-21 16:54:31,376] {processor.py:153} INFO - Started process (PID=5184) to work on /Users/abhaymone/src/dev/sand/MANAGE-GMAIL/venv/lib/python3.9/site-packages/airflow/example_dags/example_branch_python_dop_operator_3.py
[2022-08-21 16:54:31,376] {processor.py:641} INFO - Processing file /Users/abhaymone/src/dev/sand/MANAGE-GMAIL/venv/lib/python3.9/site-packages/airflow/example_dags/example_branch_python_dop_operator_3.py for tasks to queue
[2022-08-21 16:54:31,377] {logging_mixin.py:115} INFO - [2022-08-21 16:54:31,377] {dagbag.py:508} INFO - Filling up the DagBag from /Users/abhaymone/src/dev/sand/MANAGE-GMAIL/venv/lib/python3.9/site-packages/airflow/example_dags/example_branch_python_dop_operator_3.py
[2022-08-21 16:54:31,398] {processor.py:651} INFO - DAG(s) dict_keys(['example_branch_dop_operator_v3']) retrieved from /Users/abhaymone/src/dev/sand/MANAGE-GMAIL/venv/lib/python3.9/site-packages/airflow/example_dags/example_branch_python_dop_operator_3.py
[2022-08-21 16:54:31,444] {logging_mixin.py:115} INFO - [2022-08-21 16:54:31,443] {dag.py:2420} INFO - Sync 1 DAGs
[2022-08-21 16:54:31,458] {logging_mixin.py:115} INFO - [2022-08-21 16:54:31,458] {dag.py:2968} INFO - Setting next_dagrun for example_branch_dop_operator_v3 to 2022-08-21T20:53:00+00:00, run_after=2022-08-21T20:54:00+00:00
[2022-08-21 16:54:31,474] {processor.py:161} INFO - Processing /Users/abhaymone/src/dev/sand/MANAGE-GMAIL/venv/lib/python3.9/site-packages/airflow/example_dags/example_branch_python_dop_operator_3.py took 0.098 seconds
[2022-08-21 16:55:37,502] {processor.py:153} INFO - Started process (PID=5256) to work on /Users/abhaymone/src/dev/sand/MANAGE-GMAIL/venv/lib/python3.9/site-packages/airflow/example_dags/example_branch_python_dop_operator_3.py
[2022-08-21 16:55:37,510] {processor.py:641} INFO - Processing file /Users/abhaymone/src/dev/sand/MANAGE-GMAIL/venv/lib/python3.9/site-packages/airflow/example_dags/example_branch_python_dop_operator_3.py for tasks to queue
[2022-08-21 16:55:37,510] {logging_mixin.py:115} INFO - [2022-08-21 16:55:37,510] {dagbag.py:508} INFO - Filling up the DagBag from /Users/abhaymone/src/dev/sand/MANAGE-GMAIL/venv/lib/python3.9/site-packages/airflow/example_dags/example_branch_python_dop_operator_3.py
[2022-08-21 16:55:37,543] {processor.py:651} INFO - DAG(s) dict_keys(['example_branch_dop_operator_v3']) retrieved from /Users/abhaymone/src/dev/sand/MANAGE-GMAIL/venv/lib/python3.9/site-packages/airflow/example_dags/example_branch_python_dop_operator_3.py
[2022-08-21 16:55:37,612] {logging_mixin.py:115} INFO - [2022-08-21 16:55:37,612] {dag.py:2420} INFO - Sync 1 DAGs
[2022-08-21 16:55:37,628] {logging_mixin.py:115} INFO - [2022-08-21 16:55:37,628] {dag.py:2968} INFO - Setting next_dagrun for example_branch_dop_operator_v3 to 2022-08-21T20:54:00+00:00, run_after=2022-08-21T20:55:00+00:00
[2022-08-21 16:55:37,645] {processor.py:161} INFO - Processing /Users/abhaymone/src/dev/sand/MANAGE-GMAIL/venv/lib/python3.9/site-packages/airflow/example_dags/example_branch_python_dop_operator_3.py took 0.144 seconds
