[2022-08-21 16:14:52,549] {processor.py:153} INFO - Started process (PID=3380) to work on /Users/abhaymone/src/dev/sand/MANAGE-GMAIL/venv/lib/python3.9/site-packages/airflow/example_dags/example_latest_only.py
[2022-08-21 16:14:52,549] {processor.py:641} INFO - Processing file /Users/abhaymone/src/dev/sand/MANAGE-GMAIL/venv/lib/python3.9/site-packages/airflow/example_dags/example_latest_only.py for tasks to queue
[2022-08-21 16:14:52,550] {logging_mixin.py:115} INFO - [2022-08-21 16:14:52,549] {dagbag.py:508} INFO - Filling up the DagBag from /Users/abhaymone/src/dev/sand/MANAGE-GMAIL/venv/lib/python3.9/site-packages/airflow/example_dags/example_latest_only.py
[2022-08-21 16:14:52,571] {processor.py:651} INFO - DAG(s) dict_keys(['latest_only']) retrieved from /Users/abhaymone/src/dev/sand/MANAGE-GMAIL/venv/lib/python3.9/site-packages/airflow/example_dags/example_latest_only.py
[2022-08-21 16:14:53,370] {logging_mixin.py:115} INFO - [2022-08-21 16:14:53,370] {manager.py:508} INFO - Created Permission View: can edit on DAG:latest_only
[2022-08-21 16:14:53,378] {logging_mixin.py:115} INFO - [2022-08-21 16:14:53,378] {manager.py:508} INFO - Created Permission View: can read on DAG:latest_only
[2022-08-21 16:14:53,383] {logging_mixin.py:115} INFO - [2022-08-21 16:14:53,383] {manager.py:508} INFO - Created Permission View: can delete on DAG:latest_only
[2022-08-21 16:14:53,384] {logging_mixin.py:115} INFO - [2022-08-21 16:14:53,384] {dag.py:2420} INFO - Sync 1 DAGs
[2022-08-21 16:14:53,391] {logging_mixin.py:115} INFO - [2022-08-21 16:14:53,390] {dag.py:2439} INFO - Creating ORM DAG for latest_only
[2022-08-21 16:14:53,398] {logging_mixin.py:115} INFO - [2022-08-21 16:14:53,398] {dag.py:2968} INFO - Setting next_dagrun for latest_only to 2022-08-21T16:14:53.398062+00:00, run_after=2022-08-21T20:14:53.398062+00:00
[2022-08-21 16:14:53,409] {processor.py:161} INFO - Processing /Users/abhaymone/src/dev/sand/MANAGE-GMAIL/venv/lib/python3.9/site-packages/airflow/example_dags/example_latest_only.py took 0.861 seconds
[2022-08-21 16:16:06,106] {processor.py:153} INFO - Started process (PID=3436) to work on /Users/abhaymone/src/dev/sand/MANAGE-GMAIL/venv/lib/python3.9/site-packages/airflow/example_dags/example_latest_only.py
[2022-08-21 16:16:06,112] {processor.py:641} INFO - Processing file /Users/abhaymone/src/dev/sand/MANAGE-GMAIL/venv/lib/python3.9/site-packages/airflow/example_dags/example_latest_only.py for tasks to queue
[2022-08-21 16:16:06,113] {logging_mixin.py:115} INFO - [2022-08-21 16:16:06,113] {dagbag.py:508} INFO - Filling up the DagBag from /Users/abhaymone/src/dev/sand/MANAGE-GMAIL/venv/lib/python3.9/site-packages/airflow/example_dags/example_latest_only.py
[2022-08-21 16:16:06,128] {processor.py:651} INFO - DAG(s) dict_keys(['latest_only']) retrieved from /Users/abhaymone/src/dev/sand/MANAGE-GMAIL/venv/lib/python3.9/site-packages/airflow/example_dags/example_latest_only.py
[2022-08-21 16:16:06,177] {logging_mixin.py:115} INFO - [2022-08-21 16:16:06,177] {dag.py:2420} INFO - Sync 1 DAGs
[2022-08-21 16:16:06,187] {logging_mixin.py:115} INFO - [2022-08-21 16:16:06,187] {dag.py:2968} INFO - Setting next_dagrun for latest_only to 2022-08-21T16:16:06.187194+00:00, run_after=2022-08-21T20:16:06.187194+00:00
[2022-08-21 16:16:06,198] {processor.py:161} INFO - Processing /Users/abhaymone/src/dev/sand/MANAGE-GMAIL/venv/lib/python3.9/site-packages/airflow/example_dags/example_latest_only.py took 0.092 seconds
[2022-08-21 16:17:06,271] {processor.py:153} INFO - Started process (PID=3472) to work on /Users/abhaymone/src/dev/sand/MANAGE-GMAIL/venv/lib/python3.9/site-packages/airflow/example_dags/example_latest_only.py
[2022-08-21 16:17:06,271] {processor.py:641} INFO - Processing file /Users/abhaymone/src/dev/sand/MANAGE-GMAIL/venv/lib/python3.9/site-packages/airflow/example_dags/example_latest_only.py for tasks to queue
[2022-08-21 16:17:06,271] {logging_mixin.py:115} INFO - [2022-08-21 16:17:06,271] {dagbag.py:508} INFO - Filling up the DagBag from /Users/abhaymone/src/dev/sand/MANAGE-GMAIL/venv/lib/python3.9/site-packages/airflow/example_dags/example_latest_only.py
[2022-08-21 16:17:06,280] {processor.py:651} INFO - DAG(s) dict_keys(['latest_only']) retrieved from /Users/abhaymone/src/dev/sand/MANAGE-GMAIL/venv/lib/python3.9/site-packages/airflow/example_dags/example_latest_only.py
[2022-08-21 16:17:06,328] {logging_mixin.py:115} INFO - [2022-08-21 16:17:06,328] {dag.py:2420} INFO - Sync 1 DAGs
[2022-08-21 16:17:06,338] {logging_mixin.py:115} INFO - [2022-08-21 16:17:06,338] {dag.py:2968} INFO - Setting next_dagrun for latest_only to 2022-08-21T16:17:06.338571+00:00, run_after=2022-08-21T20:17:06.338571+00:00
[2022-08-21 16:17:06,355] {processor.py:161} INFO - Processing /Users/abhaymone/src/dev/sand/MANAGE-GMAIL/venv/lib/python3.9/site-packages/airflow/example_dags/example_latest_only.py took 0.084 seconds
[2022-08-21 16:28:37,001] {processor.py:153} INFO - Started process (PID=3558) to work on /Users/abhaymone/src/dev/sand/MANAGE-GMAIL/venv/lib/python3.9/site-packages/airflow/example_dags/example_latest_only.py
[2022-08-21 16:28:37,007] {processor.py:641} INFO - Processing file /Users/abhaymone/src/dev/sand/MANAGE-GMAIL/venv/lib/python3.9/site-packages/airflow/example_dags/example_latest_only.py for tasks to queue
[2022-08-21 16:28:37,007] {logging_mixin.py:115} INFO - [2022-08-21 16:28:37,007] {dagbag.py:508} INFO - Filling up the DagBag from /Users/abhaymone/src/dev/sand/MANAGE-GMAIL/venv/lib/python3.9/site-packages/airflow/example_dags/example_latest_only.py
[2022-08-21 16:28:37,017] {processor.py:651} INFO - DAG(s) dict_keys(['latest_only']) retrieved from /Users/abhaymone/src/dev/sand/MANAGE-GMAIL/venv/lib/python3.9/site-packages/airflow/example_dags/example_latest_only.py
[2022-08-21 16:28:37,063] {logging_mixin.py:115} INFO - [2022-08-21 16:28:37,063] {dag.py:2420} INFO - Sync 1 DAGs
[2022-08-21 16:28:37,074] {logging_mixin.py:115} INFO - [2022-08-21 16:28:37,074] {dag.py:2968} INFO - Setting next_dagrun for latest_only to 2022-08-21T16:28:37.073951+00:00, run_after=2022-08-21T20:28:37.073951+00:00
[2022-08-21 16:28:37,084] {processor.py:161} INFO - Processing /Users/abhaymone/src/dev/sand/MANAGE-GMAIL/venv/lib/python3.9/site-packages/airflow/example_dags/example_latest_only.py took 0.083 seconds
[2022-08-21 16:29:34,971] {processor.py:153} INFO - Started process (PID=3596) to work on /Users/abhaymone/src/dev/sand/MANAGE-GMAIL/venv/lib/python3.9/site-packages/airflow/example_dags/example_latest_only.py
[2022-08-21 16:29:34,971] {processor.py:641} INFO - Processing file /Users/abhaymone/src/dev/sand/MANAGE-GMAIL/venv/lib/python3.9/site-packages/airflow/example_dags/example_latest_only.py for tasks to queue
[2022-08-21 16:29:34,972] {logging_mixin.py:115} INFO - [2022-08-21 16:29:34,971] {dagbag.py:508} INFO - Filling up the DagBag from /Users/abhaymone/src/dev/sand/MANAGE-GMAIL/venv/lib/python3.9/site-packages/airflow/example_dags/example_latest_only.py
[2022-08-21 16:29:34,980] {processor.py:651} INFO - DAG(s) dict_keys(['latest_only']) retrieved from /Users/abhaymone/src/dev/sand/MANAGE-GMAIL/venv/lib/python3.9/site-packages/airflow/example_dags/example_latest_only.py
[2022-08-21 16:29:35,027] {logging_mixin.py:115} INFO - [2022-08-21 16:29:35,027] {dag.py:2420} INFO - Sync 1 DAGs
[2022-08-21 16:29:35,037] {logging_mixin.py:115} INFO - [2022-08-21 16:29:35,037] {dag.py:2968} INFO - Setting next_dagrun for latest_only to 2022-08-21T16:29:35.037762+00:00, run_after=2022-08-21T20:29:35.037762+00:00
[2022-08-21 16:29:35,054] {processor.py:161} INFO - Processing /Users/abhaymone/src/dev/sand/MANAGE-GMAIL/venv/lib/python3.9/site-packages/airflow/example_dags/example_latest_only.py took 0.083 seconds
[2022-08-21 16:30:32,315] {processor.py:153} INFO - Started process (PID=3632) to work on /Users/abhaymone/src/dev/sand/MANAGE-GMAIL/venv/lib/python3.9/site-packages/airflow/example_dags/example_latest_only.py
[2022-08-21 16:30:32,315] {processor.py:641} INFO - Processing file /Users/abhaymone/src/dev/sand/MANAGE-GMAIL/venv/lib/python3.9/site-packages/airflow/example_dags/example_latest_only.py for tasks to queue
[2022-08-21 16:30:32,315] {logging_mixin.py:115} INFO - [2022-08-21 16:30:32,315] {dagbag.py:508} INFO - Filling up the DagBag from /Users/abhaymone/src/dev/sand/MANAGE-GMAIL/venv/lib/python3.9/site-packages/airflow/example_dags/example_latest_only.py
[2022-08-21 16:30:32,325] {processor.py:651} INFO - DAG(s) dict_keys(['latest_only']) retrieved from /Users/abhaymone/src/dev/sand/MANAGE-GMAIL/venv/lib/python3.9/site-packages/airflow/example_dags/example_latest_only.py
[2022-08-21 16:30:32,377] {logging_mixin.py:115} INFO - [2022-08-21 16:30:32,377] {dag.py:2420} INFO - Sync 1 DAGs
[2022-08-21 16:30:32,388] {logging_mixin.py:115} INFO - [2022-08-21 16:30:32,388] {dag.py:2968} INFO - Setting next_dagrun for latest_only to 2022-08-21T16:30:32.388289+00:00, run_after=2022-08-21T20:30:32.388289+00:00
[2022-08-21 16:30:32,404] {processor.py:161} INFO - Processing /Users/abhaymone/src/dev/sand/MANAGE-GMAIL/venv/lib/python3.9/site-packages/airflow/example_dags/example_latest_only.py took 0.090 seconds
[2022-08-21 16:31:42,629] {processor.py:153} INFO - Started process (PID=3670) to work on /Users/abhaymone/src/dev/sand/MANAGE-GMAIL/venv/lib/python3.9/site-packages/airflow/example_dags/example_latest_only.py
[2022-08-21 16:31:42,635] {processor.py:641} INFO - Processing file /Users/abhaymone/src/dev/sand/MANAGE-GMAIL/venv/lib/python3.9/site-packages/airflow/example_dags/example_latest_only.py for tasks to queue
[2022-08-21 16:31:42,636] {logging_mixin.py:115} INFO - [2022-08-21 16:31:42,636] {dagbag.py:508} INFO - Filling up the DagBag from /Users/abhaymone/src/dev/sand/MANAGE-GMAIL/venv/lib/python3.9/site-packages/airflow/example_dags/example_latest_only.py
[2022-08-21 16:31:42,650] {processor.py:651} INFO - DAG(s) dict_keys(['latest_only']) retrieved from /Users/abhaymone/src/dev/sand/MANAGE-GMAIL/venv/lib/python3.9/site-packages/airflow/example_dags/example_latest_only.py
[2022-08-21 16:31:42,699] {logging_mixin.py:115} INFO - [2022-08-21 16:31:42,698] {dag.py:2420} INFO - Sync 1 DAGs
[2022-08-21 16:31:42,709] {logging_mixin.py:115} INFO - [2022-08-21 16:31:42,709] {dag.py:2968} INFO - Setting next_dagrun for latest_only to 2022-08-21T16:31:42.709208+00:00, run_after=2022-08-21T20:31:42.709208+00:00
[2022-08-21 16:31:42,720] {processor.py:161} INFO - Processing /Users/abhaymone/src/dev/sand/MANAGE-GMAIL/venv/lib/python3.9/site-packages/airflow/example_dags/example_latest_only.py took 0.091 seconds
[2022-08-21 16:32:41,393] {processor.py:153} INFO - Started process (PID=3713) to work on /Users/abhaymone/src/dev/sand/MANAGE-GMAIL/venv/lib/python3.9/site-packages/airflow/example_dags/example_latest_only.py
[2022-08-21 16:32:41,400] {processor.py:641} INFO - Processing file /Users/abhaymone/src/dev/sand/MANAGE-GMAIL/venv/lib/python3.9/site-packages/airflow/example_dags/example_latest_only.py for tasks to queue
[2022-08-21 16:32:41,400] {logging_mixin.py:115} INFO - [2022-08-21 16:32:41,400] {dagbag.py:508} INFO - Filling up the DagBag from /Users/abhaymone/src/dev/sand/MANAGE-GMAIL/venv/lib/python3.9/site-packages/airflow/example_dags/example_latest_only.py
[2022-08-21 16:32:41,420] {processor.py:651} INFO - DAG(s) dict_keys(['latest_only']) retrieved from /Users/abhaymone/src/dev/sand/MANAGE-GMAIL/venv/lib/python3.9/site-packages/airflow/example_dags/example_latest_only.py
[2022-08-21 16:32:41,472] {logging_mixin.py:115} INFO - [2022-08-21 16:32:41,472] {dag.py:2420} INFO - Sync 1 DAGs
[2022-08-21 16:32:41,488] {logging_mixin.py:115} INFO - [2022-08-21 16:32:41,488] {dag.py:2968} INFO - Setting next_dagrun for latest_only to 2022-08-21T16:32:41.488463+00:00, run_after=2022-08-21T20:32:41.488463+00:00
[2022-08-21 16:32:41,502] {processor.py:161} INFO - Processing /Users/abhaymone/src/dev/sand/MANAGE-GMAIL/venv/lib/python3.9/site-packages/airflow/example_dags/example_latest_only.py took 0.109 seconds
[2022-08-21 16:33:40,810] {processor.py:153} INFO - Started process (PID=3748) to work on /Users/abhaymone/src/dev/sand/MANAGE-GMAIL/venv/lib/python3.9/site-packages/airflow/example_dags/example_latest_only.py
[2022-08-21 16:33:40,816] {processor.py:641} INFO - Processing file /Users/abhaymone/src/dev/sand/MANAGE-GMAIL/venv/lib/python3.9/site-packages/airflow/example_dags/example_latest_only.py for tasks to queue
[2022-08-21 16:33:40,816] {logging_mixin.py:115} INFO - [2022-08-21 16:33:40,816] {dagbag.py:508} INFO - Filling up the DagBag from /Users/abhaymone/src/dev/sand/MANAGE-GMAIL/venv/lib/python3.9/site-packages/airflow/example_dags/example_latest_only.py
[2022-08-21 16:33:40,827] {processor.py:651} INFO - DAG(s) dict_keys(['latest_only']) retrieved from /Users/abhaymone/src/dev/sand/MANAGE-GMAIL/venv/lib/python3.9/site-packages/airflow/example_dags/example_latest_only.py
[2022-08-21 16:33:40,886] {logging_mixin.py:115} INFO - [2022-08-21 16:33:40,886] {dag.py:2420} INFO - Sync 1 DAGs
[2022-08-21 16:33:40,900] {logging_mixin.py:115} INFO - [2022-08-21 16:33:40,900] {dag.py:2968} INFO - Setting next_dagrun for latest_only to 2022-08-21T16:33:40.900481+00:00, run_after=2022-08-21T20:33:40.900481+00:00
[2022-08-21 16:33:40,934] {processor.py:161} INFO - Processing /Users/abhaymone/src/dev/sand/MANAGE-GMAIL/venv/lib/python3.9/site-packages/airflow/example_dags/example_latest_only.py took 0.125 seconds
[2022-08-21 16:34:41,272] {processor.py:153} INFO - Started process (PID=3785) to work on /Users/abhaymone/src/dev/sand/MANAGE-GMAIL/venv/lib/python3.9/site-packages/airflow/example_dags/example_latest_only.py
[2022-08-21 16:34:41,279] {processor.py:641} INFO - Processing file /Users/abhaymone/src/dev/sand/MANAGE-GMAIL/venv/lib/python3.9/site-packages/airflow/example_dags/example_latest_only.py for tasks to queue
[2022-08-21 16:34:41,280] {logging_mixin.py:115} INFO - [2022-08-21 16:34:41,280] {dagbag.py:508} INFO - Filling up the DagBag from /Users/abhaymone/src/dev/sand/MANAGE-GMAIL/venv/lib/python3.9/site-packages/airflow/example_dags/example_latest_only.py
[2022-08-21 16:34:41,296] {processor.py:651} INFO - DAG(s) dict_keys(['latest_only']) retrieved from /Users/abhaymone/src/dev/sand/MANAGE-GMAIL/venv/lib/python3.9/site-packages/airflow/example_dags/example_latest_only.py
[2022-08-21 16:34:41,348] {logging_mixin.py:115} INFO - [2022-08-21 16:34:41,348] {dag.py:2420} INFO - Sync 1 DAGs
[2022-08-21 16:34:41,359] {logging_mixin.py:115} INFO - [2022-08-21 16:34:41,359] {dag.py:2968} INFO - Setting next_dagrun for latest_only to 2022-08-21T16:34:41.359808+00:00, run_after=2022-08-21T20:34:41.359808+00:00
[2022-08-21 16:34:41,370] {processor.py:161} INFO - Processing /Users/abhaymone/src/dev/sand/MANAGE-GMAIL/venv/lib/python3.9/site-packages/airflow/example_dags/example_latest_only.py took 0.098 seconds
[2022-08-21 16:35:39,918] {processor.py:153} INFO - Started process (PID=3821) to work on /Users/abhaymone/src/dev/sand/MANAGE-GMAIL/venv/lib/python3.9/site-packages/airflow/example_dags/example_latest_only.py
[2022-08-21 16:35:39,921] {processor.py:641} INFO - Processing file /Users/abhaymone/src/dev/sand/MANAGE-GMAIL/venv/lib/python3.9/site-packages/airflow/example_dags/example_latest_only.py for tasks to queue
[2022-08-21 16:35:39,921] {logging_mixin.py:115} INFO - [2022-08-21 16:35:39,921] {dagbag.py:508} INFO - Filling up the DagBag from /Users/abhaymone/src/dev/sand/MANAGE-GMAIL/venv/lib/python3.9/site-packages/airflow/example_dags/example_latest_only.py
[2022-08-21 16:35:39,933] {processor.py:651} INFO - DAG(s) dict_keys(['latest_only']) retrieved from /Users/abhaymone/src/dev/sand/MANAGE-GMAIL/venv/lib/python3.9/site-packages/airflow/example_dags/example_latest_only.py
[2022-08-21 16:35:39,990] {logging_mixin.py:115} INFO - [2022-08-21 16:35:39,990] {dag.py:2420} INFO - Sync 1 DAGs
[2022-08-21 16:35:40,002] {logging_mixin.py:115} INFO - [2022-08-21 16:35:40,002] {dag.py:2968} INFO - Setting next_dagrun for latest_only to 2022-08-21T16:35:40.002183+00:00, run_after=2022-08-21T20:35:40.002183+00:00
[2022-08-21 16:35:40,012] {processor.py:161} INFO - Processing /Users/abhaymone/src/dev/sand/MANAGE-GMAIL/venv/lib/python3.9/site-packages/airflow/example_dags/example_latest_only.py took 0.094 seconds
[2022-08-21 16:36:43,776] {processor.py:153} INFO - Started process (PID=3862) to work on /Users/abhaymone/src/dev/sand/MANAGE-GMAIL/venv/lib/python3.9/site-packages/airflow/example_dags/example_latest_only.py
[2022-08-21 16:36:43,782] {processor.py:641} INFO - Processing file /Users/abhaymone/src/dev/sand/MANAGE-GMAIL/venv/lib/python3.9/site-packages/airflow/example_dags/example_latest_only.py for tasks to queue
[2022-08-21 16:36:43,783] {logging_mixin.py:115} INFO - [2022-08-21 16:36:43,783] {dagbag.py:508} INFO - Filling up the DagBag from /Users/abhaymone/src/dev/sand/MANAGE-GMAIL/venv/lib/python3.9/site-packages/airflow/example_dags/example_latest_only.py
[2022-08-21 16:36:43,797] {processor.py:651} INFO - DAG(s) dict_keys(['latest_only']) retrieved from /Users/abhaymone/src/dev/sand/MANAGE-GMAIL/venv/lib/python3.9/site-packages/airflow/example_dags/example_latest_only.py
[2022-08-21 16:36:43,846] {logging_mixin.py:115} INFO - [2022-08-21 16:36:43,845] {dag.py:2420} INFO - Sync 1 DAGs
[2022-08-21 16:36:43,856] {logging_mixin.py:115} INFO - [2022-08-21 16:36:43,856] {dag.py:2968} INFO - Setting next_dagrun for latest_only to 2022-08-21T16:36:43.856498+00:00, run_after=2022-08-21T20:36:43.856498+00:00
[2022-08-21 16:36:43,867] {processor.py:161} INFO - Processing /Users/abhaymone/src/dev/sand/MANAGE-GMAIL/venv/lib/python3.9/site-packages/airflow/example_dags/example_latest_only.py took 0.091 seconds
[2022-08-21 16:37:43,706] {processor.py:153} INFO - Started process (PID=3897) to work on /Users/abhaymone/src/dev/sand/MANAGE-GMAIL/venv/lib/python3.9/site-packages/airflow/example_dags/example_latest_only.py
[2022-08-21 16:37:43,706] {processor.py:641} INFO - Processing file /Users/abhaymone/src/dev/sand/MANAGE-GMAIL/venv/lib/python3.9/site-packages/airflow/example_dags/example_latest_only.py for tasks to queue
[2022-08-21 16:37:43,706] {logging_mixin.py:115} INFO - [2022-08-21 16:37:43,706] {dagbag.py:508} INFO - Filling up the DagBag from /Users/abhaymone/src/dev/sand/MANAGE-GMAIL/venv/lib/python3.9/site-packages/airflow/example_dags/example_latest_only.py
[2022-08-21 16:37:43,715] {processor.py:651} INFO - DAG(s) dict_keys(['latest_only']) retrieved from /Users/abhaymone/src/dev/sand/MANAGE-GMAIL/venv/lib/python3.9/site-packages/airflow/example_dags/example_latest_only.py
[2022-08-21 16:37:43,763] {logging_mixin.py:115} INFO - [2022-08-21 16:37:43,763] {dag.py:2420} INFO - Sync 1 DAGs
[2022-08-21 16:37:43,773] {logging_mixin.py:115} INFO - [2022-08-21 16:37:43,773] {dag.py:2968} INFO - Setting next_dagrun for latest_only to 2022-08-21T16:37:43.773606+00:00, run_after=2022-08-21T20:37:43.773606+00:00
[2022-08-21 16:37:43,789] {processor.py:161} INFO - Processing /Users/abhaymone/src/dev/sand/MANAGE-GMAIL/venv/lib/python3.9/site-packages/airflow/example_dags/example_latest_only.py took 0.084 seconds
[2022-08-21 16:38:41,516] {processor.py:153} INFO - Started process (PID=3932) to work on /Users/abhaymone/src/dev/sand/MANAGE-GMAIL/venv/lib/python3.9/site-packages/airflow/example_dags/example_latest_only.py
[2022-08-21 16:38:41,523] {processor.py:641} INFO - Processing file /Users/abhaymone/src/dev/sand/MANAGE-GMAIL/venv/lib/python3.9/site-packages/airflow/example_dags/example_latest_only.py for tasks to queue
[2022-08-21 16:38:41,523] {logging_mixin.py:115} INFO - [2022-08-21 16:38:41,523] {dagbag.py:508} INFO - Filling up the DagBag from /Users/abhaymone/src/dev/sand/MANAGE-GMAIL/venv/lib/python3.9/site-packages/airflow/example_dags/example_latest_only.py
[2022-08-21 16:38:41,538] {processor.py:651} INFO - DAG(s) dict_keys(['latest_only']) retrieved from /Users/abhaymone/src/dev/sand/MANAGE-GMAIL/venv/lib/python3.9/site-packages/airflow/example_dags/example_latest_only.py
[2022-08-21 16:38:41,591] {logging_mixin.py:115} INFO - [2022-08-21 16:38:41,591] {dag.py:2420} INFO - Sync 1 DAGs
[2022-08-21 16:38:41,602] {logging_mixin.py:115} INFO - [2022-08-21 16:38:41,602] {dag.py:2968} INFO - Setting next_dagrun for latest_only to 2022-08-21T16:38:41.602748+00:00, run_after=2022-08-21T20:38:41.602748+00:00
[2022-08-21 16:38:41,614] {processor.py:161} INFO - Processing /Users/abhaymone/src/dev/sand/MANAGE-GMAIL/venv/lib/python3.9/site-packages/airflow/example_dags/example_latest_only.py took 0.098 seconds
[2022-08-21 16:39:44,424] {processor.py:153} INFO - Started process (PID=3970) to work on /Users/abhaymone/src/dev/sand/MANAGE-GMAIL/venv/lib/python3.9/site-packages/airflow/example_dags/example_latest_only.py
[2022-08-21 16:39:44,425] {processor.py:641} INFO - Processing file /Users/abhaymone/src/dev/sand/MANAGE-GMAIL/venv/lib/python3.9/site-packages/airflow/example_dags/example_latest_only.py for tasks to queue
[2022-08-21 16:39:44,425] {logging_mixin.py:115} INFO - [2022-08-21 16:39:44,425] {dagbag.py:508} INFO - Filling up the DagBag from /Users/abhaymone/src/dev/sand/MANAGE-GMAIL/venv/lib/python3.9/site-packages/airflow/example_dags/example_latest_only.py
[2022-08-21 16:39:44,436] {processor.py:651} INFO - DAG(s) dict_keys(['latest_only']) retrieved from /Users/abhaymone/src/dev/sand/MANAGE-GMAIL/venv/lib/python3.9/site-packages/airflow/example_dags/example_latest_only.py
[2022-08-21 16:39:44,488] {logging_mixin.py:115} INFO - [2022-08-21 16:39:44,488] {dag.py:2420} INFO - Sync 1 DAGs
[2022-08-21 16:39:44,499] {logging_mixin.py:115} INFO - [2022-08-21 16:39:44,499] {dag.py:2968} INFO - Setting next_dagrun for latest_only to 2022-08-21T16:39:44.498896+00:00, run_after=2022-08-21T20:39:44.498896+00:00
[2022-08-21 16:39:44,514] {processor.py:161} INFO - Processing /Users/abhaymone/src/dev/sand/MANAGE-GMAIL/venv/lib/python3.9/site-packages/airflow/example_dags/example_latest_only.py took 0.090 seconds
[2022-08-21 16:40:45,408] {processor.py:153} INFO - Started process (PID=4005) to work on /Users/abhaymone/src/dev/sand/MANAGE-GMAIL/venv/lib/python3.9/site-packages/airflow/example_dags/example_latest_only.py
[2022-08-21 16:40:45,414] {processor.py:641} INFO - Processing file /Users/abhaymone/src/dev/sand/MANAGE-GMAIL/venv/lib/python3.9/site-packages/airflow/example_dags/example_latest_only.py for tasks to queue
[2022-08-21 16:40:45,415] {logging_mixin.py:115} INFO - [2022-08-21 16:40:45,415] {dagbag.py:508} INFO - Filling up the DagBag from /Users/abhaymone/src/dev/sand/MANAGE-GMAIL/venv/lib/python3.9/site-packages/airflow/example_dags/example_latest_only.py
[2022-08-21 16:40:45,430] {processor.py:651} INFO - DAG(s) dict_keys(['latest_only']) retrieved from /Users/abhaymone/src/dev/sand/MANAGE-GMAIL/venv/lib/python3.9/site-packages/airflow/example_dags/example_latest_only.py
[2022-08-21 16:40:45,485] {logging_mixin.py:115} INFO - [2022-08-21 16:40:45,485] {dag.py:2420} INFO - Sync 1 DAGs
[2022-08-21 16:40:45,497] {logging_mixin.py:115} INFO - [2022-08-21 16:40:45,497] {dag.py:2968} INFO - Setting next_dagrun for latest_only to 2022-08-21T16:40:45.497025+00:00, run_after=2022-08-21T20:40:45.497025+00:00
[2022-08-21 16:40:45,507] {processor.py:161} INFO - Processing /Users/abhaymone/src/dev/sand/MANAGE-GMAIL/venv/lib/python3.9/site-packages/airflow/example_dags/example_latest_only.py took 0.099 seconds
[2022-08-21 16:41:47,915] {processor.py:153} INFO - Started process (PID=4043) to work on /Users/abhaymone/src/dev/sand/MANAGE-GMAIL/venv/lib/python3.9/site-packages/airflow/example_dags/example_latest_only.py
[2022-08-21 16:41:47,915] {processor.py:641} INFO - Processing file /Users/abhaymone/src/dev/sand/MANAGE-GMAIL/venv/lib/python3.9/site-packages/airflow/example_dags/example_latest_only.py for tasks to queue
[2022-08-21 16:41:47,916] {logging_mixin.py:115} INFO - [2022-08-21 16:41:47,916] {dagbag.py:508} INFO - Filling up the DagBag from /Users/abhaymone/src/dev/sand/MANAGE-GMAIL/venv/lib/python3.9/site-packages/airflow/example_dags/example_latest_only.py
[2022-08-21 16:41:47,926] {processor.py:651} INFO - DAG(s) dict_keys(['latest_only']) retrieved from /Users/abhaymone/src/dev/sand/MANAGE-GMAIL/venv/lib/python3.9/site-packages/airflow/example_dags/example_latest_only.py
[2022-08-21 16:41:47,979] {logging_mixin.py:115} INFO - [2022-08-21 16:41:47,979] {dag.py:2420} INFO - Sync 1 DAGs
[2022-08-21 16:41:47,990] {logging_mixin.py:115} INFO - [2022-08-21 16:41:47,990] {dag.py:2968} INFO - Setting next_dagrun for latest_only to 2022-08-21T16:41:47.989987+00:00, run_after=2022-08-21T20:41:47.989987+00:00
[2022-08-21 16:41:48,007] {processor.py:161} INFO - Processing /Users/abhaymone/src/dev/sand/MANAGE-GMAIL/venv/lib/python3.9/site-packages/airflow/example_dags/example_latest_only.py took 0.092 seconds
[2022-08-21 16:42:48,076] {processor.py:153} INFO - Started process (PID=4080) to work on /Users/abhaymone/src/dev/sand/MANAGE-GMAIL/venv/lib/python3.9/site-packages/airflow/example_dags/example_latest_only.py
[2022-08-21 16:42:48,076] {processor.py:641} INFO - Processing file /Users/abhaymone/src/dev/sand/MANAGE-GMAIL/venv/lib/python3.9/site-packages/airflow/example_dags/example_latest_only.py for tasks to queue
[2022-08-21 16:42:48,077] {logging_mixin.py:115} INFO - [2022-08-21 16:42:48,077] {dagbag.py:508} INFO - Filling up the DagBag from /Users/abhaymone/src/dev/sand/MANAGE-GMAIL/venv/lib/python3.9/site-packages/airflow/example_dags/example_latest_only.py
[2022-08-21 16:42:48,087] {processor.py:651} INFO - DAG(s) dict_keys(['latest_only']) retrieved from /Users/abhaymone/src/dev/sand/MANAGE-GMAIL/venv/lib/python3.9/site-packages/airflow/example_dags/example_latest_only.py
[2022-08-21 16:42:48,155] {logging_mixin.py:115} INFO - [2022-08-21 16:42:48,155] {dag.py:2420} INFO - Sync 1 DAGs
[2022-08-21 16:42:48,169] {logging_mixin.py:115} INFO - [2022-08-21 16:42:48,168] {dag.py:2968} INFO - Setting next_dagrun for latest_only to 2022-08-21T16:42:48.168826+00:00, run_after=2022-08-21T20:42:48.168826+00:00
[2022-08-21 16:42:48,183] {processor.py:161} INFO - Processing /Users/abhaymone/src/dev/sand/MANAGE-GMAIL/venv/lib/python3.9/site-packages/airflow/example_dags/example_latest_only.py took 0.108 seconds
[2022-08-21 16:43:53,768] {processor.py:153} INFO - Started process (PID=4169) to work on /Users/abhaymone/src/dev/sand/MANAGE-GMAIL/venv/lib/python3.9/site-packages/airflow/example_dags/example_latest_only.py
[2022-08-21 16:43:53,774] {processor.py:641} INFO - Processing file /Users/abhaymone/src/dev/sand/MANAGE-GMAIL/venv/lib/python3.9/site-packages/airflow/example_dags/example_latest_only.py for tasks to queue
[2022-08-21 16:43:53,775] {logging_mixin.py:115} INFO - [2022-08-21 16:43:53,775] {dagbag.py:508} INFO - Filling up the DagBag from /Users/abhaymone/src/dev/sand/MANAGE-GMAIL/venv/lib/python3.9/site-packages/airflow/example_dags/example_latest_only.py
[2022-08-21 16:43:53,789] {processor.py:651} INFO - DAG(s) dict_keys(['latest_only']) retrieved from /Users/abhaymone/src/dev/sand/MANAGE-GMAIL/venv/lib/python3.9/site-packages/airflow/example_dags/example_latest_only.py
[2022-08-21 16:43:53,840] {logging_mixin.py:115} INFO - [2022-08-21 16:43:53,840] {dag.py:2420} INFO - Sync 1 DAGs
[2022-08-21 16:43:53,851] {logging_mixin.py:115} INFO - [2022-08-21 16:43:53,851] {dag.py:2968} INFO - Setting next_dagrun for latest_only to 2022-08-21T16:43:53.851492+00:00, run_after=2022-08-21T20:43:53.851492+00:00
[2022-08-21 16:43:53,864] {processor.py:161} INFO - Processing /Users/abhaymone/src/dev/sand/MANAGE-GMAIL/venv/lib/python3.9/site-packages/airflow/example_dags/example_latest_only.py took 0.096 seconds
[2022-08-21 16:44:57,496] {processor.py:153} INFO - Started process (PID=4277) to work on /Users/abhaymone/src/dev/sand/MANAGE-GMAIL/venv/lib/python3.9/site-packages/airflow/example_dags/example_latest_only.py
[2022-08-21 16:44:57,501] {processor.py:641} INFO - Processing file /Users/abhaymone/src/dev/sand/MANAGE-GMAIL/venv/lib/python3.9/site-packages/airflow/example_dags/example_latest_only.py for tasks to queue
[2022-08-21 16:44:57,502] {logging_mixin.py:115} INFO - [2022-08-21 16:44:57,502] {dagbag.py:508} INFO - Filling up the DagBag from /Users/abhaymone/src/dev/sand/MANAGE-GMAIL/venv/lib/python3.9/site-packages/airflow/example_dags/example_latest_only.py
[2022-08-21 16:44:57,517] {processor.py:651} INFO - DAG(s) dict_keys(['latest_only']) retrieved from /Users/abhaymone/src/dev/sand/MANAGE-GMAIL/venv/lib/python3.9/site-packages/airflow/example_dags/example_latest_only.py
[2022-08-21 16:44:57,565] {logging_mixin.py:115} INFO - [2022-08-21 16:44:57,565] {dag.py:2420} INFO - Sync 1 DAGs
[2022-08-21 16:44:57,576] {logging_mixin.py:115} INFO - [2022-08-21 16:44:57,576] {dag.py:2968} INFO - Setting next_dagrun for latest_only to 2022-08-21T16:44:57.576188+00:00, run_after=2022-08-21T20:44:57.576188+00:00
[2022-08-21 16:44:57,585] {processor.py:161} INFO - Processing /Users/abhaymone/src/dev/sand/MANAGE-GMAIL/venv/lib/python3.9/site-packages/airflow/example_dags/example_latest_only.py took 0.090 seconds
[2022-08-21 16:45:53,261] {processor.py:153} INFO - Started process (PID=4387) to work on /Users/abhaymone/src/dev/sand/MANAGE-GMAIL/venv/lib/python3.9/site-packages/airflow/example_dags/example_latest_only.py
[2022-08-21 16:45:53,261] {processor.py:641} INFO - Processing file /Users/abhaymone/src/dev/sand/MANAGE-GMAIL/venv/lib/python3.9/site-packages/airflow/example_dags/example_latest_only.py for tasks to queue
[2022-08-21 16:45:53,262] {logging_mixin.py:115} INFO - [2022-08-21 16:45:53,262] {dagbag.py:508} INFO - Filling up the DagBag from /Users/abhaymone/src/dev/sand/MANAGE-GMAIL/venv/lib/python3.9/site-packages/airflow/example_dags/example_latest_only.py
[2022-08-21 16:45:53,271] {processor.py:651} INFO - DAG(s) dict_keys(['latest_only']) retrieved from /Users/abhaymone/src/dev/sand/MANAGE-GMAIL/venv/lib/python3.9/site-packages/airflow/example_dags/example_latest_only.py
[2022-08-21 16:45:53,318] {logging_mixin.py:115} INFO - [2022-08-21 16:45:53,318] {dag.py:2420} INFO - Sync 1 DAGs
[2022-08-21 16:45:53,329] {logging_mixin.py:115} INFO - [2022-08-21 16:45:53,329] {dag.py:2968} INFO - Setting next_dagrun for latest_only to 2022-08-21T16:45:53.328907+00:00, run_after=2022-08-21T20:45:53.328907+00:00
[2022-08-21 16:45:53,343] {processor.py:161} INFO - Processing /Users/abhaymone/src/dev/sand/MANAGE-GMAIL/venv/lib/python3.9/site-packages/airflow/example_dags/example_latest_only.py took 0.083 seconds
[2022-08-21 16:46:48,866] {processor.py:153} INFO - Started process (PID=4500) to work on /Users/abhaymone/src/dev/sand/MANAGE-GMAIL/venv/lib/python3.9/site-packages/airflow/example_dags/example_latest_only.py
[2022-08-21 16:46:48,872] {processor.py:641} INFO - Processing file /Users/abhaymone/src/dev/sand/MANAGE-GMAIL/venv/lib/python3.9/site-packages/airflow/example_dags/example_latest_only.py for tasks to queue
[2022-08-21 16:46:48,873] {logging_mixin.py:115} INFO - [2022-08-21 16:46:48,873] {dagbag.py:508} INFO - Filling up the DagBag from /Users/abhaymone/src/dev/sand/MANAGE-GMAIL/venv/lib/python3.9/site-packages/airflow/example_dags/example_latest_only.py
[2022-08-21 16:46:48,888] {processor.py:651} INFO - DAG(s) dict_keys(['latest_only']) retrieved from /Users/abhaymone/src/dev/sand/MANAGE-GMAIL/venv/lib/python3.9/site-packages/airflow/example_dags/example_latest_only.py
[2022-08-21 16:46:48,936] {logging_mixin.py:115} INFO - [2022-08-21 16:46:48,935] {dag.py:2420} INFO - Sync 1 DAGs
[2022-08-21 16:46:48,946] {logging_mixin.py:115} INFO - [2022-08-21 16:46:48,946] {dag.py:2968} INFO - Setting next_dagrun for latest_only to 2022-08-21T16:46:48.946301+00:00, run_after=2022-08-21T20:46:48.946301+00:00
[2022-08-21 16:46:48,959] {processor.py:161} INFO - Processing /Users/abhaymone/src/dev/sand/MANAGE-GMAIL/venv/lib/python3.9/site-packages/airflow/example_dags/example_latest_only.py took 0.093 seconds
[2022-08-21 16:47:52,002] {processor.py:153} INFO - Started process (PID=4566) to work on /Users/abhaymone/src/dev/sand/MANAGE-GMAIL/venv/lib/python3.9/site-packages/airflow/example_dags/example_latest_only.py
[2022-08-21 16:47:52,004] {processor.py:641} INFO - Processing file /Users/abhaymone/src/dev/sand/MANAGE-GMAIL/venv/lib/python3.9/site-packages/airflow/example_dags/example_latest_only.py for tasks to queue
[2022-08-21 16:47:52,005] {logging_mixin.py:115} INFO - [2022-08-21 16:47:52,005] {dagbag.py:508} INFO - Filling up the DagBag from /Users/abhaymone/src/dev/sand/MANAGE-GMAIL/venv/lib/python3.9/site-packages/airflow/example_dags/example_latest_only.py
[2022-08-21 16:47:52,023] {processor.py:651} INFO - DAG(s) dict_keys(['latest_only']) retrieved from /Users/abhaymone/src/dev/sand/MANAGE-GMAIL/venv/lib/python3.9/site-packages/airflow/example_dags/example_latest_only.py
[2022-08-21 16:47:52,084] {logging_mixin.py:115} INFO - [2022-08-21 16:47:52,084] {dag.py:2420} INFO - Sync 1 DAGs
[2022-08-21 16:47:52,102] {logging_mixin.py:115} INFO - [2022-08-21 16:47:52,101] {dag.py:2968} INFO - Setting next_dagrun for latest_only to 2022-08-21T16:47:52.101804+00:00, run_after=2022-08-21T20:47:52.101804+00:00
[2022-08-21 16:47:52,113] {processor.py:161} INFO - Processing /Users/abhaymone/src/dev/sand/MANAGE-GMAIL/venv/lib/python3.9/site-packages/airflow/example_dags/example_latest_only.py took 0.112 seconds
[2022-08-21 16:49:00,435] {processor.py:153} INFO - Started process (PID=4618) to work on /Users/abhaymone/src/dev/sand/MANAGE-GMAIL/venv/lib/python3.9/site-packages/airflow/example_dags/example_latest_only.py
[2022-08-21 16:49:00,438] {processor.py:641} INFO - Processing file /Users/abhaymone/src/dev/sand/MANAGE-GMAIL/venv/lib/python3.9/site-packages/airflow/example_dags/example_latest_only.py for tasks to queue
[2022-08-21 16:49:00,438] {logging_mixin.py:115} INFO - [2022-08-21 16:49:00,438] {dagbag.py:508} INFO - Filling up the DagBag from /Users/abhaymone/src/dev/sand/MANAGE-GMAIL/venv/lib/python3.9/site-packages/airflow/example_dags/example_latest_only.py
[2022-08-21 16:49:00,454] {processor.py:651} INFO - DAG(s) dict_keys(['latest_only']) retrieved from /Users/abhaymone/src/dev/sand/MANAGE-GMAIL/venv/lib/python3.9/site-packages/airflow/example_dags/example_latest_only.py
[2022-08-21 16:49:00,515] {logging_mixin.py:115} INFO - [2022-08-21 16:49:00,515] {dag.py:2420} INFO - Sync 1 DAGs
[2022-08-21 16:49:00,526] {logging_mixin.py:115} INFO - [2022-08-21 16:49:00,526] {dag.py:2968} INFO - Setting next_dagrun for latest_only to 2022-08-21T16:49:00.525998+00:00, run_after=2022-08-21T20:49:00.525998+00:00
[2022-08-21 16:49:00,541] {processor.py:161} INFO - Processing /Users/abhaymone/src/dev/sand/MANAGE-GMAIL/venv/lib/python3.9/site-packages/airflow/example_dags/example_latest_only.py took 0.109 seconds
[2022-08-21 16:50:01,944] {processor.py:153} INFO - Started process (PID=4658) to work on /Users/abhaymone/src/dev/sand/MANAGE-GMAIL/venv/lib/python3.9/site-packages/airflow/example_dags/example_latest_only.py
[2022-08-21 16:50:01,950] {processor.py:641} INFO - Processing file /Users/abhaymone/src/dev/sand/MANAGE-GMAIL/venv/lib/python3.9/site-packages/airflow/example_dags/example_latest_only.py for tasks to queue
[2022-08-21 16:50:01,950] {logging_mixin.py:115} INFO - [2022-08-21 16:50:01,950] {dagbag.py:508} INFO - Filling up the DagBag from /Users/abhaymone/src/dev/sand/MANAGE-GMAIL/venv/lib/python3.9/site-packages/airflow/example_dags/example_latest_only.py
[2022-08-21 16:50:01,966] {processor.py:651} INFO - DAG(s) dict_keys(['latest_only']) retrieved from /Users/abhaymone/src/dev/sand/MANAGE-GMAIL/venv/lib/python3.9/site-packages/airflow/example_dags/example_latest_only.py
[2022-08-21 16:50:02,038] {logging_mixin.py:115} INFO - [2022-08-21 16:50:02,037] {dag.py:2420} INFO - Sync 1 DAGs
[2022-08-21 16:50:02,052] {logging_mixin.py:115} INFO - [2022-08-21 16:50:02,052] {dag.py:2968} INFO - Setting next_dagrun for latest_only to 2022-08-21T16:50:02.052435+00:00, run_after=2022-08-21T20:50:02.052435+00:00
[2022-08-21 16:50:02,072] {processor.py:161} INFO - Processing /Users/abhaymone/src/dev/sand/MANAGE-GMAIL/venv/lib/python3.9/site-packages/airflow/example_dags/example_latest_only.py took 0.129 seconds
[2022-08-21 16:51:04,057] {processor.py:153} INFO - Started process (PID=4727) to work on /Users/abhaymone/src/dev/sand/MANAGE-GMAIL/venv/lib/python3.9/site-packages/airflow/example_dags/example_latest_only.py
[2022-08-21 16:51:04,063] {processor.py:641} INFO - Processing file /Users/abhaymone/src/dev/sand/MANAGE-GMAIL/venv/lib/python3.9/site-packages/airflow/example_dags/example_latest_only.py for tasks to queue
[2022-08-21 16:51:04,063] {logging_mixin.py:115} INFO - [2022-08-21 16:51:04,063] {dagbag.py:508} INFO - Filling up the DagBag from /Users/abhaymone/src/dev/sand/MANAGE-GMAIL/venv/lib/python3.9/site-packages/airflow/example_dags/example_latest_only.py
[2022-08-21 16:51:04,078] {processor.py:651} INFO - DAG(s) dict_keys(['latest_only']) retrieved from /Users/abhaymone/src/dev/sand/MANAGE-GMAIL/venv/lib/python3.9/site-packages/airflow/example_dags/example_latest_only.py
[2022-08-21 16:51:04,132] {logging_mixin.py:115} INFO - [2022-08-21 16:51:04,132] {dag.py:2420} INFO - Sync 1 DAGs
[2022-08-21 16:51:04,146] {logging_mixin.py:115} INFO - [2022-08-21 16:51:04,146] {dag.py:2968} INFO - Setting next_dagrun for latest_only to 2022-08-21T16:51:04.146050+00:00, run_after=2022-08-21T20:51:04.146050+00:00
[2022-08-21 16:51:04,157] {processor.py:161} INFO - Processing /Users/abhaymone/src/dev/sand/MANAGE-GMAIL/venv/lib/python3.9/site-packages/airflow/example_dags/example_latest_only.py took 0.101 seconds
[2022-08-21 16:52:02,447] {processor.py:153} INFO - Started process (PID=4837) to work on /Users/abhaymone/src/dev/sand/MANAGE-GMAIL/venv/lib/python3.9/site-packages/airflow/example_dags/example_latest_only.py
[2022-08-21 16:52:02,453] {processor.py:641} INFO - Processing file /Users/abhaymone/src/dev/sand/MANAGE-GMAIL/venv/lib/python3.9/site-packages/airflow/example_dags/example_latest_only.py for tasks to queue
[2022-08-21 16:52:02,454] {logging_mixin.py:115} INFO - [2022-08-21 16:52:02,454] {dagbag.py:508} INFO - Filling up the DagBag from /Users/abhaymone/src/dev/sand/MANAGE-GMAIL/venv/lib/python3.9/site-packages/airflow/example_dags/example_latest_only.py
[2022-08-21 16:52:02,470] {processor.py:651} INFO - DAG(s) dict_keys(['latest_only']) retrieved from /Users/abhaymone/src/dev/sand/MANAGE-GMAIL/venv/lib/python3.9/site-packages/airflow/example_dags/example_latest_only.py
[2022-08-21 16:52:02,526] {logging_mixin.py:115} INFO - [2022-08-21 16:52:02,526] {dag.py:2420} INFO - Sync 1 DAGs
[2022-08-21 16:52:02,538] {logging_mixin.py:115} INFO - [2022-08-21 16:52:02,538] {dag.py:2968} INFO - Setting next_dagrun for latest_only to 2022-08-21T16:52:02.538479+00:00, run_after=2022-08-21T20:52:02.538479+00:00
[2022-08-21 16:52:02,551] {processor.py:161} INFO - Processing /Users/abhaymone/src/dev/sand/MANAGE-GMAIL/venv/lib/python3.9/site-packages/airflow/example_dags/example_latest_only.py took 0.104 seconds
[2022-08-21 16:53:00,374] {processor.py:153} INFO - Started process (PID=5081) to work on /Users/abhaymone/src/dev/sand/MANAGE-GMAIL/venv/lib/python3.9/site-packages/airflow/example_dags/example_latest_only.py
[2022-08-21 16:53:00,374] {processor.py:641} INFO - Processing file /Users/abhaymone/src/dev/sand/MANAGE-GMAIL/venv/lib/python3.9/site-packages/airflow/example_dags/example_latest_only.py for tasks to queue
[2022-08-21 16:53:00,374] {logging_mixin.py:115} INFO - [2022-08-21 16:53:00,374] {dagbag.py:508} INFO - Filling up the DagBag from /Users/abhaymone/src/dev/sand/MANAGE-GMAIL/venv/lib/python3.9/site-packages/airflow/example_dags/example_latest_only.py
[2022-08-21 16:53:00,383] {processor.py:651} INFO - DAG(s) dict_keys(['latest_only']) retrieved from /Users/abhaymone/src/dev/sand/MANAGE-GMAIL/venv/lib/python3.9/site-packages/airflow/example_dags/example_latest_only.py
[2022-08-21 16:53:00,431] {logging_mixin.py:115} INFO - [2022-08-21 16:53:00,431] {dag.py:2420} INFO - Sync 1 DAGs
[2022-08-21 16:53:00,441] {logging_mixin.py:115} INFO - [2022-08-21 16:53:00,441] {dag.py:2968} INFO - Setting next_dagrun for latest_only to 2022-08-21T16:53:00.441758+00:00, run_after=2022-08-21T20:53:00.441758+00:00
[2022-08-21 16:53:00,459] {processor.py:161} INFO - Processing /Users/abhaymone/src/dev/sand/MANAGE-GMAIL/venv/lib/python3.9/site-packages/airflow/example_dags/example_latest_only.py took 0.085 seconds
[2022-08-21 16:54:06,822] {processor.py:153} INFO - Started process (PID=5161) to work on /Users/abhaymone/src/dev/sand/MANAGE-GMAIL/venv/lib/python3.9/site-packages/airflow/example_dags/example_latest_only.py
[2022-08-21 16:54:06,822] {processor.py:641} INFO - Processing file /Users/abhaymone/src/dev/sand/MANAGE-GMAIL/venv/lib/python3.9/site-packages/airflow/example_dags/example_latest_only.py for tasks to queue
[2022-08-21 16:54:06,822] {logging_mixin.py:115} INFO - [2022-08-21 16:54:06,822] {dagbag.py:508} INFO - Filling up the DagBag from /Users/abhaymone/src/dev/sand/MANAGE-GMAIL/venv/lib/python3.9/site-packages/airflow/example_dags/example_latest_only.py
[2022-08-21 16:54:06,831] {processor.py:651} INFO - DAG(s) dict_keys(['latest_only']) retrieved from /Users/abhaymone/src/dev/sand/MANAGE-GMAIL/venv/lib/python3.9/site-packages/airflow/example_dags/example_latest_only.py
[2022-08-21 16:54:06,880] {logging_mixin.py:115} INFO - [2022-08-21 16:54:06,880] {dag.py:2420} INFO - Sync 1 DAGs
[2022-08-21 16:54:06,891] {logging_mixin.py:115} INFO - [2022-08-21 16:54:06,891] {dag.py:2968} INFO - Setting next_dagrun for latest_only to 2022-08-21T16:54:06.891716+00:00, run_after=2022-08-21T20:54:06.891716+00:00
[2022-08-21 16:54:06,905] {processor.py:161} INFO - Processing /Users/abhaymone/src/dev/sand/MANAGE-GMAIL/venv/lib/python3.9/site-packages/airflow/example_dags/example_latest_only.py took 0.084 seconds
[2022-08-21 16:55:08,805] {processor.py:153} INFO - Started process (PID=5219) to work on /Users/abhaymone/src/dev/sand/MANAGE-GMAIL/venv/lib/python3.9/site-packages/airflow/example_dags/example_latest_only.py
[2022-08-21 16:55:08,811] {processor.py:641} INFO - Processing file /Users/abhaymone/src/dev/sand/MANAGE-GMAIL/venv/lib/python3.9/site-packages/airflow/example_dags/example_latest_only.py for tasks to queue
[2022-08-21 16:55:08,812] {logging_mixin.py:115} INFO - [2022-08-21 16:55:08,812] {dagbag.py:508} INFO - Filling up the DagBag from /Users/abhaymone/src/dev/sand/MANAGE-GMAIL/venv/lib/python3.9/site-packages/airflow/example_dags/example_latest_only.py
[2022-08-21 16:55:08,827] {processor.py:651} INFO - DAG(s) dict_keys(['latest_only']) retrieved from /Users/abhaymone/src/dev/sand/MANAGE-GMAIL/venv/lib/python3.9/site-packages/airflow/example_dags/example_latest_only.py
[2022-08-21 16:55:08,887] {logging_mixin.py:115} INFO - [2022-08-21 16:55:08,887] {dag.py:2420} INFO - Sync 1 DAGs
[2022-08-21 16:55:08,900] {logging_mixin.py:115} INFO - [2022-08-21 16:55:08,900] {dag.py:2968} INFO - Setting next_dagrun for latest_only to 2022-08-21T16:55:08.900172+00:00, run_after=2022-08-21T20:55:08.900172+00:00
[2022-08-21 16:55:08,917] {processor.py:161} INFO - Processing /Users/abhaymone/src/dev/sand/MANAGE-GMAIL/venv/lib/python3.9/site-packages/airflow/example_dags/example_latest_only.py took 0.112 seconds
