[2022-08-21 16:14:49,466] {processor.py:153} INFO - Started process (PID=3378) to work on /Users/abhaymone/src/dev/sand/MANAGE-GMAIL/venv/lib/python3.9/site-packages/airflow/example_dags/example_latest_only_with_trigger.py
[2022-08-21 16:14:49,466] {processor.py:641} INFO - Processing file /Users/abhaymone/src/dev/sand/MANAGE-GMAIL/venv/lib/python3.9/site-packages/airflow/example_dags/example_latest_only_with_trigger.py for tasks to queue
[2022-08-21 16:14:49,466] {logging_mixin.py:115} INFO - [2022-08-21 16:14:49,466] {dagbag.py:508} INFO - Filling up the DagBag from /Users/abhaymone/src/dev/sand/MANAGE-GMAIL/venv/lib/python3.9/site-packages/airflow/example_dags/example_latest_only_with_trigger.py
[2022-08-21 16:14:49,488] {processor.py:651} INFO - DAG(s) dict_keys(['latest_only_with_trigger']) retrieved from /Users/abhaymone/src/dev/sand/MANAGE-GMAIL/venv/lib/python3.9/site-packages/airflow/example_dags/example_latest_only_with_trigger.py
[2022-08-21 16:14:50,319] {logging_mixin.py:115} INFO - [2022-08-21 16:14:50,319] {manager.py:508} INFO - Created Permission View: can read on DAG:latest_only_with_trigger
[2022-08-21 16:14:50,328] {logging_mixin.py:115} INFO - [2022-08-21 16:14:50,327] {manager.py:508} INFO - Created Permission View: can delete on DAG:latest_only_with_trigger
[2022-08-21 16:14:50,333] {logging_mixin.py:115} INFO - [2022-08-21 16:14:50,333] {manager.py:508} INFO - Created Permission View: can edit on DAG:latest_only_with_trigger
[2022-08-21 16:14:50,333] {logging_mixin.py:115} INFO - [2022-08-21 16:14:50,333] {dag.py:2420} INFO - Sync 1 DAGs
[2022-08-21 16:14:50,342] {logging_mixin.py:115} INFO - [2022-08-21 16:14:50,342] {dag.py:2439} INFO - Creating ORM DAG for latest_only_with_trigger
[2022-08-21 16:14:50,349] {logging_mixin.py:115} INFO - [2022-08-21 16:14:50,349] {dag.py:2968} INFO - Setting next_dagrun for latest_only_with_trigger to 2022-08-21T16:14:50.349008+00:00, run_after=2022-08-21T20:14:50.349008+00:00
[2022-08-21 16:14:50,362] {processor.py:161} INFO - Processing /Users/abhaymone/src/dev/sand/MANAGE-GMAIL/venv/lib/python3.9/site-packages/airflow/example_dags/example_latest_only_with_trigger.py took 0.896 seconds
[2022-08-21 16:15:58,145] {processor.py:153} INFO - Started process (PID=3431) to work on /Users/abhaymone/src/dev/sand/MANAGE-GMAIL/venv/lib/python3.9/site-packages/airflow/example_dags/example_latest_only_with_trigger.py
[2022-08-21 16:15:58,151] {processor.py:641} INFO - Processing file /Users/abhaymone/src/dev/sand/MANAGE-GMAIL/venv/lib/python3.9/site-packages/airflow/example_dags/example_latest_only_with_trigger.py for tasks to queue
[2022-08-21 16:15:58,151] {logging_mixin.py:115} INFO - [2022-08-21 16:15:58,151] {dagbag.py:508} INFO - Filling up the DagBag from /Users/abhaymone/src/dev/sand/MANAGE-GMAIL/venv/lib/python3.9/site-packages/airflow/example_dags/example_latest_only_with_trigger.py
[2022-08-21 16:15:58,169] {processor.py:651} INFO - DAG(s) dict_keys(['latest_only_with_trigger']) retrieved from /Users/abhaymone/src/dev/sand/MANAGE-GMAIL/venv/lib/python3.9/site-packages/airflow/example_dags/example_latest_only_with_trigger.py
[2022-08-21 16:15:58,218] {logging_mixin.py:115} INFO - [2022-08-21 16:15:58,218] {dag.py:2420} INFO - Sync 1 DAGs
[2022-08-21 16:15:58,229] {logging_mixin.py:115} INFO - [2022-08-21 16:15:58,229] {dag.py:2968} INFO - Setting next_dagrun for latest_only_with_trigger to 2022-08-21T16:15:58.229059+00:00, run_after=2022-08-21T20:15:58.229059+00:00
[2022-08-21 16:15:58,241] {processor.py:161} INFO - Processing /Users/abhaymone/src/dev/sand/MANAGE-GMAIL/venv/lib/python3.9/site-packages/airflow/example_dags/example_latest_only_with_trigger.py took 0.097 seconds
[2022-08-21 16:17:04,544] {processor.py:153} INFO - Started process (PID=3471) to work on /Users/abhaymone/src/dev/sand/MANAGE-GMAIL/venv/lib/python3.9/site-packages/airflow/example_dags/example_latest_only_with_trigger.py
[2022-08-21 16:17:04,544] {processor.py:641} INFO - Processing file /Users/abhaymone/src/dev/sand/MANAGE-GMAIL/venv/lib/python3.9/site-packages/airflow/example_dags/example_latest_only_with_trigger.py for tasks to queue
[2022-08-21 16:17:04,545] {logging_mixin.py:115} INFO - [2022-08-21 16:17:04,545] {dagbag.py:508} INFO - Filling up the DagBag from /Users/abhaymone/src/dev/sand/MANAGE-GMAIL/venv/lib/python3.9/site-packages/airflow/example_dags/example_latest_only_with_trigger.py
[2022-08-21 16:17:04,554] {processor.py:651} INFO - DAG(s) dict_keys(['latest_only_with_trigger']) retrieved from /Users/abhaymone/src/dev/sand/MANAGE-GMAIL/venv/lib/python3.9/site-packages/airflow/example_dags/example_latest_only_with_trigger.py
[2022-08-21 16:17:04,602] {logging_mixin.py:115} INFO - [2022-08-21 16:17:04,602] {dag.py:2420} INFO - Sync 1 DAGs
[2022-08-21 16:17:04,612] {logging_mixin.py:115} INFO - [2022-08-21 16:17:04,612] {dag.py:2968} INFO - Setting next_dagrun for latest_only_with_trigger to 2022-08-21T16:17:04.612441+00:00, run_after=2022-08-21T20:17:04.612441+00:00
[2022-08-21 16:17:04,629] {processor.py:161} INFO - Processing /Users/abhaymone/src/dev/sand/MANAGE-GMAIL/venv/lib/python3.9/site-packages/airflow/example_dags/example_latest_only_with_trigger.py took 0.085 seconds
[2022-08-21 16:28:36,123] {processor.py:153} INFO - Started process (PID=3557) to work on /Users/abhaymone/src/dev/sand/MANAGE-GMAIL/venv/lib/python3.9/site-packages/airflow/example_dags/example_latest_only_with_trigger.py
[2022-08-21 16:28:36,129] {processor.py:641} INFO - Processing file /Users/abhaymone/src/dev/sand/MANAGE-GMAIL/venv/lib/python3.9/site-packages/airflow/example_dags/example_latest_only_with_trigger.py for tasks to queue
[2022-08-21 16:28:36,129] {logging_mixin.py:115} INFO - [2022-08-21 16:28:36,129] {dagbag.py:508} INFO - Filling up the DagBag from /Users/abhaymone/src/dev/sand/MANAGE-GMAIL/venv/lib/python3.9/site-packages/airflow/example_dags/example_latest_only_with_trigger.py
[2022-08-21 16:28:36,147] {processor.py:651} INFO - DAG(s) dict_keys(['latest_only_with_trigger']) retrieved from /Users/abhaymone/src/dev/sand/MANAGE-GMAIL/venv/lib/python3.9/site-packages/airflow/example_dags/example_latest_only_with_trigger.py
[2022-08-21 16:28:36,196] {logging_mixin.py:115} INFO - [2022-08-21 16:28:36,195] {dag.py:2420} INFO - Sync 1 DAGs
[2022-08-21 16:28:36,206] {logging_mixin.py:115} INFO - [2022-08-21 16:28:36,206] {dag.py:2968} INFO - Setting next_dagrun for latest_only_with_trigger to 2022-08-21T16:28:36.206090+00:00, run_after=2022-08-21T20:28:36.206090+00:00
[2022-08-21 16:28:36,219] {processor.py:161} INFO - Processing /Users/abhaymone/src/dev/sand/MANAGE-GMAIL/venv/lib/python3.9/site-packages/airflow/example_dags/example_latest_only_with_trigger.py took 0.097 seconds
[2022-08-21 16:29:33,242] {processor.py:153} INFO - Started process (PID=3595) to work on /Users/abhaymone/src/dev/sand/MANAGE-GMAIL/venv/lib/python3.9/site-packages/airflow/example_dags/example_latest_only_with_trigger.py
[2022-08-21 16:29:33,242] {processor.py:641} INFO - Processing file /Users/abhaymone/src/dev/sand/MANAGE-GMAIL/venv/lib/python3.9/site-packages/airflow/example_dags/example_latest_only_with_trigger.py for tasks to queue
[2022-08-21 16:29:33,242] {logging_mixin.py:115} INFO - [2022-08-21 16:29:33,242] {dagbag.py:508} INFO - Filling up the DagBag from /Users/abhaymone/src/dev/sand/MANAGE-GMAIL/venv/lib/python3.9/site-packages/airflow/example_dags/example_latest_only_with_trigger.py
[2022-08-21 16:29:33,251] {processor.py:651} INFO - DAG(s) dict_keys(['latest_only_with_trigger']) retrieved from /Users/abhaymone/src/dev/sand/MANAGE-GMAIL/venv/lib/python3.9/site-packages/airflow/example_dags/example_latest_only_with_trigger.py
[2022-08-21 16:29:33,299] {logging_mixin.py:115} INFO - [2022-08-21 16:29:33,298] {dag.py:2420} INFO - Sync 1 DAGs
[2022-08-21 16:29:33,309] {logging_mixin.py:115} INFO - [2022-08-21 16:29:33,309] {dag.py:2968} INFO - Setting next_dagrun for latest_only_with_trigger to 2022-08-21T16:29:33.309315+00:00, run_after=2022-08-21T20:29:33.309315+00:00
[2022-08-21 16:29:33,325] {processor.py:161} INFO - Processing /Users/abhaymone/src/dev/sand/MANAGE-GMAIL/venv/lib/python3.9/site-packages/airflow/example_dags/example_latest_only_with_trigger.py took 0.084 seconds
[2022-08-21 16:30:30,551] {processor.py:153} INFO - Started process (PID=3631) to work on /Users/abhaymone/src/dev/sand/MANAGE-GMAIL/venv/lib/python3.9/site-packages/airflow/example_dags/example_latest_only_with_trigger.py
[2022-08-21 16:30:30,551] {processor.py:641} INFO - Processing file /Users/abhaymone/src/dev/sand/MANAGE-GMAIL/venv/lib/python3.9/site-packages/airflow/example_dags/example_latest_only_with_trigger.py for tasks to queue
[2022-08-21 16:30:30,551] {logging_mixin.py:115} INFO - [2022-08-21 16:30:30,551] {dagbag.py:508} INFO - Filling up the DagBag from /Users/abhaymone/src/dev/sand/MANAGE-GMAIL/venv/lib/python3.9/site-packages/airflow/example_dags/example_latest_only_with_trigger.py
[2022-08-21 16:30:30,560] {processor.py:651} INFO - DAG(s) dict_keys(['latest_only_with_trigger']) retrieved from /Users/abhaymone/src/dev/sand/MANAGE-GMAIL/venv/lib/python3.9/site-packages/airflow/example_dags/example_latest_only_with_trigger.py
[2022-08-21 16:30:30,611] {logging_mixin.py:115} INFO - [2022-08-21 16:30:30,611] {dag.py:2420} INFO - Sync 1 DAGs
[2022-08-21 16:30:30,622] {logging_mixin.py:115} INFO - [2022-08-21 16:30:30,622] {dag.py:2968} INFO - Setting next_dagrun for latest_only_with_trigger to 2022-08-21T16:30:30.621989+00:00, run_after=2022-08-21T20:30:30.621989+00:00
[2022-08-21 16:30:30,638] {processor.py:161} INFO - Processing /Users/abhaymone/src/dev/sand/MANAGE-GMAIL/venv/lib/python3.9/site-packages/airflow/example_dags/example_latest_only_with_trigger.py took 0.088 seconds
[2022-08-21 16:31:40,876] {processor.py:153} INFO - Started process (PID=3669) to work on /Users/abhaymone/src/dev/sand/MANAGE-GMAIL/venv/lib/python3.9/site-packages/airflow/example_dags/example_latest_only_with_trigger.py
[2022-08-21 16:31:40,881] {processor.py:641} INFO - Processing file /Users/abhaymone/src/dev/sand/MANAGE-GMAIL/venv/lib/python3.9/site-packages/airflow/example_dags/example_latest_only_with_trigger.py for tasks to queue
[2022-08-21 16:31:40,885] {logging_mixin.py:115} INFO - [2022-08-21 16:31:40,885] {dagbag.py:508} INFO - Filling up the DagBag from /Users/abhaymone/src/dev/sand/MANAGE-GMAIL/venv/lib/python3.9/site-packages/airflow/example_dags/example_latest_only_with_trigger.py
[2022-08-21 16:31:40,913] {processor.py:651} INFO - DAG(s) dict_keys(['latest_only_with_trigger']) retrieved from /Users/abhaymone/src/dev/sand/MANAGE-GMAIL/venv/lib/python3.9/site-packages/airflow/example_dags/example_latest_only_with_trigger.py
[2022-08-21 16:31:40,961] {logging_mixin.py:115} INFO - [2022-08-21 16:31:40,961] {dag.py:2420} INFO - Sync 1 DAGs
[2022-08-21 16:31:40,972] {logging_mixin.py:115} INFO - [2022-08-21 16:31:40,971] {dag.py:2968} INFO - Setting next_dagrun for latest_only_with_trigger to 2022-08-21T16:31:40.971880+00:00, run_after=2022-08-21T20:31:40.971880+00:00
[2022-08-21 16:31:40,982] {processor.py:161} INFO - Processing /Users/abhaymone/src/dev/sand/MANAGE-GMAIL/venv/lib/python3.9/site-packages/airflow/example_dags/example_latest_only_with_trigger.py took 0.106 seconds
[2022-08-21 16:32:40,313] {processor.py:153} INFO - Started process (PID=3712) to work on /Users/abhaymone/src/dev/sand/MANAGE-GMAIL/venv/lib/python3.9/site-packages/airflow/example_dags/example_latest_only_with_trigger.py
[2022-08-21 16:32:40,319] {processor.py:641} INFO - Processing file /Users/abhaymone/src/dev/sand/MANAGE-GMAIL/venv/lib/python3.9/site-packages/airflow/example_dags/example_latest_only_with_trigger.py for tasks to queue
[2022-08-21 16:32:40,319] {logging_mixin.py:115} INFO - [2022-08-21 16:32:40,319] {dagbag.py:508} INFO - Filling up the DagBag from /Users/abhaymone/src/dev/sand/MANAGE-GMAIL/venv/lib/python3.9/site-packages/airflow/example_dags/example_latest_only_with_trigger.py
[2022-08-21 16:32:40,338] {processor.py:651} INFO - DAG(s) dict_keys(['latest_only_with_trigger']) retrieved from /Users/abhaymone/src/dev/sand/MANAGE-GMAIL/venv/lib/python3.9/site-packages/airflow/example_dags/example_latest_only_with_trigger.py
[2022-08-21 16:32:40,392] {logging_mixin.py:115} INFO - [2022-08-21 16:32:40,392] {dag.py:2420} INFO - Sync 1 DAGs
[2022-08-21 16:32:40,405] {logging_mixin.py:115} INFO - [2022-08-21 16:32:40,405] {dag.py:2968} INFO - Setting next_dagrun for latest_only_with_trigger to 2022-08-21T16:32:40.405122+00:00, run_after=2022-08-21T20:32:40.405122+00:00
[2022-08-21 16:32:40,416] {processor.py:161} INFO - Processing /Users/abhaymone/src/dev/sand/MANAGE-GMAIL/venv/lib/python3.9/site-packages/airflow/example_dags/example_latest_only_with_trigger.py took 0.103 seconds
[2022-08-21 16:33:39,013] {processor.py:153} INFO - Started process (PID=3747) to work on /Users/abhaymone/src/dev/sand/MANAGE-GMAIL/venv/lib/python3.9/site-packages/airflow/example_dags/example_latest_only_with_trigger.py
[2022-08-21 16:33:39,018] {processor.py:641} INFO - Processing file /Users/abhaymone/src/dev/sand/MANAGE-GMAIL/venv/lib/python3.9/site-packages/airflow/example_dags/example_latest_only_with_trigger.py for tasks to queue
[2022-08-21 16:33:39,019] {logging_mixin.py:115} INFO - [2022-08-21 16:33:39,018] {dagbag.py:508} INFO - Filling up the DagBag from /Users/abhaymone/src/dev/sand/MANAGE-GMAIL/venv/lib/python3.9/site-packages/airflow/example_dags/example_latest_only_with_trigger.py
[2022-08-21 16:33:39,033] {processor.py:651} INFO - DAG(s) dict_keys(['latest_only_with_trigger']) retrieved from /Users/abhaymone/src/dev/sand/MANAGE-GMAIL/venv/lib/python3.9/site-packages/airflow/example_dags/example_latest_only_with_trigger.py
[2022-08-21 16:33:39,086] {logging_mixin.py:115} INFO - [2022-08-21 16:33:39,085] {dag.py:2420} INFO - Sync 1 DAGs
[2022-08-21 16:33:39,097] {logging_mixin.py:115} INFO - [2022-08-21 16:33:39,097] {dag.py:2968} INFO - Setting next_dagrun for latest_only_with_trigger to 2022-08-21T16:33:39.096937+00:00, run_after=2022-08-21T20:33:39.096937+00:00
[2022-08-21 16:33:39,106] {processor.py:161} INFO - Processing /Users/abhaymone/src/dev/sand/MANAGE-GMAIL/venv/lib/python3.9/site-packages/airflow/example_dags/example_latest_only_with_trigger.py took 0.094 seconds
[2022-08-21 16:34:39,473] {processor.py:153} INFO - Started process (PID=3784) to work on /Users/abhaymone/src/dev/sand/MANAGE-GMAIL/venv/lib/python3.9/site-packages/airflow/example_dags/example_latest_only_with_trigger.py
[2022-08-21 16:34:39,479] {processor.py:641} INFO - Processing file /Users/abhaymone/src/dev/sand/MANAGE-GMAIL/venv/lib/python3.9/site-packages/airflow/example_dags/example_latest_only_with_trigger.py for tasks to queue
[2022-08-21 16:34:39,479] {logging_mixin.py:115} INFO - [2022-08-21 16:34:39,479] {dagbag.py:508} INFO - Filling up the DagBag from /Users/abhaymone/src/dev/sand/MANAGE-GMAIL/venv/lib/python3.9/site-packages/airflow/example_dags/example_latest_only_with_trigger.py
[2022-08-21 16:34:39,494] {processor.py:651} INFO - DAG(s) dict_keys(['latest_only_with_trigger']) retrieved from /Users/abhaymone/src/dev/sand/MANAGE-GMAIL/venv/lib/python3.9/site-packages/airflow/example_dags/example_latest_only_with_trigger.py
[2022-08-21 16:34:39,546] {logging_mixin.py:115} INFO - [2022-08-21 16:34:39,546] {dag.py:2420} INFO - Sync 1 DAGs
[2022-08-21 16:34:39,558] {logging_mixin.py:115} INFO - [2022-08-21 16:34:39,558] {dag.py:2968} INFO - Setting next_dagrun for latest_only_with_trigger to 2022-08-21T16:34:39.558266+00:00, run_after=2022-08-21T20:34:39.558266+00:00
[2022-08-21 16:34:39,569] {processor.py:161} INFO - Processing /Users/abhaymone/src/dev/sand/MANAGE-GMAIL/venv/lib/python3.9/site-packages/airflow/example_dags/example_latest_only_with_trigger.py took 0.096 seconds
[2022-08-21 16:35:38,131] {processor.py:153} INFO - Started process (PID=3820) to work on /Users/abhaymone/src/dev/sand/MANAGE-GMAIL/venv/lib/python3.9/site-packages/airflow/example_dags/example_latest_only_with_trigger.py
[2022-08-21 16:35:38,134] {processor.py:641} INFO - Processing file /Users/abhaymone/src/dev/sand/MANAGE-GMAIL/venv/lib/python3.9/site-packages/airflow/example_dags/example_latest_only_with_trigger.py for tasks to queue
[2022-08-21 16:35:38,135] {logging_mixin.py:115} INFO - [2022-08-21 16:35:38,134] {dagbag.py:508} INFO - Filling up the DagBag from /Users/abhaymone/src/dev/sand/MANAGE-GMAIL/venv/lib/python3.9/site-packages/airflow/example_dags/example_latest_only_with_trigger.py
[2022-08-21 16:35:38,150] {processor.py:651} INFO - DAG(s) dict_keys(['latest_only_with_trigger']) retrieved from /Users/abhaymone/src/dev/sand/MANAGE-GMAIL/venv/lib/python3.9/site-packages/airflow/example_dags/example_latest_only_with_trigger.py
[2022-08-21 16:35:38,200] {logging_mixin.py:115} INFO - [2022-08-21 16:35:38,200] {dag.py:2420} INFO - Sync 1 DAGs
[2022-08-21 16:35:38,211] {logging_mixin.py:115} INFO - [2022-08-21 16:35:38,211] {dag.py:2968} INFO - Setting next_dagrun for latest_only_with_trigger to 2022-08-21T16:35:38.210964+00:00, run_after=2022-08-21T20:35:38.210964+00:00
[2022-08-21 16:35:38,222] {processor.py:161} INFO - Processing /Users/abhaymone/src/dev/sand/MANAGE-GMAIL/venv/lib/python3.9/site-packages/airflow/example_dags/example_latest_only_with_trigger.py took 0.092 seconds
[2022-08-21 16:36:41,995] {processor.py:153} INFO - Started process (PID=3861) to work on /Users/abhaymone/src/dev/sand/MANAGE-GMAIL/venv/lib/python3.9/site-packages/airflow/example_dags/example_latest_only_with_trigger.py
[2022-08-21 16:36:42,001] {processor.py:641} INFO - Processing file /Users/abhaymone/src/dev/sand/MANAGE-GMAIL/venv/lib/python3.9/site-packages/airflow/example_dags/example_latest_only_with_trigger.py for tasks to queue
[2022-08-21 16:36:42,001] {logging_mixin.py:115} INFO - [2022-08-21 16:36:42,001] {dagbag.py:508} INFO - Filling up the DagBag from /Users/abhaymone/src/dev/sand/MANAGE-GMAIL/venv/lib/python3.9/site-packages/airflow/example_dags/example_latest_only_with_trigger.py
[2022-08-21 16:36:42,018] {processor.py:651} INFO - DAG(s) dict_keys(['latest_only_with_trigger']) retrieved from /Users/abhaymone/src/dev/sand/MANAGE-GMAIL/venv/lib/python3.9/site-packages/airflow/example_dags/example_latest_only_with_trigger.py
[2022-08-21 16:36:42,067] {logging_mixin.py:115} INFO - [2022-08-21 16:36:42,067] {dag.py:2420} INFO - Sync 1 DAGs
[2022-08-21 16:36:42,077] {logging_mixin.py:115} INFO - [2022-08-21 16:36:42,077] {dag.py:2968} INFO - Setting next_dagrun for latest_only_with_trigger to 2022-08-21T16:36:42.077432+00:00, run_after=2022-08-21T20:36:42.077432+00:00
[2022-08-21 16:36:42,088] {processor.py:161} INFO - Processing /Users/abhaymone/src/dev/sand/MANAGE-GMAIL/venv/lib/python3.9/site-packages/airflow/example_dags/example_latest_only_with_trigger.py took 0.093 seconds
[2022-08-21 16:37:41,950] {processor.py:153} INFO - Started process (PID=3896) to work on /Users/abhaymone/src/dev/sand/MANAGE-GMAIL/venv/lib/python3.9/site-packages/airflow/example_dags/example_latest_only_with_trigger.py
[2022-08-21 16:37:41,950] {processor.py:641} INFO - Processing file /Users/abhaymone/src/dev/sand/MANAGE-GMAIL/venv/lib/python3.9/site-packages/airflow/example_dags/example_latest_only_with_trigger.py for tasks to queue
[2022-08-21 16:37:41,950] {logging_mixin.py:115} INFO - [2022-08-21 16:37:41,950] {dagbag.py:508} INFO - Filling up the DagBag from /Users/abhaymone/src/dev/sand/MANAGE-GMAIL/venv/lib/python3.9/site-packages/airflow/example_dags/example_latest_only_with_trigger.py
[2022-08-21 16:37:41,961] {processor.py:651} INFO - DAG(s) dict_keys(['latest_only_with_trigger']) retrieved from /Users/abhaymone/src/dev/sand/MANAGE-GMAIL/venv/lib/python3.9/site-packages/airflow/example_dags/example_latest_only_with_trigger.py
[2022-08-21 16:37:42,014] {logging_mixin.py:115} INFO - [2022-08-21 16:37:42,014] {dag.py:2420} INFO - Sync 1 DAGs
[2022-08-21 16:37:42,026] {logging_mixin.py:115} INFO - [2022-08-21 16:37:42,026] {dag.py:2968} INFO - Setting next_dagrun for latest_only_with_trigger to 2022-08-21T16:37:42.026526+00:00, run_after=2022-08-21T20:37:42.026526+00:00
[2022-08-21 16:37:42,044] {processor.py:161} INFO - Processing /Users/abhaymone/src/dev/sand/MANAGE-GMAIL/venv/lib/python3.9/site-packages/airflow/example_dags/example_latest_only_with_trigger.py took 0.094 seconds
[2022-08-21 16:38:39,682] {processor.py:153} INFO - Started process (PID=3931) to work on /Users/abhaymone/src/dev/sand/MANAGE-GMAIL/venv/lib/python3.9/site-packages/airflow/example_dags/example_latest_only_with_trigger.py
[2022-08-21 16:38:39,687] {processor.py:641} INFO - Processing file /Users/abhaymone/src/dev/sand/MANAGE-GMAIL/venv/lib/python3.9/site-packages/airflow/example_dags/example_latest_only_with_trigger.py for tasks to queue
[2022-08-21 16:38:39,688] {logging_mixin.py:115} INFO - [2022-08-21 16:38:39,688] {dagbag.py:508} INFO - Filling up the DagBag from /Users/abhaymone/src/dev/sand/MANAGE-GMAIL/venv/lib/python3.9/site-packages/airflow/example_dags/example_latest_only_with_trigger.py
[2022-08-21 16:38:39,704] {processor.py:651} INFO - DAG(s) dict_keys(['latest_only_with_trigger']) retrieved from /Users/abhaymone/src/dev/sand/MANAGE-GMAIL/venv/lib/python3.9/site-packages/airflow/example_dags/example_latest_only_with_trigger.py
[2022-08-21 16:38:39,771] {logging_mixin.py:115} INFO - [2022-08-21 16:38:39,771] {dag.py:2420} INFO - Sync 1 DAGs
[2022-08-21 16:38:39,785] {logging_mixin.py:115} INFO - [2022-08-21 16:38:39,785] {dag.py:2968} INFO - Setting next_dagrun for latest_only_with_trigger to 2022-08-21T16:38:39.785200+00:00, run_after=2022-08-21T20:38:39.785200+00:00
[2022-08-21 16:38:39,797] {processor.py:161} INFO - Processing /Users/abhaymone/src/dev/sand/MANAGE-GMAIL/venv/lib/python3.9/site-packages/airflow/example_dags/example_latest_only_with_trigger.py took 0.116 seconds
[2022-08-21 16:39:42,632] {processor.py:153} INFO - Started process (PID=3969) to work on /Users/abhaymone/src/dev/sand/MANAGE-GMAIL/venv/lib/python3.9/site-packages/airflow/example_dags/example_latest_only_with_trigger.py
[2022-08-21 16:39:42,632] {processor.py:641} INFO - Processing file /Users/abhaymone/src/dev/sand/MANAGE-GMAIL/venv/lib/python3.9/site-packages/airflow/example_dags/example_latest_only_with_trigger.py for tasks to queue
[2022-08-21 16:39:42,633] {logging_mixin.py:115} INFO - [2022-08-21 16:39:42,633] {dagbag.py:508} INFO - Filling up the DagBag from /Users/abhaymone/src/dev/sand/MANAGE-GMAIL/venv/lib/python3.9/site-packages/airflow/example_dags/example_latest_only_with_trigger.py
[2022-08-21 16:39:42,642] {processor.py:651} INFO - DAG(s) dict_keys(['latest_only_with_trigger']) retrieved from /Users/abhaymone/src/dev/sand/MANAGE-GMAIL/venv/lib/python3.9/site-packages/airflow/example_dags/example_latest_only_with_trigger.py
[2022-08-21 16:39:42,689] {logging_mixin.py:115} INFO - [2022-08-21 16:39:42,689] {dag.py:2420} INFO - Sync 1 DAGs
[2022-08-21 16:39:42,699] {logging_mixin.py:115} INFO - [2022-08-21 16:39:42,699] {dag.py:2968} INFO - Setting next_dagrun for latest_only_with_trigger to 2022-08-21T16:39:42.699541+00:00, run_after=2022-08-21T20:39:42.699541+00:00
[2022-08-21 16:39:42,716] {processor.py:161} INFO - Processing /Users/abhaymone/src/dev/sand/MANAGE-GMAIL/venv/lib/python3.9/site-packages/airflow/example_dags/example_latest_only_with_trigger.py took 0.084 seconds
[2022-08-21 16:40:43,506] {processor.py:153} INFO - Started process (PID=4003) to work on /Users/abhaymone/src/dev/sand/MANAGE-GMAIL/venv/lib/python3.9/site-packages/airflow/example_dags/example_latest_only_with_trigger.py
[2022-08-21 16:40:43,511] {processor.py:641} INFO - Processing file /Users/abhaymone/src/dev/sand/MANAGE-GMAIL/venv/lib/python3.9/site-packages/airflow/example_dags/example_latest_only_with_trigger.py for tasks to queue
[2022-08-21 16:40:43,512] {logging_mixin.py:115} INFO - [2022-08-21 16:40:43,512] {dagbag.py:508} INFO - Filling up the DagBag from /Users/abhaymone/src/dev/sand/MANAGE-GMAIL/venv/lib/python3.9/site-packages/airflow/example_dags/example_latest_only_with_trigger.py
[2022-08-21 16:40:43,529] {processor.py:651} INFO - DAG(s) dict_keys(['latest_only_with_trigger']) retrieved from /Users/abhaymone/src/dev/sand/MANAGE-GMAIL/venv/lib/python3.9/site-packages/airflow/example_dags/example_latest_only_with_trigger.py
[2022-08-21 16:40:43,598] {logging_mixin.py:115} INFO - [2022-08-21 16:40:43,597] {dag.py:2420} INFO - Sync 1 DAGs
[2022-08-21 16:40:43,622] {logging_mixin.py:115} INFO - [2022-08-21 16:40:43,621] {dag.py:2968} INFO - Setting next_dagrun for latest_only_with_trigger to 2022-08-21T16:40:43.621778+00:00, run_after=2022-08-21T20:40:43.621778+00:00
[2022-08-21 16:40:43,635] {processor.py:161} INFO - Processing /Users/abhaymone/src/dev/sand/MANAGE-GMAIL/venv/lib/python3.9/site-packages/airflow/example_dags/example_latest_only_with_trigger.py took 0.130 seconds
[2022-08-21 16:41:46,120] {processor.py:153} INFO - Started process (PID=4042) to work on /Users/abhaymone/src/dev/sand/MANAGE-GMAIL/venv/lib/python3.9/site-packages/airflow/example_dags/example_latest_only_with_trigger.py
[2022-08-21 16:41:46,120] {processor.py:641} INFO - Processing file /Users/abhaymone/src/dev/sand/MANAGE-GMAIL/venv/lib/python3.9/site-packages/airflow/example_dags/example_latest_only_with_trigger.py for tasks to queue
[2022-08-21 16:41:46,120] {logging_mixin.py:115} INFO - [2022-08-21 16:41:46,120] {dagbag.py:508} INFO - Filling up the DagBag from /Users/abhaymone/src/dev/sand/MANAGE-GMAIL/venv/lib/python3.9/site-packages/airflow/example_dags/example_latest_only_with_trigger.py
[2022-08-21 16:41:46,130] {processor.py:651} INFO - DAG(s) dict_keys(['latest_only_with_trigger']) retrieved from /Users/abhaymone/src/dev/sand/MANAGE-GMAIL/venv/lib/python3.9/site-packages/airflow/example_dags/example_latest_only_with_trigger.py
[2022-08-21 16:41:46,183] {logging_mixin.py:115} INFO - [2022-08-21 16:41:46,183] {dag.py:2420} INFO - Sync 1 DAGs
[2022-08-21 16:41:46,194] {logging_mixin.py:115} INFO - [2022-08-21 16:41:46,194] {dag.py:2968} INFO - Setting next_dagrun for latest_only_with_trigger to 2022-08-21T16:41:46.194749+00:00, run_after=2022-08-21T20:41:46.194749+00:00
[2022-08-21 16:41:46,210] {processor.py:161} INFO - Processing /Users/abhaymone/src/dev/sand/MANAGE-GMAIL/venv/lib/python3.9/site-packages/airflow/example_dags/example_latest_only_with_trigger.py took 0.091 seconds
[2022-08-21 16:42:46,226] {processor.py:153} INFO - Started process (PID=4079) to work on /Users/abhaymone/src/dev/sand/MANAGE-GMAIL/venv/lib/python3.9/site-packages/airflow/example_dags/example_latest_only_with_trigger.py
[2022-08-21 16:42:46,226] {processor.py:641} INFO - Processing file /Users/abhaymone/src/dev/sand/MANAGE-GMAIL/venv/lib/python3.9/site-packages/airflow/example_dags/example_latest_only_with_trigger.py for tasks to queue
[2022-08-21 16:42:46,226] {logging_mixin.py:115} INFO - [2022-08-21 16:42:46,226] {dagbag.py:508} INFO - Filling up the DagBag from /Users/abhaymone/src/dev/sand/MANAGE-GMAIL/venv/lib/python3.9/site-packages/airflow/example_dags/example_latest_only_with_trigger.py
[2022-08-21 16:42:46,236] {processor.py:651} INFO - DAG(s) dict_keys(['latest_only_with_trigger']) retrieved from /Users/abhaymone/src/dev/sand/MANAGE-GMAIL/venv/lib/python3.9/site-packages/airflow/example_dags/example_latest_only_with_trigger.py
[2022-08-21 16:42:46,289] {logging_mixin.py:115} INFO - [2022-08-21 16:42:46,289] {dag.py:2420} INFO - Sync 1 DAGs
[2022-08-21 16:42:46,300] {logging_mixin.py:115} INFO - [2022-08-21 16:42:46,300] {dag.py:2968} INFO - Setting next_dagrun for latest_only_with_trigger to 2022-08-21T16:42:46.300050+00:00, run_after=2022-08-21T20:42:46.300050+00:00
[2022-08-21 16:42:46,316] {processor.py:161} INFO - Processing /Users/abhaymone/src/dev/sand/MANAGE-GMAIL/venv/lib/python3.9/site-packages/airflow/example_dags/example_latest_only_with_trigger.py took 0.090 seconds
[2022-08-21 16:43:51,976] {processor.py:153} INFO - Started process (PID=4162) to work on /Users/abhaymone/src/dev/sand/MANAGE-GMAIL/venv/lib/python3.9/site-packages/airflow/example_dags/example_latest_only_with_trigger.py
[2022-08-21 16:43:51,981] {processor.py:641} INFO - Processing file /Users/abhaymone/src/dev/sand/MANAGE-GMAIL/venv/lib/python3.9/site-packages/airflow/example_dags/example_latest_only_with_trigger.py for tasks to queue
[2022-08-21 16:43:51,982] {logging_mixin.py:115} INFO - [2022-08-21 16:43:51,982] {dagbag.py:508} INFO - Filling up the DagBag from /Users/abhaymone/src/dev/sand/MANAGE-GMAIL/venv/lib/python3.9/site-packages/airflow/example_dags/example_latest_only_with_trigger.py
[2022-08-21 16:43:51,998] {processor.py:651} INFO - DAG(s) dict_keys(['latest_only_with_trigger']) retrieved from /Users/abhaymone/src/dev/sand/MANAGE-GMAIL/venv/lib/python3.9/site-packages/airflow/example_dags/example_latest_only_with_trigger.py
[2022-08-21 16:43:52,049] {logging_mixin.py:115} INFO - [2022-08-21 16:43:52,049] {dag.py:2420} INFO - Sync 1 DAGs
[2022-08-21 16:43:52,060] {logging_mixin.py:115} INFO - [2022-08-21 16:43:52,060] {dag.py:2968} INFO - Setting next_dagrun for latest_only_with_trigger to 2022-08-21T16:43:52.060626+00:00, run_after=2022-08-21T20:43:52.060626+00:00
[2022-08-21 16:43:52,071] {processor.py:161} INFO - Processing /Users/abhaymone/src/dev/sand/MANAGE-GMAIL/venv/lib/python3.9/site-packages/airflow/example_dags/example_latest_only_with_trigger.py took 0.096 seconds
[2022-08-21 16:44:56,164] {processor.py:153} INFO - Started process (PID=4270) to work on /Users/abhaymone/src/dev/sand/MANAGE-GMAIL/venv/lib/python3.9/site-packages/airflow/example_dags/example_latest_only_with_trigger.py
[2022-08-21 16:44:56,169] {processor.py:641} INFO - Processing file /Users/abhaymone/src/dev/sand/MANAGE-GMAIL/venv/lib/python3.9/site-packages/airflow/example_dags/example_latest_only_with_trigger.py for tasks to queue
[2022-08-21 16:44:56,170] {logging_mixin.py:115} INFO - [2022-08-21 16:44:56,170] {dagbag.py:508} INFO - Filling up the DagBag from /Users/abhaymone/src/dev/sand/MANAGE-GMAIL/venv/lib/python3.9/site-packages/airflow/example_dags/example_latest_only_with_trigger.py
[2022-08-21 16:44:56,184] {processor.py:651} INFO - DAG(s) dict_keys(['latest_only_with_trigger']) retrieved from /Users/abhaymone/src/dev/sand/MANAGE-GMAIL/venv/lib/python3.9/site-packages/airflow/example_dags/example_latest_only_with_trigger.py
[2022-08-21 16:44:56,232] {logging_mixin.py:115} INFO - [2022-08-21 16:44:56,232] {dag.py:2420} INFO - Sync 1 DAGs
[2022-08-21 16:44:56,242] {logging_mixin.py:115} INFO - [2022-08-21 16:44:56,242] {dag.py:2968} INFO - Setting next_dagrun for latest_only_with_trigger to 2022-08-21T16:44:56.242807+00:00, run_after=2022-08-21T20:44:56.242807+00:00
[2022-08-21 16:44:56,254] {processor.py:161} INFO - Processing /Users/abhaymone/src/dev/sand/MANAGE-GMAIL/venv/lib/python3.9/site-packages/airflow/example_dags/example_latest_only_with_trigger.py took 0.091 seconds
[2022-08-21 16:45:51,445] {processor.py:153} INFO - Started process (PID=4380) to work on /Users/abhaymone/src/dev/sand/MANAGE-GMAIL/venv/lib/python3.9/site-packages/airflow/example_dags/example_latest_only_with_trigger.py
[2022-08-21 16:45:51,445] {processor.py:641} INFO - Processing file /Users/abhaymone/src/dev/sand/MANAGE-GMAIL/venv/lib/python3.9/site-packages/airflow/example_dags/example_latest_only_with_trigger.py for tasks to queue
[2022-08-21 16:45:51,446] {logging_mixin.py:115} INFO - [2022-08-21 16:45:51,446] {dagbag.py:508} INFO - Filling up the DagBag from /Users/abhaymone/src/dev/sand/MANAGE-GMAIL/venv/lib/python3.9/site-packages/airflow/example_dags/example_latest_only_with_trigger.py
[2022-08-21 16:45:51,457] {processor.py:651} INFO - DAG(s) dict_keys(['latest_only_with_trigger']) retrieved from /Users/abhaymone/src/dev/sand/MANAGE-GMAIL/venv/lib/python3.9/site-packages/airflow/example_dags/example_latest_only_with_trigger.py
[2022-08-21 16:45:51,534] {logging_mixin.py:115} INFO - [2022-08-21 16:45:51,534] {dag.py:2420} INFO - Sync 1 DAGs
[2022-08-21 16:45:51,545] {logging_mixin.py:115} INFO - [2022-08-21 16:45:51,545] {dag.py:2968} INFO - Setting next_dagrun for latest_only_with_trigger to 2022-08-21T16:45:51.545323+00:00, run_after=2022-08-21T20:45:51.545323+00:00
[2022-08-21 16:45:51,558] {processor.py:161} INFO - Processing /Users/abhaymone/src/dev/sand/MANAGE-GMAIL/venv/lib/python3.9/site-packages/airflow/example_dags/example_latest_only_with_trigger.py took 0.113 seconds
[2022-08-21 16:46:47,971] {processor.py:153} INFO - Started process (PID=4499) to work on /Users/abhaymone/src/dev/sand/MANAGE-GMAIL/venv/lib/python3.9/site-packages/airflow/example_dags/example_latest_only_with_trigger.py
[2022-08-21 16:46:47,976] {processor.py:641} INFO - Processing file /Users/abhaymone/src/dev/sand/MANAGE-GMAIL/venv/lib/python3.9/site-packages/airflow/example_dags/example_latest_only_with_trigger.py for tasks to queue
[2022-08-21 16:46:47,977] {logging_mixin.py:115} INFO - [2022-08-21 16:46:47,977] {dagbag.py:508} INFO - Filling up the DagBag from /Users/abhaymone/src/dev/sand/MANAGE-GMAIL/venv/lib/python3.9/site-packages/airflow/example_dags/example_latest_only_with_trigger.py
[2022-08-21 16:46:47,993] {processor.py:651} INFO - DAG(s) dict_keys(['latest_only_with_trigger']) retrieved from /Users/abhaymone/src/dev/sand/MANAGE-GMAIL/venv/lib/python3.9/site-packages/airflow/example_dags/example_latest_only_with_trigger.py
[2022-08-21 16:46:48,042] {logging_mixin.py:115} INFO - [2022-08-21 16:46:48,042] {dag.py:2420} INFO - Sync 1 DAGs
[2022-08-21 16:46:48,052] {logging_mixin.py:115} INFO - [2022-08-21 16:46:48,052] {dag.py:2968} INFO - Setting next_dagrun for latest_only_with_trigger to 2022-08-21T16:46:48.052464+00:00, run_after=2022-08-21T20:46:48.052464+00:00
[2022-08-21 16:46:48,063] {processor.py:161} INFO - Processing /Users/abhaymone/src/dev/sand/MANAGE-GMAIL/venv/lib/python3.9/site-packages/airflow/example_dags/example_latest_only_with_trigger.py took 0.093 seconds
[2022-08-21 16:47:49,877] {processor.py:153} INFO - Started process (PID=4565) to work on /Users/abhaymone/src/dev/sand/MANAGE-GMAIL/venv/lib/python3.9/site-packages/airflow/example_dags/example_latest_only_with_trigger.py
[2022-08-21 16:47:49,882] {processor.py:641} INFO - Processing file /Users/abhaymone/src/dev/sand/MANAGE-GMAIL/venv/lib/python3.9/site-packages/airflow/example_dags/example_latest_only_with_trigger.py for tasks to queue
[2022-08-21 16:47:49,883] {logging_mixin.py:115} INFO - [2022-08-21 16:47:49,883] {dagbag.py:508} INFO - Filling up the DagBag from /Users/abhaymone/src/dev/sand/MANAGE-GMAIL/venv/lib/python3.9/site-packages/airflow/example_dags/example_latest_only_with_trigger.py
[2022-08-21 16:47:49,899] {processor.py:651} INFO - DAG(s) dict_keys(['latest_only_with_trigger']) retrieved from /Users/abhaymone/src/dev/sand/MANAGE-GMAIL/venv/lib/python3.9/site-packages/airflow/example_dags/example_latest_only_with_trigger.py
[2022-08-21 16:47:49,982] {logging_mixin.py:115} INFO - [2022-08-21 16:47:49,982] {dag.py:2420} INFO - Sync 1 DAGs
[2022-08-21 16:47:50,001] {logging_mixin.py:115} INFO - [2022-08-21 16:47:50,001] {dag.py:2968} INFO - Setting next_dagrun for latest_only_with_trigger to 2022-08-21T16:47:50.001007+00:00, run_after=2022-08-21T20:47:50.001007+00:00
[2022-08-21 16:47:50,014] {processor.py:161} INFO - Processing /Users/abhaymone/src/dev/sand/MANAGE-GMAIL/venv/lib/python3.9/site-packages/airflow/example_dags/example_latest_only_with_trigger.py took 0.138 seconds
[2022-08-21 16:48:59,154] {processor.py:153} INFO - Started process (PID=4616) to work on /Users/abhaymone/src/dev/sand/MANAGE-GMAIL/venv/lib/python3.9/site-packages/airflow/example_dags/example_latest_only_with_trigger.py
[2022-08-21 16:48:59,160] {processor.py:641} INFO - Processing file /Users/abhaymone/src/dev/sand/MANAGE-GMAIL/venv/lib/python3.9/site-packages/airflow/example_dags/example_latest_only_with_trigger.py for tasks to queue
[2022-08-21 16:48:59,161] {logging_mixin.py:115} INFO - [2022-08-21 16:48:59,161] {dagbag.py:508} INFO - Filling up the DagBag from /Users/abhaymone/src/dev/sand/MANAGE-GMAIL/venv/lib/python3.9/site-packages/airflow/example_dags/example_latest_only_with_trigger.py
[2022-08-21 16:48:59,179] {processor.py:651} INFO - DAG(s) dict_keys(['latest_only_with_trigger']) retrieved from /Users/abhaymone/src/dev/sand/MANAGE-GMAIL/venv/lib/python3.9/site-packages/airflow/example_dags/example_latest_only_with_trigger.py
[2022-08-21 16:48:59,235] {logging_mixin.py:115} INFO - [2022-08-21 16:48:59,235] {dag.py:2420} INFO - Sync 1 DAGs
[2022-08-21 16:48:59,247] {logging_mixin.py:115} INFO - [2022-08-21 16:48:59,247] {dag.py:2968} INFO - Setting next_dagrun for latest_only_with_trigger to 2022-08-21T16:48:59.247133+00:00, run_after=2022-08-21T20:48:59.247133+00:00
[2022-08-21 16:48:59,259] {processor.py:161} INFO - Processing /Users/abhaymone/src/dev/sand/MANAGE-GMAIL/venv/lib/python3.9/site-packages/airflow/example_dags/example_latest_only_with_trigger.py took 0.106 seconds
[2022-08-21 16:49:59,998] {processor.py:153} INFO - Started process (PID=4656) to work on /Users/abhaymone/src/dev/sand/MANAGE-GMAIL/venv/lib/python3.9/site-packages/airflow/example_dags/example_latest_only_with_trigger.py
[2022-08-21 16:49:59,998] {processor.py:641} INFO - Processing file /Users/abhaymone/src/dev/sand/MANAGE-GMAIL/venv/lib/python3.9/site-packages/airflow/example_dags/example_latest_only_with_trigger.py for tasks to queue
[2022-08-21 16:49:59,999] {logging_mixin.py:115} INFO - [2022-08-21 16:49:59,999] {dagbag.py:508} INFO - Filling up the DagBag from /Users/abhaymone/src/dev/sand/MANAGE-GMAIL/venv/lib/python3.9/site-packages/airflow/example_dags/example_latest_only_with_trigger.py
[2022-08-21 16:50:00,014] {processor.py:651} INFO - DAG(s) dict_keys(['latest_only_with_trigger']) retrieved from /Users/abhaymone/src/dev/sand/MANAGE-GMAIL/venv/lib/python3.9/site-packages/airflow/example_dags/example_latest_only_with_trigger.py
[2022-08-21 16:50:00,069] {logging_mixin.py:115} INFO - [2022-08-21 16:50:00,069] {dag.py:2420} INFO - Sync 1 DAGs
[2022-08-21 16:50:00,079] {logging_mixin.py:115} INFO - [2022-08-21 16:50:00,079] {dag.py:2968} INFO - Setting next_dagrun for latest_only_with_trigger to 2022-08-21T16:50:00.079698+00:00, run_after=2022-08-21T20:50:00.079698+00:00
[2022-08-21 16:50:00,088] {processor.py:161} INFO - Processing /Users/abhaymone/src/dev/sand/MANAGE-GMAIL/venv/lib/python3.9/site-packages/airflow/example_dags/example_latest_only_with_trigger.py took 0.090 seconds
[2022-08-21 16:51:02,648] {processor.py:153} INFO - Started process (PID=4726) to work on /Users/abhaymone/src/dev/sand/MANAGE-GMAIL/venv/lib/python3.9/site-packages/airflow/example_dags/example_latest_only_with_trigger.py
[2022-08-21 16:51:02,654] {processor.py:641} INFO - Processing file /Users/abhaymone/src/dev/sand/MANAGE-GMAIL/venv/lib/python3.9/site-packages/airflow/example_dags/example_latest_only_with_trigger.py for tasks to queue
[2022-08-21 16:51:02,655] {logging_mixin.py:115} INFO - [2022-08-21 16:51:02,655] {dagbag.py:508} INFO - Filling up the DagBag from /Users/abhaymone/src/dev/sand/MANAGE-GMAIL/venv/lib/python3.9/site-packages/airflow/example_dags/example_latest_only_with_trigger.py
[2022-08-21 16:51:02,674] {processor.py:651} INFO - DAG(s) dict_keys(['latest_only_with_trigger']) retrieved from /Users/abhaymone/src/dev/sand/MANAGE-GMAIL/venv/lib/python3.9/site-packages/airflow/example_dags/example_latest_only_with_trigger.py
[2022-08-21 16:51:02,749] {logging_mixin.py:115} INFO - [2022-08-21 16:51:02,749] {dag.py:2420} INFO - Sync 1 DAGs
[2022-08-21 16:51:02,765] {logging_mixin.py:115} INFO - [2022-08-21 16:51:02,765] {dag.py:2968} INFO - Setting next_dagrun for latest_only_with_trigger to 2022-08-21T16:51:02.765200+00:00, run_after=2022-08-21T20:51:02.765200+00:00
[2022-08-21 16:51:02,787] {processor.py:161} INFO - Processing /Users/abhaymone/src/dev/sand/MANAGE-GMAIL/venv/lib/python3.9/site-packages/airflow/example_dags/example_latest_only_with_trigger.py took 0.140 seconds
[2022-08-21 16:52:00,626] {processor.py:153} INFO - Started process (PID=4836) to work on /Users/abhaymone/src/dev/sand/MANAGE-GMAIL/venv/lib/python3.9/site-packages/airflow/example_dags/example_latest_only_with_trigger.py
[2022-08-21 16:52:00,632] {processor.py:641} INFO - Processing file /Users/abhaymone/src/dev/sand/MANAGE-GMAIL/venv/lib/python3.9/site-packages/airflow/example_dags/example_latest_only_with_trigger.py for tasks to queue
[2022-08-21 16:52:00,633] {logging_mixin.py:115} INFO - [2022-08-21 16:52:00,632] {dagbag.py:508} INFO - Filling up the DagBag from /Users/abhaymone/src/dev/sand/MANAGE-GMAIL/venv/lib/python3.9/site-packages/airflow/example_dags/example_latest_only_with_trigger.py
[2022-08-21 16:52:00,650] {processor.py:651} INFO - DAG(s) dict_keys(['latest_only_with_trigger']) retrieved from /Users/abhaymone/src/dev/sand/MANAGE-GMAIL/venv/lib/python3.9/site-packages/airflow/example_dags/example_latest_only_with_trigger.py
[2022-08-21 16:52:00,701] {logging_mixin.py:115} INFO - [2022-08-21 16:52:00,701] {dag.py:2420} INFO - Sync 1 DAGs
[2022-08-21 16:52:00,712] {logging_mixin.py:115} INFO - [2022-08-21 16:52:00,712] {dag.py:2968} INFO - Setting next_dagrun for latest_only_with_trigger to 2022-08-21T16:52:00.711913+00:00, run_after=2022-08-21T20:52:00.711913+00:00
[2022-08-21 16:52:00,720] {processor.py:161} INFO - Processing /Users/abhaymone/src/dev/sand/MANAGE-GMAIL/venv/lib/python3.9/site-packages/airflow/example_dags/example_latest_only_with_trigger.py took 0.094 seconds
[2022-08-21 16:52:58,567] {processor.py:153} INFO - Started process (PID=5080) to work on /Users/abhaymone/src/dev/sand/MANAGE-GMAIL/venv/lib/python3.9/site-packages/airflow/example_dags/example_latest_only_with_trigger.py
[2022-08-21 16:52:58,568] {processor.py:641} INFO - Processing file /Users/abhaymone/src/dev/sand/MANAGE-GMAIL/venv/lib/python3.9/site-packages/airflow/example_dags/example_latest_only_with_trigger.py for tasks to queue
[2022-08-21 16:52:58,568] {logging_mixin.py:115} INFO - [2022-08-21 16:52:58,568] {dagbag.py:508} INFO - Filling up the DagBag from /Users/abhaymone/src/dev/sand/MANAGE-GMAIL/venv/lib/python3.9/site-packages/airflow/example_dags/example_latest_only_with_trigger.py
[2022-08-21 16:52:58,578] {processor.py:651} INFO - DAG(s) dict_keys(['latest_only_with_trigger']) retrieved from /Users/abhaymone/src/dev/sand/MANAGE-GMAIL/venv/lib/python3.9/site-packages/airflow/example_dags/example_latest_only_with_trigger.py
[2022-08-21 16:52:58,647] {logging_mixin.py:115} INFO - [2022-08-21 16:52:58,646] {dag.py:2420} INFO - Sync 1 DAGs
[2022-08-21 16:52:58,660] {logging_mixin.py:115} INFO - [2022-08-21 16:52:58,659] {dag.py:2968} INFO - Setting next_dagrun for latest_only_with_trigger to 2022-08-21T16:52:58.659818+00:00, run_after=2022-08-21T20:52:58.659818+00:00
[2022-08-21 16:52:58,677] {processor.py:161} INFO - Processing /Users/abhaymone/src/dev/sand/MANAGE-GMAIL/venv/lib/python3.9/site-packages/airflow/example_dags/example_latest_only_with_trigger.py took 0.111 seconds
[2022-08-21 16:54:05,034] {processor.py:153} INFO - Started process (PID=5160) to work on /Users/abhaymone/src/dev/sand/MANAGE-GMAIL/venv/lib/python3.9/site-packages/airflow/example_dags/example_latest_only_with_trigger.py
[2022-08-21 16:54:05,034] {processor.py:641} INFO - Processing file /Users/abhaymone/src/dev/sand/MANAGE-GMAIL/venv/lib/python3.9/site-packages/airflow/example_dags/example_latest_only_with_trigger.py for tasks to queue
[2022-08-21 16:54:05,034] {logging_mixin.py:115} INFO - [2022-08-21 16:54:05,034] {dagbag.py:508} INFO - Filling up the DagBag from /Users/abhaymone/src/dev/sand/MANAGE-GMAIL/venv/lib/python3.9/site-packages/airflow/example_dags/example_latest_only_with_trigger.py
[2022-08-21 16:54:05,044] {processor.py:651} INFO - DAG(s) dict_keys(['latest_only_with_trigger']) retrieved from /Users/abhaymone/src/dev/sand/MANAGE-GMAIL/venv/lib/python3.9/site-packages/airflow/example_dags/example_latest_only_with_trigger.py
[2022-08-21 16:54:05,094] {logging_mixin.py:115} INFO - [2022-08-21 16:54:05,094] {dag.py:2420} INFO - Sync 1 DAGs
[2022-08-21 16:54:05,106] {logging_mixin.py:115} INFO - [2022-08-21 16:54:05,106] {dag.py:2968} INFO - Setting next_dagrun for latest_only_with_trigger to 2022-08-21T16:54:05.106460+00:00, run_after=2022-08-21T20:54:05.106460+00:00
[2022-08-21 16:54:05,124] {processor.py:161} INFO - Processing /Users/abhaymone/src/dev/sand/MANAGE-GMAIL/venv/lib/python3.9/site-packages/airflow/example_dags/example_latest_only_with_trigger.py took 0.091 seconds
[2022-08-21 16:55:06,650] {processor.py:153} INFO - Started process (PID=5218) to work on /Users/abhaymone/src/dev/sand/MANAGE-GMAIL/venv/lib/python3.9/site-packages/airflow/example_dags/example_latest_only_with_trigger.py
[2022-08-21 16:55:06,656] {processor.py:641} INFO - Processing file /Users/abhaymone/src/dev/sand/MANAGE-GMAIL/venv/lib/python3.9/site-packages/airflow/example_dags/example_latest_only_with_trigger.py for tasks to queue
[2022-08-21 16:55:06,656] {logging_mixin.py:115} INFO - [2022-08-21 16:55:06,656] {dagbag.py:508} INFO - Filling up the DagBag from /Users/abhaymone/src/dev/sand/MANAGE-GMAIL/venv/lib/python3.9/site-packages/airflow/example_dags/example_latest_only_with_trigger.py
[2022-08-21 16:55:06,672] {processor.py:651} INFO - DAG(s) dict_keys(['latest_only_with_trigger']) retrieved from /Users/abhaymone/src/dev/sand/MANAGE-GMAIL/venv/lib/python3.9/site-packages/airflow/example_dags/example_latest_only_with_trigger.py
[2022-08-21 16:55:06,723] {logging_mixin.py:115} INFO - [2022-08-21 16:55:06,723] {dag.py:2420} INFO - Sync 1 DAGs
[2022-08-21 16:55:06,734] {logging_mixin.py:115} INFO - [2022-08-21 16:55:06,734] {dag.py:2968} INFO - Setting next_dagrun for latest_only_with_trigger to 2022-08-21T16:55:06.734402+00:00, run_after=2022-08-21T20:55:06.734402+00:00
[2022-08-21 16:55:06,747] {processor.py:161} INFO - Processing /Users/abhaymone/src/dev/sand/MANAGE-GMAIL/venv/lib/python3.9/site-packages/airflow/example_dags/example_latest_only_with_trigger.py took 0.098 seconds
