[2022-08-21 16:15:20,211] {processor.py:153} INFO - Started process (PID=3404) to work on /Users/abhaymone/src/dev/sand/MANAGE-GMAIL/venv/lib/python3.9/site-packages/airflow/example_dags/example_bash_operator.py
[2022-08-21 16:15:20,211] {processor.py:641} INFO - Processing file /Users/abhaymone/src/dev/sand/MANAGE-GMAIL/venv/lib/python3.9/site-packages/airflow/example_dags/example_bash_operator.py for tasks to queue
[2022-08-21 16:15:20,211] {logging_mixin.py:115} INFO - [2022-08-21 16:15:20,211] {dagbag.py:508} INFO - Filling up the DagBag from /Users/abhaymone/src/dev/sand/MANAGE-GMAIL/venv/lib/python3.9/site-packages/airflow/example_dags/example_bash_operator.py
[2022-08-21 16:15:20,236] {processor.py:651} INFO - DAG(s) dict_keys(['example_bash_operator']) retrieved from /Users/abhaymone/src/dev/sand/MANAGE-GMAIL/venv/lib/python3.9/site-packages/airflow/example_dags/example_bash_operator.py
[2022-08-21 16:15:20,925] {logging_mixin.py:115} INFO - [2022-08-21 16:15:20,925] {manager.py:508} INFO - Created Permission View: can delete on DAG:example_bash_operator
[2022-08-21 16:15:20,931] {logging_mixin.py:115} INFO - [2022-08-21 16:15:20,931] {manager.py:508} INFO - Created Permission View: can read on DAG:example_bash_operator
[2022-08-21 16:15:20,937] {logging_mixin.py:115} INFO - [2022-08-21 16:15:20,937] {manager.py:508} INFO - Created Permission View: can edit on DAG:example_bash_operator
[2022-08-21 16:15:20,937] {logging_mixin.py:115} INFO - [2022-08-21 16:15:20,937] {dag.py:2420} INFO - Sync 1 DAGs
[2022-08-21 16:15:20,943] {logging_mixin.py:115} INFO - [2022-08-21 16:15:20,943] {dag.py:2439} INFO - Creating ORM DAG for example_bash_operator
[2022-08-21 16:15:20,951] {logging_mixin.py:115} INFO - [2022-08-21 16:15:20,951] {dag.py:2968} INFO - Setting next_dagrun for example_bash_operator to 2022-08-20T00:00:00+00:00, run_after=2022-08-21T00:00:00+00:00
[2022-08-21 16:15:20,960] {processor.py:161} INFO - Processing /Users/abhaymone/src/dev/sand/MANAGE-GMAIL/venv/lib/python3.9/site-packages/airflow/example_dags/example_bash_operator.py took 0.750 seconds
[2022-08-21 16:16:25,600] {processor.py:153} INFO - Started process (PID=3447) to work on /Users/abhaymone/src/dev/sand/MANAGE-GMAIL/venv/lib/python3.9/site-packages/airflow/example_dags/example_bash_operator.py
[2022-08-21 16:16:25,606] {processor.py:641} INFO - Processing file /Users/abhaymone/src/dev/sand/MANAGE-GMAIL/venv/lib/python3.9/site-packages/airflow/example_dags/example_bash_operator.py for tasks to queue
[2022-08-21 16:16:25,606] {logging_mixin.py:115} INFO - [2022-08-21 16:16:25,606] {dagbag.py:508} INFO - Filling up the DagBag from /Users/abhaymone/src/dev/sand/MANAGE-GMAIL/venv/lib/python3.9/site-packages/airflow/example_dags/example_bash_operator.py
[2022-08-21 16:16:25,624] {processor.py:651} INFO - DAG(s) dict_keys(['example_bash_operator']) retrieved from /Users/abhaymone/src/dev/sand/MANAGE-GMAIL/venv/lib/python3.9/site-packages/airflow/example_dags/example_bash_operator.py
[2022-08-21 16:16:25,671] {logging_mixin.py:115} INFO - [2022-08-21 16:16:25,671] {dag.py:2420} INFO - Sync 1 DAGs
[2022-08-21 16:16:25,683] {logging_mixin.py:115} INFO - [2022-08-21 16:16:25,682] {dag.py:2968} INFO - Setting next_dagrun for example_bash_operator to 2022-08-20T00:00:00+00:00, run_after=2022-08-21T00:00:00+00:00
[2022-08-21 16:16:25,693] {processor.py:161} INFO - Processing /Users/abhaymone/src/dev/sand/MANAGE-GMAIL/venv/lib/python3.9/site-packages/airflow/example_dags/example_bash_operator.py took 0.093 seconds
[2022-08-21 16:27:58,604] {processor.py:153} INFO - Started process (PID=3518) to work on /Users/abhaymone/src/dev/sand/MANAGE-GMAIL/venv/lib/python3.9/site-packages/airflow/example_dags/example_bash_operator.py
[2022-08-21 16:27:58,604] {processor.py:641} INFO - Processing file /Users/abhaymone/src/dev/sand/MANAGE-GMAIL/venv/lib/python3.9/site-packages/airflow/example_dags/example_bash_operator.py for tasks to queue
[2022-08-21 16:27:58,604] {logging_mixin.py:115} INFO - [2022-08-21 16:27:58,604] {dagbag.py:508} INFO - Filling up the DagBag from /Users/abhaymone/src/dev/sand/MANAGE-GMAIL/venv/lib/python3.9/site-packages/airflow/example_dags/example_bash_operator.py
[2022-08-21 16:27:58,632] {processor.py:651} INFO - DAG(s) dict_keys(['example_bash_operator']) retrieved from /Users/abhaymone/src/dev/sand/MANAGE-GMAIL/venv/lib/python3.9/site-packages/airflow/example_dags/example_bash_operator.py
[2022-08-21 16:27:58,864] {logging_mixin.py:115} INFO - [2022-08-21 16:27:58,863] {dag.py:2420} INFO - Sync 1 DAGs
[2022-08-21 16:27:59,062] {logging_mixin.py:115} INFO - [2022-08-21 16:27:59,062] {dag.py:2968} INFO - Setting next_dagrun for example_bash_operator to 2022-08-20T00:00:00+00:00, run_after=2022-08-21T00:00:00+00:00
[2022-08-21 16:27:59,076] {processor.py:161} INFO - Processing /Users/abhaymone/src/dev/sand/MANAGE-GMAIL/venv/lib/python3.9/site-packages/airflow/example_dags/example_bash_operator.py took 0.473 seconds
[2022-08-21 16:29:20,560] {processor.py:153} INFO - Started process (PID=3586) to work on /Users/abhaymone/src/dev/sand/MANAGE-GMAIL/venv/lib/python3.9/site-packages/airflow/example_dags/example_bash_operator.py
[2022-08-21 16:29:20,560] {processor.py:641} INFO - Processing file /Users/abhaymone/src/dev/sand/MANAGE-GMAIL/venv/lib/python3.9/site-packages/airflow/example_dags/example_bash_operator.py for tasks to queue
[2022-08-21 16:29:20,560] {logging_mixin.py:115} INFO - [2022-08-21 16:29:20,560] {dagbag.py:508} INFO - Filling up the DagBag from /Users/abhaymone/src/dev/sand/MANAGE-GMAIL/venv/lib/python3.9/site-packages/airflow/example_dags/example_bash_operator.py
[2022-08-21 16:29:20,572] {processor.py:651} INFO - DAG(s) dict_keys(['example_bash_operator']) retrieved from /Users/abhaymone/src/dev/sand/MANAGE-GMAIL/venv/lib/python3.9/site-packages/airflow/example_dags/example_bash_operator.py
[2022-08-21 16:29:20,620] {logging_mixin.py:115} INFO - [2022-08-21 16:29:20,620] {dag.py:2420} INFO - Sync 1 DAGs
[2022-08-21 16:29:20,631] {logging_mixin.py:115} INFO - [2022-08-21 16:29:20,631] {dag.py:2968} INFO - Setting next_dagrun for example_bash_operator to 2022-08-20T00:00:00+00:00, run_after=2022-08-21T00:00:00+00:00
[2022-08-21 16:29:20,647] {processor.py:161} INFO - Processing /Users/abhaymone/src/dev/sand/MANAGE-GMAIL/venv/lib/python3.9/site-packages/airflow/example_dags/example_bash_operator.py took 0.088 seconds
[2022-08-21 16:30:46,063] {processor.py:153} INFO - Started process (PID=3639) to work on /Users/abhaymone/src/dev/sand/MANAGE-GMAIL/venv/lib/python3.9/site-packages/airflow/example_dags/example_bash_operator.py
[2022-08-21 16:30:46,069] {processor.py:641} INFO - Processing file /Users/abhaymone/src/dev/sand/MANAGE-GMAIL/venv/lib/python3.9/site-packages/airflow/example_dags/example_bash_operator.py for tasks to queue
[2022-08-21 16:30:46,070] {logging_mixin.py:115} INFO - [2022-08-21 16:30:46,070] {dagbag.py:508} INFO - Filling up the DagBag from /Users/abhaymone/src/dev/sand/MANAGE-GMAIL/venv/lib/python3.9/site-packages/airflow/example_dags/example_bash_operator.py
[2022-08-21 16:30:46,089] {processor.py:651} INFO - DAG(s) dict_keys(['example_bash_operator']) retrieved from /Users/abhaymone/src/dev/sand/MANAGE-GMAIL/venv/lib/python3.9/site-packages/airflow/example_dags/example_bash_operator.py
[2022-08-21 16:30:46,138] {logging_mixin.py:115} INFO - [2022-08-21 16:30:46,138] {dag.py:2420} INFO - Sync 1 DAGs
[2022-08-21 16:30:46,150] {logging_mixin.py:115} INFO - [2022-08-21 16:30:46,150] {dag.py:2968} INFO - Setting next_dagrun for example_bash_operator to 2022-08-20T00:00:00+00:00, run_after=2022-08-21T00:00:00+00:00
[2022-08-21 16:30:46,160] {processor.py:161} INFO - Processing /Users/abhaymone/src/dev/sand/MANAGE-GMAIL/venv/lib/python3.9/site-packages/airflow/example_dags/example_bash_operator.py took 0.097 seconds
[2022-08-21 16:31:55,434] {processor.py:153} INFO - Started process (PID=3683) to work on /Users/abhaymone/src/dev/sand/MANAGE-GMAIL/venv/lib/python3.9/site-packages/airflow/example_dags/example_bash_operator.py
[2022-08-21 16:31:55,435] {processor.py:641} INFO - Processing file /Users/abhaymone/src/dev/sand/MANAGE-GMAIL/venv/lib/python3.9/site-packages/airflow/example_dags/example_bash_operator.py for tasks to queue
[2022-08-21 16:31:55,435] {logging_mixin.py:115} INFO - [2022-08-21 16:31:55,435] {dagbag.py:508} INFO - Filling up the DagBag from /Users/abhaymone/src/dev/sand/MANAGE-GMAIL/venv/lib/python3.9/site-packages/airflow/example_dags/example_bash_operator.py
[2022-08-21 16:31:55,450] {processor.py:651} INFO - DAG(s) dict_keys(['example_bash_operator']) retrieved from /Users/abhaymone/src/dev/sand/MANAGE-GMAIL/venv/lib/python3.9/site-packages/airflow/example_dags/example_bash_operator.py
[2022-08-21 16:31:55,499] {logging_mixin.py:115} INFO - [2022-08-21 16:31:55,499] {dag.py:2420} INFO - Sync 1 DAGs
[2022-08-21 16:31:55,511] {logging_mixin.py:115} INFO - [2022-08-21 16:31:55,511] {dag.py:2968} INFO - Setting next_dagrun for example_bash_operator to 2022-08-20T00:00:00+00:00, run_after=2022-08-21T00:00:00+00:00
[2022-08-21 16:31:55,519] {processor.py:161} INFO - Processing /Users/abhaymone/src/dev/sand/MANAGE-GMAIL/venv/lib/python3.9/site-packages/airflow/example_dags/example_bash_operator.py took 0.086 seconds
[2022-08-21 16:32:53,478] {processor.py:153} INFO - Started process (PID=3721) to work on /Users/abhaymone/src/dev/sand/MANAGE-GMAIL/venv/lib/python3.9/site-packages/airflow/example_dags/example_bash_operator.py
[2022-08-21 16:32:53,484] {processor.py:641} INFO - Processing file /Users/abhaymone/src/dev/sand/MANAGE-GMAIL/venv/lib/python3.9/site-packages/airflow/example_dags/example_bash_operator.py for tasks to queue
[2022-08-21 16:32:53,484] {logging_mixin.py:115} INFO - [2022-08-21 16:32:53,484] {dagbag.py:508} INFO - Filling up the DagBag from /Users/abhaymone/src/dev/sand/MANAGE-GMAIL/venv/lib/python3.9/site-packages/airflow/example_dags/example_bash_operator.py
[2022-08-21 16:32:53,500] {processor.py:651} INFO - DAG(s) dict_keys(['example_bash_operator']) retrieved from /Users/abhaymone/src/dev/sand/MANAGE-GMAIL/venv/lib/python3.9/site-packages/airflow/example_dags/example_bash_operator.py
[2022-08-21 16:32:53,553] {logging_mixin.py:115} INFO - [2022-08-21 16:32:53,553] {dag.py:2420} INFO - Sync 1 DAGs
[2022-08-21 16:32:53,566] {logging_mixin.py:115} INFO - [2022-08-21 16:32:53,566] {dag.py:2968} INFO - Setting next_dagrun for example_bash_operator to 2022-08-20T00:00:00+00:00, run_after=2022-08-21T00:00:00+00:00
[2022-08-21 16:32:53,578] {processor.py:161} INFO - Processing /Users/abhaymone/src/dev/sand/MANAGE-GMAIL/venv/lib/python3.9/site-packages/airflow/example_dags/example_bash_operator.py took 0.101 seconds
[2022-08-21 16:33:54,835] {processor.py:153} INFO - Started process (PID=3757) to work on /Users/abhaymone/src/dev/sand/MANAGE-GMAIL/venv/lib/python3.9/site-packages/airflow/example_dags/example_bash_operator.py
[2022-08-21 16:33:54,841] {processor.py:641} INFO - Processing file /Users/abhaymone/src/dev/sand/MANAGE-GMAIL/venv/lib/python3.9/site-packages/airflow/example_dags/example_bash_operator.py for tasks to queue
[2022-08-21 16:33:54,842] {logging_mixin.py:115} INFO - [2022-08-21 16:33:54,842] {dagbag.py:508} INFO - Filling up the DagBag from /Users/abhaymone/src/dev/sand/MANAGE-GMAIL/venv/lib/python3.9/site-packages/airflow/example_dags/example_bash_operator.py
[2022-08-21 16:33:54,862] {processor.py:651} INFO - DAG(s) dict_keys(['example_bash_operator']) retrieved from /Users/abhaymone/src/dev/sand/MANAGE-GMAIL/venv/lib/python3.9/site-packages/airflow/example_dags/example_bash_operator.py
[2022-08-21 16:33:54,922] {logging_mixin.py:115} INFO - [2022-08-21 16:33:54,922] {dag.py:2420} INFO - Sync 1 DAGs
[2022-08-21 16:33:54,935] {logging_mixin.py:115} INFO - [2022-08-21 16:33:54,935] {dag.py:2968} INFO - Setting next_dagrun for example_bash_operator to 2022-08-20T00:00:00+00:00, run_after=2022-08-21T00:00:00+00:00
[2022-08-21 16:33:54,946] {processor.py:161} INFO - Processing /Users/abhaymone/src/dev/sand/MANAGE-GMAIL/venv/lib/python3.9/site-packages/airflow/example_dags/example_bash_operator.py took 0.111 seconds
[2022-08-21 16:34:55,177] {processor.py:153} INFO - Started process (PID=3793) to work on /Users/abhaymone/src/dev/sand/MANAGE-GMAIL/venv/lib/python3.9/site-packages/airflow/example_dags/example_bash_operator.py
[2022-08-21 16:34:55,183] {processor.py:641} INFO - Processing file /Users/abhaymone/src/dev/sand/MANAGE-GMAIL/venv/lib/python3.9/site-packages/airflow/example_dags/example_bash_operator.py for tasks to queue
[2022-08-21 16:34:55,184] {logging_mixin.py:115} INFO - [2022-08-21 16:34:55,183] {dagbag.py:508} INFO - Filling up the DagBag from /Users/abhaymone/src/dev/sand/MANAGE-GMAIL/venv/lib/python3.9/site-packages/airflow/example_dags/example_bash_operator.py
[2022-08-21 16:34:55,202] {processor.py:651} INFO - DAG(s) dict_keys(['example_bash_operator']) retrieved from /Users/abhaymone/src/dev/sand/MANAGE-GMAIL/venv/lib/python3.9/site-packages/airflow/example_dags/example_bash_operator.py
[2022-08-21 16:34:55,253] {logging_mixin.py:115} INFO - [2022-08-21 16:34:55,253] {dag.py:2420} INFO - Sync 1 DAGs
[2022-08-21 16:34:55,267] {logging_mixin.py:115} INFO - [2022-08-21 16:34:55,267] {dag.py:2968} INFO - Setting next_dagrun for example_bash_operator to 2022-08-20T00:00:00+00:00, run_after=2022-08-21T00:00:00+00:00
[2022-08-21 16:34:55,278] {processor.py:161} INFO - Processing /Users/abhaymone/src/dev/sand/MANAGE-GMAIL/venv/lib/python3.9/site-packages/airflow/example_dags/example_bash_operator.py took 0.102 seconds
[2022-08-21 16:36:25,297] {processor.py:153} INFO - Started process (PID=3850) to work on /Users/abhaymone/src/dev/sand/MANAGE-GMAIL/venv/lib/python3.9/site-packages/airflow/example_dags/example_bash_operator.py
[2022-08-21 16:36:25,303] {processor.py:641} INFO - Processing file /Users/abhaymone/src/dev/sand/MANAGE-GMAIL/venv/lib/python3.9/site-packages/airflow/example_dags/example_bash_operator.py for tasks to queue
[2022-08-21 16:36:25,303] {logging_mixin.py:115} INFO - [2022-08-21 16:36:25,303] {dagbag.py:508} INFO - Filling up the DagBag from /Users/abhaymone/src/dev/sand/MANAGE-GMAIL/venv/lib/python3.9/site-packages/airflow/example_dags/example_bash_operator.py
[2022-08-21 16:36:25,321] {processor.py:651} INFO - DAG(s) dict_keys(['example_bash_operator']) retrieved from /Users/abhaymone/src/dev/sand/MANAGE-GMAIL/venv/lib/python3.9/site-packages/airflow/example_dags/example_bash_operator.py
[2022-08-21 16:36:25,374] {logging_mixin.py:115} INFO - [2022-08-21 16:36:25,374] {dag.py:2420} INFO - Sync 1 DAGs
[2022-08-21 16:36:25,386] {logging_mixin.py:115} INFO - [2022-08-21 16:36:25,386] {dag.py:2968} INFO - Setting next_dagrun for example_bash_operator to 2022-08-20T00:00:00+00:00, run_after=2022-08-21T00:00:00+00:00
[2022-08-21 16:36:25,398] {processor.py:161} INFO - Processing /Users/abhaymone/src/dev/sand/MANAGE-GMAIL/venv/lib/python3.9/site-packages/airflow/example_dags/example_bash_operator.py took 0.102 seconds
[2022-08-21 16:37:24,531] {processor.py:153} INFO - Started process (PID=3885) to work on /Users/abhaymone/src/dev/sand/MANAGE-GMAIL/venv/lib/python3.9/site-packages/airflow/example_dags/example_bash_operator.py
[2022-08-21 16:37:24,531] {processor.py:641} INFO - Processing file /Users/abhaymone/src/dev/sand/MANAGE-GMAIL/venv/lib/python3.9/site-packages/airflow/example_dags/example_bash_operator.py for tasks to queue
[2022-08-21 16:37:24,531] {logging_mixin.py:115} INFO - [2022-08-21 16:37:24,531] {dagbag.py:508} INFO - Filling up the DagBag from /Users/abhaymone/src/dev/sand/MANAGE-GMAIL/venv/lib/python3.9/site-packages/airflow/example_dags/example_bash_operator.py
[2022-08-21 16:37:24,543] {processor.py:651} INFO - DAG(s) dict_keys(['example_bash_operator']) retrieved from /Users/abhaymone/src/dev/sand/MANAGE-GMAIL/venv/lib/python3.9/site-packages/airflow/example_dags/example_bash_operator.py
[2022-08-21 16:37:24,591] {logging_mixin.py:115} INFO - [2022-08-21 16:37:24,591] {dag.py:2420} INFO - Sync 1 DAGs
[2022-08-21 16:37:24,603] {logging_mixin.py:115} INFO - [2022-08-21 16:37:24,603] {dag.py:2968} INFO - Setting next_dagrun for example_bash_operator to 2022-08-20T00:00:00+00:00, run_after=2022-08-21T00:00:00+00:00
[2022-08-21 16:37:24,619] {processor.py:161} INFO - Processing /Users/abhaymone/src/dev/sand/MANAGE-GMAIL/venv/lib/python3.9/site-packages/airflow/example_dags/example_bash_operator.py took 0.089 seconds
[2022-08-21 16:38:21,948] {processor.py:153} INFO - Started process (PID=3920) to work on /Users/abhaymone/src/dev/sand/MANAGE-GMAIL/venv/lib/python3.9/site-packages/airflow/example_dags/example_bash_operator.py
[2022-08-21 16:38:21,948] {processor.py:641} INFO - Processing file /Users/abhaymone/src/dev/sand/MANAGE-GMAIL/venv/lib/python3.9/site-packages/airflow/example_dags/example_bash_operator.py for tasks to queue
[2022-08-21 16:38:21,948] {logging_mixin.py:115} INFO - [2022-08-21 16:38:21,948] {dagbag.py:508} INFO - Filling up the DagBag from /Users/abhaymone/src/dev/sand/MANAGE-GMAIL/venv/lib/python3.9/site-packages/airflow/example_dags/example_bash_operator.py
[2022-08-21 16:38:21,961] {processor.py:651} INFO - DAG(s) dict_keys(['example_bash_operator']) retrieved from /Users/abhaymone/src/dev/sand/MANAGE-GMAIL/venv/lib/python3.9/site-packages/airflow/example_dags/example_bash_operator.py
[2022-08-21 16:38:22,010] {logging_mixin.py:115} INFO - [2022-08-21 16:38:22,010] {dag.py:2420} INFO - Sync 1 DAGs
[2022-08-21 16:38:22,022] {logging_mixin.py:115} INFO - [2022-08-21 16:38:22,022] {dag.py:2968} INFO - Setting next_dagrun for example_bash_operator to 2022-08-20T00:00:00+00:00, run_after=2022-08-21T00:00:00+00:00
[2022-08-21 16:38:22,038] {processor.py:161} INFO - Processing /Users/abhaymone/src/dev/sand/MANAGE-GMAIL/venv/lib/python3.9/site-packages/airflow/example_dags/example_bash_operator.py took 0.091 seconds
[2022-08-21 16:39:24,315] {processor.py:153} INFO - Started process (PID=3957) to work on /Users/abhaymone/src/dev/sand/MANAGE-GMAIL/venv/lib/python3.9/site-packages/airflow/example_dags/example_bash_operator.py
[2022-08-21 16:39:24,321] {processor.py:641} INFO - Processing file /Users/abhaymone/src/dev/sand/MANAGE-GMAIL/venv/lib/python3.9/site-packages/airflow/example_dags/example_bash_operator.py for tasks to queue
[2022-08-21 16:39:24,322] {logging_mixin.py:115} INFO - [2022-08-21 16:39:24,322] {dagbag.py:508} INFO - Filling up the DagBag from /Users/abhaymone/src/dev/sand/MANAGE-GMAIL/venv/lib/python3.9/site-packages/airflow/example_dags/example_bash_operator.py
[2022-08-21 16:39:24,342] {processor.py:651} INFO - DAG(s) dict_keys(['example_bash_operator']) retrieved from /Users/abhaymone/src/dev/sand/MANAGE-GMAIL/venv/lib/python3.9/site-packages/airflow/example_dags/example_bash_operator.py
[2022-08-21 16:39:24,398] {logging_mixin.py:115} INFO - [2022-08-21 16:39:24,398] {dag.py:2420} INFO - Sync 1 DAGs
[2022-08-21 16:39:24,412] {logging_mixin.py:115} INFO - [2022-08-21 16:39:24,411] {dag.py:2968} INFO - Setting next_dagrun for example_bash_operator to 2022-08-20T00:00:00+00:00, run_after=2022-08-21T00:00:00+00:00
[2022-08-21 16:39:24,424] {processor.py:161} INFO - Processing /Users/abhaymone/src/dev/sand/MANAGE-GMAIL/venv/lib/python3.9/site-packages/airflow/example_dags/example_bash_operator.py took 0.109 seconds
[2022-08-21 16:40:22,709] {processor.py:153} INFO - Started process (PID=3992) to work on /Users/abhaymone/src/dev/sand/MANAGE-GMAIL/venv/lib/python3.9/site-packages/airflow/example_dags/example_bash_operator.py
[2022-08-21 16:40:22,710] {processor.py:641} INFO - Processing file /Users/abhaymone/src/dev/sand/MANAGE-GMAIL/venv/lib/python3.9/site-packages/airflow/example_dags/example_bash_operator.py for tasks to queue
[2022-08-21 16:40:22,710] {logging_mixin.py:115} INFO - [2022-08-21 16:40:22,710] {dagbag.py:508} INFO - Filling up the DagBag from /Users/abhaymone/src/dev/sand/MANAGE-GMAIL/venv/lib/python3.9/site-packages/airflow/example_dags/example_bash_operator.py
[2022-08-21 16:40:22,723] {processor.py:651} INFO - DAG(s) dict_keys(['example_bash_operator']) retrieved from /Users/abhaymone/src/dev/sand/MANAGE-GMAIL/venv/lib/python3.9/site-packages/airflow/example_dags/example_bash_operator.py
[2022-08-21 16:40:22,774] {logging_mixin.py:115} INFO - [2022-08-21 16:40:22,774] {dag.py:2420} INFO - Sync 1 DAGs
[2022-08-21 16:40:22,786] {logging_mixin.py:115} INFO - [2022-08-21 16:40:22,786] {dag.py:2968} INFO - Setting next_dagrun for example_bash_operator to 2022-08-20T00:00:00+00:00, run_after=2022-08-21T00:00:00+00:00
[2022-08-21 16:40:22,803] {processor.py:161} INFO - Processing /Users/abhaymone/src/dev/sand/MANAGE-GMAIL/venv/lib/python3.9/site-packages/airflow/example_dags/example_bash_operator.py took 0.094 seconds
[2022-08-21 16:41:24,911] {processor.py:153} INFO - Started process (PID=4029) to work on /Users/abhaymone/src/dev/sand/MANAGE-GMAIL/venv/lib/python3.9/site-packages/airflow/example_dags/example_bash_operator.py
[2022-08-21 16:41:24,912] {processor.py:641} INFO - Processing file /Users/abhaymone/src/dev/sand/MANAGE-GMAIL/venv/lib/python3.9/site-packages/airflow/example_dags/example_bash_operator.py for tasks to queue
[2022-08-21 16:41:24,912] {logging_mixin.py:115} INFO - [2022-08-21 16:41:24,912] {dagbag.py:508} INFO - Filling up the DagBag from /Users/abhaymone/src/dev/sand/MANAGE-GMAIL/venv/lib/python3.9/site-packages/airflow/example_dags/example_bash_operator.py
[2022-08-21 16:41:24,929] {processor.py:651} INFO - DAG(s) dict_keys(['example_bash_operator']) retrieved from /Users/abhaymone/src/dev/sand/MANAGE-GMAIL/venv/lib/python3.9/site-packages/airflow/example_dags/example_bash_operator.py
[2022-08-21 16:41:24,979] {logging_mixin.py:115} INFO - [2022-08-21 16:41:24,979] {dag.py:2420} INFO - Sync 1 DAGs
[2022-08-21 16:41:24,993] {logging_mixin.py:115} INFO - [2022-08-21 16:41:24,993] {dag.py:2968} INFO - Setting next_dagrun for example_bash_operator to 2022-08-20T00:00:00+00:00, run_after=2022-08-21T00:00:00+00:00
[2022-08-21 16:41:25,004] {processor.py:161} INFO - Processing /Users/abhaymone/src/dev/sand/MANAGE-GMAIL/venv/lib/python3.9/site-packages/airflow/example_dags/example_bash_operator.py took 0.093 seconds
[2022-08-21 16:42:25,236] {processor.py:153} INFO - Started process (PID=4066) to work on /Users/abhaymone/src/dev/sand/MANAGE-GMAIL/venv/lib/python3.9/site-packages/airflow/example_dags/example_bash_operator.py
[2022-08-21 16:42:25,236] {processor.py:641} INFO - Processing file /Users/abhaymone/src/dev/sand/MANAGE-GMAIL/venv/lib/python3.9/site-packages/airflow/example_dags/example_bash_operator.py for tasks to queue
[2022-08-21 16:42:25,237] {logging_mixin.py:115} INFO - [2022-08-21 16:42:25,237] {dagbag.py:508} INFO - Filling up the DagBag from /Users/abhaymone/src/dev/sand/MANAGE-GMAIL/venv/lib/python3.9/site-packages/airflow/example_dags/example_bash_operator.py
[2022-08-21 16:42:25,250] {processor.py:651} INFO - DAG(s) dict_keys(['example_bash_operator']) retrieved from /Users/abhaymone/src/dev/sand/MANAGE-GMAIL/venv/lib/python3.9/site-packages/airflow/example_dags/example_bash_operator.py
[2022-08-21 16:42:25,308] {logging_mixin.py:115} INFO - [2022-08-21 16:42:25,308] {dag.py:2420} INFO - Sync 1 DAGs
[2022-08-21 16:42:25,320] {logging_mixin.py:115} INFO - [2022-08-21 16:42:25,320] {dag.py:2968} INFO - Setting next_dagrun for example_bash_operator to 2022-08-20T00:00:00+00:00, run_after=2022-08-21T00:00:00+00:00
[2022-08-21 16:42:25,337] {processor.py:161} INFO - Processing /Users/abhaymone/src/dev/sand/MANAGE-GMAIL/venv/lib/python3.9/site-packages/airflow/example_dags/example_bash_operator.py took 0.101 seconds
[2022-08-21 16:43:28,767] {processor.py:153} INFO - Started process (PID=4118) to work on /Users/abhaymone/src/dev/sand/MANAGE-GMAIL/venv/lib/python3.9/site-packages/airflow/example_dags/example_bash_operator.py
[2022-08-21 16:43:28,772] {processor.py:641} INFO - Processing file /Users/abhaymone/src/dev/sand/MANAGE-GMAIL/venv/lib/python3.9/site-packages/airflow/example_dags/example_bash_operator.py for tasks to queue
[2022-08-21 16:43:28,773] {logging_mixin.py:115} INFO - [2022-08-21 16:43:28,773] {dagbag.py:508} INFO - Filling up the DagBag from /Users/abhaymone/src/dev/sand/MANAGE-GMAIL/venv/lib/python3.9/site-packages/airflow/example_dags/example_bash_operator.py
[2022-08-21 16:43:28,793] {processor.py:651} INFO - DAG(s) dict_keys(['example_bash_operator']) retrieved from /Users/abhaymone/src/dev/sand/MANAGE-GMAIL/venv/lib/python3.9/site-packages/airflow/example_dags/example_bash_operator.py
[2022-08-21 16:43:28,846] {logging_mixin.py:115} INFO - [2022-08-21 16:43:28,846] {dag.py:2420} INFO - Sync 1 DAGs
[2022-08-21 16:43:28,859] {logging_mixin.py:115} INFO - [2022-08-21 16:43:28,859] {dag.py:2968} INFO - Setting next_dagrun for example_bash_operator to 2022-08-20T00:00:00+00:00, run_after=2022-08-21T00:00:00+00:00
[2022-08-21 16:43:28,870] {processor.py:161} INFO - Processing /Users/abhaymone/src/dev/sand/MANAGE-GMAIL/venv/lib/python3.9/site-packages/airflow/example_dags/example_bash_operator.py took 0.104 seconds
[2022-08-21 16:44:32,969] {processor.py:153} INFO - Started process (PID=4233) to work on /Users/abhaymone/src/dev/sand/MANAGE-GMAIL/venv/lib/python3.9/site-packages/airflow/example_dags/example_bash_operator.py
[2022-08-21 16:44:32,975] {processor.py:641} INFO - Processing file /Users/abhaymone/src/dev/sand/MANAGE-GMAIL/venv/lib/python3.9/site-packages/airflow/example_dags/example_bash_operator.py for tasks to queue
[2022-08-21 16:44:32,976] {logging_mixin.py:115} INFO - [2022-08-21 16:44:32,975] {dagbag.py:508} INFO - Filling up the DagBag from /Users/abhaymone/src/dev/sand/MANAGE-GMAIL/venv/lib/python3.9/site-packages/airflow/example_dags/example_bash_operator.py
[2022-08-21 16:44:32,997] {processor.py:651} INFO - DAG(s) dict_keys(['example_bash_operator']) retrieved from /Users/abhaymone/src/dev/sand/MANAGE-GMAIL/venv/lib/python3.9/site-packages/airflow/example_dags/example_bash_operator.py
[2022-08-21 16:44:33,052] {logging_mixin.py:115} INFO - [2022-08-21 16:44:33,052] {dag.py:2420} INFO - Sync 1 DAGs
[2022-08-21 16:44:33,064] {logging_mixin.py:115} INFO - [2022-08-21 16:44:33,064] {dag.py:2968} INFO - Setting next_dagrun for example_bash_operator to 2022-08-20T00:00:00+00:00, run_after=2022-08-21T00:00:00+00:00
[2022-08-21 16:44:33,074] {processor.py:161} INFO - Processing /Users/abhaymone/src/dev/sand/MANAGE-GMAIL/venv/lib/python3.9/site-packages/airflow/example_dags/example_bash_operator.py took 0.106 seconds
[2022-08-21 16:45:30,552] {processor.py:153} INFO - Started process (PID=4338) to work on /Users/abhaymone/src/dev/sand/MANAGE-GMAIL/venv/lib/python3.9/site-packages/airflow/example_dags/example_bash_operator.py
[2022-08-21 16:45:30,552] {processor.py:641} INFO - Processing file /Users/abhaymone/src/dev/sand/MANAGE-GMAIL/venv/lib/python3.9/site-packages/airflow/example_dags/example_bash_operator.py for tasks to queue
[2022-08-21 16:45:30,552] {logging_mixin.py:115} INFO - [2022-08-21 16:45:30,552] {dagbag.py:508} INFO - Filling up the DagBag from /Users/abhaymone/src/dev/sand/MANAGE-GMAIL/venv/lib/python3.9/site-packages/airflow/example_dags/example_bash_operator.py
[2022-08-21 16:45:30,565] {processor.py:651} INFO - DAG(s) dict_keys(['example_bash_operator']) retrieved from /Users/abhaymone/src/dev/sand/MANAGE-GMAIL/venv/lib/python3.9/site-packages/airflow/example_dags/example_bash_operator.py
[2022-08-21 16:45:30,612] {logging_mixin.py:115} INFO - [2022-08-21 16:45:30,612] {dag.py:2420} INFO - Sync 1 DAGs
[2022-08-21 16:45:30,624] {logging_mixin.py:115} INFO - [2022-08-21 16:45:30,624] {dag.py:2968} INFO - Setting next_dagrun for example_bash_operator to 2022-08-20T00:00:00+00:00, run_after=2022-08-21T00:00:00+00:00
[2022-08-21 16:45:30,640] {processor.py:161} INFO - Processing /Users/abhaymone/src/dev/sand/MANAGE-GMAIL/venv/lib/python3.9/site-packages/airflow/example_dags/example_bash_operator.py took 0.089 seconds
[2022-08-21 16:46:54,851] {processor.py:153} INFO - Started process (PID=4510) to work on /Users/abhaymone/src/dev/sand/MANAGE-GMAIL/venv/lib/python3.9/site-packages/airflow/example_dags/example_bash_operator.py
[2022-08-21 16:46:54,857] {processor.py:641} INFO - Processing file /Users/abhaymone/src/dev/sand/MANAGE-GMAIL/venv/lib/python3.9/site-packages/airflow/example_dags/example_bash_operator.py for tasks to queue
[2022-08-21 16:46:54,859] {logging_mixin.py:115} INFO - [2022-08-21 16:46:54,858] {dagbag.py:508} INFO - Filling up the DagBag from /Users/abhaymone/src/dev/sand/MANAGE-GMAIL/venv/lib/python3.9/site-packages/airflow/example_dags/example_bash_operator.py
[2022-08-21 16:46:54,879] {processor.py:651} INFO - DAG(s) dict_keys(['example_bash_operator']) retrieved from /Users/abhaymone/src/dev/sand/MANAGE-GMAIL/venv/lib/python3.9/site-packages/airflow/example_dags/example_bash_operator.py
[2022-08-21 16:46:54,949] {logging_mixin.py:115} INFO - [2022-08-21 16:46:54,949] {dag.py:2420} INFO - Sync 1 DAGs
[2022-08-21 16:46:54,965] {logging_mixin.py:115} INFO - [2022-08-21 16:46:54,965] {dag.py:2968} INFO - Setting next_dagrun for example_bash_operator to 2022-08-20T00:00:00+00:00, run_after=2022-08-21T00:00:00+00:00
[2022-08-21 16:46:54,981] {processor.py:161} INFO - Processing /Users/abhaymone/src/dev/sand/MANAGE-GMAIL/venv/lib/python3.9/site-packages/airflow/example_dags/example_bash_operator.py took 0.131 seconds
[2022-08-21 16:47:59,899] {processor.py:153} INFO - Started process (PID=4570) to work on /Users/abhaymone/src/dev/sand/MANAGE-GMAIL/venv/lib/python3.9/site-packages/airflow/example_dags/example_bash_operator.py
[2022-08-21 16:47:59,905] {processor.py:641} INFO - Processing file /Users/abhaymone/src/dev/sand/MANAGE-GMAIL/venv/lib/python3.9/site-packages/airflow/example_dags/example_bash_operator.py for tasks to queue
[2022-08-21 16:47:59,906] {logging_mixin.py:115} INFO - [2022-08-21 16:47:59,906] {dagbag.py:508} INFO - Filling up the DagBag from /Users/abhaymone/src/dev/sand/MANAGE-GMAIL/venv/lib/python3.9/site-packages/airflow/example_dags/example_bash_operator.py
[2022-08-21 16:47:59,925] {processor.py:651} INFO - DAG(s) dict_keys(['example_bash_operator']) retrieved from /Users/abhaymone/src/dev/sand/MANAGE-GMAIL/venv/lib/python3.9/site-packages/airflow/example_dags/example_bash_operator.py
[2022-08-21 16:48:00,014] {logging_mixin.py:115} INFO - [2022-08-21 16:48:00,014] {dag.py:2420} INFO - Sync 1 DAGs
[2022-08-21 16:48:00,030] {logging_mixin.py:115} INFO - [2022-08-21 16:48:00,030] {dag.py:2968} INFO - Setting next_dagrun for example_bash_operator to 2022-08-20T00:00:00+00:00, run_after=2022-08-21T00:00:00+00:00
[2022-08-21 16:48:00,049] {processor.py:161} INFO - Processing /Users/abhaymone/src/dev/sand/MANAGE-GMAIL/venv/lib/python3.9/site-packages/airflow/example_dags/example_bash_operator.py took 0.150 seconds
[2022-08-21 16:49:08,005] {processor.py:153} INFO - Started process (PID=4622) to work on /Users/abhaymone/src/dev/sand/MANAGE-GMAIL/venv/lib/python3.9/site-packages/airflow/example_dags/example_bash_operator.py
[2022-08-21 16:49:08,011] {processor.py:641} INFO - Processing file /Users/abhaymone/src/dev/sand/MANAGE-GMAIL/venv/lib/python3.9/site-packages/airflow/example_dags/example_bash_operator.py for tasks to queue
[2022-08-21 16:49:08,012] {logging_mixin.py:115} INFO - [2022-08-21 16:49:08,012] {dagbag.py:508} INFO - Filling up the DagBag from /Users/abhaymone/src/dev/sand/MANAGE-GMAIL/venv/lib/python3.9/site-packages/airflow/example_dags/example_bash_operator.py
[2022-08-21 16:49:08,031] {processor.py:651} INFO - DAG(s) dict_keys(['example_bash_operator']) retrieved from /Users/abhaymone/src/dev/sand/MANAGE-GMAIL/venv/lib/python3.9/site-packages/airflow/example_dags/example_bash_operator.py
[2022-08-21 16:49:08,079] {logging_mixin.py:115} INFO - [2022-08-21 16:49:08,079] {dag.py:2420} INFO - Sync 1 DAGs
[2022-08-21 16:49:08,091] {logging_mixin.py:115} INFO - [2022-08-21 16:49:08,091] {dag.py:2968} INFO - Setting next_dagrun for example_bash_operator to 2022-08-20T00:00:00+00:00, run_after=2022-08-21T00:00:00+00:00
[2022-08-21 16:49:08,104] {processor.py:161} INFO - Processing /Users/abhaymone/src/dev/sand/MANAGE-GMAIL/venv/lib/python3.9/site-packages/airflow/example_dags/example_bash_operator.py took 0.099 seconds
[2022-08-21 16:50:40,422] {processor.py:153} INFO - Started process (PID=4686) to work on /Users/abhaymone/src/dev/sand/MANAGE-GMAIL/venv/lib/python3.9/site-packages/airflow/example_dags/example_bash_operator.py
[2022-08-21 16:50:40,422] {processor.py:641} INFO - Processing file /Users/abhaymone/src/dev/sand/MANAGE-GMAIL/venv/lib/python3.9/site-packages/airflow/example_dags/example_bash_operator.py for tasks to queue
[2022-08-21 16:50:40,423] {logging_mixin.py:115} INFO - [2022-08-21 16:50:40,423] {dagbag.py:508} INFO - Filling up the DagBag from /Users/abhaymone/src/dev/sand/MANAGE-GMAIL/venv/lib/python3.9/site-packages/airflow/example_dags/example_bash_operator.py
[2022-08-21 16:50:40,438] {processor.py:651} INFO - DAG(s) dict_keys(['example_bash_operator']) retrieved from /Users/abhaymone/src/dev/sand/MANAGE-GMAIL/venv/lib/python3.9/site-packages/airflow/example_dags/example_bash_operator.py
[2022-08-21 16:50:40,486] {logging_mixin.py:115} INFO - [2022-08-21 16:50:40,486] {dag.py:2420} INFO - Sync 1 DAGs
[2022-08-21 16:50:40,498] {logging_mixin.py:115} INFO - [2022-08-21 16:50:40,498] {dag.py:2968} INFO - Setting next_dagrun for example_bash_operator to 2022-08-20T00:00:00+00:00, run_after=2022-08-21T00:00:00+00:00
[2022-08-21 16:50:40,508] {processor.py:161} INFO - Processing /Users/abhaymone/src/dev/sand/MANAGE-GMAIL/venv/lib/python3.9/site-packages/airflow/example_dags/example_bash_operator.py took 0.087 seconds
[2022-08-21 16:51:39,077] {processor.py:153} INFO - Started process (PID=4791) to work on /Users/abhaymone/src/dev/sand/MANAGE-GMAIL/venv/lib/python3.9/site-packages/airflow/example_dags/example_bash_operator.py
[2022-08-21 16:51:39,083] {processor.py:641} INFO - Processing file /Users/abhaymone/src/dev/sand/MANAGE-GMAIL/venv/lib/python3.9/site-packages/airflow/example_dags/example_bash_operator.py for tasks to queue
[2022-08-21 16:51:39,083] {logging_mixin.py:115} INFO - [2022-08-21 16:51:39,083] {dagbag.py:508} INFO - Filling up the DagBag from /Users/abhaymone/src/dev/sand/MANAGE-GMAIL/venv/lib/python3.9/site-packages/airflow/example_dags/example_bash_operator.py
[2022-08-21 16:51:39,102] {processor.py:651} INFO - DAG(s) dict_keys(['example_bash_operator']) retrieved from /Users/abhaymone/src/dev/sand/MANAGE-GMAIL/venv/lib/python3.9/site-packages/airflow/example_dags/example_bash_operator.py
[2022-08-21 16:51:39,151] {logging_mixin.py:115} INFO - [2022-08-21 16:51:39,151] {dag.py:2420} INFO - Sync 1 DAGs
[2022-08-21 16:51:39,163] {logging_mixin.py:115} INFO - [2022-08-21 16:51:39,163] {dag.py:2968} INFO - Setting next_dagrun for example_bash_operator to 2022-08-20T00:00:00+00:00, run_after=2022-08-21T00:00:00+00:00
[2022-08-21 16:51:39,174] {processor.py:161} INFO - Processing /Users/abhaymone/src/dev/sand/MANAGE-GMAIL/venv/lib/python3.9/site-packages/airflow/example_dags/example_bash_operator.py took 0.098 seconds
[2022-08-21 16:53:03,804] {processor.py:153} INFO - Started process (PID=5089) to work on /Users/abhaymone/src/dev/sand/MANAGE-GMAIL/venv/lib/python3.9/site-packages/airflow/example_dags/example_bash_operator.py
[2022-08-21 16:53:03,804] {processor.py:641} INFO - Processing file /Users/abhaymone/src/dev/sand/MANAGE-GMAIL/venv/lib/python3.9/site-packages/airflow/example_dags/example_bash_operator.py for tasks to queue
[2022-08-21 16:53:03,805] {logging_mixin.py:115} INFO - [2022-08-21 16:53:03,805] {dagbag.py:508} INFO - Filling up the DagBag from /Users/abhaymone/src/dev/sand/MANAGE-GMAIL/venv/lib/python3.9/site-packages/airflow/example_dags/example_bash_operator.py
[2022-08-21 16:53:03,817] {processor.py:651} INFO - DAG(s) dict_keys(['example_bash_operator']) retrieved from /Users/abhaymone/src/dev/sand/MANAGE-GMAIL/venv/lib/python3.9/site-packages/airflow/example_dags/example_bash_operator.py
[2022-08-21 16:53:03,866] {logging_mixin.py:115} INFO - [2022-08-21 16:53:03,866] {dag.py:2420} INFO - Sync 1 DAGs
[2022-08-21 16:53:03,878] {logging_mixin.py:115} INFO - [2022-08-21 16:53:03,878] {dag.py:2968} INFO - Setting next_dagrun for example_bash_operator to 2022-08-20T00:00:00+00:00, run_after=2022-08-21T00:00:00+00:00
[2022-08-21 16:53:03,895] {processor.py:161} INFO - Processing /Users/abhaymone/src/dev/sand/MANAGE-GMAIL/venv/lib/python3.9/site-packages/airflow/example_dags/example_bash_operator.py took 0.091 seconds
[2022-08-21 16:54:09,457] {processor.py:153} INFO - Started process (PID=5163) to work on /Users/abhaymone/src/dev/sand/MANAGE-GMAIL/venv/lib/python3.9/site-packages/airflow/example_dags/example_bash_operator.py
[2022-08-21 16:54:09,457] {processor.py:641} INFO - Processing file /Users/abhaymone/src/dev/sand/MANAGE-GMAIL/venv/lib/python3.9/site-packages/airflow/example_dags/example_bash_operator.py for tasks to queue
[2022-08-21 16:54:09,458] {logging_mixin.py:115} INFO - [2022-08-21 16:54:09,458] {dagbag.py:508} INFO - Filling up the DagBag from /Users/abhaymone/src/dev/sand/MANAGE-GMAIL/venv/lib/python3.9/site-packages/airflow/example_dags/example_bash_operator.py
[2022-08-21 16:54:09,471] {processor.py:651} INFO - DAG(s) dict_keys(['example_bash_operator']) retrieved from /Users/abhaymone/src/dev/sand/MANAGE-GMAIL/venv/lib/python3.9/site-packages/airflow/example_dags/example_bash_operator.py
[2022-08-21 16:54:09,525] {logging_mixin.py:115} INFO - [2022-08-21 16:54:09,525] {dag.py:2420} INFO - Sync 1 DAGs
[2022-08-21 16:54:09,537] {logging_mixin.py:115} INFO - [2022-08-21 16:54:09,537] {dag.py:2968} INFO - Setting next_dagrun for example_bash_operator to 2022-08-20T00:00:00+00:00, run_after=2022-08-21T00:00:00+00:00
[2022-08-21 16:54:09,547] {processor.py:161} INFO - Processing /Users/abhaymone/src/dev/sand/MANAGE-GMAIL/venv/lib/python3.9/site-packages/airflow/example_dags/example_bash_operator.py took 0.091 seconds
[2022-08-21 16:55:12,501] {processor.py:153} INFO - Started process (PID=5227) to work on /Users/abhaymone/src/dev/sand/MANAGE-GMAIL/venv/lib/python3.9/site-packages/airflow/example_dags/example_bash_operator.py
[2022-08-21 16:55:12,507] {processor.py:641} INFO - Processing file /Users/abhaymone/src/dev/sand/MANAGE-GMAIL/venv/lib/python3.9/site-packages/airflow/example_dags/example_bash_operator.py for tasks to queue
[2022-08-21 16:55:12,507] {logging_mixin.py:115} INFO - [2022-08-21 16:55:12,507] {dagbag.py:508} INFO - Filling up the DagBag from /Users/abhaymone/src/dev/sand/MANAGE-GMAIL/venv/lib/python3.9/site-packages/airflow/example_dags/example_bash_operator.py
[2022-08-21 16:55:12,525] {processor.py:651} INFO - DAG(s) dict_keys(['example_bash_operator']) retrieved from /Users/abhaymone/src/dev/sand/MANAGE-GMAIL/venv/lib/python3.9/site-packages/airflow/example_dags/example_bash_operator.py
[2022-08-21 16:55:12,576] {logging_mixin.py:115} INFO - [2022-08-21 16:55:12,576] {dag.py:2420} INFO - Sync 1 DAGs
[2022-08-21 16:55:12,589] {logging_mixin.py:115} INFO - [2022-08-21 16:55:12,589] {dag.py:2968} INFO - Setting next_dagrun for example_bash_operator to 2022-08-20T00:00:00+00:00, run_after=2022-08-21T00:00:00+00:00
[2022-08-21 16:55:12,598] {processor.py:161} INFO - Processing /Users/abhaymone/src/dev/sand/MANAGE-GMAIL/venv/lib/python3.9/site-packages/airflow/example_dags/example_bash_operator.py took 0.098 seconds
