[2022-08-21 16:14:25,357] {processor.py:153} INFO - Started process (PID=3359) to work on /Users/abhaymone/src/dev/sand/MANAGE-GMAIL/venv/lib/python3.9/site-packages/airflow/example_dags/example_task_group.py
[2022-08-21 16:14:25,357] {processor.py:641} INFO - Processing file /Users/abhaymone/src/dev/sand/MANAGE-GMAIL/venv/lib/python3.9/site-packages/airflow/example_dags/example_task_group.py for tasks to queue
[2022-08-21 16:14:25,357] {logging_mixin.py:115} INFO - [2022-08-21 16:14:25,357] {dagbag.py:508} INFO - Filling up the DagBag from /Users/abhaymone/src/dev/sand/MANAGE-GMAIL/venv/lib/python3.9/site-packages/airflow/example_dags/example_task_group.py
[2022-08-21 16:14:25,380] {processor.py:651} INFO - DAG(s) dict_keys(['example_task_group']) retrieved from /Users/abhaymone/src/dev/sand/MANAGE-GMAIL/venv/lib/python3.9/site-packages/airflow/example_dags/example_task_group.py
[2022-08-21 16:14:26,270] {logging_mixin.py:115} INFO - [2022-08-21 16:14:26,269] {manager.py:508} INFO - Created Permission View: can read on DAG:example_task_group
[2022-08-21 16:14:26,280] {logging_mixin.py:115} INFO - [2022-08-21 16:14:26,280] {manager.py:508} INFO - Created Permission View: can edit on DAG:example_task_group
[2022-08-21 16:14:26,285] {logging_mixin.py:115} INFO - [2022-08-21 16:14:26,285] {manager.py:508} INFO - Created Permission View: can delete on DAG:example_task_group
[2022-08-21 16:14:26,286] {logging_mixin.py:115} INFO - [2022-08-21 16:14:26,286] {dag.py:2420} INFO - Sync 1 DAGs
[2022-08-21 16:14:26,293] {logging_mixin.py:115} INFO - [2022-08-21 16:14:26,293] {dag.py:2439} INFO - Creating ORM DAG for example_task_group
[2022-08-21 16:14:26,301] {logging_mixin.py:115} INFO - [2022-08-21 16:14:26,301] {dag.py:2968} INFO - Setting next_dagrun for example_task_group to 2022-08-20T20:14:26.301088+00:00, run_after=2022-08-21T20:14:26.301088+00:00
[2022-08-21 16:14:26,313] {processor.py:161} INFO - Processing /Users/abhaymone/src/dev/sand/MANAGE-GMAIL/venv/lib/python3.9/site-packages/airflow/example_dags/example_task_group.py took 0.957 seconds
[2022-08-21 16:15:44,604] {processor.py:153} INFO - Started process (PID=3422) to work on /Users/abhaymone/src/dev/sand/MANAGE-GMAIL/venv/lib/python3.9/site-packages/airflow/example_dags/example_task_group.py
[2022-08-21 16:15:44,610] {processor.py:641} INFO - Processing file /Users/abhaymone/src/dev/sand/MANAGE-GMAIL/venv/lib/python3.9/site-packages/airflow/example_dags/example_task_group.py for tasks to queue
[2022-08-21 16:15:44,611] {logging_mixin.py:115} INFO - [2022-08-21 16:15:44,611] {dagbag.py:508} INFO - Filling up the DagBag from /Users/abhaymone/src/dev/sand/MANAGE-GMAIL/venv/lib/python3.9/site-packages/airflow/example_dags/example_task_group.py
[2022-08-21 16:15:44,627] {processor.py:651} INFO - DAG(s) dict_keys(['example_task_group']) retrieved from /Users/abhaymone/src/dev/sand/MANAGE-GMAIL/venv/lib/python3.9/site-packages/airflow/example_dags/example_task_group.py
[2022-08-21 16:15:44,677] {logging_mixin.py:115} INFO - [2022-08-21 16:15:44,677] {dag.py:2420} INFO - Sync 1 DAGs
[2022-08-21 16:15:44,687] {logging_mixin.py:115} INFO - [2022-08-21 16:15:44,687] {dag.py:2968} INFO - Setting next_dagrun for example_task_group to 2022-08-20T20:15:44.687737+00:00, run_after=2022-08-21T20:15:44.687737+00:00
[2022-08-21 16:15:44,698] {processor.py:161} INFO - Processing /Users/abhaymone/src/dev/sand/MANAGE-GMAIL/venv/lib/python3.9/site-packages/airflow/example_dags/example_task_group.py took 0.094 seconds
[2022-08-21 16:16:42,044] {processor.py:153} INFO - Started process (PID=3456) to work on /Users/abhaymone/src/dev/sand/MANAGE-GMAIL/venv/lib/python3.9/site-packages/airflow/example_dags/example_task_group.py
[2022-08-21 16:16:42,044] {processor.py:641} INFO - Processing file /Users/abhaymone/src/dev/sand/MANAGE-GMAIL/venv/lib/python3.9/site-packages/airflow/example_dags/example_task_group.py for tasks to queue
[2022-08-21 16:16:42,044] {logging_mixin.py:115} INFO - [2022-08-21 16:16:42,044] {dagbag.py:508} INFO - Filling up the DagBag from /Users/abhaymone/src/dev/sand/MANAGE-GMAIL/venv/lib/python3.9/site-packages/airflow/example_dags/example_task_group.py
[2022-08-21 16:16:42,054] {processor.py:651} INFO - DAG(s) dict_keys(['example_task_group']) retrieved from /Users/abhaymone/src/dev/sand/MANAGE-GMAIL/venv/lib/python3.9/site-packages/airflow/example_dags/example_task_group.py
[2022-08-21 16:16:42,102] {logging_mixin.py:115} INFO - [2022-08-21 16:16:42,102] {dag.py:2420} INFO - Sync 1 DAGs
[2022-08-21 16:16:42,112] {logging_mixin.py:115} INFO - [2022-08-21 16:16:42,112] {dag.py:2968} INFO - Setting next_dagrun for example_task_group to 2022-08-20T20:16:42.112499+00:00, run_after=2022-08-21T20:16:42.112499+00:00
[2022-08-21 16:16:42,129] {processor.py:161} INFO - Processing /Users/abhaymone/src/dev/sand/MANAGE-GMAIL/venv/lib/python3.9/site-packages/airflow/example_dags/example_task_group.py took 0.085 seconds
[2022-08-21 16:17:38,297] {processor.py:153} INFO - Started process (PID=3491) to work on /Users/abhaymone/src/dev/sand/MANAGE-GMAIL/venv/lib/python3.9/site-packages/airflow/example_dags/example_task_group.py
[2022-08-21 16:17:38,303] {processor.py:641} INFO - Processing file /Users/abhaymone/src/dev/sand/MANAGE-GMAIL/venv/lib/python3.9/site-packages/airflow/example_dags/example_task_group.py for tasks to queue
[2022-08-21 16:17:38,304] {logging_mixin.py:115} INFO - [2022-08-21 16:17:38,303] {dagbag.py:508} INFO - Filling up the DagBag from /Users/abhaymone/src/dev/sand/MANAGE-GMAIL/venv/lib/python3.9/site-packages/airflow/example_dags/example_task_group.py
[2022-08-21 16:17:38,319] {processor.py:651} INFO - DAG(s) dict_keys(['example_task_group']) retrieved from /Users/abhaymone/src/dev/sand/MANAGE-GMAIL/venv/lib/python3.9/site-packages/airflow/example_dags/example_task_group.py
[2022-08-21 16:17:38,368] {logging_mixin.py:115} INFO - [2022-08-21 16:17:38,368] {dag.py:2420} INFO - Sync 1 DAGs
[2022-08-21 16:17:38,378] {logging_mixin.py:115} INFO - [2022-08-21 16:17:38,378] {dag.py:2968} INFO - Setting next_dagrun for example_task_group to 2022-08-20T20:17:38.378714+00:00, run_after=2022-08-21T20:17:38.378714+00:00
[2022-08-21 16:17:38,391] {processor.py:161} INFO - Processing /Users/abhaymone/src/dev/sand/MANAGE-GMAIL/venv/lib/python3.9/site-packages/airflow/example_dags/example_task_group.py took 0.094 seconds
[2022-08-21 16:28:23,339] {processor.py:153} INFO - Started process (PID=3549) to work on /Users/abhaymone/src/dev/sand/MANAGE-GMAIL/venv/lib/python3.9/site-packages/airflow/example_dags/example_task_group.py
[2022-08-21 16:28:23,344] {processor.py:641} INFO - Processing file /Users/abhaymone/src/dev/sand/MANAGE-GMAIL/venv/lib/python3.9/site-packages/airflow/example_dags/example_task_group.py for tasks to queue
[2022-08-21 16:28:23,345] {logging_mixin.py:115} INFO - [2022-08-21 16:28:23,345] {dagbag.py:508} INFO - Filling up the DagBag from /Users/abhaymone/src/dev/sand/MANAGE-GMAIL/venv/lib/python3.9/site-packages/airflow/example_dags/example_task_group.py
[2022-08-21 16:28:23,361] {processor.py:651} INFO - DAG(s) dict_keys(['example_task_group']) retrieved from /Users/abhaymone/src/dev/sand/MANAGE-GMAIL/venv/lib/python3.9/site-packages/airflow/example_dags/example_task_group.py
[2022-08-21 16:28:23,413] {logging_mixin.py:115} INFO - [2022-08-21 16:28:23,413] {dag.py:2420} INFO - Sync 1 DAGs
[2022-08-21 16:28:23,423] {logging_mixin.py:115} INFO - [2022-08-21 16:28:23,423] {dag.py:2968} INFO - Setting next_dagrun for example_task_group to 2022-08-20T20:28:23.423434+00:00, run_after=2022-08-21T20:28:23.423434+00:00
[2022-08-21 16:28:23,435] {processor.py:161} INFO - Processing /Users/abhaymone/src/dev/sand/MANAGE-GMAIL/venv/lib/python3.9/site-packages/airflow/example_dags/example_task_group.py took 0.097 seconds
[2022-08-21 16:29:17,087] {processor.py:153} INFO - Started process (PID=3584) to work on /Users/abhaymone/src/dev/sand/MANAGE-GMAIL/venv/lib/python3.9/site-packages/airflow/example_dags/example_task_group.py
[2022-08-21 16:29:17,088] {processor.py:641} INFO - Processing file /Users/abhaymone/src/dev/sand/MANAGE-GMAIL/venv/lib/python3.9/site-packages/airflow/example_dags/example_task_group.py for tasks to queue
[2022-08-21 16:29:17,088] {logging_mixin.py:115} INFO - [2022-08-21 16:29:17,088] {dagbag.py:508} INFO - Filling up the DagBag from /Users/abhaymone/src/dev/sand/MANAGE-GMAIL/venv/lib/python3.9/site-packages/airflow/example_dags/example_task_group.py
[2022-08-21 16:29:17,098] {processor.py:651} INFO - DAG(s) dict_keys(['example_task_group']) retrieved from /Users/abhaymone/src/dev/sand/MANAGE-GMAIL/venv/lib/python3.9/site-packages/airflow/example_dags/example_task_group.py
[2022-08-21 16:29:17,145] {logging_mixin.py:115} INFO - [2022-08-21 16:29:17,145] {dag.py:2420} INFO - Sync 1 DAGs
[2022-08-21 16:29:17,155] {logging_mixin.py:115} INFO - [2022-08-21 16:29:17,155] {dag.py:2968} INFO - Setting next_dagrun for example_task_group to 2022-08-20T20:29:17.155665+00:00, run_after=2022-08-21T20:29:17.155665+00:00
[2022-08-21 16:29:17,171] {processor.py:161} INFO - Processing /Users/abhaymone/src/dev/sand/MANAGE-GMAIL/venv/lib/python3.9/site-packages/airflow/example_dags/example_task_group.py took 0.084 seconds
[2022-08-21 16:30:11,261] {processor.py:153} INFO - Started process (PID=3620) to work on /Users/abhaymone/src/dev/sand/MANAGE-GMAIL/venv/lib/python3.9/site-packages/airflow/example_dags/example_task_group.py
[2022-08-21 16:30:11,261] {processor.py:641} INFO - Processing file /Users/abhaymone/src/dev/sand/MANAGE-GMAIL/venv/lib/python3.9/site-packages/airflow/example_dags/example_task_group.py for tasks to queue
[2022-08-21 16:30:11,261] {logging_mixin.py:115} INFO - [2022-08-21 16:30:11,261] {dagbag.py:508} INFO - Filling up the DagBag from /Users/abhaymone/src/dev/sand/MANAGE-GMAIL/venv/lib/python3.9/site-packages/airflow/example_dags/example_task_group.py
[2022-08-21 16:30:11,271] {processor.py:651} INFO - DAG(s) dict_keys(['example_task_group']) retrieved from /Users/abhaymone/src/dev/sand/MANAGE-GMAIL/venv/lib/python3.9/site-packages/airflow/example_dags/example_task_group.py
[2022-08-21 16:30:11,319] {logging_mixin.py:115} INFO - [2022-08-21 16:30:11,319] {dag.py:2420} INFO - Sync 1 DAGs
[2022-08-21 16:30:11,329] {logging_mixin.py:115} INFO - [2022-08-21 16:30:11,329] {dag.py:2968} INFO - Setting next_dagrun for example_task_group to 2022-08-20T20:30:11.329543+00:00, run_after=2022-08-21T20:30:11.329543+00:00
[2022-08-21 16:30:11,340] {processor.py:161} INFO - Processing /Users/abhaymone/src/dev/sand/MANAGE-GMAIL/venv/lib/python3.9/site-packages/airflow/example_dags/example_task_group.py took 0.080 seconds
[2022-08-21 16:31:12,938] {processor.py:153} INFO - Started process (PID=3652) to work on /Users/abhaymone/src/dev/sand/MANAGE-GMAIL/venv/lib/python3.9/site-packages/airflow/example_dags/example_task_group.py
[2022-08-21 16:31:12,944] {processor.py:641} INFO - Processing file /Users/abhaymone/src/dev/sand/MANAGE-GMAIL/venv/lib/python3.9/site-packages/airflow/example_dags/example_task_group.py for tasks to queue
[2022-08-21 16:31:12,944] {logging_mixin.py:115} INFO - [2022-08-21 16:31:12,944] {dagbag.py:508} INFO - Filling up the DagBag from /Users/abhaymone/src/dev/sand/MANAGE-GMAIL/venv/lib/python3.9/site-packages/airflow/example_dags/example_task_group.py
[2022-08-21 16:31:12,960] {processor.py:651} INFO - DAG(s) dict_keys(['example_task_group']) retrieved from /Users/abhaymone/src/dev/sand/MANAGE-GMAIL/venv/lib/python3.9/site-packages/airflow/example_dags/example_task_group.py
[2022-08-21 16:31:13,009] {logging_mixin.py:115} INFO - [2022-08-21 16:31:13,009] {dag.py:2420} INFO - Sync 1 DAGs
[2022-08-21 16:31:13,020] {logging_mixin.py:115} INFO - [2022-08-21 16:31:13,020] {dag.py:2968} INFO - Setting next_dagrun for example_task_group to 2022-08-20T20:31:13.020262+00:00, run_after=2022-08-21T20:31:13.020262+00:00
[2022-08-21 16:31:13,031] {processor.py:161} INFO - Processing /Users/abhaymone/src/dev/sand/MANAGE-GMAIL/venv/lib/python3.9/site-packages/airflow/example_dags/example_task_group.py took 0.093 seconds
[2022-08-21 16:32:18,471] {processor.py:153} INFO - Started process (PID=3698) to work on /Users/abhaymone/src/dev/sand/MANAGE-GMAIL/venv/lib/python3.9/site-packages/airflow/example_dags/example_task_group.py
[2022-08-21 16:32:18,474] {processor.py:641} INFO - Processing file /Users/abhaymone/src/dev/sand/MANAGE-GMAIL/venv/lib/python3.9/site-packages/airflow/example_dags/example_task_group.py for tasks to queue
[2022-08-21 16:32:18,474] {logging_mixin.py:115} INFO - [2022-08-21 16:32:18,474] {dagbag.py:508} INFO - Filling up the DagBag from /Users/abhaymone/src/dev/sand/MANAGE-GMAIL/venv/lib/python3.9/site-packages/airflow/example_dags/example_task_group.py
[2022-08-21 16:32:18,488] {processor.py:651} INFO - DAG(s) dict_keys(['example_task_group']) retrieved from /Users/abhaymone/src/dev/sand/MANAGE-GMAIL/venv/lib/python3.9/site-packages/airflow/example_dags/example_task_group.py
[2022-08-21 16:32:18,541] {logging_mixin.py:115} INFO - [2022-08-21 16:32:18,540] {dag.py:2420} INFO - Sync 1 DAGs
[2022-08-21 16:32:18,551] {logging_mixin.py:115} INFO - [2022-08-21 16:32:18,551] {dag.py:2968} INFO - Setting next_dagrun for example_task_group to 2022-08-20T20:32:18.551172+00:00, run_after=2022-08-21T20:32:18.551172+00:00
[2022-08-21 16:32:18,562] {processor.py:161} INFO - Processing /Users/abhaymone/src/dev/sand/MANAGE-GMAIL/venv/lib/python3.9/site-packages/airflow/example_dags/example_task_group.py took 0.091 seconds
[2022-08-21 16:33:16,229] {processor.py:153} INFO - Started process (PID=3733) to work on /Users/abhaymone/src/dev/sand/MANAGE-GMAIL/venv/lib/python3.9/site-packages/airflow/example_dags/example_task_group.py
[2022-08-21 16:33:16,235] {processor.py:641} INFO - Processing file /Users/abhaymone/src/dev/sand/MANAGE-GMAIL/venv/lib/python3.9/site-packages/airflow/example_dags/example_task_group.py for tasks to queue
[2022-08-21 16:33:16,235] {logging_mixin.py:115} INFO - [2022-08-21 16:33:16,235] {dagbag.py:508} INFO - Filling up the DagBag from /Users/abhaymone/src/dev/sand/MANAGE-GMAIL/venv/lib/python3.9/site-packages/airflow/example_dags/example_task_group.py
[2022-08-21 16:33:16,248] {processor.py:651} INFO - DAG(s) dict_keys(['example_task_group']) retrieved from /Users/abhaymone/src/dev/sand/MANAGE-GMAIL/venv/lib/python3.9/site-packages/airflow/example_dags/example_task_group.py
[2022-08-21 16:33:16,301] {logging_mixin.py:115} INFO - [2022-08-21 16:33:16,301] {dag.py:2420} INFO - Sync 1 DAGs
[2022-08-21 16:33:16,313] {logging_mixin.py:115} INFO - [2022-08-21 16:33:16,313] {dag.py:2968} INFO - Setting next_dagrun for example_task_group to 2022-08-20T20:33:16.312988+00:00, run_after=2022-08-21T20:33:16.312988+00:00
[2022-08-21 16:33:16,321] {processor.py:161} INFO - Processing /Users/abhaymone/src/dev/sand/MANAGE-GMAIL/venv/lib/python3.9/site-packages/airflow/example_dags/example_task_group.py took 0.092 seconds
[2022-08-21 16:34:17,730] {processor.py:153} INFO - Started process (PID=3771) to work on /Users/abhaymone/src/dev/sand/MANAGE-GMAIL/venv/lib/python3.9/site-packages/airflow/example_dags/example_task_group.py
[2022-08-21 16:34:17,736] {processor.py:641} INFO - Processing file /Users/abhaymone/src/dev/sand/MANAGE-GMAIL/venv/lib/python3.9/site-packages/airflow/example_dags/example_task_group.py for tasks to queue
[2022-08-21 16:34:17,736] {logging_mixin.py:115} INFO - [2022-08-21 16:34:17,736] {dagbag.py:508} INFO - Filling up the DagBag from /Users/abhaymone/src/dev/sand/MANAGE-GMAIL/venv/lib/python3.9/site-packages/airflow/example_dags/example_task_group.py
[2022-08-21 16:34:17,750] {processor.py:651} INFO - DAG(s) dict_keys(['example_task_group']) retrieved from /Users/abhaymone/src/dev/sand/MANAGE-GMAIL/venv/lib/python3.9/site-packages/airflow/example_dags/example_task_group.py
[2022-08-21 16:34:17,801] {logging_mixin.py:115} INFO - [2022-08-21 16:34:17,800] {dag.py:2420} INFO - Sync 1 DAGs
[2022-08-21 16:34:17,811] {logging_mixin.py:115} INFO - [2022-08-21 16:34:17,811] {dag.py:2968} INFO - Setting next_dagrun for example_task_group to 2022-08-20T20:34:17.811309+00:00, run_after=2022-08-21T20:34:17.811309+00:00
[2022-08-21 16:34:17,822] {processor.py:161} INFO - Processing /Users/abhaymone/src/dev/sand/MANAGE-GMAIL/venv/lib/python3.9/site-packages/airflow/example_dags/example_task_group.py took 0.092 seconds
[2022-08-21 16:35:16,163] {processor.py:153} INFO - Started process (PID=3805) to work on /Users/abhaymone/src/dev/sand/MANAGE-GMAIL/venv/lib/python3.9/site-packages/airflow/example_dags/example_task_group.py
[2022-08-21 16:35:16,169] {processor.py:641} INFO - Processing file /Users/abhaymone/src/dev/sand/MANAGE-GMAIL/venv/lib/python3.9/site-packages/airflow/example_dags/example_task_group.py for tasks to queue
[2022-08-21 16:35:16,170] {logging_mixin.py:115} INFO - [2022-08-21 16:35:16,170] {dagbag.py:508} INFO - Filling up the DagBag from /Users/abhaymone/src/dev/sand/MANAGE-GMAIL/venv/lib/python3.9/site-packages/airflow/example_dags/example_task_group.py
[2022-08-21 16:35:16,187] {processor.py:651} INFO - DAG(s) dict_keys(['example_task_group']) retrieved from /Users/abhaymone/src/dev/sand/MANAGE-GMAIL/venv/lib/python3.9/site-packages/airflow/example_dags/example_task_group.py
[2022-08-21 16:35:16,240] {logging_mixin.py:115} INFO - [2022-08-21 16:35:16,239] {dag.py:2420} INFO - Sync 1 DAGs
[2022-08-21 16:35:16,251] {logging_mixin.py:115} INFO - [2022-08-21 16:35:16,250] {dag.py:2968} INFO - Setting next_dagrun for example_task_group to 2022-08-20T20:35:16.250813+00:00, run_after=2022-08-21T20:35:16.250813+00:00
[2022-08-21 16:35:16,261] {processor.py:161} INFO - Processing /Users/abhaymone/src/dev/sand/MANAGE-GMAIL/venv/lib/python3.9/site-packages/airflow/example_dags/example_task_group.py took 0.099 seconds
[2022-08-21 16:36:15,920] {processor.py:153} INFO - Started process (PID=3844) to work on /Users/abhaymone/src/dev/sand/MANAGE-GMAIL/venv/lib/python3.9/site-packages/airflow/example_dags/example_task_group.py
[2022-08-21 16:36:15,922] {processor.py:641} INFO - Processing file /Users/abhaymone/src/dev/sand/MANAGE-GMAIL/venv/lib/python3.9/site-packages/airflow/example_dags/example_task_group.py for tasks to queue
[2022-08-21 16:36:15,923] {logging_mixin.py:115} INFO - [2022-08-21 16:36:15,923] {dagbag.py:508} INFO - Filling up the DagBag from /Users/abhaymone/src/dev/sand/MANAGE-GMAIL/venv/lib/python3.9/site-packages/airflow/example_dags/example_task_group.py
[2022-08-21 16:36:15,936] {processor.py:651} INFO - DAG(s) dict_keys(['example_task_group']) retrieved from /Users/abhaymone/src/dev/sand/MANAGE-GMAIL/venv/lib/python3.9/site-packages/airflow/example_dags/example_task_group.py
[2022-08-21 16:36:16,006] {logging_mixin.py:115} INFO - [2022-08-21 16:36:16,006] {dag.py:2420} INFO - Sync 1 DAGs
[2022-08-21 16:36:16,017] {logging_mixin.py:115} INFO - [2022-08-21 16:36:16,017] {dag.py:2968} INFO - Setting next_dagrun for example_task_group to 2022-08-20T20:36:16.016977+00:00, run_after=2022-08-21T20:36:16.016977+00:00
[2022-08-21 16:36:16,028] {processor.py:161} INFO - Processing /Users/abhaymone/src/dev/sand/MANAGE-GMAIL/venv/lib/python3.9/site-packages/airflow/example_dags/example_task_group.py took 0.109 seconds
[2022-08-21 16:37:17,190] {processor.py:153} INFO - Started process (PID=3880) to work on /Users/abhaymone/src/dev/sand/MANAGE-GMAIL/venv/lib/python3.9/site-packages/airflow/example_dags/example_task_group.py
[2022-08-21 16:37:17,190] {processor.py:641} INFO - Processing file /Users/abhaymone/src/dev/sand/MANAGE-GMAIL/venv/lib/python3.9/site-packages/airflow/example_dags/example_task_group.py for tasks to queue
[2022-08-21 16:37:17,190] {logging_mixin.py:115} INFO - [2022-08-21 16:37:17,190] {dagbag.py:508} INFO - Filling up the DagBag from /Users/abhaymone/src/dev/sand/MANAGE-GMAIL/venv/lib/python3.9/site-packages/airflow/example_dags/example_task_group.py
[2022-08-21 16:37:17,200] {processor.py:651} INFO - DAG(s) dict_keys(['example_task_group']) retrieved from /Users/abhaymone/src/dev/sand/MANAGE-GMAIL/venv/lib/python3.9/site-packages/airflow/example_dags/example_task_group.py
[2022-08-21 16:37:17,250] {logging_mixin.py:115} INFO - [2022-08-21 16:37:17,250] {dag.py:2420} INFO - Sync 1 DAGs
[2022-08-21 16:37:17,260] {logging_mixin.py:115} INFO - [2022-08-21 16:37:17,260] {dag.py:2968} INFO - Setting next_dagrun for example_task_group to 2022-08-20T20:37:17.260372+00:00, run_after=2022-08-21T20:37:17.260372+00:00
[2022-08-21 16:37:17,277] {processor.py:161} INFO - Processing /Users/abhaymone/src/dev/sand/MANAGE-GMAIL/venv/lib/python3.9/site-packages/airflow/example_dags/example_task_group.py took 0.087 seconds
[2022-08-21 16:38:11,317] {processor.py:153} INFO - Started process (PID=3914) to work on /Users/abhaymone/src/dev/sand/MANAGE-GMAIL/venv/lib/python3.9/site-packages/airflow/example_dags/example_task_group.py
[2022-08-21 16:38:11,317] {processor.py:641} INFO - Processing file /Users/abhaymone/src/dev/sand/MANAGE-GMAIL/venv/lib/python3.9/site-packages/airflow/example_dags/example_task_group.py for tasks to queue
[2022-08-21 16:38:11,317] {logging_mixin.py:115} INFO - [2022-08-21 16:38:11,317] {dagbag.py:508} INFO - Filling up the DagBag from /Users/abhaymone/src/dev/sand/MANAGE-GMAIL/venv/lib/python3.9/site-packages/airflow/example_dags/example_task_group.py
[2022-08-21 16:38:11,328] {processor.py:651} INFO - DAG(s) dict_keys(['example_task_group']) retrieved from /Users/abhaymone/src/dev/sand/MANAGE-GMAIL/venv/lib/python3.9/site-packages/airflow/example_dags/example_task_group.py
[2022-08-21 16:38:11,376] {logging_mixin.py:115} INFO - [2022-08-21 16:38:11,376] {dag.py:2420} INFO - Sync 1 DAGs
[2022-08-21 16:38:11,386] {logging_mixin.py:115} INFO - [2022-08-21 16:38:11,386] {dag.py:2968} INFO - Setting next_dagrun for example_task_group to 2022-08-20T20:38:11.386224+00:00, run_after=2022-08-21T20:38:11.386224+00:00
[2022-08-21 16:38:11,397] {processor.py:161} INFO - Processing /Users/abhaymone/src/dev/sand/MANAGE-GMAIL/venv/lib/python3.9/site-packages/airflow/example_dags/example_task_group.py took 0.080 seconds
[2022-08-21 16:39:12,921] {processor.py:153} INFO - Started process (PID=3950) to work on /Users/abhaymone/src/dev/sand/MANAGE-GMAIL/venv/lib/python3.9/site-packages/airflow/example_dags/example_task_group.py
[2022-08-21 16:39:12,927] {processor.py:641} INFO - Processing file /Users/abhaymone/src/dev/sand/MANAGE-GMAIL/venv/lib/python3.9/site-packages/airflow/example_dags/example_task_group.py for tasks to queue
[2022-08-21 16:39:12,928] {logging_mixin.py:115} INFO - [2022-08-21 16:39:12,928] {dagbag.py:508} INFO - Filling up the DagBag from /Users/abhaymone/src/dev/sand/MANAGE-GMAIL/venv/lib/python3.9/site-packages/airflow/example_dags/example_task_group.py
[2022-08-21 16:39:12,943] {processor.py:651} INFO - DAG(s) dict_keys(['example_task_group']) retrieved from /Users/abhaymone/src/dev/sand/MANAGE-GMAIL/venv/lib/python3.9/site-packages/airflow/example_dags/example_task_group.py
[2022-08-21 16:39:12,997] {logging_mixin.py:115} INFO - [2022-08-21 16:39:12,997] {dag.py:2420} INFO - Sync 1 DAGs
[2022-08-21 16:39:13,009] {logging_mixin.py:115} INFO - [2022-08-21 16:39:13,009] {dag.py:2968} INFO - Setting next_dagrun for example_task_group to 2022-08-20T20:39:13.009056+00:00, run_after=2022-08-21T20:39:13.009056+00:00
[2022-08-21 16:39:13,019] {processor.py:161} INFO - Processing /Users/abhaymone/src/dev/sand/MANAGE-GMAIL/venv/lib/python3.9/site-packages/airflow/example_dags/example_task_group.py took 0.098 seconds
[2022-08-21 16:40:12,473] {processor.py:153} INFO - Started process (PID=3985) to work on /Users/abhaymone/src/dev/sand/MANAGE-GMAIL/venv/lib/python3.9/site-packages/airflow/example_dags/example_task_group.py
[2022-08-21 16:40:12,473] {processor.py:641} INFO - Processing file /Users/abhaymone/src/dev/sand/MANAGE-GMAIL/venv/lib/python3.9/site-packages/airflow/example_dags/example_task_group.py for tasks to queue
[2022-08-21 16:40:12,474] {logging_mixin.py:115} INFO - [2022-08-21 16:40:12,474] {dagbag.py:508} INFO - Filling up the DagBag from /Users/abhaymone/src/dev/sand/MANAGE-GMAIL/venv/lib/python3.9/site-packages/airflow/example_dags/example_task_group.py
[2022-08-21 16:40:12,485] {processor.py:651} INFO - DAG(s) dict_keys(['example_task_group']) retrieved from /Users/abhaymone/src/dev/sand/MANAGE-GMAIL/venv/lib/python3.9/site-packages/airflow/example_dags/example_task_group.py
[2022-08-21 16:40:12,537] {logging_mixin.py:115} INFO - [2022-08-21 16:40:12,537] {dag.py:2420} INFO - Sync 1 DAGs
[2022-08-21 16:40:12,548] {logging_mixin.py:115} INFO - [2022-08-21 16:40:12,548] {dag.py:2968} INFO - Setting next_dagrun for example_task_group to 2022-08-20T20:40:12.548281+00:00, run_after=2022-08-21T20:40:12.548281+00:00
[2022-08-21 16:40:12,564] {processor.py:161} INFO - Processing /Users/abhaymone/src/dev/sand/MANAGE-GMAIL/venv/lib/python3.9/site-packages/airflow/example_dags/example_task_group.py took 0.091 seconds
[2022-08-21 16:41:11,854] {processor.py:153} INFO - Started process (PID=4021) to work on /Users/abhaymone/src/dev/sand/MANAGE-GMAIL/venv/lib/python3.9/site-packages/airflow/example_dags/example_task_group.py
[2022-08-21 16:41:11,861] {processor.py:641} INFO - Processing file /Users/abhaymone/src/dev/sand/MANAGE-GMAIL/venv/lib/python3.9/site-packages/airflow/example_dags/example_task_group.py for tasks to queue
[2022-08-21 16:41:11,862] {logging_mixin.py:115} INFO - [2022-08-21 16:41:11,862] {dagbag.py:508} INFO - Filling up the DagBag from /Users/abhaymone/src/dev/sand/MANAGE-GMAIL/venv/lib/python3.9/site-packages/airflow/example_dags/example_task_group.py
[2022-08-21 16:41:11,881] {processor.py:651} INFO - DAG(s) dict_keys(['example_task_group']) retrieved from /Users/abhaymone/src/dev/sand/MANAGE-GMAIL/venv/lib/python3.9/site-packages/airflow/example_dags/example_task_group.py
[2022-08-21 16:41:11,933] {logging_mixin.py:115} INFO - [2022-08-21 16:41:11,933] {dag.py:2420} INFO - Sync 1 DAGs
[2022-08-21 16:41:11,945] {logging_mixin.py:115} INFO - [2022-08-21 16:41:11,945] {dag.py:2968} INFO - Setting next_dagrun for example_task_group to 2022-08-20T20:41:11.945086+00:00, run_after=2022-08-21T20:41:11.945086+00:00
[2022-08-21 16:41:11,956] {processor.py:161} INFO - Processing /Users/abhaymone/src/dev/sand/MANAGE-GMAIL/venv/lib/python3.9/site-packages/airflow/example_dags/example_task_group.py took 0.103 seconds
[2022-08-21 16:42:10,819] {processor.py:153} INFO - Started process (PID=4057) to work on /Users/abhaymone/src/dev/sand/MANAGE-GMAIL/venv/lib/python3.9/site-packages/airflow/example_dags/example_task_group.py
[2022-08-21 16:42:10,820] {processor.py:641} INFO - Processing file /Users/abhaymone/src/dev/sand/MANAGE-GMAIL/venv/lib/python3.9/site-packages/airflow/example_dags/example_task_group.py for tasks to queue
[2022-08-21 16:42:10,820] {logging_mixin.py:115} INFO - [2022-08-21 16:42:10,820] {dagbag.py:508} INFO - Filling up the DagBag from /Users/abhaymone/src/dev/sand/MANAGE-GMAIL/venv/lib/python3.9/site-packages/airflow/example_dags/example_task_group.py
[2022-08-21 16:42:10,831] {processor.py:651} INFO - DAG(s) dict_keys(['example_task_group']) retrieved from /Users/abhaymone/src/dev/sand/MANAGE-GMAIL/venv/lib/python3.9/site-packages/airflow/example_dags/example_task_group.py
[2022-08-21 16:42:10,888] {logging_mixin.py:115} INFO - [2022-08-21 16:42:10,888] {dag.py:2420} INFO - Sync 1 DAGs
[2022-08-21 16:42:10,900] {logging_mixin.py:115} INFO - [2022-08-21 16:42:10,900] {dag.py:2968} INFO - Setting next_dagrun for example_task_group to 2022-08-20T20:42:10.900539+00:00, run_after=2022-08-21T20:42:10.900539+00:00
[2022-08-21 16:42:10,934] {processor.py:161} INFO - Processing /Users/abhaymone/src/dev/sand/MANAGE-GMAIL/venv/lib/python3.9/site-packages/airflow/example_dags/example_task_group.py took 0.116 seconds
[2022-08-21 16:43:14,479] {processor.py:153} INFO - Started process (PID=4095) to work on /Users/abhaymone/src/dev/sand/MANAGE-GMAIL/venv/lib/python3.9/site-packages/airflow/example_dags/example_task_group.py
[2022-08-21 16:43:14,482] {processor.py:641} INFO - Processing file /Users/abhaymone/src/dev/sand/MANAGE-GMAIL/venv/lib/python3.9/site-packages/airflow/example_dags/example_task_group.py for tasks to queue
[2022-08-21 16:43:14,482] {logging_mixin.py:115} INFO - [2022-08-21 16:43:14,482] {dagbag.py:508} INFO - Filling up the DagBag from /Users/abhaymone/src/dev/sand/MANAGE-GMAIL/venv/lib/python3.9/site-packages/airflow/example_dags/example_task_group.py
[2022-08-21 16:43:14,497] {processor.py:651} INFO - DAG(s) dict_keys(['example_task_group']) retrieved from /Users/abhaymone/src/dev/sand/MANAGE-GMAIL/venv/lib/python3.9/site-packages/airflow/example_dags/example_task_group.py
[2022-08-21 16:43:14,565] {logging_mixin.py:115} INFO - [2022-08-21 16:43:14,565] {dag.py:2420} INFO - Sync 1 DAGs
[2022-08-21 16:43:14,576] {logging_mixin.py:115} INFO - [2022-08-21 16:43:14,576] {dag.py:2968} INFO - Setting next_dagrun for example_task_group to 2022-08-20T20:43:14.576550+00:00, run_after=2022-08-21T20:43:14.576550+00:00
[2022-08-21 16:43:14,587] {processor.py:161} INFO - Processing /Users/abhaymone/src/dev/sand/MANAGE-GMAIL/venv/lib/python3.9/site-packages/airflow/example_dags/example_task_group.py took 0.109 seconds
[2022-08-21 16:44:18,731] {processor.py:153} INFO - Started process (PID=4207) to work on /Users/abhaymone/src/dev/sand/MANAGE-GMAIL/venv/lib/python3.9/site-packages/airflow/example_dags/example_task_group.py
[2022-08-21 16:44:18,737] {processor.py:641} INFO - Processing file /Users/abhaymone/src/dev/sand/MANAGE-GMAIL/venv/lib/python3.9/site-packages/airflow/example_dags/example_task_group.py for tasks to queue
[2022-08-21 16:44:18,738] {logging_mixin.py:115} INFO - [2022-08-21 16:44:18,737] {dagbag.py:508} INFO - Filling up the DagBag from /Users/abhaymone/src/dev/sand/MANAGE-GMAIL/venv/lib/python3.9/site-packages/airflow/example_dags/example_task_group.py
[2022-08-21 16:44:18,752] {processor.py:651} INFO - DAG(s) dict_keys(['example_task_group']) retrieved from /Users/abhaymone/src/dev/sand/MANAGE-GMAIL/venv/lib/python3.9/site-packages/airflow/example_dags/example_task_group.py
[2022-08-21 16:44:18,801] {logging_mixin.py:115} INFO - [2022-08-21 16:44:18,801] {dag.py:2420} INFO - Sync 1 DAGs
[2022-08-21 16:44:18,812] {logging_mixin.py:115} INFO - [2022-08-21 16:44:18,812] {dag.py:2968} INFO - Setting next_dagrun for example_task_group to 2022-08-20T20:44:18.812059+00:00, run_after=2022-08-21T20:44:18.812059+00:00
[2022-08-21 16:44:18,822] {processor.py:161} INFO - Processing /Users/abhaymone/src/dev/sand/MANAGE-GMAIL/venv/lib/python3.9/site-packages/airflow/example_dags/example_task_group.py took 0.092 seconds
[2022-08-21 16:45:16,500] {processor.py:153} INFO - Started process (PID=4310) to work on /Users/abhaymone/src/dev/sand/MANAGE-GMAIL/venv/lib/python3.9/site-packages/airflow/example_dags/example_task_group.py
[2022-08-21 16:45:16,500] {processor.py:641} INFO - Processing file /Users/abhaymone/src/dev/sand/MANAGE-GMAIL/venv/lib/python3.9/site-packages/airflow/example_dags/example_task_group.py for tasks to queue
[2022-08-21 16:45:16,500] {logging_mixin.py:115} INFO - [2022-08-21 16:45:16,500] {dagbag.py:508} INFO - Filling up the DagBag from /Users/abhaymone/src/dev/sand/MANAGE-GMAIL/venv/lib/python3.9/site-packages/airflow/example_dags/example_task_group.py
[2022-08-21 16:45:16,510] {processor.py:651} INFO - DAG(s) dict_keys(['example_task_group']) retrieved from /Users/abhaymone/src/dev/sand/MANAGE-GMAIL/venv/lib/python3.9/site-packages/airflow/example_dags/example_task_group.py
[2022-08-21 16:45:16,560] {logging_mixin.py:115} INFO - [2022-08-21 16:45:16,560] {dag.py:2420} INFO - Sync 1 DAGs
[2022-08-21 16:45:16,571] {logging_mixin.py:115} INFO - [2022-08-21 16:45:16,571] {dag.py:2968} INFO - Setting next_dagrun for example_task_group to 2022-08-20T20:45:16.571534+00:00, run_after=2022-08-21T20:45:16.571534+00:00
[2022-08-21 16:45:16,587] {processor.py:161} INFO - Processing /Users/abhaymone/src/dev/sand/MANAGE-GMAIL/venv/lib/python3.9/site-packages/airflow/example_dags/example_task_group.py took 0.088 seconds
[2022-08-21 16:46:12,996] {processor.py:153} INFO - Started process (PID=4426) to work on /Users/abhaymone/src/dev/sand/MANAGE-GMAIL/venv/lib/python3.9/site-packages/airflow/example_dags/example_task_group.py
[2022-08-21 16:46:12,999] {processor.py:641} INFO - Processing file /Users/abhaymone/src/dev/sand/MANAGE-GMAIL/venv/lib/python3.9/site-packages/airflow/example_dags/example_task_group.py for tasks to queue
[2022-08-21 16:46:12,999] {logging_mixin.py:115} INFO - [2022-08-21 16:46:12,999] {dagbag.py:508} INFO - Filling up the DagBag from /Users/abhaymone/src/dev/sand/MANAGE-GMAIL/venv/lib/python3.9/site-packages/airflow/example_dags/example_task_group.py
[2022-08-21 16:46:13,012] {processor.py:651} INFO - DAG(s) dict_keys(['example_task_group']) retrieved from /Users/abhaymone/src/dev/sand/MANAGE-GMAIL/venv/lib/python3.9/site-packages/airflow/example_dags/example_task_group.py
[2022-08-21 16:46:13,070] {logging_mixin.py:115} INFO - [2022-08-21 16:46:13,070] {dag.py:2420} INFO - Sync 1 DAGs
[2022-08-21 16:46:13,080] {logging_mixin.py:115} INFO - [2022-08-21 16:46:13,080] {dag.py:2968} INFO - Setting next_dagrun for example_task_group to 2022-08-20T20:46:13.080574+00:00, run_after=2022-08-21T20:46:13.080574+00:00
[2022-08-21 16:46:13,093] {processor.py:161} INFO - Processing /Users/abhaymone/src/dev/sand/MANAGE-GMAIL/venv/lib/python3.9/site-packages/airflow/example_dags/example_task_group.py took 0.097 seconds
[2022-08-21 16:47:10,666] {processor.py:153} INFO - Started process (PID=4537) to work on /Users/abhaymone/src/dev/sand/MANAGE-GMAIL/venv/lib/python3.9/site-packages/airflow/example_dags/example_task_group.py
[2022-08-21 16:47:10,672] {processor.py:641} INFO - Processing file /Users/abhaymone/src/dev/sand/MANAGE-GMAIL/venv/lib/python3.9/site-packages/airflow/example_dags/example_task_group.py for tasks to queue
[2022-08-21 16:47:10,672] {logging_mixin.py:115} INFO - [2022-08-21 16:47:10,672] {dagbag.py:508} INFO - Filling up the DagBag from /Users/abhaymone/src/dev/sand/MANAGE-GMAIL/venv/lib/python3.9/site-packages/airflow/example_dags/example_task_group.py
[2022-08-21 16:47:10,689] {processor.py:651} INFO - DAG(s) dict_keys(['example_task_group']) retrieved from /Users/abhaymone/src/dev/sand/MANAGE-GMAIL/venv/lib/python3.9/site-packages/airflow/example_dags/example_task_group.py
[2022-08-21 16:47:10,742] {logging_mixin.py:115} INFO - [2022-08-21 16:47:10,742] {dag.py:2420} INFO - Sync 1 DAGs
[2022-08-21 16:47:10,753] {logging_mixin.py:115} INFO - [2022-08-21 16:47:10,753] {dag.py:2968} INFO - Setting next_dagrun for example_task_group to 2022-08-20T20:47:10.753310+00:00, run_after=2022-08-21T20:47:10.753310+00:00
[2022-08-21 16:47:10,763] {processor.py:161} INFO - Processing /Users/abhaymone/src/dev/sand/MANAGE-GMAIL/venv/lib/python3.9/site-packages/airflow/example_dags/example_task_group.py took 0.098 seconds
[2022-08-21 16:48:19,452] {processor.py:153} INFO - Started process (PID=4587) to work on /Users/abhaymone/src/dev/sand/MANAGE-GMAIL/venv/lib/python3.9/site-packages/airflow/example_dags/example_task_group.py
[2022-08-21 16:48:19,458] {processor.py:641} INFO - Processing file /Users/abhaymone/src/dev/sand/MANAGE-GMAIL/venv/lib/python3.9/site-packages/airflow/example_dags/example_task_group.py for tasks to queue
[2022-08-21 16:48:19,459] {logging_mixin.py:115} INFO - [2022-08-21 16:48:19,459] {dagbag.py:508} INFO - Filling up the DagBag from /Users/abhaymone/src/dev/sand/MANAGE-GMAIL/venv/lib/python3.9/site-packages/airflow/example_dags/example_task_group.py
[2022-08-21 16:48:19,474] {processor.py:651} INFO - DAG(s) dict_keys(['example_task_group']) retrieved from /Users/abhaymone/src/dev/sand/MANAGE-GMAIL/venv/lib/python3.9/site-packages/airflow/example_dags/example_task_group.py
[2022-08-21 16:48:19,523] {logging_mixin.py:115} INFO - [2022-08-21 16:48:19,523] {dag.py:2420} INFO - Sync 1 DAGs
[2022-08-21 16:48:19,534] {logging_mixin.py:115} INFO - [2022-08-21 16:48:19,534] {dag.py:2968} INFO - Setting next_dagrun for example_task_group to 2022-08-20T20:48:19.534335+00:00, run_after=2022-08-21T20:48:19.534335+00:00
[2022-08-21 16:48:19,544] {processor.py:161} INFO - Processing /Users/abhaymone/src/dev/sand/MANAGE-GMAIL/venv/lib/python3.9/site-packages/airflow/example_dags/example_task_group.py took 0.092 seconds
[2022-08-21 16:49:23,812] {processor.py:153} INFO - Started process (PID=4631) to work on /Users/abhaymone/src/dev/sand/MANAGE-GMAIL/venv/lib/python3.9/site-packages/airflow/example_dags/example_task_group.py
[2022-08-21 16:49:23,818] {processor.py:641} INFO - Processing file /Users/abhaymone/src/dev/sand/MANAGE-GMAIL/venv/lib/python3.9/site-packages/airflow/example_dags/example_task_group.py for tasks to queue
[2022-08-21 16:49:23,819] {logging_mixin.py:115} INFO - [2022-08-21 16:49:23,819] {dagbag.py:508} INFO - Filling up the DagBag from /Users/abhaymone/src/dev/sand/MANAGE-GMAIL/venv/lib/python3.9/site-packages/airflow/example_dags/example_task_group.py
[2022-08-21 16:49:23,834] {processor.py:651} INFO - DAG(s) dict_keys(['example_task_group']) retrieved from /Users/abhaymone/src/dev/sand/MANAGE-GMAIL/venv/lib/python3.9/site-packages/airflow/example_dags/example_task_group.py
[2022-08-21 16:49:23,896] {logging_mixin.py:115} INFO - [2022-08-21 16:49:23,896] {dag.py:2420} INFO - Sync 1 DAGs
[2022-08-21 16:49:23,910] {logging_mixin.py:115} INFO - [2022-08-21 16:49:23,909] {dag.py:2968} INFO - Setting next_dagrun for example_task_group to 2022-08-20T20:49:23.909865+00:00, run_after=2022-08-21T20:49:23.909865+00:00
[2022-08-21 16:49:23,923] {processor.py:161} INFO - Processing /Users/abhaymone/src/dev/sand/MANAGE-GMAIL/venv/lib/python3.9/site-packages/airflow/example_dags/example_task_group.py took 0.112 seconds
[2022-08-21 16:50:24,502] {processor.py:153} INFO - Started process (PID=4670) to work on /Users/abhaymone/src/dev/sand/MANAGE-GMAIL/venv/lib/python3.9/site-packages/airflow/example_dags/example_task_group.py
[2022-08-21 16:50:24,508] {processor.py:641} INFO - Processing file /Users/abhaymone/src/dev/sand/MANAGE-GMAIL/venv/lib/python3.9/site-packages/airflow/example_dags/example_task_group.py for tasks to queue
[2022-08-21 16:50:24,509] {logging_mixin.py:115} INFO - [2022-08-21 16:50:24,509] {dagbag.py:508} INFO - Filling up the DagBag from /Users/abhaymone/src/dev/sand/MANAGE-GMAIL/venv/lib/python3.9/site-packages/airflow/example_dags/example_task_group.py
[2022-08-21 16:50:24,525] {processor.py:651} INFO - DAG(s) dict_keys(['example_task_group']) retrieved from /Users/abhaymone/src/dev/sand/MANAGE-GMAIL/venv/lib/python3.9/site-packages/airflow/example_dags/example_task_group.py
[2022-08-21 16:50:24,575] {logging_mixin.py:115} INFO - [2022-08-21 16:50:24,575] {dag.py:2420} INFO - Sync 1 DAGs
[2022-08-21 16:50:24,585] {logging_mixin.py:115} INFO - [2022-08-21 16:50:24,585] {dag.py:2968} INFO - Setting next_dagrun for example_task_group to 2022-08-20T20:50:24.585616+00:00, run_after=2022-08-21T20:50:24.585616+00:00
[2022-08-21 16:50:24,598] {processor.py:161} INFO - Processing /Users/abhaymone/src/dev/sand/MANAGE-GMAIL/venv/lib/python3.9/site-packages/airflow/example_dags/example_task_group.py took 0.096 seconds
[2022-08-21 16:51:23,330] {processor.py:153} INFO - Started process (PID=4761) to work on /Users/abhaymone/src/dev/sand/MANAGE-GMAIL/venv/lib/python3.9/site-packages/airflow/example_dags/example_task_group.py
[2022-08-21 16:51:23,331] {processor.py:641} INFO - Processing file /Users/abhaymone/src/dev/sand/MANAGE-GMAIL/venv/lib/python3.9/site-packages/airflow/example_dags/example_task_group.py for tasks to queue
[2022-08-21 16:51:23,331] {logging_mixin.py:115} INFO - [2022-08-21 16:51:23,331] {dagbag.py:508} INFO - Filling up the DagBag from /Users/abhaymone/src/dev/sand/MANAGE-GMAIL/venv/lib/python3.9/site-packages/airflow/example_dags/example_task_group.py
[2022-08-21 16:51:23,344] {processor.py:651} INFO - DAG(s) dict_keys(['example_task_group']) retrieved from /Users/abhaymone/src/dev/sand/MANAGE-GMAIL/venv/lib/python3.9/site-packages/airflow/example_dags/example_task_group.py
[2022-08-21 16:51:23,411] {logging_mixin.py:115} INFO - [2022-08-21 16:51:23,411] {dag.py:2420} INFO - Sync 1 DAGs
[2022-08-21 16:51:23,426] {logging_mixin.py:115} INFO - [2022-08-21 16:51:23,425] {dag.py:2968} INFO - Setting next_dagrun for example_task_group to 2022-08-20T20:51:23.425871+00:00, run_after=2022-08-21T20:51:23.425871+00:00
[2022-08-21 16:51:23,436] {processor.py:161} INFO - Processing /Users/abhaymone/src/dev/sand/MANAGE-GMAIL/venv/lib/python3.9/site-packages/airflow/example_dags/example_task_group.py took 0.107 seconds
[2022-08-21 16:52:20,839] {processor.py:153} INFO - Started process (PID=4981) to work on /Users/abhaymone/src/dev/sand/MANAGE-GMAIL/venv/lib/python3.9/site-packages/airflow/example_dags/example_task_group.py
[2022-08-21 16:52:20,839] {processor.py:641} INFO - Processing file /Users/abhaymone/src/dev/sand/MANAGE-GMAIL/venv/lib/python3.9/site-packages/airflow/example_dags/example_task_group.py for tasks to queue
[2022-08-21 16:52:20,839] {logging_mixin.py:115} INFO - [2022-08-21 16:52:20,839] {dagbag.py:508} INFO - Filling up the DagBag from /Users/abhaymone/src/dev/sand/MANAGE-GMAIL/venv/lib/python3.9/site-packages/airflow/example_dags/example_task_group.py
[2022-08-21 16:52:20,850] {processor.py:651} INFO - DAG(s) dict_keys(['example_task_group']) retrieved from /Users/abhaymone/src/dev/sand/MANAGE-GMAIL/venv/lib/python3.9/site-packages/airflow/example_dags/example_task_group.py
[2022-08-21 16:52:20,898] {logging_mixin.py:115} INFO - [2022-08-21 16:52:20,898] {dag.py:2420} INFO - Sync 1 DAGs
[2022-08-21 16:52:20,908] {logging_mixin.py:115} INFO - [2022-08-21 16:52:20,908] {dag.py:2968} INFO - Setting next_dagrun for example_task_group to 2022-08-20T20:52:20.908776+00:00, run_after=2022-08-21T20:52:20.908776+00:00
[2022-08-21 16:52:20,925] {processor.py:161} INFO - Processing /Users/abhaymone/src/dev/sand/MANAGE-GMAIL/venv/lib/python3.9/site-packages/airflow/example_dags/example_task_group.py took 0.086 seconds
[2022-08-21 16:53:18,664] {processor.py:153} INFO - Started process (PID=5108) to work on /Users/abhaymone/src/dev/sand/MANAGE-GMAIL/venv/lib/python3.9/site-packages/airflow/example_dags/example_task_group.py
[2022-08-21 16:53:18,664] {processor.py:641} INFO - Processing file /Users/abhaymone/src/dev/sand/MANAGE-GMAIL/venv/lib/python3.9/site-packages/airflow/example_dags/example_task_group.py for tasks to queue
[2022-08-21 16:53:18,664] {logging_mixin.py:115} INFO - [2022-08-21 16:53:18,664] {dagbag.py:508} INFO - Filling up the DagBag from /Users/abhaymone/src/dev/sand/MANAGE-GMAIL/venv/lib/python3.9/site-packages/airflow/example_dags/example_task_group.py
[2022-08-21 16:53:18,674] {processor.py:651} INFO - DAG(s) dict_keys(['example_task_group']) retrieved from /Users/abhaymone/src/dev/sand/MANAGE-GMAIL/venv/lib/python3.9/site-packages/airflow/example_dags/example_task_group.py
[2022-08-21 16:53:18,724] {logging_mixin.py:115} INFO - [2022-08-21 16:53:18,724] {dag.py:2420} INFO - Sync 1 DAGs
[2022-08-21 16:53:18,734] {logging_mixin.py:115} INFO - [2022-08-21 16:53:18,734] {dag.py:2968} INFO - Setting next_dagrun for example_task_group to 2022-08-20T20:53:18.734380+00:00, run_after=2022-08-21T20:53:18.734380+00:00
[2022-08-21 16:53:18,753] {processor.py:161} INFO - Processing /Users/abhaymone/src/dev/sand/MANAGE-GMAIL/venv/lib/python3.9/site-packages/airflow/example_dags/example_task_group.py took 0.090 seconds
[2022-08-21 16:54:21,438] {processor.py:153} INFO - Started process (PID=5170) to work on /Users/abhaymone/src/dev/sand/MANAGE-GMAIL/venv/lib/python3.9/site-packages/airflow/example_dags/example_task_group.py
[2022-08-21 16:54:21,438] {processor.py:641} INFO - Processing file /Users/abhaymone/src/dev/sand/MANAGE-GMAIL/venv/lib/python3.9/site-packages/airflow/example_dags/example_task_group.py for tasks to queue
[2022-08-21 16:54:21,438] {logging_mixin.py:115} INFO - [2022-08-21 16:54:21,438] {dagbag.py:508} INFO - Filling up the DagBag from /Users/abhaymone/src/dev/sand/MANAGE-GMAIL/venv/lib/python3.9/site-packages/airflow/example_dags/example_task_group.py
[2022-08-21 16:54:21,448] {processor.py:651} INFO - DAG(s) dict_keys(['example_task_group']) retrieved from /Users/abhaymone/src/dev/sand/MANAGE-GMAIL/venv/lib/python3.9/site-packages/airflow/example_dags/example_task_group.py
[2022-08-21 16:54:21,497] {logging_mixin.py:115} INFO - [2022-08-21 16:54:21,497] {dag.py:2420} INFO - Sync 1 DAGs
[2022-08-21 16:54:21,507] {logging_mixin.py:115} INFO - [2022-08-21 16:54:21,507] {dag.py:2968} INFO - Setting next_dagrun for example_task_group to 2022-08-20T20:54:21.507494+00:00, run_after=2022-08-21T20:54:21.507494+00:00
[2022-08-21 16:54:21,523] {processor.py:161} INFO - Processing /Users/abhaymone/src/dev/sand/MANAGE-GMAIL/venv/lib/python3.9/site-packages/airflow/example_dags/example_task_group.py took 0.086 seconds
[2022-08-21 16:55:28,393] {processor.py:153} INFO - Started process (PID=5243) to work on /Users/abhaymone/src/dev/sand/MANAGE-GMAIL/venv/lib/python3.9/site-packages/airflow/example_dags/example_task_group.py
[2022-08-21 16:55:28,399] {processor.py:641} INFO - Processing file /Users/abhaymone/src/dev/sand/MANAGE-GMAIL/venv/lib/python3.9/site-packages/airflow/example_dags/example_task_group.py for tasks to queue
[2022-08-21 16:55:28,399] {logging_mixin.py:115} INFO - [2022-08-21 16:55:28,399] {dagbag.py:508} INFO - Filling up the DagBag from /Users/abhaymone/src/dev/sand/MANAGE-GMAIL/venv/lib/python3.9/site-packages/airflow/example_dags/example_task_group.py
[2022-08-21 16:55:28,414] {processor.py:651} INFO - DAG(s) dict_keys(['example_task_group']) retrieved from /Users/abhaymone/src/dev/sand/MANAGE-GMAIL/venv/lib/python3.9/site-packages/airflow/example_dags/example_task_group.py
[2022-08-21 16:55:28,472] {logging_mixin.py:115} INFO - [2022-08-21 16:55:28,472] {dag.py:2420} INFO - Sync 1 DAGs
[2022-08-21 16:55:28,485] {logging_mixin.py:115} INFO - [2022-08-21 16:55:28,485] {dag.py:2968} INFO - Setting next_dagrun for example_task_group to 2022-08-20T20:55:28.485100+00:00, run_after=2022-08-21T20:55:28.485100+00:00
[2022-08-21 16:55:28,497] {processor.py:161} INFO - Processing /Users/abhaymone/src/dev/sand/MANAGE-GMAIL/venv/lib/python3.9/site-packages/airflow/example_dags/example_task_group.py took 0.104 seconds
