[2022-08-21 16:14:40,278] {processor.py:153} INFO - Started process (PID=3370) to work on /Users/abhaymone/src/dev/sand/MANAGE-GMAIL/venv/lib/python3.9/site-packages/airflow/example_dags/example_python_operator.py
[2022-08-21 16:14:40,279] {processor.py:641} INFO - Processing file /Users/abhaymone/src/dev/sand/MANAGE-GMAIL/venv/lib/python3.9/site-packages/airflow/example_dags/example_python_operator.py for tasks to queue
[2022-08-21 16:14:40,279] {logging_mixin.py:115} INFO - [2022-08-21 16:14:40,279] {dagbag.py:508} INFO - Filling up the DagBag from /Users/abhaymone/src/dev/sand/MANAGE-GMAIL/venv/lib/python3.9/site-packages/airflow/example_dags/example_python_operator.py
[2022-08-21 16:14:40,316] {logging_mixin.py:115} INFO - [2022-08-21 16:14:40,316] {example_python_operator.py:68} WARNING - The virtalenv_python example task requires virtualenv, please install it.
[2022-08-21 16:14:40,323] {processor.py:651} INFO - DAG(s) dict_keys(['example_python_operator']) retrieved from /Users/abhaymone/src/dev/sand/MANAGE-GMAIL/venv/lib/python3.9/site-packages/airflow/example_dags/example_python_operator.py
[2022-08-21 16:14:41,135] {logging_mixin.py:115} INFO - [2022-08-21 16:14:41,135] {manager.py:508} INFO - Created Permission View: can edit on DAG:example_python_operator
[2022-08-21 16:14:41,146] {logging_mixin.py:115} INFO - [2022-08-21 16:14:41,146] {manager.py:508} INFO - Created Permission View: can delete on DAG:example_python_operator
[2022-08-21 16:14:41,152] {logging_mixin.py:115} INFO - [2022-08-21 16:14:41,151] {manager.py:508} INFO - Created Permission View: can read on DAG:example_python_operator
[2022-08-21 16:14:41,152] {logging_mixin.py:115} INFO - [2022-08-21 16:14:41,152] {dag.py:2420} INFO - Sync 1 DAGs
[2022-08-21 16:14:41,158] {logging_mixin.py:115} INFO - [2022-08-21 16:14:41,158] {dag.py:2439} INFO - Creating ORM DAG for example_python_operator
[2022-08-21 16:14:41,165] {logging_mixin.py:115} INFO - [2022-08-21 16:14:41,165] {dag.py:2968} INFO - Setting next_dagrun for example_python_operator to None, run_after=None
[2022-08-21 16:14:41,175] {processor.py:161} INFO - Processing /Users/abhaymone/src/dev/sand/MANAGE-GMAIL/venv/lib/python3.9/site-packages/airflow/example_dags/example_python_operator.py took 0.897 seconds
[2022-08-21 16:15:52,364] {processor.py:153} INFO - Started process (PID=3427) to work on /Users/abhaymone/src/dev/sand/MANAGE-GMAIL/venv/lib/python3.9/site-packages/airflow/example_dags/example_python_operator.py
[2022-08-21 16:15:52,371] {processor.py:641} INFO - Processing file /Users/abhaymone/src/dev/sand/MANAGE-GMAIL/venv/lib/python3.9/site-packages/airflow/example_dags/example_python_operator.py for tasks to queue
[2022-08-21 16:15:52,372] {logging_mixin.py:115} INFO - [2022-08-21 16:15:52,372] {dagbag.py:508} INFO - Filling up the DagBag from /Users/abhaymone/src/dev/sand/MANAGE-GMAIL/venv/lib/python3.9/site-packages/airflow/example_dags/example_python_operator.py
[2022-08-21 16:15:52,398] {logging_mixin.py:115} INFO - [2022-08-21 16:15:52,398] {example_python_operator.py:68} WARNING - The virtalenv_python example task requires virtualenv, please install it.
[2022-08-21 16:15:52,404] {processor.py:651} INFO - DAG(s) dict_keys(['example_python_operator']) retrieved from /Users/abhaymone/src/dev/sand/MANAGE-GMAIL/venv/lib/python3.9/site-packages/airflow/example_dags/example_python_operator.py
[2022-08-21 16:15:52,458] {logging_mixin.py:115} INFO - [2022-08-21 16:15:52,457] {dag.py:2420} INFO - Sync 1 DAGs
[2022-08-21 16:15:52,468] {logging_mixin.py:115} INFO - [2022-08-21 16:15:52,468] {dag.py:2968} INFO - Setting next_dagrun for example_python_operator to None, run_after=None
[2022-08-21 16:15:52,480] {processor.py:161} INFO - Processing /Users/abhaymone/src/dev/sand/MANAGE-GMAIL/venv/lib/python3.9/site-packages/airflow/example_dags/example_python_operator.py took 0.117 seconds
[2022-08-21 16:16:50,544] {processor.py:153} INFO - Started process (PID=3462) to work on /Users/abhaymone/src/dev/sand/MANAGE-GMAIL/venv/lib/python3.9/site-packages/airflow/example_dags/example_python_operator.py
[2022-08-21 16:16:50,544] {processor.py:641} INFO - Processing file /Users/abhaymone/src/dev/sand/MANAGE-GMAIL/venv/lib/python3.9/site-packages/airflow/example_dags/example_python_operator.py for tasks to queue
[2022-08-21 16:16:50,544] {logging_mixin.py:115} INFO - [2022-08-21 16:16:50,544] {dagbag.py:508} INFO - Filling up the DagBag from /Users/abhaymone/src/dev/sand/MANAGE-GMAIL/venv/lib/python3.9/site-packages/airflow/example_dags/example_python_operator.py
[2022-08-21 16:16:50,564] {logging_mixin.py:115} INFO - [2022-08-21 16:16:50,564] {example_python_operator.py:68} WARNING - The virtalenv_python example task requires virtualenv, please install it.
[2022-08-21 16:16:50,569] {processor.py:651} INFO - DAG(s) dict_keys(['example_python_operator']) retrieved from /Users/abhaymone/src/dev/sand/MANAGE-GMAIL/venv/lib/python3.9/site-packages/airflow/example_dags/example_python_operator.py
[2022-08-21 16:16:50,616] {logging_mixin.py:115} INFO - [2022-08-21 16:16:50,616] {dag.py:2420} INFO - Sync 1 DAGs
[2022-08-21 16:16:50,626] {logging_mixin.py:115} INFO - [2022-08-21 16:16:50,626] {dag.py:2968} INFO - Setting next_dagrun for example_python_operator to None, run_after=None
[2022-08-21 16:16:50,643] {processor.py:161} INFO - Processing /Users/abhaymone/src/dev/sand/MANAGE-GMAIL/venv/lib/python3.9/site-packages/airflow/example_dags/example_python_operator.py took 0.099 seconds
[2022-08-21 16:27:53,920] {processor.py:153} INFO - Started process (PID=3496) to work on /Users/abhaymone/src/dev/sand/MANAGE-GMAIL/venv/lib/python3.9/site-packages/airflow/example_dags/example_python_operator.py
[2022-08-21 16:27:53,923] {processor.py:641} INFO - Processing file /Users/abhaymone/src/dev/sand/MANAGE-GMAIL/venv/lib/python3.9/site-packages/airflow/example_dags/example_python_operator.py for tasks to queue
[2022-08-21 16:27:53,923] {logging_mixin.py:115} INFO - [2022-08-21 16:27:53,923] {dagbag.py:508} INFO - Filling up the DagBag from /Users/abhaymone/src/dev/sand/MANAGE-GMAIL/venv/lib/python3.9/site-packages/airflow/example_dags/example_python_operator.py
[2022-08-21 16:27:53,951] {logging_mixin.py:115} INFO - [2022-08-21 16:27:53,951] {example_python_operator.py:68} WARNING - The virtalenv_python example task requires virtualenv, please install it.
[2022-08-21 16:27:54,028] {processor.py:651} INFO - DAG(s) dict_keys(['example_python_operator']) retrieved from /Users/abhaymone/src/dev/sand/MANAGE-GMAIL/venv/lib/python3.9/site-packages/airflow/example_dags/example_python_operator.py
[2022-08-21 16:27:54,391] {logging_mixin.py:115} INFO - [2022-08-21 16:27:54,391] {dag.py:2420} INFO - Sync 1 DAGs
[2022-08-21 16:27:54,442] {logging_mixin.py:115} INFO - [2022-08-21 16:27:54,442] {dag.py:2968} INFO - Setting next_dagrun for example_python_operator to None, run_after=None
[2022-08-21 16:27:54,546] {processor.py:161} INFO - Processing /Users/abhaymone/src/dev/sand/MANAGE-GMAIL/venv/lib/python3.9/site-packages/airflow/example_dags/example_python_operator.py took 0.654 seconds
[2022-08-21 16:29:18,810] {processor.py:153} INFO - Started process (PID=3585) to work on /Users/abhaymone/src/dev/sand/MANAGE-GMAIL/venv/lib/python3.9/site-packages/airflow/example_dags/example_python_operator.py
[2022-08-21 16:29:18,811] {processor.py:641} INFO - Processing file /Users/abhaymone/src/dev/sand/MANAGE-GMAIL/venv/lib/python3.9/site-packages/airflow/example_dags/example_python_operator.py for tasks to queue
[2022-08-21 16:29:18,811] {logging_mixin.py:115} INFO - [2022-08-21 16:29:18,811] {dagbag.py:508} INFO - Filling up the DagBag from /Users/abhaymone/src/dev/sand/MANAGE-GMAIL/venv/lib/python3.9/site-packages/airflow/example_dags/example_python_operator.py
[2022-08-21 16:29:18,842] {logging_mixin.py:115} INFO - [2022-08-21 16:29:18,842] {example_python_operator.py:68} WARNING - The virtalenv_python example task requires virtualenv, please install it.
[2022-08-21 16:29:18,848] {processor.py:651} INFO - DAG(s) dict_keys(['example_python_operator']) retrieved from /Users/abhaymone/src/dev/sand/MANAGE-GMAIL/venv/lib/python3.9/site-packages/airflow/example_dags/example_python_operator.py
[2022-08-21 16:29:18,894] {logging_mixin.py:115} INFO - [2022-08-21 16:29:18,894] {dag.py:2420} INFO - Sync 1 DAGs
[2022-08-21 16:29:18,904] {logging_mixin.py:115} INFO - [2022-08-21 16:29:18,904] {dag.py:2968} INFO - Setting next_dagrun for example_python_operator to None, run_after=None
[2022-08-21 16:29:18,916] {processor.py:161} INFO - Processing /Users/abhaymone/src/dev/sand/MANAGE-GMAIL/venv/lib/python3.9/site-packages/airflow/example_dags/example_python_operator.py took 0.106 seconds
[2022-08-21 16:30:23,531] {processor.py:153} INFO - Started process (PID=3627) to work on /Users/abhaymone/src/dev/sand/MANAGE-GMAIL/venv/lib/python3.9/site-packages/airflow/example_dags/example_python_operator.py
[2022-08-21 16:30:23,531] {processor.py:641} INFO - Processing file /Users/abhaymone/src/dev/sand/MANAGE-GMAIL/venv/lib/python3.9/site-packages/airflow/example_dags/example_python_operator.py for tasks to queue
[2022-08-21 16:30:23,532] {logging_mixin.py:115} INFO - [2022-08-21 16:30:23,532] {dagbag.py:508} INFO - Filling up the DagBag from /Users/abhaymone/src/dev/sand/MANAGE-GMAIL/venv/lib/python3.9/site-packages/airflow/example_dags/example_python_operator.py
[2022-08-21 16:30:23,551] {logging_mixin.py:115} INFO - [2022-08-21 16:30:23,551] {example_python_operator.py:68} WARNING - The virtalenv_python example task requires virtualenv, please install it.
[2022-08-21 16:30:23,556] {processor.py:651} INFO - DAG(s) dict_keys(['example_python_operator']) retrieved from /Users/abhaymone/src/dev/sand/MANAGE-GMAIL/venv/lib/python3.9/site-packages/airflow/example_dags/example_python_operator.py
[2022-08-21 16:30:23,603] {logging_mixin.py:115} INFO - [2022-08-21 16:30:23,603] {dag.py:2420} INFO - Sync 1 DAGs
[2022-08-21 16:30:23,613] {logging_mixin.py:115} INFO - [2022-08-21 16:30:23,613] {dag.py:2968} INFO - Setting next_dagrun for example_python_operator to None, run_after=None
[2022-08-21 16:30:23,629] {processor.py:161} INFO - Processing /Users/abhaymone/src/dev/sand/MANAGE-GMAIL/venv/lib/python3.9/site-packages/airflow/example_dags/example_python_operator.py took 0.099 seconds
[2022-08-21 16:31:33,869] {processor.py:153} INFO - Started process (PID=3665) to work on /Users/abhaymone/src/dev/sand/MANAGE-GMAIL/venv/lib/python3.9/site-packages/airflow/example_dags/example_python_operator.py
[2022-08-21 16:31:33,874] {processor.py:641} INFO - Processing file /Users/abhaymone/src/dev/sand/MANAGE-GMAIL/venv/lib/python3.9/site-packages/airflow/example_dags/example_python_operator.py for tasks to queue
[2022-08-21 16:31:33,875] {logging_mixin.py:115} INFO - [2022-08-21 16:31:33,875] {dagbag.py:508} INFO - Filling up the DagBag from /Users/abhaymone/src/dev/sand/MANAGE-GMAIL/venv/lib/python3.9/site-packages/airflow/example_dags/example_python_operator.py
[2022-08-21 16:31:33,899] {logging_mixin.py:115} INFO - [2022-08-21 16:31:33,899] {example_python_operator.py:68} WARNING - The virtalenv_python example task requires virtualenv, please install it.
[2022-08-21 16:31:33,904] {processor.py:651} INFO - DAG(s) dict_keys(['example_python_operator']) retrieved from /Users/abhaymone/src/dev/sand/MANAGE-GMAIL/venv/lib/python3.9/site-packages/airflow/example_dags/example_python_operator.py
[2022-08-21 16:31:33,952] {logging_mixin.py:115} INFO - [2022-08-21 16:31:33,951] {dag.py:2420} INFO - Sync 1 DAGs
[2022-08-21 16:31:33,962] {logging_mixin.py:115} INFO - [2022-08-21 16:31:33,962] {dag.py:2968} INFO - Setting next_dagrun for example_python_operator to None, run_after=None
[2022-08-21 16:31:33,972] {processor.py:161} INFO - Processing /Users/abhaymone/src/dev/sand/MANAGE-GMAIL/venv/lib/python3.9/site-packages/airflow/example_dags/example_python_operator.py took 0.104 seconds
[2022-08-21 16:32:34,438] {processor.py:153} INFO - Started process (PID=3708) to work on /Users/abhaymone/src/dev/sand/MANAGE-GMAIL/venv/lib/python3.9/site-packages/airflow/example_dags/example_python_operator.py
[2022-08-21 16:32:34,443] {processor.py:641} INFO - Processing file /Users/abhaymone/src/dev/sand/MANAGE-GMAIL/venv/lib/python3.9/site-packages/airflow/example_dags/example_python_operator.py for tasks to queue
[2022-08-21 16:32:34,444] {logging_mixin.py:115} INFO - [2022-08-21 16:32:34,444] {dagbag.py:508} INFO - Filling up the DagBag from /Users/abhaymone/src/dev/sand/MANAGE-GMAIL/venv/lib/python3.9/site-packages/airflow/example_dags/example_python_operator.py
[2022-08-21 16:32:34,471] {logging_mixin.py:115} INFO - [2022-08-21 16:32:34,471] {example_python_operator.py:68} WARNING - The virtalenv_python example task requires virtualenv, please install it.
[2022-08-21 16:32:34,476] {processor.py:651} INFO - DAG(s) dict_keys(['example_python_operator']) retrieved from /Users/abhaymone/src/dev/sand/MANAGE-GMAIL/venv/lib/python3.9/site-packages/airflow/example_dags/example_python_operator.py
[2022-08-21 16:32:34,527] {logging_mixin.py:115} INFO - [2022-08-21 16:32:34,527] {dag.py:2420} INFO - Sync 1 DAGs
[2022-08-21 16:32:34,539] {logging_mixin.py:115} INFO - [2022-08-21 16:32:34,539] {dag.py:2968} INFO - Setting next_dagrun for example_python_operator to None, run_after=None
[2022-08-21 16:32:34,551] {processor.py:161} INFO - Processing /Users/abhaymone/src/dev/sand/MANAGE-GMAIL/venv/lib/python3.9/site-packages/airflow/example_dags/example_python_operator.py took 0.114 seconds
[2022-08-21 16:33:33,194] {processor.py:153} INFO - Started process (PID=3743) to work on /Users/abhaymone/src/dev/sand/MANAGE-GMAIL/venv/lib/python3.9/site-packages/airflow/example_dags/example_python_operator.py
[2022-08-21 16:33:33,199] {processor.py:641} INFO - Processing file /Users/abhaymone/src/dev/sand/MANAGE-GMAIL/venv/lib/python3.9/site-packages/airflow/example_dags/example_python_operator.py for tasks to queue
[2022-08-21 16:33:33,200] {logging_mixin.py:115} INFO - [2022-08-21 16:33:33,200] {dagbag.py:508} INFO - Filling up the DagBag from /Users/abhaymone/src/dev/sand/MANAGE-GMAIL/venv/lib/python3.9/site-packages/airflow/example_dags/example_python_operator.py
[2022-08-21 16:33:33,225] {logging_mixin.py:115} INFO - [2022-08-21 16:33:33,225] {example_python_operator.py:68} WARNING - The virtalenv_python example task requires virtualenv, please install it.
[2022-08-21 16:33:33,231] {processor.py:651} INFO - DAG(s) dict_keys(['example_python_operator']) retrieved from /Users/abhaymone/src/dev/sand/MANAGE-GMAIL/venv/lib/python3.9/site-packages/airflow/example_dags/example_python_operator.py
[2022-08-21 16:33:33,282] {logging_mixin.py:115} INFO - [2022-08-21 16:33:33,281] {dag.py:2420} INFO - Sync 1 DAGs
[2022-08-21 16:33:33,294] {logging_mixin.py:115} INFO - [2022-08-21 16:33:33,294] {dag.py:2968} INFO - Setting next_dagrun for example_python_operator to None, run_after=None
[2022-08-21 16:33:33,306] {processor.py:161} INFO - Processing /Users/abhaymone/src/dev/sand/MANAGE-GMAIL/venv/lib/python3.9/site-packages/airflow/example_dags/example_python_operator.py took 0.112 seconds
[2022-08-21 16:34:32,268] {processor.py:153} INFO - Started process (PID=3780) to work on /Users/abhaymone/src/dev/sand/MANAGE-GMAIL/venv/lib/python3.9/site-packages/airflow/example_dags/example_python_operator.py
[2022-08-21 16:34:32,274] {processor.py:641} INFO - Processing file /Users/abhaymone/src/dev/sand/MANAGE-GMAIL/venv/lib/python3.9/site-packages/airflow/example_dags/example_python_operator.py for tasks to queue
[2022-08-21 16:34:32,274] {logging_mixin.py:115} INFO - [2022-08-21 16:34:32,274] {dagbag.py:508} INFO - Filling up the DagBag from /Users/abhaymone/src/dev/sand/MANAGE-GMAIL/venv/lib/python3.9/site-packages/airflow/example_dags/example_python_operator.py
[2022-08-21 16:34:32,299] {logging_mixin.py:115} INFO - [2022-08-21 16:34:32,299] {example_python_operator.py:68} WARNING - The virtalenv_python example task requires virtualenv, please install it.
[2022-08-21 16:34:32,306] {processor.py:651} INFO - DAG(s) dict_keys(['example_python_operator']) retrieved from /Users/abhaymone/src/dev/sand/MANAGE-GMAIL/venv/lib/python3.9/site-packages/airflow/example_dags/example_python_operator.py
[2022-08-21 16:34:32,358] {logging_mixin.py:115} INFO - [2022-08-21 16:34:32,358] {dag.py:2420} INFO - Sync 1 DAGs
[2022-08-21 16:34:32,369] {logging_mixin.py:115} INFO - [2022-08-21 16:34:32,369] {dag.py:2968} INFO - Setting next_dagrun for example_python_operator to None, run_after=None
[2022-08-21 16:34:32,382] {processor.py:161} INFO - Processing /Users/abhaymone/src/dev/sand/MANAGE-GMAIL/venv/lib/python3.9/site-packages/airflow/example_dags/example_python_operator.py took 0.114 seconds
[2022-08-21 16:35:30,855] {processor.py:153} INFO - Started process (PID=3816) to work on /Users/abhaymone/src/dev/sand/MANAGE-GMAIL/venv/lib/python3.9/site-packages/airflow/example_dags/example_python_operator.py
[2022-08-21 16:35:30,858] {processor.py:641} INFO - Processing file /Users/abhaymone/src/dev/sand/MANAGE-GMAIL/venv/lib/python3.9/site-packages/airflow/example_dags/example_python_operator.py for tasks to queue
[2022-08-21 16:35:30,858] {logging_mixin.py:115} INFO - [2022-08-21 16:35:30,858] {dagbag.py:508} INFO - Filling up the DagBag from /Users/abhaymone/src/dev/sand/MANAGE-GMAIL/venv/lib/python3.9/site-packages/airflow/example_dags/example_python_operator.py
[2022-08-21 16:35:30,882] {logging_mixin.py:115} INFO - [2022-08-21 16:35:30,882] {example_python_operator.py:68} WARNING - The virtalenv_python example task requires virtualenv, please install it.
[2022-08-21 16:35:30,889] {processor.py:651} INFO - DAG(s) dict_keys(['example_python_operator']) retrieved from /Users/abhaymone/src/dev/sand/MANAGE-GMAIL/venv/lib/python3.9/site-packages/airflow/example_dags/example_python_operator.py
[2022-08-21 16:35:30,941] {logging_mixin.py:115} INFO - [2022-08-21 16:35:30,941] {dag.py:2420} INFO - Sync 1 DAGs
[2022-08-21 16:35:30,952] {logging_mixin.py:115} INFO - [2022-08-21 16:35:30,952] {dag.py:2968} INFO - Setting next_dagrun for example_python_operator to None, run_after=None
[2022-08-21 16:35:30,962] {processor.py:161} INFO - Processing /Users/abhaymone/src/dev/sand/MANAGE-GMAIL/venv/lib/python3.9/site-packages/airflow/example_dags/example_python_operator.py took 0.107 seconds
[2022-08-21 16:36:34,935] {processor.py:153} INFO - Started process (PID=3857) to work on /Users/abhaymone/src/dev/sand/MANAGE-GMAIL/venv/lib/python3.9/site-packages/airflow/example_dags/example_python_operator.py
[2022-08-21 16:36:34,940] {processor.py:641} INFO - Processing file /Users/abhaymone/src/dev/sand/MANAGE-GMAIL/venv/lib/python3.9/site-packages/airflow/example_dags/example_python_operator.py for tasks to queue
[2022-08-21 16:36:34,941] {logging_mixin.py:115} INFO - [2022-08-21 16:36:34,941] {dagbag.py:508} INFO - Filling up the DagBag from /Users/abhaymone/src/dev/sand/MANAGE-GMAIL/venv/lib/python3.9/site-packages/airflow/example_dags/example_python_operator.py
[2022-08-21 16:36:34,965] {logging_mixin.py:115} INFO - [2022-08-21 16:36:34,965] {example_python_operator.py:68} WARNING - The virtalenv_python example task requires virtualenv, please install it.
[2022-08-21 16:36:34,971] {processor.py:651} INFO - DAG(s) dict_keys(['example_python_operator']) retrieved from /Users/abhaymone/src/dev/sand/MANAGE-GMAIL/venv/lib/python3.9/site-packages/airflow/example_dags/example_python_operator.py
[2022-08-21 16:36:35,019] {logging_mixin.py:115} INFO - [2022-08-21 16:36:35,019] {dag.py:2420} INFO - Sync 1 DAGs
[2022-08-21 16:36:35,029] {logging_mixin.py:115} INFO - [2022-08-21 16:36:35,029] {dag.py:2968} INFO - Setting next_dagrun for example_python_operator to None, run_after=None
[2022-08-21 16:36:35,039] {processor.py:161} INFO - Processing /Users/abhaymone/src/dev/sand/MANAGE-GMAIL/venv/lib/python3.9/site-packages/airflow/example_dags/example_python_operator.py took 0.105 seconds
[2022-08-21 16:37:34,794] {processor.py:153} INFO - Started process (PID=3892) to work on /Users/abhaymone/src/dev/sand/MANAGE-GMAIL/venv/lib/python3.9/site-packages/airflow/example_dags/example_python_operator.py
[2022-08-21 16:37:34,794] {processor.py:641} INFO - Processing file /Users/abhaymone/src/dev/sand/MANAGE-GMAIL/venv/lib/python3.9/site-packages/airflow/example_dags/example_python_operator.py for tasks to queue
[2022-08-21 16:37:34,794] {logging_mixin.py:115} INFO - [2022-08-21 16:37:34,794] {dagbag.py:508} INFO - Filling up the DagBag from /Users/abhaymone/src/dev/sand/MANAGE-GMAIL/venv/lib/python3.9/site-packages/airflow/example_dags/example_python_operator.py
[2022-08-21 16:37:34,813] {logging_mixin.py:115} INFO - [2022-08-21 16:37:34,813] {example_python_operator.py:68} WARNING - The virtalenv_python example task requires virtualenv, please install it.
[2022-08-21 16:37:34,819] {processor.py:651} INFO - DAG(s) dict_keys(['example_python_operator']) retrieved from /Users/abhaymone/src/dev/sand/MANAGE-GMAIL/venv/lib/python3.9/site-packages/airflow/example_dags/example_python_operator.py
[2022-08-21 16:37:34,866] {logging_mixin.py:115} INFO - [2022-08-21 16:37:34,866] {dag.py:2420} INFO - Sync 1 DAGs
[2022-08-21 16:37:34,876] {logging_mixin.py:115} INFO - [2022-08-21 16:37:34,876] {dag.py:2968} INFO - Setting next_dagrun for example_python_operator to None, run_after=None
[2022-08-21 16:37:34,892] {processor.py:161} INFO - Processing /Users/abhaymone/src/dev/sand/MANAGE-GMAIL/venv/lib/python3.9/site-packages/airflow/example_dags/example_python_operator.py took 0.099 seconds
[2022-08-21 16:38:32,307] {processor.py:153} INFO - Started process (PID=3926) to work on /Users/abhaymone/src/dev/sand/MANAGE-GMAIL/venv/lib/python3.9/site-packages/airflow/example_dags/example_python_operator.py
[2022-08-21 16:38:32,307] {processor.py:641} INFO - Processing file /Users/abhaymone/src/dev/sand/MANAGE-GMAIL/venv/lib/python3.9/site-packages/airflow/example_dags/example_python_operator.py for tasks to queue
[2022-08-21 16:38:32,308] {logging_mixin.py:115} INFO - [2022-08-21 16:38:32,308] {dagbag.py:508} INFO - Filling up the DagBag from /Users/abhaymone/src/dev/sand/MANAGE-GMAIL/venv/lib/python3.9/site-packages/airflow/example_dags/example_python_operator.py
[2022-08-21 16:38:32,327] {logging_mixin.py:115} INFO - [2022-08-21 16:38:32,327] {example_python_operator.py:68} WARNING - The virtalenv_python example task requires virtualenv, please install it.
[2022-08-21 16:38:32,332] {processor.py:651} INFO - DAG(s) dict_keys(['example_python_operator']) retrieved from /Users/abhaymone/src/dev/sand/MANAGE-GMAIL/venv/lib/python3.9/site-packages/airflow/example_dags/example_python_operator.py
[2022-08-21 16:38:32,384] {logging_mixin.py:115} INFO - [2022-08-21 16:38:32,384] {dag.py:2420} INFO - Sync 1 DAGs
[2022-08-21 16:38:32,396] {logging_mixin.py:115} INFO - [2022-08-21 16:38:32,396] {dag.py:2968} INFO - Setting next_dagrun for example_python_operator to None, run_after=None
[2022-08-21 16:38:32,413] {processor.py:161} INFO - Processing /Users/abhaymone/src/dev/sand/MANAGE-GMAIL/venv/lib/python3.9/site-packages/airflow/example_dags/example_python_operator.py took 0.106 seconds
[2022-08-21 16:39:35,435] {processor.py:153} INFO - Started process (PID=3965) to work on /Users/abhaymone/src/dev/sand/MANAGE-GMAIL/venv/lib/python3.9/site-packages/airflow/example_dags/example_python_operator.py
[2022-08-21 16:39:35,435] {processor.py:641} INFO - Processing file /Users/abhaymone/src/dev/sand/MANAGE-GMAIL/venv/lib/python3.9/site-packages/airflow/example_dags/example_python_operator.py for tasks to queue
[2022-08-21 16:39:35,435] {logging_mixin.py:115} INFO - [2022-08-21 16:39:35,435] {dagbag.py:508} INFO - Filling up the DagBag from /Users/abhaymone/src/dev/sand/MANAGE-GMAIL/venv/lib/python3.9/site-packages/airflow/example_dags/example_python_operator.py
[2022-08-21 16:39:35,459] {logging_mixin.py:115} INFO - [2022-08-21 16:39:35,459] {example_python_operator.py:68} WARNING - The virtalenv_python example task requires virtualenv, please install it.
[2022-08-21 16:39:35,466] {processor.py:651} INFO - DAG(s) dict_keys(['example_python_operator']) retrieved from /Users/abhaymone/src/dev/sand/MANAGE-GMAIL/venv/lib/python3.9/site-packages/airflow/example_dags/example_python_operator.py
[2022-08-21 16:39:35,520] {logging_mixin.py:115} INFO - [2022-08-21 16:39:35,520] {dag.py:2420} INFO - Sync 1 DAGs
[2022-08-21 16:39:35,533] {logging_mixin.py:115} INFO - [2022-08-21 16:39:35,532] {dag.py:2968} INFO - Setting next_dagrun for example_python_operator to None, run_after=None
[2022-08-21 16:39:35,547] {processor.py:161} INFO - Processing /Users/abhaymone/src/dev/sand/MANAGE-GMAIL/venv/lib/python3.9/site-packages/airflow/example_dags/example_python_operator.py took 0.113 seconds
[2022-08-21 16:40:35,660] {processor.py:153} INFO - Started process (PID=3999) to work on /Users/abhaymone/src/dev/sand/MANAGE-GMAIL/venv/lib/python3.9/site-packages/airflow/example_dags/example_python_operator.py
[2022-08-21 16:40:35,665] {processor.py:641} INFO - Processing file /Users/abhaymone/src/dev/sand/MANAGE-GMAIL/venv/lib/python3.9/site-packages/airflow/example_dags/example_python_operator.py for tasks to queue
[2022-08-21 16:40:35,666] {logging_mixin.py:115} INFO - [2022-08-21 16:40:35,666] {dagbag.py:508} INFO - Filling up the DagBag from /Users/abhaymone/src/dev/sand/MANAGE-GMAIL/venv/lib/python3.9/site-packages/airflow/example_dags/example_python_operator.py
[2022-08-21 16:40:35,693] {logging_mixin.py:115} INFO - [2022-08-21 16:40:35,693] {example_python_operator.py:68} WARNING - The virtalenv_python example task requires virtualenv, please install it.
[2022-08-21 16:40:35,701] {processor.py:651} INFO - DAG(s) dict_keys(['example_python_operator']) retrieved from /Users/abhaymone/src/dev/sand/MANAGE-GMAIL/venv/lib/python3.9/site-packages/airflow/example_dags/example_python_operator.py
[2022-08-21 16:40:35,763] {logging_mixin.py:115} INFO - [2022-08-21 16:40:35,763] {dag.py:2420} INFO - Sync 1 DAGs
[2022-08-21 16:40:35,776] {logging_mixin.py:115} INFO - [2022-08-21 16:40:35,776] {dag.py:2968} INFO - Setting next_dagrun for example_python_operator to None, run_after=None
[2022-08-21 16:40:35,792] {processor.py:161} INFO - Processing /Users/abhaymone/src/dev/sand/MANAGE-GMAIL/venv/lib/python3.9/site-packages/airflow/example_dags/example_python_operator.py took 0.133 seconds
[2022-08-21 16:41:38,868] {processor.py:153} INFO - Started process (PID=4038) to work on /Users/abhaymone/src/dev/sand/MANAGE-GMAIL/venv/lib/python3.9/site-packages/airflow/example_dags/example_python_operator.py
[2022-08-21 16:41:38,868] {processor.py:641} INFO - Processing file /Users/abhaymone/src/dev/sand/MANAGE-GMAIL/venv/lib/python3.9/site-packages/airflow/example_dags/example_python_operator.py for tasks to queue
[2022-08-21 16:41:38,868] {logging_mixin.py:115} INFO - [2022-08-21 16:41:38,868] {dagbag.py:508} INFO - Filling up the DagBag from /Users/abhaymone/src/dev/sand/MANAGE-GMAIL/venv/lib/python3.9/site-packages/airflow/example_dags/example_python_operator.py
[2022-08-21 16:41:38,890] {logging_mixin.py:115} INFO - [2022-08-21 16:41:38,890] {example_python_operator.py:68} WARNING - The virtalenv_python example task requires virtualenv, please install it.
[2022-08-21 16:41:38,895] {processor.py:651} INFO - DAG(s) dict_keys(['example_python_operator']) retrieved from /Users/abhaymone/src/dev/sand/MANAGE-GMAIL/venv/lib/python3.9/site-packages/airflow/example_dags/example_python_operator.py
[2022-08-21 16:41:38,948] {logging_mixin.py:115} INFO - [2022-08-21 16:41:38,948] {dag.py:2420} INFO - Sync 1 DAGs
[2022-08-21 16:41:38,959] {logging_mixin.py:115} INFO - [2022-08-21 16:41:38,959] {dag.py:2968} INFO - Setting next_dagrun for example_python_operator to None, run_after=None
[2022-08-21 16:41:38,976] {processor.py:161} INFO - Processing /Users/abhaymone/src/dev/sand/MANAGE-GMAIL/venv/lib/python3.9/site-packages/airflow/example_dags/example_python_operator.py took 0.109 seconds
[2022-08-21 16:42:40,386] {processor.py:153} INFO - Started process (PID=4075) to work on /Users/abhaymone/src/dev/sand/MANAGE-GMAIL/venv/lib/python3.9/site-packages/airflow/example_dags/example_python_operator.py
[2022-08-21 16:42:40,386] {processor.py:641} INFO - Processing file /Users/abhaymone/src/dev/sand/MANAGE-GMAIL/venv/lib/python3.9/site-packages/airflow/example_dags/example_python_operator.py for tasks to queue
[2022-08-21 16:42:40,386] {logging_mixin.py:115} INFO - [2022-08-21 16:42:40,386] {dagbag.py:508} INFO - Filling up the DagBag from /Users/abhaymone/src/dev/sand/MANAGE-GMAIL/venv/lib/python3.9/site-packages/airflow/example_dags/example_python_operator.py
[2022-08-21 16:42:40,410] {logging_mixin.py:115} INFO - [2022-08-21 16:42:40,410] {example_python_operator.py:68} WARNING - The virtalenv_python example task requires virtualenv, please install it.
[2022-08-21 16:42:40,417] {processor.py:651} INFO - DAG(s) dict_keys(['example_python_operator']) retrieved from /Users/abhaymone/src/dev/sand/MANAGE-GMAIL/venv/lib/python3.9/site-packages/airflow/example_dags/example_python_operator.py
[2022-08-21 16:42:40,477] {logging_mixin.py:115} INFO - [2022-08-21 16:42:40,477] {dag.py:2420} INFO - Sync 1 DAGs
[2022-08-21 16:42:40,490] {logging_mixin.py:115} INFO - [2022-08-21 16:42:40,490] {dag.py:2968} INFO - Setting next_dagrun for example_python_operator to None, run_after=None
[2022-08-21 16:42:40,510] {processor.py:161} INFO - Processing /Users/abhaymone/src/dev/sand/MANAGE-GMAIL/venv/lib/python3.9/site-packages/airflow/example_dags/example_python_operator.py took 0.125 seconds
[2022-08-21 16:43:44,648] {processor.py:153} INFO - Started process (PID=4152) to work on /Users/abhaymone/src/dev/sand/MANAGE-GMAIL/venv/lib/python3.9/site-packages/airflow/example_dags/example_python_operator.py
[2022-08-21 16:43:44,653] {processor.py:641} INFO - Processing file /Users/abhaymone/src/dev/sand/MANAGE-GMAIL/venv/lib/python3.9/site-packages/airflow/example_dags/example_python_operator.py for tasks to queue
[2022-08-21 16:43:44,654] {logging_mixin.py:115} INFO - [2022-08-21 16:43:44,654] {dagbag.py:508} INFO - Filling up the DagBag from /Users/abhaymone/src/dev/sand/MANAGE-GMAIL/venv/lib/python3.9/site-packages/airflow/example_dags/example_python_operator.py
[2022-08-21 16:43:44,678] {logging_mixin.py:115} INFO - [2022-08-21 16:43:44,678] {example_python_operator.py:68} WARNING - The virtalenv_python example task requires virtualenv, please install it.
[2022-08-21 16:43:44,684] {processor.py:651} INFO - DAG(s) dict_keys(['example_python_operator']) retrieved from /Users/abhaymone/src/dev/sand/MANAGE-GMAIL/venv/lib/python3.9/site-packages/airflow/example_dags/example_python_operator.py
[2022-08-21 16:43:44,737] {logging_mixin.py:115} INFO - [2022-08-21 16:43:44,737] {dag.py:2420} INFO - Sync 1 DAGs
[2022-08-21 16:43:44,748] {logging_mixin.py:115} INFO - [2022-08-21 16:43:44,748] {dag.py:2968} INFO - Setting next_dagrun for example_python_operator to None, run_after=None
[2022-08-21 16:43:44,759] {processor.py:161} INFO - Processing /Users/abhaymone/src/dev/sand/MANAGE-GMAIL/venv/lib/python3.9/site-packages/airflow/example_dags/example_python_operator.py took 0.112 seconds
[2022-08-21 16:44:48,992] {processor.py:153} INFO - Started process (PID=4260) to work on /Users/abhaymone/src/dev/sand/MANAGE-GMAIL/venv/lib/python3.9/site-packages/airflow/example_dags/example_python_operator.py
[2022-08-21 16:44:48,998] {processor.py:641} INFO - Processing file /Users/abhaymone/src/dev/sand/MANAGE-GMAIL/venv/lib/python3.9/site-packages/airflow/example_dags/example_python_operator.py for tasks to queue
[2022-08-21 16:44:48,999] {logging_mixin.py:115} INFO - [2022-08-21 16:44:48,999] {dagbag.py:508} INFO - Filling up the DagBag from /Users/abhaymone/src/dev/sand/MANAGE-GMAIL/venv/lib/python3.9/site-packages/airflow/example_dags/example_python_operator.py
[2022-08-21 16:44:49,030] {logging_mixin.py:115} INFO - [2022-08-21 16:44:49,030] {example_python_operator.py:68} WARNING - The virtalenv_python example task requires virtualenv, please install it.
[2022-08-21 16:44:49,038] {processor.py:651} INFO - DAG(s) dict_keys(['example_python_operator']) retrieved from /Users/abhaymone/src/dev/sand/MANAGE-GMAIL/venv/lib/python3.9/site-packages/airflow/example_dags/example_python_operator.py
[2022-08-21 16:44:49,095] {logging_mixin.py:115} INFO - [2022-08-21 16:44:49,095] {dag.py:2420} INFO - Sync 1 DAGs
[2022-08-21 16:44:49,107] {logging_mixin.py:115} INFO - [2022-08-21 16:44:49,107] {dag.py:2968} INFO - Setting next_dagrun for example_python_operator to None, run_after=None
[2022-08-21 16:44:49,122] {processor.py:161} INFO - Processing /Users/abhaymone/src/dev/sand/MANAGE-GMAIL/venv/lib/python3.9/site-packages/airflow/example_dags/example_python_operator.py took 0.131 seconds
[2022-08-21 16:45:45,576] {processor.py:153} INFO - Started process (PID=4367) to work on /Users/abhaymone/src/dev/sand/MANAGE-GMAIL/venv/lib/python3.9/site-packages/airflow/example_dags/example_python_operator.py
[2022-08-21 16:45:45,576] {processor.py:641} INFO - Processing file /Users/abhaymone/src/dev/sand/MANAGE-GMAIL/venv/lib/python3.9/site-packages/airflow/example_dags/example_python_operator.py for tasks to queue
[2022-08-21 16:45:45,577] {logging_mixin.py:115} INFO - [2022-08-21 16:45:45,576] {dagbag.py:508} INFO - Filling up the DagBag from /Users/abhaymone/src/dev/sand/MANAGE-GMAIL/venv/lib/python3.9/site-packages/airflow/example_dags/example_python_operator.py
[2022-08-21 16:45:45,618] {logging_mixin.py:115} INFO - [2022-08-21 16:45:45,618] {example_python_operator.py:68} WARNING - The virtalenv_python example task requires virtualenv, please install it.
[2022-08-21 16:45:45,626] {processor.py:651} INFO - DAG(s) dict_keys(['example_python_operator']) retrieved from /Users/abhaymone/src/dev/sand/MANAGE-GMAIL/venv/lib/python3.9/site-packages/airflow/example_dags/example_python_operator.py
[2022-08-21 16:45:45,695] {logging_mixin.py:115} INFO - [2022-08-21 16:45:45,695] {dag.py:2420} INFO - Sync 1 DAGs
[2022-08-21 16:45:45,711] {logging_mixin.py:115} INFO - [2022-08-21 16:45:45,711] {dag.py:2968} INFO - Setting next_dagrun for example_python_operator to None, run_after=None
[2022-08-21 16:45:45,727] {processor.py:161} INFO - Processing /Users/abhaymone/src/dev/sand/MANAGE-GMAIL/venv/lib/python3.9/site-packages/airflow/example_dags/example_python_operator.py took 0.152 seconds
[2022-08-21 16:46:41,087] {processor.py:153} INFO - Started process (PID=4478) to work on /Users/abhaymone/src/dev/sand/MANAGE-GMAIL/venv/lib/python3.9/site-packages/airflow/example_dags/example_python_operator.py
[2022-08-21 16:46:41,093] {processor.py:641} INFO - Processing file /Users/abhaymone/src/dev/sand/MANAGE-GMAIL/venv/lib/python3.9/site-packages/airflow/example_dags/example_python_operator.py for tasks to queue
[2022-08-21 16:46:41,093] {logging_mixin.py:115} INFO - [2022-08-21 16:46:41,093] {dagbag.py:508} INFO - Filling up the DagBag from /Users/abhaymone/src/dev/sand/MANAGE-GMAIL/venv/lib/python3.9/site-packages/airflow/example_dags/example_python_operator.py
[2022-08-21 16:46:41,117] {logging_mixin.py:115} INFO - [2022-08-21 16:46:41,117] {example_python_operator.py:68} WARNING - The virtalenv_python example task requires virtualenv, please install it.
[2022-08-21 16:46:41,122] {processor.py:651} INFO - DAG(s) dict_keys(['example_python_operator']) retrieved from /Users/abhaymone/src/dev/sand/MANAGE-GMAIL/venv/lib/python3.9/site-packages/airflow/example_dags/example_python_operator.py
[2022-08-21 16:46:41,169] {logging_mixin.py:115} INFO - [2022-08-21 16:46:41,169] {dag.py:2420} INFO - Sync 1 DAGs
[2022-08-21 16:46:41,179] {logging_mixin.py:115} INFO - [2022-08-21 16:46:41,179] {dag.py:2968} INFO - Setting next_dagrun for example_python_operator to None, run_after=None
[2022-08-21 16:46:41,189] {processor.py:161} INFO - Processing /Users/abhaymone/src/dev/sand/MANAGE-GMAIL/venv/lib/python3.9/site-packages/airflow/example_dags/example_python_operator.py took 0.103 seconds
[2022-08-21 16:47:42,827] {processor.py:153} INFO - Started process (PID=4561) to work on /Users/abhaymone/src/dev/sand/MANAGE-GMAIL/venv/lib/python3.9/site-packages/airflow/example_dags/example_python_operator.py
[2022-08-21 16:47:42,828] {processor.py:641} INFO - Processing file /Users/abhaymone/src/dev/sand/MANAGE-GMAIL/venv/lib/python3.9/site-packages/airflow/example_dags/example_python_operator.py for tasks to queue
[2022-08-21 16:47:42,828] {logging_mixin.py:115} INFO - [2022-08-21 16:47:42,828] {dagbag.py:508} INFO - Filling up the DagBag from /Users/abhaymone/src/dev/sand/MANAGE-GMAIL/venv/lib/python3.9/site-packages/airflow/example_dags/example_python_operator.py
[2022-08-21 16:47:42,857] {logging_mixin.py:115} INFO - [2022-08-21 16:47:42,857] {example_python_operator.py:68} WARNING - The virtalenv_python example task requires virtualenv, please install it.
[2022-08-21 16:47:42,864] {processor.py:651} INFO - DAG(s) dict_keys(['example_python_operator']) retrieved from /Users/abhaymone/src/dev/sand/MANAGE-GMAIL/venv/lib/python3.9/site-packages/airflow/example_dags/example_python_operator.py
[2022-08-21 16:47:42,926] {logging_mixin.py:115} INFO - [2022-08-21 16:47:42,926] {dag.py:2420} INFO - Sync 1 DAGs
[2022-08-21 16:47:42,938] {logging_mixin.py:115} INFO - [2022-08-21 16:47:42,938] {dag.py:2968} INFO - Setting next_dagrun for example_python_operator to None, run_after=None
[2022-08-21 16:47:42,949] {processor.py:161} INFO - Processing /Users/abhaymone/src/dev/sand/MANAGE-GMAIL/venv/lib/python3.9/site-packages/airflow/example_dags/example_python_operator.py took 0.123 seconds
[2022-08-21 16:48:52,284] {processor.py:153} INFO - Started process (PID=4611) to work on /Users/abhaymone/src/dev/sand/MANAGE-GMAIL/venv/lib/python3.9/site-packages/airflow/example_dags/example_python_operator.py
[2022-08-21 16:48:52,286] {processor.py:641} INFO - Processing file /Users/abhaymone/src/dev/sand/MANAGE-GMAIL/venv/lib/python3.9/site-packages/airflow/example_dags/example_python_operator.py for tasks to queue
[2022-08-21 16:48:52,287] {logging_mixin.py:115} INFO - [2022-08-21 16:48:52,287] {dagbag.py:508} INFO - Filling up the DagBag from /Users/abhaymone/src/dev/sand/MANAGE-GMAIL/venv/lib/python3.9/site-packages/airflow/example_dags/example_python_operator.py
[2022-08-21 16:48:52,314] {logging_mixin.py:115} INFO - [2022-08-21 16:48:52,314] {example_python_operator.py:68} WARNING - The virtalenv_python example task requires virtualenv, please install it.
[2022-08-21 16:48:52,320] {processor.py:651} INFO - DAG(s) dict_keys(['example_python_operator']) retrieved from /Users/abhaymone/src/dev/sand/MANAGE-GMAIL/venv/lib/python3.9/site-packages/airflow/example_dags/example_python_operator.py
[2022-08-21 16:48:52,371] {logging_mixin.py:115} INFO - [2022-08-21 16:48:52,370] {dag.py:2420} INFO - Sync 1 DAGs
[2022-08-21 16:48:52,382] {logging_mixin.py:115} INFO - [2022-08-21 16:48:52,382] {dag.py:2968} INFO - Setting next_dagrun for example_python_operator to None, run_after=None
[2022-08-21 16:48:52,393] {processor.py:161} INFO - Processing /Users/abhaymone/src/dev/sand/MANAGE-GMAIL/venv/lib/python3.9/site-packages/airflow/example_dags/example_python_operator.py took 0.109 seconds
[2022-08-21 16:49:52,523] {processor.py:153} INFO - Started process (PID=4651) to work on /Users/abhaymone/src/dev/sand/MANAGE-GMAIL/venv/lib/python3.9/site-packages/airflow/example_dags/example_python_operator.py
[2022-08-21 16:49:52,523] {processor.py:641} INFO - Processing file /Users/abhaymone/src/dev/sand/MANAGE-GMAIL/venv/lib/python3.9/site-packages/airflow/example_dags/example_python_operator.py for tasks to queue
[2022-08-21 16:49:52,524] {logging_mixin.py:115} INFO - [2022-08-21 16:49:52,524] {dagbag.py:508} INFO - Filling up the DagBag from /Users/abhaymone/src/dev/sand/MANAGE-GMAIL/venv/lib/python3.9/site-packages/airflow/example_dags/example_python_operator.py
[2022-08-21 16:49:52,546] {logging_mixin.py:115} INFO - [2022-08-21 16:49:52,546] {example_python_operator.py:68} WARNING - The virtalenv_python example task requires virtualenv, please install it.
[2022-08-21 16:49:52,552] {processor.py:651} INFO - DAG(s) dict_keys(['example_python_operator']) retrieved from /Users/abhaymone/src/dev/sand/MANAGE-GMAIL/venv/lib/python3.9/site-packages/airflow/example_dags/example_python_operator.py
[2022-08-21 16:49:52,600] {logging_mixin.py:115} INFO - [2022-08-21 16:49:52,600] {dag.py:2420} INFO - Sync 1 DAGs
[2022-08-21 16:49:52,610] {logging_mixin.py:115} INFO - [2022-08-21 16:49:52,610] {dag.py:2968} INFO - Setting next_dagrun for example_python_operator to None, run_after=None
[2022-08-21 16:49:52,621] {processor.py:161} INFO - Processing /Users/abhaymone/src/dev/sand/MANAGE-GMAIL/venv/lib/python3.9/site-packages/airflow/example_dags/example_python_operator.py took 0.099 seconds
[2022-08-21 16:50:56,415] {processor.py:153} INFO - Started process (PID=4716) to work on /Users/abhaymone/src/dev/sand/MANAGE-GMAIL/venv/lib/python3.9/site-packages/airflow/example_dags/example_python_operator.py
[2022-08-21 16:50:56,416] {processor.py:641} INFO - Processing file /Users/abhaymone/src/dev/sand/MANAGE-GMAIL/venv/lib/python3.9/site-packages/airflow/example_dags/example_python_operator.py for tasks to queue
[2022-08-21 16:50:56,416] {logging_mixin.py:115} INFO - [2022-08-21 16:50:56,416] {dagbag.py:508} INFO - Filling up the DagBag from /Users/abhaymone/src/dev/sand/MANAGE-GMAIL/venv/lib/python3.9/site-packages/airflow/example_dags/example_python_operator.py
[2022-08-21 16:50:56,439] {logging_mixin.py:115} INFO - [2022-08-21 16:50:56,439] {example_python_operator.py:68} WARNING - The virtalenv_python example task requires virtualenv, please install it.
[2022-08-21 16:50:56,445] {processor.py:651} INFO - DAG(s) dict_keys(['example_python_operator']) retrieved from /Users/abhaymone/src/dev/sand/MANAGE-GMAIL/venv/lib/python3.9/site-packages/airflow/example_dags/example_python_operator.py
[2022-08-21 16:50:56,492] {logging_mixin.py:115} INFO - [2022-08-21 16:50:56,492] {dag.py:2420} INFO - Sync 1 DAGs
[2022-08-21 16:50:56,503] {logging_mixin.py:115} INFO - [2022-08-21 16:50:56,503] {dag.py:2968} INFO - Setting next_dagrun for example_python_operator to None, run_after=None
[2022-08-21 16:50:56,513] {processor.py:161} INFO - Processing /Users/abhaymone/src/dev/sand/MANAGE-GMAIL/venv/lib/python3.9/site-packages/airflow/example_dags/example_python_operator.py took 0.098 seconds
[2022-08-21 16:51:54,149] {processor.py:153} INFO - Started process (PID=4820) to work on /Users/abhaymone/src/dev/sand/MANAGE-GMAIL/venv/lib/python3.9/site-packages/airflow/example_dags/example_python_operator.py
[2022-08-21 16:51:54,155] {processor.py:641} INFO - Processing file /Users/abhaymone/src/dev/sand/MANAGE-GMAIL/venv/lib/python3.9/site-packages/airflow/example_dags/example_python_operator.py for tasks to queue
[2022-08-21 16:51:54,156] {logging_mixin.py:115} INFO - [2022-08-21 16:51:54,155] {dagbag.py:508} INFO - Filling up the DagBag from /Users/abhaymone/src/dev/sand/MANAGE-GMAIL/venv/lib/python3.9/site-packages/airflow/example_dags/example_python_operator.py
[2022-08-21 16:51:54,180] {logging_mixin.py:115} INFO - [2022-08-21 16:51:54,180] {example_python_operator.py:68} WARNING - The virtalenv_python example task requires virtualenv, please install it.
[2022-08-21 16:51:54,186] {processor.py:651} INFO - DAG(s) dict_keys(['example_python_operator']) retrieved from /Users/abhaymone/src/dev/sand/MANAGE-GMAIL/venv/lib/python3.9/site-packages/airflow/example_dags/example_python_operator.py
[2022-08-21 16:51:54,233] {logging_mixin.py:115} INFO - [2022-08-21 16:51:54,233] {dag.py:2420} INFO - Sync 1 DAGs
[2022-08-21 16:51:54,243] {logging_mixin.py:115} INFO - [2022-08-21 16:51:54,243] {dag.py:2968} INFO - Setting next_dagrun for example_python_operator to None, run_after=None
[2022-08-21 16:51:54,256] {processor.py:161} INFO - Processing /Users/abhaymone/src/dev/sand/MANAGE-GMAIL/venv/lib/python3.9/site-packages/airflow/example_dags/example_python_operator.py took 0.107 seconds
[2022-08-21 16:52:52,652] {processor.py:153} INFO - Started process (PID=5068) to work on /Users/abhaymone/src/dev/sand/MANAGE-GMAIL/venv/lib/python3.9/site-packages/airflow/example_dags/example_python_operator.py
[2022-08-21 16:52:52,652] {processor.py:641} INFO - Processing file /Users/abhaymone/src/dev/sand/MANAGE-GMAIL/venv/lib/python3.9/site-packages/airflow/example_dags/example_python_operator.py for tasks to queue
[2022-08-21 16:52:52,653] {logging_mixin.py:115} INFO - [2022-08-21 16:52:52,652] {dagbag.py:508} INFO - Filling up the DagBag from /Users/abhaymone/src/dev/sand/MANAGE-GMAIL/venv/lib/python3.9/site-packages/airflow/example_dags/example_python_operator.py
[2022-08-21 16:52:52,692] {logging_mixin.py:115} INFO - [2022-08-21 16:52:52,692] {example_python_operator.py:68} WARNING - The virtalenv_python example task requires virtualenv, please install it.
[2022-08-21 16:52:52,703] {processor.py:651} INFO - DAG(s) dict_keys(['example_python_operator']) retrieved from /Users/abhaymone/src/dev/sand/MANAGE-GMAIL/venv/lib/python3.9/site-packages/airflow/example_dags/example_python_operator.py
[2022-08-21 16:52:52,762] {logging_mixin.py:115} INFO - [2022-08-21 16:52:52,762] {dag.py:2420} INFO - Sync 1 DAGs
[2022-08-21 16:52:52,774] {logging_mixin.py:115} INFO - [2022-08-21 16:52:52,774] {dag.py:2968} INFO - Setting next_dagrun for example_python_operator to None, run_after=None
[2022-08-21 16:52:52,784] {processor.py:161} INFO - Processing /Users/abhaymone/src/dev/sand/MANAGE-GMAIL/venv/lib/python3.9/site-packages/airflow/example_dags/example_python_operator.py took 0.132 seconds
[2022-08-21 16:53:59,157] {processor.py:153} INFO - Started process (PID=5156) to work on /Users/abhaymone/src/dev/sand/MANAGE-GMAIL/venv/lib/python3.9/site-packages/airflow/example_dags/example_python_operator.py
[2022-08-21 16:53:59,157] {processor.py:641} INFO - Processing file /Users/abhaymone/src/dev/sand/MANAGE-GMAIL/venv/lib/python3.9/site-packages/airflow/example_dags/example_python_operator.py for tasks to queue
[2022-08-21 16:53:59,158] {logging_mixin.py:115} INFO - [2022-08-21 16:53:59,158] {dagbag.py:508} INFO - Filling up the DagBag from /Users/abhaymone/src/dev/sand/MANAGE-GMAIL/venv/lib/python3.9/site-packages/airflow/example_dags/example_python_operator.py
[2022-08-21 16:53:59,177] {logging_mixin.py:115} INFO - [2022-08-21 16:53:59,177] {example_python_operator.py:68} WARNING - The virtalenv_python example task requires virtualenv, please install it.
[2022-08-21 16:53:59,182] {processor.py:651} INFO - DAG(s) dict_keys(['example_python_operator']) retrieved from /Users/abhaymone/src/dev/sand/MANAGE-GMAIL/venv/lib/python3.9/site-packages/airflow/example_dags/example_python_operator.py
[2022-08-21 16:53:59,229] {logging_mixin.py:115} INFO - [2022-08-21 16:53:59,229] {dag.py:2420} INFO - Sync 1 DAGs
[2022-08-21 16:53:59,239] {logging_mixin.py:115} INFO - [2022-08-21 16:53:59,239] {dag.py:2968} INFO - Setting next_dagrun for example_python_operator to None, run_after=None
[2022-08-21 16:53:59,251] {processor.py:161} INFO - Processing /Users/abhaymone/src/dev/sand/MANAGE-GMAIL/venv/lib/python3.9/site-packages/airflow/example_dags/example_python_operator.py took 0.094 seconds
[2022-08-21 16:54:59,081] {processor.py:153} INFO - Started process (PID=5212) to work on /Users/abhaymone/src/dev/sand/MANAGE-GMAIL/venv/lib/python3.9/site-packages/airflow/example_dags/example_python_operator.py
[2022-08-21 16:54:59,087] {processor.py:641} INFO - Processing file /Users/abhaymone/src/dev/sand/MANAGE-GMAIL/venv/lib/python3.9/site-packages/airflow/example_dags/example_python_operator.py for tasks to queue
[2022-08-21 16:54:59,088] {logging_mixin.py:115} INFO - [2022-08-21 16:54:59,088] {dagbag.py:508} INFO - Filling up the DagBag from /Users/abhaymone/src/dev/sand/MANAGE-GMAIL/venv/lib/python3.9/site-packages/airflow/example_dags/example_python_operator.py
[2022-08-21 16:54:59,121] {logging_mixin.py:115} INFO - [2022-08-21 16:54:59,121] {example_python_operator.py:68} WARNING - The virtalenv_python example task requires virtualenv, please install it.
[2022-08-21 16:54:59,129] {processor.py:651} INFO - DAG(s) dict_keys(['example_python_operator']) retrieved from /Users/abhaymone/src/dev/sand/MANAGE-GMAIL/venv/lib/python3.9/site-packages/airflow/example_dags/example_python_operator.py
[2022-08-21 16:54:59,233] {logging_mixin.py:115} INFO - [2022-08-21 16:54:59,232] {dag.py:2420} INFO - Sync 1 DAGs
[2022-08-21 16:54:59,249] {logging_mixin.py:115} INFO - [2022-08-21 16:54:59,248] {dag.py:2968} INFO - Setting next_dagrun for example_python_operator to None, run_after=None
[2022-08-21 16:54:59,263] {processor.py:161} INFO - Processing /Users/abhaymone/src/dev/sand/MANAGE-GMAIL/venv/lib/python3.9/site-packages/airflow/example_dags/example_python_operator.py took 0.184 seconds
