[2022-08-21 16:14:55,298] {processor.py:153} INFO - Started process (PID=3383) to work on /Users/abhaymone/src/dev/sand/MANAGE-GMAIL/venv/lib/python3.9/site-packages/airflow/example_dags/example_kubernetes_executor.py
[2022-08-21 16:14:55,298] {processor.py:641} INFO - Processing file /Users/abhaymone/src/dev/sand/MANAGE-GMAIL/venv/lib/python3.9/site-packages/airflow/example_dags/example_kubernetes_executor.py for tasks to queue
[2022-08-21 16:14:55,298] {logging_mixin.py:115} INFO - [2022-08-21 16:14:55,298] {dagbag.py:508} INFO - Filling up the DagBag from /Users/abhaymone/src/dev/sand/MANAGE-GMAIL/venv/lib/python3.9/site-packages/airflow/example_dags/example_kubernetes_executor.py
[2022-08-21 16:14:55,329] {logging_mixin.py:115} INFO - [2022-08-21 16:14:55,329] {example_kubernetes_executor.py:39} WARNING - The example_kubernetes_executor example DAG requires the kubernetes provider. Please install it with: pip install apache-airflow[cncf.kubernetes]
[2022-08-21 16:14:55,329] {processor.py:653} WARNING - No viable dags retrieved from /Users/abhaymone/src/dev/sand/MANAGE-GMAIL/venv/lib/python3.9/site-packages/airflow/example_dags/example_kubernetes_executor.py
[2022-08-21 16:14:55,368] {processor.py:161} INFO - Processing /Users/abhaymone/src/dev/sand/MANAGE-GMAIL/venv/lib/python3.9/site-packages/airflow/example_dags/example_kubernetes_executor.py took 0.070 seconds
[2022-08-21 16:16:07,850] {processor.py:153} INFO - Started process (PID=3437) to work on /Users/abhaymone/src/dev/sand/MANAGE-GMAIL/venv/lib/python3.9/site-packages/airflow/example_dags/example_kubernetes_executor.py
[2022-08-21 16:16:07,856] {processor.py:641} INFO - Processing file /Users/abhaymone/src/dev/sand/MANAGE-GMAIL/venv/lib/python3.9/site-packages/airflow/example_dags/example_kubernetes_executor.py for tasks to queue
[2022-08-21 16:16:07,857] {logging_mixin.py:115} INFO - [2022-08-21 16:16:07,857] {dagbag.py:508} INFO - Filling up the DagBag from /Users/abhaymone/src/dev/sand/MANAGE-GMAIL/venv/lib/python3.9/site-packages/airflow/example_dags/example_kubernetes_executor.py
[2022-08-21 16:16:07,882] {logging_mixin.py:115} INFO - [2022-08-21 16:16:07,882] {example_kubernetes_executor.py:39} WARNING - The example_kubernetes_executor example DAG requires the kubernetes provider. Please install it with: pip install apache-airflow[cncf.kubernetes]
[2022-08-21 16:16:07,882] {processor.py:653} WARNING - No viable dags retrieved from /Users/abhaymone/src/dev/sand/MANAGE-GMAIL/venv/lib/python3.9/site-packages/airflow/example_dags/example_kubernetes_executor.py
[2022-08-21 16:16:07,911] {processor.py:161} INFO - Processing /Users/abhaymone/src/dev/sand/MANAGE-GMAIL/venv/lib/python3.9/site-packages/airflow/example_dags/example_kubernetes_executor.py took 0.061 seconds
[2022-08-21 16:17:07,993] {processor.py:153} INFO - Started process (PID=3473) to work on /Users/abhaymone/src/dev/sand/MANAGE-GMAIL/venv/lib/python3.9/site-packages/airflow/example_dags/example_kubernetes_executor.py
[2022-08-21 16:17:07,993] {processor.py:641} INFO - Processing file /Users/abhaymone/src/dev/sand/MANAGE-GMAIL/venv/lib/python3.9/site-packages/airflow/example_dags/example_kubernetes_executor.py for tasks to queue
[2022-08-21 16:17:07,993] {logging_mixin.py:115} INFO - [2022-08-21 16:17:07,993] {dagbag.py:508} INFO - Filling up the DagBag from /Users/abhaymone/src/dev/sand/MANAGE-GMAIL/venv/lib/python3.9/site-packages/airflow/example_dags/example_kubernetes_executor.py
[2022-08-21 16:17:08,011] {logging_mixin.py:115} INFO - [2022-08-21 16:17:08,011] {example_kubernetes_executor.py:39} WARNING - The example_kubernetes_executor example DAG requires the kubernetes provider. Please install it with: pip install apache-airflow[cncf.kubernetes]
[2022-08-21 16:17:08,011] {processor.py:653} WARNING - No viable dags retrieved from /Users/abhaymone/src/dev/sand/MANAGE-GMAIL/venv/lib/python3.9/site-packages/airflow/example_dags/example_kubernetes_executor.py
[2022-08-21 16:17:08,045] {processor.py:161} INFO - Processing /Users/abhaymone/src/dev/sand/MANAGE-GMAIL/venv/lib/python3.9/site-packages/airflow/example_dags/example_kubernetes_executor.py took 0.053 seconds
[2022-08-21 16:28:38,726] {processor.py:153} INFO - Started process (PID=3559) to work on /Users/abhaymone/src/dev/sand/MANAGE-GMAIL/venv/lib/python3.9/site-packages/airflow/example_dags/example_kubernetes_executor.py
[2022-08-21 16:28:38,731] {processor.py:641} INFO - Processing file /Users/abhaymone/src/dev/sand/MANAGE-GMAIL/venv/lib/python3.9/site-packages/airflow/example_dags/example_kubernetes_executor.py for tasks to queue
[2022-08-21 16:28:38,732] {logging_mixin.py:115} INFO - [2022-08-21 16:28:38,732] {dagbag.py:508} INFO - Filling up the DagBag from /Users/abhaymone/src/dev/sand/MANAGE-GMAIL/venv/lib/python3.9/site-packages/airflow/example_dags/example_kubernetes_executor.py
[2022-08-21 16:28:38,757] {logging_mixin.py:115} INFO - [2022-08-21 16:28:38,757] {example_kubernetes_executor.py:39} WARNING - The example_kubernetes_executor example DAG requires the kubernetes provider. Please install it with: pip install apache-airflow[cncf.kubernetes]
[2022-08-21 16:28:38,757] {processor.py:653} WARNING - No viable dags retrieved from /Users/abhaymone/src/dev/sand/MANAGE-GMAIL/venv/lib/python3.9/site-packages/airflow/example_dags/example_kubernetes_executor.py
[2022-08-21 16:28:38,786] {processor.py:161} INFO - Processing /Users/abhaymone/src/dev/sand/MANAGE-GMAIL/venv/lib/python3.9/site-packages/airflow/example_dags/example_kubernetes_executor.py took 0.061 seconds
[2022-08-21 16:29:36,698] {processor.py:153} INFO - Started process (PID=3597) to work on /Users/abhaymone/src/dev/sand/MANAGE-GMAIL/venv/lib/python3.9/site-packages/airflow/example_dags/example_kubernetes_executor.py
[2022-08-21 16:29:36,698] {processor.py:641} INFO - Processing file /Users/abhaymone/src/dev/sand/MANAGE-GMAIL/venv/lib/python3.9/site-packages/airflow/example_dags/example_kubernetes_executor.py for tasks to queue
[2022-08-21 16:29:36,698] {logging_mixin.py:115} INFO - [2022-08-21 16:29:36,698] {dagbag.py:508} INFO - Filling up the DagBag from /Users/abhaymone/src/dev/sand/MANAGE-GMAIL/venv/lib/python3.9/site-packages/airflow/example_dags/example_kubernetes_executor.py
[2022-08-21 16:29:36,716] {logging_mixin.py:115} INFO - [2022-08-21 16:29:36,716] {example_kubernetes_executor.py:39} WARNING - The example_kubernetes_executor example DAG requires the kubernetes provider. Please install it with: pip install apache-airflow[cncf.kubernetes]
[2022-08-21 16:29:36,716] {processor.py:653} WARNING - No viable dags retrieved from /Users/abhaymone/src/dev/sand/MANAGE-GMAIL/venv/lib/python3.9/site-packages/airflow/example_dags/example_kubernetes_executor.py
[2022-08-21 16:29:36,747] {processor.py:161} INFO - Processing /Users/abhaymone/src/dev/sand/MANAGE-GMAIL/venv/lib/python3.9/site-packages/airflow/example_dags/example_kubernetes_executor.py took 0.050 seconds
[2022-08-21 16:30:34,047] {processor.py:153} INFO - Started process (PID=3633) to work on /Users/abhaymone/src/dev/sand/MANAGE-GMAIL/venv/lib/python3.9/site-packages/airflow/example_dags/example_kubernetes_executor.py
[2022-08-21 16:30:34,048] {processor.py:641} INFO - Processing file /Users/abhaymone/src/dev/sand/MANAGE-GMAIL/venv/lib/python3.9/site-packages/airflow/example_dags/example_kubernetes_executor.py for tasks to queue
[2022-08-21 16:30:34,048] {logging_mixin.py:115} INFO - [2022-08-21 16:30:34,048] {dagbag.py:508} INFO - Filling up the DagBag from /Users/abhaymone/src/dev/sand/MANAGE-GMAIL/venv/lib/python3.9/site-packages/airflow/example_dags/example_kubernetes_executor.py
[2022-08-21 16:30:34,066] {logging_mixin.py:115} INFO - [2022-08-21 16:30:34,066] {example_kubernetes_executor.py:39} WARNING - The example_kubernetes_executor example DAG requires the kubernetes provider. Please install it with: pip install apache-airflow[cncf.kubernetes]
[2022-08-21 16:30:34,066] {processor.py:653} WARNING - No viable dags retrieved from /Users/abhaymone/src/dev/sand/MANAGE-GMAIL/venv/lib/python3.9/site-packages/airflow/example_dags/example_kubernetes_executor.py
[2022-08-21 16:30:34,096] {processor.py:161} INFO - Processing /Users/abhaymone/src/dev/sand/MANAGE-GMAIL/venv/lib/python3.9/site-packages/airflow/example_dags/example_kubernetes_executor.py took 0.049 seconds
[2022-08-21 16:31:44,364] {processor.py:153} INFO - Started process (PID=3671) to work on /Users/abhaymone/src/dev/sand/MANAGE-GMAIL/venv/lib/python3.9/site-packages/airflow/example_dags/example_kubernetes_executor.py
[2022-08-21 16:31:44,369] {processor.py:641} INFO - Processing file /Users/abhaymone/src/dev/sand/MANAGE-GMAIL/venv/lib/python3.9/site-packages/airflow/example_dags/example_kubernetes_executor.py for tasks to queue
[2022-08-21 16:31:44,370] {logging_mixin.py:115} INFO - [2022-08-21 16:31:44,370] {dagbag.py:508} INFO - Filling up the DagBag from /Users/abhaymone/src/dev/sand/MANAGE-GMAIL/venv/lib/python3.9/site-packages/airflow/example_dags/example_kubernetes_executor.py
[2022-08-21 16:31:44,394] {logging_mixin.py:115} INFO - [2022-08-21 16:31:44,394] {example_kubernetes_executor.py:39} WARNING - The example_kubernetes_executor example DAG requires the kubernetes provider. Please install it with: pip install apache-airflow[cncf.kubernetes]
[2022-08-21 16:31:44,395] {processor.py:653} WARNING - No viable dags retrieved from /Users/abhaymone/src/dev/sand/MANAGE-GMAIL/venv/lib/python3.9/site-packages/airflow/example_dags/example_kubernetes_executor.py
[2022-08-21 16:31:44,425] {processor.py:161} INFO - Processing /Users/abhaymone/src/dev/sand/MANAGE-GMAIL/venv/lib/python3.9/site-packages/airflow/example_dags/example_kubernetes_executor.py took 0.061 seconds
[2022-08-21 16:32:43,256] {processor.py:153} INFO - Started process (PID=3714) to work on /Users/abhaymone/src/dev/sand/MANAGE-GMAIL/venv/lib/python3.9/site-packages/airflow/example_dags/example_kubernetes_executor.py
[2022-08-21 16:32:43,262] {processor.py:641} INFO - Processing file /Users/abhaymone/src/dev/sand/MANAGE-GMAIL/venv/lib/python3.9/site-packages/airflow/example_dags/example_kubernetes_executor.py for tasks to queue
[2022-08-21 16:32:43,262] {logging_mixin.py:115} INFO - [2022-08-21 16:32:43,262] {dagbag.py:508} INFO - Filling up the DagBag from /Users/abhaymone/src/dev/sand/MANAGE-GMAIL/venv/lib/python3.9/site-packages/airflow/example_dags/example_kubernetes_executor.py
[2022-08-21 16:32:43,286] {logging_mixin.py:115} INFO - [2022-08-21 16:32:43,286] {example_kubernetes_executor.py:39} WARNING - The example_kubernetes_executor example DAG requires the kubernetes provider. Please install it with: pip install apache-airflow[cncf.kubernetes]
[2022-08-21 16:32:43,286] {processor.py:653} WARNING - No viable dags retrieved from /Users/abhaymone/src/dev/sand/MANAGE-GMAIL/venv/lib/python3.9/site-packages/airflow/example_dags/example_kubernetes_executor.py
[2022-08-21 16:32:43,318] {processor.py:161} INFO - Processing /Users/abhaymone/src/dev/sand/MANAGE-GMAIL/venv/lib/python3.9/site-packages/airflow/example_dags/example_kubernetes_executor.py took 0.062 seconds
[2022-08-21 16:33:42,635] {processor.py:153} INFO - Started process (PID=3749) to work on /Users/abhaymone/src/dev/sand/MANAGE-GMAIL/venv/lib/python3.9/site-packages/airflow/example_dags/example_kubernetes_executor.py
[2022-08-21 16:33:42,641] {processor.py:641} INFO - Processing file /Users/abhaymone/src/dev/sand/MANAGE-GMAIL/venv/lib/python3.9/site-packages/airflow/example_dags/example_kubernetes_executor.py for tasks to queue
[2022-08-21 16:33:42,641] {logging_mixin.py:115} INFO - [2022-08-21 16:33:42,641] {dagbag.py:508} INFO - Filling up the DagBag from /Users/abhaymone/src/dev/sand/MANAGE-GMAIL/venv/lib/python3.9/site-packages/airflow/example_dags/example_kubernetes_executor.py
[2022-08-21 16:33:42,667] {logging_mixin.py:115} INFO - [2022-08-21 16:33:42,667] {example_kubernetes_executor.py:39} WARNING - The example_kubernetes_executor example DAG requires the kubernetes provider. Please install it with: pip install apache-airflow[cncf.kubernetes]
[2022-08-21 16:33:42,668] {processor.py:653} WARNING - No viable dags retrieved from /Users/abhaymone/src/dev/sand/MANAGE-GMAIL/venv/lib/python3.9/site-packages/airflow/example_dags/example_kubernetes_executor.py
[2022-08-21 16:33:42,701] {processor.py:161} INFO - Processing /Users/abhaymone/src/dev/sand/MANAGE-GMAIL/venv/lib/python3.9/site-packages/airflow/example_dags/example_kubernetes_executor.py took 0.066 seconds
[2022-08-21 16:34:43,084] {processor.py:153} INFO - Started process (PID=3786) to work on /Users/abhaymone/src/dev/sand/MANAGE-GMAIL/venv/lib/python3.9/site-packages/airflow/example_dags/example_kubernetes_executor.py
[2022-08-21 16:34:43,090] {processor.py:641} INFO - Processing file /Users/abhaymone/src/dev/sand/MANAGE-GMAIL/venv/lib/python3.9/site-packages/airflow/example_dags/example_kubernetes_executor.py for tasks to queue
[2022-08-21 16:34:43,090] {logging_mixin.py:115} INFO - [2022-08-21 16:34:43,090] {dagbag.py:508} INFO - Filling up the DagBag from /Users/abhaymone/src/dev/sand/MANAGE-GMAIL/venv/lib/python3.9/site-packages/airflow/example_dags/example_kubernetes_executor.py
[2022-08-21 16:34:43,114] {logging_mixin.py:115} INFO - [2022-08-21 16:34:43,114] {example_kubernetes_executor.py:39} WARNING - The example_kubernetes_executor example DAG requires the kubernetes provider. Please install it with: pip install apache-airflow[cncf.kubernetes]
[2022-08-21 16:34:43,115] {processor.py:653} WARNING - No viable dags retrieved from /Users/abhaymone/src/dev/sand/MANAGE-GMAIL/venv/lib/python3.9/site-packages/airflow/example_dags/example_kubernetes_executor.py
[2022-08-21 16:34:43,148] {processor.py:161} INFO - Processing /Users/abhaymone/src/dev/sand/MANAGE-GMAIL/venv/lib/python3.9/site-packages/airflow/example_dags/example_kubernetes_executor.py took 0.064 seconds
[2022-08-21 16:35:41,714] {processor.py:153} INFO - Started process (PID=3823) to work on /Users/abhaymone/src/dev/sand/MANAGE-GMAIL/venv/lib/python3.9/site-packages/airflow/example_dags/example_kubernetes_executor.py
[2022-08-21 16:35:41,719] {processor.py:641} INFO - Processing file /Users/abhaymone/src/dev/sand/MANAGE-GMAIL/venv/lib/python3.9/site-packages/airflow/example_dags/example_kubernetes_executor.py for tasks to queue
[2022-08-21 16:35:41,720] {logging_mixin.py:115} INFO - [2022-08-21 16:35:41,720] {dagbag.py:508} INFO - Filling up the DagBag from /Users/abhaymone/src/dev/sand/MANAGE-GMAIL/venv/lib/python3.9/site-packages/airflow/example_dags/example_kubernetes_executor.py
[2022-08-21 16:35:41,742] {logging_mixin.py:115} INFO - [2022-08-21 16:35:41,742] {example_kubernetes_executor.py:39} WARNING - The example_kubernetes_executor example DAG requires the kubernetes provider. Please install it with: pip install apache-airflow[cncf.kubernetes]
[2022-08-21 16:35:41,742] {processor.py:653} WARNING - No viable dags retrieved from /Users/abhaymone/src/dev/sand/MANAGE-GMAIL/venv/lib/python3.9/site-packages/airflow/example_dags/example_kubernetes_executor.py
[2022-08-21 16:35:41,776] {processor.py:161} INFO - Processing /Users/abhaymone/src/dev/sand/MANAGE-GMAIL/venv/lib/python3.9/site-packages/airflow/example_dags/example_kubernetes_executor.py took 0.063 seconds
[2022-08-21 16:36:45,518] {processor.py:153} INFO - Started process (PID=3863) to work on /Users/abhaymone/src/dev/sand/MANAGE-GMAIL/venv/lib/python3.9/site-packages/airflow/example_dags/example_kubernetes_executor.py
[2022-08-21 16:36:45,523] {processor.py:641} INFO - Processing file /Users/abhaymone/src/dev/sand/MANAGE-GMAIL/venv/lib/python3.9/site-packages/airflow/example_dags/example_kubernetes_executor.py for tasks to queue
[2022-08-21 16:36:45,524] {logging_mixin.py:115} INFO - [2022-08-21 16:36:45,524] {dagbag.py:508} INFO - Filling up the DagBag from /Users/abhaymone/src/dev/sand/MANAGE-GMAIL/venv/lib/python3.9/site-packages/airflow/example_dags/example_kubernetes_executor.py
[2022-08-21 16:36:45,547] {logging_mixin.py:115} INFO - [2022-08-21 16:36:45,547] {example_kubernetes_executor.py:39} WARNING - The example_kubernetes_executor example DAG requires the kubernetes provider. Please install it with: pip install apache-airflow[cncf.kubernetes]
[2022-08-21 16:36:45,547] {processor.py:653} WARNING - No viable dags retrieved from /Users/abhaymone/src/dev/sand/MANAGE-GMAIL/venv/lib/python3.9/site-packages/airflow/example_dags/example_kubernetes_executor.py
[2022-08-21 16:36:45,577] {processor.py:161} INFO - Processing /Users/abhaymone/src/dev/sand/MANAGE-GMAIL/venv/lib/python3.9/site-packages/airflow/example_dags/example_kubernetes_executor.py took 0.060 seconds
[2022-08-21 16:37:45,437] {processor.py:153} INFO - Started process (PID=3898) to work on /Users/abhaymone/src/dev/sand/MANAGE-GMAIL/venv/lib/python3.9/site-packages/airflow/example_dags/example_kubernetes_executor.py
[2022-08-21 16:37:45,437] {processor.py:641} INFO - Processing file /Users/abhaymone/src/dev/sand/MANAGE-GMAIL/venv/lib/python3.9/site-packages/airflow/example_dags/example_kubernetes_executor.py for tasks to queue
[2022-08-21 16:37:45,437] {logging_mixin.py:115} INFO - [2022-08-21 16:37:45,437] {dagbag.py:508} INFO - Filling up the DagBag from /Users/abhaymone/src/dev/sand/MANAGE-GMAIL/venv/lib/python3.9/site-packages/airflow/example_dags/example_kubernetes_executor.py
[2022-08-21 16:37:45,455] {logging_mixin.py:115} INFO - [2022-08-21 16:37:45,455] {example_kubernetes_executor.py:39} WARNING - The example_kubernetes_executor example DAG requires the kubernetes provider. Please install it with: pip install apache-airflow[cncf.kubernetes]
[2022-08-21 16:37:45,455] {processor.py:653} WARNING - No viable dags retrieved from /Users/abhaymone/src/dev/sand/MANAGE-GMAIL/venv/lib/python3.9/site-packages/airflow/example_dags/example_kubernetes_executor.py
[2022-08-21 16:37:45,485] {processor.py:161} INFO - Processing /Users/abhaymone/src/dev/sand/MANAGE-GMAIL/venv/lib/python3.9/site-packages/airflow/example_dags/example_kubernetes_executor.py took 0.049 seconds
[2022-08-21 16:38:43,358] {processor.py:153} INFO - Started process (PID=3933) to work on /Users/abhaymone/src/dev/sand/MANAGE-GMAIL/venv/lib/python3.9/site-packages/airflow/example_dags/example_kubernetes_executor.py
[2022-08-21 16:38:43,363] {processor.py:641} INFO - Processing file /Users/abhaymone/src/dev/sand/MANAGE-GMAIL/venv/lib/python3.9/site-packages/airflow/example_dags/example_kubernetes_executor.py for tasks to queue
[2022-08-21 16:38:43,364] {logging_mixin.py:115} INFO - [2022-08-21 16:38:43,364] {dagbag.py:508} INFO - Filling up the DagBag from /Users/abhaymone/src/dev/sand/MANAGE-GMAIL/venv/lib/python3.9/site-packages/airflow/example_dags/example_kubernetes_executor.py
[2022-08-21 16:38:43,390] {logging_mixin.py:115} INFO - [2022-08-21 16:38:43,390] {example_kubernetes_executor.py:39} WARNING - The example_kubernetes_executor example DAG requires the kubernetes provider. Please install it with: pip install apache-airflow[cncf.kubernetes]
[2022-08-21 16:38:43,390] {processor.py:653} WARNING - No viable dags retrieved from /Users/abhaymone/src/dev/sand/MANAGE-GMAIL/venv/lib/python3.9/site-packages/airflow/example_dags/example_kubernetes_executor.py
[2022-08-21 16:38:43,426] {processor.py:161} INFO - Processing /Users/abhaymone/src/dev/sand/MANAGE-GMAIL/venv/lib/python3.9/site-packages/airflow/example_dags/example_kubernetes_executor.py took 0.069 seconds
[2022-08-21 16:39:46,244] {processor.py:153} INFO - Started process (PID=3971) to work on /Users/abhaymone/src/dev/sand/MANAGE-GMAIL/venv/lib/python3.9/site-packages/airflow/example_dags/example_kubernetes_executor.py
[2022-08-21 16:39:46,244] {processor.py:641} INFO - Processing file /Users/abhaymone/src/dev/sand/MANAGE-GMAIL/venv/lib/python3.9/site-packages/airflow/example_dags/example_kubernetes_executor.py for tasks to queue
[2022-08-21 16:39:46,244] {logging_mixin.py:115} INFO - [2022-08-21 16:39:46,244] {dagbag.py:508} INFO - Filling up the DagBag from /Users/abhaymone/src/dev/sand/MANAGE-GMAIL/venv/lib/python3.9/site-packages/airflow/example_dags/example_kubernetes_executor.py
[2022-08-21 16:39:46,263] {logging_mixin.py:115} INFO - [2022-08-21 16:39:46,262] {example_kubernetes_executor.py:39} WARNING - The example_kubernetes_executor example DAG requires the kubernetes provider. Please install it with: pip install apache-airflow[cncf.kubernetes]
[2022-08-21 16:39:46,263] {processor.py:653} WARNING - No viable dags retrieved from /Users/abhaymone/src/dev/sand/MANAGE-GMAIL/venv/lib/python3.9/site-packages/airflow/example_dags/example_kubernetes_executor.py
[2022-08-21 16:39:46,293] {processor.py:161} INFO - Processing /Users/abhaymone/src/dev/sand/MANAGE-GMAIL/venv/lib/python3.9/site-packages/airflow/example_dags/example_kubernetes_executor.py took 0.049 seconds
[2022-08-21 16:40:47,254] {processor.py:153} INFO - Started process (PID=4006) to work on /Users/abhaymone/src/dev/sand/MANAGE-GMAIL/venv/lib/python3.9/site-packages/airflow/example_dags/example_kubernetes_executor.py
[2022-08-21 16:40:47,260] {processor.py:641} INFO - Processing file /Users/abhaymone/src/dev/sand/MANAGE-GMAIL/venv/lib/python3.9/site-packages/airflow/example_dags/example_kubernetes_executor.py for tasks to queue
[2022-08-21 16:40:47,260] {logging_mixin.py:115} INFO - [2022-08-21 16:40:47,260] {dagbag.py:508} INFO - Filling up the DagBag from /Users/abhaymone/src/dev/sand/MANAGE-GMAIL/venv/lib/python3.9/site-packages/airflow/example_dags/example_kubernetes_executor.py
[2022-08-21 16:40:47,289] {logging_mixin.py:115} INFO - [2022-08-21 16:40:47,289] {example_kubernetes_executor.py:39} WARNING - The example_kubernetes_executor example DAG requires the kubernetes provider. Please install it with: pip install apache-airflow[cncf.kubernetes]
[2022-08-21 16:40:47,289] {processor.py:653} WARNING - No viable dags retrieved from /Users/abhaymone/src/dev/sand/MANAGE-GMAIL/venv/lib/python3.9/site-packages/airflow/example_dags/example_kubernetes_executor.py
[2022-08-21 16:40:47,330] {processor.py:161} INFO - Processing /Users/abhaymone/src/dev/sand/MANAGE-GMAIL/venv/lib/python3.9/site-packages/airflow/example_dags/example_kubernetes_executor.py took 0.077 seconds
[2022-08-21 16:41:48,747] {processor.py:153} INFO - Started process (PID=4044) to work on /Users/abhaymone/src/dev/sand/MANAGE-GMAIL/venv/lib/python3.9/site-packages/airflow/example_dags/example_kubernetes_executor.py
[2022-08-21 16:41:48,747] {processor.py:641} INFO - Processing file /Users/abhaymone/src/dev/sand/MANAGE-GMAIL/venv/lib/python3.9/site-packages/airflow/example_dags/example_kubernetes_executor.py for tasks to queue
[2022-08-21 16:41:48,747] {logging_mixin.py:115} INFO - [2022-08-21 16:41:48,747] {dagbag.py:508} INFO - Filling up the DagBag from /Users/abhaymone/src/dev/sand/MANAGE-GMAIL/venv/lib/python3.9/site-packages/airflow/example_dags/example_kubernetes_executor.py
[2022-08-21 16:41:48,767] {logging_mixin.py:115} INFO - [2022-08-21 16:41:48,767] {example_kubernetes_executor.py:39} WARNING - The example_kubernetes_executor example DAG requires the kubernetes provider. Please install it with: pip install apache-airflow[cncf.kubernetes]
[2022-08-21 16:41:48,767] {processor.py:653} WARNING - No viable dags retrieved from /Users/abhaymone/src/dev/sand/MANAGE-GMAIL/venv/lib/python3.9/site-packages/airflow/example_dags/example_kubernetes_executor.py
[2022-08-21 16:41:48,799] {processor.py:161} INFO - Processing /Users/abhaymone/src/dev/sand/MANAGE-GMAIL/venv/lib/python3.9/site-packages/airflow/example_dags/example_kubernetes_executor.py took 0.053 seconds
[2022-08-21 16:42:50,245] {processor.py:153} INFO - Started process (PID=4081) to work on /Users/abhaymone/src/dev/sand/MANAGE-GMAIL/venv/lib/python3.9/site-packages/airflow/example_dags/example_kubernetes_executor.py
[2022-08-21 16:42:50,245] {processor.py:641} INFO - Processing file /Users/abhaymone/src/dev/sand/MANAGE-GMAIL/venv/lib/python3.9/site-packages/airflow/example_dags/example_kubernetes_executor.py for tasks to queue
[2022-08-21 16:42:50,246] {logging_mixin.py:115} INFO - [2022-08-21 16:42:50,246] {dagbag.py:508} INFO - Filling up the DagBag from /Users/abhaymone/src/dev/sand/MANAGE-GMAIL/venv/lib/python3.9/site-packages/airflow/example_dags/example_kubernetes_executor.py
[2022-08-21 16:42:50,268] {logging_mixin.py:115} INFO - [2022-08-21 16:42:50,268] {example_kubernetes_executor.py:39} WARNING - The example_kubernetes_executor example DAG requires the kubernetes provider. Please install it with: pip install apache-airflow[cncf.kubernetes]
[2022-08-21 16:42:50,269] {processor.py:653} WARNING - No viable dags retrieved from /Users/abhaymone/src/dev/sand/MANAGE-GMAIL/venv/lib/python3.9/site-packages/airflow/example_dags/example_kubernetes_executor.py
[2022-08-21 16:42:50,302] {processor.py:161} INFO - Processing /Users/abhaymone/src/dev/sand/MANAGE-GMAIL/venv/lib/python3.9/site-packages/airflow/example_dags/example_kubernetes_executor.py took 0.058 seconds
[2022-08-21 16:43:55,070] {processor.py:153} INFO - Started process (PID=4170) to work on /Users/abhaymone/src/dev/sand/MANAGE-GMAIL/venv/lib/python3.9/site-packages/airflow/example_dags/example_kubernetes_executor.py
[2022-08-21 16:43:55,076] {processor.py:641} INFO - Processing file /Users/abhaymone/src/dev/sand/MANAGE-GMAIL/venv/lib/python3.9/site-packages/airflow/example_dags/example_kubernetes_executor.py for tasks to queue
[2022-08-21 16:43:55,076] {logging_mixin.py:115} INFO - [2022-08-21 16:43:55,076] {dagbag.py:508} INFO - Filling up the DagBag from /Users/abhaymone/src/dev/sand/MANAGE-GMAIL/venv/lib/python3.9/site-packages/airflow/example_dags/example_kubernetes_executor.py
[2022-08-21 16:43:55,100] {logging_mixin.py:115} INFO - [2022-08-21 16:43:55,100] {example_kubernetes_executor.py:39} WARNING - The example_kubernetes_executor example DAG requires the kubernetes provider. Please install it with: pip install apache-airflow[cncf.kubernetes]
[2022-08-21 16:43:55,100] {processor.py:653} WARNING - No viable dags retrieved from /Users/abhaymone/src/dev/sand/MANAGE-GMAIL/venv/lib/python3.9/site-packages/airflow/example_dags/example_kubernetes_executor.py
[2022-08-21 16:43:55,132] {processor.py:161} INFO - Processing /Users/abhaymone/src/dev/sand/MANAGE-GMAIL/venv/lib/python3.9/site-packages/airflow/example_dags/example_kubernetes_executor.py took 0.063 seconds
[2022-08-21 16:44:59,245] {processor.py:153} INFO - Started process (PID=4279) to work on /Users/abhaymone/src/dev/sand/MANAGE-GMAIL/venv/lib/python3.9/site-packages/airflow/example_dags/example_kubernetes_executor.py
[2022-08-21 16:44:59,252] {processor.py:641} INFO - Processing file /Users/abhaymone/src/dev/sand/MANAGE-GMAIL/venv/lib/python3.9/site-packages/airflow/example_dags/example_kubernetes_executor.py for tasks to queue
[2022-08-21 16:44:59,253] {logging_mixin.py:115} INFO - [2022-08-21 16:44:59,252] {dagbag.py:508} INFO - Filling up the DagBag from /Users/abhaymone/src/dev/sand/MANAGE-GMAIL/venv/lib/python3.9/site-packages/airflow/example_dags/example_kubernetes_executor.py
[2022-08-21 16:44:59,280] {logging_mixin.py:115} INFO - [2022-08-21 16:44:59,279] {example_kubernetes_executor.py:39} WARNING - The example_kubernetes_executor example DAG requires the kubernetes provider. Please install it with: pip install apache-airflow[cncf.kubernetes]
[2022-08-21 16:44:59,280] {processor.py:653} WARNING - No viable dags retrieved from /Users/abhaymone/src/dev/sand/MANAGE-GMAIL/venv/lib/python3.9/site-packages/airflow/example_dags/example_kubernetes_executor.py
[2022-08-21 16:44:59,312] {processor.py:161} INFO - Processing /Users/abhaymone/src/dev/sand/MANAGE-GMAIL/venv/lib/python3.9/site-packages/airflow/example_dags/example_kubernetes_executor.py took 0.068 seconds
[2022-08-21 16:45:55,013] {processor.py:153} INFO - Started process (PID=4388) to work on /Users/abhaymone/src/dev/sand/MANAGE-GMAIL/venv/lib/python3.9/site-packages/airflow/example_dags/example_kubernetes_executor.py
[2022-08-21 16:45:55,013] {processor.py:641} INFO - Processing file /Users/abhaymone/src/dev/sand/MANAGE-GMAIL/venv/lib/python3.9/site-packages/airflow/example_dags/example_kubernetes_executor.py for tasks to queue
[2022-08-21 16:45:55,014] {logging_mixin.py:115} INFO - [2022-08-21 16:45:55,014] {dagbag.py:508} INFO - Filling up the DagBag from /Users/abhaymone/src/dev/sand/MANAGE-GMAIL/venv/lib/python3.9/site-packages/airflow/example_dags/example_kubernetes_executor.py
[2022-08-21 16:45:55,035] {logging_mixin.py:115} INFO - [2022-08-21 16:45:55,034] {example_kubernetes_executor.py:39} WARNING - The example_kubernetes_executor example DAG requires the kubernetes provider. Please install it with: pip install apache-airflow[cncf.kubernetes]
[2022-08-21 16:45:55,035] {processor.py:653} WARNING - No viable dags retrieved from /Users/abhaymone/src/dev/sand/MANAGE-GMAIL/venv/lib/python3.9/site-packages/airflow/example_dags/example_kubernetes_executor.py
[2022-08-21 16:45:55,068] {processor.py:161} INFO - Processing /Users/abhaymone/src/dev/sand/MANAGE-GMAIL/venv/lib/python3.9/site-packages/airflow/example_dags/example_kubernetes_executor.py took 0.055 seconds
[2022-08-21 16:46:50,071] {processor.py:153} INFO - Started process (PID=4501) to work on /Users/abhaymone/src/dev/sand/MANAGE-GMAIL/venv/lib/python3.9/site-packages/airflow/example_dags/example_kubernetes_executor.py
[2022-08-21 16:46:50,077] {processor.py:641} INFO - Processing file /Users/abhaymone/src/dev/sand/MANAGE-GMAIL/venv/lib/python3.9/site-packages/airflow/example_dags/example_kubernetes_executor.py for tasks to queue
[2022-08-21 16:46:50,077] {logging_mixin.py:115} INFO - [2022-08-21 16:46:50,077] {dagbag.py:508} INFO - Filling up the DagBag from /Users/abhaymone/src/dev/sand/MANAGE-GMAIL/venv/lib/python3.9/site-packages/airflow/example_dags/example_kubernetes_executor.py
[2022-08-21 16:46:50,101] {logging_mixin.py:115} INFO - [2022-08-21 16:46:50,101] {example_kubernetes_executor.py:39} WARNING - The example_kubernetes_executor example DAG requires the kubernetes provider. Please install it with: pip install apache-airflow[cncf.kubernetes]
[2022-08-21 16:46:50,101] {processor.py:653} WARNING - No viable dags retrieved from /Users/abhaymone/src/dev/sand/MANAGE-GMAIL/venv/lib/python3.9/site-packages/airflow/example_dags/example_kubernetes_executor.py
[2022-08-21 16:46:50,131] {processor.py:161} INFO - Processing /Users/abhaymone/src/dev/sand/MANAGE-GMAIL/venv/lib/python3.9/site-packages/airflow/example_dags/example_kubernetes_executor.py took 0.060 seconds
[2022-08-21 16:47:53,930] {processor.py:153} INFO - Started process (PID=4567) to work on /Users/abhaymone/src/dev/sand/MANAGE-GMAIL/venv/lib/python3.9/site-packages/airflow/example_dags/example_kubernetes_executor.py
[2022-08-21 16:47:53,935] {processor.py:641} INFO - Processing file /Users/abhaymone/src/dev/sand/MANAGE-GMAIL/venv/lib/python3.9/site-packages/airflow/example_dags/example_kubernetes_executor.py for tasks to queue
[2022-08-21 16:47:53,936] {logging_mixin.py:115} INFO - [2022-08-21 16:47:53,936] {dagbag.py:508} INFO - Filling up the DagBag from /Users/abhaymone/src/dev/sand/MANAGE-GMAIL/venv/lib/python3.9/site-packages/airflow/example_dags/example_kubernetes_executor.py
[2022-08-21 16:47:53,960] {logging_mixin.py:115} INFO - [2022-08-21 16:47:53,960] {example_kubernetes_executor.py:39} WARNING - The example_kubernetes_executor example DAG requires the kubernetes provider. Please install it with: pip install apache-airflow[cncf.kubernetes]
[2022-08-21 16:47:53,960] {processor.py:653} WARNING - No viable dags retrieved from /Users/abhaymone/src/dev/sand/MANAGE-GMAIL/venv/lib/python3.9/site-packages/airflow/example_dags/example_kubernetes_executor.py
[2022-08-21 16:47:53,996] {processor.py:161} INFO - Processing /Users/abhaymone/src/dev/sand/MANAGE-GMAIL/venv/lib/python3.9/site-packages/airflow/example_dags/example_kubernetes_executor.py took 0.067 seconds
[2022-08-21 16:49:02,287] {processor.py:153} INFO - Started process (PID=4619) to work on /Users/abhaymone/src/dev/sand/MANAGE-GMAIL/venv/lib/python3.9/site-packages/airflow/example_dags/example_kubernetes_executor.py
[2022-08-21 16:49:02,287] {processor.py:641} INFO - Processing file /Users/abhaymone/src/dev/sand/MANAGE-GMAIL/venv/lib/python3.9/site-packages/airflow/example_dags/example_kubernetes_executor.py for tasks to queue
[2022-08-21 16:49:02,288] {logging_mixin.py:115} INFO - [2022-08-21 16:49:02,288] {dagbag.py:508} INFO - Filling up the DagBag from /Users/abhaymone/src/dev/sand/MANAGE-GMAIL/venv/lib/python3.9/site-packages/airflow/example_dags/example_kubernetes_executor.py
[2022-08-21 16:49:02,309] {logging_mixin.py:115} INFO - [2022-08-21 16:49:02,309] {example_kubernetes_executor.py:39} WARNING - The example_kubernetes_executor example DAG requires the kubernetes provider. Please install it with: pip install apache-airflow[cncf.kubernetes]
[2022-08-21 16:49:02,309] {processor.py:653} WARNING - No viable dags retrieved from /Users/abhaymone/src/dev/sand/MANAGE-GMAIL/venv/lib/python3.9/site-packages/airflow/example_dags/example_kubernetes_executor.py
[2022-08-21 16:49:02,340] {processor.py:161} INFO - Processing /Users/abhaymone/src/dev/sand/MANAGE-GMAIL/venv/lib/python3.9/site-packages/airflow/example_dags/example_kubernetes_executor.py took 0.053 seconds
[2022-08-21 16:50:03,824] {processor.py:153} INFO - Started process (PID=4659) to work on /Users/abhaymone/src/dev/sand/MANAGE-GMAIL/venv/lib/python3.9/site-packages/airflow/example_dags/example_kubernetes_executor.py
[2022-08-21 16:50:03,830] {processor.py:641} INFO - Processing file /Users/abhaymone/src/dev/sand/MANAGE-GMAIL/venv/lib/python3.9/site-packages/airflow/example_dags/example_kubernetes_executor.py for tasks to queue
[2022-08-21 16:50:03,830] {logging_mixin.py:115} INFO - [2022-08-21 16:50:03,830] {dagbag.py:508} INFO - Filling up the DagBag from /Users/abhaymone/src/dev/sand/MANAGE-GMAIL/venv/lib/python3.9/site-packages/airflow/example_dags/example_kubernetes_executor.py
[2022-08-21 16:50:03,857] {logging_mixin.py:115} INFO - [2022-08-21 16:50:03,857] {example_kubernetes_executor.py:39} WARNING - The example_kubernetes_executor example DAG requires the kubernetes provider. Please install it with: pip install apache-airflow[cncf.kubernetes]
[2022-08-21 16:50:03,857] {processor.py:653} WARNING - No viable dags retrieved from /Users/abhaymone/src/dev/sand/MANAGE-GMAIL/venv/lib/python3.9/site-packages/airflow/example_dags/example_kubernetes_executor.py
[2022-08-21 16:50:03,900] {processor.py:161} INFO - Processing /Users/abhaymone/src/dev/sand/MANAGE-GMAIL/venv/lib/python3.9/site-packages/airflow/example_dags/example_kubernetes_executor.py took 0.077 seconds
[2022-08-21 16:51:05,965] {processor.py:153} INFO - Started process (PID=4734) to work on /Users/abhaymone/src/dev/sand/MANAGE-GMAIL/venv/lib/python3.9/site-packages/airflow/example_dags/example_kubernetes_executor.py
[2022-08-21 16:51:05,971] {processor.py:641} INFO - Processing file /Users/abhaymone/src/dev/sand/MANAGE-GMAIL/venv/lib/python3.9/site-packages/airflow/example_dags/example_kubernetes_executor.py for tasks to queue
[2022-08-21 16:51:05,972] {logging_mixin.py:115} INFO - [2022-08-21 16:51:05,972] {dagbag.py:508} INFO - Filling up the DagBag from /Users/abhaymone/src/dev/sand/MANAGE-GMAIL/venv/lib/python3.9/site-packages/airflow/example_dags/example_kubernetes_executor.py
[2022-08-21 16:51:05,997] {logging_mixin.py:115} INFO - [2022-08-21 16:51:05,997] {example_kubernetes_executor.py:39} WARNING - The example_kubernetes_executor example DAG requires the kubernetes provider. Please install it with: pip install apache-airflow[cncf.kubernetes]
[2022-08-21 16:51:05,997] {processor.py:653} WARNING - No viable dags retrieved from /Users/abhaymone/src/dev/sand/MANAGE-GMAIL/venv/lib/python3.9/site-packages/airflow/example_dags/example_kubernetes_executor.py
[2022-08-21 16:51:06,027] {processor.py:161} INFO - Processing /Users/abhaymone/src/dev/sand/MANAGE-GMAIL/venv/lib/python3.9/site-packages/airflow/example_dags/example_kubernetes_executor.py took 0.063 seconds
[2022-08-21 16:52:03,868] {processor.py:153} INFO - Started process (PID=4838) to work on /Users/abhaymone/src/dev/sand/MANAGE-GMAIL/venv/lib/python3.9/site-packages/airflow/example_dags/example_kubernetes_executor.py
[2022-08-21 16:52:03,868] {processor.py:641} INFO - Processing file /Users/abhaymone/src/dev/sand/MANAGE-GMAIL/venv/lib/python3.9/site-packages/airflow/example_dags/example_kubernetes_executor.py for tasks to queue
[2022-08-21 16:52:03,868] {logging_mixin.py:115} INFO - [2022-08-21 16:52:03,868] {dagbag.py:508} INFO - Filling up the DagBag from /Users/abhaymone/src/dev/sand/MANAGE-GMAIL/venv/lib/python3.9/site-packages/airflow/example_dags/example_kubernetes_executor.py
[2022-08-21 16:52:03,898] {logging_mixin.py:115} INFO - [2022-08-21 16:52:03,897] {example_kubernetes_executor.py:39} WARNING - The example_kubernetes_executor example DAG requires the kubernetes provider. Please install it with: pip install apache-airflow[cncf.kubernetes]
[2022-08-21 16:52:03,898] {processor.py:653} WARNING - No viable dags retrieved from /Users/abhaymone/src/dev/sand/MANAGE-GMAIL/venv/lib/python3.9/site-packages/airflow/example_dags/example_kubernetes_executor.py
[2022-08-21 16:52:03,931] {processor.py:161} INFO - Processing /Users/abhaymone/src/dev/sand/MANAGE-GMAIL/venv/lib/python3.9/site-packages/airflow/example_dags/example_kubernetes_executor.py took 0.064 seconds
[2022-08-21 16:53:02,108] {processor.py:153} INFO - Started process (PID=5088) to work on /Users/abhaymone/src/dev/sand/MANAGE-GMAIL/venv/lib/python3.9/site-packages/airflow/example_dags/example_kubernetes_executor.py
[2022-08-21 16:53:02,108] {processor.py:641} INFO - Processing file /Users/abhaymone/src/dev/sand/MANAGE-GMAIL/venv/lib/python3.9/site-packages/airflow/example_dags/example_kubernetes_executor.py for tasks to queue
[2022-08-21 16:53:02,108] {logging_mixin.py:115} INFO - [2022-08-21 16:53:02,108] {dagbag.py:508} INFO - Filling up the DagBag from /Users/abhaymone/src/dev/sand/MANAGE-GMAIL/venv/lib/python3.9/site-packages/airflow/example_dags/example_kubernetes_executor.py
[2022-08-21 16:53:02,126] {logging_mixin.py:115} INFO - [2022-08-21 16:53:02,126] {example_kubernetes_executor.py:39} WARNING - The example_kubernetes_executor example DAG requires the kubernetes provider. Please install it with: pip install apache-airflow[cncf.kubernetes]
[2022-08-21 16:53:02,126] {processor.py:653} WARNING - No viable dags retrieved from /Users/abhaymone/src/dev/sand/MANAGE-GMAIL/venv/lib/python3.9/site-packages/airflow/example_dags/example_kubernetes_executor.py
[2022-08-21 16:53:02,156] {processor.py:161} INFO - Processing /Users/abhaymone/src/dev/sand/MANAGE-GMAIL/venv/lib/python3.9/site-packages/airflow/example_dags/example_kubernetes_executor.py took 0.049 seconds
[2022-08-21 16:54:08,557] {processor.py:153} INFO - Started process (PID=5162) to work on /Users/abhaymone/src/dev/sand/MANAGE-GMAIL/venv/lib/python3.9/site-packages/airflow/example_dags/example_kubernetes_executor.py
[2022-08-21 16:54:08,557] {processor.py:641} INFO - Processing file /Users/abhaymone/src/dev/sand/MANAGE-GMAIL/venv/lib/python3.9/site-packages/airflow/example_dags/example_kubernetes_executor.py for tasks to queue
[2022-08-21 16:54:08,557] {logging_mixin.py:115} INFO - [2022-08-21 16:54:08,557] {dagbag.py:508} INFO - Filling up the DagBag from /Users/abhaymone/src/dev/sand/MANAGE-GMAIL/venv/lib/python3.9/site-packages/airflow/example_dags/example_kubernetes_executor.py
[2022-08-21 16:54:08,575] {logging_mixin.py:115} INFO - [2022-08-21 16:54:08,575] {example_kubernetes_executor.py:39} WARNING - The example_kubernetes_executor example DAG requires the kubernetes provider. Please install it with: pip install apache-airflow[cncf.kubernetes]
[2022-08-21 16:54:08,575] {processor.py:653} WARNING - No viable dags retrieved from /Users/abhaymone/src/dev/sand/MANAGE-GMAIL/venv/lib/python3.9/site-packages/airflow/example_dags/example_kubernetes_executor.py
[2022-08-21 16:54:08,604] {processor.py:161} INFO - Processing /Users/abhaymone/src/dev/sand/MANAGE-GMAIL/venv/lib/python3.9/site-packages/airflow/example_dags/example_kubernetes_executor.py took 0.049 seconds
[2022-08-21 16:55:11,020] {processor.py:153} INFO - Started process (PID=5220) to work on /Users/abhaymone/src/dev/sand/MANAGE-GMAIL/venv/lib/python3.9/site-packages/airflow/example_dags/example_kubernetes_executor.py
[2022-08-21 16:55:11,024] {processor.py:641} INFO - Processing file /Users/abhaymone/src/dev/sand/MANAGE-GMAIL/venv/lib/python3.9/site-packages/airflow/example_dags/example_kubernetes_executor.py for tasks to queue
[2022-08-21 16:55:11,027] {logging_mixin.py:115} INFO - [2022-08-21 16:55:11,027] {dagbag.py:508} INFO - Filling up the DagBag from /Users/abhaymone/src/dev/sand/MANAGE-GMAIL/venv/lib/python3.9/site-packages/airflow/example_dags/example_kubernetes_executor.py
[2022-08-21 16:55:11,089] {logging_mixin.py:115} INFO - [2022-08-21 16:55:11,089] {example_kubernetes_executor.py:39} WARNING - The example_kubernetes_executor example DAG requires the kubernetes provider. Please install it with: pip install apache-airflow[cncf.kubernetes]
[2022-08-21 16:55:11,090] {processor.py:653} WARNING - No viable dags retrieved from /Users/abhaymone/src/dev/sand/MANAGE-GMAIL/venv/lib/python3.9/site-packages/airflow/example_dags/example_kubernetes_executor.py
[2022-08-21 16:55:11,134] {processor.py:161} INFO - Processing /Users/abhaymone/src/dev/sand/MANAGE-GMAIL/venv/lib/python3.9/site-packages/airflow/example_dags/example_kubernetes_executor.py took 0.115 seconds
