[2022-08-21 16:14:10,245] {processor.py:153} INFO - Started process (PID=3348) to work on /Users/abhaymone/src/dev/sand/MANAGE-GMAIL/venv/lib/python3.9/site-packages/airflow/example_dags/example_xcom.py
[2022-08-21 16:14:10,245] {processor.py:641} INFO - Processing file /Users/abhaymone/src/dev/sand/MANAGE-GMAIL/venv/lib/python3.9/site-packages/airflow/example_dags/example_xcom.py for tasks to queue
[2022-08-21 16:14:10,246] {logging_mixin.py:115} INFO - [2022-08-21 16:14:10,246] {dagbag.py:508} INFO - Filling up the DagBag from /Users/abhaymone/src/dev/sand/MANAGE-GMAIL/venv/lib/python3.9/site-packages/airflow/example_dags/example_xcom.py
[2022-08-21 16:14:10,278] {processor.py:651} INFO - DAG(s) dict_keys(['example_xcom']) retrieved from /Users/abhaymone/src/dev/sand/MANAGE-GMAIL/venv/lib/python3.9/site-packages/airflow/example_dags/example_xcom.py
[2022-08-21 16:14:11,139] {logging_mixin.py:115} INFO - [2022-08-21 16:14:11,139] {manager.py:508} INFO - Created Permission View: can delete on DAG:example_xcom
[2022-08-21 16:14:11,148] {logging_mixin.py:115} INFO - [2022-08-21 16:14:11,148] {manager.py:508} INFO - Created Permission View: can read on DAG:example_xcom
[2022-08-21 16:14:11,156] {logging_mixin.py:115} INFO - [2022-08-21 16:14:11,156] {manager.py:508} INFO - Created Permission View: can edit on DAG:example_xcom
[2022-08-21 16:14:11,156] {logging_mixin.py:115} INFO - [2022-08-21 16:14:11,156] {dag.py:2420} INFO - Sync 1 DAGs
[2022-08-21 16:14:11,162] {logging_mixin.py:115} INFO - [2022-08-21 16:14:11,162] {dag.py:2439} INFO - Creating ORM DAG for example_xcom
[2022-08-21 16:14:11,172] {logging_mixin.py:115} INFO - [2022-08-21 16:14:11,172] {dag.py:2968} INFO - Setting next_dagrun for example_xcom to 2021-01-01T00:00:00+00:00, run_after=2021-01-01T00:00:00+00:00
[2022-08-21 16:14:11,183] {processor.py:161} INFO - Processing /Users/abhaymone/src/dev/sand/MANAGE-GMAIL/venv/lib/python3.9/site-packages/airflow/example_dags/example_xcom.py took 0.938 seconds
[2022-08-21 16:15:35,614] {processor.py:153} INFO - Started process (PID=3417) to work on /Users/abhaymone/src/dev/sand/MANAGE-GMAIL/venv/lib/python3.9/site-packages/airflow/example_dags/example_xcom.py
[2022-08-21 16:15:35,620] {processor.py:641} INFO - Processing file /Users/abhaymone/src/dev/sand/MANAGE-GMAIL/venv/lib/python3.9/site-packages/airflow/example_dags/example_xcom.py for tasks to queue
[2022-08-21 16:15:35,621] {logging_mixin.py:115} INFO - [2022-08-21 16:15:35,621] {dagbag.py:508} INFO - Filling up the DagBag from /Users/abhaymone/src/dev/sand/MANAGE-GMAIL/venv/lib/python3.9/site-packages/airflow/example_dags/example_xcom.py
[2022-08-21 16:15:35,652] {processor.py:651} INFO - DAG(s) dict_keys(['example_xcom']) retrieved from /Users/abhaymone/src/dev/sand/MANAGE-GMAIL/venv/lib/python3.9/site-packages/airflow/example_dags/example_xcom.py
[2022-08-21 16:15:36,085] {logging_mixin.py:115} INFO - [2022-08-21 16:15:36,085] {dag.py:2420} INFO - Sync 1 DAGs
[2022-08-21 16:15:36,097] {logging_mixin.py:115} INFO - [2022-08-21 16:15:36,097] {dag.py:2968} INFO - Setting next_dagrun for example_xcom to 2021-01-01T00:00:00+00:00, run_after=2021-01-01T00:00:00+00:00
[2022-08-21 16:15:36,106] {processor.py:161} INFO - Processing /Users/abhaymone/src/dev/sand/MANAGE-GMAIL/venv/lib/python3.9/site-packages/airflow/example_dags/example_xcom.py took 0.493 seconds
[2022-08-21 16:16:32,612] {processor.py:153} INFO - Started process (PID=3451) to work on /Users/abhaymone/src/dev/sand/MANAGE-GMAIL/venv/lib/python3.9/site-packages/airflow/example_dags/example_xcom.py
[2022-08-21 16:16:32,612] {processor.py:641} INFO - Processing file /Users/abhaymone/src/dev/sand/MANAGE-GMAIL/venv/lib/python3.9/site-packages/airflow/example_dags/example_xcom.py for tasks to queue
[2022-08-21 16:16:32,613] {logging_mixin.py:115} INFO - [2022-08-21 16:16:32,613] {dagbag.py:508} INFO - Filling up the DagBag from /Users/abhaymone/src/dev/sand/MANAGE-GMAIL/venv/lib/python3.9/site-packages/airflow/example_dags/example_xcom.py
[2022-08-21 16:16:32,639] {processor.py:651} INFO - DAG(s) dict_keys(['example_xcom']) retrieved from /Users/abhaymone/src/dev/sand/MANAGE-GMAIL/venv/lib/python3.9/site-packages/airflow/example_dags/example_xcom.py
[2022-08-21 16:16:33,067] {logging_mixin.py:115} INFO - [2022-08-21 16:16:33,067] {dag.py:2420} INFO - Sync 1 DAGs
[2022-08-21 16:16:33,078] {logging_mixin.py:115} INFO - [2022-08-21 16:16:33,078] {dag.py:2968} INFO - Setting next_dagrun for example_xcom to 2021-01-01T00:00:00+00:00, run_after=2021-01-01T00:00:00+00:00
[2022-08-21 16:16:33,095] {processor.py:161} INFO - Processing /Users/abhaymone/src/dev/sand/MANAGE-GMAIL/venv/lib/python3.9/site-packages/airflow/example_dags/example_xcom.py took 0.483 seconds
[2022-08-21 16:17:29,067] {processor.py:153} INFO - Started process (PID=3486) to work on /Users/abhaymone/src/dev/sand/MANAGE-GMAIL/venv/lib/python3.9/site-packages/airflow/example_dags/example_xcom.py
[2022-08-21 16:17:29,069] {processor.py:641} INFO - Processing file /Users/abhaymone/src/dev/sand/MANAGE-GMAIL/venv/lib/python3.9/site-packages/airflow/example_dags/example_xcom.py for tasks to queue
[2022-08-21 16:17:29,070] {logging_mixin.py:115} INFO - [2022-08-21 16:17:29,069] {dagbag.py:508} INFO - Filling up the DagBag from /Users/abhaymone/src/dev/sand/MANAGE-GMAIL/venv/lib/python3.9/site-packages/airflow/example_dags/example_xcom.py
[2022-08-21 16:17:29,098] {processor.py:651} INFO - DAG(s) dict_keys(['example_xcom']) retrieved from /Users/abhaymone/src/dev/sand/MANAGE-GMAIL/venv/lib/python3.9/site-packages/airflow/example_dags/example_xcom.py
[2022-08-21 16:17:29,579] {logging_mixin.py:115} INFO - [2022-08-21 16:17:29,578] {dag.py:2420} INFO - Sync 1 DAGs
[2022-08-21 16:17:29,590] {logging_mixin.py:115} INFO - [2022-08-21 16:17:29,590] {dag.py:2968} INFO - Setting next_dagrun for example_xcom to 2021-01-01T00:00:00+00:00, run_after=2021-01-01T00:00:00+00:00
[2022-08-21 16:17:29,602] {processor.py:161} INFO - Processing /Users/abhaymone/src/dev/sand/MANAGE-GMAIL/venv/lib/python3.9/site-packages/airflow/example_dags/example_xcom.py took 0.536 seconds
[2022-08-21 16:28:13,673] {processor.py:153} INFO - Started process (PID=3544) to work on /Users/abhaymone/src/dev/sand/MANAGE-GMAIL/venv/lib/python3.9/site-packages/airflow/example_dags/example_xcom.py
[2022-08-21 16:28:13,679] {processor.py:641} INFO - Processing file /Users/abhaymone/src/dev/sand/MANAGE-GMAIL/venv/lib/python3.9/site-packages/airflow/example_dags/example_xcom.py for tasks to queue
[2022-08-21 16:28:13,679] {logging_mixin.py:115} INFO - [2022-08-21 16:28:13,679] {dagbag.py:508} INFO - Filling up the DagBag from /Users/abhaymone/src/dev/sand/MANAGE-GMAIL/venv/lib/python3.9/site-packages/airflow/example_dags/example_xcom.py
[2022-08-21 16:28:13,711] {processor.py:651} INFO - DAG(s) dict_keys(['example_xcom']) retrieved from /Users/abhaymone/src/dev/sand/MANAGE-GMAIL/venv/lib/python3.9/site-packages/airflow/example_dags/example_xcom.py
[2022-08-21 16:28:14,190] {logging_mixin.py:115} INFO - [2022-08-21 16:28:14,190] {dag.py:2420} INFO - Sync 1 DAGs
[2022-08-21 16:28:14,202] {logging_mixin.py:115} INFO - [2022-08-21 16:28:14,202] {dag.py:2968} INFO - Setting next_dagrun for example_xcom to 2021-01-01T00:00:00+00:00, run_after=2021-01-01T00:00:00+00:00
[2022-08-21 16:28:14,214] {processor.py:161} INFO - Processing /Users/abhaymone/src/dev/sand/MANAGE-GMAIL/venv/lib/python3.9/site-packages/airflow/example_dags/example_xcom.py took 0.542 seconds
[2022-08-21 16:29:08,132] {processor.py:153} INFO - Started process (PID=3579) to work on /Users/abhaymone/src/dev/sand/MANAGE-GMAIL/venv/lib/python3.9/site-packages/airflow/example_dags/example_xcom.py
[2022-08-21 16:29:08,132] {processor.py:641} INFO - Processing file /Users/abhaymone/src/dev/sand/MANAGE-GMAIL/venv/lib/python3.9/site-packages/airflow/example_dags/example_xcom.py for tasks to queue
[2022-08-21 16:29:08,132] {logging_mixin.py:115} INFO - [2022-08-21 16:29:08,132] {dagbag.py:508} INFO - Filling up the DagBag from /Users/abhaymone/src/dev/sand/MANAGE-GMAIL/venv/lib/python3.9/site-packages/airflow/example_dags/example_xcom.py
[2022-08-21 16:29:08,157] {processor.py:651} INFO - DAG(s) dict_keys(['example_xcom']) retrieved from /Users/abhaymone/src/dev/sand/MANAGE-GMAIL/venv/lib/python3.9/site-packages/airflow/example_dags/example_xcom.py
[2022-08-21 16:29:08,586] {logging_mixin.py:115} INFO - [2022-08-21 16:29:08,585] {dag.py:2420} INFO - Sync 1 DAGs
[2022-08-21 16:29:08,597] {logging_mixin.py:115} INFO - [2022-08-21 16:29:08,597] {dag.py:2968} INFO - Setting next_dagrun for example_xcom to 2021-01-01T00:00:00+00:00, run_after=2021-01-01T00:00:00+00:00
[2022-08-21 16:29:08,613] {processor.py:161} INFO - Processing /Users/abhaymone/src/dev/sand/MANAGE-GMAIL/venv/lib/python3.9/site-packages/airflow/example_dags/example_xcom.py took 0.482 seconds
[2022-08-21 16:30:01,629] {processor.py:153} INFO - Started process (PID=3613) to work on /Users/abhaymone/src/dev/sand/MANAGE-GMAIL/venv/lib/python3.9/site-packages/airflow/example_dags/example_xcom.py
[2022-08-21 16:30:01,629] {processor.py:641} INFO - Processing file /Users/abhaymone/src/dev/sand/MANAGE-GMAIL/venv/lib/python3.9/site-packages/airflow/example_dags/example_xcom.py for tasks to queue
[2022-08-21 16:30:01,629] {logging_mixin.py:115} INFO - [2022-08-21 16:30:01,629] {dagbag.py:508} INFO - Filling up the DagBag from /Users/abhaymone/src/dev/sand/MANAGE-GMAIL/venv/lib/python3.9/site-packages/airflow/example_dags/example_xcom.py
[2022-08-21 16:30:01,657] {processor.py:651} INFO - DAG(s) dict_keys(['example_xcom']) retrieved from /Users/abhaymone/src/dev/sand/MANAGE-GMAIL/venv/lib/python3.9/site-packages/airflow/example_dags/example_xcom.py
[2022-08-21 16:30:02,095] {logging_mixin.py:115} INFO - [2022-08-21 16:30:02,094] {dag.py:2420} INFO - Sync 1 DAGs
[2022-08-21 16:30:02,107] {logging_mixin.py:115} INFO - [2022-08-21 16:30:02,107] {dag.py:2968} INFO - Setting next_dagrun for example_xcom to 2021-01-01T00:00:00+00:00, run_after=2021-01-01T00:00:00+00:00
[2022-08-21 16:30:02,125] {processor.py:161} INFO - Processing /Users/abhaymone/src/dev/sand/MANAGE-GMAIL/venv/lib/python3.9/site-packages/airflow/example_dags/example_xcom.py took 0.496 seconds
[2022-08-21 16:31:03,526] {processor.py:153} INFO - Started process (PID=3647) to work on /Users/abhaymone/src/dev/sand/MANAGE-GMAIL/venv/lib/python3.9/site-packages/airflow/example_dags/example_xcom.py
[2022-08-21 16:31:03,531] {processor.py:641} INFO - Processing file /Users/abhaymone/src/dev/sand/MANAGE-GMAIL/venv/lib/python3.9/site-packages/airflow/example_dags/example_xcom.py for tasks to queue
[2022-08-21 16:31:03,532] {logging_mixin.py:115} INFO - [2022-08-21 16:31:03,532] {dagbag.py:508} INFO - Filling up the DagBag from /Users/abhaymone/src/dev/sand/MANAGE-GMAIL/venv/lib/python3.9/site-packages/airflow/example_dags/example_xcom.py
[2022-08-21 16:31:03,576] {processor.py:651} INFO - DAG(s) dict_keys(['example_xcom']) retrieved from /Users/abhaymone/src/dev/sand/MANAGE-GMAIL/venv/lib/python3.9/site-packages/airflow/example_dags/example_xcom.py
[2022-08-21 16:31:04,260] {logging_mixin.py:115} INFO - [2022-08-21 16:31:04,260] {dag.py:2420} INFO - Sync 1 DAGs
[2022-08-21 16:31:04,280] {logging_mixin.py:115} INFO - [2022-08-21 16:31:04,280] {dag.py:2968} INFO - Setting next_dagrun for example_xcom to 2021-01-01T00:00:00+00:00, run_after=2021-01-01T00:00:00+00:00
[2022-08-21 16:31:04,297] {processor.py:161} INFO - Processing /Users/abhaymone/src/dev/sand/MANAGE-GMAIL/venv/lib/python3.9/site-packages/airflow/example_dags/example_xcom.py took 0.772 seconds
[2022-08-21 16:32:08,664] {processor.py:153} INFO - Started process (PID=3690) to work on /Users/abhaymone/src/dev/sand/MANAGE-GMAIL/venv/lib/python3.9/site-packages/airflow/example_dags/example_xcom.py
[2022-08-21 16:32:08,670] {processor.py:641} INFO - Processing file /Users/abhaymone/src/dev/sand/MANAGE-GMAIL/venv/lib/python3.9/site-packages/airflow/example_dags/example_xcom.py for tasks to queue
[2022-08-21 16:32:08,671] {logging_mixin.py:115} INFO - [2022-08-21 16:32:08,670] {dagbag.py:508} INFO - Filling up the DagBag from /Users/abhaymone/src/dev/sand/MANAGE-GMAIL/venv/lib/python3.9/site-packages/airflow/example_dags/example_xcom.py
[2022-08-21 16:32:08,704] {processor.py:651} INFO - DAG(s) dict_keys(['example_xcom']) retrieved from /Users/abhaymone/src/dev/sand/MANAGE-GMAIL/venv/lib/python3.9/site-packages/airflow/example_dags/example_xcom.py
[2022-08-21 16:32:09,148] {logging_mixin.py:115} INFO - [2022-08-21 16:32:09,147] {dag.py:2420} INFO - Sync 1 DAGs
[2022-08-21 16:32:09,159] {logging_mixin.py:115} INFO - [2022-08-21 16:32:09,159] {dag.py:2968} INFO - Setting next_dagrun for example_xcom to 2021-01-01T00:00:00+00:00, run_after=2021-01-01T00:00:00+00:00
[2022-08-21 16:32:09,168] {processor.py:161} INFO - Processing /Users/abhaymone/src/dev/sand/MANAGE-GMAIL/venv/lib/python3.9/site-packages/airflow/example_dags/example_xcom.py took 0.504 seconds
[2022-08-21 16:33:07,239] {processor.py:153} INFO - Started process (PID=3728) to work on /Users/abhaymone/src/dev/sand/MANAGE-GMAIL/venv/lib/python3.9/site-packages/airflow/example_dags/example_xcom.py
[2022-08-21 16:33:07,245] {processor.py:641} INFO - Processing file /Users/abhaymone/src/dev/sand/MANAGE-GMAIL/venv/lib/python3.9/site-packages/airflow/example_dags/example_xcom.py for tasks to queue
[2022-08-21 16:33:07,245] {logging_mixin.py:115} INFO - [2022-08-21 16:33:07,245] {dagbag.py:508} INFO - Filling up the DagBag from /Users/abhaymone/src/dev/sand/MANAGE-GMAIL/venv/lib/python3.9/site-packages/airflow/example_dags/example_xcom.py
[2022-08-21 16:33:07,282] {processor.py:651} INFO - DAG(s) dict_keys(['example_xcom']) retrieved from /Users/abhaymone/src/dev/sand/MANAGE-GMAIL/venv/lib/python3.9/site-packages/airflow/example_dags/example_xcom.py
[2022-08-21 16:33:07,765] {logging_mixin.py:115} INFO - [2022-08-21 16:33:07,765] {dag.py:2420} INFO - Sync 1 DAGs
[2022-08-21 16:33:07,777] {logging_mixin.py:115} INFO - [2022-08-21 16:33:07,777] {dag.py:2968} INFO - Setting next_dagrun for example_xcom to 2021-01-01T00:00:00+00:00, run_after=2021-01-01T00:00:00+00:00
[2022-08-21 16:33:07,788] {processor.py:161} INFO - Processing /Users/abhaymone/src/dev/sand/MANAGE-GMAIL/venv/lib/python3.9/site-packages/airflow/example_dags/example_xcom.py took 0.550 seconds
[2022-08-21 16:34:07,674] {processor.py:153} INFO - Started process (PID=3766) to work on /Users/abhaymone/src/dev/sand/MANAGE-GMAIL/venv/lib/python3.9/site-packages/airflow/example_dags/example_xcom.py
[2022-08-21 16:34:07,679] {processor.py:641} INFO - Processing file /Users/abhaymone/src/dev/sand/MANAGE-GMAIL/venv/lib/python3.9/site-packages/airflow/example_dags/example_xcom.py for tasks to queue
[2022-08-21 16:34:07,680] {logging_mixin.py:115} INFO - [2022-08-21 16:34:07,680] {dagbag.py:508} INFO - Filling up the DagBag from /Users/abhaymone/src/dev/sand/MANAGE-GMAIL/venv/lib/python3.9/site-packages/airflow/example_dags/example_xcom.py
[2022-08-21 16:34:07,710] {processor.py:651} INFO - DAG(s) dict_keys(['example_xcom']) retrieved from /Users/abhaymone/src/dev/sand/MANAGE-GMAIL/venv/lib/python3.9/site-packages/airflow/example_dags/example_xcom.py
[2022-08-21 16:34:08,184] {logging_mixin.py:115} INFO - [2022-08-21 16:34:08,184] {dag.py:2420} INFO - Sync 1 DAGs
[2022-08-21 16:34:08,196] {logging_mixin.py:115} INFO - [2022-08-21 16:34:08,196] {dag.py:2968} INFO - Setting next_dagrun for example_xcom to 2021-01-01T00:00:00+00:00, run_after=2021-01-01T00:00:00+00:00
[2022-08-21 16:34:08,207] {processor.py:161} INFO - Processing /Users/abhaymone/src/dev/sand/MANAGE-GMAIL/venv/lib/python3.9/site-packages/airflow/example_dags/example_xcom.py took 0.533 seconds
[2022-08-21 16:35:08,624] {processor.py:153} INFO - Started process (PID=3800) to work on /Users/abhaymone/src/dev/sand/MANAGE-GMAIL/venv/lib/python3.9/site-packages/airflow/example_dags/example_xcom.py
[2022-08-21 16:35:08,630] {processor.py:641} INFO - Processing file /Users/abhaymone/src/dev/sand/MANAGE-GMAIL/venv/lib/python3.9/site-packages/airflow/example_dags/example_xcom.py for tasks to queue
[2022-08-21 16:35:08,630] {logging_mixin.py:115} INFO - [2022-08-21 16:35:08,630] {dagbag.py:508} INFO - Filling up the DagBag from /Users/abhaymone/src/dev/sand/MANAGE-GMAIL/venv/lib/python3.9/site-packages/airflow/example_dags/example_xcom.py
[2022-08-21 16:35:08,662] {processor.py:651} INFO - DAG(s) dict_keys(['example_xcom']) retrieved from /Users/abhaymone/src/dev/sand/MANAGE-GMAIL/venv/lib/python3.9/site-packages/airflow/example_dags/example_xcom.py
[2022-08-21 16:35:09,134] {logging_mixin.py:115} INFO - [2022-08-21 16:35:09,134] {dag.py:2420} INFO - Sync 1 DAGs
[2022-08-21 16:35:09,146] {logging_mixin.py:115} INFO - [2022-08-21 16:35:09,146] {dag.py:2968} INFO - Setting next_dagrun for example_xcom to 2021-01-01T00:00:00+00:00, run_after=2021-01-01T00:00:00+00:00
[2022-08-21 16:35:09,163] {processor.py:161} INFO - Processing /Users/abhaymone/src/dev/sand/MANAGE-GMAIL/venv/lib/python3.9/site-packages/airflow/example_dags/example_xcom.py took 0.540 seconds
[2022-08-21 16:36:06,002] {processor.py:153} INFO - Started process (PID=3839) to work on /Users/abhaymone/src/dev/sand/MANAGE-GMAIL/venv/lib/python3.9/site-packages/airflow/example_dags/example_xcom.py
[2022-08-21 16:36:06,008] {processor.py:641} INFO - Processing file /Users/abhaymone/src/dev/sand/MANAGE-GMAIL/venv/lib/python3.9/site-packages/airflow/example_dags/example_xcom.py for tasks to queue
[2022-08-21 16:36:06,008] {logging_mixin.py:115} INFO - [2022-08-21 16:36:06,008] {dagbag.py:508} INFO - Filling up the DagBag from /Users/abhaymone/src/dev/sand/MANAGE-GMAIL/venv/lib/python3.9/site-packages/airflow/example_dags/example_xcom.py
[2022-08-21 16:36:06,040] {processor.py:651} INFO - DAG(s) dict_keys(['example_xcom']) retrieved from /Users/abhaymone/src/dev/sand/MANAGE-GMAIL/venv/lib/python3.9/site-packages/airflow/example_dags/example_xcom.py
[2022-08-21 16:36:06,484] {logging_mixin.py:115} INFO - [2022-08-21 16:36:06,484] {dag.py:2420} INFO - Sync 1 DAGs
[2022-08-21 16:36:06,495] {logging_mixin.py:115} INFO - [2022-08-21 16:36:06,495] {dag.py:2968} INFO - Setting next_dagrun for example_xcom to 2021-01-01T00:00:00+00:00, run_after=2021-01-01T00:00:00+00:00
[2022-08-21 16:36:06,508] {processor.py:161} INFO - Processing /Users/abhaymone/src/dev/sand/MANAGE-GMAIL/venv/lib/python3.9/site-packages/airflow/example_dags/example_xcom.py took 0.507 seconds
[2022-08-21 16:37:07,531] {processor.py:153} INFO - Started process (PID=3875) to work on /Users/abhaymone/src/dev/sand/MANAGE-GMAIL/venv/lib/python3.9/site-packages/airflow/example_dags/example_xcom.py
[2022-08-21 16:37:07,531] {processor.py:641} INFO - Processing file /Users/abhaymone/src/dev/sand/MANAGE-GMAIL/venv/lib/python3.9/site-packages/airflow/example_dags/example_xcom.py for tasks to queue
[2022-08-21 16:37:07,531] {logging_mixin.py:115} INFO - [2022-08-21 16:37:07,531] {dagbag.py:508} INFO - Filling up the DagBag from /Users/abhaymone/src/dev/sand/MANAGE-GMAIL/venv/lib/python3.9/site-packages/airflow/example_dags/example_xcom.py
[2022-08-21 16:37:07,557] {processor.py:651} INFO - DAG(s) dict_keys(['example_xcom']) retrieved from /Users/abhaymone/src/dev/sand/MANAGE-GMAIL/venv/lib/python3.9/site-packages/airflow/example_dags/example_xcom.py
[2022-08-21 16:37:07,993] {logging_mixin.py:115} INFO - [2022-08-21 16:37:07,993] {dag.py:2420} INFO - Sync 1 DAGs
[2022-08-21 16:37:08,004] {logging_mixin.py:115} INFO - [2022-08-21 16:37:08,004] {dag.py:2968} INFO - Setting next_dagrun for example_xcom to 2021-01-01T00:00:00+00:00, run_after=2021-01-01T00:00:00+00:00
[2022-08-21 16:37:08,020] {processor.py:161} INFO - Processing /Users/abhaymone/src/dev/sand/MANAGE-GMAIL/venv/lib/python3.9/site-packages/airflow/example_dags/example_xcom.py took 0.490 seconds
[2022-08-21 16:38:02,899] {processor.py:153} INFO - Started process (PID=3909) to work on /Users/abhaymone/src/dev/sand/MANAGE-GMAIL/venv/lib/python3.9/site-packages/airflow/example_dags/example_xcom.py
[2022-08-21 16:38:02,899] {processor.py:641} INFO - Processing file /Users/abhaymone/src/dev/sand/MANAGE-GMAIL/venv/lib/python3.9/site-packages/airflow/example_dags/example_xcom.py for tasks to queue
[2022-08-21 16:38:02,899] {logging_mixin.py:115} INFO - [2022-08-21 16:38:02,899] {dagbag.py:508} INFO - Filling up the DagBag from /Users/abhaymone/src/dev/sand/MANAGE-GMAIL/venv/lib/python3.9/site-packages/airflow/example_dags/example_xcom.py
[2022-08-21 16:38:02,925] {processor.py:651} INFO - DAG(s) dict_keys(['example_xcom']) retrieved from /Users/abhaymone/src/dev/sand/MANAGE-GMAIL/venv/lib/python3.9/site-packages/airflow/example_dags/example_xcom.py
[2022-08-21 16:38:03,358] {logging_mixin.py:115} INFO - [2022-08-21 16:38:03,358] {dag.py:2420} INFO - Sync 1 DAGs
[2022-08-21 16:38:03,369] {logging_mixin.py:115} INFO - [2022-08-21 16:38:03,369] {dag.py:2968} INFO - Setting next_dagrun for example_xcom to 2021-01-01T00:00:00+00:00, run_after=2021-01-01T00:00:00+00:00
[2022-08-21 16:38:03,386] {processor.py:161} INFO - Processing /Users/abhaymone/src/dev/sand/MANAGE-GMAIL/venv/lib/python3.9/site-packages/airflow/example_dags/example_xcom.py took 0.488 seconds
[2022-08-21 16:39:03,536] {processor.py:153} INFO - Started process (PID=3945) to work on /Users/abhaymone/src/dev/sand/MANAGE-GMAIL/venv/lib/python3.9/site-packages/airflow/example_dags/example_xcom.py
[2022-08-21 16:39:03,542] {processor.py:641} INFO - Processing file /Users/abhaymone/src/dev/sand/MANAGE-GMAIL/venv/lib/python3.9/site-packages/airflow/example_dags/example_xcom.py for tasks to queue
[2022-08-21 16:39:03,542] {logging_mixin.py:115} INFO - [2022-08-21 16:39:03,542] {dagbag.py:508} INFO - Filling up the DagBag from /Users/abhaymone/src/dev/sand/MANAGE-GMAIL/venv/lib/python3.9/site-packages/airflow/example_dags/example_xcom.py
[2022-08-21 16:39:03,580] {processor.py:651} INFO - DAG(s) dict_keys(['example_xcom']) retrieved from /Users/abhaymone/src/dev/sand/MANAGE-GMAIL/venv/lib/python3.9/site-packages/airflow/example_dags/example_xcom.py
[2022-08-21 16:39:04,102] {logging_mixin.py:115} INFO - [2022-08-21 16:39:04,101] {dag.py:2420} INFO - Sync 1 DAGs
[2022-08-21 16:39:04,114] {logging_mixin.py:115} INFO - [2022-08-21 16:39:04,114] {dag.py:2968} INFO - Setting next_dagrun for example_xcom to 2021-01-01T00:00:00+00:00, run_after=2021-01-01T00:00:00+00:00
[2022-08-21 16:39:04,132] {processor.py:161} INFO - Processing /Users/abhaymone/src/dev/sand/MANAGE-GMAIL/venv/lib/python3.9/site-packages/airflow/example_dags/example_xcom.py took 0.597 seconds
[2022-08-21 16:40:03,486] {processor.py:153} INFO - Started process (PID=3980) to work on /Users/abhaymone/src/dev/sand/MANAGE-GMAIL/venv/lib/python3.9/site-packages/airflow/example_dags/example_xcom.py
[2022-08-21 16:40:03,487] {processor.py:641} INFO - Processing file /Users/abhaymone/src/dev/sand/MANAGE-GMAIL/venv/lib/python3.9/site-packages/airflow/example_dags/example_xcom.py for tasks to queue
[2022-08-21 16:40:03,487] {logging_mixin.py:115} INFO - [2022-08-21 16:40:03,487] {dagbag.py:508} INFO - Filling up the DagBag from /Users/abhaymone/src/dev/sand/MANAGE-GMAIL/venv/lib/python3.9/site-packages/airflow/example_dags/example_xcom.py
[2022-08-21 16:40:03,513] {processor.py:651} INFO - DAG(s) dict_keys(['example_xcom']) retrieved from /Users/abhaymone/src/dev/sand/MANAGE-GMAIL/venv/lib/python3.9/site-packages/airflow/example_dags/example_xcom.py
[2022-08-21 16:40:03,988] {logging_mixin.py:115} INFO - [2022-08-21 16:40:03,988] {dag.py:2420} INFO - Sync 1 DAGs
[2022-08-21 16:40:03,999] {logging_mixin.py:115} INFO - [2022-08-21 16:40:03,999] {dag.py:2968} INFO - Setting next_dagrun for example_xcom to 2021-01-01T00:00:00+00:00, run_after=2021-01-01T00:00:00+00:00
[2022-08-21 16:40:04,016] {processor.py:161} INFO - Processing /Users/abhaymone/src/dev/sand/MANAGE-GMAIL/venv/lib/python3.9/site-packages/airflow/example_dags/example_xcom.py took 0.530 seconds
[2022-08-21 16:41:02,742] {processor.py:153} INFO - Started process (PID=4014) to work on /Users/abhaymone/src/dev/sand/MANAGE-GMAIL/venv/lib/python3.9/site-packages/airflow/example_dags/example_xcom.py
[2022-08-21 16:41:02,748] {processor.py:641} INFO - Processing file /Users/abhaymone/src/dev/sand/MANAGE-GMAIL/venv/lib/python3.9/site-packages/airflow/example_dags/example_xcom.py for tasks to queue
[2022-08-21 16:41:02,749] {logging_mixin.py:115} INFO - [2022-08-21 16:41:02,749] {dagbag.py:508} INFO - Filling up the DagBag from /Users/abhaymone/src/dev/sand/MANAGE-GMAIL/venv/lib/python3.9/site-packages/airflow/example_dags/example_xcom.py
[2022-08-21 16:41:02,782] {processor.py:651} INFO - DAG(s) dict_keys(['example_xcom']) retrieved from /Users/abhaymone/src/dev/sand/MANAGE-GMAIL/venv/lib/python3.9/site-packages/airflow/example_dags/example_xcom.py
[2022-08-21 16:41:03,251] {logging_mixin.py:115} INFO - [2022-08-21 16:41:03,250] {dag.py:2420} INFO - Sync 1 DAGs
[2022-08-21 16:41:03,263] {logging_mixin.py:115} INFO - [2022-08-21 16:41:03,263] {dag.py:2968} INFO - Setting next_dagrun for example_xcom to 2021-01-01T00:00:00+00:00, run_after=2021-01-01T00:00:00+00:00
[2022-08-21 16:41:03,278] {processor.py:161} INFO - Processing /Users/abhaymone/src/dev/sand/MANAGE-GMAIL/venv/lib/python3.9/site-packages/airflow/example_dags/example_xcom.py took 0.536 seconds
[2022-08-21 16:42:01,745] {processor.py:153} INFO - Started process (PID=4052) to work on /Users/abhaymone/src/dev/sand/MANAGE-GMAIL/venv/lib/python3.9/site-packages/airflow/example_dags/example_xcom.py
[2022-08-21 16:42:01,745] {processor.py:641} INFO - Processing file /Users/abhaymone/src/dev/sand/MANAGE-GMAIL/venv/lib/python3.9/site-packages/airflow/example_dags/example_xcom.py for tasks to queue
[2022-08-21 16:42:01,746] {logging_mixin.py:115} INFO - [2022-08-21 16:42:01,746] {dagbag.py:508} INFO - Filling up the DagBag from /Users/abhaymone/src/dev/sand/MANAGE-GMAIL/venv/lib/python3.9/site-packages/airflow/example_dags/example_xcom.py
[2022-08-21 16:42:01,773] {processor.py:651} INFO - DAG(s) dict_keys(['example_xcom']) retrieved from /Users/abhaymone/src/dev/sand/MANAGE-GMAIL/venv/lib/python3.9/site-packages/airflow/example_dags/example_xcom.py
[2022-08-21 16:42:02,247] {logging_mixin.py:115} INFO - [2022-08-21 16:42:02,247] {dag.py:2420} INFO - Sync 1 DAGs
[2022-08-21 16:42:02,259] {logging_mixin.py:115} INFO - [2022-08-21 16:42:02,259] {dag.py:2968} INFO - Setting next_dagrun for example_xcom to 2021-01-01T00:00:00+00:00, run_after=2021-01-01T00:00:00+00:00
[2022-08-21 16:42:02,276] {processor.py:161} INFO - Processing /Users/abhaymone/src/dev/sand/MANAGE-GMAIL/venv/lib/python3.9/site-packages/airflow/example_dags/example_xcom.py took 0.531 seconds
[2022-08-21 16:43:04,691] {processor.py:153} INFO - Started process (PID=4090) to work on /Users/abhaymone/src/dev/sand/MANAGE-GMAIL/venv/lib/python3.9/site-packages/airflow/example_dags/example_xcom.py
[2022-08-21 16:43:04,697] {processor.py:641} INFO - Processing file /Users/abhaymone/src/dev/sand/MANAGE-GMAIL/venv/lib/python3.9/site-packages/airflow/example_dags/example_xcom.py for tasks to queue
[2022-08-21 16:43:04,698] {logging_mixin.py:115} INFO - [2022-08-21 16:43:04,698] {dagbag.py:508} INFO - Filling up the DagBag from /Users/abhaymone/src/dev/sand/MANAGE-GMAIL/venv/lib/python3.9/site-packages/airflow/example_dags/example_xcom.py
[2022-08-21 16:43:04,730] {processor.py:651} INFO - DAG(s) dict_keys(['example_xcom']) retrieved from /Users/abhaymone/src/dev/sand/MANAGE-GMAIL/venv/lib/python3.9/site-packages/airflow/example_dags/example_xcom.py
[2022-08-21 16:43:05,209] {logging_mixin.py:115} INFO - [2022-08-21 16:43:05,208] {dag.py:2420} INFO - Sync 1 DAGs
[2022-08-21 16:43:05,220] {logging_mixin.py:115} INFO - [2022-08-21 16:43:05,220] {dag.py:2968} INFO - Setting next_dagrun for example_xcom to 2021-01-01T00:00:00+00:00, run_after=2021-01-01T00:00:00+00:00
[2022-08-21 16:43:05,238] {processor.py:161} INFO - Processing /Users/abhaymone/src/dev/sand/MANAGE-GMAIL/venv/lib/python3.9/site-packages/airflow/example_dags/example_xcom.py took 0.548 seconds
[2022-08-21 16:44:08,993] {processor.py:153} INFO - Started process (PID=4193) to work on /Users/abhaymone/src/dev/sand/MANAGE-GMAIL/venv/lib/python3.9/site-packages/airflow/example_dags/example_xcom.py
[2022-08-21 16:44:08,999] {processor.py:641} INFO - Processing file /Users/abhaymone/src/dev/sand/MANAGE-GMAIL/venv/lib/python3.9/site-packages/airflow/example_dags/example_xcom.py for tasks to queue
[2022-08-21 16:44:09,000] {logging_mixin.py:115} INFO - [2022-08-21 16:44:09,000] {dagbag.py:508} INFO - Filling up the DagBag from /Users/abhaymone/src/dev/sand/MANAGE-GMAIL/venv/lib/python3.9/site-packages/airflow/example_dags/example_xcom.py
[2022-08-21 16:44:09,033] {processor.py:651} INFO - DAG(s) dict_keys(['example_xcom']) retrieved from /Users/abhaymone/src/dev/sand/MANAGE-GMAIL/venv/lib/python3.9/site-packages/airflow/example_dags/example_xcom.py
[2022-08-21 16:44:09,506] {logging_mixin.py:115} INFO - [2022-08-21 16:44:09,506] {dag.py:2420} INFO - Sync 1 DAGs
[2022-08-21 16:44:09,518] {logging_mixin.py:115} INFO - [2022-08-21 16:44:09,518] {dag.py:2968} INFO - Setting next_dagrun for example_xcom to 2021-01-01T00:00:00+00:00, run_after=2021-01-01T00:00:00+00:00
[2022-08-21 16:44:09,530] {processor.py:161} INFO - Processing /Users/abhaymone/src/dev/sand/MANAGE-GMAIL/venv/lib/python3.9/site-packages/airflow/example_dags/example_xcom.py took 0.537 seconds
[2022-08-21 16:45:08,252] {processor.py:153} INFO - Started process (PID=4297) to work on /Users/abhaymone/src/dev/sand/MANAGE-GMAIL/venv/lib/python3.9/site-packages/airflow/example_dags/example_xcom.py
[2022-08-21 16:45:08,253] {processor.py:641} INFO - Processing file /Users/abhaymone/src/dev/sand/MANAGE-GMAIL/venv/lib/python3.9/site-packages/airflow/example_dags/example_xcom.py for tasks to queue
[2022-08-21 16:45:08,253] {logging_mixin.py:115} INFO - [2022-08-21 16:45:08,253] {dagbag.py:508} INFO - Filling up the DagBag from /Users/abhaymone/src/dev/sand/MANAGE-GMAIL/venv/lib/python3.9/site-packages/airflow/example_dags/example_xcom.py
[2022-08-21 16:45:08,294] {processor.py:651} INFO - DAG(s) dict_keys(['example_xcom']) retrieved from /Users/abhaymone/src/dev/sand/MANAGE-GMAIL/venv/lib/python3.9/site-packages/airflow/example_dags/example_xcom.py
[2022-08-21 16:45:08,894] {logging_mixin.py:115} INFO - [2022-08-21 16:45:08,894] {dag.py:2420} INFO - Sync 1 DAGs
[2022-08-21 16:45:08,910] {logging_mixin.py:115} INFO - [2022-08-21 16:45:08,910] {dag.py:2968} INFO - Setting next_dagrun for example_xcom to 2021-01-01T00:00:00+00:00, run_after=2021-01-01T00:00:00+00:00
[2022-08-21 16:45:08,931] {processor.py:161} INFO - Processing /Users/abhaymone/src/dev/sand/MANAGE-GMAIL/venv/lib/python3.9/site-packages/airflow/example_dags/example_xcom.py took 0.679 seconds
[2022-08-21 16:46:02,592] {processor.py:153} INFO - Started process (PID=4405) to work on /Users/abhaymone/src/dev/sand/MANAGE-GMAIL/venv/lib/python3.9/site-packages/airflow/example_dags/example_xcom.py
[2022-08-21 16:46:02,592] {processor.py:641} INFO - Processing file /Users/abhaymone/src/dev/sand/MANAGE-GMAIL/venv/lib/python3.9/site-packages/airflow/example_dags/example_xcom.py for tasks to queue
[2022-08-21 16:46:02,593] {logging_mixin.py:115} INFO - [2022-08-21 16:46:02,593] {dagbag.py:508} INFO - Filling up the DagBag from /Users/abhaymone/src/dev/sand/MANAGE-GMAIL/venv/lib/python3.9/site-packages/airflow/example_dags/example_xcom.py
[2022-08-21 16:46:02,618] {processor.py:651} INFO - DAG(s) dict_keys(['example_xcom']) retrieved from /Users/abhaymone/src/dev/sand/MANAGE-GMAIL/venv/lib/python3.9/site-packages/airflow/example_dags/example_xcom.py
[2022-08-21 16:46:03,064] {logging_mixin.py:115} INFO - [2022-08-21 16:46:03,064] {dag.py:2420} INFO - Sync 1 DAGs
[2022-08-21 16:46:03,075] {logging_mixin.py:115} INFO - [2022-08-21 16:46:03,075] {dag.py:2968} INFO - Setting next_dagrun for example_xcom to 2021-01-01T00:00:00+00:00, run_after=2021-01-01T00:00:00+00:00
[2022-08-21 16:46:03,091] {processor.py:161} INFO - Processing /Users/abhaymone/src/dev/sand/MANAGE-GMAIL/venv/lib/python3.9/site-packages/airflow/example_dags/example_xcom.py took 0.500 seconds
[2022-08-21 16:47:00,786] {processor.py:153} INFO - Started process (PID=4519) to work on /Users/abhaymone/src/dev/sand/MANAGE-GMAIL/venv/lib/python3.9/site-packages/airflow/example_dags/example_xcom.py
[2022-08-21 16:47:00,792] {processor.py:641} INFO - Processing file /Users/abhaymone/src/dev/sand/MANAGE-GMAIL/venv/lib/python3.9/site-packages/airflow/example_dags/example_xcom.py for tasks to queue
[2022-08-21 16:47:00,792] {logging_mixin.py:115} INFO - [2022-08-21 16:47:00,792] {dagbag.py:508} INFO - Filling up the DagBag from /Users/abhaymone/src/dev/sand/MANAGE-GMAIL/venv/lib/python3.9/site-packages/airflow/example_dags/example_xcom.py
[2022-08-21 16:47:00,827] {processor.py:651} INFO - DAG(s) dict_keys(['example_xcom']) retrieved from /Users/abhaymone/src/dev/sand/MANAGE-GMAIL/venv/lib/python3.9/site-packages/airflow/example_dags/example_xcom.py
[2022-08-21 16:47:01,321] {logging_mixin.py:115} INFO - [2022-08-21 16:47:01,320] {dag.py:2420} INFO - Sync 1 DAGs
[2022-08-21 16:47:01,333] {logging_mixin.py:115} INFO - [2022-08-21 16:47:01,332] {dag.py:2968} INFO - Setting next_dagrun for example_xcom to 2021-01-01T00:00:00+00:00, run_after=2021-01-01T00:00:00+00:00
[2022-08-21 16:47:01,351] {processor.py:161} INFO - Processing /Users/abhaymone/src/dev/sand/MANAGE-GMAIL/venv/lib/python3.9/site-packages/airflow/example_dags/example_xcom.py took 0.566 seconds
[2022-08-21 16:48:09,247] {processor.py:153} INFO - Started process (PID=4578) to work on /Users/abhaymone/src/dev/sand/MANAGE-GMAIL/venv/lib/python3.9/site-packages/airflow/example_dags/example_xcom.py
[2022-08-21 16:48:09,253] {processor.py:641} INFO - Processing file /Users/abhaymone/src/dev/sand/MANAGE-GMAIL/venv/lib/python3.9/site-packages/airflow/example_dags/example_xcom.py for tasks to queue
[2022-08-21 16:48:09,254] {logging_mixin.py:115} INFO - [2022-08-21 16:48:09,254] {dagbag.py:508} INFO - Filling up the DagBag from /Users/abhaymone/src/dev/sand/MANAGE-GMAIL/venv/lib/python3.9/site-packages/airflow/example_dags/example_xcom.py
[2022-08-21 16:48:09,286] {processor.py:651} INFO - DAG(s) dict_keys(['example_xcom']) retrieved from /Users/abhaymone/src/dev/sand/MANAGE-GMAIL/venv/lib/python3.9/site-packages/airflow/example_dags/example_xcom.py
[2022-08-21 16:48:09,747] {logging_mixin.py:115} INFO - [2022-08-21 16:48:09,746] {dag.py:2420} INFO - Sync 1 DAGs
[2022-08-21 16:48:09,758] {logging_mixin.py:115} INFO - [2022-08-21 16:48:09,758] {dag.py:2968} INFO - Setting next_dagrun for example_xcom to 2021-01-01T00:00:00+00:00, run_after=2021-01-01T00:00:00+00:00
[2022-08-21 16:48:09,772] {processor.py:161} INFO - Processing /Users/abhaymone/src/dev/sand/MANAGE-GMAIL/venv/lib/python3.9/site-packages/airflow/example_dags/example_xcom.py took 0.526 seconds
[2022-08-21 16:49:14,899] {processor.py:153} INFO - Started process (PID=4626) to work on /Users/abhaymone/src/dev/sand/MANAGE-GMAIL/venv/lib/python3.9/site-packages/airflow/example_dags/example_xcom.py
[2022-08-21 16:49:14,901] {processor.py:641} INFO - Processing file /Users/abhaymone/src/dev/sand/MANAGE-GMAIL/venv/lib/python3.9/site-packages/airflow/example_dags/example_xcom.py for tasks to queue
[2022-08-21 16:49:14,902] {logging_mixin.py:115} INFO - [2022-08-21 16:49:14,902] {dagbag.py:508} INFO - Filling up the DagBag from /Users/abhaymone/src/dev/sand/MANAGE-GMAIL/venv/lib/python3.9/site-packages/airflow/example_dags/example_xcom.py
[2022-08-21 16:49:14,932] {processor.py:651} INFO - DAG(s) dict_keys(['example_xcom']) retrieved from /Users/abhaymone/src/dev/sand/MANAGE-GMAIL/venv/lib/python3.9/site-packages/airflow/example_dags/example_xcom.py
[2022-08-21 16:49:15,394] {logging_mixin.py:115} INFO - [2022-08-21 16:49:15,394] {dag.py:2420} INFO - Sync 1 DAGs
[2022-08-21 16:49:15,405] {logging_mixin.py:115} INFO - [2022-08-21 16:49:15,405] {dag.py:2968} INFO - Setting next_dagrun for example_xcom to 2021-01-01T00:00:00+00:00, run_after=2021-01-01T00:00:00+00:00
[2022-08-21 16:49:15,425] {processor.py:161} INFO - Processing /Users/abhaymone/src/dev/sand/MANAGE-GMAIL/venv/lib/python3.9/site-packages/airflow/example_dags/example_xcom.py took 0.526 seconds
[2022-08-21 16:50:14,954] {processor.py:153} INFO - Started process (PID=4665) to work on /Users/abhaymone/src/dev/sand/MANAGE-GMAIL/venv/lib/python3.9/site-packages/airflow/example_dags/example_xcom.py
[2022-08-21 16:50:14,960] {processor.py:641} INFO - Processing file /Users/abhaymone/src/dev/sand/MANAGE-GMAIL/venv/lib/python3.9/site-packages/airflow/example_dags/example_xcom.py for tasks to queue
[2022-08-21 16:50:14,961] {logging_mixin.py:115} INFO - [2022-08-21 16:50:14,961] {dagbag.py:508} INFO - Filling up the DagBag from /Users/abhaymone/src/dev/sand/MANAGE-GMAIL/venv/lib/python3.9/site-packages/airflow/example_dags/example_xcom.py
[2022-08-21 16:50:14,994] {processor.py:651} INFO - DAG(s) dict_keys(['example_xcom']) retrieved from /Users/abhaymone/src/dev/sand/MANAGE-GMAIL/venv/lib/python3.9/site-packages/airflow/example_dags/example_xcom.py
[2022-08-21 16:50:15,475] {logging_mixin.py:115} INFO - [2022-08-21 16:50:15,475] {dag.py:2420} INFO - Sync 1 DAGs
[2022-08-21 16:50:15,489] {logging_mixin.py:115} INFO - [2022-08-21 16:50:15,488] {dag.py:2968} INFO - Setting next_dagrun for example_xcom to 2021-01-01T00:00:00+00:00, run_after=2021-01-01T00:00:00+00:00
[2022-08-21 16:50:15,509] {processor.py:161} INFO - Processing /Users/abhaymone/src/dev/sand/MANAGE-GMAIL/venv/lib/python3.9/site-packages/airflow/example_dags/example_xcom.py took 0.555 seconds
[2022-08-21 16:51:14,738] {processor.py:153} INFO - Started process (PID=4744) to work on /Users/abhaymone/src/dev/sand/MANAGE-GMAIL/venv/lib/python3.9/site-packages/airflow/example_dags/example_xcom.py
[2022-08-21 16:51:14,744] {processor.py:641} INFO - Processing file /Users/abhaymone/src/dev/sand/MANAGE-GMAIL/venv/lib/python3.9/site-packages/airflow/example_dags/example_xcom.py for tasks to queue
[2022-08-21 16:51:14,745] {logging_mixin.py:115} INFO - [2022-08-21 16:51:14,744] {dagbag.py:508} INFO - Filling up the DagBag from /Users/abhaymone/src/dev/sand/MANAGE-GMAIL/venv/lib/python3.9/site-packages/airflow/example_dags/example_xcom.py
[2022-08-21 16:51:14,777] {processor.py:651} INFO - DAG(s) dict_keys(['example_xcom']) retrieved from /Users/abhaymone/src/dev/sand/MANAGE-GMAIL/venv/lib/python3.9/site-packages/airflow/example_dags/example_xcom.py
[2022-08-21 16:51:15,261] {logging_mixin.py:115} INFO - [2022-08-21 16:51:15,260] {dag.py:2420} INFO - Sync 1 DAGs
[2022-08-21 16:51:15,272] {logging_mixin.py:115} INFO - [2022-08-21 16:51:15,272] {dag.py:2968} INFO - Setting next_dagrun for example_xcom to 2021-01-01T00:00:00+00:00, run_after=2021-01-01T00:00:00+00:00
[2022-08-21 16:51:15,284] {processor.py:161} INFO - Processing /Users/abhaymone/src/dev/sand/MANAGE-GMAIL/venv/lib/python3.9/site-packages/airflow/example_dags/example_xcom.py took 0.546 seconds
[2022-08-21 16:52:11,815] {processor.py:153} INFO - Started process (PID=4963) to work on /Users/abhaymone/src/dev/sand/MANAGE-GMAIL/venv/lib/python3.9/site-packages/airflow/example_dags/example_xcom.py
[2022-08-21 16:52:11,815] {processor.py:641} INFO - Processing file /Users/abhaymone/src/dev/sand/MANAGE-GMAIL/venv/lib/python3.9/site-packages/airflow/example_dags/example_xcom.py for tasks to queue
[2022-08-21 16:52:11,815] {logging_mixin.py:115} INFO - [2022-08-21 16:52:11,815] {dagbag.py:508} INFO - Filling up the DagBag from /Users/abhaymone/src/dev/sand/MANAGE-GMAIL/venv/lib/python3.9/site-packages/airflow/example_dags/example_xcom.py
[2022-08-21 16:52:11,845] {processor.py:651} INFO - DAG(s) dict_keys(['example_xcom']) retrieved from /Users/abhaymone/src/dev/sand/MANAGE-GMAIL/venv/lib/python3.9/site-packages/airflow/example_dags/example_xcom.py
[2022-08-21 16:52:12,302] {logging_mixin.py:115} INFO - [2022-08-21 16:52:12,302] {dag.py:2420} INFO - Sync 1 DAGs
[2022-08-21 16:52:12,314] {logging_mixin.py:115} INFO - [2022-08-21 16:52:12,314] {dag.py:2968} INFO - Setting next_dagrun for example_xcom to 2021-01-01T00:00:00+00:00, run_after=2021-01-01T00:00:00+00:00
[2022-08-21 16:52:12,325] {processor.py:161} INFO - Processing /Users/abhaymone/src/dev/sand/MANAGE-GMAIL/venv/lib/python3.9/site-packages/airflow/example_dags/example_xcom.py took 0.511 seconds
[2022-08-21 16:53:08,063] {processor.py:153} INFO - Started process (PID=5097) to work on /Users/abhaymone/src/dev/sand/MANAGE-GMAIL/venv/lib/python3.9/site-packages/airflow/example_dags/example_xcom.py
[2022-08-21 16:53:08,064] {processor.py:641} INFO - Processing file /Users/abhaymone/src/dev/sand/MANAGE-GMAIL/venv/lib/python3.9/site-packages/airflow/example_dags/example_xcom.py for tasks to queue
[2022-08-21 16:53:08,064] {logging_mixin.py:115} INFO - [2022-08-21 16:53:08,064] {dagbag.py:508} INFO - Filling up the DagBag from /Users/abhaymone/src/dev/sand/MANAGE-GMAIL/venv/lib/python3.9/site-packages/airflow/example_dags/example_xcom.py
[2022-08-21 16:53:08,091] {processor.py:651} INFO - DAG(s) dict_keys(['example_xcom']) retrieved from /Users/abhaymone/src/dev/sand/MANAGE-GMAIL/venv/lib/python3.9/site-packages/airflow/example_dags/example_xcom.py
[2022-08-21 16:53:08,710] {logging_mixin.py:115} INFO - [2022-08-21 16:53:08,709] {dag.py:2420} INFO - Sync 1 DAGs
[2022-08-21 16:53:08,726] {logging_mixin.py:115} INFO - [2022-08-21 16:53:08,726] {dag.py:2968} INFO - Setting next_dagrun for example_xcom to 2021-01-01T00:00:00+00:00, run_after=2021-01-01T00:00:00+00:00
[2022-08-21 16:53:08,746] {processor.py:161} INFO - Processing /Users/abhaymone/src/dev/sand/MANAGE-GMAIL/venv/lib/python3.9/site-packages/airflow/example_dags/example_xcom.py took 0.683 seconds
[2022-08-21 16:54:12,453] {processor.py:153} INFO - Started process (PID=5165) to work on /Users/abhaymone/src/dev/sand/MANAGE-GMAIL/venv/lib/python3.9/site-packages/airflow/example_dags/example_xcom.py
[2022-08-21 16:54:12,453] {processor.py:641} INFO - Processing file /Users/abhaymone/src/dev/sand/MANAGE-GMAIL/venv/lib/python3.9/site-packages/airflow/example_dags/example_xcom.py for tasks to queue
[2022-08-21 16:54:12,453] {logging_mixin.py:115} INFO - [2022-08-21 16:54:12,453] {dagbag.py:508} INFO - Filling up the DagBag from /Users/abhaymone/src/dev/sand/MANAGE-GMAIL/venv/lib/python3.9/site-packages/airflow/example_dags/example_xcom.py
[2022-08-21 16:54:12,478] {processor.py:651} INFO - DAG(s) dict_keys(['example_xcom']) retrieved from /Users/abhaymone/src/dev/sand/MANAGE-GMAIL/venv/lib/python3.9/site-packages/airflow/example_dags/example_xcom.py
[2022-08-21 16:54:12,910] {logging_mixin.py:115} INFO - [2022-08-21 16:54:12,910] {dag.py:2420} INFO - Sync 1 DAGs
[2022-08-21 16:54:12,921] {logging_mixin.py:115} INFO - [2022-08-21 16:54:12,921] {dag.py:2968} INFO - Setting next_dagrun for example_xcom to 2021-01-01T00:00:00+00:00, run_after=2021-01-01T00:00:00+00:00
[2022-08-21 16:54:12,938] {processor.py:161} INFO - Processing /Users/abhaymone/src/dev/sand/MANAGE-GMAIL/venv/lib/python3.9/site-packages/airflow/example_dags/example_xcom.py took 0.487 seconds
[2022-08-21 16:55:19,462] {processor.py:153} INFO - Started process (PID=5237) to work on /Users/abhaymone/src/dev/sand/MANAGE-GMAIL/venv/lib/python3.9/site-packages/airflow/example_dags/example_xcom.py
[2022-08-21 16:55:19,463] {processor.py:641} INFO - Processing file /Users/abhaymone/src/dev/sand/MANAGE-GMAIL/venv/lib/python3.9/site-packages/airflow/example_dags/example_xcom.py for tasks to queue
[2022-08-21 16:55:19,463] {logging_mixin.py:115} INFO - [2022-08-21 16:55:19,463] {dagbag.py:508} INFO - Filling up the DagBag from /Users/abhaymone/src/dev/sand/MANAGE-GMAIL/venv/lib/python3.9/site-packages/airflow/example_dags/example_xcom.py
[2022-08-21 16:55:19,490] {processor.py:651} INFO - DAG(s) dict_keys(['example_xcom']) retrieved from /Users/abhaymone/src/dev/sand/MANAGE-GMAIL/venv/lib/python3.9/site-packages/airflow/example_dags/example_xcom.py
[2022-08-21 16:55:20,360] {logging_mixin.py:115} INFO - [2022-08-21 16:55:20,360] {dag.py:2420} INFO - Sync 1 DAGs
[2022-08-21 16:55:20,373] {logging_mixin.py:115} INFO - [2022-08-21 16:55:20,372] {dag.py:2968} INFO - Setting next_dagrun for example_xcom to 2021-01-01T00:00:00+00:00, run_after=2021-01-01T00:00:00+00:00
[2022-08-21 16:55:20,384] {processor.py:161} INFO - Processing /Users/abhaymone/src/dev/sand/MANAGE-GMAIL/venv/lib/python3.9/site-packages/airflow/example_dags/example_xcom.py took 0.922 seconds
