[2022-08-21 16:15:08,072] {processor.py:153} INFO - Started process (PID=3392) to work on /Users/abhaymone/src/dev/sand/MANAGE-GMAIL/venv/lib/python3.9/site-packages/airflow/example_dags/example_branch_operator_decorator.py
[2022-08-21 16:15:08,072] {processor.py:641} INFO - Processing file /Users/abhaymone/src/dev/sand/MANAGE-GMAIL/venv/lib/python3.9/site-packages/airflow/example_dags/example_branch_operator_decorator.py for tasks to queue
[2022-08-21 16:15:08,073] {logging_mixin.py:115} INFO - [2022-08-21 16:15:08,073] {dagbag.py:508} INFO - Filling up the DagBag from /Users/abhaymone/src/dev/sand/MANAGE-GMAIL/venv/lib/python3.9/site-packages/airflow/example_dags/example_branch_operator_decorator.py
[2022-08-21 16:15:08,109] {processor.py:651} INFO - DAG(s) dict_keys(['example_branch_python_operator_decorator']) retrieved from /Users/abhaymone/src/dev/sand/MANAGE-GMAIL/venv/lib/python3.9/site-packages/airflow/example_dags/example_branch_operator_decorator.py
[2022-08-21 16:15:08,809] {logging_mixin.py:115} INFO - [2022-08-21 16:15:08,809] {manager.py:508} INFO - Created Permission View: can edit on DAG:example_branch_python_operator_decorator
[2022-08-21 16:15:08,817] {logging_mixin.py:115} INFO - [2022-08-21 16:15:08,817] {manager.py:508} INFO - Created Permission View: can read on DAG:example_branch_python_operator_decorator
[2022-08-21 16:15:08,823] {logging_mixin.py:115} INFO - [2022-08-21 16:15:08,823] {manager.py:508} INFO - Created Permission View: can delete on DAG:example_branch_python_operator_decorator
[2022-08-21 16:15:08,823] {logging_mixin.py:115} INFO - [2022-08-21 16:15:08,823] {dag.py:2420} INFO - Sync 1 DAGs
[2022-08-21 16:15:08,829] {logging_mixin.py:115} INFO - [2022-08-21 16:15:08,828] {dag.py:2439} INFO - Creating ORM DAG for example_branch_python_operator_decorator
[2022-08-21 16:15:08,838] {logging_mixin.py:115} INFO - [2022-08-21 16:15:08,838] {dag.py:2968} INFO - Setting next_dagrun for example_branch_python_operator_decorator to 2022-08-20T00:00:00+00:00, run_after=2022-08-21T00:00:00+00:00
[2022-08-21 16:15:08,849] {processor.py:161} INFO - Processing /Users/abhaymone/src/dev/sand/MANAGE-GMAIL/venv/lib/python3.9/site-packages/airflow/example_dags/example_branch_operator_decorator.py took 0.777 seconds
[2022-08-21 16:16:16,857] {processor.py:153} INFO - Started process (PID=3442) to work on /Users/abhaymone/src/dev/sand/MANAGE-GMAIL/venv/lib/python3.9/site-packages/airflow/example_dags/example_branch_operator_decorator.py
[2022-08-21 16:16:16,863] {processor.py:641} INFO - Processing file /Users/abhaymone/src/dev/sand/MANAGE-GMAIL/venv/lib/python3.9/site-packages/airflow/example_dags/example_branch_operator_decorator.py for tasks to queue
[2022-08-21 16:16:16,864] {logging_mixin.py:115} INFO - [2022-08-21 16:16:16,864] {dagbag.py:508} INFO - Filling up the DagBag from /Users/abhaymone/src/dev/sand/MANAGE-GMAIL/venv/lib/python3.9/site-packages/airflow/example_dags/example_branch_operator_decorator.py
[2022-08-21 16:16:16,896] {processor.py:651} INFO - DAG(s) dict_keys(['example_branch_python_operator_decorator']) retrieved from /Users/abhaymone/src/dev/sand/MANAGE-GMAIL/venv/lib/python3.9/site-packages/airflow/example_dags/example_branch_operator_decorator.py
[2022-08-21 16:16:16,943] {logging_mixin.py:115} INFO - [2022-08-21 16:16:16,943] {dag.py:2420} INFO - Sync 1 DAGs
[2022-08-21 16:16:16,954] {logging_mixin.py:115} INFO - [2022-08-21 16:16:16,954] {dag.py:2968} INFO - Setting next_dagrun for example_branch_python_operator_decorator to 2022-08-20T00:00:00+00:00, run_after=2022-08-21T00:00:00+00:00
[2022-08-21 16:16:16,965] {processor.py:161} INFO - Processing /Users/abhaymone/src/dev/sand/MANAGE-GMAIL/venv/lib/python3.9/site-packages/airflow/example_dags/example_branch_operator_decorator.py took 0.108 seconds
[2022-08-21 16:17:15,563] {processor.py:153} INFO - Started process (PID=3478) to work on /Users/abhaymone/src/dev/sand/MANAGE-GMAIL/venv/lib/python3.9/site-packages/airflow/example_dags/example_branch_operator_decorator.py
[2022-08-21 16:17:15,563] {processor.py:641} INFO - Processing file /Users/abhaymone/src/dev/sand/MANAGE-GMAIL/venv/lib/python3.9/site-packages/airflow/example_dags/example_branch_operator_decorator.py for tasks to queue
[2022-08-21 16:17:15,563] {logging_mixin.py:115} INFO - [2022-08-21 16:17:15,563] {dagbag.py:508} INFO - Filling up the DagBag from /Users/abhaymone/src/dev/sand/MANAGE-GMAIL/venv/lib/python3.9/site-packages/airflow/example_dags/example_branch_operator_decorator.py
[2022-08-21 16:17:15,589] {processor.py:651} INFO - DAG(s) dict_keys(['example_branch_python_operator_decorator']) retrieved from /Users/abhaymone/src/dev/sand/MANAGE-GMAIL/venv/lib/python3.9/site-packages/airflow/example_dags/example_branch_operator_decorator.py
[2022-08-21 16:17:15,637] {logging_mixin.py:115} INFO - [2022-08-21 16:17:15,637] {dag.py:2420} INFO - Sync 1 DAGs
[2022-08-21 16:17:15,648] {logging_mixin.py:115} INFO - [2022-08-21 16:17:15,648] {dag.py:2968} INFO - Setting next_dagrun for example_branch_python_operator_decorator to 2022-08-20T00:00:00+00:00, run_after=2022-08-21T00:00:00+00:00
[2022-08-21 16:17:15,656] {processor.py:161} INFO - Processing /Users/abhaymone/src/dev/sand/MANAGE-GMAIL/venv/lib/python3.9/site-packages/airflow/example_dags/example_branch_operator_decorator.py took 0.094 seconds
[2022-08-21 16:28:47,740] {processor.py:153} INFO - Started process (PID=3564) to work on /Users/abhaymone/src/dev/sand/MANAGE-GMAIL/venv/lib/python3.9/site-packages/airflow/example_dags/example_branch_operator_decorator.py
[2022-08-21 16:28:47,746] {processor.py:641} INFO - Processing file /Users/abhaymone/src/dev/sand/MANAGE-GMAIL/venv/lib/python3.9/site-packages/airflow/example_dags/example_branch_operator_decorator.py for tasks to queue
[2022-08-21 16:28:47,747] {logging_mixin.py:115} INFO - [2022-08-21 16:28:47,747] {dagbag.py:508} INFO - Filling up the DagBag from /Users/abhaymone/src/dev/sand/MANAGE-GMAIL/venv/lib/python3.9/site-packages/airflow/example_dags/example_branch_operator_decorator.py
[2022-08-21 16:28:47,779] {processor.py:651} INFO - DAG(s) dict_keys(['example_branch_python_operator_decorator']) retrieved from /Users/abhaymone/src/dev/sand/MANAGE-GMAIL/venv/lib/python3.9/site-packages/airflow/example_dags/example_branch_operator_decorator.py
[2022-08-21 16:28:47,829] {logging_mixin.py:115} INFO - [2022-08-21 16:28:47,829] {dag.py:2420} INFO - Sync 1 DAGs
[2022-08-21 16:28:47,840] {logging_mixin.py:115} INFO - [2022-08-21 16:28:47,840] {dag.py:2968} INFO - Setting next_dagrun for example_branch_python_operator_decorator to 2022-08-20T00:00:00+00:00, run_after=2022-08-21T00:00:00+00:00
[2022-08-21 16:28:47,855] {processor.py:161} INFO - Processing /Users/abhaymone/src/dev/sand/MANAGE-GMAIL/venv/lib/python3.9/site-packages/airflow/example_dags/example_branch_operator_decorator.py took 0.115 seconds
[2022-08-21 16:29:44,648] {processor.py:153} INFO - Started process (PID=3602) to work on /Users/abhaymone/src/dev/sand/MANAGE-GMAIL/venv/lib/python3.9/site-packages/airflow/example_dags/example_branch_operator_decorator.py
[2022-08-21 16:29:44,648] {processor.py:641} INFO - Processing file /Users/abhaymone/src/dev/sand/MANAGE-GMAIL/venv/lib/python3.9/site-packages/airflow/example_dags/example_branch_operator_decorator.py for tasks to queue
[2022-08-21 16:29:44,648] {logging_mixin.py:115} INFO - [2022-08-21 16:29:44,648] {dagbag.py:508} INFO - Filling up the DagBag from /Users/abhaymone/src/dev/sand/MANAGE-GMAIL/venv/lib/python3.9/site-packages/airflow/example_dags/example_branch_operator_decorator.py
[2022-08-21 16:29:44,674] {processor.py:651} INFO - DAG(s) dict_keys(['example_branch_python_operator_decorator']) retrieved from /Users/abhaymone/src/dev/sand/MANAGE-GMAIL/venv/lib/python3.9/site-packages/airflow/example_dags/example_branch_operator_decorator.py
[2022-08-21 16:29:44,722] {logging_mixin.py:115} INFO - [2022-08-21 16:29:44,722] {dag.py:2420} INFO - Sync 1 DAGs
[2022-08-21 16:29:44,733] {logging_mixin.py:115} INFO - [2022-08-21 16:29:44,733] {dag.py:2968} INFO - Setting next_dagrun for example_branch_python_operator_decorator to 2022-08-20T00:00:00+00:00, run_after=2022-08-21T00:00:00+00:00
[2022-08-21 16:29:44,750] {processor.py:161} INFO - Processing /Users/abhaymone/src/dev/sand/MANAGE-GMAIL/venv/lib/python3.9/site-packages/airflow/example_dags/example_branch_operator_decorator.py took 0.102 seconds
[2022-08-21 16:30:44,215] {processor.py:153} INFO - Started process (PID=3638) to work on /Users/abhaymone/src/dev/sand/MANAGE-GMAIL/venv/lib/python3.9/site-packages/airflow/example_dags/example_branch_operator_decorator.py
[2022-08-21 16:30:44,223] {processor.py:641} INFO - Processing file /Users/abhaymone/src/dev/sand/MANAGE-GMAIL/venv/lib/python3.9/site-packages/airflow/example_dags/example_branch_operator_decorator.py for tasks to queue
[2022-08-21 16:30:44,224] {logging_mixin.py:115} INFO - [2022-08-21 16:30:44,223] {dagbag.py:508} INFO - Filling up the DagBag from /Users/abhaymone/src/dev/sand/MANAGE-GMAIL/venv/lib/python3.9/site-packages/airflow/example_dags/example_branch_operator_decorator.py
[2022-08-21 16:30:44,259] {processor.py:651} INFO - DAG(s) dict_keys(['example_branch_python_operator_decorator']) retrieved from /Users/abhaymone/src/dev/sand/MANAGE-GMAIL/venv/lib/python3.9/site-packages/airflow/example_dags/example_branch_operator_decorator.py
[2022-08-21 16:30:44,313] {logging_mixin.py:115} INFO - [2022-08-21 16:30:44,313] {dag.py:2420} INFO - Sync 1 DAGs
[2022-08-21 16:30:44,326] {logging_mixin.py:115} INFO - [2022-08-21 16:30:44,326] {dag.py:2968} INFO - Setting next_dagrun for example_branch_python_operator_decorator to 2022-08-20T00:00:00+00:00, run_after=2022-08-21T00:00:00+00:00
[2022-08-21 16:30:44,341] {processor.py:161} INFO - Processing /Users/abhaymone/src/dev/sand/MANAGE-GMAIL/venv/lib/python3.9/site-packages/airflow/example_dags/example_branch_operator_decorator.py took 0.127 seconds
[2022-08-21 16:31:53,657] {processor.py:153} INFO - Started process (PID=3682) to work on /Users/abhaymone/src/dev/sand/MANAGE-GMAIL/venv/lib/python3.9/site-packages/airflow/example_dags/example_branch_operator_decorator.py
[2022-08-21 16:31:53,659] {processor.py:641} INFO - Processing file /Users/abhaymone/src/dev/sand/MANAGE-GMAIL/venv/lib/python3.9/site-packages/airflow/example_dags/example_branch_operator_decorator.py for tasks to queue
[2022-08-21 16:31:53,659] {logging_mixin.py:115} INFO - [2022-08-21 16:31:53,659] {dagbag.py:508} INFO - Filling up the DagBag from /Users/abhaymone/src/dev/sand/MANAGE-GMAIL/venv/lib/python3.9/site-packages/airflow/example_dags/example_branch_operator_decorator.py
[2022-08-21 16:31:53,689] {processor.py:651} INFO - DAG(s) dict_keys(['example_branch_python_operator_decorator']) retrieved from /Users/abhaymone/src/dev/sand/MANAGE-GMAIL/venv/lib/python3.9/site-packages/airflow/example_dags/example_branch_operator_decorator.py
[2022-08-21 16:31:53,737] {logging_mixin.py:115} INFO - [2022-08-21 16:31:53,736] {dag.py:2420} INFO - Sync 1 DAGs
[2022-08-21 16:31:53,749] {logging_mixin.py:115} INFO - [2022-08-21 16:31:53,748] {dag.py:2968} INFO - Setting next_dagrun for example_branch_python_operator_decorator to 2022-08-20T00:00:00+00:00, run_after=2022-08-21T00:00:00+00:00
[2022-08-21 16:31:53,757] {processor.py:161} INFO - Processing /Users/abhaymone/src/dev/sand/MANAGE-GMAIL/venv/lib/python3.9/site-packages/airflow/example_dags/example_branch_operator_decorator.py took 0.100 seconds
[2022-08-21 16:32:52,262] {processor.py:153} INFO - Started process (PID=3719) to work on /Users/abhaymone/src/dev/sand/MANAGE-GMAIL/venv/lib/python3.9/site-packages/airflow/example_dags/example_branch_operator_decorator.py
[2022-08-21 16:32:52,268] {processor.py:641} INFO - Processing file /Users/abhaymone/src/dev/sand/MANAGE-GMAIL/venv/lib/python3.9/site-packages/airflow/example_dags/example_branch_operator_decorator.py for tasks to queue
[2022-08-21 16:32:52,268] {logging_mixin.py:115} INFO - [2022-08-21 16:32:52,268] {dagbag.py:508} INFO - Filling up the DagBag from /Users/abhaymone/src/dev/sand/MANAGE-GMAIL/venv/lib/python3.9/site-packages/airflow/example_dags/example_branch_operator_decorator.py
[2022-08-21 16:32:52,299] {processor.py:651} INFO - DAG(s) dict_keys(['example_branch_python_operator_decorator']) retrieved from /Users/abhaymone/src/dev/sand/MANAGE-GMAIL/venv/lib/python3.9/site-packages/airflow/example_dags/example_branch_operator_decorator.py
[2022-08-21 16:32:52,352] {logging_mixin.py:115} INFO - [2022-08-21 16:32:52,352] {dag.py:2420} INFO - Sync 1 DAGs
[2022-08-21 16:32:52,365] {logging_mixin.py:115} INFO - [2022-08-21 16:32:52,365] {dag.py:2968} INFO - Setting next_dagrun for example_branch_python_operator_decorator to 2022-08-20T00:00:00+00:00, run_after=2022-08-21T00:00:00+00:00
[2022-08-21 16:32:52,382] {processor.py:161} INFO - Processing /Users/abhaymone/src/dev/sand/MANAGE-GMAIL/venv/lib/python3.9/site-packages/airflow/example_dags/example_branch_operator_decorator.py took 0.120 seconds
[2022-08-21 16:33:52,051] {processor.py:153} INFO - Started process (PID=3755) to work on /Users/abhaymone/src/dev/sand/MANAGE-GMAIL/venv/lib/python3.9/site-packages/airflow/example_dags/example_branch_operator_decorator.py
[2022-08-21 16:33:52,057] {processor.py:641} INFO - Processing file /Users/abhaymone/src/dev/sand/MANAGE-GMAIL/venv/lib/python3.9/site-packages/airflow/example_dags/example_branch_operator_decorator.py for tasks to queue
[2022-08-21 16:33:52,057] {logging_mixin.py:115} INFO - [2022-08-21 16:33:52,057] {dagbag.py:508} INFO - Filling up the DagBag from /Users/abhaymone/src/dev/sand/MANAGE-GMAIL/venv/lib/python3.9/site-packages/airflow/example_dags/example_branch_operator_decorator.py
[2022-08-21 16:33:52,090] {processor.py:651} INFO - DAG(s) dict_keys(['example_branch_python_operator_decorator']) retrieved from /Users/abhaymone/src/dev/sand/MANAGE-GMAIL/venv/lib/python3.9/site-packages/airflow/example_dags/example_branch_operator_decorator.py
[2022-08-21 16:33:52,142] {logging_mixin.py:115} INFO - [2022-08-21 16:33:52,142] {dag.py:2420} INFO - Sync 1 DAGs
[2022-08-21 16:33:52,154] {logging_mixin.py:115} INFO - [2022-08-21 16:33:52,154] {dag.py:2968} INFO - Setting next_dagrun for example_branch_python_operator_decorator to 2022-08-20T00:00:00+00:00, run_after=2022-08-21T00:00:00+00:00
[2022-08-21 16:33:52,166] {processor.py:161} INFO - Processing /Users/abhaymone/src/dev/sand/MANAGE-GMAIL/venv/lib/python3.9/site-packages/airflow/example_dags/example_branch_operator_decorator.py took 0.116 seconds
[2022-08-21 16:34:52,068] {processor.py:153} INFO - Started process (PID=3791) to work on /Users/abhaymone/src/dev/sand/MANAGE-GMAIL/venv/lib/python3.9/site-packages/airflow/example_dags/example_branch_operator_decorator.py
[2022-08-21 16:34:52,074] {processor.py:641} INFO - Processing file /Users/abhaymone/src/dev/sand/MANAGE-GMAIL/venv/lib/python3.9/site-packages/airflow/example_dags/example_branch_operator_decorator.py for tasks to queue
[2022-08-21 16:34:52,074] {logging_mixin.py:115} INFO - [2022-08-21 16:34:52,074] {dagbag.py:508} INFO - Filling up the DagBag from /Users/abhaymone/src/dev/sand/MANAGE-GMAIL/venv/lib/python3.9/site-packages/airflow/example_dags/example_branch_operator_decorator.py
[2022-08-21 16:34:52,108] {processor.py:651} INFO - DAG(s) dict_keys(['example_branch_python_operator_decorator']) retrieved from /Users/abhaymone/src/dev/sand/MANAGE-GMAIL/venv/lib/python3.9/site-packages/airflow/example_dags/example_branch_operator_decorator.py
[2022-08-21 16:34:52,159] {logging_mixin.py:115} INFO - [2022-08-21 16:34:52,159] {dag.py:2420} INFO - Sync 1 DAGs
[2022-08-21 16:34:52,172] {logging_mixin.py:115} INFO - [2022-08-21 16:34:52,172] {dag.py:2968} INFO - Setting next_dagrun for example_branch_python_operator_decorator to 2022-08-20T00:00:00+00:00, run_after=2022-08-21T00:00:00+00:00
[2022-08-21 16:34:52,185] {processor.py:161} INFO - Processing /Users/abhaymone/src/dev/sand/MANAGE-GMAIL/venv/lib/python3.9/site-packages/airflow/example_dags/example_branch_operator_decorator.py took 0.118 seconds
[2022-08-21 16:35:51,098] {processor.py:153} INFO - Started process (PID=3828) to work on /Users/abhaymone/src/dev/sand/MANAGE-GMAIL/venv/lib/python3.9/site-packages/airflow/example_dags/example_branch_operator_decorator.py
[2022-08-21 16:35:51,098] {processor.py:641} INFO - Processing file /Users/abhaymone/src/dev/sand/MANAGE-GMAIL/venv/lib/python3.9/site-packages/airflow/example_dags/example_branch_operator_decorator.py for tasks to queue
[2022-08-21 16:35:51,099] {logging_mixin.py:115} INFO - [2022-08-21 16:35:51,099] {dagbag.py:508} INFO - Filling up the DagBag from /Users/abhaymone/src/dev/sand/MANAGE-GMAIL/venv/lib/python3.9/site-packages/airflow/example_dags/example_branch_operator_decorator.py
[2022-08-21 16:35:51,127] {processor.py:651} INFO - DAG(s) dict_keys(['example_branch_python_operator_decorator']) retrieved from /Users/abhaymone/src/dev/sand/MANAGE-GMAIL/venv/lib/python3.9/site-packages/airflow/example_dags/example_branch_operator_decorator.py
[2022-08-21 16:35:51,191] {logging_mixin.py:115} INFO - [2022-08-21 16:35:51,191] {dag.py:2420} INFO - Sync 1 DAGs
[2022-08-21 16:35:51,204] {logging_mixin.py:115} INFO - [2022-08-21 16:35:51,204] {dag.py:2968} INFO - Setting next_dagrun for example_branch_python_operator_decorator to 2022-08-20T00:00:00+00:00, run_after=2022-08-21T00:00:00+00:00
[2022-08-21 16:35:51,215] {processor.py:161} INFO - Processing /Users/abhaymone/src/dev/sand/MANAGE-GMAIL/venv/lib/python3.9/site-packages/airflow/example_dags/example_branch_operator_decorator.py took 0.118 seconds
[2022-08-21 16:36:54,771] {processor.py:153} INFO - Started process (PID=3868) to work on /Users/abhaymone/src/dev/sand/MANAGE-GMAIL/venv/lib/python3.9/site-packages/airflow/example_dags/example_branch_operator_decorator.py
[2022-08-21 16:36:54,777] {processor.py:641} INFO - Processing file /Users/abhaymone/src/dev/sand/MANAGE-GMAIL/venv/lib/python3.9/site-packages/airflow/example_dags/example_branch_operator_decorator.py for tasks to queue
[2022-08-21 16:36:54,777] {logging_mixin.py:115} INFO - [2022-08-21 16:36:54,777] {dagbag.py:508} INFO - Filling up the DagBag from /Users/abhaymone/src/dev/sand/MANAGE-GMAIL/venv/lib/python3.9/site-packages/airflow/example_dags/example_branch_operator_decorator.py
[2022-08-21 16:36:54,814] {processor.py:651} INFO - DAG(s) dict_keys(['example_branch_python_operator_decorator']) retrieved from /Users/abhaymone/src/dev/sand/MANAGE-GMAIL/venv/lib/python3.9/site-packages/airflow/example_dags/example_branch_operator_decorator.py
[2022-08-21 16:36:54,875] {logging_mixin.py:115} INFO - [2022-08-21 16:36:54,874] {dag.py:2420} INFO - Sync 1 DAGs
[2022-08-21 16:36:54,891] {logging_mixin.py:115} INFO - [2022-08-21 16:36:54,891] {dag.py:2968} INFO - Setting next_dagrun for example_branch_python_operator_decorator to 2022-08-20T00:00:00+00:00, run_after=2022-08-21T00:00:00+00:00
[2022-08-21 16:36:54,914] {processor.py:161} INFO - Processing /Users/abhaymone/src/dev/sand/MANAGE-GMAIL/venv/lib/python3.9/site-packages/airflow/example_dags/example_branch_operator_decorator.py took 0.144 seconds
[2022-08-21 16:37:54,067] {processor.py:153} INFO - Started process (PID=3903) to work on /Users/abhaymone/src/dev/sand/MANAGE-GMAIL/venv/lib/python3.9/site-packages/airflow/example_dags/example_branch_operator_decorator.py
[2022-08-21 16:37:54,067] {processor.py:641} INFO - Processing file /Users/abhaymone/src/dev/sand/MANAGE-GMAIL/venv/lib/python3.9/site-packages/airflow/example_dags/example_branch_operator_decorator.py for tasks to queue
[2022-08-21 16:37:54,067] {logging_mixin.py:115} INFO - [2022-08-21 16:37:54,067] {dagbag.py:508} INFO - Filling up the DagBag from /Users/abhaymone/src/dev/sand/MANAGE-GMAIL/venv/lib/python3.9/site-packages/airflow/example_dags/example_branch_operator_decorator.py
[2022-08-21 16:37:54,095] {processor.py:651} INFO - DAG(s) dict_keys(['example_branch_python_operator_decorator']) retrieved from /Users/abhaymone/src/dev/sand/MANAGE-GMAIL/venv/lib/python3.9/site-packages/airflow/example_dags/example_branch_operator_decorator.py
[2022-08-21 16:37:54,144] {logging_mixin.py:115} INFO - [2022-08-21 16:37:54,144] {dag.py:2420} INFO - Sync 1 DAGs
[2022-08-21 16:37:54,156] {logging_mixin.py:115} INFO - [2022-08-21 16:37:54,156] {dag.py:2968} INFO - Setting next_dagrun for example_branch_python_operator_decorator to 2022-08-20T00:00:00+00:00, run_after=2022-08-21T00:00:00+00:00
[2022-08-21 16:37:54,172] {processor.py:161} INFO - Processing /Users/abhaymone/src/dev/sand/MANAGE-GMAIL/venv/lib/python3.9/site-packages/airflow/example_dags/example_branch_operator_decorator.py took 0.106 seconds
[2022-08-21 16:39:16,656] {processor.py:153} INFO - Started process (PID=3952) to work on /Users/abhaymone/src/dev/sand/MANAGE-GMAIL/venv/lib/python3.9/site-packages/airflow/example_dags/example_branch_operator_decorator.py
[2022-08-21 16:39:16,661] {processor.py:641} INFO - Processing file /Users/abhaymone/src/dev/sand/MANAGE-GMAIL/venv/lib/python3.9/site-packages/airflow/example_dags/example_branch_operator_decorator.py for tasks to queue
[2022-08-21 16:39:16,662] {logging_mixin.py:115} INFO - [2022-08-21 16:39:16,662] {dagbag.py:508} INFO - Filling up the DagBag from /Users/abhaymone/src/dev/sand/MANAGE-GMAIL/venv/lib/python3.9/site-packages/airflow/example_dags/example_branch_operator_decorator.py
[2022-08-21 16:39:16,695] {processor.py:651} INFO - DAG(s) dict_keys(['example_branch_python_operator_decorator']) retrieved from /Users/abhaymone/src/dev/sand/MANAGE-GMAIL/venv/lib/python3.9/site-packages/airflow/example_dags/example_branch_operator_decorator.py
[2022-08-21 16:39:16,746] {logging_mixin.py:115} INFO - [2022-08-21 16:39:16,746] {dag.py:2420} INFO - Sync 1 DAGs
[2022-08-21 16:39:16,760] {logging_mixin.py:115} INFO - [2022-08-21 16:39:16,760] {dag.py:2968} INFO - Setting next_dagrun for example_branch_python_operator_decorator to 2022-08-20T00:00:00+00:00, run_after=2022-08-21T00:00:00+00:00
[2022-08-21 16:39:16,771] {processor.py:161} INFO - Processing /Users/abhaymone/src/dev/sand/MANAGE-GMAIL/venv/lib/python3.9/site-packages/airflow/example_dags/example_branch_operator_decorator.py took 0.116 seconds
[2022-08-21 16:40:14,313] {processor.py:153} INFO - Started process (PID=3987) to work on /Users/abhaymone/src/dev/sand/MANAGE-GMAIL/venv/lib/python3.9/site-packages/airflow/example_dags/example_branch_operator_decorator.py
[2022-08-21 16:40:14,313] {processor.py:641} INFO - Processing file /Users/abhaymone/src/dev/sand/MANAGE-GMAIL/venv/lib/python3.9/site-packages/airflow/example_dags/example_branch_operator_decorator.py for tasks to queue
[2022-08-21 16:40:14,314] {logging_mixin.py:115} INFO - [2022-08-21 16:40:14,313] {dagbag.py:508} INFO - Filling up the DagBag from /Users/abhaymone/src/dev/sand/MANAGE-GMAIL/venv/lib/python3.9/site-packages/airflow/example_dags/example_branch_operator_decorator.py
[2022-08-21 16:40:14,352] {processor.py:651} INFO - DAG(s) dict_keys(['example_branch_python_operator_decorator']) retrieved from /Users/abhaymone/src/dev/sand/MANAGE-GMAIL/venv/lib/python3.9/site-packages/airflow/example_dags/example_branch_operator_decorator.py
[2022-08-21 16:40:14,422] {logging_mixin.py:115} INFO - [2022-08-21 16:40:14,421] {dag.py:2420} INFO - Sync 1 DAGs
[2022-08-21 16:40:14,439] {logging_mixin.py:115} INFO - [2022-08-21 16:40:14,439] {dag.py:2968} INFO - Setting next_dagrun for example_branch_python_operator_decorator to 2022-08-20T00:00:00+00:00, run_after=2022-08-21T00:00:00+00:00
[2022-08-21 16:40:14,450] {processor.py:161} INFO - Processing /Users/abhaymone/src/dev/sand/MANAGE-GMAIL/venv/lib/python3.9/site-packages/airflow/example_dags/example_branch_operator_decorator.py took 0.137 seconds
[2022-08-21 16:41:16,708] {processor.py:153} INFO - Started process (PID=4024) to work on /Users/abhaymone/src/dev/sand/MANAGE-GMAIL/venv/lib/python3.9/site-packages/airflow/example_dags/example_branch_operator_decorator.py
[2022-08-21 16:41:16,714] {processor.py:641} INFO - Processing file /Users/abhaymone/src/dev/sand/MANAGE-GMAIL/venv/lib/python3.9/site-packages/airflow/example_dags/example_branch_operator_decorator.py for tasks to queue
[2022-08-21 16:41:16,714] {logging_mixin.py:115} INFO - [2022-08-21 16:41:16,714] {dagbag.py:508} INFO - Filling up the DagBag from /Users/abhaymone/src/dev/sand/MANAGE-GMAIL/venv/lib/python3.9/site-packages/airflow/example_dags/example_branch_operator_decorator.py
[2022-08-21 16:41:16,749] {processor.py:651} INFO - DAG(s) dict_keys(['example_branch_python_operator_decorator']) retrieved from /Users/abhaymone/src/dev/sand/MANAGE-GMAIL/venv/lib/python3.9/site-packages/airflow/example_dags/example_branch_operator_decorator.py
[2022-08-21 16:41:16,800] {logging_mixin.py:115} INFO - [2022-08-21 16:41:16,800] {dag.py:2420} INFO - Sync 1 DAGs
[2022-08-21 16:41:16,813] {logging_mixin.py:115} INFO - [2022-08-21 16:41:16,813] {dag.py:2968} INFO - Setting next_dagrun for example_branch_python_operator_decorator to 2022-08-20T00:00:00+00:00, run_after=2022-08-21T00:00:00+00:00
[2022-08-21 16:41:16,823] {processor.py:161} INFO - Processing /Users/abhaymone/src/dev/sand/MANAGE-GMAIL/venv/lib/python3.9/site-packages/airflow/example_dags/example_branch_operator_decorator.py took 0.115 seconds
[2022-08-21 16:42:16,303] {processor.py:153} INFO - Started process (PID=4061) to work on /Users/abhaymone/src/dev/sand/MANAGE-GMAIL/venv/lib/python3.9/site-packages/airflow/example_dags/example_branch_operator_decorator.py
[2022-08-21 16:42:16,303] {processor.py:641} INFO - Processing file /Users/abhaymone/src/dev/sand/MANAGE-GMAIL/venv/lib/python3.9/site-packages/airflow/example_dags/example_branch_operator_decorator.py for tasks to queue
[2022-08-21 16:42:16,303] {logging_mixin.py:115} INFO - [2022-08-21 16:42:16,303] {dagbag.py:508} INFO - Filling up the DagBag from /Users/abhaymone/src/dev/sand/MANAGE-GMAIL/venv/lib/python3.9/site-packages/airflow/example_dags/example_branch_operator_decorator.py
[2022-08-21 16:42:16,332] {processor.py:651} INFO - DAG(s) dict_keys(['example_branch_python_operator_decorator']) retrieved from /Users/abhaymone/src/dev/sand/MANAGE-GMAIL/venv/lib/python3.9/site-packages/airflow/example_dags/example_branch_operator_decorator.py
[2022-08-21 16:42:16,387] {logging_mixin.py:115} INFO - [2022-08-21 16:42:16,386] {dag.py:2420} INFO - Sync 1 DAGs
[2022-08-21 16:42:16,400] {logging_mixin.py:115} INFO - [2022-08-21 16:42:16,400] {dag.py:2968} INFO - Setting next_dagrun for example_branch_python_operator_decorator to 2022-08-20T00:00:00+00:00, run_after=2022-08-21T00:00:00+00:00
[2022-08-21 16:42:16,413] {processor.py:161} INFO - Processing /Users/abhaymone/src/dev/sand/MANAGE-GMAIL/venv/lib/python3.9/site-packages/airflow/example_dags/example_branch_operator_decorator.py took 0.111 seconds
[2022-08-21 16:43:19,841] {processor.py:153} INFO - Started process (PID=4098) to work on /Users/abhaymone/src/dev/sand/MANAGE-GMAIL/venv/lib/python3.9/site-packages/airflow/example_dags/example_branch_operator_decorator.py
[2022-08-21 16:43:19,846] {processor.py:641} INFO - Processing file /Users/abhaymone/src/dev/sand/MANAGE-GMAIL/venv/lib/python3.9/site-packages/airflow/example_dags/example_branch_operator_decorator.py for tasks to queue
[2022-08-21 16:43:19,847] {logging_mixin.py:115} INFO - [2022-08-21 16:43:19,847] {dagbag.py:508} INFO - Filling up the DagBag from /Users/abhaymone/src/dev/sand/MANAGE-GMAIL/venv/lib/python3.9/site-packages/airflow/example_dags/example_branch_operator_decorator.py
[2022-08-21 16:43:19,882] {processor.py:651} INFO - DAG(s) dict_keys(['example_branch_python_operator_decorator']) retrieved from /Users/abhaymone/src/dev/sand/MANAGE-GMAIL/venv/lib/python3.9/site-packages/airflow/example_dags/example_branch_operator_decorator.py
[2022-08-21 16:43:19,949] {logging_mixin.py:115} INFO - [2022-08-21 16:43:19,949] {dag.py:2420} INFO - Sync 1 DAGs
[2022-08-21 16:43:19,963] {logging_mixin.py:115} INFO - [2022-08-21 16:43:19,963] {dag.py:2968} INFO - Setting next_dagrun for example_branch_python_operator_decorator to 2022-08-20T00:00:00+00:00, run_after=2022-08-21T00:00:00+00:00
[2022-08-21 16:43:19,977] {processor.py:161} INFO - Processing /Users/abhaymone/src/dev/sand/MANAGE-GMAIL/venv/lib/python3.9/site-packages/airflow/example_dags/example_branch_operator_decorator.py took 0.137 seconds
[2022-08-21 16:44:23,947] {processor.py:153} INFO - Started process (PID=4216) to work on /Users/abhaymone/src/dev/sand/MANAGE-GMAIL/venv/lib/python3.9/site-packages/airflow/example_dags/example_branch_operator_decorator.py
[2022-08-21 16:44:23,952] {processor.py:641} INFO - Processing file /Users/abhaymone/src/dev/sand/MANAGE-GMAIL/venv/lib/python3.9/site-packages/airflow/example_dags/example_branch_operator_decorator.py for tasks to queue
[2022-08-21 16:44:23,953] {logging_mixin.py:115} INFO - [2022-08-21 16:44:23,953] {dagbag.py:508} INFO - Filling up the DagBag from /Users/abhaymone/src/dev/sand/MANAGE-GMAIL/venv/lib/python3.9/site-packages/airflow/example_dags/example_branch_operator_decorator.py
[2022-08-21 16:44:23,986] {processor.py:651} INFO - DAG(s) dict_keys(['example_branch_python_operator_decorator']) retrieved from /Users/abhaymone/src/dev/sand/MANAGE-GMAIL/venv/lib/python3.9/site-packages/airflow/example_dags/example_branch_operator_decorator.py
[2022-08-21 16:44:24,057] {logging_mixin.py:115} INFO - [2022-08-21 16:44:24,057] {dag.py:2420} INFO - Sync 1 DAGs
[2022-08-21 16:44:24,073] {logging_mixin.py:115} INFO - [2022-08-21 16:44:24,073] {dag.py:2968} INFO - Setting next_dagrun for example_branch_python_operator_decorator to 2022-08-20T00:00:00+00:00, run_after=2022-08-21T00:00:00+00:00
[2022-08-21 16:44:24,090] {processor.py:161} INFO - Processing /Users/abhaymone/src/dev/sand/MANAGE-GMAIL/venv/lib/python3.9/site-packages/airflow/example_dags/example_branch_operator_decorator.py took 0.144 seconds
[2022-08-21 16:45:21,651] {processor.py:153} INFO - Started process (PID=4325) to work on /Users/abhaymone/src/dev/sand/MANAGE-GMAIL/venv/lib/python3.9/site-packages/airflow/example_dags/example_branch_operator_decorator.py
[2022-08-21 16:45:21,651] {processor.py:641} INFO - Processing file /Users/abhaymone/src/dev/sand/MANAGE-GMAIL/venv/lib/python3.9/site-packages/airflow/example_dags/example_branch_operator_decorator.py for tasks to queue
[2022-08-21 16:45:21,651] {logging_mixin.py:115} INFO - [2022-08-21 16:45:21,651] {dagbag.py:508} INFO - Filling up the DagBag from /Users/abhaymone/src/dev/sand/MANAGE-GMAIL/venv/lib/python3.9/site-packages/airflow/example_dags/example_branch_operator_decorator.py
[2022-08-21 16:45:21,680] {processor.py:651} INFO - DAG(s) dict_keys(['example_branch_python_operator_decorator']) retrieved from /Users/abhaymone/src/dev/sand/MANAGE-GMAIL/venv/lib/python3.9/site-packages/airflow/example_dags/example_branch_operator_decorator.py
[2022-08-21 16:45:21,732] {logging_mixin.py:115} INFO - [2022-08-21 16:45:21,732] {dag.py:2420} INFO - Sync 1 DAGs
[2022-08-21 16:45:21,745] {logging_mixin.py:115} INFO - [2022-08-21 16:45:21,745] {dag.py:2968} INFO - Setting next_dagrun for example_branch_python_operator_decorator to 2022-08-20T00:00:00+00:00, run_after=2022-08-21T00:00:00+00:00
[2022-08-21 16:45:21,754] {processor.py:161} INFO - Processing /Users/abhaymone/src/dev/sand/MANAGE-GMAIL/venv/lib/python3.9/site-packages/airflow/example_dags/example_branch_operator_decorator.py took 0.104 seconds
[2022-08-21 16:46:20,388] {processor.py:153} INFO - Started process (PID=4438) to work on /Users/abhaymone/src/dev/sand/MANAGE-GMAIL/venv/lib/python3.9/site-packages/airflow/example_dags/example_branch_operator_decorator.py
[2022-08-21 16:46:20,394] {processor.py:641} INFO - Processing file /Users/abhaymone/src/dev/sand/MANAGE-GMAIL/venv/lib/python3.9/site-packages/airflow/example_dags/example_branch_operator_decorator.py for tasks to queue
[2022-08-21 16:46:20,394] {logging_mixin.py:115} INFO - [2022-08-21 16:46:20,394] {dagbag.py:508} INFO - Filling up the DagBag from /Users/abhaymone/src/dev/sand/MANAGE-GMAIL/venv/lib/python3.9/site-packages/airflow/example_dags/example_branch_operator_decorator.py
[2022-08-21 16:46:20,427] {processor.py:651} INFO - DAG(s) dict_keys(['example_branch_python_operator_decorator']) retrieved from /Users/abhaymone/src/dev/sand/MANAGE-GMAIL/venv/lib/python3.9/site-packages/airflow/example_dags/example_branch_operator_decorator.py
[2022-08-21 16:46:20,481] {logging_mixin.py:115} INFO - [2022-08-21 16:46:20,481] {dag.py:2420} INFO - Sync 1 DAGs
[2022-08-21 16:46:20,495] {logging_mixin.py:115} INFO - [2022-08-21 16:46:20,495] {dag.py:2968} INFO - Setting next_dagrun for example_branch_python_operator_decorator to 2022-08-20T00:00:00+00:00, run_after=2022-08-21T00:00:00+00:00
[2022-08-21 16:46:20,513] {processor.py:161} INFO - Processing /Users/abhaymone/src/dev/sand/MANAGE-GMAIL/venv/lib/python3.9/site-packages/airflow/example_dags/example_branch_operator_decorator.py took 0.126 seconds
[2022-08-21 16:47:19,928] {processor.py:153} INFO - Started process (PID=4548) to work on /Users/abhaymone/src/dev/sand/MANAGE-GMAIL/venv/lib/python3.9/site-packages/airflow/example_dags/example_branch_operator_decorator.py
[2022-08-21 16:47:19,933] {processor.py:641} INFO - Processing file /Users/abhaymone/src/dev/sand/MANAGE-GMAIL/venv/lib/python3.9/site-packages/airflow/example_dags/example_branch_operator_decorator.py for tasks to queue
[2022-08-21 16:47:19,934] {logging_mixin.py:115} INFO - [2022-08-21 16:47:19,934] {dagbag.py:508} INFO - Filling up the DagBag from /Users/abhaymone/src/dev/sand/MANAGE-GMAIL/venv/lib/python3.9/site-packages/airflow/example_dags/example_branch_operator_decorator.py
[2022-08-21 16:47:19,964] {processor.py:651} INFO - DAG(s) dict_keys(['example_branch_python_operator_decorator']) retrieved from /Users/abhaymone/src/dev/sand/MANAGE-GMAIL/venv/lib/python3.9/site-packages/airflow/example_dags/example_branch_operator_decorator.py
[2022-08-21 16:47:20,017] {logging_mixin.py:115} INFO - [2022-08-21 16:47:20,017] {dag.py:2420} INFO - Sync 1 DAGs
[2022-08-21 16:47:20,030] {logging_mixin.py:115} INFO - [2022-08-21 16:47:20,029] {dag.py:2968} INFO - Setting next_dagrun for example_branch_python_operator_decorator to 2022-08-20T00:00:00+00:00, run_after=2022-08-21T00:00:00+00:00
[2022-08-21 16:47:20,042] {processor.py:161} INFO - Processing /Users/abhaymone/src/dev/sand/MANAGE-GMAIL/venv/lib/python3.9/site-packages/airflow/example_dags/example_branch_operator_decorator.py took 0.115 seconds
[2022-08-21 16:48:28,565] {processor.py:153} INFO - Started process (PID=4595) to work on /Users/abhaymone/src/dev/sand/MANAGE-GMAIL/venv/lib/python3.9/site-packages/airflow/example_dags/example_branch_operator_decorator.py
[2022-08-21 16:48:28,570] {processor.py:641} INFO - Processing file /Users/abhaymone/src/dev/sand/MANAGE-GMAIL/venv/lib/python3.9/site-packages/airflow/example_dags/example_branch_operator_decorator.py for tasks to queue
[2022-08-21 16:48:28,571] {logging_mixin.py:115} INFO - [2022-08-21 16:48:28,571] {dagbag.py:508} INFO - Filling up the DagBag from /Users/abhaymone/src/dev/sand/MANAGE-GMAIL/venv/lib/python3.9/site-packages/airflow/example_dags/example_branch_operator_decorator.py
[2022-08-21 16:48:28,603] {processor.py:651} INFO - DAG(s) dict_keys(['example_branch_python_operator_decorator']) retrieved from /Users/abhaymone/src/dev/sand/MANAGE-GMAIL/venv/lib/python3.9/site-packages/airflow/example_dags/example_branch_operator_decorator.py
[2022-08-21 16:48:28,652] {logging_mixin.py:115} INFO - [2022-08-21 16:48:28,652] {dag.py:2420} INFO - Sync 1 DAGs
[2022-08-21 16:48:28,664] {logging_mixin.py:115} INFO - [2022-08-21 16:48:28,664] {dag.py:2968} INFO - Setting next_dagrun for example_branch_python_operator_decorator to 2022-08-20T00:00:00+00:00, run_after=2022-08-21T00:00:00+00:00
[2022-08-21 16:48:28,676] {processor.py:161} INFO - Processing /Users/abhaymone/src/dev/sand/MANAGE-GMAIL/venv/lib/python3.9/site-packages/airflow/example_dags/example_branch_operator_decorator.py took 0.112 seconds
[2022-08-21 16:49:32,448] {processor.py:153} INFO - Started process (PID=4639) to work on /Users/abhaymone/src/dev/sand/MANAGE-GMAIL/venv/lib/python3.9/site-packages/airflow/example_dags/example_branch_operator_decorator.py
[2022-08-21 16:49:32,453] {processor.py:641} INFO - Processing file /Users/abhaymone/src/dev/sand/MANAGE-GMAIL/venv/lib/python3.9/site-packages/airflow/example_dags/example_branch_operator_decorator.py for tasks to queue
[2022-08-21 16:49:32,454] {logging_mixin.py:115} INFO - [2022-08-21 16:49:32,454] {dagbag.py:508} INFO - Filling up the DagBag from /Users/abhaymone/src/dev/sand/MANAGE-GMAIL/venv/lib/python3.9/site-packages/airflow/example_dags/example_branch_operator_decorator.py
[2022-08-21 16:49:32,486] {processor.py:651} INFO - DAG(s) dict_keys(['example_branch_python_operator_decorator']) retrieved from /Users/abhaymone/src/dev/sand/MANAGE-GMAIL/venv/lib/python3.9/site-packages/airflow/example_dags/example_branch_operator_decorator.py
[2022-08-21 16:49:32,536] {logging_mixin.py:115} INFO - [2022-08-21 16:49:32,536] {dag.py:2420} INFO - Sync 1 DAGs
[2022-08-21 16:49:32,548] {logging_mixin.py:115} INFO - [2022-08-21 16:49:32,548] {dag.py:2968} INFO - Setting next_dagrun for example_branch_python_operator_decorator to 2022-08-20T00:00:00+00:00, run_after=2022-08-21T00:00:00+00:00
[2022-08-21 16:49:32,560] {processor.py:161} INFO - Processing /Users/abhaymone/src/dev/sand/MANAGE-GMAIL/venv/lib/python3.9/site-packages/airflow/example_dags/example_branch_operator_decorator.py took 0.113 seconds
[2022-08-21 16:50:34,566] {processor.py:153} INFO - Started process (PID=4675) to work on /Users/abhaymone/src/dev/sand/MANAGE-GMAIL/venv/lib/python3.9/site-packages/airflow/example_dags/example_branch_operator_decorator.py
[2022-08-21 16:50:34,571] {processor.py:641} INFO - Processing file /Users/abhaymone/src/dev/sand/MANAGE-GMAIL/venv/lib/python3.9/site-packages/airflow/example_dags/example_branch_operator_decorator.py for tasks to queue
[2022-08-21 16:50:34,572] {logging_mixin.py:115} INFO - [2022-08-21 16:50:34,572] {dagbag.py:508} INFO - Filling up the DagBag from /Users/abhaymone/src/dev/sand/MANAGE-GMAIL/venv/lib/python3.9/site-packages/airflow/example_dags/example_branch_operator_decorator.py
[2022-08-21 16:50:34,604] {processor.py:651} INFO - DAG(s) dict_keys(['example_branch_python_operator_decorator']) retrieved from /Users/abhaymone/src/dev/sand/MANAGE-GMAIL/venv/lib/python3.9/site-packages/airflow/example_dags/example_branch_operator_decorator.py
[2022-08-21 16:50:34,652] {logging_mixin.py:115} INFO - [2022-08-21 16:50:34,652] {dag.py:2420} INFO - Sync 1 DAGs
[2022-08-21 16:50:34,664] {logging_mixin.py:115} INFO - [2022-08-21 16:50:34,664] {dag.py:2968} INFO - Setting next_dagrun for example_branch_python_operator_decorator to 2022-08-20T00:00:00+00:00, run_after=2022-08-21T00:00:00+00:00
[2022-08-21 16:50:34,674] {processor.py:161} INFO - Processing /Users/abhaymone/src/dev/sand/MANAGE-GMAIL/venv/lib/python3.9/site-packages/airflow/example_dags/example_branch_operator_decorator.py took 0.109 seconds
[2022-08-21 16:51:32,330] {processor.py:153} INFO - Started process (PID=4781) to work on /Users/abhaymone/src/dev/sand/MANAGE-GMAIL/venv/lib/python3.9/site-packages/airflow/example_dags/example_branch_operator_decorator.py
[2022-08-21 16:51:32,336] {processor.py:641} INFO - Processing file /Users/abhaymone/src/dev/sand/MANAGE-GMAIL/venv/lib/python3.9/site-packages/airflow/example_dags/example_branch_operator_decorator.py for tasks to queue
[2022-08-21 16:51:32,337] {logging_mixin.py:115} INFO - [2022-08-21 16:51:32,337] {dagbag.py:508} INFO - Filling up the DagBag from /Users/abhaymone/src/dev/sand/MANAGE-GMAIL/venv/lib/python3.9/site-packages/airflow/example_dags/example_branch_operator_decorator.py
[2022-08-21 16:51:32,370] {processor.py:651} INFO - DAG(s) dict_keys(['example_branch_python_operator_decorator']) retrieved from /Users/abhaymone/src/dev/sand/MANAGE-GMAIL/venv/lib/python3.9/site-packages/airflow/example_dags/example_branch_operator_decorator.py
[2022-08-21 16:51:32,418] {logging_mixin.py:115} INFO - [2022-08-21 16:51:32,418] {dag.py:2420} INFO - Sync 1 DAGs
[2022-08-21 16:51:32,430] {logging_mixin.py:115} INFO - [2022-08-21 16:51:32,430] {dag.py:2968} INFO - Setting next_dagrun for example_branch_python_operator_decorator to 2022-08-20T00:00:00+00:00, run_after=2022-08-21T00:00:00+00:00
[2022-08-21 16:51:32,440] {processor.py:161} INFO - Processing /Users/abhaymone/src/dev/sand/MANAGE-GMAIL/venv/lib/python3.9/site-packages/airflow/example_dags/example_branch_operator_decorator.py took 0.110 seconds
[2022-08-21 16:52:30,014] {processor.py:153} INFO - Started process (PID=5005) to work on /Users/abhaymone/src/dev/sand/MANAGE-GMAIL/venv/lib/python3.9/site-packages/airflow/example_dags/example_branch_operator_decorator.py
[2022-08-21 16:52:30,014] {processor.py:641} INFO - Processing file /Users/abhaymone/src/dev/sand/MANAGE-GMAIL/venv/lib/python3.9/site-packages/airflow/example_dags/example_branch_operator_decorator.py for tasks to queue
[2022-08-21 16:52:30,015] {logging_mixin.py:115} INFO - [2022-08-21 16:52:30,015] {dagbag.py:508} INFO - Filling up the DagBag from /Users/abhaymone/src/dev/sand/MANAGE-GMAIL/venv/lib/python3.9/site-packages/airflow/example_dags/example_branch_operator_decorator.py
[2022-08-21 16:52:30,041] {processor.py:651} INFO - DAG(s) dict_keys(['example_branch_python_operator_decorator']) retrieved from /Users/abhaymone/src/dev/sand/MANAGE-GMAIL/venv/lib/python3.9/site-packages/airflow/example_dags/example_branch_operator_decorator.py
[2022-08-21 16:52:30,089] {logging_mixin.py:115} INFO - [2022-08-21 16:52:30,089] {dag.py:2420} INFO - Sync 1 DAGs
[2022-08-21 16:52:30,101] {logging_mixin.py:115} INFO - [2022-08-21 16:52:30,101] {dag.py:2968} INFO - Setting next_dagrun for example_branch_python_operator_decorator to 2022-08-20T00:00:00+00:00, run_after=2022-08-21T00:00:00+00:00
[2022-08-21 16:52:30,117] {processor.py:161} INFO - Processing /Users/abhaymone/src/dev/sand/MANAGE-GMAIL/venv/lib/python3.9/site-packages/airflow/example_dags/example_branch_operator_decorator.py took 0.103 seconds
[2022-08-21 16:53:31,889] {processor.py:153} INFO - Started process (PID=5135) to work on /Users/abhaymone/src/dev/sand/MANAGE-GMAIL/venv/lib/python3.9/site-packages/airflow/example_dags/example_branch_operator_decorator.py
[2022-08-21 16:53:31,889] {processor.py:641} INFO - Processing file /Users/abhaymone/src/dev/sand/MANAGE-GMAIL/venv/lib/python3.9/site-packages/airflow/example_dags/example_branch_operator_decorator.py for tasks to queue
[2022-08-21 16:53:31,889] {logging_mixin.py:115} INFO - [2022-08-21 16:53:31,889] {dagbag.py:508} INFO - Filling up the DagBag from /Users/abhaymone/src/dev/sand/MANAGE-GMAIL/venv/lib/python3.9/site-packages/airflow/example_dags/example_branch_operator_decorator.py
[2022-08-21 16:53:31,918] {processor.py:651} INFO - DAG(s) dict_keys(['example_branch_python_operator_decorator']) retrieved from /Users/abhaymone/src/dev/sand/MANAGE-GMAIL/venv/lib/python3.9/site-packages/airflow/example_dags/example_branch_operator_decorator.py
[2022-08-21 16:53:31,968] {logging_mixin.py:115} INFO - [2022-08-21 16:53:31,968] {dag.py:2420} INFO - Sync 1 DAGs
[2022-08-21 16:53:31,980] {logging_mixin.py:115} INFO - [2022-08-21 16:53:31,980] {dag.py:2968} INFO - Setting next_dagrun for example_branch_python_operator_decorator to 2022-08-20T00:00:00+00:00, run_after=2022-08-21T00:00:00+00:00
[2022-08-21 16:53:31,988] {processor.py:161} INFO - Processing /Users/abhaymone/src/dev/sand/MANAGE-GMAIL/venv/lib/python3.9/site-packages/airflow/example_dags/example_branch_operator_decorator.py took 0.100 seconds
[2022-08-21 16:54:32,171] {processor.py:153} INFO - Started process (PID=5185) to work on /Users/abhaymone/src/dev/sand/MANAGE-GMAIL/venv/lib/python3.9/site-packages/airflow/example_dags/example_branch_operator_decorator.py
[2022-08-21 16:54:32,171] {processor.py:641} INFO - Processing file /Users/abhaymone/src/dev/sand/MANAGE-GMAIL/venv/lib/python3.9/site-packages/airflow/example_dags/example_branch_operator_decorator.py for tasks to queue
[2022-08-21 16:54:32,171] {logging_mixin.py:115} INFO - [2022-08-21 16:54:32,171] {dagbag.py:508} INFO - Filling up the DagBag from /Users/abhaymone/src/dev/sand/MANAGE-GMAIL/venv/lib/python3.9/site-packages/airflow/example_dags/example_branch_operator_decorator.py
[2022-08-21 16:54:32,197] {processor.py:651} INFO - DAG(s) dict_keys(['example_branch_python_operator_decorator']) retrieved from /Users/abhaymone/src/dev/sand/MANAGE-GMAIL/venv/lib/python3.9/site-packages/airflow/example_dags/example_branch_operator_decorator.py
[2022-08-21 16:54:32,247] {logging_mixin.py:115} INFO - [2022-08-21 16:54:32,247] {dag.py:2420} INFO - Sync 1 DAGs
[2022-08-21 16:54:32,258] {logging_mixin.py:115} INFO - [2022-08-21 16:54:32,258] {dag.py:2968} INFO - Setting next_dagrun for example_branch_python_operator_decorator to 2022-08-20T00:00:00+00:00, run_after=2022-08-21T00:00:00+00:00
[2022-08-21 16:54:32,274] {processor.py:161} INFO - Processing /Users/abhaymone/src/dev/sand/MANAGE-GMAIL/venv/lib/python3.9/site-packages/airflow/example_dags/example_branch_operator_decorator.py took 0.104 seconds
