[2022-08-21 16:14:45,664] {processor.py:153} INFO - Started process (PID=3374) to work on /Users/abhaymone/src/dev/sand/MANAGE-GMAIL/venv/lib/python3.9/site-packages/airflow/example_dags/example_nested_branch_dag.py
[2022-08-21 16:14:45,665] {processor.py:641} INFO - Processing file /Users/abhaymone/src/dev/sand/MANAGE-GMAIL/venv/lib/python3.9/site-packages/airflow/example_dags/example_nested_branch_dag.py for tasks to queue
[2022-08-21 16:14:45,665] {logging_mixin.py:115} INFO - [2022-08-21 16:14:45,665] {dagbag.py:508} INFO - Filling up the DagBag from /Users/abhaymone/src/dev/sand/MANAGE-GMAIL/venv/lib/python3.9/site-packages/airflow/example_dags/example_nested_branch_dag.py
[2022-08-21 16:14:45,701] {processor.py:651} INFO - DAG(s) dict_keys(['example_nested_branch_dag']) retrieved from /Users/abhaymone/src/dev/sand/MANAGE-GMAIL/venv/lib/python3.9/site-packages/airflow/example_dags/example_nested_branch_dag.py
[2022-08-21 16:14:46,543] {logging_mixin.py:115} INFO - [2022-08-21 16:14:46,543] {manager.py:508} INFO - Created Permission View: can read on DAG:example_nested_branch_dag
[2022-08-21 16:14:46,552] {logging_mixin.py:115} INFO - [2022-08-21 16:14:46,551] {manager.py:508} INFO - Created Permission View: can edit on DAG:example_nested_branch_dag
[2022-08-21 16:14:46,558] {logging_mixin.py:115} INFO - [2022-08-21 16:14:46,558] {manager.py:508} INFO - Created Permission View: can delete on DAG:example_nested_branch_dag
[2022-08-21 16:14:46,559] {logging_mixin.py:115} INFO - [2022-08-21 16:14:46,559] {dag.py:2420} INFO - Sync 1 DAGs
[2022-08-21 16:14:46,565] {logging_mixin.py:115} INFO - [2022-08-21 16:14:46,565] {dag.py:2439} INFO - Creating ORM DAG for example_nested_branch_dag
[2022-08-21 16:14:46,575] {logging_mixin.py:115} INFO - [2022-08-21 16:14:46,575] {dag.py:2968} INFO - Setting next_dagrun for example_nested_branch_dag to 2022-08-20T00:00:00+00:00, run_after=2022-08-21T00:00:00+00:00
[2022-08-21 16:14:46,589] {processor.py:161} INFO - Processing /Users/abhaymone/src/dev/sand/MANAGE-GMAIL/venv/lib/python3.9/site-packages/airflow/example_dags/example_nested_branch_dag.py took 0.925 seconds
[2022-08-21 16:15:55,353] {processor.py:153} INFO - Started process (PID=3429) to work on /Users/abhaymone/src/dev/sand/MANAGE-GMAIL/venv/lib/python3.9/site-packages/airflow/example_dags/example_nested_branch_dag.py
[2022-08-21 16:15:55,359] {processor.py:641} INFO - Processing file /Users/abhaymone/src/dev/sand/MANAGE-GMAIL/venv/lib/python3.9/site-packages/airflow/example_dags/example_nested_branch_dag.py for tasks to queue
[2022-08-21 16:15:55,360] {logging_mixin.py:115} INFO - [2022-08-21 16:15:55,359] {dagbag.py:508} INFO - Filling up the DagBag from /Users/abhaymone/src/dev/sand/MANAGE-GMAIL/venv/lib/python3.9/site-packages/airflow/example_dags/example_nested_branch_dag.py
[2022-08-21 16:15:55,387] {processor.py:651} INFO - DAG(s) dict_keys(['example_nested_branch_dag']) retrieved from /Users/abhaymone/src/dev/sand/MANAGE-GMAIL/venv/lib/python3.9/site-packages/airflow/example_dags/example_nested_branch_dag.py
[2022-08-21 16:15:55,438] {logging_mixin.py:115} INFO - [2022-08-21 16:15:55,438] {dag.py:2420} INFO - Sync 1 DAGs
[2022-08-21 16:15:55,449] {logging_mixin.py:115} INFO - [2022-08-21 16:15:55,449] {dag.py:2968} INFO - Setting next_dagrun for example_nested_branch_dag to 2022-08-20T00:00:00+00:00, run_after=2022-08-21T00:00:00+00:00
[2022-08-21 16:15:55,461] {processor.py:161} INFO - Processing /Users/abhaymone/src/dev/sand/MANAGE-GMAIL/venv/lib/python3.9/site-packages/airflow/example_dags/example_nested_branch_dag.py took 0.108 seconds
[2022-08-21 16:16:54,054] {processor.py:153} INFO - Started process (PID=3465) to work on /Users/abhaymone/src/dev/sand/MANAGE-GMAIL/venv/lib/python3.9/site-packages/airflow/example_dags/example_nested_branch_dag.py
[2022-08-21 16:16:54,054] {processor.py:641} INFO - Processing file /Users/abhaymone/src/dev/sand/MANAGE-GMAIL/venv/lib/python3.9/site-packages/airflow/example_dags/example_nested_branch_dag.py for tasks to queue
[2022-08-21 16:16:54,055] {logging_mixin.py:115} INFO - [2022-08-21 16:16:54,054] {dagbag.py:508} INFO - Filling up the DagBag from /Users/abhaymone/src/dev/sand/MANAGE-GMAIL/venv/lib/python3.9/site-packages/airflow/example_dags/example_nested_branch_dag.py
[2022-08-21 16:16:54,075] {processor.py:651} INFO - DAG(s) dict_keys(['example_nested_branch_dag']) retrieved from /Users/abhaymone/src/dev/sand/MANAGE-GMAIL/venv/lib/python3.9/site-packages/airflow/example_dags/example_nested_branch_dag.py
[2022-08-21 16:16:54,122] {logging_mixin.py:115} INFO - [2022-08-21 16:16:54,122] {dag.py:2420} INFO - Sync 1 DAGs
[2022-08-21 16:16:54,133] {logging_mixin.py:115} INFO - [2022-08-21 16:16:54,133] {dag.py:2968} INFO - Setting next_dagrun for example_nested_branch_dag to 2022-08-20T00:00:00+00:00, run_after=2022-08-21T00:00:00+00:00
[2022-08-21 16:16:54,149] {processor.py:161} INFO - Processing /Users/abhaymone/src/dev/sand/MANAGE-GMAIL/venv/lib/python3.9/site-packages/airflow/example_dags/example_nested_branch_dag.py took 0.096 seconds
[2022-08-21 16:28:32,655] {processor.py:153} INFO - Started process (PID=3555) to work on /Users/abhaymone/src/dev/sand/MANAGE-GMAIL/venv/lib/python3.9/site-packages/airflow/example_dags/example_nested_branch_dag.py
[2022-08-21 16:28:32,661] {processor.py:641} INFO - Processing file /Users/abhaymone/src/dev/sand/MANAGE-GMAIL/venv/lib/python3.9/site-packages/airflow/example_dags/example_nested_branch_dag.py for tasks to queue
[2022-08-21 16:28:32,662] {logging_mixin.py:115} INFO - [2022-08-21 16:28:32,661] {dagbag.py:508} INFO - Filling up the DagBag from /Users/abhaymone/src/dev/sand/MANAGE-GMAIL/venv/lib/python3.9/site-packages/airflow/example_dags/example_nested_branch_dag.py
[2022-08-21 16:28:32,689] {processor.py:651} INFO - DAG(s) dict_keys(['example_nested_branch_dag']) retrieved from /Users/abhaymone/src/dev/sand/MANAGE-GMAIL/venv/lib/python3.9/site-packages/airflow/example_dags/example_nested_branch_dag.py
[2022-08-21 16:28:32,737] {logging_mixin.py:115} INFO - [2022-08-21 16:28:32,737] {dag.py:2420} INFO - Sync 1 DAGs
[2022-08-21 16:28:32,749] {logging_mixin.py:115} INFO - [2022-08-21 16:28:32,749] {dag.py:2968} INFO - Setting next_dagrun for example_nested_branch_dag to 2022-08-20T00:00:00+00:00, run_after=2022-08-21T00:00:00+00:00
[2022-08-21 16:28:32,760] {processor.py:161} INFO - Processing /Users/abhaymone/src/dev/sand/MANAGE-GMAIL/venv/lib/python3.9/site-packages/airflow/example_dags/example_nested_branch_dag.py took 0.106 seconds
[2022-08-21 16:29:30,651] {processor.py:153} INFO - Started process (PID=3593) to work on /Users/abhaymone/src/dev/sand/MANAGE-GMAIL/venv/lib/python3.9/site-packages/airflow/example_dags/example_nested_branch_dag.py
[2022-08-21 16:29:30,651] {processor.py:641} INFO - Processing file /Users/abhaymone/src/dev/sand/MANAGE-GMAIL/venv/lib/python3.9/site-packages/airflow/example_dags/example_nested_branch_dag.py for tasks to queue
[2022-08-21 16:29:30,651] {logging_mixin.py:115} INFO - [2022-08-21 16:29:30,651] {dagbag.py:508} INFO - Filling up the DagBag from /Users/abhaymone/src/dev/sand/MANAGE-GMAIL/venv/lib/python3.9/site-packages/airflow/example_dags/example_nested_branch_dag.py
[2022-08-21 16:29:30,672] {processor.py:651} INFO - DAG(s) dict_keys(['example_nested_branch_dag']) retrieved from /Users/abhaymone/src/dev/sand/MANAGE-GMAIL/venv/lib/python3.9/site-packages/airflow/example_dags/example_nested_branch_dag.py
[2022-08-21 16:29:30,718] {logging_mixin.py:115} INFO - [2022-08-21 16:29:30,718] {dag.py:2420} INFO - Sync 1 DAGs
[2022-08-21 16:29:30,730] {logging_mixin.py:115} INFO - [2022-08-21 16:29:30,730] {dag.py:2968} INFO - Setting next_dagrun for example_nested_branch_dag to 2022-08-20T00:00:00+00:00, run_after=2022-08-21T00:00:00+00:00
[2022-08-21 16:29:30,746] {processor.py:161} INFO - Processing /Users/abhaymone/src/dev/sand/MANAGE-GMAIL/venv/lib/python3.9/site-packages/airflow/example_dags/example_nested_branch_dag.py took 0.096 seconds
[2022-08-21 16:30:27,074] {processor.py:153} INFO - Started process (PID=3629) to work on /Users/abhaymone/src/dev/sand/MANAGE-GMAIL/venv/lib/python3.9/site-packages/airflow/example_dags/example_nested_branch_dag.py
[2022-08-21 16:30:27,074] {processor.py:641} INFO - Processing file /Users/abhaymone/src/dev/sand/MANAGE-GMAIL/venv/lib/python3.9/site-packages/airflow/example_dags/example_nested_branch_dag.py for tasks to queue
[2022-08-21 16:30:27,074] {logging_mixin.py:115} INFO - [2022-08-21 16:30:27,074] {dagbag.py:508} INFO - Filling up the DagBag from /Users/abhaymone/src/dev/sand/MANAGE-GMAIL/venv/lib/python3.9/site-packages/airflow/example_dags/example_nested_branch_dag.py
[2022-08-21 16:30:27,095] {processor.py:651} INFO - DAG(s) dict_keys(['example_nested_branch_dag']) retrieved from /Users/abhaymone/src/dev/sand/MANAGE-GMAIL/venv/lib/python3.9/site-packages/airflow/example_dags/example_nested_branch_dag.py
[2022-08-21 16:30:27,143] {logging_mixin.py:115} INFO - [2022-08-21 16:30:27,142] {dag.py:2420} INFO - Sync 1 DAGs
[2022-08-21 16:30:27,154] {logging_mixin.py:115} INFO - [2022-08-21 16:30:27,154] {dag.py:2968} INFO - Setting next_dagrun for example_nested_branch_dag to 2022-08-20T00:00:00+00:00, run_after=2022-08-21T00:00:00+00:00
[2022-08-21 16:30:27,171] {processor.py:161} INFO - Processing /Users/abhaymone/src/dev/sand/MANAGE-GMAIL/venv/lib/python3.9/site-packages/airflow/example_dags/example_nested_branch_dag.py took 0.098 seconds
[2022-08-21 16:31:37,390] {processor.py:153} INFO - Started process (PID=3667) to work on /Users/abhaymone/src/dev/sand/MANAGE-GMAIL/venv/lib/python3.9/site-packages/airflow/example_dags/example_nested_branch_dag.py
[2022-08-21 16:31:37,395] {processor.py:641} INFO - Processing file /Users/abhaymone/src/dev/sand/MANAGE-GMAIL/venv/lib/python3.9/site-packages/airflow/example_dags/example_nested_branch_dag.py for tasks to queue
[2022-08-21 16:31:37,396] {logging_mixin.py:115} INFO - [2022-08-21 16:31:37,396] {dagbag.py:508} INFO - Filling up the DagBag from /Users/abhaymone/src/dev/sand/MANAGE-GMAIL/venv/lib/python3.9/site-packages/airflow/example_dags/example_nested_branch_dag.py
[2022-08-21 16:31:37,423] {processor.py:651} INFO - DAG(s) dict_keys(['example_nested_branch_dag']) retrieved from /Users/abhaymone/src/dev/sand/MANAGE-GMAIL/venv/lib/python3.9/site-packages/airflow/example_dags/example_nested_branch_dag.py
[2022-08-21 16:31:37,472] {logging_mixin.py:115} INFO - [2022-08-21 16:31:37,472] {dag.py:2420} INFO - Sync 1 DAGs
[2022-08-21 16:31:37,483] {logging_mixin.py:115} INFO - [2022-08-21 16:31:37,483] {dag.py:2968} INFO - Setting next_dagrun for example_nested_branch_dag to 2022-08-20T00:00:00+00:00, run_after=2022-08-21T00:00:00+00:00
[2022-08-21 16:31:37,495] {processor.py:161} INFO - Processing /Users/abhaymone/src/dev/sand/MANAGE-GMAIL/venv/lib/python3.9/site-packages/airflow/example_dags/example_nested_branch_dag.py took 0.106 seconds
[2022-08-21 16:32:37,419] {processor.py:153} INFO - Started process (PID=3710) to work on /Users/abhaymone/src/dev/sand/MANAGE-GMAIL/venv/lib/python3.9/site-packages/airflow/example_dags/example_nested_branch_dag.py
[2022-08-21 16:32:37,424] {processor.py:641} INFO - Processing file /Users/abhaymone/src/dev/sand/MANAGE-GMAIL/venv/lib/python3.9/site-packages/airflow/example_dags/example_nested_branch_dag.py for tasks to queue
[2022-08-21 16:32:37,425] {logging_mixin.py:115} INFO - [2022-08-21 16:32:37,425] {dagbag.py:508} INFO - Filling up the DagBag from /Users/abhaymone/src/dev/sand/MANAGE-GMAIL/venv/lib/python3.9/site-packages/airflow/example_dags/example_nested_branch_dag.py
[2022-08-21 16:32:37,453] {processor.py:651} INFO - DAG(s) dict_keys(['example_nested_branch_dag']) retrieved from /Users/abhaymone/src/dev/sand/MANAGE-GMAIL/venv/lib/python3.9/site-packages/airflow/example_dags/example_nested_branch_dag.py
[2022-08-21 16:32:37,506] {logging_mixin.py:115} INFO - [2022-08-21 16:32:37,506] {dag.py:2420} INFO - Sync 1 DAGs
[2022-08-21 16:32:37,520] {logging_mixin.py:115} INFO - [2022-08-21 16:32:37,520] {dag.py:2968} INFO - Setting next_dagrun for example_nested_branch_dag to 2022-08-20T00:00:00+00:00, run_after=2022-08-21T00:00:00+00:00
[2022-08-21 16:32:37,533] {processor.py:161} INFO - Processing /Users/abhaymone/src/dev/sand/MANAGE-GMAIL/venv/lib/python3.9/site-packages/airflow/example_dags/example_nested_branch_dag.py took 0.114 seconds
[2022-08-21 16:33:36,212] {processor.py:153} INFO - Started process (PID=3745) to work on /Users/abhaymone/src/dev/sand/MANAGE-GMAIL/venv/lib/python3.9/site-packages/airflow/example_dags/example_nested_branch_dag.py
[2022-08-21 16:33:36,218] {processor.py:641} INFO - Processing file /Users/abhaymone/src/dev/sand/MANAGE-GMAIL/venv/lib/python3.9/site-packages/airflow/example_dags/example_nested_branch_dag.py for tasks to queue
[2022-08-21 16:33:36,219] {logging_mixin.py:115} INFO - [2022-08-21 16:33:36,219] {dagbag.py:508} INFO - Filling up the DagBag from /Users/abhaymone/src/dev/sand/MANAGE-GMAIL/venv/lib/python3.9/site-packages/airflow/example_dags/example_nested_branch_dag.py
[2022-08-21 16:33:36,245] {processor.py:651} INFO - DAG(s) dict_keys(['example_nested_branch_dag']) retrieved from /Users/abhaymone/src/dev/sand/MANAGE-GMAIL/venv/lib/python3.9/site-packages/airflow/example_dags/example_nested_branch_dag.py
[2022-08-21 16:33:36,297] {logging_mixin.py:115} INFO - [2022-08-21 16:33:36,297] {dag.py:2420} INFO - Sync 1 DAGs
[2022-08-21 16:33:36,310] {logging_mixin.py:115} INFO - [2022-08-21 16:33:36,310] {dag.py:2968} INFO - Setting next_dagrun for example_nested_branch_dag to 2022-08-20T00:00:00+00:00, run_after=2022-08-21T00:00:00+00:00
[2022-08-21 16:33:36,321] {processor.py:161} INFO - Processing /Users/abhaymone/src/dev/sand/MANAGE-GMAIL/venv/lib/python3.9/site-packages/airflow/example_dags/example_nested_branch_dag.py took 0.109 seconds
[2022-08-21 16:34:35,899] {processor.py:153} INFO - Started process (PID=3782) to work on /Users/abhaymone/src/dev/sand/MANAGE-GMAIL/venv/lib/python3.9/site-packages/airflow/example_dags/example_nested_branch_dag.py
[2022-08-21 16:34:35,905] {processor.py:641} INFO - Processing file /Users/abhaymone/src/dev/sand/MANAGE-GMAIL/venv/lib/python3.9/site-packages/airflow/example_dags/example_nested_branch_dag.py for tasks to queue
[2022-08-21 16:34:35,905] {logging_mixin.py:115} INFO - [2022-08-21 16:34:35,905] {dagbag.py:508} INFO - Filling up the DagBag from /Users/abhaymone/src/dev/sand/MANAGE-GMAIL/venv/lib/python3.9/site-packages/airflow/example_dags/example_nested_branch_dag.py
[2022-08-21 16:34:35,932] {processor.py:651} INFO - DAG(s) dict_keys(['example_nested_branch_dag']) retrieved from /Users/abhaymone/src/dev/sand/MANAGE-GMAIL/venv/lib/python3.9/site-packages/airflow/example_dags/example_nested_branch_dag.py
[2022-08-21 16:34:35,985] {logging_mixin.py:115} INFO - [2022-08-21 16:34:35,985] {dag.py:2420} INFO - Sync 1 DAGs
[2022-08-21 16:34:35,997] {logging_mixin.py:115} INFO - [2022-08-21 16:34:35,997] {dag.py:2968} INFO - Setting next_dagrun for example_nested_branch_dag to 2022-08-20T00:00:00+00:00, run_after=2022-08-21T00:00:00+00:00
[2022-08-21 16:34:36,007] {processor.py:161} INFO - Processing /Users/abhaymone/src/dev/sand/MANAGE-GMAIL/venv/lib/python3.9/site-packages/airflow/example_dags/example_nested_branch_dag.py took 0.109 seconds
[2022-08-21 16:35:34,485] {processor.py:153} INFO - Started process (PID=3818) to work on /Users/abhaymone/src/dev/sand/MANAGE-GMAIL/venv/lib/python3.9/site-packages/airflow/example_dags/example_nested_branch_dag.py
[2022-08-21 16:35:34,491] {processor.py:641} INFO - Processing file /Users/abhaymone/src/dev/sand/MANAGE-GMAIL/venv/lib/python3.9/site-packages/airflow/example_dags/example_nested_branch_dag.py for tasks to queue
[2022-08-21 16:35:34,491] {logging_mixin.py:115} INFO - [2022-08-21 16:35:34,491] {dagbag.py:508} INFO - Filling up the DagBag from /Users/abhaymone/src/dev/sand/MANAGE-GMAIL/venv/lib/python3.9/site-packages/airflow/example_dags/example_nested_branch_dag.py
[2022-08-21 16:35:34,517] {processor.py:651} INFO - DAG(s) dict_keys(['example_nested_branch_dag']) retrieved from /Users/abhaymone/src/dev/sand/MANAGE-GMAIL/venv/lib/python3.9/site-packages/airflow/example_dags/example_nested_branch_dag.py
[2022-08-21 16:35:34,566] {logging_mixin.py:115} INFO - [2022-08-21 16:35:34,566] {dag.py:2420} INFO - Sync 1 DAGs
[2022-08-21 16:35:34,578] {logging_mixin.py:115} INFO - [2022-08-21 16:35:34,578] {dag.py:2968} INFO - Setting next_dagrun for example_nested_branch_dag to 2022-08-20T00:00:00+00:00, run_after=2022-08-21T00:00:00+00:00
[2022-08-21 16:35:34,588] {processor.py:161} INFO - Processing /Users/abhaymone/src/dev/sand/MANAGE-GMAIL/venv/lib/python3.9/site-packages/airflow/example_dags/example_nested_branch_dag.py took 0.104 seconds
[2022-08-21 16:36:38,494] {processor.py:153} INFO - Started process (PID=3859) to work on /Users/abhaymone/src/dev/sand/MANAGE-GMAIL/venv/lib/python3.9/site-packages/airflow/example_dags/example_nested_branch_dag.py
[2022-08-21 16:36:38,500] {processor.py:641} INFO - Processing file /Users/abhaymone/src/dev/sand/MANAGE-GMAIL/venv/lib/python3.9/site-packages/airflow/example_dags/example_nested_branch_dag.py for tasks to queue
[2022-08-21 16:36:38,501] {logging_mixin.py:115} INFO - [2022-08-21 16:36:38,501] {dagbag.py:508} INFO - Filling up the DagBag from /Users/abhaymone/src/dev/sand/MANAGE-GMAIL/venv/lib/python3.9/site-packages/airflow/example_dags/example_nested_branch_dag.py
[2022-08-21 16:36:38,528] {processor.py:651} INFO - DAG(s) dict_keys(['example_nested_branch_dag']) retrieved from /Users/abhaymone/src/dev/sand/MANAGE-GMAIL/venv/lib/python3.9/site-packages/airflow/example_dags/example_nested_branch_dag.py
[2022-08-21 16:36:38,576] {logging_mixin.py:115} INFO - [2022-08-21 16:36:38,576] {dag.py:2420} INFO - Sync 1 DAGs
[2022-08-21 16:36:38,588] {logging_mixin.py:115} INFO - [2022-08-21 16:36:38,588] {dag.py:2968} INFO - Setting next_dagrun for example_nested_branch_dag to 2022-08-20T00:00:00+00:00, run_after=2022-08-21T00:00:00+00:00
[2022-08-21 16:36:38,599] {processor.py:161} INFO - Processing /Users/abhaymone/src/dev/sand/MANAGE-GMAIL/venv/lib/python3.9/site-packages/airflow/example_dags/example_nested_branch_dag.py took 0.105 seconds
[2022-08-21 16:37:38,340] {processor.py:153} INFO - Started process (PID=3894) to work on /Users/abhaymone/src/dev/sand/MANAGE-GMAIL/venv/lib/python3.9/site-packages/airflow/example_dags/example_nested_branch_dag.py
[2022-08-21 16:37:38,340] {processor.py:641} INFO - Processing file /Users/abhaymone/src/dev/sand/MANAGE-GMAIL/venv/lib/python3.9/site-packages/airflow/example_dags/example_nested_branch_dag.py for tasks to queue
[2022-08-21 16:37:38,340] {logging_mixin.py:115} INFO - [2022-08-21 16:37:38,340] {dagbag.py:508} INFO - Filling up the DagBag from /Users/abhaymone/src/dev/sand/MANAGE-GMAIL/venv/lib/python3.9/site-packages/airflow/example_dags/example_nested_branch_dag.py
[2022-08-21 16:37:38,364] {processor.py:651} INFO - DAG(s) dict_keys(['example_nested_branch_dag']) retrieved from /Users/abhaymone/src/dev/sand/MANAGE-GMAIL/venv/lib/python3.9/site-packages/airflow/example_dags/example_nested_branch_dag.py
[2022-08-21 16:37:38,420] {logging_mixin.py:115} INFO - [2022-08-21 16:37:38,420] {dag.py:2420} INFO - Sync 1 DAGs
[2022-08-21 16:37:38,433] {logging_mixin.py:115} INFO - [2022-08-21 16:37:38,433] {dag.py:2968} INFO - Setting next_dagrun for example_nested_branch_dag to 2022-08-20T00:00:00+00:00, run_after=2022-08-21T00:00:00+00:00
[2022-08-21 16:37:38,448] {processor.py:161} INFO - Processing /Users/abhaymone/src/dev/sand/MANAGE-GMAIL/venv/lib/python3.9/site-packages/airflow/example_dags/example_nested_branch_dag.py took 0.109 seconds
[2022-08-21 16:38:36,210] {processor.py:153} INFO - Started process (PID=3928) to work on /Users/abhaymone/src/dev/sand/MANAGE-GMAIL/venv/lib/python3.9/site-packages/airflow/example_dags/example_nested_branch_dag.py
[2022-08-21 16:38:36,213] {processor.py:641} INFO - Processing file /Users/abhaymone/src/dev/sand/MANAGE-GMAIL/venv/lib/python3.9/site-packages/airflow/example_dags/example_nested_branch_dag.py for tasks to queue
[2022-08-21 16:38:36,213] {logging_mixin.py:115} INFO - [2022-08-21 16:38:36,213] {dagbag.py:508} INFO - Filling up the DagBag from /Users/abhaymone/src/dev/sand/MANAGE-GMAIL/venv/lib/python3.9/site-packages/airflow/example_dags/example_nested_branch_dag.py
[2022-08-21 16:38:36,240] {processor.py:651} INFO - DAG(s) dict_keys(['example_nested_branch_dag']) retrieved from /Users/abhaymone/src/dev/sand/MANAGE-GMAIL/venv/lib/python3.9/site-packages/airflow/example_dags/example_nested_branch_dag.py
[2022-08-21 16:38:36,406] {logging_mixin.py:115} INFO - [2022-08-21 16:38:36,406] {dag.py:2420} INFO - Sync 1 DAGs
[2022-08-21 16:38:36,419] {logging_mixin.py:115} INFO - [2022-08-21 16:38:36,419] {dag.py:2968} INFO - Setting next_dagrun for example_nested_branch_dag to 2022-08-20T00:00:00+00:00, run_after=2022-08-21T00:00:00+00:00
[2022-08-21 16:38:36,437] {processor.py:161} INFO - Processing /Users/abhaymone/src/dev/sand/MANAGE-GMAIL/venv/lib/python3.9/site-packages/airflow/example_dags/example_nested_branch_dag.py took 0.227 seconds
[2022-08-21 16:39:39,076] {processor.py:153} INFO - Started process (PID=3967) to work on /Users/abhaymone/src/dev/sand/MANAGE-GMAIL/venv/lib/python3.9/site-packages/airflow/example_dags/example_nested_branch_dag.py
[2022-08-21 16:39:39,076] {processor.py:641} INFO - Processing file /Users/abhaymone/src/dev/sand/MANAGE-GMAIL/venv/lib/python3.9/site-packages/airflow/example_dags/example_nested_branch_dag.py for tasks to queue
[2022-08-21 16:39:39,076] {logging_mixin.py:115} INFO - [2022-08-21 16:39:39,076] {dagbag.py:508} INFO - Filling up the DagBag from /Users/abhaymone/src/dev/sand/MANAGE-GMAIL/venv/lib/python3.9/site-packages/airflow/example_dags/example_nested_branch_dag.py
[2022-08-21 16:39:39,100] {processor.py:651} INFO - DAG(s) dict_keys(['example_nested_branch_dag']) retrieved from /Users/abhaymone/src/dev/sand/MANAGE-GMAIL/venv/lib/python3.9/site-packages/airflow/example_dags/example_nested_branch_dag.py
[2022-08-21 16:39:39,154] {logging_mixin.py:115} INFO - [2022-08-21 16:39:39,154] {dag.py:2420} INFO - Sync 1 DAGs
[2022-08-21 16:39:39,167] {logging_mixin.py:115} INFO - [2022-08-21 16:39:39,167] {dag.py:2968} INFO - Setting next_dagrun for example_nested_branch_dag to 2022-08-20T00:00:00+00:00, run_after=2022-08-21T00:00:00+00:00
[2022-08-21 16:39:39,182] {processor.py:161} INFO - Processing /Users/abhaymone/src/dev/sand/MANAGE-GMAIL/venv/lib/python3.9/site-packages/airflow/example_dags/example_nested_branch_dag.py took 0.107 seconds
[2022-08-21 16:40:39,746] {processor.py:153} INFO - Started process (PID=4001) to work on /Users/abhaymone/src/dev/sand/MANAGE-GMAIL/venv/lib/python3.9/site-packages/airflow/example_dags/example_nested_branch_dag.py
[2022-08-21 16:40:39,752] {processor.py:641} INFO - Processing file /Users/abhaymone/src/dev/sand/MANAGE-GMAIL/venv/lib/python3.9/site-packages/airflow/example_dags/example_nested_branch_dag.py for tasks to queue
[2022-08-21 16:40:39,752] {logging_mixin.py:115} INFO - [2022-08-21 16:40:39,752] {dagbag.py:508} INFO - Filling up the DagBag from /Users/abhaymone/src/dev/sand/MANAGE-GMAIL/venv/lib/python3.9/site-packages/airflow/example_dags/example_nested_branch_dag.py
[2022-08-21 16:40:39,791] {processor.py:651} INFO - DAG(s) dict_keys(['example_nested_branch_dag']) retrieved from /Users/abhaymone/src/dev/sand/MANAGE-GMAIL/venv/lib/python3.9/site-packages/airflow/example_dags/example_nested_branch_dag.py
[2022-08-21 16:40:39,862] {logging_mixin.py:115} INFO - [2022-08-21 16:40:39,862] {dag.py:2420} INFO - Sync 1 DAGs
[2022-08-21 16:40:39,892] {logging_mixin.py:115} INFO - [2022-08-21 16:40:39,892] {dag.py:2968} INFO - Setting next_dagrun for example_nested_branch_dag to 2022-08-20T00:00:00+00:00, run_after=2022-08-21T00:00:00+00:00
[2022-08-21 16:40:39,923] {processor.py:161} INFO - Processing /Users/abhaymone/src/dev/sand/MANAGE-GMAIL/venv/lib/python3.9/site-packages/airflow/example_dags/example_nested_branch_dag.py took 0.178 seconds
[2022-08-21 16:41:42,521] {processor.py:153} INFO - Started process (PID=4040) to work on /Users/abhaymone/src/dev/sand/MANAGE-GMAIL/venv/lib/python3.9/site-packages/airflow/example_dags/example_nested_branch_dag.py
[2022-08-21 16:41:42,521] {processor.py:641} INFO - Processing file /Users/abhaymone/src/dev/sand/MANAGE-GMAIL/venv/lib/python3.9/site-packages/airflow/example_dags/example_nested_branch_dag.py for tasks to queue
[2022-08-21 16:41:42,522] {logging_mixin.py:115} INFO - [2022-08-21 16:41:42,522] {dagbag.py:508} INFO - Filling up the DagBag from /Users/abhaymone/src/dev/sand/MANAGE-GMAIL/venv/lib/python3.9/site-packages/airflow/example_dags/example_nested_branch_dag.py
[2022-08-21 16:41:42,544] {processor.py:651} INFO - DAG(s) dict_keys(['example_nested_branch_dag']) retrieved from /Users/abhaymone/src/dev/sand/MANAGE-GMAIL/venv/lib/python3.9/site-packages/airflow/example_dags/example_nested_branch_dag.py
[2022-08-21 16:41:42,595] {logging_mixin.py:115} INFO - [2022-08-21 16:41:42,595] {dag.py:2420} INFO - Sync 1 DAGs
[2022-08-21 16:41:42,608] {logging_mixin.py:115} INFO - [2022-08-21 16:41:42,608] {dag.py:2968} INFO - Setting next_dagrun for example_nested_branch_dag to 2022-08-20T00:00:00+00:00, run_after=2022-08-21T00:00:00+00:00
[2022-08-21 16:41:42,625] {processor.py:161} INFO - Processing /Users/abhaymone/src/dev/sand/MANAGE-GMAIL/venv/lib/python3.9/site-packages/airflow/example_dags/example_nested_branch_dag.py took 0.104 seconds
[2022-08-21 16:42:43,602] {processor.py:153} INFO - Started process (PID=4077) to work on /Users/abhaymone/src/dev/sand/MANAGE-GMAIL/venv/lib/python3.9/site-packages/airflow/example_dags/example_nested_branch_dag.py
[2022-08-21 16:42:43,602] {processor.py:641} INFO - Processing file /Users/abhaymone/src/dev/sand/MANAGE-GMAIL/venv/lib/python3.9/site-packages/airflow/example_dags/example_nested_branch_dag.py for tasks to queue
[2022-08-21 16:42:43,602] {logging_mixin.py:115} INFO - [2022-08-21 16:42:43,602] {dagbag.py:508} INFO - Filling up the DagBag from /Users/abhaymone/src/dev/sand/MANAGE-GMAIL/venv/lib/python3.9/site-packages/airflow/example_dags/example_nested_branch_dag.py
[2022-08-21 16:42:43,629] {processor.py:651} INFO - DAG(s) dict_keys(['example_nested_branch_dag']) retrieved from /Users/abhaymone/src/dev/sand/MANAGE-GMAIL/venv/lib/python3.9/site-packages/airflow/example_dags/example_nested_branch_dag.py
[2022-08-21 16:42:43,688] {logging_mixin.py:115} INFO - [2022-08-21 16:42:43,688] {dag.py:2420} INFO - Sync 1 DAGs
[2022-08-21 16:42:43,704] {logging_mixin.py:115} INFO - [2022-08-21 16:42:43,704] {dag.py:2968} INFO - Setting next_dagrun for example_nested_branch_dag to 2022-08-20T00:00:00+00:00, run_after=2022-08-21T00:00:00+00:00
[2022-08-21 16:42:43,722] {processor.py:161} INFO - Processing /Users/abhaymone/src/dev/sand/MANAGE-GMAIL/venv/lib/python3.9/site-packages/airflow/example_dags/example_nested_branch_dag.py took 0.121 seconds
[2022-08-21 16:43:48,353] {processor.py:153} INFO - Started process (PID=4160) to work on /Users/abhaymone/src/dev/sand/MANAGE-GMAIL/venv/lib/python3.9/site-packages/airflow/example_dags/example_nested_branch_dag.py
[2022-08-21 16:43:48,359] {processor.py:641} INFO - Processing file /Users/abhaymone/src/dev/sand/MANAGE-GMAIL/venv/lib/python3.9/site-packages/airflow/example_dags/example_nested_branch_dag.py for tasks to queue
[2022-08-21 16:43:48,360] {logging_mixin.py:115} INFO - [2022-08-21 16:43:48,359] {dagbag.py:508} INFO - Filling up the DagBag from /Users/abhaymone/src/dev/sand/MANAGE-GMAIL/venv/lib/python3.9/site-packages/airflow/example_dags/example_nested_branch_dag.py
[2022-08-21 16:43:48,390] {processor.py:651} INFO - DAG(s) dict_keys(['example_nested_branch_dag']) retrieved from /Users/abhaymone/src/dev/sand/MANAGE-GMAIL/venv/lib/python3.9/site-packages/airflow/example_dags/example_nested_branch_dag.py
[2022-08-21 16:43:48,441] {logging_mixin.py:115} INFO - [2022-08-21 16:43:48,441] {dag.py:2420} INFO - Sync 1 DAGs
[2022-08-21 16:43:48,453] {logging_mixin.py:115} INFO - [2022-08-21 16:43:48,453] {dag.py:2968} INFO - Setting next_dagrun for example_nested_branch_dag to 2022-08-20T00:00:00+00:00, run_after=2022-08-21T00:00:00+00:00
[2022-08-21 16:43:48,464] {processor.py:161} INFO - Processing /Users/abhaymone/src/dev/sand/MANAGE-GMAIL/venv/lib/python3.9/site-packages/airflow/example_dags/example_nested_branch_dag.py took 0.111 seconds
[2022-08-21 16:44:52,497] {processor.py:153} INFO - Started process (PID=4268) to work on /Users/abhaymone/src/dev/sand/MANAGE-GMAIL/venv/lib/python3.9/site-packages/airflow/example_dags/example_nested_branch_dag.py
[2022-08-21 16:44:52,503] {processor.py:641} INFO - Processing file /Users/abhaymone/src/dev/sand/MANAGE-GMAIL/venv/lib/python3.9/site-packages/airflow/example_dags/example_nested_branch_dag.py for tasks to queue
[2022-08-21 16:44:52,504] {logging_mixin.py:115} INFO - [2022-08-21 16:44:52,504] {dagbag.py:508} INFO - Filling up the DagBag from /Users/abhaymone/src/dev/sand/MANAGE-GMAIL/venv/lib/python3.9/site-packages/airflow/example_dags/example_nested_branch_dag.py
[2022-08-21 16:44:52,540] {processor.py:651} INFO - DAG(s) dict_keys(['example_nested_branch_dag']) retrieved from /Users/abhaymone/src/dev/sand/MANAGE-GMAIL/venv/lib/python3.9/site-packages/airflow/example_dags/example_nested_branch_dag.py
[2022-08-21 16:44:52,594] {logging_mixin.py:115} INFO - [2022-08-21 16:44:52,594] {dag.py:2420} INFO - Sync 1 DAGs
[2022-08-21 16:44:52,606] {logging_mixin.py:115} INFO - [2022-08-21 16:44:52,606] {dag.py:2968} INFO - Setting next_dagrun for example_nested_branch_dag to 2022-08-20T00:00:00+00:00, run_after=2022-08-21T00:00:00+00:00
[2022-08-21 16:44:52,625] {processor.py:161} INFO - Processing /Users/abhaymone/src/dev/sand/MANAGE-GMAIL/venv/lib/python3.9/site-packages/airflow/example_dags/example_nested_branch_dag.py took 0.128 seconds
[2022-08-21 16:45:48,443] {processor.py:153} INFO - Started process (PID=4378) to work on /Users/abhaymone/src/dev/sand/MANAGE-GMAIL/venv/lib/python3.9/site-packages/airflow/example_dags/example_nested_branch_dag.py
[2022-08-21 16:45:48,443] {processor.py:641} INFO - Processing file /Users/abhaymone/src/dev/sand/MANAGE-GMAIL/venv/lib/python3.9/site-packages/airflow/example_dags/example_nested_branch_dag.py for tasks to queue
[2022-08-21 16:45:48,444] {logging_mixin.py:115} INFO - [2022-08-21 16:45:48,443] {dagbag.py:508} INFO - Filling up the DagBag from /Users/abhaymone/src/dev/sand/MANAGE-GMAIL/venv/lib/python3.9/site-packages/airflow/example_dags/example_nested_branch_dag.py
[2022-08-21 16:45:48,470] {processor.py:651} INFO - DAG(s) dict_keys(['example_nested_branch_dag']) retrieved from /Users/abhaymone/src/dev/sand/MANAGE-GMAIL/venv/lib/python3.9/site-packages/airflow/example_dags/example_nested_branch_dag.py
[2022-08-21 16:45:48,532] {logging_mixin.py:115} INFO - [2022-08-21 16:45:48,532] {dag.py:2420} INFO - Sync 1 DAGs
[2022-08-21 16:45:48,547] {logging_mixin.py:115} INFO - [2022-08-21 16:45:48,547] {dag.py:2968} INFO - Setting next_dagrun for example_nested_branch_dag to 2022-08-20T00:00:00+00:00, run_after=2022-08-21T00:00:00+00:00
[2022-08-21 16:45:48,565] {processor.py:161} INFO - Processing /Users/abhaymone/src/dev/sand/MANAGE-GMAIL/venv/lib/python3.9/site-packages/airflow/example_dags/example_nested_branch_dag.py took 0.123 seconds
[2022-08-21 16:46:44,938] {processor.py:153} INFO - Started process (PID=4490) to work on /Users/abhaymone/src/dev/sand/MANAGE-GMAIL/venv/lib/python3.9/site-packages/airflow/example_dags/example_nested_branch_dag.py
[2022-08-21 16:46:44,944] {processor.py:641} INFO - Processing file /Users/abhaymone/src/dev/sand/MANAGE-GMAIL/venv/lib/python3.9/site-packages/airflow/example_dags/example_nested_branch_dag.py for tasks to queue
[2022-08-21 16:46:44,945] {logging_mixin.py:115} INFO - [2022-08-21 16:46:44,945] {dagbag.py:508} INFO - Filling up the DagBag from /Users/abhaymone/src/dev/sand/MANAGE-GMAIL/venv/lib/python3.9/site-packages/airflow/example_dags/example_nested_branch_dag.py
[2022-08-21 16:46:44,974] {processor.py:651} INFO - DAG(s) dict_keys(['example_nested_branch_dag']) retrieved from /Users/abhaymone/src/dev/sand/MANAGE-GMAIL/venv/lib/python3.9/site-packages/airflow/example_dags/example_nested_branch_dag.py
[2022-08-21 16:46:45,025] {logging_mixin.py:115} INFO - [2022-08-21 16:46:45,025] {dag.py:2420} INFO - Sync 1 DAGs
[2022-08-21 16:46:45,037] {logging_mixin.py:115} INFO - [2022-08-21 16:46:45,037] {dag.py:2968} INFO - Setting next_dagrun for example_nested_branch_dag to 2022-08-20T00:00:00+00:00, run_after=2022-08-21T00:00:00+00:00
[2022-08-21 16:46:45,047] {processor.py:161} INFO - Processing /Users/abhaymone/src/dev/sand/MANAGE-GMAIL/venv/lib/python3.9/site-packages/airflow/example_dags/example_nested_branch_dag.py took 0.109 seconds
[2022-08-21 16:47:46,638] {processor.py:153} INFO - Started process (PID=4563) to work on /Users/abhaymone/src/dev/sand/MANAGE-GMAIL/venv/lib/python3.9/site-packages/airflow/example_dags/example_nested_branch_dag.py
[2022-08-21 16:47:46,645] {processor.py:641} INFO - Processing file /Users/abhaymone/src/dev/sand/MANAGE-GMAIL/venv/lib/python3.9/site-packages/airflow/example_dags/example_nested_branch_dag.py for tasks to queue
[2022-08-21 16:47:46,645] {logging_mixin.py:115} INFO - [2022-08-21 16:47:46,645] {dagbag.py:508} INFO - Filling up the DagBag from /Users/abhaymone/src/dev/sand/MANAGE-GMAIL/venv/lib/python3.9/site-packages/airflow/example_dags/example_nested_branch_dag.py
[2022-08-21 16:47:46,680] {processor.py:651} INFO - DAG(s) dict_keys(['example_nested_branch_dag']) retrieved from /Users/abhaymone/src/dev/sand/MANAGE-GMAIL/venv/lib/python3.9/site-packages/airflow/example_dags/example_nested_branch_dag.py
[2022-08-21 16:47:46,745] {logging_mixin.py:115} INFO - [2022-08-21 16:47:46,744] {dag.py:2420} INFO - Sync 1 DAGs
[2022-08-21 16:47:46,759] {logging_mixin.py:115} INFO - [2022-08-21 16:47:46,759] {dag.py:2968} INFO - Setting next_dagrun for example_nested_branch_dag to 2022-08-20T00:00:00+00:00, run_after=2022-08-21T00:00:00+00:00
[2022-08-21 16:47:46,774] {processor.py:161} INFO - Processing /Users/abhaymone/src/dev/sand/MANAGE-GMAIL/venv/lib/python3.9/site-packages/airflow/example_dags/example_nested_branch_dag.py took 0.136 seconds
[2022-08-21 16:48:55,444] {processor.py:153} INFO - Started process (PID=4613) to work on /Users/abhaymone/src/dev/sand/MANAGE-GMAIL/venv/lib/python3.9/site-packages/airflow/example_dags/example_nested_branch_dag.py
[2022-08-21 16:48:55,447] {processor.py:641} INFO - Processing file /Users/abhaymone/src/dev/sand/MANAGE-GMAIL/venv/lib/python3.9/site-packages/airflow/example_dags/example_nested_branch_dag.py for tasks to queue
[2022-08-21 16:48:55,447] {logging_mixin.py:115} INFO - [2022-08-21 16:48:55,447] {dagbag.py:508} INFO - Filling up the DagBag from /Users/abhaymone/src/dev/sand/MANAGE-GMAIL/venv/lib/python3.9/site-packages/airflow/example_dags/example_nested_branch_dag.py
[2022-08-21 16:48:55,479] {processor.py:651} INFO - DAG(s) dict_keys(['example_nested_branch_dag']) retrieved from /Users/abhaymone/src/dev/sand/MANAGE-GMAIL/venv/lib/python3.9/site-packages/airflow/example_dags/example_nested_branch_dag.py
[2022-08-21 16:48:55,527] {logging_mixin.py:115} INFO - [2022-08-21 16:48:55,527] {dag.py:2420} INFO - Sync 1 DAGs
[2022-08-21 16:48:55,539] {logging_mixin.py:115} INFO - [2022-08-21 16:48:55,539] {dag.py:2968} INFO - Setting next_dagrun for example_nested_branch_dag to 2022-08-20T00:00:00+00:00, run_after=2022-08-21T00:00:00+00:00
[2022-08-21 16:48:55,551] {processor.py:161} INFO - Processing /Users/abhaymone/src/dev/sand/MANAGE-GMAIL/venv/lib/python3.9/site-packages/airflow/example_dags/example_nested_branch_dag.py took 0.107 seconds
[2022-08-21 16:49:56,319] {processor.py:153} INFO - Started process (PID=4653) to work on /Users/abhaymone/src/dev/sand/MANAGE-GMAIL/venv/lib/python3.9/site-packages/airflow/example_dags/example_nested_branch_dag.py
[2022-08-21 16:49:56,325] {processor.py:641} INFO - Processing file /Users/abhaymone/src/dev/sand/MANAGE-GMAIL/venv/lib/python3.9/site-packages/airflow/example_dags/example_nested_branch_dag.py for tasks to queue
[2022-08-21 16:49:56,326] {logging_mixin.py:115} INFO - [2022-08-21 16:49:56,326] {dagbag.py:508} INFO - Filling up the DagBag from /Users/abhaymone/src/dev/sand/MANAGE-GMAIL/venv/lib/python3.9/site-packages/airflow/example_dags/example_nested_branch_dag.py
[2022-08-21 16:49:56,367] {processor.py:651} INFO - DAG(s) dict_keys(['example_nested_branch_dag']) retrieved from /Users/abhaymone/src/dev/sand/MANAGE-GMAIL/venv/lib/python3.9/site-packages/airflow/example_dags/example_nested_branch_dag.py
[2022-08-21 16:49:56,439] {logging_mixin.py:115} INFO - [2022-08-21 16:49:56,439] {dag.py:2420} INFO - Sync 1 DAGs
[2022-08-21 16:49:56,457] {logging_mixin.py:115} INFO - [2022-08-21 16:49:56,457] {dag.py:2968} INFO - Setting next_dagrun for example_nested_branch_dag to 2022-08-20T00:00:00+00:00, run_after=2022-08-21T00:00:00+00:00
[2022-08-21 16:49:56,472] {processor.py:161} INFO - Processing /Users/abhaymone/src/dev/sand/MANAGE-GMAIL/venv/lib/python3.9/site-packages/airflow/example_dags/example_nested_branch_dag.py took 0.153 seconds
[2022-08-21 16:50:59,014] {processor.py:153} INFO - Started process (PID=4718) to work on /Users/abhaymone/src/dev/sand/MANAGE-GMAIL/venv/lib/python3.9/site-packages/airflow/example_dags/example_nested_branch_dag.py
[2022-08-21 16:50:59,020] {processor.py:641} INFO - Processing file /Users/abhaymone/src/dev/sand/MANAGE-GMAIL/venv/lib/python3.9/site-packages/airflow/example_dags/example_nested_branch_dag.py for tasks to queue
[2022-08-21 16:50:59,021] {logging_mixin.py:115} INFO - [2022-08-21 16:50:59,021] {dagbag.py:508} INFO - Filling up the DagBag from /Users/abhaymone/src/dev/sand/MANAGE-GMAIL/venv/lib/python3.9/site-packages/airflow/example_dags/example_nested_branch_dag.py
[2022-08-21 16:50:59,048] {processor.py:651} INFO - DAG(s) dict_keys(['example_nested_branch_dag']) retrieved from /Users/abhaymone/src/dev/sand/MANAGE-GMAIL/venv/lib/python3.9/site-packages/airflow/example_dags/example_nested_branch_dag.py
[2022-08-21 16:50:59,098] {logging_mixin.py:115} INFO - [2022-08-21 16:50:59,098] {dag.py:2420} INFO - Sync 1 DAGs
[2022-08-21 16:50:59,112] {logging_mixin.py:115} INFO - [2022-08-21 16:50:59,112] {dag.py:2968} INFO - Setting next_dagrun for example_nested_branch_dag to 2022-08-20T00:00:00+00:00, run_after=2022-08-21T00:00:00+00:00
[2022-08-21 16:50:59,122] {processor.py:161} INFO - Processing /Users/abhaymone/src/dev/sand/MANAGE-GMAIL/venv/lib/python3.9/site-packages/airflow/example_dags/example_nested_branch_dag.py took 0.109 seconds
[2022-08-21 16:51:56,992] {processor.py:153} INFO - Started process (PID=4828) to work on /Users/abhaymone/src/dev/sand/MANAGE-GMAIL/venv/lib/python3.9/site-packages/airflow/example_dags/example_nested_branch_dag.py
[2022-08-21 16:51:56,997] {processor.py:641} INFO - Processing file /Users/abhaymone/src/dev/sand/MANAGE-GMAIL/venv/lib/python3.9/site-packages/airflow/example_dags/example_nested_branch_dag.py for tasks to queue
[2022-08-21 16:51:56,998] {logging_mixin.py:115} INFO - [2022-08-21 16:51:56,998] {dagbag.py:508} INFO - Filling up the DagBag from /Users/abhaymone/src/dev/sand/MANAGE-GMAIL/venv/lib/python3.9/site-packages/airflow/example_dags/example_nested_branch_dag.py
[2022-08-21 16:51:57,033] {processor.py:651} INFO - DAG(s) dict_keys(['example_nested_branch_dag']) retrieved from /Users/abhaymone/src/dev/sand/MANAGE-GMAIL/venv/lib/python3.9/site-packages/airflow/example_dags/example_nested_branch_dag.py
[2022-08-21 16:51:57,110] {logging_mixin.py:115} INFO - [2022-08-21 16:51:57,110] {dag.py:2420} INFO - Sync 1 DAGs
[2022-08-21 16:51:57,126] {logging_mixin.py:115} INFO - [2022-08-21 16:51:57,126] {dag.py:2968} INFO - Setting next_dagrun for example_nested_branch_dag to 2022-08-20T00:00:00+00:00, run_after=2022-08-21T00:00:00+00:00
[2022-08-21 16:51:57,135] {processor.py:161} INFO - Processing /Users/abhaymone/src/dev/sand/MANAGE-GMAIL/venv/lib/python3.9/site-packages/airflow/example_dags/example_nested_branch_dag.py took 0.144 seconds
[2022-08-21 16:52:56,002] {processor.py:153} INFO - Started process (PID=5072) to work on /Users/abhaymone/src/dev/sand/MANAGE-GMAIL/venv/lib/python3.9/site-packages/airflow/example_dags/example_nested_branch_dag.py
[2022-08-21 16:52:56,002] {processor.py:641} INFO - Processing file /Users/abhaymone/src/dev/sand/MANAGE-GMAIL/venv/lib/python3.9/site-packages/airflow/example_dags/example_nested_branch_dag.py for tasks to queue
[2022-08-21 16:52:56,002] {logging_mixin.py:115} INFO - [2022-08-21 16:52:56,002] {dagbag.py:508} INFO - Filling up the DagBag from /Users/abhaymone/src/dev/sand/MANAGE-GMAIL/venv/lib/python3.9/site-packages/airflow/example_dags/example_nested_branch_dag.py
[2022-08-21 16:52:56,024] {processor.py:651} INFO - DAG(s) dict_keys(['example_nested_branch_dag']) retrieved from /Users/abhaymone/src/dev/sand/MANAGE-GMAIL/venv/lib/python3.9/site-packages/airflow/example_dags/example_nested_branch_dag.py
[2022-08-21 16:52:56,072] {logging_mixin.py:115} INFO - [2022-08-21 16:52:56,072] {dag.py:2420} INFO - Sync 1 DAGs
[2022-08-21 16:52:56,084] {logging_mixin.py:115} INFO - [2022-08-21 16:52:56,084] {dag.py:2968} INFO - Setting next_dagrun for example_nested_branch_dag to 2022-08-20T00:00:00+00:00, run_after=2022-08-21T00:00:00+00:00
[2022-08-21 16:52:56,095] {processor.py:161} INFO - Processing /Users/abhaymone/src/dev/sand/MANAGE-GMAIL/venv/lib/python3.9/site-packages/airflow/example_dags/example_nested_branch_dag.py took 0.093 seconds
[2022-08-21 16:54:01,739] {processor.py:153} INFO - Started process (PID=5158) to work on /Users/abhaymone/src/dev/sand/MANAGE-GMAIL/venv/lib/python3.9/site-packages/airflow/example_dags/example_nested_branch_dag.py
[2022-08-21 16:54:01,739] {processor.py:641} INFO - Processing file /Users/abhaymone/src/dev/sand/MANAGE-GMAIL/venv/lib/python3.9/site-packages/airflow/example_dags/example_nested_branch_dag.py for tasks to queue
[2022-08-21 16:54:01,740] {logging_mixin.py:115} INFO - [2022-08-21 16:54:01,739] {dagbag.py:508} INFO - Filling up the DagBag from /Users/abhaymone/src/dev/sand/MANAGE-GMAIL/venv/lib/python3.9/site-packages/airflow/example_dags/example_nested_branch_dag.py
[2022-08-21 16:54:01,760] {processor.py:651} INFO - DAG(s) dict_keys(['example_nested_branch_dag']) retrieved from /Users/abhaymone/src/dev/sand/MANAGE-GMAIL/venv/lib/python3.9/site-packages/airflow/example_dags/example_nested_branch_dag.py
[2022-08-21 16:54:01,815] {logging_mixin.py:115} INFO - [2022-08-21 16:54:01,815] {dag.py:2420} INFO - Sync 1 DAGs
[2022-08-21 16:54:01,829] {logging_mixin.py:115} INFO - [2022-08-21 16:54:01,829] {dag.py:2968} INFO - Setting next_dagrun for example_nested_branch_dag to 2022-08-20T00:00:00+00:00, run_after=2022-08-21T00:00:00+00:00
[2022-08-21 16:54:01,846] {processor.py:161} INFO - Processing /Users/abhaymone/src/dev/sand/MANAGE-GMAIL/venv/lib/python3.9/site-packages/airflow/example_dags/example_nested_branch_dag.py took 0.108 seconds
[2022-08-21 16:55:02,927] {processor.py:153} INFO - Started process (PID=5216) to work on /Users/abhaymone/src/dev/sand/MANAGE-GMAIL/venv/lib/python3.9/site-packages/airflow/example_dags/example_nested_branch_dag.py
[2022-08-21 16:55:02,930] {processor.py:641} INFO - Processing file /Users/abhaymone/src/dev/sand/MANAGE-GMAIL/venv/lib/python3.9/site-packages/airflow/example_dags/example_nested_branch_dag.py for tasks to queue
[2022-08-21 16:55:02,933] {logging_mixin.py:115} INFO - [2022-08-21 16:55:02,933] {dagbag.py:508} INFO - Filling up the DagBag from /Users/abhaymone/src/dev/sand/MANAGE-GMAIL/venv/lib/python3.9/site-packages/airflow/example_dags/example_nested_branch_dag.py
[2022-08-21 16:55:02,990] {processor.py:651} INFO - DAG(s) dict_keys(['example_nested_branch_dag']) retrieved from /Users/abhaymone/src/dev/sand/MANAGE-GMAIL/venv/lib/python3.9/site-packages/airflow/example_dags/example_nested_branch_dag.py
[2022-08-21 16:55:03,160] {logging_mixin.py:115} INFO - [2022-08-21 16:55:03,160] {dag.py:2420} INFO - Sync 1 DAGs
[2022-08-21 16:55:03,183] {logging_mixin.py:115} INFO - [2022-08-21 16:55:03,183] {dag.py:2968} INFO - Setting next_dagrun for example_nested_branch_dag to 2022-08-20T00:00:00+00:00, run_after=2022-08-21T00:00:00+00:00
[2022-08-21 16:55:03,200] {processor.py:161} INFO - Processing /Users/abhaymone/src/dev/sand/MANAGE-GMAIL/venv/lib/python3.9/site-packages/airflow/example_dags/example_nested_branch_dag.py took 0.274 seconds
