[2022-08-21 16:14:22,174] {processor.py:153} INFO - Started process (PID=3356) to work on /Users/abhaymone/src/dev/sand/MANAGE-GMAIL/venv/lib/python3.9/site-packages/airflow/example_dags/example_task_group_decorator.py
[2022-08-21 16:14:22,175] {processor.py:641} INFO - Processing file /Users/abhaymone/src/dev/sand/MANAGE-GMAIL/venv/lib/python3.9/site-packages/airflow/example_dags/example_task_group_decorator.py for tasks to queue
[2022-08-21 16:14:22,175] {logging_mixin.py:115} INFO - [2022-08-21 16:14:22,175] {dagbag.py:508} INFO - Filling up the DagBag from /Users/abhaymone/src/dev/sand/MANAGE-GMAIL/venv/lib/python3.9/site-packages/airflow/example_dags/example_task_group_decorator.py
[2022-08-21 16:14:22,218] {processor.py:651} INFO - DAG(s) dict_keys(['example_task_group_decorator']) retrieved from /Users/abhaymone/src/dev/sand/MANAGE-GMAIL/venv/lib/python3.9/site-packages/airflow/example_dags/example_task_group_decorator.py
[2022-08-21 16:14:23,559] {logging_mixin.py:115} INFO - [2022-08-21 16:14:23,559] {manager.py:508} INFO - Created Permission View: can delete on DAG:example_task_group_decorator
[2022-08-21 16:14:23,579] {logging_mixin.py:115} INFO - [2022-08-21 16:14:23,579] {manager.py:508} INFO - Created Permission View: can edit on DAG:example_task_group_decorator
[2022-08-21 16:14:23,589] {logging_mixin.py:115} INFO - [2022-08-21 16:14:23,588] {manager.py:508} INFO - Created Permission View: can read on DAG:example_task_group_decorator
[2022-08-21 16:14:23,589] {logging_mixin.py:115} INFO - [2022-08-21 16:14:23,589] {dag.py:2420} INFO - Sync 1 DAGs
[2022-08-21 16:14:23,599] {logging_mixin.py:115} INFO - [2022-08-21 16:14:23,599] {dag.py:2439} INFO - Creating ORM DAG for example_task_group_decorator
[2022-08-21 16:14:23,611] {logging_mixin.py:115} INFO - [2022-08-21 16:14:23,611] {dag.py:2968} INFO - Setting next_dagrun for example_task_group_decorator to 2022-08-20T20:14:23.611610+00:00, run_after=2022-08-21T20:14:23.611610+00:00
[2022-08-21 16:14:23,627] {processor.py:161} INFO - Processing /Users/abhaymone/src/dev/sand/MANAGE-GMAIL/venv/lib/python3.9/site-packages/airflow/example_dags/example_task_group_decorator.py took 1.453 seconds
[2022-08-21 16:15:43,100] {processor.py:153} INFO - Started process (PID=3421) to work on /Users/abhaymone/src/dev/sand/MANAGE-GMAIL/venv/lib/python3.9/site-packages/airflow/example_dags/example_task_group_decorator.py
[2022-08-21 16:15:43,105] {processor.py:641} INFO - Processing file /Users/abhaymone/src/dev/sand/MANAGE-GMAIL/venv/lib/python3.9/site-packages/airflow/example_dags/example_task_group_decorator.py for tasks to queue
[2022-08-21 16:15:43,106] {logging_mixin.py:115} INFO - [2022-08-21 16:15:43,106] {dagbag.py:508} INFO - Filling up the DagBag from /Users/abhaymone/src/dev/sand/MANAGE-GMAIL/venv/lib/python3.9/site-packages/airflow/example_dags/example_task_group_decorator.py
[2022-08-21 16:15:43,141] {processor.py:651} INFO - DAG(s) dict_keys(['example_task_group_decorator']) retrieved from /Users/abhaymone/src/dev/sand/MANAGE-GMAIL/venv/lib/python3.9/site-packages/airflow/example_dags/example_task_group_decorator.py
[2022-08-21 16:15:43,582] {logging_mixin.py:115} INFO - [2022-08-21 16:15:43,581] {dag.py:2420} INFO - Sync 1 DAGs
[2022-08-21 16:15:43,593] {logging_mixin.py:115} INFO - [2022-08-21 16:15:43,593] {dag.py:2968} INFO - Setting next_dagrun for example_task_group_decorator to 2022-08-20T20:15:43.592946+00:00, run_after=2022-08-21T20:15:43.592946+00:00
[2022-08-21 16:15:43,611] {processor.py:161} INFO - Processing /Users/abhaymone/src/dev/sand/MANAGE-GMAIL/venv/lib/python3.9/site-packages/airflow/example_dags/example_task_group_decorator.py took 0.512 seconds
[2022-08-21 16:16:39,843] {processor.py:153} INFO - Started process (PID=3455) to work on /Users/abhaymone/src/dev/sand/MANAGE-GMAIL/venv/lib/python3.9/site-packages/airflow/example_dags/example_task_group_decorator.py
[2022-08-21 16:16:39,843] {processor.py:641} INFO - Processing file /Users/abhaymone/src/dev/sand/MANAGE-GMAIL/venv/lib/python3.9/site-packages/airflow/example_dags/example_task_group_decorator.py for tasks to queue
[2022-08-21 16:16:39,843] {logging_mixin.py:115} INFO - [2022-08-21 16:16:39,843] {dagbag.py:508} INFO - Filling up the DagBag from /Users/abhaymone/src/dev/sand/MANAGE-GMAIL/venv/lib/python3.9/site-packages/airflow/example_dags/example_task_group_decorator.py
[2022-08-21 16:16:39,874] {processor.py:651} INFO - DAG(s) dict_keys(['example_task_group_decorator']) retrieved from /Users/abhaymone/src/dev/sand/MANAGE-GMAIL/venv/lib/python3.9/site-packages/airflow/example_dags/example_task_group_decorator.py
[2022-08-21 16:16:40,311] {logging_mixin.py:115} INFO - [2022-08-21 16:16:40,311] {dag.py:2420} INFO - Sync 1 DAGs
[2022-08-21 16:16:40,322] {logging_mixin.py:115} INFO - [2022-08-21 16:16:40,322] {dag.py:2968} INFO - Setting next_dagrun for example_task_group_decorator to 2022-08-20T20:16:40.322480+00:00, run_after=2022-08-21T20:16:40.322480+00:00
[2022-08-21 16:16:40,336] {processor.py:161} INFO - Processing /Users/abhaymone/src/dev/sand/MANAGE-GMAIL/venv/lib/python3.9/site-packages/airflow/example_dags/example_task_group_decorator.py took 0.494 seconds
[2022-08-21 16:17:36,067] {processor.py:153} INFO - Started process (PID=3490) to work on /Users/abhaymone/src/dev/sand/MANAGE-GMAIL/venv/lib/python3.9/site-packages/airflow/example_dags/example_task_group_decorator.py
[2022-08-21 16:17:36,069] {processor.py:641} INFO - Processing file /Users/abhaymone/src/dev/sand/MANAGE-GMAIL/venv/lib/python3.9/site-packages/airflow/example_dags/example_task_group_decorator.py for tasks to queue
[2022-08-21 16:17:36,069] {logging_mixin.py:115} INFO - [2022-08-21 16:17:36,069] {dagbag.py:508} INFO - Filling up the DagBag from /Users/abhaymone/src/dev/sand/MANAGE-GMAIL/venv/lib/python3.9/site-packages/airflow/example_dags/example_task_group_decorator.py
[2022-08-21 16:17:36,110] {processor.py:651} INFO - DAG(s) dict_keys(['example_task_group_decorator']) retrieved from /Users/abhaymone/src/dev/sand/MANAGE-GMAIL/venv/lib/python3.9/site-packages/airflow/example_dags/example_task_group_decorator.py
[2022-08-21 16:17:36,553] {logging_mixin.py:115} INFO - [2022-08-21 16:17:36,553] {dag.py:2420} INFO - Sync 1 DAGs
[2022-08-21 16:17:36,564] {logging_mixin.py:115} INFO - [2022-08-21 16:17:36,564] {dag.py:2968} INFO - Setting next_dagrun for example_task_group_decorator to 2022-08-20T20:17:36.564184+00:00, run_after=2022-08-21T20:17:36.564184+00:00
[2022-08-21 16:17:36,579] {processor.py:161} INFO - Processing /Users/abhaymone/src/dev/sand/MANAGE-GMAIL/venv/lib/python3.9/site-packages/airflow/example_dags/example_task_group_decorator.py took 0.512 seconds
[2022-08-21 16:28:21,129] {processor.py:153} INFO - Started process (PID=3548) to work on /Users/abhaymone/src/dev/sand/MANAGE-GMAIL/venv/lib/python3.9/site-packages/airflow/example_dags/example_task_group_decorator.py
[2022-08-21 16:28:21,135] {processor.py:641} INFO - Processing file /Users/abhaymone/src/dev/sand/MANAGE-GMAIL/venv/lib/python3.9/site-packages/airflow/example_dags/example_task_group_decorator.py for tasks to queue
[2022-08-21 16:28:21,136] {logging_mixin.py:115} INFO - [2022-08-21 16:28:21,136] {dagbag.py:508} INFO - Filling up the DagBag from /Users/abhaymone/src/dev/sand/MANAGE-GMAIL/venv/lib/python3.9/site-packages/airflow/example_dags/example_task_group_decorator.py
[2022-08-21 16:28:21,173] {processor.py:651} INFO - DAG(s) dict_keys(['example_task_group_decorator']) retrieved from /Users/abhaymone/src/dev/sand/MANAGE-GMAIL/venv/lib/python3.9/site-packages/airflow/example_dags/example_task_group_decorator.py
[2022-08-21 16:28:21,608] {logging_mixin.py:115} INFO - [2022-08-21 16:28:21,608] {dag.py:2420} INFO - Sync 1 DAGs
[2022-08-21 16:28:21,619] {logging_mixin.py:115} INFO - [2022-08-21 16:28:21,619] {dag.py:2968} INFO - Setting next_dagrun for example_task_group_decorator to 2022-08-20T20:28:21.619660+00:00, run_after=2022-08-21T20:28:21.619660+00:00
[2022-08-21 16:28:21,637] {processor.py:161} INFO - Processing /Users/abhaymone/src/dev/sand/MANAGE-GMAIL/venv/lib/python3.9/site-packages/airflow/example_dags/example_task_group_decorator.py took 0.508 seconds
[2022-08-21 16:29:14,883] {processor.py:153} INFO - Started process (PID=3583) to work on /Users/abhaymone/src/dev/sand/MANAGE-GMAIL/venv/lib/python3.9/site-packages/airflow/example_dags/example_task_group_decorator.py
[2022-08-21 16:29:14,883] {processor.py:641} INFO - Processing file /Users/abhaymone/src/dev/sand/MANAGE-GMAIL/venv/lib/python3.9/site-packages/airflow/example_dags/example_task_group_decorator.py for tasks to queue
[2022-08-21 16:29:14,883] {logging_mixin.py:115} INFO - [2022-08-21 16:29:14,883] {dagbag.py:508} INFO - Filling up the DagBag from /Users/abhaymone/src/dev/sand/MANAGE-GMAIL/venv/lib/python3.9/site-packages/airflow/example_dags/example_task_group_decorator.py
[2022-08-21 16:29:14,914] {processor.py:651} INFO - DAG(s) dict_keys(['example_task_group_decorator']) retrieved from /Users/abhaymone/src/dev/sand/MANAGE-GMAIL/venv/lib/python3.9/site-packages/airflow/example_dags/example_task_group_decorator.py
[2022-08-21 16:29:15,343] {logging_mixin.py:115} INFO - [2022-08-21 16:29:15,343] {dag.py:2420} INFO - Sync 1 DAGs
[2022-08-21 16:29:15,354] {logging_mixin.py:115} INFO - [2022-08-21 16:29:15,354] {dag.py:2968} INFO - Setting next_dagrun for example_task_group_decorator to 2022-08-20T20:29:15.354684+00:00, run_after=2022-08-21T20:29:15.354684+00:00
[2022-08-21 16:29:15,371] {processor.py:161} INFO - Processing /Users/abhaymone/src/dev/sand/MANAGE-GMAIL/venv/lib/python3.9/site-packages/airflow/example_dags/example_task_group_decorator.py took 0.489 seconds
[2022-08-21 16:30:09,045] {processor.py:153} INFO - Started process (PID=3619) to work on /Users/abhaymone/src/dev/sand/MANAGE-GMAIL/venv/lib/python3.9/site-packages/airflow/example_dags/example_task_group_decorator.py
[2022-08-21 16:30:09,045] {processor.py:641} INFO - Processing file /Users/abhaymone/src/dev/sand/MANAGE-GMAIL/venv/lib/python3.9/site-packages/airflow/example_dags/example_task_group_decorator.py for tasks to queue
[2022-08-21 16:30:09,045] {logging_mixin.py:115} INFO - [2022-08-21 16:30:09,045] {dagbag.py:508} INFO - Filling up the DagBag from /Users/abhaymone/src/dev/sand/MANAGE-GMAIL/venv/lib/python3.9/site-packages/airflow/example_dags/example_task_group_decorator.py
[2022-08-21 16:30:09,076] {processor.py:651} INFO - DAG(s) dict_keys(['example_task_group_decorator']) retrieved from /Users/abhaymone/src/dev/sand/MANAGE-GMAIL/venv/lib/python3.9/site-packages/airflow/example_dags/example_task_group_decorator.py
[2022-08-21 16:30:09,507] {logging_mixin.py:115} INFO - [2022-08-21 16:30:09,507] {dag.py:2420} INFO - Sync 1 DAGs
[2022-08-21 16:30:09,518] {logging_mixin.py:115} INFO - [2022-08-21 16:30:09,518] {dag.py:2968} INFO - Setting next_dagrun for example_task_group_decorator to 2022-08-20T20:30:09.518681+00:00, run_after=2022-08-21T20:30:09.518681+00:00
[2022-08-21 16:30:09,536] {processor.py:161} INFO - Processing /Users/abhaymone/src/dev/sand/MANAGE-GMAIL/venv/lib/python3.9/site-packages/airflow/example_dags/example_task_group_decorator.py took 0.491 seconds
[2022-08-21 16:31:10,726] {processor.py:153} INFO - Started process (PID=3651) to work on /Users/abhaymone/src/dev/sand/MANAGE-GMAIL/venv/lib/python3.9/site-packages/airflow/example_dags/example_task_group_decorator.py
[2022-08-21 16:31:10,731] {processor.py:641} INFO - Processing file /Users/abhaymone/src/dev/sand/MANAGE-GMAIL/venv/lib/python3.9/site-packages/airflow/example_dags/example_task_group_decorator.py for tasks to queue
[2022-08-21 16:31:10,732] {logging_mixin.py:115} INFO - [2022-08-21 16:31:10,732] {dagbag.py:508} INFO - Filling up the DagBag from /Users/abhaymone/src/dev/sand/MANAGE-GMAIL/venv/lib/python3.9/site-packages/airflow/example_dags/example_task_group_decorator.py
[2022-08-21 16:31:10,768] {processor.py:651} INFO - DAG(s) dict_keys(['example_task_group_decorator']) retrieved from /Users/abhaymone/src/dev/sand/MANAGE-GMAIL/venv/lib/python3.9/site-packages/airflow/example_dags/example_task_group_decorator.py
[2022-08-21 16:31:11,217] {logging_mixin.py:115} INFO - [2022-08-21 16:31:11,217] {dag.py:2420} INFO - Sync 1 DAGs
[2022-08-21 16:31:11,229] {logging_mixin.py:115} INFO - [2022-08-21 16:31:11,229] {dag.py:2968} INFO - Setting next_dagrun for example_task_group_decorator to 2022-08-20T20:31:11.229156+00:00, run_after=2022-08-21T20:31:11.229156+00:00
[2022-08-21 16:31:11,238] {processor.py:161} INFO - Processing /Users/abhaymone/src/dev/sand/MANAGE-GMAIL/venv/lib/python3.9/site-packages/airflow/example_dags/example_task_group_decorator.py took 0.513 seconds
[2022-08-21 16:32:16,324] {processor.py:153} INFO - Started process (PID=3697) to work on /Users/abhaymone/src/dev/sand/MANAGE-GMAIL/venv/lib/python3.9/site-packages/airflow/example_dags/example_task_group_decorator.py
[2022-08-21 16:32:16,330] {processor.py:641} INFO - Processing file /Users/abhaymone/src/dev/sand/MANAGE-GMAIL/venv/lib/python3.9/site-packages/airflow/example_dags/example_task_group_decorator.py for tasks to queue
[2022-08-21 16:32:16,330] {logging_mixin.py:115} INFO - [2022-08-21 16:32:16,330] {dagbag.py:508} INFO - Filling up the DagBag from /Users/abhaymone/src/dev/sand/MANAGE-GMAIL/venv/lib/python3.9/site-packages/airflow/example_dags/example_task_group_decorator.py
[2022-08-21 16:32:16,375] {processor.py:651} INFO - DAG(s) dict_keys(['example_task_group_decorator']) retrieved from /Users/abhaymone/src/dev/sand/MANAGE-GMAIL/venv/lib/python3.9/site-packages/airflow/example_dags/example_task_group_decorator.py
[2022-08-21 16:32:16,852] {logging_mixin.py:115} INFO - [2022-08-21 16:32:16,852] {dag.py:2420} INFO - Sync 1 DAGs
[2022-08-21 16:32:16,864] {logging_mixin.py:115} INFO - [2022-08-21 16:32:16,864] {dag.py:2968} INFO - Setting next_dagrun for example_task_group_decorator to 2022-08-20T20:32:16.863961+00:00, run_after=2022-08-21T20:32:16.863961+00:00
[2022-08-21 16:32:16,877] {processor.py:161} INFO - Processing /Users/abhaymone/src/dev/sand/MANAGE-GMAIL/venv/lib/python3.9/site-packages/airflow/example_dags/example_task_group_decorator.py took 0.553 seconds
[2022-08-21 16:33:13,844] {processor.py:153} INFO - Started process (PID=3732) to work on /Users/abhaymone/src/dev/sand/MANAGE-GMAIL/venv/lib/python3.9/site-packages/airflow/example_dags/example_task_group_decorator.py
[2022-08-21 16:33:13,850] {processor.py:641} INFO - Processing file /Users/abhaymone/src/dev/sand/MANAGE-GMAIL/venv/lib/python3.9/site-packages/airflow/example_dags/example_task_group_decorator.py for tasks to queue
[2022-08-21 16:33:13,850] {logging_mixin.py:115} INFO - [2022-08-21 16:33:13,850] {dagbag.py:508} INFO - Filling up the DagBag from /Users/abhaymone/src/dev/sand/MANAGE-GMAIL/venv/lib/python3.9/site-packages/airflow/example_dags/example_task_group_decorator.py
[2022-08-21 16:33:13,888] {processor.py:651} INFO - DAG(s) dict_keys(['example_task_group_decorator']) retrieved from /Users/abhaymone/src/dev/sand/MANAGE-GMAIL/venv/lib/python3.9/site-packages/airflow/example_dags/example_task_group_decorator.py
[2022-08-21 16:33:14,380] {logging_mixin.py:115} INFO - [2022-08-21 16:33:14,380] {dag.py:2420} INFO - Sync 1 DAGs
[2022-08-21 16:33:14,393] {logging_mixin.py:115} INFO - [2022-08-21 16:33:14,393] {dag.py:2968} INFO - Setting next_dagrun for example_task_group_decorator to 2022-08-20T20:33:14.393693+00:00, run_after=2022-08-21T20:33:14.393693+00:00
[2022-08-21 16:33:14,408] {processor.py:161} INFO - Processing /Users/abhaymone/src/dev/sand/MANAGE-GMAIL/venv/lib/python3.9/site-packages/airflow/example_dags/example_task_group_decorator.py took 0.564 seconds
[2022-08-21 16:34:15,423] {processor.py:153} INFO - Started process (PID=3770) to work on /Users/abhaymone/src/dev/sand/MANAGE-GMAIL/venv/lib/python3.9/site-packages/airflow/example_dags/example_task_group_decorator.py
[2022-08-21 16:34:15,429] {processor.py:641} INFO - Processing file /Users/abhaymone/src/dev/sand/MANAGE-GMAIL/venv/lib/python3.9/site-packages/airflow/example_dags/example_task_group_decorator.py for tasks to queue
[2022-08-21 16:34:15,429] {logging_mixin.py:115} INFO - [2022-08-21 16:34:15,429] {dagbag.py:508} INFO - Filling up the DagBag from /Users/abhaymone/src/dev/sand/MANAGE-GMAIL/venv/lib/python3.9/site-packages/airflow/example_dags/example_task_group_decorator.py
[2022-08-21 16:34:15,469] {processor.py:651} INFO - DAG(s) dict_keys(['example_task_group_decorator']) retrieved from /Users/abhaymone/src/dev/sand/MANAGE-GMAIL/venv/lib/python3.9/site-packages/airflow/example_dags/example_task_group_decorator.py
[2022-08-21 16:34:15,944] {logging_mixin.py:115} INFO - [2022-08-21 16:34:15,944] {dag.py:2420} INFO - Sync 1 DAGs
[2022-08-21 16:34:15,956] {logging_mixin.py:115} INFO - [2022-08-21 16:34:15,956] {dag.py:2968} INFO - Setting next_dagrun for example_task_group_decorator to 2022-08-20T20:34:15.956227+00:00, run_after=2022-08-21T20:34:15.956227+00:00
[2022-08-21 16:34:15,972] {processor.py:161} INFO - Processing /Users/abhaymone/src/dev/sand/MANAGE-GMAIL/venv/lib/python3.9/site-packages/airflow/example_dags/example_task_group_decorator.py took 0.550 seconds
[2022-08-21 16:35:14,521] {processor.py:153} INFO - Started process (PID=3804) to work on /Users/abhaymone/src/dev/sand/MANAGE-GMAIL/venv/lib/python3.9/site-packages/airflow/example_dags/example_task_group_decorator.py
[2022-08-21 16:35:14,527] {processor.py:641} INFO - Processing file /Users/abhaymone/src/dev/sand/MANAGE-GMAIL/venv/lib/python3.9/site-packages/airflow/example_dags/example_task_group_decorator.py for tasks to queue
[2022-08-21 16:35:14,528] {logging_mixin.py:115} INFO - [2022-08-21 16:35:14,528] {dagbag.py:508} INFO - Filling up the DagBag from /Users/abhaymone/src/dev/sand/MANAGE-GMAIL/venv/lib/python3.9/site-packages/airflow/example_dags/example_task_group_decorator.py
[2022-08-21 16:35:14,569] {processor.py:651} INFO - DAG(s) dict_keys(['example_task_group_decorator']) retrieved from /Users/abhaymone/src/dev/sand/MANAGE-GMAIL/venv/lib/python3.9/site-packages/airflow/example_dags/example_task_group_decorator.py
[2022-08-21 16:35:15,038] {logging_mixin.py:115} INFO - [2022-08-21 16:35:15,037] {dag.py:2420} INFO - Sync 1 DAGs
[2022-08-21 16:35:15,051] {logging_mixin.py:115} INFO - [2022-08-21 16:35:15,051] {dag.py:2968} INFO - Setting next_dagrun for example_task_group_decorator to 2022-08-20T20:35:15.050899+00:00, run_after=2022-08-21T20:35:15.050899+00:00
[2022-08-21 16:35:15,060] {processor.py:161} INFO - Processing /Users/abhaymone/src/dev/sand/MANAGE-GMAIL/venv/lib/python3.9/site-packages/airflow/example_dags/example_task_group_decorator.py took 0.539 seconds
[2022-08-21 16:36:13,651] {processor.py:153} INFO - Started process (PID=3843) to work on /Users/abhaymone/src/dev/sand/MANAGE-GMAIL/venv/lib/python3.9/site-packages/airflow/example_dags/example_task_group_decorator.py
[2022-08-21 16:36:13,657] {processor.py:641} INFO - Processing file /Users/abhaymone/src/dev/sand/MANAGE-GMAIL/venv/lib/python3.9/site-packages/airflow/example_dags/example_task_group_decorator.py for tasks to queue
[2022-08-21 16:36:13,658] {logging_mixin.py:115} INFO - [2022-08-21 16:36:13,658] {dagbag.py:508} INFO - Filling up the DagBag from /Users/abhaymone/src/dev/sand/MANAGE-GMAIL/venv/lib/python3.9/site-packages/airflow/example_dags/example_task_group_decorator.py
[2022-08-21 16:36:13,696] {processor.py:651} INFO - DAG(s) dict_keys(['example_task_group_decorator']) retrieved from /Users/abhaymone/src/dev/sand/MANAGE-GMAIL/venv/lib/python3.9/site-packages/airflow/example_dags/example_task_group_decorator.py
[2022-08-21 16:36:14,133] {logging_mixin.py:115} INFO - [2022-08-21 16:36:14,133] {dag.py:2420} INFO - Sync 1 DAGs
[2022-08-21 16:36:14,144] {logging_mixin.py:115} INFO - [2022-08-21 16:36:14,144] {dag.py:2968} INFO - Setting next_dagrun for example_task_group_decorator to 2022-08-20T20:36:14.144392+00:00, run_after=2022-08-21T20:36:14.144392+00:00
[2022-08-21 16:36:14,162] {processor.py:161} INFO - Processing /Users/abhaymone/src/dev/sand/MANAGE-GMAIL/venv/lib/python3.9/site-packages/airflow/example_dags/example_task_group_decorator.py took 0.511 seconds
[2022-08-21 16:37:14,987] {processor.py:153} INFO - Started process (PID=3879) to work on /Users/abhaymone/src/dev/sand/MANAGE-GMAIL/venv/lib/python3.9/site-packages/airflow/example_dags/example_task_group_decorator.py
[2022-08-21 16:37:14,987] {processor.py:641} INFO - Processing file /Users/abhaymone/src/dev/sand/MANAGE-GMAIL/venv/lib/python3.9/site-packages/airflow/example_dags/example_task_group_decorator.py for tasks to queue
[2022-08-21 16:37:14,987] {logging_mixin.py:115} INFO - [2022-08-21 16:37:14,987] {dagbag.py:508} INFO - Filling up the DagBag from /Users/abhaymone/src/dev/sand/MANAGE-GMAIL/venv/lib/python3.9/site-packages/airflow/example_dags/example_task_group_decorator.py
[2022-08-21 16:37:15,018] {processor.py:651} INFO - DAG(s) dict_keys(['example_task_group_decorator']) retrieved from /Users/abhaymone/src/dev/sand/MANAGE-GMAIL/venv/lib/python3.9/site-packages/airflow/example_dags/example_task_group_decorator.py
[2022-08-21 16:37:15,457] {logging_mixin.py:115} INFO - [2022-08-21 16:37:15,457] {dag.py:2420} INFO - Sync 1 DAGs
[2022-08-21 16:37:15,468] {logging_mixin.py:115} INFO - [2022-08-21 16:37:15,468] {dag.py:2968} INFO - Setting next_dagrun for example_task_group_decorator to 2022-08-20T20:37:15.468336+00:00, run_after=2022-08-21T20:37:15.468336+00:00
[2022-08-21 16:37:15,485] {processor.py:161} INFO - Processing /Users/abhaymone/src/dev/sand/MANAGE-GMAIL/venv/lib/python3.9/site-packages/airflow/example_dags/example_task_group_decorator.py took 0.499 seconds
[2022-08-21 16:38:09,104] {processor.py:153} INFO - Started process (PID=3913) to work on /Users/abhaymone/src/dev/sand/MANAGE-GMAIL/venv/lib/python3.9/site-packages/airflow/example_dags/example_task_group_decorator.py
[2022-08-21 16:38:09,104] {processor.py:641} INFO - Processing file /Users/abhaymone/src/dev/sand/MANAGE-GMAIL/venv/lib/python3.9/site-packages/airflow/example_dags/example_task_group_decorator.py for tasks to queue
[2022-08-21 16:38:09,104] {logging_mixin.py:115} INFO - [2022-08-21 16:38:09,104] {dagbag.py:508} INFO - Filling up the DagBag from /Users/abhaymone/src/dev/sand/MANAGE-GMAIL/venv/lib/python3.9/site-packages/airflow/example_dags/example_task_group_decorator.py
[2022-08-21 16:38:09,135] {processor.py:651} INFO - DAG(s) dict_keys(['example_task_group_decorator']) retrieved from /Users/abhaymone/src/dev/sand/MANAGE-GMAIL/venv/lib/python3.9/site-packages/airflow/example_dags/example_task_group_decorator.py
[2022-08-21 16:38:09,569] {logging_mixin.py:115} INFO - [2022-08-21 16:38:09,569] {dag.py:2420} INFO - Sync 1 DAGs
[2022-08-21 16:38:09,580] {logging_mixin.py:115} INFO - [2022-08-21 16:38:09,580] {dag.py:2968} INFO - Setting next_dagrun for example_task_group_decorator to 2022-08-20T20:38:09.580747+00:00, run_after=2022-08-21T20:38:09.580747+00:00
[2022-08-21 16:38:09,597] {processor.py:161} INFO - Processing /Users/abhaymone/src/dev/sand/MANAGE-GMAIL/venv/lib/python3.9/site-packages/airflow/example_dags/example_task_group_decorator.py took 0.493 seconds
[2022-08-21 16:39:10,517] {processor.py:153} INFO - Started process (PID=3949) to work on /Users/abhaymone/src/dev/sand/MANAGE-GMAIL/venv/lib/python3.9/site-packages/airflow/example_dags/example_task_group_decorator.py
[2022-08-21 16:39:10,523] {processor.py:641} INFO - Processing file /Users/abhaymone/src/dev/sand/MANAGE-GMAIL/venv/lib/python3.9/site-packages/airflow/example_dags/example_task_group_decorator.py for tasks to queue
[2022-08-21 16:39:10,523] {logging_mixin.py:115} INFO - [2022-08-21 16:39:10,523] {dagbag.py:508} INFO - Filling up the DagBag from /Users/abhaymone/src/dev/sand/MANAGE-GMAIL/venv/lib/python3.9/site-packages/airflow/example_dags/example_task_group_decorator.py
[2022-08-21 16:39:10,560] {processor.py:651} INFO - DAG(s) dict_keys(['example_task_group_decorator']) retrieved from /Users/abhaymone/src/dev/sand/MANAGE-GMAIL/venv/lib/python3.9/site-packages/airflow/example_dags/example_task_group_decorator.py
[2022-08-21 16:39:11,087] {logging_mixin.py:115} INFO - [2022-08-21 16:39:11,087] {dag.py:2420} INFO - Sync 1 DAGs
[2022-08-21 16:39:11,099] {logging_mixin.py:115} INFO - [2022-08-21 16:39:11,099] {dag.py:2968} INFO - Setting next_dagrun for example_task_group_decorator to 2022-08-20T20:39:11.099680+00:00, run_after=2022-08-21T20:39:11.099680+00:00
[2022-08-21 16:39:11,119] {processor.py:161} INFO - Processing /Users/abhaymone/src/dev/sand/MANAGE-GMAIL/venv/lib/python3.9/site-packages/airflow/example_dags/example_task_group_decorator.py took 0.602 seconds
[2022-08-21 16:40:11,088] {processor.py:153} INFO - Started process (PID=3984) to work on /Users/abhaymone/src/dev/sand/MANAGE-GMAIL/venv/lib/python3.9/site-packages/airflow/example_dags/example_task_group_decorator.py
[2022-08-21 16:40:11,088] {processor.py:641} INFO - Processing file /Users/abhaymone/src/dev/sand/MANAGE-GMAIL/venv/lib/python3.9/site-packages/airflow/example_dags/example_task_group_decorator.py for tasks to queue
[2022-08-21 16:40:11,089] {logging_mixin.py:115} INFO - [2022-08-21 16:40:11,089] {dagbag.py:508} INFO - Filling up the DagBag from /Users/abhaymone/src/dev/sand/MANAGE-GMAIL/venv/lib/python3.9/site-packages/airflow/example_dags/example_task_group_decorator.py
[2022-08-21 16:40:11,124] {processor.py:651} INFO - DAG(s) dict_keys(['example_task_group_decorator']) retrieved from /Users/abhaymone/src/dev/sand/MANAGE-GMAIL/venv/lib/python3.9/site-packages/airflow/example_dags/example_task_group_decorator.py
[2022-08-21 16:40:11,593] {logging_mixin.py:115} INFO - [2022-08-21 16:40:11,592] {dag.py:2420} INFO - Sync 1 DAGs
[2022-08-21 16:40:11,605] {logging_mixin.py:115} INFO - [2022-08-21 16:40:11,605] {dag.py:2968} INFO - Setting next_dagrun for example_task_group_decorator to 2022-08-20T20:40:11.604988+00:00, run_after=2022-08-21T20:40:11.604988+00:00
[2022-08-21 16:40:11,622] {processor.py:161} INFO - Processing /Users/abhaymone/src/dev/sand/MANAGE-GMAIL/venv/lib/python3.9/site-packages/airflow/example_dags/example_task_group_decorator.py took 0.534 seconds
[2022-08-21 16:41:09,538] {processor.py:153} INFO - Started process (PID=4020) to work on /Users/abhaymone/src/dev/sand/MANAGE-GMAIL/venv/lib/python3.9/site-packages/airflow/example_dags/example_task_group_decorator.py
[2022-08-21 16:41:09,540] {processor.py:641} INFO - Processing file /Users/abhaymone/src/dev/sand/MANAGE-GMAIL/venv/lib/python3.9/site-packages/airflow/example_dags/example_task_group_decorator.py for tasks to queue
[2022-08-21 16:41:09,541] {logging_mixin.py:115} INFO - [2022-08-21 16:41:09,541] {dagbag.py:508} INFO - Filling up the DagBag from /Users/abhaymone/src/dev/sand/MANAGE-GMAIL/venv/lib/python3.9/site-packages/airflow/example_dags/example_task_group_decorator.py
[2022-08-21 16:41:09,576] {processor.py:651} INFO - DAG(s) dict_keys(['example_task_group_decorator']) retrieved from /Users/abhaymone/src/dev/sand/MANAGE-GMAIL/venv/lib/python3.9/site-packages/airflow/example_dags/example_task_group_decorator.py
[2022-08-21 16:41:10,050] {logging_mixin.py:115} INFO - [2022-08-21 16:41:10,050] {dag.py:2420} INFO - Sync 1 DAGs
[2022-08-21 16:41:10,062] {logging_mixin.py:115} INFO - [2022-08-21 16:41:10,062] {dag.py:2968} INFO - Setting next_dagrun for example_task_group_decorator to 2022-08-20T20:41:10.062594+00:00, run_after=2022-08-21T20:41:10.062594+00:00
[2022-08-21 16:41:10,079] {processor.py:161} INFO - Processing /Users/abhaymone/src/dev/sand/MANAGE-GMAIL/venv/lib/python3.9/site-packages/airflow/example_dags/example_task_group_decorator.py took 0.541 seconds
[2022-08-21 16:42:09,437] {processor.py:153} INFO - Started process (PID=4056) to work on /Users/abhaymone/src/dev/sand/MANAGE-GMAIL/venv/lib/python3.9/site-packages/airflow/example_dags/example_task_group_decorator.py
[2022-08-21 16:42:09,437] {processor.py:641} INFO - Processing file /Users/abhaymone/src/dev/sand/MANAGE-GMAIL/venv/lib/python3.9/site-packages/airflow/example_dags/example_task_group_decorator.py for tasks to queue
[2022-08-21 16:42:09,437] {logging_mixin.py:115} INFO - [2022-08-21 16:42:09,437] {dagbag.py:508} INFO - Filling up the DagBag from /Users/abhaymone/src/dev/sand/MANAGE-GMAIL/venv/lib/python3.9/site-packages/airflow/example_dags/example_task_group_decorator.py
[2022-08-21 16:42:09,471] {processor.py:651} INFO - DAG(s) dict_keys(['example_task_group_decorator']) retrieved from /Users/abhaymone/src/dev/sand/MANAGE-GMAIL/venv/lib/python3.9/site-packages/airflow/example_dags/example_task_group_decorator.py
[2022-08-21 16:42:09,939] {logging_mixin.py:115} INFO - [2022-08-21 16:42:09,938] {dag.py:2420} INFO - Sync 1 DAGs
[2022-08-21 16:42:09,950] {logging_mixin.py:115} INFO - [2022-08-21 16:42:09,950] {dag.py:2968} INFO - Setting next_dagrun for example_task_group_decorator to 2022-08-20T20:42:09.950535+00:00, run_after=2022-08-21T20:42:09.950535+00:00
[2022-08-21 16:42:09,968] {processor.py:161} INFO - Processing /Users/abhaymone/src/dev/sand/MANAGE-GMAIL/venv/lib/python3.9/site-packages/airflow/example_dags/example_task_group_decorator.py took 0.532 seconds
[2022-08-21 16:43:12,336] {processor.py:153} INFO - Started process (PID=4094) to work on /Users/abhaymone/src/dev/sand/MANAGE-GMAIL/venv/lib/python3.9/site-packages/airflow/example_dags/example_task_group_decorator.py
[2022-08-21 16:43:12,342] {processor.py:641} INFO - Processing file /Users/abhaymone/src/dev/sand/MANAGE-GMAIL/venv/lib/python3.9/site-packages/airflow/example_dags/example_task_group_decorator.py for tasks to queue
[2022-08-21 16:43:12,342] {logging_mixin.py:115} INFO - [2022-08-21 16:43:12,342] {dagbag.py:508} INFO - Filling up the DagBag from /Users/abhaymone/src/dev/sand/MANAGE-GMAIL/venv/lib/python3.9/site-packages/airflow/example_dags/example_task_group_decorator.py
[2022-08-21 16:43:12,380] {processor.py:651} INFO - DAG(s) dict_keys(['example_task_group_decorator']) retrieved from /Users/abhaymone/src/dev/sand/MANAGE-GMAIL/venv/lib/python3.9/site-packages/airflow/example_dags/example_task_group_decorator.py
[2022-08-21 16:43:12,901] {logging_mixin.py:115} INFO - [2022-08-21 16:43:12,901] {dag.py:2420} INFO - Sync 1 DAGs
[2022-08-21 16:43:12,914] {logging_mixin.py:115} INFO - [2022-08-21 16:43:12,914] {dag.py:2968} INFO - Setting next_dagrun for example_task_group_decorator to 2022-08-20T20:43:12.914096+00:00, run_after=2022-08-21T20:43:12.914096+00:00
[2022-08-21 16:43:12,926] {processor.py:161} INFO - Processing /Users/abhaymone/src/dev/sand/MANAGE-GMAIL/venv/lib/python3.9/site-packages/airflow/example_dags/example_task_group_decorator.py took 0.591 seconds
[2022-08-21 16:44:16,430] {processor.py:153} INFO - Started process (PID=4203) to work on /Users/abhaymone/src/dev/sand/MANAGE-GMAIL/venv/lib/python3.9/site-packages/airflow/example_dags/example_task_group_decorator.py
[2022-08-21 16:44:16,433] {processor.py:641} INFO - Processing file /Users/abhaymone/src/dev/sand/MANAGE-GMAIL/venv/lib/python3.9/site-packages/airflow/example_dags/example_task_group_decorator.py for tasks to queue
[2022-08-21 16:44:16,433] {logging_mixin.py:115} INFO - [2022-08-21 16:44:16,433] {dagbag.py:508} INFO - Filling up the DagBag from /Users/abhaymone/src/dev/sand/MANAGE-GMAIL/venv/lib/python3.9/site-packages/airflow/example_dags/example_task_group_decorator.py
[2022-08-21 16:44:16,469] {processor.py:651} INFO - DAG(s) dict_keys(['example_task_group_decorator']) retrieved from /Users/abhaymone/src/dev/sand/MANAGE-GMAIL/venv/lib/python3.9/site-packages/airflow/example_dags/example_task_group_decorator.py
[2022-08-21 16:44:16,919] {logging_mixin.py:115} INFO - [2022-08-21 16:44:16,919] {dag.py:2420} INFO - Sync 1 DAGs
[2022-08-21 16:44:16,930] {logging_mixin.py:115} INFO - [2022-08-21 16:44:16,930] {dag.py:2968} INFO - Setting next_dagrun for example_task_group_decorator to 2022-08-20T20:44:16.930525+00:00, run_after=2022-08-21T20:44:16.930525+00:00
[2022-08-21 16:44:16,947] {processor.py:161} INFO - Processing /Users/abhaymone/src/dev/sand/MANAGE-GMAIL/venv/lib/python3.9/site-packages/airflow/example_dags/example_task_group_decorator.py took 0.517 seconds
[2022-08-21 16:45:14,185] {processor.py:153} INFO - Started process (PID=4308) to work on /Users/abhaymone/src/dev/sand/MANAGE-GMAIL/venv/lib/python3.9/site-packages/airflow/example_dags/example_task_group_decorator.py
[2022-08-21 16:45:14,185] {processor.py:641} INFO - Processing file /Users/abhaymone/src/dev/sand/MANAGE-GMAIL/venv/lib/python3.9/site-packages/airflow/example_dags/example_task_group_decorator.py for tasks to queue
[2022-08-21 16:45:14,186] {logging_mixin.py:115} INFO - [2022-08-21 16:45:14,186] {dagbag.py:508} INFO - Filling up the DagBag from /Users/abhaymone/src/dev/sand/MANAGE-GMAIL/venv/lib/python3.9/site-packages/airflow/example_dags/example_task_group_decorator.py
[2022-08-21 16:45:14,224] {processor.py:651} INFO - DAG(s) dict_keys(['example_task_group_decorator']) retrieved from /Users/abhaymone/src/dev/sand/MANAGE-GMAIL/venv/lib/python3.9/site-packages/airflow/example_dags/example_task_group_decorator.py
[2022-08-21 16:45:14,717] {logging_mixin.py:115} INFO - [2022-08-21 16:45:14,717] {dag.py:2420} INFO - Sync 1 DAGs
[2022-08-21 16:45:14,728] {logging_mixin.py:115} INFO - [2022-08-21 16:45:14,728] {dag.py:2968} INFO - Setting next_dagrun for example_task_group_decorator to 2022-08-20T20:45:14.728630+00:00, run_after=2022-08-21T20:45:14.728630+00:00
[2022-08-21 16:45:14,747] {processor.py:161} INFO - Processing /Users/abhaymone/src/dev/sand/MANAGE-GMAIL/venv/lib/python3.9/site-packages/airflow/example_dags/example_task_group_decorator.py took 0.563 seconds
[2022-08-21 16:46:10,568] {processor.py:153} INFO - Started process (PID=4419) to work on /Users/abhaymone/src/dev/sand/MANAGE-GMAIL/venv/lib/python3.9/site-packages/airflow/example_dags/example_task_group_decorator.py
[2022-08-21 16:46:10,568] {processor.py:641} INFO - Processing file /Users/abhaymone/src/dev/sand/MANAGE-GMAIL/venv/lib/python3.9/site-packages/airflow/example_dags/example_task_group_decorator.py for tasks to queue
[2022-08-21 16:46:10,569] {logging_mixin.py:115} INFO - [2022-08-21 16:46:10,569] {dagbag.py:508} INFO - Filling up the DagBag from /Users/abhaymone/src/dev/sand/MANAGE-GMAIL/venv/lib/python3.9/site-packages/airflow/example_dags/example_task_group_decorator.py
[2022-08-21 16:46:10,599] {processor.py:651} INFO - DAG(s) dict_keys(['example_task_group_decorator']) retrieved from /Users/abhaymone/src/dev/sand/MANAGE-GMAIL/venv/lib/python3.9/site-packages/airflow/example_dags/example_task_group_decorator.py
[2022-08-21 16:46:11,046] {logging_mixin.py:115} INFO - [2022-08-21 16:46:11,045] {dag.py:2420} INFO - Sync 1 DAGs
[2022-08-21 16:46:11,058] {logging_mixin.py:115} INFO - [2022-08-21 16:46:11,058] {dag.py:2968} INFO - Setting next_dagrun for example_task_group_decorator to 2022-08-20T20:46:11.058138+00:00, run_after=2022-08-21T20:46:11.058138+00:00
[2022-08-21 16:46:11,068] {processor.py:161} INFO - Processing /Users/abhaymone/src/dev/sand/MANAGE-GMAIL/venv/lib/python3.9/site-packages/airflow/example_dags/example_task_group_decorator.py took 0.500 seconds
[2022-08-21 16:47:08,394] {processor.py:153} INFO - Started process (PID=4536) to work on /Users/abhaymone/src/dev/sand/MANAGE-GMAIL/venv/lib/python3.9/site-packages/airflow/example_dags/example_task_group_decorator.py
[2022-08-21 16:47:08,400] {processor.py:641} INFO - Processing file /Users/abhaymone/src/dev/sand/MANAGE-GMAIL/venv/lib/python3.9/site-packages/airflow/example_dags/example_task_group_decorator.py for tasks to queue
[2022-08-21 16:47:08,400] {logging_mixin.py:115} INFO - [2022-08-21 16:47:08,400] {dagbag.py:508} INFO - Filling up the DagBag from /Users/abhaymone/src/dev/sand/MANAGE-GMAIL/venv/lib/python3.9/site-packages/airflow/example_dags/example_task_group_decorator.py
[2022-08-21 16:47:08,437] {processor.py:651} INFO - DAG(s) dict_keys(['example_task_group_decorator']) retrieved from /Users/abhaymone/src/dev/sand/MANAGE-GMAIL/venv/lib/python3.9/site-packages/airflow/example_dags/example_task_group_decorator.py
[2022-08-21 16:47:08,874] {logging_mixin.py:115} INFO - [2022-08-21 16:47:08,874] {dag.py:2420} INFO - Sync 1 DAGs
[2022-08-21 16:47:08,885] {logging_mixin.py:115} INFO - [2022-08-21 16:47:08,885] {dag.py:2968} INFO - Setting next_dagrun for example_task_group_decorator to 2022-08-20T20:47:08.885680+00:00, run_after=2022-08-21T20:47:08.885680+00:00
[2022-08-21 16:47:08,903] {processor.py:161} INFO - Processing /Users/abhaymone/src/dev/sand/MANAGE-GMAIL/venv/lib/python3.9/site-packages/airflow/example_dags/example_task_group_decorator.py took 0.510 seconds
[2022-08-21 16:48:17,121] {processor.py:153} INFO - Started process (PID=4585) to work on /Users/abhaymone/src/dev/sand/MANAGE-GMAIL/venv/lib/python3.9/site-packages/airflow/example_dags/example_task_group_decorator.py
[2022-08-21 16:48:17,127] {processor.py:641} INFO - Processing file /Users/abhaymone/src/dev/sand/MANAGE-GMAIL/venv/lib/python3.9/site-packages/airflow/example_dags/example_task_group_decorator.py for tasks to queue
[2022-08-21 16:48:17,127] {logging_mixin.py:115} INFO - [2022-08-21 16:48:17,127] {dagbag.py:508} INFO - Filling up the DagBag from /Users/abhaymone/src/dev/sand/MANAGE-GMAIL/venv/lib/python3.9/site-packages/airflow/example_dags/example_task_group_decorator.py
[2022-08-21 16:48:17,164] {processor.py:651} INFO - DAG(s) dict_keys(['example_task_group_decorator']) retrieved from /Users/abhaymone/src/dev/sand/MANAGE-GMAIL/venv/lib/python3.9/site-packages/airflow/example_dags/example_task_group_decorator.py
[2022-08-21 16:48:17,687] {logging_mixin.py:115} INFO - [2022-08-21 16:48:17,686] {dag.py:2420} INFO - Sync 1 DAGs
[2022-08-21 16:48:17,698] {logging_mixin.py:115} INFO - [2022-08-21 16:48:17,698] {dag.py:2968} INFO - Setting next_dagrun for example_task_group_decorator to 2022-08-20T20:48:17.698416+00:00, run_after=2022-08-21T20:48:17.698416+00:00
[2022-08-21 16:48:17,716] {processor.py:161} INFO - Processing /Users/abhaymone/src/dev/sand/MANAGE-GMAIL/venv/lib/python3.9/site-packages/airflow/example_dags/example_task_group_decorator.py took 0.595 seconds
[2022-08-21 16:49:22,045] {processor.py:153} INFO - Started process (PID=4630) to work on /Users/abhaymone/src/dev/sand/MANAGE-GMAIL/venv/lib/python3.9/site-packages/airflow/example_dags/example_task_group_decorator.py
[2022-08-21 16:49:22,047] {processor.py:641} INFO - Processing file /Users/abhaymone/src/dev/sand/MANAGE-GMAIL/venv/lib/python3.9/site-packages/airflow/example_dags/example_task_group_decorator.py for tasks to queue
[2022-08-21 16:49:22,048] {logging_mixin.py:115} INFO - [2022-08-21 16:49:22,048] {dagbag.py:508} INFO - Filling up the DagBag from /Users/abhaymone/src/dev/sand/MANAGE-GMAIL/venv/lib/python3.9/site-packages/airflow/example_dags/example_task_group_decorator.py
[2022-08-21 16:49:22,084] {processor.py:651} INFO - DAG(s) dict_keys(['example_task_group_decorator']) retrieved from /Users/abhaymone/src/dev/sand/MANAGE-GMAIL/venv/lib/python3.9/site-packages/airflow/example_dags/example_task_group_decorator.py
[2022-08-21 16:49:22,550] {logging_mixin.py:115} INFO - [2022-08-21 16:49:22,550] {dag.py:2420} INFO - Sync 1 DAGs
[2022-08-21 16:49:22,563] {logging_mixin.py:115} INFO - [2022-08-21 16:49:22,563] {dag.py:2968} INFO - Setting next_dagrun for example_task_group_decorator to 2022-08-20T20:49:22.563020+00:00, run_after=2022-08-21T20:49:22.563020+00:00
[2022-08-21 16:49:22,578] {processor.py:161} INFO - Processing /Users/abhaymone/src/dev/sand/MANAGE-GMAIL/venv/lib/python3.9/site-packages/airflow/example_dags/example_task_group_decorator.py took 0.534 seconds
[2022-08-21 16:50:22,241] {processor.py:153} INFO - Started process (PID=4669) to work on /Users/abhaymone/src/dev/sand/MANAGE-GMAIL/venv/lib/python3.9/site-packages/airflow/example_dags/example_task_group_decorator.py
[2022-08-21 16:50:22,247] {processor.py:641} INFO - Processing file /Users/abhaymone/src/dev/sand/MANAGE-GMAIL/venv/lib/python3.9/site-packages/airflow/example_dags/example_task_group_decorator.py for tasks to queue
[2022-08-21 16:50:22,247] {logging_mixin.py:115} INFO - [2022-08-21 16:50:22,247] {dagbag.py:508} INFO - Filling up the DagBag from /Users/abhaymone/src/dev/sand/MANAGE-GMAIL/venv/lib/python3.9/site-packages/airflow/example_dags/example_task_group_decorator.py
[2022-08-21 16:50:22,281] {processor.py:651} INFO - DAG(s) dict_keys(['example_task_group_decorator']) retrieved from /Users/abhaymone/src/dev/sand/MANAGE-GMAIL/venv/lib/python3.9/site-packages/airflow/example_dags/example_task_group_decorator.py
[2022-08-21 16:50:22,717] {logging_mixin.py:115} INFO - [2022-08-21 16:50:22,716] {dag.py:2420} INFO - Sync 1 DAGs
[2022-08-21 16:50:22,728] {logging_mixin.py:115} INFO - [2022-08-21 16:50:22,728] {dag.py:2968} INFO - Setting next_dagrun for example_task_group_decorator to 2022-08-20T20:50:22.728680+00:00, run_after=2022-08-21T20:50:22.728680+00:00
[2022-08-21 16:50:22,745] {processor.py:161} INFO - Processing /Users/abhaymone/src/dev/sand/MANAGE-GMAIL/venv/lib/python3.9/site-packages/airflow/example_dags/example_task_group_decorator.py took 0.505 seconds
[2022-08-21 16:51:21,041] {processor.py:153} INFO - Started process (PID=4760) to work on /Users/abhaymone/src/dev/sand/MANAGE-GMAIL/venv/lib/python3.9/site-packages/airflow/example_dags/example_task_group_decorator.py
[2022-08-21 16:51:21,044] {processor.py:641} INFO - Processing file /Users/abhaymone/src/dev/sand/MANAGE-GMAIL/venv/lib/python3.9/site-packages/airflow/example_dags/example_task_group_decorator.py for tasks to queue
[2022-08-21 16:51:21,044] {logging_mixin.py:115} INFO - [2022-08-21 16:51:21,044] {dagbag.py:508} INFO - Filling up the DagBag from /Users/abhaymone/src/dev/sand/MANAGE-GMAIL/venv/lib/python3.9/site-packages/airflow/example_dags/example_task_group_decorator.py
[2022-08-21 16:51:21,080] {processor.py:651} INFO - DAG(s) dict_keys(['example_task_group_decorator']) retrieved from /Users/abhaymone/src/dev/sand/MANAGE-GMAIL/venv/lib/python3.9/site-packages/airflow/example_dags/example_task_group_decorator.py
[2022-08-21 16:51:21,514] {logging_mixin.py:115} INFO - [2022-08-21 16:51:21,514] {dag.py:2420} INFO - Sync 1 DAGs
[2022-08-21 16:51:21,525] {logging_mixin.py:115} INFO - [2022-08-21 16:51:21,525] {dag.py:2968} INFO - Setting next_dagrun for example_task_group_decorator to 2022-08-20T20:51:21.525652+00:00, run_after=2022-08-21T20:51:21.525652+00:00
[2022-08-21 16:51:21,543] {processor.py:161} INFO - Processing /Users/abhaymone/src/dev/sand/MANAGE-GMAIL/venv/lib/python3.9/site-packages/airflow/example_dags/example_task_group_decorator.py took 0.502 seconds
[2022-08-21 16:52:18,596] {processor.py:153} INFO - Started process (PID=4974) to work on /Users/abhaymone/src/dev/sand/MANAGE-GMAIL/venv/lib/python3.9/site-packages/airflow/example_dags/example_task_group_decorator.py
[2022-08-21 16:52:18,596] {processor.py:641} INFO - Processing file /Users/abhaymone/src/dev/sand/MANAGE-GMAIL/venv/lib/python3.9/site-packages/airflow/example_dags/example_task_group_decorator.py for tasks to queue
[2022-08-21 16:52:18,596] {logging_mixin.py:115} INFO - [2022-08-21 16:52:18,596] {dagbag.py:508} INFO - Filling up the DagBag from /Users/abhaymone/src/dev/sand/MANAGE-GMAIL/venv/lib/python3.9/site-packages/airflow/example_dags/example_task_group_decorator.py
[2022-08-21 16:52:18,627] {processor.py:651} INFO - DAG(s) dict_keys(['example_task_group_decorator']) retrieved from /Users/abhaymone/src/dev/sand/MANAGE-GMAIL/venv/lib/python3.9/site-packages/airflow/example_dags/example_task_group_decorator.py
[2022-08-21 16:52:19,075] {logging_mixin.py:115} INFO - [2022-08-21 16:52:19,075] {dag.py:2420} INFO - Sync 1 DAGs
[2022-08-21 16:52:19,087] {logging_mixin.py:115} INFO - [2022-08-21 16:52:19,087] {dag.py:2968} INFO - Setting next_dagrun for example_task_group_decorator to 2022-08-20T20:52:19.087793+00:00, run_after=2022-08-21T20:52:19.087793+00:00
[2022-08-21 16:52:19,098] {processor.py:161} INFO - Processing /Users/abhaymone/src/dev/sand/MANAGE-GMAIL/venv/lib/python3.9/site-packages/airflow/example_dags/example_task_group_decorator.py took 0.503 seconds
[2022-08-21 16:53:15,641] {processor.py:153} INFO - Started process (PID=5101) to work on /Users/abhaymone/src/dev/sand/MANAGE-GMAIL/venv/lib/python3.9/site-packages/airflow/example_dags/example_task_group_decorator.py
[2022-08-21 16:53:15,641] {processor.py:641} INFO - Processing file /Users/abhaymone/src/dev/sand/MANAGE-GMAIL/venv/lib/python3.9/site-packages/airflow/example_dags/example_task_group_decorator.py for tasks to queue
[2022-08-21 16:53:15,641] {logging_mixin.py:115} INFO - [2022-08-21 16:53:15,641] {dagbag.py:508} INFO - Filling up the DagBag from /Users/abhaymone/src/dev/sand/MANAGE-GMAIL/venv/lib/python3.9/site-packages/airflow/example_dags/example_task_group_decorator.py
[2022-08-21 16:53:15,678] {processor.py:651} INFO - DAG(s) dict_keys(['example_task_group_decorator']) retrieved from /Users/abhaymone/src/dev/sand/MANAGE-GMAIL/venv/lib/python3.9/site-packages/airflow/example_dags/example_task_group_decorator.py
[2022-08-21 16:53:16,839] {logging_mixin.py:115} INFO - [2022-08-21 16:53:16,839] {dag.py:2420} INFO - Sync 1 DAGs
[2022-08-21 16:53:16,856] {logging_mixin.py:115} INFO - [2022-08-21 16:53:16,856] {dag.py:2968} INFO - Setting next_dagrun for example_task_group_decorator to 2022-08-20T20:53:16.856327+00:00, run_after=2022-08-21T20:53:16.856327+00:00
[2022-08-21 16:53:16,867] {processor.py:161} INFO - Processing /Users/abhaymone/src/dev/sand/MANAGE-GMAIL/venv/lib/python3.9/site-packages/airflow/example_dags/example_task_group_decorator.py took 1.226 seconds
[2022-08-21 16:54:19,527] {processor.py:153} INFO - Started process (PID=5169) to work on /Users/abhaymone/src/dev/sand/MANAGE-GMAIL/venv/lib/python3.9/site-packages/airflow/example_dags/example_task_group_decorator.py
[2022-08-21 16:54:19,528] {processor.py:641} INFO - Processing file /Users/abhaymone/src/dev/sand/MANAGE-GMAIL/venv/lib/python3.9/site-packages/airflow/example_dags/example_task_group_decorator.py for tasks to queue
[2022-08-21 16:54:19,528] {logging_mixin.py:115} INFO - [2022-08-21 16:54:19,528] {dagbag.py:508} INFO - Filling up the DagBag from /Users/abhaymone/src/dev/sand/MANAGE-GMAIL/venv/lib/python3.9/site-packages/airflow/example_dags/example_task_group_decorator.py
[2022-08-21 16:54:19,558] {processor.py:651} INFO - DAG(s) dict_keys(['example_task_group_decorator']) retrieved from /Users/abhaymone/src/dev/sand/MANAGE-GMAIL/venv/lib/python3.9/site-packages/airflow/example_dags/example_task_group_decorator.py
[2022-08-21 16:54:19,990] {logging_mixin.py:115} INFO - [2022-08-21 16:54:19,990] {dag.py:2420} INFO - Sync 1 DAGs
[2022-08-21 16:54:20,001] {logging_mixin.py:115} INFO - [2022-08-21 16:54:20,001] {dag.py:2968} INFO - Setting next_dagrun for example_task_group_decorator to 2022-08-20T20:54:20.001102+00:00, run_after=2022-08-21T20:54:20.001102+00:00
[2022-08-21 16:54:20,019] {processor.py:161} INFO - Processing /Users/abhaymone/src/dev/sand/MANAGE-GMAIL/venv/lib/python3.9/site-packages/airflow/example_dags/example_task_group_decorator.py took 0.492 seconds
[2022-08-21 16:55:26,441] {processor.py:153} INFO - Started process (PID=5241) to work on /Users/abhaymone/src/dev/sand/MANAGE-GMAIL/venv/lib/python3.9/site-packages/airflow/example_dags/example_task_group_decorator.py
[2022-08-21 16:55:26,444] {processor.py:641} INFO - Processing file /Users/abhaymone/src/dev/sand/MANAGE-GMAIL/venv/lib/python3.9/site-packages/airflow/example_dags/example_task_group_decorator.py for tasks to queue
[2022-08-21 16:55:26,444] {logging_mixin.py:115} INFO - [2022-08-21 16:55:26,444] {dagbag.py:508} INFO - Filling up the DagBag from /Users/abhaymone/src/dev/sand/MANAGE-GMAIL/venv/lib/python3.9/site-packages/airflow/example_dags/example_task_group_decorator.py
[2022-08-21 16:55:26,487] {processor.py:651} INFO - DAG(s) dict_keys(['example_task_group_decorator']) retrieved from /Users/abhaymone/src/dev/sand/MANAGE-GMAIL/venv/lib/python3.9/site-packages/airflow/example_dags/example_task_group_decorator.py
[2022-08-21 16:55:27,021] {logging_mixin.py:115} INFO - [2022-08-21 16:55:27,020] {dag.py:2420} INFO - Sync 1 DAGs
[2022-08-21 16:55:27,035] {logging_mixin.py:115} INFO - [2022-08-21 16:55:27,035] {dag.py:2968} INFO - Setting next_dagrun for example_task_group_decorator to 2022-08-20T20:55:27.035600+00:00, run_after=2022-08-21T20:55:27.035600+00:00
[2022-08-21 16:55:27,046] {processor.py:161} INFO - Processing /Users/abhaymone/src/dev/sand/MANAGE-GMAIL/venv/lib/python3.9/site-packages/airflow/example_dags/example_task_group_decorator.py took 0.605 seconds
