[2022-08-21 16:15:16,187] {processor.py:153} INFO - Started process (PID=3399) to work on /Users/abhaymone/src/dev/sand/MANAGE-GMAIL/venv/lib/python3.9/site-packages/airflow/example_dags/example_branch_day_of_week_operator.py
[2022-08-21 16:15:16,187] {processor.py:641} INFO - Processing file /Users/abhaymone/src/dev/sand/MANAGE-GMAIL/venv/lib/python3.9/site-packages/airflow/example_dags/example_branch_day_of_week_operator.py for tasks to queue
[2022-08-21 16:15:16,187] {logging_mixin.py:115} INFO - [2022-08-21 16:15:16,187] {dagbag.py:508} INFO - Filling up the DagBag from /Users/abhaymone/src/dev/sand/MANAGE-GMAIL/venv/lib/python3.9/site-packages/airflow/example_dags/example_branch_day_of_week_operator.py
[2022-08-21 16:15:16,210] {processor.py:651} INFO - DAG(s) dict_keys(['example_weekday_branch_operator']) retrieved from /Users/abhaymone/src/dev/sand/MANAGE-GMAIL/venv/lib/python3.9/site-packages/airflow/example_dags/example_branch_day_of_week_operator.py
[2022-08-21 16:15:16,893] {logging_mixin.py:115} INFO - [2022-08-21 16:15:16,893] {manager.py:508} INFO - Created Permission View: can delete on DAG:example_weekday_branch_operator
[2022-08-21 16:15:16,899] {logging_mixin.py:115} INFO - [2022-08-21 16:15:16,899] {manager.py:508} INFO - Created Permission View: can edit on DAG:example_weekday_branch_operator
[2022-08-21 16:15:16,904] {logging_mixin.py:115} INFO - [2022-08-21 16:15:16,904] {manager.py:508} INFO - Created Permission View: can read on DAG:example_weekday_branch_operator
[2022-08-21 16:15:16,904] {logging_mixin.py:115} INFO - [2022-08-21 16:15:16,904] {dag.py:2420} INFO - Sync 1 DAGs
[2022-08-21 16:15:16,911] {logging_mixin.py:115} INFO - [2022-08-21 16:15:16,911] {dag.py:2439} INFO - Creating ORM DAG for example_weekday_branch_operator
[2022-08-21 16:15:16,918] {logging_mixin.py:115} INFO - [2022-08-21 16:15:16,918] {dag.py:2968} INFO - Setting next_dagrun for example_weekday_branch_operator to 2022-08-20T00:00:00+00:00, run_after=2022-08-21T00:00:00+00:00
[2022-08-21 16:15:16,927] {processor.py:161} INFO - Processing /Users/abhaymone/src/dev/sand/MANAGE-GMAIL/venv/lib/python3.9/site-packages/airflow/example_dags/example_branch_day_of_week_operator.py took 0.741 seconds
[2022-08-21 16:16:22,106] {processor.py:153} INFO - Started process (PID=3445) to work on /Users/abhaymone/src/dev/sand/MANAGE-GMAIL/venv/lib/python3.9/site-packages/airflow/example_dags/example_branch_day_of_week_operator.py
[2022-08-21 16:16:22,112] {processor.py:641} INFO - Processing file /Users/abhaymone/src/dev/sand/MANAGE-GMAIL/venv/lib/python3.9/site-packages/airflow/example_dags/example_branch_day_of_week_operator.py for tasks to queue
[2022-08-21 16:16:22,113] {logging_mixin.py:115} INFO - [2022-08-21 16:16:22,112] {dagbag.py:508} INFO - Filling up the DagBag from /Users/abhaymone/src/dev/sand/MANAGE-GMAIL/venv/lib/python3.9/site-packages/airflow/example_dags/example_branch_day_of_week_operator.py
[2022-08-21 16:16:22,132] {processor.py:651} INFO - DAG(s) dict_keys(['example_weekday_branch_operator']) retrieved from /Users/abhaymone/src/dev/sand/MANAGE-GMAIL/venv/lib/python3.9/site-packages/airflow/example_dags/example_branch_day_of_week_operator.py
[2022-08-21 16:16:22,180] {logging_mixin.py:115} INFO - [2022-08-21 16:16:22,180] {dag.py:2420} INFO - Sync 1 DAGs
[2022-08-21 16:16:22,192] {logging_mixin.py:115} INFO - [2022-08-21 16:16:22,192] {dag.py:2968} INFO - Setting next_dagrun for example_weekday_branch_operator to 2022-08-20T00:00:00+00:00, run_after=2022-08-21T00:00:00+00:00
[2022-08-21 16:16:22,202] {processor.py:161} INFO - Processing /Users/abhaymone/src/dev/sand/MANAGE-GMAIL/venv/lib/python3.9/site-packages/airflow/example_dags/example_branch_day_of_week_operator.py took 0.097 seconds
[2022-08-21 16:17:20,276] {processor.py:153} INFO - Started process (PID=3481) to work on /Users/abhaymone/src/dev/sand/MANAGE-GMAIL/venv/lib/python3.9/site-packages/airflow/example_dags/example_branch_day_of_week_operator.py
[2022-08-21 16:17:20,276] {processor.py:641} INFO - Processing file /Users/abhaymone/src/dev/sand/MANAGE-GMAIL/venv/lib/python3.9/site-packages/airflow/example_dags/example_branch_day_of_week_operator.py for tasks to queue
[2022-08-21 16:17:20,276] {logging_mixin.py:115} INFO - [2022-08-21 16:17:20,276] {dagbag.py:508} INFO - Filling up the DagBag from /Users/abhaymone/src/dev/sand/MANAGE-GMAIL/venv/lib/python3.9/site-packages/airflow/example_dags/example_branch_day_of_week_operator.py
[2022-08-21 16:17:20,299] {processor.py:651} INFO - DAG(s) dict_keys(['example_weekday_branch_operator']) retrieved from /Users/abhaymone/src/dev/sand/MANAGE-GMAIL/venv/lib/python3.9/site-packages/airflow/example_dags/example_branch_day_of_week_operator.py
[2022-08-21 16:17:20,347] {logging_mixin.py:115} INFO - [2022-08-21 16:17:20,347] {dag.py:2420} INFO - Sync 1 DAGs
[2022-08-21 16:17:20,358] {logging_mixin.py:115} INFO - [2022-08-21 16:17:20,358] {dag.py:2968} INFO - Setting next_dagrun for example_weekday_branch_operator to 2022-08-20T00:00:00+00:00, run_after=2022-08-21T00:00:00+00:00
[2022-08-21 16:17:20,370] {processor.py:161} INFO - Processing /Users/abhaymone/src/dev/sand/MANAGE-GMAIL/venv/lib/python3.9/site-packages/airflow/example_dags/example_branch_day_of_week_operator.py took 0.095 seconds
[2022-08-21 16:28:53,134] {processor.py:153} INFO - Started process (PID=3567) to work on /Users/abhaymone/src/dev/sand/MANAGE-GMAIL/venv/lib/python3.9/site-packages/airflow/example_dags/example_branch_day_of_week_operator.py
[2022-08-21 16:28:53,139] {processor.py:641} INFO - Processing file /Users/abhaymone/src/dev/sand/MANAGE-GMAIL/venv/lib/python3.9/site-packages/airflow/example_dags/example_branch_day_of_week_operator.py for tasks to queue
[2022-08-21 16:28:53,140] {logging_mixin.py:115} INFO - [2022-08-21 16:28:53,140] {dagbag.py:508} INFO - Filling up the DagBag from /Users/abhaymone/src/dev/sand/MANAGE-GMAIL/venv/lib/python3.9/site-packages/airflow/example_dags/example_branch_day_of_week_operator.py
[2022-08-21 16:28:53,159] {processor.py:651} INFO - DAG(s) dict_keys(['example_weekday_branch_operator']) retrieved from /Users/abhaymone/src/dev/sand/MANAGE-GMAIL/venv/lib/python3.9/site-packages/airflow/example_dags/example_branch_day_of_week_operator.py
[2022-08-21 16:28:53,206] {logging_mixin.py:115} INFO - [2022-08-21 16:28:53,206] {dag.py:2420} INFO - Sync 1 DAGs
[2022-08-21 16:28:53,218] {logging_mixin.py:115} INFO - [2022-08-21 16:28:53,218] {dag.py:2968} INFO - Setting next_dagrun for example_weekday_branch_operator to 2022-08-20T00:00:00+00:00, run_after=2022-08-21T00:00:00+00:00
[2022-08-21 16:28:53,228] {processor.py:161} INFO - Processing /Users/abhaymone/src/dev/sand/MANAGE-GMAIL/venv/lib/python3.9/site-packages/airflow/example_dags/example_branch_day_of_week_operator.py took 0.095 seconds
[2022-08-21 16:30:12,859] {processor.py:153} INFO - Started process (PID=3621) to work on /Users/abhaymone/src/dev/sand/MANAGE-GMAIL/venv/lib/python3.9/site-packages/airflow/example_dags/example_branch_day_of_week_operator.py
[2022-08-21 16:30:12,859] {processor.py:641} INFO - Processing file /Users/abhaymone/src/dev/sand/MANAGE-GMAIL/venv/lib/python3.9/site-packages/airflow/example_dags/example_branch_day_of_week_operator.py for tasks to queue
[2022-08-21 16:30:12,860] {logging_mixin.py:115} INFO - [2022-08-21 16:30:12,860] {dagbag.py:508} INFO - Filling up the DagBag from /Users/abhaymone/src/dev/sand/MANAGE-GMAIL/venv/lib/python3.9/site-packages/airflow/example_dags/example_branch_day_of_week_operator.py
[2022-08-21 16:30:12,872] {processor.py:651} INFO - DAG(s) dict_keys(['example_weekday_branch_operator']) retrieved from /Users/abhaymone/src/dev/sand/MANAGE-GMAIL/venv/lib/python3.9/site-packages/airflow/example_dags/example_branch_day_of_week_operator.py
[2022-08-21 16:30:12,926] {logging_mixin.py:115} INFO - [2022-08-21 16:30:12,926] {dag.py:2420} INFO - Sync 1 DAGs
[2022-08-21 16:30:12,939] {logging_mixin.py:115} INFO - [2022-08-21 16:30:12,939] {dag.py:2968} INFO - Setting next_dagrun for example_weekday_branch_operator to 2022-08-20T00:00:00+00:00, run_after=2022-08-21T00:00:00+00:00
[2022-08-21 16:30:12,954] {processor.py:161} INFO - Processing /Users/abhaymone/src/dev/sand/MANAGE-GMAIL/venv/lib/python3.9/site-packages/airflow/example_dags/example_branch_day_of_week_operator.py took 0.095 seconds
[2022-08-21 16:31:19,984] {processor.py:153} INFO - Started process (PID=3656) to work on /Users/abhaymone/src/dev/sand/MANAGE-GMAIL/venv/lib/python3.9/site-packages/airflow/example_dags/example_branch_day_of_week_operator.py
[2022-08-21 16:31:19,989] {processor.py:641} INFO - Processing file /Users/abhaymone/src/dev/sand/MANAGE-GMAIL/venv/lib/python3.9/site-packages/airflow/example_dags/example_branch_day_of_week_operator.py for tasks to queue
[2022-08-21 16:31:19,990] {logging_mixin.py:115} INFO - [2022-08-21 16:31:19,990] {dagbag.py:508} INFO - Filling up the DagBag from /Users/abhaymone/src/dev/sand/MANAGE-GMAIL/venv/lib/python3.9/site-packages/airflow/example_dags/example_branch_day_of_week_operator.py
[2022-08-21 16:31:20,010] {processor.py:651} INFO - DAG(s) dict_keys(['example_weekday_branch_operator']) retrieved from /Users/abhaymone/src/dev/sand/MANAGE-GMAIL/venv/lib/python3.9/site-packages/airflow/example_dags/example_branch_day_of_week_operator.py
[2022-08-21 16:31:20,058] {logging_mixin.py:115} INFO - [2022-08-21 16:31:20,058] {dag.py:2420} INFO - Sync 1 DAGs
[2022-08-21 16:31:20,069] {logging_mixin.py:115} INFO - [2022-08-21 16:31:20,069] {dag.py:2968} INFO - Setting next_dagrun for example_weekday_branch_operator to 2022-08-20T00:00:00+00:00, run_after=2022-08-21T00:00:00+00:00
[2022-08-21 16:31:20,080] {processor.py:161} INFO - Processing /Users/abhaymone/src/dev/sand/MANAGE-GMAIL/venv/lib/python3.9/site-packages/airflow/example_dags/example_branch_day_of_week_operator.py took 0.096 seconds
[2022-08-21 16:32:24,229] {processor.py:153} INFO - Started process (PID=3702) to work on /Users/abhaymone/src/dev/sand/MANAGE-GMAIL/venv/lib/python3.9/site-packages/airflow/example_dags/example_branch_day_of_week_operator.py
[2022-08-21 16:32:24,235] {processor.py:641} INFO - Processing file /Users/abhaymone/src/dev/sand/MANAGE-GMAIL/venv/lib/python3.9/site-packages/airflow/example_dags/example_branch_day_of_week_operator.py for tasks to queue
[2022-08-21 16:32:24,236] {logging_mixin.py:115} INFO - [2022-08-21 16:32:24,236] {dagbag.py:508} INFO - Filling up the DagBag from /Users/abhaymone/src/dev/sand/MANAGE-GMAIL/venv/lib/python3.9/site-packages/airflow/example_dags/example_branch_day_of_week_operator.py
[2022-08-21 16:32:24,255] {processor.py:651} INFO - DAG(s) dict_keys(['example_weekday_branch_operator']) retrieved from /Users/abhaymone/src/dev/sand/MANAGE-GMAIL/venv/lib/python3.9/site-packages/airflow/example_dags/example_branch_day_of_week_operator.py
[2022-08-21 16:32:24,303] {logging_mixin.py:115} INFO - [2022-08-21 16:32:24,302] {dag.py:2420} INFO - Sync 1 DAGs
[2022-08-21 16:32:24,315] {logging_mixin.py:115} INFO - [2022-08-21 16:32:24,315] {dag.py:2968} INFO - Setting next_dagrun for example_weekday_branch_operator to 2022-08-20T00:00:00+00:00, run_after=2022-08-21T00:00:00+00:00
[2022-08-21 16:32:24,327] {processor.py:161} INFO - Processing /Users/abhaymone/src/dev/sand/MANAGE-GMAIL/venv/lib/python3.9/site-packages/airflow/example_dags/example_branch_day_of_week_operator.py took 0.098 seconds
[2022-08-21 16:33:23,711] {processor.py:153} INFO - Started process (PID=3737) to work on /Users/abhaymone/src/dev/sand/MANAGE-GMAIL/venv/lib/python3.9/site-packages/airflow/example_dags/example_branch_day_of_week_operator.py
[2022-08-21 16:33:23,717] {processor.py:641} INFO - Processing file /Users/abhaymone/src/dev/sand/MANAGE-GMAIL/venv/lib/python3.9/site-packages/airflow/example_dags/example_branch_day_of_week_operator.py for tasks to queue
[2022-08-21 16:33:23,717] {logging_mixin.py:115} INFO - [2022-08-21 16:33:23,717] {dagbag.py:508} INFO - Filling up the DagBag from /Users/abhaymone/src/dev/sand/MANAGE-GMAIL/venv/lib/python3.9/site-packages/airflow/example_dags/example_branch_day_of_week_operator.py
[2022-08-21 16:33:23,737] {processor.py:651} INFO - DAG(s) dict_keys(['example_weekday_branch_operator']) retrieved from /Users/abhaymone/src/dev/sand/MANAGE-GMAIL/venv/lib/python3.9/site-packages/airflow/example_dags/example_branch_day_of_week_operator.py
[2022-08-21 16:33:23,802] {logging_mixin.py:115} INFO - [2022-08-21 16:33:23,802] {dag.py:2420} INFO - Sync 1 DAGs
[2022-08-21 16:33:23,821] {logging_mixin.py:115} INFO - [2022-08-21 16:33:23,821] {dag.py:2968} INFO - Setting next_dagrun for example_weekday_branch_operator to 2022-08-20T00:00:00+00:00, run_after=2022-08-21T00:00:00+00:00
[2022-08-21 16:33:23,835] {processor.py:161} INFO - Processing /Users/abhaymone/src/dev/sand/MANAGE-GMAIL/venv/lib/python3.9/site-packages/airflow/example_dags/example_branch_day_of_week_operator.py took 0.124 seconds
[2022-08-21 16:34:24,633] {processor.py:153} INFO - Started process (PID=3775) to work on /Users/abhaymone/src/dev/sand/MANAGE-GMAIL/venv/lib/python3.9/site-packages/airflow/example_dags/example_branch_day_of_week_operator.py
[2022-08-21 16:34:24,639] {processor.py:641} INFO - Processing file /Users/abhaymone/src/dev/sand/MANAGE-GMAIL/venv/lib/python3.9/site-packages/airflow/example_dags/example_branch_day_of_week_operator.py for tasks to queue
[2022-08-21 16:34:24,640] {logging_mixin.py:115} INFO - [2022-08-21 16:34:24,639] {dagbag.py:508} INFO - Filling up the DagBag from /Users/abhaymone/src/dev/sand/MANAGE-GMAIL/venv/lib/python3.9/site-packages/airflow/example_dags/example_branch_day_of_week_operator.py
[2022-08-21 16:34:24,659] {processor.py:651} INFO - DAG(s) dict_keys(['example_weekday_branch_operator']) retrieved from /Users/abhaymone/src/dev/sand/MANAGE-GMAIL/venv/lib/python3.9/site-packages/airflow/example_dags/example_branch_day_of_week_operator.py
[2022-08-21 16:34:24,716] {logging_mixin.py:115} INFO - [2022-08-21 16:34:24,716] {dag.py:2420} INFO - Sync 1 DAGs
[2022-08-21 16:34:24,729] {logging_mixin.py:115} INFO - [2022-08-21 16:34:24,729] {dag.py:2968} INFO - Setting next_dagrun for example_weekday_branch_operator to 2022-08-20T00:00:00+00:00, run_after=2022-08-21T00:00:00+00:00
[2022-08-21 16:34:24,741] {processor.py:161} INFO - Processing /Users/abhaymone/src/dev/sand/MANAGE-GMAIL/venv/lib/python3.9/site-packages/airflow/example_dags/example_branch_day_of_week_operator.py took 0.108 seconds
[2022-08-21 16:35:22,614] {processor.py:153} INFO - Started process (PID=3810) to work on /Users/abhaymone/src/dev/sand/MANAGE-GMAIL/venv/lib/python3.9/site-packages/airflow/example_dags/example_branch_day_of_week_operator.py
[2022-08-21 16:35:22,620] {processor.py:641} INFO - Processing file /Users/abhaymone/src/dev/sand/MANAGE-GMAIL/venv/lib/python3.9/site-packages/airflow/example_dags/example_branch_day_of_week_operator.py for tasks to queue
[2022-08-21 16:35:22,621] {logging_mixin.py:115} INFO - [2022-08-21 16:35:22,621] {dagbag.py:508} INFO - Filling up the DagBag from /Users/abhaymone/src/dev/sand/MANAGE-GMAIL/venv/lib/python3.9/site-packages/airflow/example_dags/example_branch_day_of_week_operator.py
[2022-08-21 16:35:22,640] {processor.py:651} INFO - DAG(s) dict_keys(['example_weekday_branch_operator']) retrieved from /Users/abhaymone/src/dev/sand/MANAGE-GMAIL/venv/lib/python3.9/site-packages/airflow/example_dags/example_branch_day_of_week_operator.py
[2022-08-21 16:35:22,691] {logging_mixin.py:115} INFO - [2022-08-21 16:35:22,691] {dag.py:2420} INFO - Sync 1 DAGs
[2022-08-21 16:35:22,704] {logging_mixin.py:115} INFO - [2022-08-21 16:35:22,704] {dag.py:2968} INFO - Setting next_dagrun for example_weekday_branch_operator to 2022-08-20T00:00:00+00:00, run_after=2022-08-21T00:00:00+00:00
[2022-08-21 16:35:22,714] {processor.py:161} INFO - Processing /Users/abhaymone/src/dev/sand/MANAGE-GMAIL/venv/lib/python3.9/site-packages/airflow/example_dags/example_branch_day_of_week_operator.py took 0.101 seconds
[2022-08-21 16:36:23,403] {processor.py:153} INFO - Started process (PID=3849) to work on /Users/abhaymone/src/dev/sand/MANAGE-GMAIL/venv/lib/python3.9/site-packages/airflow/example_dags/example_branch_day_of_week_operator.py
[2022-08-21 16:36:23,409] {processor.py:641} INFO - Processing file /Users/abhaymone/src/dev/sand/MANAGE-GMAIL/venv/lib/python3.9/site-packages/airflow/example_dags/example_branch_day_of_week_operator.py for tasks to queue
[2022-08-21 16:36:23,409] {logging_mixin.py:115} INFO - [2022-08-21 16:36:23,409] {dagbag.py:508} INFO - Filling up the DagBag from /Users/abhaymone/src/dev/sand/MANAGE-GMAIL/venv/lib/python3.9/site-packages/airflow/example_dags/example_branch_day_of_week_operator.py
[2022-08-21 16:36:23,428] {processor.py:651} INFO - DAG(s) dict_keys(['example_weekday_branch_operator']) retrieved from /Users/abhaymone/src/dev/sand/MANAGE-GMAIL/venv/lib/python3.9/site-packages/airflow/example_dags/example_branch_day_of_week_operator.py
[2022-08-21 16:36:23,478] {logging_mixin.py:115} INFO - [2022-08-21 16:36:23,478] {dag.py:2420} INFO - Sync 1 DAGs
[2022-08-21 16:36:23,490] {logging_mixin.py:115} INFO - [2022-08-21 16:36:23,490] {dag.py:2968} INFO - Setting next_dagrun for example_weekday_branch_operator to 2022-08-20T00:00:00+00:00, run_after=2022-08-21T00:00:00+00:00
[2022-08-21 16:36:23,500] {processor.py:161} INFO - Processing /Users/abhaymone/src/dev/sand/MANAGE-GMAIL/venv/lib/python3.9/site-packages/airflow/example_dags/example_branch_day_of_week_operator.py took 0.097 seconds
[2022-08-21 16:37:23,271] {processor.py:153} INFO - Started process (PID=3884) to work on /Users/abhaymone/src/dev/sand/MANAGE-GMAIL/venv/lib/python3.9/site-packages/airflow/example_dags/example_branch_day_of_week_operator.py
[2022-08-21 16:37:23,271] {processor.py:641} INFO - Processing file /Users/abhaymone/src/dev/sand/MANAGE-GMAIL/venv/lib/python3.9/site-packages/airflow/example_dags/example_branch_day_of_week_operator.py for tasks to queue
[2022-08-21 16:37:23,271] {logging_mixin.py:115} INFO - [2022-08-21 16:37:23,271] {dagbag.py:508} INFO - Filling up the DagBag from /Users/abhaymone/src/dev/sand/MANAGE-GMAIL/venv/lib/python3.9/site-packages/airflow/example_dags/example_branch_day_of_week_operator.py
[2022-08-21 16:37:23,282] {processor.py:651} INFO - DAG(s) dict_keys(['example_weekday_branch_operator']) retrieved from /Users/abhaymone/src/dev/sand/MANAGE-GMAIL/venv/lib/python3.9/site-packages/airflow/example_dags/example_branch_day_of_week_operator.py
[2022-08-21 16:37:23,330] {logging_mixin.py:115} INFO - [2022-08-21 16:37:23,330] {dag.py:2420} INFO - Sync 1 DAGs
[2022-08-21 16:37:23,342] {logging_mixin.py:115} INFO - [2022-08-21 16:37:23,342] {dag.py:2968} INFO - Setting next_dagrun for example_weekday_branch_operator to 2022-08-20T00:00:00+00:00, run_after=2022-08-21T00:00:00+00:00
[2022-08-21 16:37:23,358] {processor.py:161} INFO - Processing /Users/abhaymone/src/dev/sand/MANAGE-GMAIL/venv/lib/python3.9/site-packages/airflow/example_dags/example_branch_day_of_week_operator.py took 0.088 seconds
[2022-08-21 16:38:18,282] {processor.py:153} INFO - Started process (PID=3918) to work on /Users/abhaymone/src/dev/sand/MANAGE-GMAIL/venv/lib/python3.9/site-packages/airflow/example_dags/example_branch_day_of_week_operator.py
[2022-08-21 16:38:18,282] {processor.py:641} INFO - Processing file /Users/abhaymone/src/dev/sand/MANAGE-GMAIL/venv/lib/python3.9/site-packages/airflow/example_dags/example_branch_day_of_week_operator.py for tasks to queue
[2022-08-21 16:38:18,283] {logging_mixin.py:115} INFO - [2022-08-21 16:38:18,283] {dagbag.py:508} INFO - Filling up the DagBag from /Users/abhaymone/src/dev/sand/MANAGE-GMAIL/venv/lib/python3.9/site-packages/airflow/example_dags/example_branch_day_of_week_operator.py
[2022-08-21 16:38:18,297] {processor.py:651} INFO - DAG(s) dict_keys(['example_weekday_branch_operator']) retrieved from /Users/abhaymone/src/dev/sand/MANAGE-GMAIL/venv/lib/python3.9/site-packages/airflow/example_dags/example_branch_day_of_week_operator.py
[2022-08-21 16:38:18,360] {logging_mixin.py:115} INFO - [2022-08-21 16:38:18,360] {dag.py:2420} INFO - Sync 1 DAGs
[2022-08-21 16:38:18,374] {logging_mixin.py:115} INFO - [2022-08-21 16:38:18,374] {dag.py:2968} INFO - Setting next_dagrun for example_weekday_branch_operator to 2022-08-20T00:00:00+00:00, run_after=2022-08-21T00:00:00+00:00
[2022-08-21 16:38:18,395] {processor.py:161} INFO - Processing /Users/abhaymone/src/dev/sand/MANAGE-GMAIL/venv/lib/python3.9/site-packages/airflow/example_dags/example_branch_day_of_week_operator.py took 0.113 seconds
[2022-08-21 16:39:21,219] {processor.py:153} INFO - Started process (PID=3955) to work on /Users/abhaymone/src/dev/sand/MANAGE-GMAIL/venv/lib/python3.9/site-packages/airflow/example_dags/example_branch_day_of_week_operator.py
[2022-08-21 16:39:21,225] {processor.py:641} INFO - Processing file /Users/abhaymone/src/dev/sand/MANAGE-GMAIL/venv/lib/python3.9/site-packages/airflow/example_dags/example_branch_day_of_week_operator.py for tasks to queue
[2022-08-21 16:39:21,225] {logging_mixin.py:115} INFO - [2022-08-21 16:39:21,225] {dagbag.py:508} INFO - Filling up the DagBag from /Users/abhaymone/src/dev/sand/MANAGE-GMAIL/venv/lib/python3.9/site-packages/airflow/example_dags/example_branch_day_of_week_operator.py
[2022-08-21 16:39:21,242] {processor.py:651} INFO - DAG(s) dict_keys(['example_weekday_branch_operator']) retrieved from /Users/abhaymone/src/dev/sand/MANAGE-GMAIL/venv/lib/python3.9/site-packages/airflow/example_dags/example_branch_day_of_week_operator.py
[2022-08-21 16:39:21,303] {logging_mixin.py:115} INFO - [2022-08-21 16:39:21,303] {dag.py:2420} INFO - Sync 1 DAGs
[2022-08-21 16:39:21,318] {logging_mixin.py:115} INFO - [2022-08-21 16:39:21,318] {dag.py:2968} INFO - Setting next_dagrun for example_weekday_branch_operator to 2022-08-20T00:00:00+00:00, run_after=2022-08-21T00:00:00+00:00
[2022-08-21 16:39:21,334] {processor.py:161} INFO - Processing /Users/abhaymone/src/dev/sand/MANAGE-GMAIL/venv/lib/python3.9/site-packages/airflow/example_dags/example_branch_day_of_week_operator.py took 0.115 seconds
[2022-08-21 16:40:19,105] {processor.py:153} INFO - Started process (PID=3990) to work on /Users/abhaymone/src/dev/sand/MANAGE-GMAIL/venv/lib/python3.9/site-packages/airflow/example_dags/example_branch_day_of_week_operator.py
[2022-08-21 16:40:19,105] {processor.py:641} INFO - Processing file /Users/abhaymone/src/dev/sand/MANAGE-GMAIL/venv/lib/python3.9/site-packages/airflow/example_dags/example_branch_day_of_week_operator.py for tasks to queue
[2022-08-21 16:40:19,105] {logging_mixin.py:115} INFO - [2022-08-21 16:40:19,105] {dagbag.py:508} INFO - Filling up the DagBag from /Users/abhaymone/src/dev/sand/MANAGE-GMAIL/venv/lib/python3.9/site-packages/airflow/example_dags/example_branch_day_of_week_operator.py
[2022-08-21 16:40:19,116] {processor.py:651} INFO - DAG(s) dict_keys(['example_weekday_branch_operator']) retrieved from /Users/abhaymone/src/dev/sand/MANAGE-GMAIL/venv/lib/python3.9/site-packages/airflow/example_dags/example_branch_day_of_week_operator.py
[2022-08-21 16:40:19,170] {logging_mixin.py:115} INFO - [2022-08-21 16:40:19,169] {dag.py:2420} INFO - Sync 1 DAGs
[2022-08-21 16:40:19,181] {logging_mixin.py:115} INFO - [2022-08-21 16:40:19,181] {dag.py:2968} INFO - Setting next_dagrun for example_weekday_branch_operator to 2022-08-20T00:00:00+00:00, run_after=2022-08-21T00:00:00+00:00
[2022-08-21 16:40:19,196] {processor.py:161} INFO - Processing /Users/abhaymone/src/dev/sand/MANAGE-GMAIL/venv/lib/python3.9/site-packages/airflow/example_dags/example_branch_day_of_week_operator.py took 0.092 seconds
[2022-08-21 16:41:21,305] {processor.py:153} INFO - Started process (PID=4027) to work on /Users/abhaymone/src/dev/sand/MANAGE-GMAIL/venv/lib/python3.9/site-packages/airflow/example_dags/example_branch_day_of_week_operator.py
[2022-08-21 16:41:21,311] {processor.py:641} INFO - Processing file /Users/abhaymone/src/dev/sand/MANAGE-GMAIL/venv/lib/python3.9/site-packages/airflow/example_dags/example_branch_day_of_week_operator.py for tasks to queue
[2022-08-21 16:41:21,311] {logging_mixin.py:115} INFO - [2022-08-21 16:41:21,311] {dagbag.py:508} INFO - Filling up the DagBag from /Users/abhaymone/src/dev/sand/MANAGE-GMAIL/venv/lib/python3.9/site-packages/airflow/example_dags/example_branch_day_of_week_operator.py
[2022-08-21 16:41:21,330] {processor.py:651} INFO - DAG(s) dict_keys(['example_weekday_branch_operator']) retrieved from /Users/abhaymone/src/dev/sand/MANAGE-GMAIL/venv/lib/python3.9/site-packages/airflow/example_dags/example_branch_day_of_week_operator.py
[2022-08-21 16:41:21,382] {logging_mixin.py:115} INFO - [2022-08-21 16:41:21,382] {dag.py:2420} INFO - Sync 1 DAGs
[2022-08-21 16:41:21,394] {logging_mixin.py:115} INFO - [2022-08-21 16:41:21,394] {dag.py:2968} INFO - Setting next_dagrun for example_weekday_branch_operator to 2022-08-20T00:00:00+00:00, run_after=2022-08-21T00:00:00+00:00
[2022-08-21 16:41:21,407] {processor.py:161} INFO - Processing /Users/abhaymone/src/dev/sand/MANAGE-GMAIL/venv/lib/python3.9/site-packages/airflow/example_dags/example_branch_day_of_week_operator.py took 0.103 seconds
[2022-08-21 16:42:21,631] {processor.py:153} INFO - Started process (PID=4064) to work on /Users/abhaymone/src/dev/sand/MANAGE-GMAIL/venv/lib/python3.9/site-packages/airflow/example_dags/example_branch_day_of_week_operator.py
[2022-08-21 16:42:21,632] {processor.py:641} INFO - Processing file /Users/abhaymone/src/dev/sand/MANAGE-GMAIL/venv/lib/python3.9/site-packages/airflow/example_dags/example_branch_day_of_week_operator.py for tasks to queue
[2022-08-21 16:42:21,632] {logging_mixin.py:115} INFO - [2022-08-21 16:42:21,632] {dagbag.py:508} INFO - Filling up the DagBag from /Users/abhaymone/src/dev/sand/MANAGE-GMAIL/venv/lib/python3.9/site-packages/airflow/example_dags/example_branch_day_of_week_operator.py
[2022-08-21 16:42:21,644] {processor.py:651} INFO - DAG(s) dict_keys(['example_weekday_branch_operator']) retrieved from /Users/abhaymone/src/dev/sand/MANAGE-GMAIL/venv/lib/python3.9/site-packages/airflow/example_dags/example_branch_day_of_week_operator.py
[2022-08-21 16:42:21,696] {logging_mixin.py:115} INFO - [2022-08-21 16:42:21,696] {dag.py:2420} INFO - Sync 1 DAGs
[2022-08-21 16:42:21,709] {logging_mixin.py:115} INFO - [2022-08-21 16:42:21,709] {dag.py:2968} INFO - Setting next_dagrun for example_weekday_branch_operator to 2022-08-20T00:00:00+00:00, run_after=2022-08-21T00:00:00+00:00
[2022-08-21 16:42:21,725] {processor.py:161} INFO - Processing /Users/abhaymone/src/dev/sand/MANAGE-GMAIL/venv/lib/python3.9/site-packages/airflow/example_dags/example_branch_day_of_week_operator.py took 0.094 seconds
[2022-08-21 16:43:25,238] {processor.py:153} INFO - Started process (PID=4107) to work on /Users/abhaymone/src/dev/sand/MANAGE-GMAIL/venv/lib/python3.9/site-packages/airflow/example_dags/example_branch_day_of_week_operator.py
[2022-08-21 16:43:25,239] {processor.py:641} INFO - Processing file /Users/abhaymone/src/dev/sand/MANAGE-GMAIL/venv/lib/python3.9/site-packages/airflow/example_dags/example_branch_day_of_week_operator.py for tasks to queue
[2022-08-21 16:43:25,239] {logging_mixin.py:115} INFO - [2022-08-21 16:43:25,239] {dagbag.py:508} INFO - Filling up the DagBag from /Users/abhaymone/src/dev/sand/MANAGE-GMAIL/venv/lib/python3.9/site-packages/airflow/example_dags/example_branch_day_of_week_operator.py
[2022-08-21 16:43:25,257] {processor.py:651} INFO - DAG(s) dict_keys(['example_weekday_branch_operator']) retrieved from /Users/abhaymone/src/dev/sand/MANAGE-GMAIL/venv/lib/python3.9/site-packages/airflow/example_dags/example_branch_day_of_week_operator.py
[2022-08-21 16:43:25,317] {logging_mixin.py:115} INFO - [2022-08-21 16:43:25,317] {dag.py:2420} INFO - Sync 1 DAGs
[2022-08-21 16:43:25,331] {logging_mixin.py:115} INFO - [2022-08-21 16:43:25,331] {dag.py:2968} INFO - Setting next_dagrun for example_weekday_branch_operator to 2022-08-20T00:00:00+00:00, run_after=2022-08-21T00:00:00+00:00
[2022-08-21 16:43:25,344] {processor.py:161} INFO - Processing /Users/abhaymone/src/dev/sand/MANAGE-GMAIL/venv/lib/python3.9/site-packages/airflow/example_dags/example_branch_day_of_week_operator.py took 0.106 seconds
[2022-08-21 16:44:29,480] {processor.py:153} INFO - Started process (PID=4225) to work on /Users/abhaymone/src/dev/sand/MANAGE-GMAIL/venv/lib/python3.9/site-packages/airflow/example_dags/example_branch_day_of_week_operator.py
[2022-08-21 16:44:29,486] {processor.py:641} INFO - Processing file /Users/abhaymone/src/dev/sand/MANAGE-GMAIL/venv/lib/python3.9/site-packages/airflow/example_dags/example_branch_day_of_week_operator.py for tasks to queue
[2022-08-21 16:44:29,487] {logging_mixin.py:115} INFO - [2022-08-21 16:44:29,487] {dagbag.py:508} INFO - Filling up the DagBag from /Users/abhaymone/src/dev/sand/MANAGE-GMAIL/venv/lib/python3.9/site-packages/airflow/example_dags/example_branch_day_of_week_operator.py
[2022-08-21 16:44:29,507] {processor.py:651} INFO - DAG(s) dict_keys(['example_weekday_branch_operator']) retrieved from /Users/abhaymone/src/dev/sand/MANAGE-GMAIL/venv/lib/python3.9/site-packages/airflow/example_dags/example_branch_day_of_week_operator.py
[2022-08-21 16:44:29,554] {logging_mixin.py:115} INFO - [2022-08-21 16:44:29,554] {dag.py:2420} INFO - Sync 1 DAGs
[2022-08-21 16:44:29,566] {logging_mixin.py:115} INFO - [2022-08-21 16:44:29,566] {dag.py:2968} INFO - Setting next_dagrun for example_weekday_branch_operator to 2022-08-20T00:00:00+00:00, run_after=2022-08-21T00:00:00+00:00
[2022-08-21 16:44:29,577] {processor.py:161} INFO - Processing /Users/abhaymone/src/dev/sand/MANAGE-GMAIL/venv/lib/python3.9/site-packages/airflow/example_dags/example_branch_day_of_week_operator.py took 0.097 seconds
[2022-08-21 16:45:27,014] {processor.py:153} INFO - Started process (PID=4336) to work on /Users/abhaymone/src/dev/sand/MANAGE-GMAIL/venv/lib/python3.9/site-packages/airflow/example_dags/example_branch_day_of_week_operator.py
[2022-08-21 16:45:27,014] {processor.py:641} INFO - Processing file /Users/abhaymone/src/dev/sand/MANAGE-GMAIL/venv/lib/python3.9/site-packages/airflow/example_dags/example_branch_day_of_week_operator.py for tasks to queue
[2022-08-21 16:45:27,014] {logging_mixin.py:115} INFO - [2022-08-21 16:45:27,014] {dagbag.py:508} INFO - Filling up the DagBag from /Users/abhaymone/src/dev/sand/MANAGE-GMAIL/venv/lib/python3.9/site-packages/airflow/example_dags/example_branch_day_of_week_operator.py
[2022-08-21 16:45:27,025] {processor.py:651} INFO - DAG(s) dict_keys(['example_weekday_branch_operator']) retrieved from /Users/abhaymone/src/dev/sand/MANAGE-GMAIL/venv/lib/python3.9/site-packages/airflow/example_dags/example_branch_day_of_week_operator.py
[2022-08-21 16:45:27,075] {logging_mixin.py:115} INFO - [2022-08-21 16:45:27,075] {dag.py:2420} INFO - Sync 1 DAGs
[2022-08-21 16:45:27,087] {logging_mixin.py:115} INFO - [2022-08-21 16:45:27,087] {dag.py:2968} INFO - Setting next_dagrun for example_weekday_branch_operator to 2022-08-20T00:00:00+00:00, run_after=2022-08-21T00:00:00+00:00
[2022-08-21 16:45:27,111] {processor.py:161} INFO - Processing /Users/abhaymone/src/dev/sand/MANAGE-GMAIL/venv/lib/python3.9/site-packages/airflow/example_dags/example_branch_day_of_week_operator.py took 0.098 seconds
[2022-08-21 16:46:25,817] {processor.py:153} INFO - Started process (PID=4448) to work on /Users/abhaymone/src/dev/sand/MANAGE-GMAIL/venv/lib/python3.9/site-packages/airflow/example_dags/example_branch_day_of_week_operator.py
[2022-08-21 16:46:25,823] {processor.py:641} INFO - Processing file /Users/abhaymone/src/dev/sand/MANAGE-GMAIL/venv/lib/python3.9/site-packages/airflow/example_dags/example_branch_day_of_week_operator.py for tasks to queue
[2022-08-21 16:46:25,823] {logging_mixin.py:115} INFO - [2022-08-21 16:46:25,823] {dagbag.py:508} INFO - Filling up the DagBag from /Users/abhaymone/src/dev/sand/MANAGE-GMAIL/venv/lib/python3.9/site-packages/airflow/example_dags/example_branch_day_of_week_operator.py
[2022-08-21 16:46:25,841] {processor.py:651} INFO - DAG(s) dict_keys(['example_weekday_branch_operator']) retrieved from /Users/abhaymone/src/dev/sand/MANAGE-GMAIL/venv/lib/python3.9/site-packages/airflow/example_dags/example_branch_day_of_week_operator.py
[2022-08-21 16:46:25,903] {logging_mixin.py:115} INFO - [2022-08-21 16:46:25,902] {dag.py:2420} INFO - Sync 1 DAGs
[2022-08-21 16:46:25,916] {logging_mixin.py:115} INFO - [2022-08-21 16:46:25,916] {dag.py:2968} INFO - Setting next_dagrun for example_weekday_branch_operator to 2022-08-20T00:00:00+00:00, run_after=2022-08-21T00:00:00+00:00
[2022-08-21 16:46:25,929] {processor.py:161} INFO - Processing /Users/abhaymone/src/dev/sand/MANAGE-GMAIL/venv/lib/python3.9/site-packages/airflow/example_dags/example_branch_day_of_week_operator.py took 0.113 seconds
[2022-08-21 16:47:25,555] {processor.py:153} INFO - Started process (PID=4551) to work on /Users/abhaymone/src/dev/sand/MANAGE-GMAIL/venv/lib/python3.9/site-packages/airflow/example_dags/example_branch_day_of_week_operator.py
[2022-08-21 16:47:25,561] {processor.py:641} INFO - Processing file /Users/abhaymone/src/dev/sand/MANAGE-GMAIL/venv/lib/python3.9/site-packages/airflow/example_dags/example_branch_day_of_week_operator.py for tasks to queue
[2022-08-21 16:47:25,562] {logging_mixin.py:115} INFO - [2022-08-21 16:47:25,562] {dagbag.py:508} INFO - Filling up the DagBag from /Users/abhaymone/src/dev/sand/MANAGE-GMAIL/venv/lib/python3.9/site-packages/airflow/example_dags/example_branch_day_of_week_operator.py
[2022-08-21 16:47:25,579] {processor.py:651} INFO - DAG(s) dict_keys(['example_weekday_branch_operator']) retrieved from /Users/abhaymone/src/dev/sand/MANAGE-GMAIL/venv/lib/python3.9/site-packages/airflow/example_dags/example_branch_day_of_week_operator.py
[2022-08-21 16:47:25,633] {logging_mixin.py:115} INFO - [2022-08-21 16:47:25,633] {dag.py:2420} INFO - Sync 1 DAGs
[2022-08-21 16:47:25,646] {logging_mixin.py:115} INFO - [2022-08-21 16:47:25,646] {dag.py:2968} INFO - Setting next_dagrun for example_weekday_branch_operator to 2022-08-20T00:00:00+00:00, run_after=2022-08-21T00:00:00+00:00
[2022-08-21 16:47:25,660] {processor.py:161} INFO - Processing /Users/abhaymone/src/dev/sand/MANAGE-GMAIL/venv/lib/python3.9/site-packages/airflow/example_dags/example_branch_day_of_week_operator.py took 0.105 seconds
[2022-08-21 16:48:34,714] {processor.py:153} INFO - Started process (PID=4599) to work on /Users/abhaymone/src/dev/sand/MANAGE-GMAIL/venv/lib/python3.9/site-packages/airflow/example_dags/example_branch_day_of_week_operator.py
[2022-08-21 16:48:34,720] {processor.py:641} INFO - Processing file /Users/abhaymone/src/dev/sand/MANAGE-GMAIL/venv/lib/python3.9/site-packages/airflow/example_dags/example_branch_day_of_week_operator.py for tasks to queue
[2022-08-21 16:48:34,720] {logging_mixin.py:115} INFO - [2022-08-21 16:48:34,720] {dagbag.py:508} INFO - Filling up the DagBag from /Users/abhaymone/src/dev/sand/MANAGE-GMAIL/venv/lib/python3.9/site-packages/airflow/example_dags/example_branch_day_of_week_operator.py
[2022-08-21 16:48:34,737] {processor.py:651} INFO - DAG(s) dict_keys(['example_weekday_branch_operator']) retrieved from /Users/abhaymone/src/dev/sand/MANAGE-GMAIL/venv/lib/python3.9/site-packages/airflow/example_dags/example_branch_day_of_week_operator.py
[2022-08-21 16:48:34,794] {logging_mixin.py:115} INFO - [2022-08-21 16:48:34,794] {dag.py:2420} INFO - Sync 1 DAGs
[2022-08-21 16:48:34,811] {logging_mixin.py:115} INFO - [2022-08-21 16:48:34,811] {dag.py:2968} INFO - Setting next_dagrun for example_weekday_branch_operator to 2022-08-20T00:00:00+00:00, run_after=2022-08-21T00:00:00+00:00
[2022-08-21 16:48:34,822] {processor.py:161} INFO - Processing /Users/abhaymone/src/dev/sand/MANAGE-GMAIL/venv/lib/python3.9/site-packages/airflow/example_dags/example_branch_day_of_week_operator.py took 0.108 seconds
[2022-08-21 16:49:36,429] {processor.py:153} INFO - Started process (PID=4642) to work on /Users/abhaymone/src/dev/sand/MANAGE-GMAIL/venv/lib/python3.9/site-packages/airflow/example_dags/example_branch_day_of_week_operator.py
[2022-08-21 16:49:36,434] {processor.py:641} INFO - Processing file /Users/abhaymone/src/dev/sand/MANAGE-GMAIL/venv/lib/python3.9/site-packages/airflow/example_dags/example_branch_day_of_week_operator.py for tasks to queue
[2022-08-21 16:49:36,435] {logging_mixin.py:115} INFO - [2022-08-21 16:49:36,435] {dagbag.py:508} INFO - Filling up the DagBag from /Users/abhaymone/src/dev/sand/MANAGE-GMAIL/venv/lib/python3.9/site-packages/airflow/example_dags/example_branch_day_of_week_operator.py
[2022-08-21 16:49:36,455] {processor.py:651} INFO - DAG(s) dict_keys(['example_weekday_branch_operator']) retrieved from /Users/abhaymone/src/dev/sand/MANAGE-GMAIL/venv/lib/python3.9/site-packages/airflow/example_dags/example_branch_day_of_week_operator.py
[2022-08-21 16:49:36,511] {logging_mixin.py:115} INFO - [2022-08-21 16:49:36,511] {dag.py:2420} INFO - Sync 1 DAGs
[2022-08-21 16:49:36,532] {logging_mixin.py:115} INFO - [2022-08-21 16:49:36,532] {dag.py:2968} INFO - Setting next_dagrun for example_weekday_branch_operator to 2022-08-20T00:00:00+00:00, run_after=2022-08-21T00:00:00+00:00
[2022-08-21 16:49:36,549] {processor.py:161} INFO - Processing /Users/abhaymone/src/dev/sand/MANAGE-GMAIL/venv/lib/python3.9/site-packages/airflow/example_dags/example_branch_day_of_week_operator.py took 0.121 seconds
[2022-08-21 16:50:39,493] {processor.py:153} INFO - Started process (PID=4678) to work on /Users/abhaymone/src/dev/sand/MANAGE-GMAIL/venv/lib/python3.9/site-packages/airflow/example_dags/example_branch_day_of_week_operator.py
[2022-08-21 16:50:39,494] {processor.py:641} INFO - Processing file /Users/abhaymone/src/dev/sand/MANAGE-GMAIL/venv/lib/python3.9/site-packages/airflow/example_dags/example_branch_day_of_week_operator.py for tasks to queue
[2022-08-21 16:50:39,494] {logging_mixin.py:115} INFO - [2022-08-21 16:50:39,494] {dagbag.py:508} INFO - Filling up the DagBag from /Users/abhaymone/src/dev/sand/MANAGE-GMAIL/venv/lib/python3.9/site-packages/airflow/example_dags/example_branch_day_of_week_operator.py
[2022-08-21 16:50:39,510] {processor.py:651} INFO - DAG(s) dict_keys(['example_weekday_branch_operator']) retrieved from /Users/abhaymone/src/dev/sand/MANAGE-GMAIL/venv/lib/python3.9/site-packages/airflow/example_dags/example_branch_day_of_week_operator.py
[2022-08-21 16:50:39,559] {logging_mixin.py:115} INFO - [2022-08-21 16:50:39,559] {dag.py:2420} INFO - Sync 1 DAGs
[2022-08-21 16:50:39,571] {logging_mixin.py:115} INFO - [2022-08-21 16:50:39,571] {dag.py:2968} INFO - Setting next_dagrun for example_weekday_branch_operator to 2022-08-20T00:00:00+00:00, run_after=2022-08-21T00:00:00+00:00
[2022-08-21 16:50:39,580] {processor.py:161} INFO - Processing /Users/abhaymone/src/dev/sand/MANAGE-GMAIL/venv/lib/python3.9/site-packages/airflow/example_dags/example_branch_day_of_week_operator.py took 0.088 seconds
[2022-08-21 16:51:37,201] {processor.py:153} INFO - Started process (PID=4790) to work on /Users/abhaymone/src/dev/sand/MANAGE-GMAIL/venv/lib/python3.9/site-packages/airflow/example_dags/example_branch_day_of_week_operator.py
[2022-08-21 16:51:37,206] {processor.py:641} INFO - Processing file /Users/abhaymone/src/dev/sand/MANAGE-GMAIL/venv/lib/python3.9/site-packages/airflow/example_dags/example_branch_day_of_week_operator.py for tasks to queue
[2022-08-21 16:51:37,207] {logging_mixin.py:115} INFO - [2022-08-21 16:51:37,206] {dagbag.py:508} INFO - Filling up the DagBag from /Users/abhaymone/src/dev/sand/MANAGE-GMAIL/venv/lib/python3.9/site-packages/airflow/example_dags/example_branch_day_of_week_operator.py
[2022-08-21 16:51:37,223] {processor.py:651} INFO - DAG(s) dict_keys(['example_weekday_branch_operator']) retrieved from /Users/abhaymone/src/dev/sand/MANAGE-GMAIL/venv/lib/python3.9/site-packages/airflow/example_dags/example_branch_day_of_week_operator.py
[2022-08-21 16:51:37,280] {logging_mixin.py:115} INFO - [2022-08-21 16:51:37,280] {dag.py:2420} INFO - Sync 1 DAGs
[2022-08-21 16:51:37,295] {logging_mixin.py:115} INFO - [2022-08-21 16:51:37,294] {dag.py:2968} INFO - Setting next_dagrun for example_weekday_branch_operator to 2022-08-20T00:00:00+00:00, run_after=2022-08-21T00:00:00+00:00
[2022-08-21 16:51:37,308] {processor.py:161} INFO - Processing /Users/abhaymone/src/dev/sand/MANAGE-GMAIL/venv/lib/python3.9/site-packages/airflow/example_dags/example_branch_day_of_week_operator.py took 0.107 seconds
[2022-08-21 16:52:34,832] {processor.py:153} INFO - Started process (PID=5016) to work on /Users/abhaymone/src/dev/sand/MANAGE-GMAIL/venv/lib/python3.9/site-packages/airflow/example_dags/example_branch_day_of_week_operator.py
[2022-08-21 16:52:34,832] {processor.py:641} INFO - Processing file /Users/abhaymone/src/dev/sand/MANAGE-GMAIL/venv/lib/python3.9/site-packages/airflow/example_dags/example_branch_day_of_week_operator.py for tasks to queue
[2022-08-21 16:52:34,838] {logging_mixin.py:115} INFO - [2022-08-21 16:52:34,838] {dagbag.py:508} INFO - Filling up the DagBag from /Users/abhaymone/src/dev/sand/MANAGE-GMAIL/venv/lib/python3.9/site-packages/airflow/example_dags/example_branch_day_of_week_operator.py
[2022-08-21 16:52:34,854] {processor.py:651} INFO - DAG(s) dict_keys(['example_weekday_branch_operator']) retrieved from /Users/abhaymone/src/dev/sand/MANAGE-GMAIL/venv/lib/python3.9/site-packages/airflow/example_dags/example_branch_day_of_week_operator.py
[2022-08-21 16:52:34,902] {logging_mixin.py:115} INFO - [2022-08-21 16:52:34,902] {dag.py:2420} INFO - Sync 1 DAGs
[2022-08-21 16:52:34,914] {logging_mixin.py:115} INFO - [2022-08-21 16:52:34,914] {dag.py:2968} INFO - Setting next_dagrun for example_weekday_branch_operator to 2022-08-20T00:00:00+00:00, run_after=2022-08-21T00:00:00+00:00
[2022-08-21 16:52:34,927] {processor.py:161} INFO - Processing /Users/abhaymone/src/dev/sand/MANAGE-GMAIL/venv/lib/python3.9/site-packages/airflow/example_dags/example_branch_day_of_week_operator.py took 0.095 seconds
[2022-08-21 16:53:37,222] {processor.py:153} INFO - Started process (PID=5138) to work on /Users/abhaymone/src/dev/sand/MANAGE-GMAIL/venv/lib/python3.9/site-packages/airflow/example_dags/example_branch_day_of_week_operator.py
[2022-08-21 16:53:37,223] {processor.py:641} INFO - Processing file /Users/abhaymone/src/dev/sand/MANAGE-GMAIL/venv/lib/python3.9/site-packages/airflow/example_dags/example_branch_day_of_week_operator.py for tasks to queue
[2022-08-21 16:53:37,223] {logging_mixin.py:115} INFO - [2022-08-21 16:53:37,223] {dagbag.py:508} INFO - Filling up the DagBag from /Users/abhaymone/src/dev/sand/MANAGE-GMAIL/venv/lib/python3.9/site-packages/airflow/example_dags/example_branch_day_of_week_operator.py
[2022-08-21 16:53:37,234] {processor.py:651} INFO - DAG(s) dict_keys(['example_weekday_branch_operator']) retrieved from /Users/abhaymone/src/dev/sand/MANAGE-GMAIL/venv/lib/python3.9/site-packages/airflow/example_dags/example_branch_day_of_week_operator.py
[2022-08-21 16:53:37,284] {logging_mixin.py:115} INFO - [2022-08-21 16:53:37,284] {dag.py:2420} INFO - Sync 1 DAGs
[2022-08-21 16:53:37,296] {logging_mixin.py:115} INFO - [2022-08-21 16:53:37,296] {dag.py:2968} INFO - Setting next_dagrun for example_weekday_branch_operator to 2022-08-20T00:00:00+00:00, run_after=2022-08-21T00:00:00+00:00
[2022-08-21 16:53:37,304] {processor.py:161} INFO - Processing /Users/abhaymone/src/dev/sand/MANAGE-GMAIL/venv/lib/python3.9/site-packages/airflow/example_dags/example_branch_day_of_week_operator.py took 0.082 seconds
[2022-08-21 16:54:37,508] {processor.py:153} INFO - Started process (PID=5188) to work on /Users/abhaymone/src/dev/sand/MANAGE-GMAIL/venv/lib/python3.9/site-packages/airflow/example_dags/example_branch_day_of_week_operator.py
[2022-08-21 16:54:37,508] {processor.py:641} INFO - Processing file /Users/abhaymone/src/dev/sand/MANAGE-GMAIL/venv/lib/python3.9/site-packages/airflow/example_dags/example_branch_day_of_week_operator.py for tasks to queue
[2022-08-21 16:54:37,508] {logging_mixin.py:115} INFO - [2022-08-21 16:54:37,508] {dagbag.py:508} INFO - Filling up the DagBag from /Users/abhaymone/src/dev/sand/MANAGE-GMAIL/venv/lib/python3.9/site-packages/airflow/example_dags/example_branch_day_of_week_operator.py
[2022-08-21 16:54:37,522] {processor.py:651} INFO - DAG(s) dict_keys(['example_weekday_branch_operator']) retrieved from /Users/abhaymone/src/dev/sand/MANAGE-GMAIL/venv/lib/python3.9/site-packages/airflow/example_dags/example_branch_day_of_week_operator.py
[2022-08-21 16:54:37,589] {logging_mixin.py:115} INFO - [2022-08-21 16:54:37,589] {dag.py:2420} INFO - Sync 1 DAGs
[2022-08-21 16:54:37,601] {logging_mixin.py:115} INFO - [2022-08-21 16:54:37,601] {dag.py:2968} INFO - Setting next_dagrun for example_weekday_branch_operator to 2022-08-20T00:00:00+00:00, run_after=2022-08-21T00:00:00+00:00
[2022-08-21 16:54:37,615] {processor.py:161} INFO - Processing /Users/abhaymone/src/dev/sand/MANAGE-GMAIL/venv/lib/python3.9/site-packages/airflow/example_dags/example_branch_day_of_week_operator.py took 0.108 seconds
