[2022-08-21 16:14:04,797] {processor.py:153} INFO - Started process (PID=3340) to work on /Users/abhaymone/src/dev/sand/MANAGE-GMAIL/venv/lib/python3.9/site-packages/airflow/example_dags/tutorial.py
[2022-08-21 16:14:04,797] {processor.py:641} INFO - Processing file /Users/abhaymone/src/dev/sand/MANAGE-GMAIL/venv/lib/python3.9/site-packages/airflow/example_dags/tutorial.py for tasks to queue
[2022-08-21 16:14:04,797] {logging_mixin.py:115} INFO - [2022-08-21 16:14:04,797] {dagbag.py:508} INFO - Filling up the DagBag from /Users/abhaymone/src/dev/sand/MANAGE-GMAIL/venv/lib/python3.9/site-packages/airflow/example_dags/tutorial.py
[2022-08-21 16:14:04,817] {processor.py:651} INFO - DAG(s) dict_keys(['tutorial']) retrieved from /Users/abhaymone/src/dev/sand/MANAGE-GMAIL/venv/lib/python3.9/site-packages/airflow/example_dags/tutorial.py
[2022-08-21 16:14:05,477] {logging_mixin.py:115} INFO - [2022-08-21 16:14:05,477] {manager.py:508} INFO - Created Permission View: can edit on DAG:tutorial
[2022-08-21 16:14:05,483] {logging_mixin.py:115} INFO - [2022-08-21 16:14:05,483] {manager.py:508} INFO - Created Permission View: can read on DAG:tutorial
[2022-08-21 16:14:05,529] {logging_mixin.py:115} INFO - [2022-08-21 16:14:05,529] {manager.py:508} INFO - Created Permission View: can delete on DAG:tutorial
[2022-08-21 16:14:05,529] {logging_mixin.py:115} INFO - [2022-08-21 16:14:05,529] {dag.py:2420} INFO - Sync 1 DAGs
[2022-08-21 16:14:05,536] {logging_mixin.py:115} INFO - [2022-08-21 16:14:05,536] {dag.py:2439} INFO - Creating ORM DAG for tutorial
[2022-08-21 16:14:05,543] {logging_mixin.py:115} INFO - [2022-08-21 16:14:05,543] {dag.py:2968} INFO - Setting next_dagrun for tutorial to 2022-08-20T20:14:05.543800+00:00, run_after=2022-08-21T20:14:05.543800+00:00
[2022-08-21 16:14:05,555] {processor.py:161} INFO - Processing /Users/abhaymone/src/dev/sand/MANAGE-GMAIL/venv/lib/python3.9/site-packages/airflow/example_dags/tutorial.py took 0.758 seconds
[2022-08-21 16:15:31,673] {processor.py:153} INFO - Started process (PID=3415) to work on /Users/abhaymone/src/dev/sand/MANAGE-GMAIL/venv/lib/python3.9/site-packages/airflow/example_dags/tutorial.py
[2022-08-21 16:15:31,679] {processor.py:641} INFO - Processing file /Users/abhaymone/src/dev/sand/MANAGE-GMAIL/venv/lib/python3.9/site-packages/airflow/example_dags/tutorial.py for tasks to queue
[2022-08-21 16:15:31,680] {logging_mixin.py:115} INFO - [2022-08-21 16:15:31,680] {dagbag.py:508} INFO - Filling up the DagBag from /Users/abhaymone/src/dev/sand/MANAGE-GMAIL/venv/lib/python3.9/site-packages/airflow/example_dags/tutorial.py
[2022-08-21 16:15:31,696] {processor.py:651} INFO - DAG(s) dict_keys(['tutorial']) retrieved from /Users/abhaymone/src/dev/sand/MANAGE-GMAIL/venv/lib/python3.9/site-packages/airflow/example_dags/tutorial.py
[2022-08-21 16:15:31,744] {logging_mixin.py:115} INFO - [2022-08-21 16:15:31,744] {dag.py:2420} INFO - Sync 1 DAGs
[2022-08-21 16:15:31,754] {logging_mixin.py:115} INFO - [2022-08-21 16:15:31,754] {dag.py:2968} INFO - Setting next_dagrun for tutorial to 2022-08-20T20:15:31.754699+00:00, run_after=2022-08-21T20:15:31.754699+00:00
[2022-08-21 16:15:31,766] {processor.py:161} INFO - Processing /Users/abhaymone/src/dev/sand/MANAGE-GMAIL/venv/lib/python3.9/site-packages/airflow/example_dags/tutorial.py took 0.093 seconds
[2022-08-21 16:16:29,114] {processor.py:153} INFO - Started process (PID=3449) to work on /Users/abhaymone/src/dev/sand/MANAGE-GMAIL/venv/lib/python3.9/site-packages/airflow/example_dags/tutorial.py
[2022-08-21 16:16:29,114] {processor.py:641} INFO - Processing file /Users/abhaymone/src/dev/sand/MANAGE-GMAIL/venv/lib/python3.9/site-packages/airflow/example_dags/tutorial.py for tasks to queue
[2022-08-21 16:16:29,115] {logging_mixin.py:115} INFO - [2022-08-21 16:16:29,115] {dagbag.py:508} INFO - Filling up the DagBag from /Users/abhaymone/src/dev/sand/MANAGE-GMAIL/venv/lib/python3.9/site-packages/airflow/example_dags/tutorial.py
[2022-08-21 16:16:29,123] {processor.py:651} INFO - DAG(s) dict_keys(['tutorial']) retrieved from /Users/abhaymone/src/dev/sand/MANAGE-GMAIL/venv/lib/python3.9/site-packages/airflow/example_dags/tutorial.py
[2022-08-21 16:16:29,173] {logging_mixin.py:115} INFO - [2022-08-21 16:16:29,173] {dag.py:2420} INFO - Sync 1 DAGs
[2022-08-21 16:16:29,184] {logging_mixin.py:115} INFO - [2022-08-21 16:16:29,184] {dag.py:2968} INFO - Setting next_dagrun for tutorial to 2022-08-20T20:16:29.184034+00:00, run_after=2022-08-21T20:16:29.184034+00:00
[2022-08-21 16:16:29,194] {processor.py:161} INFO - Processing /Users/abhaymone/src/dev/sand/MANAGE-GMAIL/venv/lib/python3.9/site-packages/airflow/example_dags/tutorial.py took 0.080 seconds
[2022-08-21 16:17:24,519] {processor.py:153} INFO - Started process (PID=3484) to work on /Users/abhaymone/src/dev/sand/MANAGE-GMAIL/venv/lib/python3.9/site-packages/airflow/example_dags/tutorial.py
[2022-08-21 16:17:24,519] {processor.py:641} INFO - Processing file /Users/abhaymone/src/dev/sand/MANAGE-GMAIL/venv/lib/python3.9/site-packages/airflow/example_dags/tutorial.py for tasks to queue
[2022-08-21 16:17:24,519] {logging_mixin.py:115} INFO - [2022-08-21 16:17:24,519] {dagbag.py:508} INFO - Filling up the DagBag from /Users/abhaymone/src/dev/sand/MANAGE-GMAIL/venv/lib/python3.9/site-packages/airflow/example_dags/tutorial.py
[2022-08-21 16:17:24,528] {processor.py:651} INFO - DAG(s) dict_keys(['tutorial']) retrieved from /Users/abhaymone/src/dev/sand/MANAGE-GMAIL/venv/lib/python3.9/site-packages/airflow/example_dags/tutorial.py
[2022-08-21 16:17:24,575] {logging_mixin.py:115} INFO - [2022-08-21 16:17:24,575] {dag.py:2420} INFO - Sync 1 DAGs
[2022-08-21 16:17:24,585] {logging_mixin.py:115} INFO - [2022-08-21 16:17:24,585] {dag.py:2968} INFO - Setting next_dagrun for tutorial to 2022-08-20T20:17:24.585705+00:00, run_after=2022-08-21T20:17:24.585705+00:00
[2022-08-21 16:17:24,602] {processor.py:161} INFO - Processing /Users/abhaymone/src/dev/sand/MANAGE-GMAIL/venv/lib/python3.9/site-packages/airflow/example_dags/tutorial.py took 0.083 seconds
[2022-08-21 16:28:10,516] {processor.py:153} INFO - Started process (PID=3542) to work on /Users/abhaymone/src/dev/sand/MANAGE-GMAIL/venv/lib/python3.9/site-packages/airflow/example_dags/tutorial.py
[2022-08-21 16:28:10,522] {processor.py:641} INFO - Processing file /Users/abhaymone/src/dev/sand/MANAGE-GMAIL/venv/lib/python3.9/site-packages/airflow/example_dags/tutorial.py for tasks to queue
[2022-08-21 16:28:10,522] {logging_mixin.py:115} INFO - [2022-08-21 16:28:10,522] {dagbag.py:508} INFO - Filling up the DagBag from /Users/abhaymone/src/dev/sand/MANAGE-GMAIL/venv/lib/python3.9/site-packages/airflow/example_dags/tutorial.py
[2022-08-21 16:28:10,538] {processor.py:651} INFO - DAG(s) dict_keys(['tutorial']) retrieved from /Users/abhaymone/src/dev/sand/MANAGE-GMAIL/venv/lib/python3.9/site-packages/airflow/example_dags/tutorial.py
[2022-08-21 16:28:10,587] {logging_mixin.py:115} INFO - [2022-08-21 16:28:10,587] {dag.py:2420} INFO - Sync 1 DAGs
[2022-08-21 16:28:10,598] {logging_mixin.py:115} INFO - [2022-08-21 16:28:10,598] {dag.py:2968} INFO - Setting next_dagrun for tutorial to 2022-08-20T20:28:10.598530+00:00, run_after=2022-08-21T20:28:10.598530+00:00
[2022-08-21 16:28:10,609] {processor.py:161} INFO - Processing /Users/abhaymone/src/dev/sand/MANAGE-GMAIL/venv/lib/python3.9/site-packages/airflow/example_dags/tutorial.py took 0.094 seconds
[2022-08-21 16:29:04,169] {processor.py:153} INFO - Started process (PID=3577) to work on /Users/abhaymone/src/dev/sand/MANAGE-GMAIL/venv/lib/python3.9/site-packages/airflow/example_dags/tutorial.py
[2022-08-21 16:29:04,169] {processor.py:641} INFO - Processing file /Users/abhaymone/src/dev/sand/MANAGE-GMAIL/venv/lib/python3.9/site-packages/airflow/example_dags/tutorial.py for tasks to queue
[2022-08-21 16:29:04,169] {logging_mixin.py:115} INFO - [2022-08-21 16:29:04,169] {dagbag.py:508} INFO - Filling up the DagBag from /Users/abhaymone/src/dev/sand/MANAGE-GMAIL/venv/lib/python3.9/site-packages/airflow/example_dags/tutorial.py
[2022-08-21 16:29:04,178] {processor.py:651} INFO - DAG(s) dict_keys(['tutorial']) retrieved from /Users/abhaymone/src/dev/sand/MANAGE-GMAIL/venv/lib/python3.9/site-packages/airflow/example_dags/tutorial.py
[2022-08-21 16:29:04,226] {logging_mixin.py:115} INFO - [2022-08-21 16:29:04,226] {dag.py:2420} INFO - Sync 1 DAGs
[2022-08-21 16:29:04,236] {logging_mixin.py:115} INFO - [2022-08-21 16:29:04,236] {dag.py:2968} INFO - Setting next_dagrun for tutorial to 2022-08-20T20:29:04.236599+00:00, run_after=2022-08-21T20:29:04.236599+00:00
[2022-08-21 16:29:04,249] {processor.py:161} INFO - Processing /Users/abhaymone/src/dev/sand/MANAGE-GMAIL/venv/lib/python3.9/site-packages/airflow/example_dags/tutorial.py took 0.081 seconds
[2022-08-21 16:29:58,355] {processor.py:153} INFO - Started process (PID=3610) to work on /Users/abhaymone/src/dev/sand/MANAGE-GMAIL/venv/lib/python3.9/site-packages/airflow/example_dags/tutorial.py
[2022-08-21 16:29:58,355] {processor.py:641} INFO - Processing file /Users/abhaymone/src/dev/sand/MANAGE-GMAIL/venv/lib/python3.9/site-packages/airflow/example_dags/tutorial.py for tasks to queue
[2022-08-21 16:29:58,355] {logging_mixin.py:115} INFO - [2022-08-21 16:29:58,355] {dagbag.py:508} INFO - Filling up the DagBag from /Users/abhaymone/src/dev/sand/MANAGE-GMAIL/venv/lib/python3.9/site-packages/airflow/example_dags/tutorial.py
[2022-08-21 16:29:58,364] {processor.py:651} INFO - DAG(s) dict_keys(['tutorial']) retrieved from /Users/abhaymone/src/dev/sand/MANAGE-GMAIL/venv/lib/python3.9/site-packages/airflow/example_dags/tutorial.py
[2022-08-21 16:29:58,413] {logging_mixin.py:115} INFO - [2022-08-21 16:29:58,412] {dag.py:2420} INFO - Sync 1 DAGs
[2022-08-21 16:29:58,423] {logging_mixin.py:115} INFO - [2022-08-21 16:29:58,423] {dag.py:2968} INFO - Setting next_dagrun for tutorial to 2022-08-20T20:29:58.423420+00:00, run_after=2022-08-21T20:29:58.423420+00:00
[2022-08-21 16:29:58,440] {processor.py:161} INFO - Processing /Users/abhaymone/src/dev/sand/MANAGE-GMAIL/venv/lib/python3.9/site-packages/airflow/example_dags/tutorial.py took 0.085 seconds
[2022-08-21 16:30:59,405] {processor.py:153} INFO - Started process (PID=3645) to work on /Users/abhaymone/src/dev/sand/MANAGE-GMAIL/venv/lib/python3.9/site-packages/airflow/example_dags/tutorial.py
[2022-08-21 16:30:59,410] {processor.py:641} INFO - Processing file /Users/abhaymone/src/dev/sand/MANAGE-GMAIL/venv/lib/python3.9/site-packages/airflow/example_dags/tutorial.py for tasks to queue
[2022-08-21 16:30:59,411] {logging_mixin.py:115} INFO - [2022-08-21 16:30:59,411] {dagbag.py:508} INFO - Filling up the DagBag from /Users/abhaymone/src/dev/sand/MANAGE-GMAIL/venv/lib/python3.9/site-packages/airflow/example_dags/tutorial.py
[2022-08-21 16:30:59,426] {processor.py:651} INFO - DAG(s) dict_keys(['tutorial']) retrieved from /Users/abhaymone/src/dev/sand/MANAGE-GMAIL/venv/lib/python3.9/site-packages/airflow/example_dags/tutorial.py
[2022-08-21 16:30:59,487] {logging_mixin.py:115} INFO - [2022-08-21 16:30:59,487] {dag.py:2420} INFO - Sync 1 DAGs
[2022-08-21 16:30:59,501] {logging_mixin.py:115} INFO - [2022-08-21 16:30:59,501] {dag.py:2968} INFO - Setting next_dagrun for tutorial to 2022-08-20T20:30:59.501643+00:00, run_after=2022-08-21T20:30:59.501643+00:00
[2022-08-21 16:30:59,514] {processor.py:161} INFO - Processing /Users/abhaymone/src/dev/sand/MANAGE-GMAIL/venv/lib/python3.9/site-packages/airflow/example_dags/tutorial.py took 0.110 seconds
[2022-08-21 16:32:04,662] {processor.py:153} INFO - Started process (PID=3688) to work on /Users/abhaymone/src/dev/sand/MANAGE-GMAIL/venv/lib/python3.9/site-packages/airflow/example_dags/tutorial.py
[2022-08-21 16:32:04,668] {processor.py:641} INFO - Processing file /Users/abhaymone/src/dev/sand/MANAGE-GMAIL/venv/lib/python3.9/site-packages/airflow/example_dags/tutorial.py for tasks to queue
[2022-08-21 16:32:04,669] {logging_mixin.py:115} INFO - [2022-08-21 16:32:04,669] {dagbag.py:508} INFO - Filling up the DagBag from /Users/abhaymone/src/dev/sand/MANAGE-GMAIL/venv/lib/python3.9/site-packages/airflow/example_dags/tutorial.py
[2022-08-21 16:32:04,683] {processor.py:651} INFO - DAG(s) dict_keys(['tutorial']) retrieved from /Users/abhaymone/src/dev/sand/MANAGE-GMAIL/venv/lib/python3.9/site-packages/airflow/example_dags/tutorial.py
[2022-08-21 16:32:04,732] {logging_mixin.py:115} INFO - [2022-08-21 16:32:04,732] {dag.py:2420} INFO - Sync 1 DAGs
[2022-08-21 16:32:04,742] {logging_mixin.py:115} INFO - [2022-08-21 16:32:04,742] {dag.py:2968} INFO - Setting next_dagrun for tutorial to 2022-08-20T20:32:04.742424+00:00, run_after=2022-08-21T20:32:04.742424+00:00
[2022-08-21 16:32:04,754] {processor.py:161} INFO - Processing /Users/abhaymone/src/dev/sand/MANAGE-GMAIL/venv/lib/python3.9/site-packages/airflow/example_dags/tutorial.py took 0.092 seconds
[2022-08-21 16:33:03,017] {processor.py:153} INFO - Started process (PID=3726) to work on /Users/abhaymone/src/dev/sand/MANAGE-GMAIL/venv/lib/python3.9/site-packages/airflow/example_dags/tutorial.py
[2022-08-21 16:33:03,023] {processor.py:641} INFO - Processing file /Users/abhaymone/src/dev/sand/MANAGE-GMAIL/venv/lib/python3.9/site-packages/airflow/example_dags/tutorial.py for tasks to queue
[2022-08-21 16:33:03,023] {logging_mixin.py:115} INFO - [2022-08-21 16:33:03,023] {dagbag.py:508} INFO - Filling up the DagBag from /Users/abhaymone/src/dev/sand/MANAGE-GMAIL/venv/lib/python3.9/site-packages/airflow/example_dags/tutorial.py
[2022-08-21 16:33:03,039] {processor.py:651} INFO - DAG(s) dict_keys(['tutorial']) retrieved from /Users/abhaymone/src/dev/sand/MANAGE-GMAIL/venv/lib/python3.9/site-packages/airflow/example_dags/tutorial.py
[2022-08-21 16:33:03,094] {logging_mixin.py:115} INFO - [2022-08-21 16:33:03,094] {dag.py:2420} INFO - Sync 1 DAGs
[2022-08-21 16:33:03,107] {logging_mixin.py:115} INFO - [2022-08-21 16:33:03,107] {dag.py:2968} INFO - Setting next_dagrun for tutorial to 2022-08-20T20:33:03.106887+00:00, run_after=2022-08-21T20:33:03.106887+00:00
[2022-08-21 16:33:03,118] {processor.py:161} INFO - Processing /Users/abhaymone/src/dev/sand/MANAGE-GMAIL/venv/lib/python3.9/site-packages/airflow/example_dags/tutorial.py took 0.102 seconds
[2022-08-21 16:34:03,674] {processor.py:153} INFO - Started process (PID=3764) to work on /Users/abhaymone/src/dev/sand/MANAGE-GMAIL/venv/lib/python3.9/site-packages/airflow/example_dags/tutorial.py
[2022-08-21 16:34:03,680] {processor.py:641} INFO - Processing file /Users/abhaymone/src/dev/sand/MANAGE-GMAIL/venv/lib/python3.9/site-packages/airflow/example_dags/tutorial.py for tasks to queue
[2022-08-21 16:34:03,681] {logging_mixin.py:115} INFO - [2022-08-21 16:34:03,680] {dagbag.py:508} INFO - Filling up the DagBag from /Users/abhaymone/src/dev/sand/MANAGE-GMAIL/venv/lib/python3.9/site-packages/airflow/example_dags/tutorial.py
[2022-08-21 16:34:03,695] {processor.py:651} INFO - DAG(s) dict_keys(['tutorial']) retrieved from /Users/abhaymone/src/dev/sand/MANAGE-GMAIL/venv/lib/python3.9/site-packages/airflow/example_dags/tutorial.py
[2022-08-21 16:34:03,746] {logging_mixin.py:115} INFO - [2022-08-21 16:34:03,746] {dag.py:2420} INFO - Sync 1 DAGs
[2022-08-21 16:34:03,758] {logging_mixin.py:115} INFO - [2022-08-21 16:34:03,758] {dag.py:2968} INFO - Setting next_dagrun for tutorial to 2022-08-20T20:34:03.758404+00:00, run_after=2022-08-21T20:34:03.758404+00:00
[2022-08-21 16:34:03,769] {processor.py:161} INFO - Processing /Users/abhaymone/src/dev/sand/MANAGE-GMAIL/venv/lib/python3.9/site-packages/airflow/example_dags/tutorial.py took 0.095 seconds
[2022-08-21 16:35:04,531] {processor.py:153} INFO - Started process (PID=3798) to work on /Users/abhaymone/src/dev/sand/MANAGE-GMAIL/venv/lib/python3.9/site-packages/airflow/example_dags/tutorial.py
[2022-08-21 16:35:04,537] {processor.py:641} INFO - Processing file /Users/abhaymone/src/dev/sand/MANAGE-GMAIL/venv/lib/python3.9/site-packages/airflow/example_dags/tutorial.py for tasks to queue
[2022-08-21 16:35:04,537] {logging_mixin.py:115} INFO - [2022-08-21 16:35:04,537] {dagbag.py:508} INFO - Filling up the DagBag from /Users/abhaymone/src/dev/sand/MANAGE-GMAIL/venv/lib/python3.9/site-packages/airflow/example_dags/tutorial.py
[2022-08-21 16:35:04,551] {processor.py:651} INFO - DAG(s) dict_keys(['tutorial']) retrieved from /Users/abhaymone/src/dev/sand/MANAGE-GMAIL/venv/lib/python3.9/site-packages/airflow/example_dags/tutorial.py
[2022-08-21 16:35:04,603] {logging_mixin.py:115} INFO - [2022-08-21 16:35:04,602] {dag.py:2420} INFO - Sync 1 DAGs
[2022-08-21 16:35:04,613] {logging_mixin.py:115} INFO - [2022-08-21 16:35:04,613] {dag.py:2968} INFO - Setting next_dagrun for tutorial to 2022-08-20T20:35:04.613566+00:00, run_after=2022-08-21T20:35:04.613566+00:00
[2022-08-21 16:35:04,624] {processor.py:161} INFO - Processing /Users/abhaymone/src/dev/sand/MANAGE-GMAIL/venv/lib/python3.9/site-packages/airflow/example_dags/tutorial.py took 0.094 seconds
[2022-08-21 16:36:02,414] {processor.py:153} INFO - Started process (PID=3837) to work on /Users/abhaymone/src/dev/sand/MANAGE-GMAIL/venv/lib/python3.9/site-packages/airflow/example_dags/tutorial.py
[2022-08-21 16:36:02,414] {processor.py:641} INFO - Processing file /Users/abhaymone/src/dev/sand/MANAGE-GMAIL/venv/lib/python3.9/site-packages/airflow/example_dags/tutorial.py for tasks to queue
[2022-08-21 16:36:02,415] {logging_mixin.py:115} INFO - [2022-08-21 16:36:02,414] {dagbag.py:508} INFO - Filling up the DagBag from /Users/abhaymone/src/dev/sand/MANAGE-GMAIL/venv/lib/python3.9/site-packages/airflow/example_dags/tutorial.py
[2022-08-21 16:36:02,429] {processor.py:651} INFO - DAG(s) dict_keys(['tutorial']) retrieved from /Users/abhaymone/src/dev/sand/MANAGE-GMAIL/venv/lib/python3.9/site-packages/airflow/example_dags/tutorial.py
[2022-08-21 16:36:02,489] {logging_mixin.py:115} INFO - [2022-08-21 16:36:02,488] {dag.py:2420} INFO - Sync 1 DAGs
[2022-08-21 16:36:02,503] {logging_mixin.py:115} INFO - [2022-08-21 16:36:02,502] {dag.py:2968} INFO - Setting next_dagrun for tutorial to 2022-08-20T20:36:02.502867+00:00, run_after=2022-08-21T20:36:02.502867+00:00
[2022-08-21 16:36:02,515] {processor.py:161} INFO - Processing /Users/abhaymone/src/dev/sand/MANAGE-GMAIL/venv/lib/python3.9/site-packages/airflow/example_dags/tutorial.py took 0.101 seconds
[2022-08-21 16:37:03,792] {processor.py:153} INFO - Started process (PID=3873) to work on /Users/abhaymone/src/dev/sand/MANAGE-GMAIL/venv/lib/python3.9/site-packages/airflow/example_dags/tutorial.py
[2022-08-21 16:37:03,792] {processor.py:641} INFO - Processing file /Users/abhaymone/src/dev/sand/MANAGE-GMAIL/venv/lib/python3.9/site-packages/airflow/example_dags/tutorial.py for tasks to queue
[2022-08-21 16:37:03,793] {logging_mixin.py:115} INFO - [2022-08-21 16:37:03,793] {dagbag.py:508} INFO - Filling up the DagBag from /Users/abhaymone/src/dev/sand/MANAGE-GMAIL/venv/lib/python3.9/site-packages/airflow/example_dags/tutorial.py
[2022-08-21 16:37:03,801] {processor.py:651} INFO - DAG(s) dict_keys(['tutorial']) retrieved from /Users/abhaymone/src/dev/sand/MANAGE-GMAIL/venv/lib/python3.9/site-packages/airflow/example_dags/tutorial.py
[2022-08-21 16:37:03,849] {logging_mixin.py:115} INFO - [2022-08-21 16:37:03,849] {dag.py:2420} INFO - Sync 1 DAGs
[2022-08-21 16:37:03,859] {logging_mixin.py:115} INFO - [2022-08-21 16:37:03,859] {dag.py:2968} INFO - Setting next_dagrun for tutorial to 2022-08-20T20:37:03.859557+00:00, run_after=2022-08-21T20:37:03.859557+00:00
[2022-08-21 16:37:03,875] {processor.py:161} INFO - Processing /Users/abhaymone/src/dev/sand/MANAGE-GMAIL/venv/lib/python3.9/site-packages/airflow/example_dags/tutorial.py took 0.083 seconds
[2022-08-21 16:38:00,668] {processor.py:153} INFO - Started process (PID=3907) to work on /Users/abhaymone/src/dev/sand/MANAGE-GMAIL/venv/lib/python3.9/site-packages/airflow/example_dags/tutorial.py
[2022-08-21 16:38:00,668] {processor.py:641} INFO - Processing file /Users/abhaymone/src/dev/sand/MANAGE-GMAIL/venv/lib/python3.9/site-packages/airflow/example_dags/tutorial.py for tasks to queue
[2022-08-21 16:38:00,669] {logging_mixin.py:115} INFO - [2022-08-21 16:38:00,669] {dagbag.py:508} INFO - Filling up the DagBag from /Users/abhaymone/src/dev/sand/MANAGE-GMAIL/venv/lib/python3.9/site-packages/airflow/example_dags/tutorial.py
[2022-08-21 16:38:00,677] {processor.py:651} INFO - DAG(s) dict_keys(['tutorial']) retrieved from /Users/abhaymone/src/dev/sand/MANAGE-GMAIL/venv/lib/python3.9/site-packages/airflow/example_dags/tutorial.py
[2022-08-21 16:38:00,725] {logging_mixin.py:115} INFO - [2022-08-21 16:38:00,724] {dag.py:2420} INFO - Sync 1 DAGs
[2022-08-21 16:38:00,735] {logging_mixin.py:115} INFO - [2022-08-21 16:38:00,735] {dag.py:2968} INFO - Setting next_dagrun for tutorial to 2022-08-20T20:38:00.735136+00:00, run_after=2022-08-21T20:38:00.735136+00:00
[2022-08-21 16:38:00,751] {processor.py:161} INFO - Processing /Users/abhaymone/src/dev/sand/MANAGE-GMAIL/venv/lib/python3.9/site-packages/airflow/example_dags/tutorial.py took 0.083 seconds
[2022-08-21 16:38:59,141] {processor.py:153} INFO - Started process (PID=3943) to work on /Users/abhaymone/src/dev/sand/MANAGE-GMAIL/venv/lib/python3.9/site-packages/airflow/example_dags/tutorial.py
[2022-08-21 16:38:59,144] {processor.py:641} INFO - Processing file /Users/abhaymone/src/dev/sand/MANAGE-GMAIL/venv/lib/python3.9/site-packages/airflow/example_dags/tutorial.py for tasks to queue
[2022-08-21 16:38:59,144] {logging_mixin.py:115} INFO - [2022-08-21 16:38:59,144] {dagbag.py:508} INFO - Filling up the DagBag from /Users/abhaymone/src/dev/sand/MANAGE-GMAIL/venv/lib/python3.9/site-packages/airflow/example_dags/tutorial.py
[2022-08-21 16:38:59,157] {processor.py:651} INFO - DAG(s) dict_keys(['tutorial']) retrieved from /Users/abhaymone/src/dev/sand/MANAGE-GMAIL/venv/lib/python3.9/site-packages/airflow/example_dags/tutorial.py
[2022-08-21 16:38:59,222] {logging_mixin.py:115} INFO - [2022-08-21 16:38:59,222] {dag.py:2420} INFO - Sync 1 DAGs
[2022-08-21 16:38:59,237] {logging_mixin.py:115} INFO - [2022-08-21 16:38:59,237] {dag.py:2968} INFO - Setting next_dagrun for tutorial to 2022-08-20T20:38:59.236921+00:00, run_after=2022-08-21T20:38:59.236921+00:00
[2022-08-21 16:38:59,251] {processor.py:161} INFO - Processing /Users/abhaymone/src/dev/sand/MANAGE-GMAIL/venv/lib/python3.9/site-packages/airflow/example_dags/tutorial.py took 0.111 seconds
[2022-08-21 16:40:00,271] {processor.py:153} INFO - Started process (PID=3978) to work on /Users/abhaymone/src/dev/sand/MANAGE-GMAIL/venv/lib/python3.9/site-packages/airflow/example_dags/tutorial.py
[2022-08-21 16:40:00,271] {processor.py:641} INFO - Processing file /Users/abhaymone/src/dev/sand/MANAGE-GMAIL/venv/lib/python3.9/site-packages/airflow/example_dags/tutorial.py for tasks to queue
[2022-08-21 16:40:00,271] {logging_mixin.py:115} INFO - [2022-08-21 16:40:00,271] {dagbag.py:508} INFO - Filling up the DagBag from /Users/abhaymone/src/dev/sand/MANAGE-GMAIL/venv/lib/python3.9/site-packages/airflow/example_dags/tutorial.py
[2022-08-21 16:40:00,281] {processor.py:651} INFO - DAG(s) dict_keys(['tutorial']) retrieved from /Users/abhaymone/src/dev/sand/MANAGE-GMAIL/venv/lib/python3.9/site-packages/airflow/example_dags/tutorial.py
[2022-08-21 16:40:00,332] {logging_mixin.py:115} INFO - [2022-08-21 16:40:00,332] {dag.py:2420} INFO - Sync 1 DAGs
[2022-08-21 16:40:00,344] {logging_mixin.py:115} INFO - [2022-08-21 16:40:00,344] {dag.py:2968} INFO - Setting next_dagrun for tutorial to 2022-08-20T20:40:00.344546+00:00, run_after=2022-08-21T20:40:00.344546+00:00
[2022-08-21 16:40:00,360] {processor.py:161} INFO - Processing /Users/abhaymone/src/dev/sand/MANAGE-GMAIL/venv/lib/python3.9/site-packages/airflow/example_dags/tutorial.py took 0.090 seconds
[2022-08-21 16:40:58,617] {processor.py:153} INFO - Started process (PID=4012) to work on /Users/abhaymone/src/dev/sand/MANAGE-GMAIL/venv/lib/python3.9/site-packages/airflow/example_dags/tutorial.py
[2022-08-21 16:40:58,623] {processor.py:641} INFO - Processing file /Users/abhaymone/src/dev/sand/MANAGE-GMAIL/venv/lib/python3.9/site-packages/airflow/example_dags/tutorial.py for tasks to queue
[2022-08-21 16:40:58,623] {logging_mixin.py:115} INFO - [2022-08-21 16:40:58,623] {dagbag.py:508} INFO - Filling up the DagBag from /Users/abhaymone/src/dev/sand/MANAGE-GMAIL/venv/lib/python3.9/site-packages/airflow/example_dags/tutorial.py
[2022-08-21 16:40:58,636] {processor.py:651} INFO - DAG(s) dict_keys(['tutorial']) retrieved from /Users/abhaymone/src/dev/sand/MANAGE-GMAIL/venv/lib/python3.9/site-packages/airflow/example_dags/tutorial.py
[2022-08-21 16:40:58,690] {logging_mixin.py:115} INFO - [2022-08-21 16:40:58,690] {dag.py:2420} INFO - Sync 1 DAGs
[2022-08-21 16:40:58,701] {logging_mixin.py:115} INFO - [2022-08-21 16:40:58,700] {dag.py:2968} INFO - Setting next_dagrun for tutorial to 2022-08-20T20:40:58.700857+00:00, run_after=2022-08-21T20:40:58.700857+00:00
[2022-08-21 16:40:58,711] {processor.py:161} INFO - Processing /Users/abhaymone/src/dev/sand/MANAGE-GMAIL/venv/lib/python3.9/site-packages/airflow/example_dags/tutorial.py took 0.095 seconds
[2022-08-21 16:41:57,735] {processor.py:153} INFO - Started process (PID=4050) to work on /Users/abhaymone/src/dev/sand/MANAGE-GMAIL/venv/lib/python3.9/site-packages/airflow/example_dags/tutorial.py
[2022-08-21 16:41:57,736] {processor.py:641} INFO - Processing file /Users/abhaymone/src/dev/sand/MANAGE-GMAIL/venv/lib/python3.9/site-packages/airflow/example_dags/tutorial.py for tasks to queue
[2022-08-21 16:41:57,736] {logging_mixin.py:115} INFO - [2022-08-21 16:41:57,736] {dagbag.py:508} INFO - Filling up the DagBag from /Users/abhaymone/src/dev/sand/MANAGE-GMAIL/venv/lib/python3.9/site-packages/airflow/example_dags/tutorial.py
[2022-08-21 16:41:57,745] {processor.py:651} INFO - DAG(s) dict_keys(['tutorial']) retrieved from /Users/abhaymone/src/dev/sand/MANAGE-GMAIL/venv/lib/python3.9/site-packages/airflow/example_dags/tutorial.py
[2022-08-21 16:41:57,798] {logging_mixin.py:115} INFO - [2022-08-21 16:41:57,798] {dag.py:2420} INFO - Sync 1 DAGs
[2022-08-21 16:41:57,809] {logging_mixin.py:115} INFO - [2022-08-21 16:41:57,809] {dag.py:2968} INFO - Setting next_dagrun for tutorial to 2022-08-20T20:41:57.809337+00:00, run_after=2022-08-21T20:41:57.809337+00:00
[2022-08-21 16:41:57,825] {processor.py:161} INFO - Processing /Users/abhaymone/src/dev/sand/MANAGE-GMAIL/venv/lib/python3.9/site-packages/airflow/example_dags/tutorial.py took 0.090 seconds
[2022-08-21 16:43:00,516] {processor.py:153} INFO - Started process (PID=4087) to work on /Users/abhaymone/src/dev/sand/MANAGE-GMAIL/venv/lib/python3.9/site-packages/airflow/example_dags/tutorial.py
[2022-08-21 16:43:00,522] {processor.py:641} INFO - Processing file /Users/abhaymone/src/dev/sand/MANAGE-GMAIL/venv/lib/python3.9/site-packages/airflow/example_dags/tutorial.py for tasks to queue
[2022-08-21 16:43:00,522] {logging_mixin.py:115} INFO - [2022-08-21 16:43:00,522] {dagbag.py:508} INFO - Filling up the DagBag from /Users/abhaymone/src/dev/sand/MANAGE-GMAIL/venv/lib/python3.9/site-packages/airflow/example_dags/tutorial.py
[2022-08-21 16:43:00,534] {processor.py:651} INFO - DAG(s) dict_keys(['tutorial']) retrieved from /Users/abhaymone/src/dev/sand/MANAGE-GMAIL/venv/lib/python3.9/site-packages/airflow/example_dags/tutorial.py
[2022-08-21 16:43:00,584] {logging_mixin.py:115} INFO - [2022-08-21 16:43:00,584] {dag.py:2420} INFO - Sync 1 DAGs
[2022-08-21 16:43:00,596] {logging_mixin.py:115} INFO - [2022-08-21 16:43:00,596] {dag.py:2968} INFO - Setting next_dagrun for tutorial to 2022-08-20T20:43:00.596089+00:00, run_after=2022-08-21T20:43:00.596089+00:00
[2022-08-21 16:43:00,607] {processor.py:161} INFO - Processing /Users/abhaymone/src/dev/sand/MANAGE-GMAIL/venv/lib/python3.9/site-packages/airflow/example_dags/tutorial.py took 0.091 seconds
[2022-08-21 16:44:04,464] {processor.py:153} INFO - Started process (PID=4189) to work on /Users/abhaymone/src/dev/sand/MANAGE-GMAIL/venv/lib/python3.9/site-packages/airflow/example_dags/tutorial.py
[2022-08-21 16:44:04,470] {processor.py:641} INFO - Processing file /Users/abhaymone/src/dev/sand/MANAGE-GMAIL/venv/lib/python3.9/site-packages/airflow/example_dags/tutorial.py for tasks to queue
[2022-08-21 16:44:04,470] {logging_mixin.py:115} INFO - [2022-08-21 16:44:04,470] {dagbag.py:508} INFO - Filling up the DagBag from /Users/abhaymone/src/dev/sand/MANAGE-GMAIL/venv/lib/python3.9/site-packages/airflow/example_dags/tutorial.py
[2022-08-21 16:44:04,484] {processor.py:651} INFO - DAG(s) dict_keys(['tutorial']) retrieved from /Users/abhaymone/src/dev/sand/MANAGE-GMAIL/venv/lib/python3.9/site-packages/airflow/example_dags/tutorial.py
[2022-08-21 16:44:04,740] {logging_mixin.py:115} INFO - [2022-08-21 16:44:04,740] {dag.py:2420} INFO - Sync 1 DAGs
[2022-08-21 16:44:04,763] {logging_mixin.py:115} INFO - [2022-08-21 16:44:04,763] {dag.py:2968} INFO - Setting next_dagrun for tutorial to 2022-08-20T20:44:04.763353+00:00, run_after=2022-08-21T20:44:04.763353+00:00
[2022-08-21 16:44:04,784] {processor.py:161} INFO - Processing /Users/abhaymone/src/dev/sand/MANAGE-GMAIL/venv/lib/python3.9/site-packages/airflow/example_dags/tutorial.py took 0.321 seconds
[2022-08-21 16:45:05,087] {processor.py:153} INFO - Started process (PID=4289) to work on /Users/abhaymone/src/dev/sand/MANAGE-GMAIL/venv/lib/python3.9/site-packages/airflow/example_dags/tutorial.py
[2022-08-21 16:45:05,092] {processor.py:641} INFO - Processing file /Users/abhaymone/src/dev/sand/MANAGE-GMAIL/venv/lib/python3.9/site-packages/airflow/example_dags/tutorial.py for tasks to queue
[2022-08-21 16:45:05,093] {logging_mixin.py:115} INFO - [2022-08-21 16:45:05,093] {dagbag.py:508} INFO - Filling up the DagBag from /Users/abhaymone/src/dev/sand/MANAGE-GMAIL/venv/lib/python3.9/site-packages/airflow/example_dags/tutorial.py
[2022-08-21 16:45:05,107] {processor.py:651} INFO - DAG(s) dict_keys(['tutorial']) retrieved from /Users/abhaymone/src/dev/sand/MANAGE-GMAIL/venv/lib/python3.9/site-packages/airflow/example_dags/tutorial.py
[2022-08-21 16:45:05,157] {logging_mixin.py:115} INFO - [2022-08-21 16:45:05,157] {dag.py:2420} INFO - Sync 1 DAGs
[2022-08-21 16:45:05,168] {logging_mixin.py:115} INFO - [2022-08-21 16:45:05,167] {dag.py:2968} INFO - Setting next_dagrun for tutorial to 2022-08-20T20:45:05.167787+00:00, run_after=2022-08-21T20:45:05.167787+00:00
[2022-08-21 16:45:05,179] {processor.py:161} INFO - Processing /Users/abhaymone/src/dev/sand/MANAGE-GMAIL/venv/lib/python3.9/site-packages/airflow/example_dags/tutorial.py took 0.093 seconds
[2022-08-21 16:45:58,598] {processor.py:153} INFO - Started process (PID=4397) to work on /Users/abhaymone/src/dev/sand/MANAGE-GMAIL/venv/lib/python3.9/site-packages/airflow/example_dags/tutorial.py
[2022-08-21 16:45:58,598] {processor.py:641} INFO - Processing file /Users/abhaymone/src/dev/sand/MANAGE-GMAIL/venv/lib/python3.9/site-packages/airflow/example_dags/tutorial.py for tasks to queue
[2022-08-21 16:45:58,598] {logging_mixin.py:115} INFO - [2022-08-21 16:45:58,598] {dagbag.py:508} INFO - Filling up the DagBag from /Users/abhaymone/src/dev/sand/MANAGE-GMAIL/venv/lib/python3.9/site-packages/airflow/example_dags/tutorial.py
[2022-08-21 16:45:58,607] {processor.py:651} INFO - DAG(s) dict_keys(['tutorial']) retrieved from /Users/abhaymone/src/dev/sand/MANAGE-GMAIL/venv/lib/python3.9/site-packages/airflow/example_dags/tutorial.py
[2022-08-21 16:45:58,656] {logging_mixin.py:115} INFO - [2022-08-21 16:45:58,655] {dag.py:2420} INFO - Sync 1 DAGs
[2022-08-21 16:45:58,666] {logging_mixin.py:115} INFO - [2022-08-21 16:45:58,666] {dag.py:2968} INFO - Setting next_dagrun for tutorial to 2022-08-20T20:45:58.666078+00:00, run_after=2022-08-21T20:45:58.666078+00:00
[2022-08-21 16:45:58,682] {processor.py:161} INFO - Processing /Users/abhaymone/src/dev/sand/MANAGE-GMAIL/venv/lib/python3.9/site-packages/airflow/example_dags/tutorial.py took 0.085 seconds
[2022-08-21 16:46:56,695] {processor.py:153} INFO - Started process (PID=4511) to work on /Users/abhaymone/src/dev/sand/MANAGE-GMAIL/venv/lib/python3.9/site-packages/airflow/example_dags/tutorial.py
[2022-08-21 16:46:56,701] {processor.py:641} INFO - Processing file /Users/abhaymone/src/dev/sand/MANAGE-GMAIL/venv/lib/python3.9/site-packages/airflow/example_dags/tutorial.py for tasks to queue
[2022-08-21 16:46:56,702] {logging_mixin.py:115} INFO - [2022-08-21 16:46:56,702] {dagbag.py:508} INFO - Filling up the DagBag from /Users/abhaymone/src/dev/sand/MANAGE-GMAIL/venv/lib/python3.9/site-packages/airflow/example_dags/tutorial.py
[2022-08-21 16:46:56,714] {processor.py:651} INFO - DAG(s) dict_keys(['tutorial']) retrieved from /Users/abhaymone/src/dev/sand/MANAGE-GMAIL/venv/lib/python3.9/site-packages/airflow/example_dags/tutorial.py
[2022-08-21 16:46:56,764] {logging_mixin.py:115} INFO - [2022-08-21 16:46:56,764] {dag.py:2420} INFO - Sync 1 DAGs
[2022-08-21 16:46:56,775] {logging_mixin.py:115} INFO - [2022-08-21 16:46:56,775] {dag.py:2968} INFO - Setting next_dagrun for tutorial to 2022-08-20T20:46:56.775741+00:00, run_after=2022-08-21T20:46:56.775741+00:00
[2022-08-21 16:46:56,786] {processor.py:161} INFO - Processing /Users/abhaymone/src/dev/sand/MANAGE-GMAIL/venv/lib/python3.9/site-packages/airflow/example_dags/tutorial.py took 0.091 seconds
[2022-08-21 16:48:05,505] {processor.py:153} INFO - Started process (PID=4574) to work on /Users/abhaymone/src/dev/sand/MANAGE-GMAIL/venv/lib/python3.9/site-packages/airflow/example_dags/tutorial.py
[2022-08-21 16:48:05,506] {processor.py:641} INFO - Processing file /Users/abhaymone/src/dev/sand/MANAGE-GMAIL/venv/lib/python3.9/site-packages/airflow/example_dags/tutorial.py for tasks to queue
[2022-08-21 16:48:05,506] {logging_mixin.py:115} INFO - [2022-08-21 16:48:05,506] {dagbag.py:508} INFO - Filling up the DagBag from /Users/abhaymone/src/dev/sand/MANAGE-GMAIL/venv/lib/python3.9/site-packages/airflow/example_dags/tutorial.py
[2022-08-21 16:48:05,518] {processor.py:651} INFO - DAG(s) dict_keys(['tutorial']) retrieved from /Users/abhaymone/src/dev/sand/MANAGE-GMAIL/venv/lib/python3.9/site-packages/airflow/example_dags/tutorial.py
[2022-08-21 16:48:05,570] {logging_mixin.py:115} INFO - [2022-08-21 16:48:05,570] {dag.py:2420} INFO - Sync 1 DAGs
[2022-08-21 16:48:05,581] {logging_mixin.py:115} INFO - [2022-08-21 16:48:05,581] {dag.py:2968} INFO - Setting next_dagrun for tutorial to 2022-08-20T20:48:05.581326+00:00, run_after=2022-08-21T20:48:05.581326+00:00
[2022-08-21 16:48:05,591] {processor.py:161} INFO - Processing /Users/abhaymone/src/dev/sand/MANAGE-GMAIL/venv/lib/python3.9/site-packages/airflow/example_dags/tutorial.py took 0.087 seconds
[2022-08-21 16:48:45,881] {processor.py:153} INFO - Started process (PID=4606) to work on /Users/abhaymone/src/dev/sand/MANAGE-GMAIL/venv/lib/python3.9/site-packages/airflow/example_dags/tutorial.py
[2022-08-21 16:48:45,887] {processor.py:641} INFO - Processing file /Users/abhaymone/src/dev/sand/MANAGE-GMAIL/venv/lib/python3.9/site-packages/airflow/example_dags/tutorial.py for tasks to queue
[2022-08-21 16:48:45,888] {logging_mixin.py:115} INFO - [2022-08-21 16:48:45,888] {dagbag.py:508} INFO - Filling up the DagBag from /Users/abhaymone/src/dev/sand/MANAGE-GMAIL/venv/lib/python3.9/site-packages/airflow/example_dags/tutorial.py
[2022-08-21 16:48:45,904] {processor.py:651} INFO - DAG(s) dict_keys(['tutorial']) retrieved from /Users/abhaymone/src/dev/sand/MANAGE-GMAIL/venv/lib/python3.9/site-packages/airflow/example_dags/tutorial.py
[2022-08-21 16:48:45,954] {logging_mixin.py:115} INFO - [2022-08-21 16:48:45,954] {dag.py:2420} INFO - Sync 1 DAGs
[2022-08-21 16:48:45,964] {logging_mixin.py:115} INFO - [2022-08-21 16:48:45,964] {dag.py:2968} INFO - Setting next_dagrun for tutorial to 2022-08-20T20:48:45.964728+00:00, run_after=2022-08-21T20:48:45.964728+00:00
[2022-08-21 16:48:45,975] {processor.py:161} INFO - Processing /Users/abhaymone/src/dev/sand/MANAGE-GMAIL/venv/lib/python3.9/site-packages/airflow/example_dags/tutorial.py took 0.094 seconds
[2022-08-21 16:49:44,257] {processor.py:153} INFO - Started process (PID=4646) to work on /Users/abhaymone/src/dev/sand/MANAGE-GMAIL/venv/lib/python3.9/site-packages/airflow/example_dags/tutorial.py
[2022-08-21 16:49:44,263] {processor.py:641} INFO - Processing file /Users/abhaymone/src/dev/sand/MANAGE-GMAIL/venv/lib/python3.9/site-packages/airflow/example_dags/tutorial.py for tasks to queue
[2022-08-21 16:49:44,263] {logging_mixin.py:115} INFO - [2022-08-21 16:49:44,263] {dagbag.py:508} INFO - Filling up the DagBag from /Users/abhaymone/src/dev/sand/MANAGE-GMAIL/venv/lib/python3.9/site-packages/airflow/example_dags/tutorial.py
[2022-08-21 16:49:44,278] {processor.py:651} INFO - DAG(s) dict_keys(['tutorial']) retrieved from /Users/abhaymone/src/dev/sand/MANAGE-GMAIL/venv/lib/python3.9/site-packages/airflow/example_dags/tutorial.py
[2022-08-21 16:49:44,331] {logging_mixin.py:115} INFO - [2022-08-21 16:49:44,331] {dag.py:2420} INFO - Sync 1 DAGs
[2022-08-21 16:49:44,342] {logging_mixin.py:115} INFO - [2022-08-21 16:49:44,342] {dag.py:2968} INFO - Setting next_dagrun for tutorial to 2022-08-20T20:49:44.342484+00:00, run_after=2022-08-21T20:49:44.342484+00:00
[2022-08-21 16:49:44,353] {processor.py:161} INFO - Processing /Users/abhaymone/src/dev/sand/MANAGE-GMAIL/venv/lib/python3.9/site-packages/airflow/example_dags/tutorial.py took 0.096 seconds
[2022-08-21 16:50:50,012] {processor.py:153} INFO - Started process (PID=4706) to work on /Users/abhaymone/src/dev/sand/MANAGE-GMAIL/venv/lib/python3.9/site-packages/airflow/example_dags/tutorial.py
[2022-08-21 16:50:50,018] {processor.py:641} INFO - Processing file /Users/abhaymone/src/dev/sand/MANAGE-GMAIL/venv/lib/python3.9/site-packages/airflow/example_dags/tutorial.py for tasks to queue
[2022-08-21 16:50:50,018] {logging_mixin.py:115} INFO - [2022-08-21 16:50:50,018] {dagbag.py:508} INFO - Filling up the DagBag from /Users/abhaymone/src/dev/sand/MANAGE-GMAIL/venv/lib/python3.9/site-packages/airflow/example_dags/tutorial.py
[2022-08-21 16:50:50,033] {processor.py:651} INFO - DAG(s) dict_keys(['tutorial']) retrieved from /Users/abhaymone/src/dev/sand/MANAGE-GMAIL/venv/lib/python3.9/site-packages/airflow/example_dags/tutorial.py
[2022-08-21 16:50:50,082] {logging_mixin.py:115} INFO - [2022-08-21 16:50:50,082] {dag.py:2420} INFO - Sync 1 DAGs
[2022-08-21 16:50:50,092] {logging_mixin.py:115} INFO - [2022-08-21 16:50:50,092] {dag.py:2968} INFO - Setting next_dagrun for tutorial to 2022-08-20T20:50:50.092483+00:00, run_after=2022-08-21T20:50:50.092483+00:00
[2022-08-21 16:50:50,103] {processor.py:161} INFO - Processing /Users/abhaymone/src/dev/sand/MANAGE-GMAIL/venv/lib/python3.9/site-packages/airflow/example_dags/tutorial.py took 0.092 seconds
[2022-08-21 16:51:48,102] {processor.py:153} INFO - Started process (PID=4810) to work on /Users/abhaymone/src/dev/sand/MANAGE-GMAIL/venv/lib/python3.9/site-packages/airflow/example_dags/tutorial.py
[2022-08-21 16:51:48,108] {processor.py:641} INFO - Processing file /Users/abhaymone/src/dev/sand/MANAGE-GMAIL/venv/lib/python3.9/site-packages/airflow/example_dags/tutorial.py for tasks to queue
[2022-08-21 16:51:48,108] {logging_mixin.py:115} INFO - [2022-08-21 16:51:48,108] {dagbag.py:508} INFO - Filling up the DagBag from /Users/abhaymone/src/dev/sand/MANAGE-GMAIL/venv/lib/python3.9/site-packages/airflow/example_dags/tutorial.py
[2022-08-21 16:51:48,122] {processor.py:651} INFO - DAG(s) dict_keys(['tutorial']) retrieved from /Users/abhaymone/src/dev/sand/MANAGE-GMAIL/venv/lib/python3.9/site-packages/airflow/example_dags/tutorial.py
[2022-08-21 16:51:48,171] {logging_mixin.py:115} INFO - [2022-08-21 16:51:48,171] {dag.py:2420} INFO - Sync 1 DAGs
[2022-08-21 16:51:48,181] {logging_mixin.py:115} INFO - [2022-08-21 16:51:48,181] {dag.py:2968} INFO - Setting next_dagrun for tutorial to 2022-08-20T20:51:48.181768+00:00, run_after=2022-08-21T20:51:48.181768+00:00
[2022-08-21 16:51:48,193] {processor.py:161} INFO - Processing /Users/abhaymone/src/dev/sand/MANAGE-GMAIL/venv/lib/python3.9/site-packages/airflow/example_dags/tutorial.py took 0.092 seconds
[2022-08-21 16:52:45,101] {processor.py:153} INFO - Started process (PID=5039) to work on /Users/abhaymone/src/dev/sand/MANAGE-GMAIL/venv/lib/python3.9/site-packages/airflow/example_dags/tutorial.py
[2022-08-21 16:52:45,101] {processor.py:641} INFO - Processing file /Users/abhaymone/src/dev/sand/MANAGE-GMAIL/venv/lib/python3.9/site-packages/airflow/example_dags/tutorial.py for tasks to queue
[2022-08-21 16:52:45,101] {logging_mixin.py:115} INFO - [2022-08-21 16:52:45,101] {dagbag.py:508} INFO - Filling up the DagBag from /Users/abhaymone/src/dev/sand/MANAGE-GMAIL/venv/lib/python3.9/site-packages/airflow/example_dags/tutorial.py
[2022-08-21 16:52:45,110] {processor.py:651} INFO - DAG(s) dict_keys(['tutorial']) retrieved from /Users/abhaymone/src/dev/sand/MANAGE-GMAIL/venv/lib/python3.9/site-packages/airflow/example_dags/tutorial.py
[2022-08-21 16:52:45,161] {logging_mixin.py:115} INFO - [2022-08-21 16:52:45,160] {dag.py:2420} INFO - Sync 1 DAGs
[2022-08-21 16:52:45,171] {logging_mixin.py:115} INFO - [2022-08-21 16:52:45,171] {dag.py:2968} INFO - Setting next_dagrun for tutorial to 2022-08-20T20:52:45.171249+00:00, run_after=2022-08-21T20:52:45.171249+00:00
[2022-08-21 16:52:45,187] {processor.py:161} INFO - Processing /Users/abhaymone/src/dev/sand/MANAGE-GMAIL/venv/lib/python3.9/site-packages/airflow/example_dags/tutorial.py took 0.087 seconds
[2022-08-21 16:53:49,171] {processor.py:153} INFO - Started process (PID=5147) to work on /Users/abhaymone/src/dev/sand/MANAGE-GMAIL/venv/lib/python3.9/site-packages/airflow/example_dags/tutorial.py
[2022-08-21 16:53:49,171] {processor.py:641} INFO - Processing file /Users/abhaymone/src/dev/sand/MANAGE-GMAIL/venv/lib/python3.9/site-packages/airflow/example_dags/tutorial.py for tasks to queue
[2022-08-21 16:53:49,171] {logging_mixin.py:115} INFO - [2022-08-21 16:53:49,171] {dagbag.py:508} INFO - Filling up the DagBag from /Users/abhaymone/src/dev/sand/MANAGE-GMAIL/venv/lib/python3.9/site-packages/airflow/example_dags/tutorial.py
[2022-08-21 16:53:49,180] {processor.py:651} INFO - DAG(s) dict_keys(['tutorial']) retrieved from /Users/abhaymone/src/dev/sand/MANAGE-GMAIL/venv/lib/python3.9/site-packages/airflow/example_dags/tutorial.py
[2022-08-21 16:53:49,245] {logging_mixin.py:115} INFO - [2022-08-21 16:53:49,245] {dag.py:2420} INFO - Sync 1 DAGs
[2022-08-21 16:53:49,256] {logging_mixin.py:115} INFO - [2022-08-21 16:53:49,256] {dag.py:2968} INFO - Setting next_dagrun for tutorial to 2022-08-20T20:53:49.255970+00:00, run_after=2022-08-21T20:53:49.255970+00:00
[2022-08-21 16:53:49,272] {processor.py:161} INFO - Processing /Users/abhaymone/src/dev/sand/MANAGE-GMAIL/venv/lib/python3.9/site-packages/airflow/example_dags/tutorial.py took 0.101 seconds
[2022-08-21 16:54:48,956] {processor.py:153} INFO - Started process (PID=5201) to work on /Users/abhaymone/src/dev/sand/MANAGE-GMAIL/venv/lib/python3.9/site-packages/airflow/example_dags/tutorial.py
[2022-08-21 16:54:48,958] {processor.py:641} INFO - Processing file /Users/abhaymone/src/dev/sand/MANAGE-GMAIL/venv/lib/python3.9/site-packages/airflow/example_dags/tutorial.py for tasks to queue
[2022-08-21 16:54:48,959] {logging_mixin.py:115} INFO - [2022-08-21 16:54:48,959] {dagbag.py:508} INFO - Filling up the DagBag from /Users/abhaymone/src/dev/sand/MANAGE-GMAIL/venv/lib/python3.9/site-packages/airflow/example_dags/tutorial.py
[2022-08-21 16:54:48,973] {processor.py:651} INFO - DAG(s) dict_keys(['tutorial']) retrieved from /Users/abhaymone/src/dev/sand/MANAGE-GMAIL/venv/lib/python3.9/site-packages/airflow/example_dags/tutorial.py
[2022-08-21 16:54:49,024] {logging_mixin.py:115} INFO - [2022-08-21 16:54:49,024] {dag.py:2420} INFO - Sync 1 DAGs
[2022-08-21 16:54:49,035] {logging_mixin.py:115} INFO - [2022-08-21 16:54:49,035] {dag.py:2968} INFO - Setting next_dagrun for tutorial to 2022-08-20T20:54:49.035709+00:00, run_after=2022-08-21T20:54:49.035709+00:00
[2022-08-21 16:54:49,046] {processor.py:161} INFO - Processing /Users/abhaymone/src/dev/sand/MANAGE-GMAIL/venv/lib/python3.9/site-packages/airflow/example_dags/tutorial.py took 0.091 seconds
