[2022-08-21 16:14:02,217] {processor.py:153} INFO - Started process (PID=3333) to work on /Users/abhaymone/src/dev/sand/MANAGE-GMAIL/venv/lib/python3.9/site-packages/airflow/example_dags/tutorial_etl_dag.py
[2022-08-21 16:14:02,217] {processor.py:641} INFO - Processing file /Users/abhaymone/src/dev/sand/MANAGE-GMAIL/venv/lib/python3.9/site-packages/airflow/example_dags/tutorial_etl_dag.py for tasks to queue
[2022-08-21 16:14:02,217] {logging_mixin.py:115} INFO - [2022-08-21 16:14:02,217] {dagbag.py:508} INFO - Filling up the DagBag from /Users/abhaymone/src/dev/sand/MANAGE-GMAIL/venv/lib/python3.9/site-packages/airflow/example_dags/tutorial_etl_dag.py
[2022-08-21 16:14:02,242] {processor.py:651} INFO - DAG(s) dict_keys(['tutorial_etl_dag']) retrieved from /Users/abhaymone/src/dev/sand/MANAGE-GMAIL/venv/lib/python3.9/site-packages/airflow/example_dags/tutorial_etl_dag.py
[2022-08-21 16:14:02,977] {logging_mixin.py:115} INFO - [2022-08-21 16:14:02,976] {manager.py:508} INFO - Created Permission View: can edit on DAG:tutorial_etl_dag
[2022-08-21 16:14:02,983] {logging_mixin.py:115} INFO - [2022-08-21 16:14:02,983] {manager.py:508} INFO - Created Permission View: can read on DAG:tutorial_etl_dag
[2022-08-21 16:14:02,989] {logging_mixin.py:115} INFO - [2022-08-21 16:14:02,989] {manager.py:508} INFO - Created Permission View: can delete on DAG:tutorial_etl_dag
[2022-08-21 16:14:02,989] {logging_mixin.py:115} INFO - [2022-08-21 16:14:02,989] {dag.py:2420} INFO - Sync 1 DAGs
[2022-08-21 16:14:02,994] {logging_mixin.py:115} INFO - [2022-08-21 16:14:02,994] {dag.py:2439} INFO - Creating ORM DAG for tutorial_etl_dag
[2022-08-21 16:14:03,001] {logging_mixin.py:115} INFO - [2022-08-21 16:14:03,001] {dag.py:2968} INFO - Setting next_dagrun for tutorial_etl_dag to None, run_after=None
[2022-08-21 16:14:03,012] {processor.py:161} INFO - Processing /Users/abhaymone/src/dev/sand/MANAGE-GMAIL/venv/lib/python3.9/site-packages/airflow/example_dags/tutorial_etl_dag.py took 0.796 seconds
[2022-08-21 16:15:29,899] {processor.py:153} INFO - Started process (PID=3412) to work on /Users/abhaymone/src/dev/sand/MANAGE-GMAIL/venv/lib/python3.9/site-packages/airflow/example_dags/tutorial_etl_dag.py
[2022-08-21 16:15:29,900] {processor.py:641} INFO - Processing file /Users/abhaymone/src/dev/sand/MANAGE-GMAIL/venv/lib/python3.9/site-packages/airflow/example_dags/tutorial_etl_dag.py for tasks to queue
[2022-08-21 16:15:29,900] {logging_mixin.py:115} INFO - [2022-08-21 16:15:29,900] {dagbag.py:508} INFO - Filling up the DagBag from /Users/abhaymone/src/dev/sand/MANAGE-GMAIL/venv/lib/python3.9/site-packages/airflow/example_dags/tutorial_etl_dag.py
[2022-08-21 16:15:29,922] {processor.py:651} INFO - DAG(s) dict_keys(['tutorial_etl_dag']) retrieved from /Users/abhaymone/src/dev/sand/MANAGE-GMAIL/venv/lib/python3.9/site-packages/airflow/example_dags/tutorial_etl_dag.py
[2022-08-21 16:15:29,971] {logging_mixin.py:115} INFO - [2022-08-21 16:15:29,971] {dag.py:2420} INFO - Sync 1 DAGs
[2022-08-21 16:15:29,981] {logging_mixin.py:115} INFO - [2022-08-21 16:15:29,981] {dag.py:2968} INFO - Setting next_dagrun for tutorial_etl_dag to None, run_after=None
[2022-08-21 16:15:29,990] {processor.py:161} INFO - Processing /Users/abhaymone/src/dev/sand/MANAGE-GMAIL/venv/lib/python3.9/site-packages/airflow/example_dags/tutorial_etl_dag.py took 0.091 seconds
[2022-08-21 16:16:27,354] {processor.py:153} INFO - Started process (PID=3448) to work on /Users/abhaymone/src/dev/sand/MANAGE-GMAIL/venv/lib/python3.9/site-packages/airflow/example_dags/tutorial_etl_dag.py
[2022-08-21 16:16:27,354] {processor.py:641} INFO - Processing file /Users/abhaymone/src/dev/sand/MANAGE-GMAIL/venv/lib/python3.9/site-packages/airflow/example_dags/tutorial_etl_dag.py for tasks to queue
[2022-08-21 16:16:27,354] {logging_mixin.py:115} INFO - [2022-08-21 16:16:27,354] {dagbag.py:508} INFO - Filling up the DagBag from /Users/abhaymone/src/dev/sand/MANAGE-GMAIL/venv/lib/python3.9/site-packages/airflow/example_dags/tutorial_etl_dag.py
[2022-08-21 16:16:27,383] {processor.py:651} INFO - DAG(s) dict_keys(['tutorial_etl_dag']) retrieved from /Users/abhaymone/src/dev/sand/MANAGE-GMAIL/venv/lib/python3.9/site-packages/airflow/example_dags/tutorial_etl_dag.py
[2022-08-21 16:16:27,431] {logging_mixin.py:115} INFO - [2022-08-21 16:16:27,430] {dag.py:2420} INFO - Sync 1 DAGs
[2022-08-21 16:16:27,441] {logging_mixin.py:115} INFO - [2022-08-21 16:16:27,441] {dag.py:2968} INFO - Setting next_dagrun for tutorial_etl_dag to None, run_after=None
[2022-08-21 16:16:27,452] {processor.py:161} INFO - Processing /Users/abhaymone/src/dev/sand/MANAGE-GMAIL/venv/lib/python3.9/site-packages/airflow/example_dags/tutorial_etl_dag.py took 0.099 seconds
[2022-08-21 16:17:22,771] {processor.py:153} INFO - Started process (PID=3483) to work on /Users/abhaymone/src/dev/sand/MANAGE-GMAIL/venv/lib/python3.9/site-packages/airflow/example_dags/tutorial_etl_dag.py
[2022-08-21 16:17:22,772] {processor.py:641} INFO - Processing file /Users/abhaymone/src/dev/sand/MANAGE-GMAIL/venv/lib/python3.9/site-packages/airflow/example_dags/tutorial_etl_dag.py for tasks to queue
[2022-08-21 16:17:22,772] {logging_mixin.py:115} INFO - [2022-08-21 16:17:22,772] {dagbag.py:508} INFO - Filling up the DagBag from /Users/abhaymone/src/dev/sand/MANAGE-GMAIL/venv/lib/python3.9/site-packages/airflow/example_dags/tutorial_etl_dag.py
[2022-08-21 16:17:22,801] {processor.py:651} INFO - DAG(s) dict_keys(['tutorial_etl_dag']) retrieved from /Users/abhaymone/src/dev/sand/MANAGE-GMAIL/venv/lib/python3.9/site-packages/airflow/example_dags/tutorial_etl_dag.py
[2022-08-21 16:17:22,847] {logging_mixin.py:115} INFO - [2022-08-21 16:17:22,847] {dag.py:2420} INFO - Sync 1 DAGs
[2022-08-21 16:17:22,857] {logging_mixin.py:115} INFO - [2022-08-21 16:17:22,857] {dag.py:2968} INFO - Setting next_dagrun for tutorial_etl_dag to None, run_after=None
[2022-08-21 16:17:22,870] {processor.py:161} INFO - Processing /Users/abhaymone/src/dev/sand/MANAGE-GMAIL/venv/lib/python3.9/site-packages/airflow/example_dags/tutorial_etl_dag.py took 0.099 seconds
[2022-08-21 16:28:09,683] {processor.py:153} INFO - Started process (PID=3541) to work on /Users/abhaymone/src/dev/sand/MANAGE-GMAIL/venv/lib/python3.9/site-packages/airflow/example_dags/tutorial_etl_dag.py
[2022-08-21 16:28:09,688] {processor.py:641} INFO - Processing file /Users/abhaymone/src/dev/sand/MANAGE-GMAIL/venv/lib/python3.9/site-packages/airflow/example_dags/tutorial_etl_dag.py for tasks to queue
[2022-08-21 16:28:09,689] {logging_mixin.py:115} INFO - [2022-08-21 16:28:09,689] {dagbag.py:508} INFO - Filling up the DagBag from /Users/abhaymone/src/dev/sand/MANAGE-GMAIL/venv/lib/python3.9/site-packages/airflow/example_dags/tutorial_etl_dag.py
[2022-08-21 16:28:09,712] {processor.py:651} INFO - DAG(s) dict_keys(['tutorial_etl_dag']) retrieved from /Users/abhaymone/src/dev/sand/MANAGE-GMAIL/venv/lib/python3.9/site-packages/airflow/example_dags/tutorial_etl_dag.py
[2022-08-21 16:28:09,761] {logging_mixin.py:115} INFO - [2022-08-21 16:28:09,761] {dag.py:2420} INFO - Sync 1 DAGs
[2022-08-21 16:28:09,771] {logging_mixin.py:115} INFO - [2022-08-21 16:28:09,771] {dag.py:2968} INFO - Setting next_dagrun for tutorial_etl_dag to None, run_after=None
[2022-08-21 16:28:09,782] {processor.py:161} INFO - Processing /Users/abhaymone/src/dev/sand/MANAGE-GMAIL/venv/lib/python3.9/site-packages/airflow/example_dags/tutorial_etl_dag.py took 0.100 seconds
[2022-08-21 16:29:02,422] {processor.py:153} INFO - Started process (PID=3576) to work on /Users/abhaymone/src/dev/sand/MANAGE-GMAIL/venv/lib/python3.9/site-packages/airflow/example_dags/tutorial_etl_dag.py
[2022-08-21 16:29:02,422] {processor.py:641} INFO - Processing file /Users/abhaymone/src/dev/sand/MANAGE-GMAIL/venv/lib/python3.9/site-packages/airflow/example_dags/tutorial_etl_dag.py for tasks to queue
[2022-08-21 16:29:02,422] {logging_mixin.py:115} INFO - [2022-08-21 16:29:02,422] {dagbag.py:508} INFO - Filling up the DagBag from /Users/abhaymone/src/dev/sand/MANAGE-GMAIL/venv/lib/python3.9/site-packages/airflow/example_dags/tutorial_etl_dag.py
[2022-08-21 16:29:02,440] {processor.py:651} INFO - DAG(s) dict_keys(['tutorial_etl_dag']) retrieved from /Users/abhaymone/src/dev/sand/MANAGE-GMAIL/venv/lib/python3.9/site-packages/airflow/example_dags/tutorial_etl_dag.py
[2022-08-21 16:29:02,488] {logging_mixin.py:115} INFO - [2022-08-21 16:29:02,488] {dag.py:2420} INFO - Sync 1 DAGs
[2022-08-21 16:29:02,498] {logging_mixin.py:115} INFO - [2022-08-21 16:29:02,498] {dag.py:2968} INFO - Setting next_dagrun for tutorial_etl_dag to None, run_after=None
[2022-08-21 16:29:02,514] {processor.py:161} INFO - Processing /Users/abhaymone/src/dev/sand/MANAGE-GMAIL/venv/lib/python3.9/site-packages/airflow/example_dags/tutorial_etl_dag.py took 0.093 seconds
[2022-08-21 16:29:56,587] {processor.py:153} INFO - Started process (PID=3609) to work on /Users/abhaymone/src/dev/sand/MANAGE-GMAIL/venv/lib/python3.9/site-packages/airflow/example_dags/tutorial_etl_dag.py
[2022-08-21 16:29:56,587] {processor.py:641} INFO - Processing file /Users/abhaymone/src/dev/sand/MANAGE-GMAIL/venv/lib/python3.9/site-packages/airflow/example_dags/tutorial_etl_dag.py for tasks to queue
[2022-08-21 16:29:56,587] {logging_mixin.py:115} INFO - [2022-08-21 16:29:56,587] {dagbag.py:508} INFO - Filling up the DagBag from /Users/abhaymone/src/dev/sand/MANAGE-GMAIL/venv/lib/python3.9/site-packages/airflow/example_dags/tutorial_etl_dag.py
[2022-08-21 16:29:56,606] {processor.py:651} INFO - DAG(s) dict_keys(['tutorial_etl_dag']) retrieved from /Users/abhaymone/src/dev/sand/MANAGE-GMAIL/venv/lib/python3.9/site-packages/airflow/example_dags/tutorial_etl_dag.py
[2022-08-21 16:29:56,653] {logging_mixin.py:115} INFO - [2022-08-21 16:29:56,653] {dag.py:2420} INFO - Sync 1 DAGs
[2022-08-21 16:29:56,664] {logging_mixin.py:115} INFO - [2022-08-21 16:29:56,664] {dag.py:2968} INFO - Setting next_dagrun for tutorial_etl_dag to None, run_after=None
[2022-08-21 16:29:56,680] {processor.py:161} INFO - Processing /Users/abhaymone/src/dev/sand/MANAGE-GMAIL/venv/lib/python3.9/site-packages/airflow/example_dags/tutorial_etl_dag.py took 0.094 seconds
[2022-08-21 16:30:57,377] {processor.py:153} INFO - Started process (PID=3644) to work on /Users/abhaymone/src/dev/sand/MANAGE-GMAIL/venv/lib/python3.9/site-packages/airflow/example_dags/tutorial_etl_dag.py
[2022-08-21 16:30:57,379] {processor.py:641} INFO - Processing file /Users/abhaymone/src/dev/sand/MANAGE-GMAIL/venv/lib/python3.9/site-packages/airflow/example_dags/tutorial_etl_dag.py for tasks to queue
[2022-08-21 16:30:57,380] {logging_mixin.py:115} INFO - [2022-08-21 16:30:57,380] {dagbag.py:508} INFO - Filling up the DagBag from /Users/abhaymone/src/dev/sand/MANAGE-GMAIL/venv/lib/python3.9/site-packages/airflow/example_dags/tutorial_etl_dag.py
[2022-08-21 16:30:57,407] {processor.py:651} INFO - DAG(s) dict_keys(['tutorial_etl_dag']) retrieved from /Users/abhaymone/src/dev/sand/MANAGE-GMAIL/venv/lib/python3.9/site-packages/airflow/example_dags/tutorial_etl_dag.py
[2022-08-21 16:30:57,504] {logging_mixin.py:115} INFO - [2022-08-21 16:30:57,504] {dag.py:2420} INFO - Sync 1 DAGs
[2022-08-21 16:30:57,524] {logging_mixin.py:115} INFO - [2022-08-21 16:30:57,524] {dag.py:2968} INFO - Setting next_dagrun for tutorial_etl_dag to None, run_after=None
[2022-08-21 16:30:57,539] {processor.py:161} INFO - Processing /Users/abhaymone/src/dev/sand/MANAGE-GMAIL/venv/lib/python3.9/site-packages/airflow/example_dags/tutorial_etl_dag.py took 0.163 seconds
[2022-08-21 16:32:02,905] {processor.py:153} INFO - Started process (PID=3687) to work on /Users/abhaymone/src/dev/sand/MANAGE-GMAIL/venv/lib/python3.9/site-packages/airflow/example_dags/tutorial_etl_dag.py
[2022-08-21 16:32:02,905] {processor.py:641} INFO - Processing file /Users/abhaymone/src/dev/sand/MANAGE-GMAIL/venv/lib/python3.9/site-packages/airflow/example_dags/tutorial_etl_dag.py for tasks to queue
[2022-08-21 16:32:02,906] {logging_mixin.py:115} INFO - [2022-08-21 16:32:02,906] {dagbag.py:508} INFO - Filling up the DagBag from /Users/abhaymone/src/dev/sand/MANAGE-GMAIL/venv/lib/python3.9/site-packages/airflow/example_dags/tutorial_etl_dag.py
[2022-08-21 16:32:02,930] {processor.py:651} INFO - DAG(s) dict_keys(['tutorial_etl_dag']) retrieved from /Users/abhaymone/src/dev/sand/MANAGE-GMAIL/venv/lib/python3.9/site-packages/airflow/example_dags/tutorial_etl_dag.py
[2022-08-21 16:32:02,978] {logging_mixin.py:115} INFO - [2022-08-21 16:32:02,978] {dag.py:2420} INFO - Sync 1 DAGs
[2022-08-21 16:32:02,988] {logging_mixin.py:115} INFO - [2022-08-21 16:32:02,988] {dag.py:2968} INFO - Setting next_dagrun for tutorial_etl_dag to None, run_after=None
[2022-08-21 16:32:02,999] {processor.py:161} INFO - Processing /Users/abhaymone/src/dev/sand/MANAGE-GMAIL/venv/lib/python3.9/site-packages/airflow/example_dags/tutorial_etl_dag.py took 0.094 seconds
[2022-08-21 16:33:01,186] {processor.py:153} INFO - Started process (PID=3725) to work on /Users/abhaymone/src/dev/sand/MANAGE-GMAIL/venv/lib/python3.9/site-packages/airflow/example_dags/tutorial_etl_dag.py
[2022-08-21 16:33:01,188] {processor.py:641} INFO - Processing file /Users/abhaymone/src/dev/sand/MANAGE-GMAIL/venv/lib/python3.9/site-packages/airflow/example_dags/tutorial_etl_dag.py for tasks to queue
[2022-08-21 16:33:01,188] {logging_mixin.py:115} INFO - [2022-08-21 16:33:01,188] {dagbag.py:508} INFO - Filling up the DagBag from /Users/abhaymone/src/dev/sand/MANAGE-GMAIL/venv/lib/python3.9/site-packages/airflow/example_dags/tutorial_etl_dag.py
[2022-08-21 16:33:01,211] {processor.py:651} INFO - DAG(s) dict_keys(['tutorial_etl_dag']) retrieved from /Users/abhaymone/src/dev/sand/MANAGE-GMAIL/venv/lib/python3.9/site-packages/airflow/example_dags/tutorial_etl_dag.py
[2022-08-21 16:33:01,265] {logging_mixin.py:115} INFO - [2022-08-21 16:33:01,265] {dag.py:2420} INFO - Sync 1 DAGs
[2022-08-21 16:33:01,276] {logging_mixin.py:115} INFO - [2022-08-21 16:33:01,276] {dag.py:2968} INFO - Setting next_dagrun for tutorial_etl_dag to None, run_after=None
[2022-08-21 16:33:01,288] {processor.py:161} INFO - Processing /Users/abhaymone/src/dev/sand/MANAGE-GMAIL/venv/lib/python3.9/site-packages/airflow/example_dags/tutorial_etl_dag.py took 0.102 seconds
[2022-08-21 16:34:01,866] {processor.py:153} INFO - Started process (PID=3763) to work on /Users/abhaymone/src/dev/sand/MANAGE-GMAIL/venv/lib/python3.9/site-packages/airflow/example_dags/tutorial_etl_dag.py
[2022-08-21 16:34:01,867] {processor.py:641} INFO - Processing file /Users/abhaymone/src/dev/sand/MANAGE-GMAIL/venv/lib/python3.9/site-packages/airflow/example_dags/tutorial_etl_dag.py for tasks to queue
[2022-08-21 16:34:01,867] {logging_mixin.py:115} INFO - [2022-08-21 16:34:01,867] {dagbag.py:508} INFO - Filling up the DagBag from /Users/abhaymone/src/dev/sand/MANAGE-GMAIL/venv/lib/python3.9/site-packages/airflow/example_dags/tutorial_etl_dag.py
[2022-08-21 16:34:01,889] {processor.py:651} INFO - DAG(s) dict_keys(['tutorial_etl_dag']) retrieved from /Users/abhaymone/src/dev/sand/MANAGE-GMAIL/venv/lib/python3.9/site-packages/airflow/example_dags/tutorial_etl_dag.py
[2022-08-21 16:34:01,940] {logging_mixin.py:115} INFO - [2022-08-21 16:34:01,940] {dag.py:2420} INFO - Sync 1 DAGs
[2022-08-21 16:34:01,953] {logging_mixin.py:115} INFO - [2022-08-21 16:34:01,953] {dag.py:2968} INFO - Setting next_dagrun for tutorial_etl_dag to None, run_after=None
[2022-08-21 16:34:01,963] {processor.py:161} INFO - Processing /Users/abhaymone/src/dev/sand/MANAGE-GMAIL/venv/lib/python3.9/site-packages/airflow/example_dags/tutorial_etl_dag.py took 0.099 seconds
[2022-08-21 16:35:02,830] {processor.py:153} INFO - Started process (PID=3797) to work on /Users/abhaymone/src/dev/sand/MANAGE-GMAIL/venv/lib/python3.9/site-packages/airflow/example_dags/tutorial_etl_dag.py
[2022-08-21 16:35:02,836] {processor.py:641} INFO - Processing file /Users/abhaymone/src/dev/sand/MANAGE-GMAIL/venv/lib/python3.9/site-packages/airflow/example_dags/tutorial_etl_dag.py for tasks to queue
[2022-08-21 16:35:02,836] {logging_mixin.py:115} INFO - [2022-08-21 16:35:02,836] {dagbag.py:508} INFO - Filling up the DagBag from /Users/abhaymone/src/dev/sand/MANAGE-GMAIL/venv/lib/python3.9/site-packages/airflow/example_dags/tutorial_etl_dag.py
[2022-08-21 16:35:02,861] {processor.py:651} INFO - DAG(s) dict_keys(['tutorial_etl_dag']) retrieved from /Users/abhaymone/src/dev/sand/MANAGE-GMAIL/venv/lib/python3.9/site-packages/airflow/example_dags/tutorial_etl_dag.py
[2022-08-21 16:35:02,910] {logging_mixin.py:115} INFO - [2022-08-21 16:35:02,910] {dag.py:2420} INFO - Sync 1 DAGs
[2022-08-21 16:35:02,922] {logging_mixin.py:115} INFO - [2022-08-21 16:35:02,922] {dag.py:2968} INFO - Setting next_dagrun for tutorial_etl_dag to None, run_after=None
[2022-08-21 16:35:02,933] {processor.py:161} INFO - Processing /Users/abhaymone/src/dev/sand/MANAGE-GMAIL/venv/lib/python3.9/site-packages/airflow/example_dags/tutorial_etl_dag.py took 0.103 seconds
[2022-08-21 16:36:00,238] {processor.py:153} INFO - Started process (PID=3835) to work on /Users/abhaymone/src/dev/sand/MANAGE-GMAIL/venv/lib/python3.9/site-packages/airflow/example_dags/tutorial_etl_dag.py
[2022-08-21 16:36:00,238] {processor.py:641} INFO - Processing file /Users/abhaymone/src/dev/sand/MANAGE-GMAIL/venv/lib/python3.9/site-packages/airflow/example_dags/tutorial_etl_dag.py for tasks to queue
[2022-08-21 16:36:00,238] {logging_mixin.py:115} INFO - [2022-08-21 16:36:00,238] {dagbag.py:508} INFO - Filling up the DagBag from /Users/abhaymone/src/dev/sand/MANAGE-GMAIL/venv/lib/python3.9/site-packages/airflow/example_dags/tutorial_etl_dag.py
[2022-08-21 16:36:00,261] {processor.py:651} INFO - DAG(s) dict_keys(['tutorial_etl_dag']) retrieved from /Users/abhaymone/src/dev/sand/MANAGE-GMAIL/venv/lib/python3.9/site-packages/airflow/example_dags/tutorial_etl_dag.py
[2022-08-21 16:36:00,310] {logging_mixin.py:115} INFO - [2022-08-21 16:36:00,310] {dag.py:2420} INFO - Sync 1 DAGs
[2022-08-21 16:36:00,321] {logging_mixin.py:115} INFO - [2022-08-21 16:36:00,321] {dag.py:2968} INFO - Setting next_dagrun for tutorial_etl_dag to None, run_after=None
[2022-08-21 16:36:00,333] {processor.py:161} INFO - Processing /Users/abhaymone/src/dev/sand/MANAGE-GMAIL/venv/lib/python3.9/site-packages/airflow/example_dags/tutorial_etl_dag.py took 0.096 seconds
[2022-08-21 16:37:02,016] {processor.py:153} INFO - Started process (PID=3872) to work on /Users/abhaymone/src/dev/sand/MANAGE-GMAIL/venv/lib/python3.9/site-packages/airflow/example_dags/tutorial_etl_dag.py
[2022-08-21 16:37:02,016] {processor.py:641} INFO - Processing file /Users/abhaymone/src/dev/sand/MANAGE-GMAIL/venv/lib/python3.9/site-packages/airflow/example_dags/tutorial_etl_dag.py for tasks to queue
[2022-08-21 16:37:02,017] {logging_mixin.py:115} INFO - [2022-08-21 16:37:02,017] {dagbag.py:508} INFO - Filling up the DagBag from /Users/abhaymone/src/dev/sand/MANAGE-GMAIL/venv/lib/python3.9/site-packages/airflow/example_dags/tutorial_etl_dag.py
[2022-08-21 16:37:02,035] {processor.py:651} INFO - DAG(s) dict_keys(['tutorial_etl_dag']) retrieved from /Users/abhaymone/src/dev/sand/MANAGE-GMAIL/venv/lib/python3.9/site-packages/airflow/example_dags/tutorial_etl_dag.py
[2022-08-21 16:37:02,083] {logging_mixin.py:115} INFO - [2022-08-21 16:37:02,083] {dag.py:2420} INFO - Sync 1 DAGs
[2022-08-21 16:37:02,093] {logging_mixin.py:115} INFO - [2022-08-21 16:37:02,093] {dag.py:2968} INFO - Setting next_dagrun for tutorial_etl_dag to None, run_after=None
[2022-08-21 16:37:02,109] {processor.py:161} INFO - Processing /Users/abhaymone/src/dev/sand/MANAGE-GMAIL/venv/lib/python3.9/site-packages/airflow/example_dags/tutorial_etl_dag.py took 0.094 seconds
[2022-08-21 16:37:58,932] {processor.py:153} INFO - Started process (PID=3906) to work on /Users/abhaymone/src/dev/sand/MANAGE-GMAIL/venv/lib/python3.9/site-packages/airflow/example_dags/tutorial_etl_dag.py
[2022-08-21 16:37:58,932] {processor.py:641} INFO - Processing file /Users/abhaymone/src/dev/sand/MANAGE-GMAIL/venv/lib/python3.9/site-packages/airflow/example_dags/tutorial_etl_dag.py for tasks to queue
[2022-08-21 16:37:58,933] {logging_mixin.py:115} INFO - [2022-08-21 16:37:58,933] {dagbag.py:508} INFO - Filling up the DagBag from /Users/abhaymone/src/dev/sand/MANAGE-GMAIL/venv/lib/python3.9/site-packages/airflow/example_dags/tutorial_etl_dag.py
[2022-08-21 16:37:58,951] {processor.py:651} INFO - DAG(s) dict_keys(['tutorial_etl_dag']) retrieved from /Users/abhaymone/src/dev/sand/MANAGE-GMAIL/venv/lib/python3.9/site-packages/airflow/example_dags/tutorial_etl_dag.py
[2022-08-21 16:37:58,998] {logging_mixin.py:115} INFO - [2022-08-21 16:37:58,998] {dag.py:2420} INFO - Sync 1 DAGs
[2022-08-21 16:37:59,008] {logging_mixin.py:115} INFO - [2022-08-21 16:37:59,008] {dag.py:2968} INFO - Setting next_dagrun for tutorial_etl_dag to None, run_after=None
[2022-08-21 16:37:59,024] {processor.py:161} INFO - Processing /Users/abhaymone/src/dev/sand/MANAGE-GMAIL/venv/lib/python3.9/site-packages/airflow/example_dags/tutorial_etl_dag.py took 0.092 seconds
[2022-08-21 16:38:57,662] {processor.py:153} INFO - Started process (PID=3942) to work on /Users/abhaymone/src/dev/sand/MANAGE-GMAIL/venv/lib/python3.9/site-packages/airflow/example_dags/tutorial_etl_dag.py
[2022-08-21 16:38:57,668] {processor.py:641} INFO - Processing file /Users/abhaymone/src/dev/sand/MANAGE-GMAIL/venv/lib/python3.9/site-packages/airflow/example_dags/tutorial_etl_dag.py for tasks to queue
[2022-08-21 16:38:57,668] {logging_mixin.py:115} INFO - [2022-08-21 16:38:57,668] {dagbag.py:508} INFO - Filling up the DagBag from /Users/abhaymone/src/dev/sand/MANAGE-GMAIL/venv/lib/python3.9/site-packages/airflow/example_dags/tutorial_etl_dag.py
[2022-08-21 16:38:57,693] {processor.py:651} INFO - DAG(s) dict_keys(['tutorial_etl_dag']) retrieved from /Users/abhaymone/src/dev/sand/MANAGE-GMAIL/venv/lib/python3.9/site-packages/airflow/example_dags/tutorial_etl_dag.py
[2022-08-21 16:38:57,747] {logging_mixin.py:115} INFO - [2022-08-21 16:38:57,746] {dag.py:2420} INFO - Sync 1 DAGs
[2022-08-21 16:38:57,758] {logging_mixin.py:115} INFO - [2022-08-21 16:38:57,758] {dag.py:2968} INFO - Setting next_dagrun for tutorial_etl_dag to None, run_after=None
[2022-08-21 16:38:57,769] {processor.py:161} INFO - Processing /Users/abhaymone/src/dev/sand/MANAGE-GMAIL/venv/lib/python3.9/site-packages/airflow/example_dags/tutorial_etl_dag.py took 0.107 seconds
[2022-08-21 16:39:58,420] {processor.py:153} INFO - Started process (PID=3977) to work on /Users/abhaymone/src/dev/sand/MANAGE-GMAIL/venv/lib/python3.9/site-packages/airflow/example_dags/tutorial_etl_dag.py
[2022-08-21 16:39:58,420] {processor.py:641} INFO - Processing file /Users/abhaymone/src/dev/sand/MANAGE-GMAIL/venv/lib/python3.9/site-packages/airflow/example_dags/tutorial_etl_dag.py for tasks to queue
[2022-08-21 16:39:58,420] {logging_mixin.py:115} INFO - [2022-08-21 16:39:58,420] {dagbag.py:508} INFO - Filling up the DagBag from /Users/abhaymone/src/dev/sand/MANAGE-GMAIL/venv/lib/python3.9/site-packages/airflow/example_dags/tutorial_etl_dag.py
[2022-08-21 16:39:58,440] {processor.py:651} INFO - DAG(s) dict_keys(['tutorial_etl_dag']) retrieved from /Users/abhaymone/src/dev/sand/MANAGE-GMAIL/venv/lib/python3.9/site-packages/airflow/example_dags/tutorial_etl_dag.py
[2022-08-21 16:39:58,495] {logging_mixin.py:115} INFO - [2022-08-21 16:39:58,495] {dag.py:2420} INFO - Sync 1 DAGs
[2022-08-21 16:39:58,509] {logging_mixin.py:115} INFO - [2022-08-21 16:39:58,508] {dag.py:2968} INFO - Setting next_dagrun for tutorial_etl_dag to None, run_after=None
[2022-08-21 16:39:58,525] {processor.py:161} INFO - Processing /Users/abhaymone/src/dev/sand/MANAGE-GMAIL/venv/lib/python3.9/site-packages/airflow/example_dags/tutorial_etl_dag.py took 0.106 seconds
[2022-08-21 16:40:56,813] {processor.py:153} INFO - Started process (PID=4011) to work on /Users/abhaymone/src/dev/sand/MANAGE-GMAIL/venv/lib/python3.9/site-packages/airflow/example_dags/tutorial_etl_dag.py
[2022-08-21 16:40:56,819] {processor.py:641} INFO - Processing file /Users/abhaymone/src/dev/sand/MANAGE-GMAIL/venv/lib/python3.9/site-packages/airflow/example_dags/tutorial_etl_dag.py for tasks to queue
[2022-08-21 16:40:56,820] {logging_mixin.py:115} INFO - [2022-08-21 16:40:56,819] {dagbag.py:508} INFO - Filling up the DagBag from /Users/abhaymone/src/dev/sand/MANAGE-GMAIL/venv/lib/python3.9/site-packages/airflow/example_dags/tutorial_etl_dag.py
[2022-08-21 16:40:56,844] {processor.py:651} INFO - DAG(s) dict_keys(['tutorial_etl_dag']) retrieved from /Users/abhaymone/src/dev/sand/MANAGE-GMAIL/venv/lib/python3.9/site-packages/airflow/example_dags/tutorial_etl_dag.py
[2022-08-21 16:40:56,895] {logging_mixin.py:115} INFO - [2022-08-21 16:40:56,895] {dag.py:2420} INFO - Sync 1 DAGs
[2022-08-21 16:40:56,906] {logging_mixin.py:115} INFO - [2022-08-21 16:40:56,906] {dag.py:2968} INFO - Setting next_dagrun for tutorial_etl_dag to None, run_after=None
[2022-08-21 16:40:56,917] {processor.py:161} INFO - Processing /Users/abhaymone/src/dev/sand/MANAGE-GMAIL/venv/lib/python3.9/site-packages/airflow/example_dags/tutorial_etl_dag.py took 0.104 seconds
[2022-08-21 16:41:55,929] {processor.py:153} INFO - Started process (PID=4048) to work on /Users/abhaymone/src/dev/sand/MANAGE-GMAIL/venv/lib/python3.9/site-packages/airflow/example_dags/tutorial_etl_dag.py
[2022-08-21 16:41:55,929] {processor.py:641} INFO - Processing file /Users/abhaymone/src/dev/sand/MANAGE-GMAIL/venv/lib/python3.9/site-packages/airflow/example_dags/tutorial_etl_dag.py for tasks to queue
[2022-08-21 16:41:55,929] {logging_mixin.py:115} INFO - [2022-08-21 16:41:55,929] {dagbag.py:508} INFO - Filling up the DagBag from /Users/abhaymone/src/dev/sand/MANAGE-GMAIL/venv/lib/python3.9/site-packages/airflow/example_dags/tutorial_etl_dag.py
[2022-08-21 16:41:55,950] {processor.py:651} INFO - DAG(s) dict_keys(['tutorial_etl_dag']) retrieved from /Users/abhaymone/src/dev/sand/MANAGE-GMAIL/venv/lib/python3.9/site-packages/airflow/example_dags/tutorial_etl_dag.py
[2022-08-21 16:41:56,004] {logging_mixin.py:115} INFO - [2022-08-21 16:41:56,004] {dag.py:2420} INFO - Sync 1 DAGs
[2022-08-21 16:41:56,014] {logging_mixin.py:115} INFO - [2022-08-21 16:41:56,014] {dag.py:2968} INFO - Setting next_dagrun for tutorial_etl_dag to None, run_after=None
[2022-08-21 16:41:56,025] {processor.py:161} INFO - Processing /Users/abhaymone/src/dev/sand/MANAGE-GMAIL/venv/lib/python3.9/site-packages/airflow/example_dags/tutorial_etl_dag.py took 0.096 seconds
[2022-08-21 16:42:34,484] {processor.py:153} INFO - Started process (PID=4071) to work on /Users/abhaymone/src/dev/sand/MANAGE-GMAIL/venv/lib/python3.9/site-packages/airflow/example_dags/tutorial_etl_dag.py
[2022-08-21 16:42:34,484] {processor.py:641} INFO - Processing file /Users/abhaymone/src/dev/sand/MANAGE-GMAIL/venv/lib/python3.9/site-packages/airflow/example_dags/tutorial_etl_dag.py for tasks to queue
[2022-08-21 16:42:34,485] {logging_mixin.py:115} INFO - [2022-08-21 16:42:34,484] {dagbag.py:508} INFO - Filling up the DagBag from /Users/abhaymone/src/dev/sand/MANAGE-GMAIL/venv/lib/python3.9/site-packages/airflow/example_dags/tutorial_etl_dag.py
[2022-08-21 16:42:34,505] {processor.py:651} INFO - DAG(s) dict_keys(['tutorial_etl_dag']) retrieved from /Users/abhaymone/src/dev/sand/MANAGE-GMAIL/venv/lib/python3.9/site-packages/airflow/example_dags/tutorial_etl_dag.py
[2022-08-21 16:42:34,557] {logging_mixin.py:115} INFO - [2022-08-21 16:42:34,557] {dag.py:2420} INFO - Sync 1 DAGs
[2022-08-21 16:42:34,567] {logging_mixin.py:115} INFO - [2022-08-21 16:42:34,567] {dag.py:2968} INFO - Setting next_dagrun for tutorial_etl_dag to None, run_after=None
[2022-08-21 16:42:34,583] {processor.py:161} INFO - Processing /Users/abhaymone/src/dev/sand/MANAGE-GMAIL/venv/lib/python3.9/site-packages/airflow/example_dags/tutorial_etl_dag.py took 0.100 seconds
[2022-08-21 16:43:37,772] {processor.py:153} INFO - Started process (PID=4134) to work on /Users/abhaymone/src/dev/sand/MANAGE-GMAIL/venv/lib/python3.9/site-packages/airflow/example_dags/tutorial_etl_dag.py
[2022-08-21 16:43:37,778] {processor.py:641} INFO - Processing file /Users/abhaymone/src/dev/sand/MANAGE-GMAIL/venv/lib/python3.9/site-packages/airflow/example_dags/tutorial_etl_dag.py for tasks to queue
[2022-08-21 16:43:37,778] {logging_mixin.py:115} INFO - [2022-08-21 16:43:37,778] {dagbag.py:508} INFO - Filling up the DagBag from /Users/abhaymone/src/dev/sand/MANAGE-GMAIL/venv/lib/python3.9/site-packages/airflow/example_dags/tutorial_etl_dag.py
[2022-08-21 16:43:37,805] {processor.py:651} INFO - DAG(s) dict_keys(['tutorial_etl_dag']) retrieved from /Users/abhaymone/src/dev/sand/MANAGE-GMAIL/venv/lib/python3.9/site-packages/airflow/example_dags/tutorial_etl_dag.py
[2022-08-21 16:43:37,858] {logging_mixin.py:115} INFO - [2022-08-21 16:43:37,858] {dag.py:2420} INFO - Sync 1 DAGs
[2022-08-21 16:43:37,869] {logging_mixin.py:115} INFO - [2022-08-21 16:43:37,869] {dag.py:2968} INFO - Setting next_dagrun for tutorial_etl_dag to None, run_after=None
[2022-08-21 16:43:37,880] {processor.py:161} INFO - Processing /Users/abhaymone/src/dev/sand/MANAGE-GMAIL/venv/lib/python3.9/site-packages/airflow/example_dags/tutorial_etl_dag.py took 0.108 seconds
[2022-08-21 16:44:41,720] {processor.py:153} INFO - Started process (PID=4250) to work on /Users/abhaymone/src/dev/sand/MANAGE-GMAIL/venv/lib/python3.9/site-packages/airflow/example_dags/tutorial_etl_dag.py
[2022-08-21 16:44:41,722] {processor.py:641} INFO - Processing file /Users/abhaymone/src/dev/sand/MANAGE-GMAIL/venv/lib/python3.9/site-packages/airflow/example_dags/tutorial_etl_dag.py for tasks to queue
[2022-08-21 16:44:41,723] {logging_mixin.py:115} INFO - [2022-08-21 16:44:41,723] {dagbag.py:508} INFO - Filling up the DagBag from /Users/abhaymone/src/dev/sand/MANAGE-GMAIL/venv/lib/python3.9/site-packages/airflow/example_dags/tutorial_etl_dag.py
[2022-08-21 16:44:41,743] {processor.py:651} INFO - DAG(s) dict_keys(['tutorial_etl_dag']) retrieved from /Users/abhaymone/src/dev/sand/MANAGE-GMAIL/venv/lib/python3.9/site-packages/airflow/example_dags/tutorial_etl_dag.py
[2022-08-21 16:44:41,798] {logging_mixin.py:115} INFO - [2022-08-21 16:44:41,798] {dag.py:2420} INFO - Sync 1 DAGs
[2022-08-21 16:44:41,809] {logging_mixin.py:115} INFO - [2022-08-21 16:44:41,809] {dag.py:2968} INFO - Setting next_dagrun for tutorial_etl_dag to None, run_after=None
[2022-08-21 16:44:41,819] {processor.py:161} INFO - Processing /Users/abhaymone/src/dev/sand/MANAGE-GMAIL/venv/lib/python3.9/site-packages/airflow/example_dags/tutorial_etl_dag.py took 0.099 seconds
[2022-08-21 16:45:39,717] {processor.py:153} INFO - Started process (PID=4356) to work on /Users/abhaymone/src/dev/sand/MANAGE-GMAIL/venv/lib/python3.9/site-packages/airflow/example_dags/tutorial_etl_dag.py
[2022-08-21 16:45:39,717] {processor.py:641} INFO - Processing file /Users/abhaymone/src/dev/sand/MANAGE-GMAIL/venv/lib/python3.9/site-packages/airflow/example_dags/tutorial_etl_dag.py for tasks to queue
[2022-08-21 16:45:39,718] {logging_mixin.py:115} INFO - [2022-08-21 16:45:39,718] {dagbag.py:508} INFO - Filling up the DagBag from /Users/abhaymone/src/dev/sand/MANAGE-GMAIL/venv/lib/python3.9/site-packages/airflow/example_dags/tutorial_etl_dag.py
[2022-08-21 16:45:39,736] {processor.py:651} INFO - DAG(s) dict_keys(['tutorial_etl_dag']) retrieved from /Users/abhaymone/src/dev/sand/MANAGE-GMAIL/venv/lib/python3.9/site-packages/airflow/example_dags/tutorial_etl_dag.py
[2022-08-21 16:45:39,783] {logging_mixin.py:115} INFO - [2022-08-21 16:45:39,782] {dag.py:2420} INFO - Sync 1 DAGs
[2022-08-21 16:45:39,793] {logging_mixin.py:115} INFO - [2022-08-21 16:45:39,793] {dag.py:2968} INFO - Setting next_dagrun for tutorial_etl_dag to None, run_after=None
[2022-08-21 16:45:39,808] {processor.py:161} INFO - Processing /Users/abhaymone/src/dev/sand/MANAGE-GMAIL/venv/lib/python3.9/site-packages/airflow/example_dags/tutorial_etl_dag.py took 0.091 seconds
[2022-08-21 16:46:34,076] {processor.py:153} INFO - Started process (PID=4468) to work on /Users/abhaymone/src/dev/sand/MANAGE-GMAIL/venv/lib/python3.9/site-packages/airflow/example_dags/tutorial_etl_dag.py
[2022-08-21 16:46:34,082] {processor.py:641} INFO - Processing file /Users/abhaymone/src/dev/sand/MANAGE-GMAIL/venv/lib/python3.9/site-packages/airflow/example_dags/tutorial_etl_dag.py for tasks to queue
[2022-08-21 16:46:34,082] {logging_mixin.py:115} INFO - [2022-08-21 16:46:34,082] {dagbag.py:508} INFO - Filling up the DagBag from /Users/abhaymone/src/dev/sand/MANAGE-GMAIL/venv/lib/python3.9/site-packages/airflow/example_dags/tutorial_etl_dag.py
[2022-08-21 16:46:34,108] {processor.py:651} INFO - DAG(s) dict_keys(['tutorial_etl_dag']) retrieved from /Users/abhaymone/src/dev/sand/MANAGE-GMAIL/venv/lib/python3.9/site-packages/airflow/example_dags/tutorial_etl_dag.py
[2022-08-21 16:46:34,160] {logging_mixin.py:115} INFO - [2022-08-21 16:46:34,159] {dag.py:2420} INFO - Sync 1 DAGs
[2022-08-21 16:46:34,172] {logging_mixin.py:115} INFO - [2022-08-21 16:46:34,172] {dag.py:2968} INFO - Setting next_dagrun for tutorial_etl_dag to None, run_after=None
[2022-08-21 16:46:34,182] {processor.py:161} INFO - Processing /Users/abhaymone/src/dev/sand/MANAGE-GMAIL/venv/lib/python3.9/site-packages/airflow/example_dags/tutorial_etl_dag.py took 0.107 seconds
[2022-08-21 16:47:34,930] {processor.py:153} INFO - Started process (PID=4557) to work on /Users/abhaymone/src/dev/sand/MANAGE-GMAIL/venv/lib/python3.9/site-packages/airflow/example_dags/tutorial_etl_dag.py
[2022-08-21 16:47:34,935] {processor.py:641} INFO - Processing file /Users/abhaymone/src/dev/sand/MANAGE-GMAIL/venv/lib/python3.9/site-packages/airflow/example_dags/tutorial_etl_dag.py for tasks to queue
[2022-08-21 16:47:34,936] {logging_mixin.py:115} INFO - [2022-08-21 16:47:34,936] {dagbag.py:508} INFO - Filling up the DagBag from /Users/abhaymone/src/dev/sand/MANAGE-GMAIL/venv/lib/python3.9/site-packages/airflow/example_dags/tutorial_etl_dag.py
[2022-08-21 16:47:34,961] {processor.py:651} INFO - DAG(s) dict_keys(['tutorial_etl_dag']) retrieved from /Users/abhaymone/src/dev/sand/MANAGE-GMAIL/venv/lib/python3.9/site-packages/airflow/example_dags/tutorial_etl_dag.py
[2022-08-21 16:47:35,014] {logging_mixin.py:115} INFO - [2022-08-21 16:47:35,014] {dag.py:2420} INFO - Sync 1 DAGs
[2022-08-21 16:47:35,026] {logging_mixin.py:115} INFO - [2022-08-21 16:47:35,026] {dag.py:2968} INFO - Setting next_dagrun for tutorial_etl_dag to None, run_after=None
[2022-08-21 16:47:35,035] {processor.py:161} INFO - Processing /Users/abhaymone/src/dev/sand/MANAGE-GMAIL/venv/lib/python3.9/site-packages/airflow/example_dags/tutorial_etl_dag.py took 0.106 seconds
[2022-08-21 16:48:44,000] {processor.py:153} INFO - Started process (PID=4604) to work on /Users/abhaymone/src/dev/sand/MANAGE-GMAIL/venv/lib/python3.9/site-packages/airflow/example_dags/tutorial_etl_dag.py
[2022-08-21 16:48:44,006] {processor.py:641} INFO - Processing file /Users/abhaymone/src/dev/sand/MANAGE-GMAIL/venv/lib/python3.9/site-packages/airflow/example_dags/tutorial_etl_dag.py for tasks to queue
[2022-08-21 16:48:44,006] {logging_mixin.py:115} INFO - [2022-08-21 16:48:44,006] {dagbag.py:508} INFO - Filling up the DagBag from /Users/abhaymone/src/dev/sand/MANAGE-GMAIL/venv/lib/python3.9/site-packages/airflow/example_dags/tutorial_etl_dag.py
[2022-08-21 16:48:44,032] {processor.py:651} INFO - DAG(s) dict_keys(['tutorial_etl_dag']) retrieved from /Users/abhaymone/src/dev/sand/MANAGE-GMAIL/venv/lib/python3.9/site-packages/airflow/example_dags/tutorial_etl_dag.py
[2022-08-21 16:48:44,080] {logging_mixin.py:115} INFO - [2022-08-21 16:48:44,080] {dag.py:2420} INFO - Sync 1 DAGs
[2022-08-21 16:48:44,092] {logging_mixin.py:115} INFO - [2022-08-21 16:48:44,092] {dag.py:2968} INFO - Setting next_dagrun for tutorial_etl_dag to None, run_after=None
[2022-08-21 16:48:44,103] {processor.py:161} INFO - Processing /Users/abhaymone/src/dev/sand/MANAGE-GMAIL/venv/lib/python3.9/site-packages/airflow/example_dags/tutorial_etl_dag.py took 0.103 seconds
[2022-08-21 16:49:42,355] {processor.py:153} INFO - Started process (PID=4645) to work on /Users/abhaymone/src/dev/sand/MANAGE-GMAIL/venv/lib/python3.9/site-packages/airflow/example_dags/tutorial_etl_dag.py
[2022-08-21 16:49:42,356] {processor.py:641} INFO - Processing file /Users/abhaymone/src/dev/sand/MANAGE-GMAIL/venv/lib/python3.9/site-packages/airflow/example_dags/tutorial_etl_dag.py for tasks to queue
[2022-08-21 16:49:42,356] {logging_mixin.py:115} INFO - [2022-08-21 16:49:42,356] {dagbag.py:508} INFO - Filling up the DagBag from /Users/abhaymone/src/dev/sand/MANAGE-GMAIL/venv/lib/python3.9/site-packages/airflow/example_dags/tutorial_etl_dag.py
[2022-08-21 16:49:42,430] {processor.py:651} INFO - DAG(s) dict_keys(['tutorial_etl_dag']) retrieved from /Users/abhaymone/src/dev/sand/MANAGE-GMAIL/venv/lib/python3.9/site-packages/airflow/example_dags/tutorial_etl_dag.py
[2022-08-21 16:49:42,610] {logging_mixin.py:115} INFO - [2022-08-21 16:49:42,609] {dag.py:2420} INFO - Sync 1 DAGs
[2022-08-21 16:49:42,636] {logging_mixin.py:115} INFO - [2022-08-21 16:49:42,636] {dag.py:2968} INFO - Setting next_dagrun for tutorial_etl_dag to None, run_after=None
[2022-08-21 16:49:42,648] {processor.py:161} INFO - Processing /Users/abhaymone/src/dev/sand/MANAGE-GMAIL/venv/lib/python3.9/site-packages/airflow/example_dags/tutorial_etl_dag.py took 0.294 seconds
[2022-08-21 16:50:48,263] {processor.py:153} INFO - Started process (PID=4699) to work on /Users/abhaymone/src/dev/sand/MANAGE-GMAIL/venv/lib/python3.9/site-packages/airflow/example_dags/tutorial_etl_dag.py
[2022-08-21 16:50:48,268] {processor.py:641} INFO - Processing file /Users/abhaymone/src/dev/sand/MANAGE-GMAIL/venv/lib/python3.9/site-packages/airflow/example_dags/tutorial_etl_dag.py for tasks to queue
[2022-08-21 16:50:48,269] {logging_mixin.py:115} INFO - [2022-08-21 16:50:48,269] {dagbag.py:508} INFO - Filling up the DagBag from /Users/abhaymone/src/dev/sand/MANAGE-GMAIL/venv/lib/python3.9/site-packages/airflow/example_dags/tutorial_etl_dag.py
[2022-08-21 16:50:48,294] {processor.py:651} INFO - DAG(s) dict_keys(['tutorial_etl_dag']) retrieved from /Users/abhaymone/src/dev/sand/MANAGE-GMAIL/venv/lib/python3.9/site-packages/airflow/example_dags/tutorial_etl_dag.py
[2022-08-21 16:50:48,341] {logging_mixin.py:115} INFO - [2022-08-21 16:50:48,341] {dag.py:2420} INFO - Sync 1 DAGs
[2022-08-21 16:50:48,352] {logging_mixin.py:115} INFO - [2022-08-21 16:50:48,352] {dag.py:2968} INFO - Setting next_dagrun for tutorial_etl_dag to None, run_after=None
[2022-08-21 16:50:48,360] {processor.py:161} INFO - Processing /Users/abhaymone/src/dev/sand/MANAGE-GMAIL/venv/lib/python3.9/site-packages/airflow/example_dags/tutorial_etl_dag.py took 0.098 seconds
[2022-08-21 16:51:47,161] {processor.py:153} INFO - Started process (PID=4809) to work on /Users/abhaymone/src/dev/sand/MANAGE-GMAIL/venv/lib/python3.9/site-packages/airflow/example_dags/tutorial_etl_dag.py
[2022-08-21 16:51:47,167] {processor.py:641} INFO - Processing file /Users/abhaymone/src/dev/sand/MANAGE-GMAIL/venv/lib/python3.9/site-packages/airflow/example_dags/tutorial_etl_dag.py for tasks to queue
[2022-08-21 16:51:47,167] {logging_mixin.py:115} INFO - [2022-08-21 16:51:47,167] {dagbag.py:508} INFO - Filling up the DagBag from /Users/abhaymone/src/dev/sand/MANAGE-GMAIL/venv/lib/python3.9/site-packages/airflow/example_dags/tutorial_etl_dag.py
[2022-08-21 16:51:47,195] {processor.py:651} INFO - DAG(s) dict_keys(['tutorial_etl_dag']) retrieved from /Users/abhaymone/src/dev/sand/MANAGE-GMAIL/venv/lib/python3.9/site-packages/airflow/example_dags/tutorial_etl_dag.py
[2022-08-21 16:51:47,242] {logging_mixin.py:115} INFO - [2022-08-21 16:51:47,242] {dag.py:2420} INFO - Sync 1 DAGs
[2022-08-21 16:51:47,253] {logging_mixin.py:115} INFO - [2022-08-21 16:51:47,253] {dag.py:2968} INFO - Setting next_dagrun for tutorial_etl_dag to None, run_after=None
[2022-08-21 16:51:47,263] {processor.py:161} INFO - Processing /Users/abhaymone/src/dev/sand/MANAGE-GMAIL/venv/lib/python3.9/site-packages/airflow/example_dags/tutorial_etl_dag.py took 0.103 seconds
[2022-08-21 16:52:43,321] {processor.py:153} INFO - Started process (PID=5036) to work on /Users/abhaymone/src/dev/sand/MANAGE-GMAIL/venv/lib/python3.9/site-packages/airflow/example_dags/tutorial_etl_dag.py
[2022-08-21 16:52:43,321] {processor.py:641} INFO - Processing file /Users/abhaymone/src/dev/sand/MANAGE-GMAIL/venv/lib/python3.9/site-packages/airflow/example_dags/tutorial_etl_dag.py for tasks to queue
[2022-08-21 16:52:43,321] {logging_mixin.py:115} INFO - [2022-08-21 16:52:43,321] {dagbag.py:508} INFO - Filling up the DagBag from /Users/abhaymone/src/dev/sand/MANAGE-GMAIL/venv/lib/python3.9/site-packages/airflow/example_dags/tutorial_etl_dag.py
[2022-08-21 16:52:43,342] {processor.py:651} INFO - DAG(s) dict_keys(['tutorial_etl_dag']) retrieved from /Users/abhaymone/src/dev/sand/MANAGE-GMAIL/venv/lib/python3.9/site-packages/airflow/example_dags/tutorial_etl_dag.py
[2022-08-21 16:52:43,397] {logging_mixin.py:115} INFO - [2022-08-21 16:52:43,397] {dag.py:2420} INFO - Sync 1 DAGs
[2022-08-21 16:52:43,407] {logging_mixin.py:115} INFO - [2022-08-21 16:52:43,407] {dag.py:2968} INFO - Setting next_dagrun for tutorial_etl_dag to None, run_after=None
[2022-08-21 16:52:43,423] {processor.py:161} INFO - Processing /Users/abhaymone/src/dev/sand/MANAGE-GMAIL/venv/lib/python3.9/site-packages/airflow/example_dags/tutorial_etl_dag.py took 0.103 seconds
[2022-08-21 16:53:47,342] {processor.py:153} INFO - Started process (PID=5146) to work on /Users/abhaymone/src/dev/sand/MANAGE-GMAIL/venv/lib/python3.9/site-packages/airflow/example_dags/tutorial_etl_dag.py
[2022-08-21 16:53:47,343] {processor.py:641} INFO - Processing file /Users/abhaymone/src/dev/sand/MANAGE-GMAIL/venv/lib/python3.9/site-packages/airflow/example_dags/tutorial_etl_dag.py for tasks to queue
[2022-08-21 16:53:47,343] {logging_mixin.py:115} INFO - [2022-08-21 16:53:47,343] {dagbag.py:508} INFO - Filling up the DagBag from /Users/abhaymone/src/dev/sand/MANAGE-GMAIL/venv/lib/python3.9/site-packages/airflow/example_dags/tutorial_etl_dag.py
[2022-08-21 16:53:47,362] {processor.py:651} INFO - DAG(s) dict_keys(['tutorial_etl_dag']) retrieved from /Users/abhaymone/src/dev/sand/MANAGE-GMAIL/venv/lib/python3.9/site-packages/airflow/example_dags/tutorial_etl_dag.py
[2022-08-21 16:53:47,410] {logging_mixin.py:115} INFO - [2022-08-21 16:53:47,409] {dag.py:2420} INFO - Sync 1 DAGs
[2022-08-21 16:53:47,421] {logging_mixin.py:115} INFO - [2022-08-21 16:53:47,421] {dag.py:2968} INFO - Setting next_dagrun for tutorial_etl_dag to None, run_after=None
[2022-08-21 16:53:47,436] {processor.py:161} INFO - Processing /Users/abhaymone/src/dev/sand/MANAGE-GMAIL/venv/lib/python3.9/site-packages/airflow/example_dags/tutorial_etl_dag.py took 0.095 seconds
[2022-08-21 16:54:47,959] {processor.py:153} INFO - Started process (PID=5200) to work on /Users/abhaymone/src/dev/sand/MANAGE-GMAIL/venv/lib/python3.9/site-packages/airflow/example_dags/tutorial_etl_dag.py
[2022-08-21 16:54:47,959] {processor.py:641} INFO - Processing file /Users/abhaymone/src/dev/sand/MANAGE-GMAIL/venv/lib/python3.9/site-packages/airflow/example_dags/tutorial_etl_dag.py for tasks to queue
[2022-08-21 16:54:47,959] {logging_mixin.py:115} INFO - [2022-08-21 16:54:47,959] {dagbag.py:508} INFO - Filling up the DagBag from /Users/abhaymone/src/dev/sand/MANAGE-GMAIL/venv/lib/python3.9/site-packages/airflow/example_dags/tutorial_etl_dag.py
[2022-08-21 16:54:47,981] {processor.py:651} INFO - DAG(s) dict_keys(['tutorial_etl_dag']) retrieved from /Users/abhaymone/src/dev/sand/MANAGE-GMAIL/venv/lib/python3.9/site-packages/airflow/example_dags/tutorial_etl_dag.py
[2022-08-21 16:54:48,030] {logging_mixin.py:115} INFO - [2022-08-21 16:54:48,030] {dag.py:2420} INFO - Sync 1 DAGs
[2022-08-21 16:54:48,041] {logging_mixin.py:115} INFO - [2022-08-21 16:54:48,041] {dag.py:2968} INFO - Setting next_dagrun for tutorial_etl_dag to None, run_after=None
[2022-08-21 16:54:48,051] {processor.py:161} INFO - Processing /Users/abhaymone/src/dev/sand/MANAGE-GMAIL/venv/lib/python3.9/site-packages/airflow/example_dags/tutorial_etl_dag.py took 0.093 seconds
