[2022-08-21 16:13:59,557] {processor.py:153} INFO - Started process (PID=3331) to work on /Users/abhaymone/src/dev/sand/MANAGE-GMAIL/venv/lib/python3.9/site-packages/airflow/example_dags/tutorial_taskflow_api_etl.py
[2022-08-21 16:13:59,557] {processor.py:641} INFO - Processing file /Users/abhaymone/src/dev/sand/MANAGE-GMAIL/venv/lib/python3.9/site-packages/airflow/example_dags/tutorial_taskflow_api_etl.py for tasks to queue
[2022-08-21 16:13:59,557] {logging_mixin.py:115} INFO - [2022-08-21 16:13:59,557] {dagbag.py:508} INFO - Filling up the DagBag from /Users/abhaymone/src/dev/sand/MANAGE-GMAIL/venv/lib/python3.9/site-packages/airflow/example_dags/tutorial_taskflow_api_etl.py
[2022-08-21 16:13:59,582] {processor.py:651} INFO - DAG(s) dict_keys(['tutorial_taskflow_api_etl']) retrieved from /Users/abhaymone/src/dev/sand/MANAGE-GMAIL/venv/lib/python3.9/site-packages/airflow/example_dags/tutorial_taskflow_api_etl.py
[2022-08-21 16:14:00,276] {logging_mixin.py:115} INFO - [2022-08-21 16:14:00,276] {manager.py:508} INFO - Created Permission View: can delete on DAG:tutorial_taskflow_api_etl
[2022-08-21 16:14:00,282] {logging_mixin.py:115} INFO - [2022-08-21 16:14:00,282] {manager.py:508} INFO - Created Permission View: can read on DAG:tutorial_taskflow_api_etl
[2022-08-21 16:14:00,287] {logging_mixin.py:115} INFO - [2022-08-21 16:14:00,287] {manager.py:508} INFO - Created Permission View: can edit on DAG:tutorial_taskflow_api_etl
[2022-08-21 16:14:00,287] {logging_mixin.py:115} INFO - [2022-08-21 16:14:00,287] {dag.py:2420} INFO - Sync 1 DAGs
[2022-08-21 16:14:00,293] {logging_mixin.py:115} INFO - [2022-08-21 16:14:00,292] {dag.py:2439} INFO - Creating ORM DAG for tutorial_taskflow_api_etl
[2022-08-21 16:14:00,299] {logging_mixin.py:115} INFO - [2022-08-21 16:14:00,299] {dag.py:2968} INFO - Setting next_dagrun for tutorial_taskflow_api_etl to None, run_after=None
[2022-08-21 16:14:00,309] {processor.py:161} INFO - Processing /Users/abhaymone/src/dev/sand/MANAGE-GMAIL/venv/lib/python3.9/site-packages/airflow/example_dags/tutorial_taskflow_api_etl.py took 0.752 seconds
[2022-08-21 16:15:27,613] {processor.py:153} INFO - Started process (PID=3411) to work on /Users/abhaymone/src/dev/sand/MANAGE-GMAIL/venv/lib/python3.9/site-packages/airflow/example_dags/tutorial_taskflow_api_etl.py
[2022-08-21 16:15:27,619] {processor.py:641} INFO - Processing file /Users/abhaymone/src/dev/sand/MANAGE-GMAIL/venv/lib/python3.9/site-packages/airflow/example_dags/tutorial_taskflow_api_etl.py for tasks to queue
[2022-08-21 16:15:27,620] {logging_mixin.py:115} INFO - [2022-08-21 16:15:27,620] {dagbag.py:508} INFO - Filling up the DagBag from /Users/abhaymone/src/dev/sand/MANAGE-GMAIL/venv/lib/python3.9/site-packages/airflow/example_dags/tutorial_taskflow_api_etl.py
[2022-08-21 16:15:27,651] {processor.py:651} INFO - DAG(s) dict_keys(['tutorial_taskflow_api_etl']) retrieved from /Users/abhaymone/src/dev/sand/MANAGE-GMAIL/venv/lib/python3.9/site-packages/airflow/example_dags/tutorial_taskflow_api_etl.py
[2022-08-21 16:15:28,101] {logging_mixin.py:115} INFO - [2022-08-21 16:15:28,100] {dag.py:2420} INFO - Sync 1 DAGs
[2022-08-21 16:15:28,112] {logging_mixin.py:115} INFO - [2022-08-21 16:15:28,112] {dag.py:2968} INFO - Setting next_dagrun for tutorial_taskflow_api_etl to None, run_after=None
[2022-08-21 16:15:28,122] {processor.py:161} INFO - Processing /Users/abhaymone/src/dev/sand/MANAGE-GMAIL/venv/lib/python3.9/site-packages/airflow/example_dags/tutorial_taskflow_api_etl.py took 0.509 seconds
[2022-08-21 16:16:03,910] {processor.py:153} INFO - Started process (PID=3435) to work on /Users/abhaymone/src/dev/sand/MANAGE-GMAIL/venv/lib/python3.9/site-packages/airflow/example_dags/tutorial_taskflow_api_etl.py
[2022-08-21 16:16:03,911] {processor.py:641} INFO - Processing file /Users/abhaymone/src/dev/sand/MANAGE-GMAIL/venv/lib/python3.9/site-packages/airflow/example_dags/tutorial_taskflow_api_etl.py for tasks to queue
[2022-08-21 16:16:03,911] {logging_mixin.py:115} INFO - [2022-08-21 16:16:03,911] {dagbag.py:508} INFO - Filling up the DagBag from /Users/abhaymone/src/dev/sand/MANAGE-GMAIL/venv/lib/python3.9/site-packages/airflow/example_dags/tutorial_taskflow_api_etl.py
[2022-08-21 16:16:03,946] {processor.py:651} INFO - DAG(s) dict_keys(['tutorial_taskflow_api_etl']) retrieved from /Users/abhaymone/src/dev/sand/MANAGE-GMAIL/venv/lib/python3.9/site-packages/airflow/example_dags/tutorial_taskflow_api_etl.py
[2022-08-21 16:16:04,375] {logging_mixin.py:115} INFO - [2022-08-21 16:16:04,375] {dag.py:2420} INFO - Sync 1 DAGs
[2022-08-21 16:16:04,386] {logging_mixin.py:115} INFO - [2022-08-21 16:16:04,386] {dag.py:2968} INFO - Setting next_dagrun for tutorial_taskflow_api_etl to None, run_after=None
[2022-08-21 16:16:04,403] {processor.py:161} INFO - Processing /Users/abhaymone/src/dev/sand/MANAGE-GMAIL/venv/lib/python3.9/site-packages/airflow/example_dags/tutorial_taskflow_api_etl.py took 0.493 seconds
[2022-08-21 16:17:00,857] {processor.py:153} INFO - Started process (PID=3469) to work on /Users/abhaymone/src/dev/sand/MANAGE-GMAIL/venv/lib/python3.9/site-packages/airflow/example_dags/tutorial_taskflow_api_etl.py
[2022-08-21 16:17:00,857] {processor.py:641} INFO - Processing file /Users/abhaymone/src/dev/sand/MANAGE-GMAIL/venv/lib/python3.9/site-packages/airflow/example_dags/tutorial_taskflow_api_etl.py for tasks to queue
[2022-08-21 16:17:00,857] {logging_mixin.py:115} INFO - [2022-08-21 16:17:00,857] {dagbag.py:508} INFO - Filling up the DagBag from /Users/abhaymone/src/dev/sand/MANAGE-GMAIL/venv/lib/python3.9/site-packages/airflow/example_dags/tutorial_taskflow_api_etl.py
[2022-08-21 16:17:00,881] {processor.py:651} INFO - DAG(s) dict_keys(['tutorial_taskflow_api_etl']) retrieved from /Users/abhaymone/src/dev/sand/MANAGE-GMAIL/venv/lib/python3.9/site-packages/airflow/example_dags/tutorial_taskflow_api_etl.py
[2022-08-21 16:17:01,309] {logging_mixin.py:115} INFO - [2022-08-21 16:17:01,309] {dag.py:2420} INFO - Sync 1 DAGs
[2022-08-21 16:17:01,320] {logging_mixin.py:115} INFO - [2022-08-21 16:17:01,320] {dag.py:2968} INFO - Setting next_dagrun for tutorial_taskflow_api_etl to None, run_after=None
[2022-08-21 16:17:01,334] {processor.py:161} INFO - Processing /Users/abhaymone/src/dev/sand/MANAGE-GMAIL/venv/lib/python3.9/site-packages/airflow/example_dags/tutorial_taskflow_api_etl.py took 0.477 seconds
[2022-08-21 16:28:06,877] {processor.py:153} INFO - Started process (PID=3540) to work on /Users/abhaymone/src/dev/sand/MANAGE-GMAIL/venv/lib/python3.9/site-packages/airflow/example_dags/tutorial_taskflow_api_etl.py
[2022-08-21 16:28:06,883] {processor.py:641} INFO - Processing file /Users/abhaymone/src/dev/sand/MANAGE-GMAIL/venv/lib/python3.9/site-packages/airflow/example_dags/tutorial_taskflow_api_etl.py for tasks to queue
[2022-08-21 16:28:06,884] {logging_mixin.py:115} INFO - [2022-08-21 16:28:06,884] {dagbag.py:508} INFO - Filling up the DagBag from /Users/abhaymone/src/dev/sand/MANAGE-GMAIL/venv/lib/python3.9/site-packages/airflow/example_dags/tutorial_taskflow_api_etl.py
[2022-08-21 16:28:06,914] {processor.py:651} INFO - DAG(s) dict_keys(['tutorial_taskflow_api_etl']) retrieved from /Users/abhaymone/src/dev/sand/MANAGE-GMAIL/venv/lib/python3.9/site-packages/airflow/example_dags/tutorial_taskflow_api_etl.py
[2022-08-21 16:28:07,869] {logging_mixin.py:115} INFO - [2022-08-21 16:28:07,869] {dag.py:2420} INFO - Sync 1 DAGs
[2022-08-21 16:28:07,882] {logging_mixin.py:115} INFO - [2022-08-21 16:28:07,882] {dag.py:2968} INFO - Setting next_dagrun for tutorial_taskflow_api_etl to None, run_after=None
[2022-08-21 16:28:07,895] {processor.py:161} INFO - Processing /Users/abhaymone/src/dev/sand/MANAGE-GMAIL/venv/lib/python3.9/site-packages/airflow/example_dags/tutorial_taskflow_api_etl.py took 1.018 seconds
[2022-08-21 16:29:00,216] {processor.py:153} INFO - Started process (PID=3575) to work on /Users/abhaymone/src/dev/sand/MANAGE-GMAIL/venv/lib/python3.9/site-packages/airflow/example_dags/tutorial_taskflow_api_etl.py
[2022-08-21 16:29:00,217] {processor.py:641} INFO - Processing file /Users/abhaymone/src/dev/sand/MANAGE-GMAIL/venv/lib/python3.9/site-packages/airflow/example_dags/tutorial_taskflow_api_etl.py for tasks to queue
[2022-08-21 16:29:00,217] {logging_mixin.py:115} INFO - [2022-08-21 16:29:00,217] {dagbag.py:508} INFO - Filling up the DagBag from /Users/abhaymone/src/dev/sand/MANAGE-GMAIL/venv/lib/python3.9/site-packages/airflow/example_dags/tutorial_taskflow_api_etl.py
[2022-08-21 16:29:00,241] {processor.py:651} INFO - DAG(s) dict_keys(['tutorial_taskflow_api_etl']) retrieved from /Users/abhaymone/src/dev/sand/MANAGE-GMAIL/venv/lib/python3.9/site-packages/airflow/example_dags/tutorial_taskflow_api_etl.py
[2022-08-21 16:29:00,679] {logging_mixin.py:115} INFO - [2022-08-21 16:29:00,679] {dag.py:2420} INFO - Sync 1 DAGs
[2022-08-21 16:29:00,691] {logging_mixin.py:115} INFO - [2022-08-21 16:29:00,691] {dag.py:2968} INFO - Setting next_dagrun for tutorial_taskflow_api_etl to None, run_after=None
[2022-08-21 16:29:00,707] {processor.py:161} INFO - Processing /Users/abhaymone/src/dev/sand/MANAGE-GMAIL/venv/lib/python3.9/site-packages/airflow/example_dags/tutorial_taskflow_api_etl.py took 0.491 seconds
[2022-08-21 16:29:54,387] {processor.py:153} INFO - Started process (PID=3608) to work on /Users/abhaymone/src/dev/sand/MANAGE-GMAIL/venv/lib/python3.9/site-packages/airflow/example_dags/tutorial_taskflow_api_etl.py
[2022-08-21 16:29:54,387] {processor.py:641} INFO - Processing file /Users/abhaymone/src/dev/sand/MANAGE-GMAIL/venv/lib/python3.9/site-packages/airflow/example_dags/tutorial_taskflow_api_etl.py for tasks to queue
[2022-08-21 16:29:54,387] {logging_mixin.py:115} INFO - [2022-08-21 16:29:54,387] {dagbag.py:508} INFO - Filling up the DagBag from /Users/abhaymone/src/dev/sand/MANAGE-GMAIL/venv/lib/python3.9/site-packages/airflow/example_dags/tutorial_taskflow_api_etl.py
[2022-08-21 16:29:54,415] {processor.py:651} INFO - DAG(s) dict_keys(['tutorial_taskflow_api_etl']) retrieved from /Users/abhaymone/src/dev/sand/MANAGE-GMAIL/venv/lib/python3.9/site-packages/airflow/example_dags/tutorial_taskflow_api_etl.py
[2022-08-21 16:29:54,860] {logging_mixin.py:115} INFO - [2022-08-21 16:29:54,859] {dag.py:2420} INFO - Sync 1 DAGs
[2022-08-21 16:29:54,870] {logging_mixin.py:115} INFO - [2022-08-21 16:29:54,870] {dag.py:2968} INFO - Setting next_dagrun for tutorial_taskflow_api_etl to None, run_after=None
[2022-08-21 16:29:54,888] {processor.py:161} INFO - Processing /Users/abhaymone/src/dev/sand/MANAGE-GMAIL/venv/lib/python3.9/site-packages/airflow/example_dags/tutorial_taskflow_api_etl.py took 0.502 seconds
[2022-08-21 16:30:53,646] {processor.py:153} INFO - Started process (PID=3643) to work on /Users/abhaymone/src/dev/sand/MANAGE-GMAIL/venv/lib/python3.9/site-packages/airflow/example_dags/tutorial_taskflow_api_etl.py
[2022-08-21 16:30:53,649] {processor.py:641} INFO - Processing file /Users/abhaymone/src/dev/sand/MANAGE-GMAIL/venv/lib/python3.9/site-packages/airflow/example_dags/tutorial_taskflow_api_etl.py for tasks to queue
[2022-08-21 16:30:53,649] {logging_mixin.py:115} INFO - [2022-08-21 16:30:53,649] {dagbag.py:508} INFO - Filling up the DagBag from /Users/abhaymone/src/dev/sand/MANAGE-GMAIL/venv/lib/python3.9/site-packages/airflow/example_dags/tutorial_taskflow_api_etl.py
[2022-08-21 16:30:53,693] {processor.py:651} INFO - DAG(s) dict_keys(['tutorial_taskflow_api_etl']) retrieved from /Users/abhaymone/src/dev/sand/MANAGE-GMAIL/venv/lib/python3.9/site-packages/airflow/example_dags/tutorial_taskflow_api_etl.py
[2022-08-21 16:30:54,846] {logging_mixin.py:115} INFO - [2022-08-21 16:30:54,846] {dag.py:2420} INFO - Sync 1 DAGs
[2022-08-21 16:30:54,861] {logging_mixin.py:115} INFO - [2022-08-21 16:30:54,861] {dag.py:2968} INFO - Setting next_dagrun for tutorial_taskflow_api_etl to None, run_after=None
[2022-08-21 16:30:54,891] {processor.py:161} INFO - Processing /Users/abhaymone/src/dev/sand/MANAGE-GMAIL/venv/lib/python3.9/site-packages/airflow/example_dags/tutorial_taskflow_api_etl.py took 1.246 seconds
[2022-08-21 16:32:00,611] {processor.py:153} INFO - Started process (PID=3686) to work on /Users/abhaymone/src/dev/sand/MANAGE-GMAIL/venv/lib/python3.9/site-packages/airflow/example_dags/tutorial_taskflow_api_etl.py
[2022-08-21 16:32:00,613] {processor.py:641} INFO - Processing file /Users/abhaymone/src/dev/sand/MANAGE-GMAIL/venv/lib/python3.9/site-packages/airflow/example_dags/tutorial_taskflow_api_etl.py for tasks to queue
[2022-08-21 16:32:00,613] {logging_mixin.py:115} INFO - [2022-08-21 16:32:00,613] {dagbag.py:508} INFO - Filling up the DagBag from /Users/abhaymone/src/dev/sand/MANAGE-GMAIL/venv/lib/python3.9/site-packages/airflow/example_dags/tutorial_taskflow_api_etl.py
[2022-08-21 16:32:00,661] {processor.py:651} INFO - DAG(s) dict_keys(['tutorial_taskflow_api_etl']) retrieved from /Users/abhaymone/src/dev/sand/MANAGE-GMAIL/venv/lib/python3.9/site-packages/airflow/example_dags/tutorial_taskflow_api_etl.py
[2022-08-21 16:32:01,124] {logging_mixin.py:115} INFO - [2022-08-21 16:32:01,124] {dag.py:2420} INFO - Sync 1 DAGs
[2022-08-21 16:32:01,136] {logging_mixin.py:115} INFO - [2022-08-21 16:32:01,136] {dag.py:2968} INFO - Setting next_dagrun for tutorial_taskflow_api_etl to None, run_after=None
[2022-08-21 16:32:01,145] {processor.py:161} INFO - Processing /Users/abhaymone/src/dev/sand/MANAGE-GMAIL/venv/lib/python3.9/site-packages/airflow/example_dags/tutorial_taskflow_api_etl.py took 0.534 seconds
[2022-08-21 16:32:58,827] {processor.py:153} INFO - Started process (PID=3724) to work on /Users/abhaymone/src/dev/sand/MANAGE-GMAIL/venv/lib/python3.9/site-packages/airflow/example_dags/tutorial_taskflow_api_etl.py
[2022-08-21 16:32:58,833] {processor.py:641} INFO - Processing file /Users/abhaymone/src/dev/sand/MANAGE-GMAIL/venv/lib/python3.9/site-packages/airflow/example_dags/tutorial_taskflow_api_etl.py for tasks to queue
[2022-08-21 16:32:58,833] {logging_mixin.py:115} INFO - [2022-08-21 16:32:58,833] {dagbag.py:508} INFO - Filling up the DagBag from /Users/abhaymone/src/dev/sand/MANAGE-GMAIL/venv/lib/python3.9/site-packages/airflow/example_dags/tutorial_taskflow_api_etl.py
[2022-08-21 16:32:58,863] {processor.py:651} INFO - DAG(s) dict_keys(['tutorial_taskflow_api_etl']) retrieved from /Users/abhaymone/src/dev/sand/MANAGE-GMAIL/venv/lib/python3.9/site-packages/airflow/example_dags/tutorial_taskflow_api_etl.py
[2022-08-21 16:32:59,343] {logging_mixin.py:115} INFO - [2022-08-21 16:32:59,343] {dag.py:2420} INFO - Sync 1 DAGs
[2022-08-21 16:32:59,355] {logging_mixin.py:115} INFO - [2022-08-21 16:32:59,355] {dag.py:2968} INFO - Setting next_dagrun for tutorial_taskflow_api_etl to None, run_after=None
[2022-08-21 16:32:59,373] {processor.py:161} INFO - Processing /Users/abhaymone/src/dev/sand/MANAGE-GMAIL/venv/lib/python3.9/site-packages/airflow/example_dags/tutorial_taskflow_api_etl.py took 0.546 seconds
[2022-08-21 16:33:59,413] {processor.py:153} INFO - Started process (PID=3762) to work on /Users/abhaymone/src/dev/sand/MANAGE-GMAIL/venv/lib/python3.9/site-packages/airflow/example_dags/tutorial_taskflow_api_etl.py
[2022-08-21 16:33:59,419] {processor.py:641} INFO - Processing file /Users/abhaymone/src/dev/sand/MANAGE-GMAIL/venv/lib/python3.9/site-packages/airflow/example_dags/tutorial_taskflow_api_etl.py for tasks to queue
[2022-08-21 16:33:59,419] {logging_mixin.py:115} INFO - [2022-08-21 16:33:59,419] {dagbag.py:508} INFO - Filling up the DagBag from /Users/abhaymone/src/dev/sand/MANAGE-GMAIL/venv/lib/python3.9/site-packages/airflow/example_dags/tutorial_taskflow_api_etl.py
[2022-08-21 16:33:59,450] {processor.py:651} INFO - DAG(s) dict_keys(['tutorial_taskflow_api_etl']) retrieved from /Users/abhaymone/src/dev/sand/MANAGE-GMAIL/venv/lib/python3.9/site-packages/airflow/example_dags/tutorial_taskflow_api_etl.py
[2022-08-21 16:33:59,998] {logging_mixin.py:115} INFO - [2022-08-21 16:33:59,998] {dag.py:2420} INFO - Sync 1 DAGs
[2022-08-21 16:34:00,013] {logging_mixin.py:115} INFO - [2022-08-21 16:34:00,013] {dag.py:2968} INFO - Setting next_dagrun for tutorial_taskflow_api_etl to None, run_after=None
[2022-08-21 16:34:00,025] {processor.py:161} INFO - Processing /Users/abhaymone/src/dev/sand/MANAGE-GMAIL/venv/lib/python3.9/site-packages/airflow/example_dags/tutorial_taskflow_api_etl.py took 0.612 seconds
[2022-08-21 16:35:00,530] {processor.py:153} INFO - Started process (PID=3796) to work on /Users/abhaymone/src/dev/sand/MANAGE-GMAIL/venv/lib/python3.9/site-packages/airflow/example_dags/tutorial_taskflow_api_etl.py
[2022-08-21 16:35:00,536] {processor.py:641} INFO - Processing file /Users/abhaymone/src/dev/sand/MANAGE-GMAIL/venv/lib/python3.9/site-packages/airflow/example_dags/tutorial_taskflow_api_etl.py for tasks to queue
[2022-08-21 16:35:00,536] {logging_mixin.py:115} INFO - [2022-08-21 16:35:00,536] {dagbag.py:508} INFO - Filling up the DagBag from /Users/abhaymone/src/dev/sand/MANAGE-GMAIL/venv/lib/python3.9/site-packages/airflow/example_dags/tutorial_taskflow_api_etl.py
[2022-08-21 16:35:00,568] {processor.py:651} INFO - DAG(s) dict_keys(['tutorial_taskflow_api_etl']) retrieved from /Users/abhaymone/src/dev/sand/MANAGE-GMAIL/venv/lib/python3.9/site-packages/airflow/example_dags/tutorial_taskflow_api_etl.py
[2022-08-21 16:35:01,042] {logging_mixin.py:115} INFO - [2022-08-21 16:35:01,042] {dag.py:2420} INFO - Sync 1 DAGs
[2022-08-21 16:35:01,055] {logging_mixin.py:115} INFO - [2022-08-21 16:35:01,055] {dag.py:2968} INFO - Setting next_dagrun for tutorial_taskflow_api_etl to None, run_after=None
[2022-08-21 16:35:01,072] {processor.py:161} INFO - Processing /Users/abhaymone/src/dev/sand/MANAGE-GMAIL/venv/lib/python3.9/site-packages/airflow/example_dags/tutorial_taskflow_api_etl.py took 0.542 seconds
[2022-08-21 16:35:57,004] {processor.py:153} INFO - Started process (PID=3833) to work on /Users/abhaymone/src/dev/sand/MANAGE-GMAIL/venv/lib/python3.9/site-packages/airflow/example_dags/tutorial_taskflow_api_etl.py
[2022-08-21 16:35:57,005] {processor.py:641} INFO - Processing file /Users/abhaymone/src/dev/sand/MANAGE-GMAIL/venv/lib/python3.9/site-packages/airflow/example_dags/tutorial_taskflow_api_etl.py for tasks to queue
[2022-08-21 16:35:57,005] {logging_mixin.py:115} INFO - [2022-08-21 16:35:57,005] {dagbag.py:508} INFO - Filling up the DagBag from /Users/abhaymone/src/dev/sand/MANAGE-GMAIL/venv/lib/python3.9/site-packages/airflow/example_dags/tutorial_taskflow_api_etl.py
[2022-08-21 16:35:57,048] {processor.py:651} INFO - DAG(s) dict_keys(['tutorial_taskflow_api_etl']) retrieved from /Users/abhaymone/src/dev/sand/MANAGE-GMAIL/venv/lib/python3.9/site-packages/airflow/example_dags/tutorial_taskflow_api_etl.py
[2022-08-21 16:35:58,017] {logging_mixin.py:115} INFO - [2022-08-21 16:35:58,017] {dag.py:2420} INFO - Sync 1 DAGs
[2022-08-21 16:35:58,029] {logging_mixin.py:115} INFO - [2022-08-21 16:35:58,029] {dag.py:2968} INFO - Setting next_dagrun for tutorial_taskflow_api_etl to None, run_after=None
[2022-08-21 16:35:58,043] {processor.py:161} INFO - Processing /Users/abhaymone/src/dev/sand/MANAGE-GMAIL/venv/lib/python3.9/site-packages/airflow/example_dags/tutorial_taskflow_api_etl.py took 1.040 seconds
[2022-08-21 16:36:59,720] {processor.py:153} INFO - Started process (PID=3871) to work on /Users/abhaymone/src/dev/sand/MANAGE-GMAIL/venv/lib/python3.9/site-packages/airflow/example_dags/tutorial_taskflow_api_etl.py
[2022-08-21 16:36:59,720] {processor.py:641} INFO - Processing file /Users/abhaymone/src/dev/sand/MANAGE-GMAIL/venv/lib/python3.9/site-packages/airflow/example_dags/tutorial_taskflow_api_etl.py for tasks to queue
[2022-08-21 16:36:59,720] {logging_mixin.py:115} INFO - [2022-08-21 16:36:59,720] {dagbag.py:508} INFO - Filling up the DagBag from /Users/abhaymone/src/dev/sand/MANAGE-GMAIL/venv/lib/python3.9/site-packages/airflow/example_dags/tutorial_taskflow_api_etl.py
[2022-08-21 16:36:59,754] {processor.py:651} INFO - DAG(s) dict_keys(['tutorial_taskflow_api_etl']) retrieved from /Users/abhaymone/src/dev/sand/MANAGE-GMAIL/venv/lib/python3.9/site-packages/airflow/example_dags/tutorial_taskflow_api_etl.py
[2022-08-21 16:37:00,219] {logging_mixin.py:115} INFO - [2022-08-21 16:37:00,219] {dag.py:2420} INFO - Sync 1 DAGs
[2022-08-21 16:37:00,230] {logging_mixin.py:115} INFO - [2022-08-21 16:37:00,230] {dag.py:2968} INFO - Setting next_dagrun for tutorial_taskflow_api_etl to None, run_after=None
[2022-08-21 16:37:00,247] {processor.py:161} INFO - Processing /Users/abhaymone/src/dev/sand/MANAGE-GMAIL/venv/lib/python3.9/site-packages/airflow/example_dags/tutorial_taskflow_api_etl.py took 0.527 seconds
[2022-08-21 16:37:56,697] {processor.py:153} INFO - Started process (PID=3905) to work on /Users/abhaymone/src/dev/sand/MANAGE-GMAIL/venv/lib/python3.9/site-packages/airflow/example_dags/tutorial_taskflow_api_etl.py
[2022-08-21 16:37:56,697] {processor.py:641} INFO - Processing file /Users/abhaymone/src/dev/sand/MANAGE-GMAIL/venv/lib/python3.9/site-packages/airflow/example_dags/tutorial_taskflow_api_etl.py for tasks to queue
[2022-08-21 16:37:56,698] {logging_mixin.py:115} INFO - [2022-08-21 16:37:56,698] {dagbag.py:508} INFO - Filling up the DagBag from /Users/abhaymone/src/dev/sand/MANAGE-GMAIL/venv/lib/python3.9/site-packages/airflow/example_dags/tutorial_taskflow_api_etl.py
[2022-08-21 16:37:56,722] {processor.py:651} INFO - DAG(s) dict_keys(['tutorial_taskflow_api_etl']) retrieved from /Users/abhaymone/src/dev/sand/MANAGE-GMAIL/venv/lib/python3.9/site-packages/airflow/example_dags/tutorial_taskflow_api_etl.py
[2022-08-21 16:37:57,152] {logging_mixin.py:115} INFO - [2022-08-21 16:37:57,152] {dag.py:2420} INFO - Sync 1 DAGs
[2022-08-21 16:37:57,164] {logging_mixin.py:115} INFO - [2022-08-21 16:37:57,164] {dag.py:2968} INFO - Setting next_dagrun for tutorial_taskflow_api_etl to None, run_after=None
[2022-08-21 16:37:57,179] {processor.py:161} INFO - Processing /Users/abhaymone/src/dev/sand/MANAGE-GMAIL/venv/lib/python3.9/site-packages/airflow/example_dags/tutorial_taskflow_api_etl.py took 0.482 seconds
[2022-08-21 16:38:55,198] {processor.py:153} INFO - Started process (PID=3939) to work on /Users/abhaymone/src/dev/sand/MANAGE-GMAIL/venv/lib/python3.9/site-packages/airflow/example_dags/tutorial_taskflow_api_etl.py
[2022-08-21 16:38:55,204] {processor.py:641} INFO - Processing file /Users/abhaymone/src/dev/sand/MANAGE-GMAIL/venv/lib/python3.9/site-packages/airflow/example_dags/tutorial_taskflow_api_etl.py for tasks to queue
[2022-08-21 16:38:55,205] {logging_mixin.py:115} INFO - [2022-08-21 16:38:55,205] {dagbag.py:508} INFO - Filling up the DagBag from /Users/abhaymone/src/dev/sand/MANAGE-GMAIL/venv/lib/python3.9/site-packages/airflow/example_dags/tutorial_taskflow_api_etl.py
[2022-08-21 16:38:55,236] {processor.py:651} INFO - DAG(s) dict_keys(['tutorial_taskflow_api_etl']) retrieved from /Users/abhaymone/src/dev/sand/MANAGE-GMAIL/venv/lib/python3.9/site-packages/airflow/example_dags/tutorial_taskflow_api_etl.py
[2022-08-21 16:38:55,778] {logging_mixin.py:115} INFO - [2022-08-21 16:38:55,778] {dag.py:2420} INFO - Sync 1 DAGs
[2022-08-21 16:38:55,797] {logging_mixin.py:115} INFO - [2022-08-21 16:38:55,796] {dag.py:2968} INFO - Setting next_dagrun for tutorial_taskflow_api_etl to None, run_after=None
[2022-08-21 16:38:55,812] {processor.py:161} INFO - Processing /Users/abhaymone/src/dev/sand/MANAGE-GMAIL/venv/lib/python3.9/site-packages/airflow/example_dags/tutorial_taskflow_api_etl.py took 0.614 seconds
[2022-08-21 16:39:55,932] {processor.py:153} INFO - Started process (PID=3976) to work on /Users/abhaymone/src/dev/sand/MANAGE-GMAIL/venv/lib/python3.9/site-packages/airflow/example_dags/tutorial_taskflow_api_etl.py
[2022-08-21 16:39:55,932] {processor.py:641} INFO - Processing file /Users/abhaymone/src/dev/sand/MANAGE-GMAIL/venv/lib/python3.9/site-packages/airflow/example_dags/tutorial_taskflow_api_etl.py for tasks to queue
[2022-08-21 16:39:55,933] {logging_mixin.py:115} INFO - [2022-08-21 16:39:55,932] {dagbag.py:508} INFO - Filling up the DagBag from /Users/abhaymone/src/dev/sand/MANAGE-GMAIL/venv/lib/python3.9/site-packages/airflow/example_dags/tutorial_taskflow_api_etl.py
[2022-08-21 16:39:55,961] {processor.py:651} INFO - DAG(s) dict_keys(['tutorial_taskflow_api_etl']) retrieved from /Users/abhaymone/src/dev/sand/MANAGE-GMAIL/venv/lib/python3.9/site-packages/airflow/example_dags/tutorial_taskflow_api_etl.py
[2022-08-21 16:39:56,437] {logging_mixin.py:115} INFO - [2022-08-21 16:39:56,437] {dag.py:2420} INFO - Sync 1 DAGs
[2022-08-21 16:39:56,456] {logging_mixin.py:115} INFO - [2022-08-21 16:39:56,456] {dag.py:2968} INFO - Setting next_dagrun for tutorial_taskflow_api_etl to None, run_after=None
[2022-08-21 16:39:56,475] {processor.py:161} INFO - Processing /Users/abhaymone/src/dev/sand/MANAGE-GMAIL/venv/lib/python3.9/site-packages/airflow/example_dags/tutorial_taskflow_api_etl.py took 0.544 seconds
[2022-08-21 16:40:54,414] {processor.py:153} INFO - Started process (PID=4010) to work on /Users/abhaymone/src/dev/sand/MANAGE-GMAIL/venv/lib/python3.9/site-packages/airflow/example_dags/tutorial_taskflow_api_etl.py
[2022-08-21 16:40:54,419] {processor.py:641} INFO - Processing file /Users/abhaymone/src/dev/sand/MANAGE-GMAIL/venv/lib/python3.9/site-packages/airflow/example_dags/tutorial_taskflow_api_etl.py for tasks to queue
[2022-08-21 16:40:54,420] {logging_mixin.py:115} INFO - [2022-08-21 16:40:54,420] {dagbag.py:508} INFO - Filling up the DagBag from /Users/abhaymone/src/dev/sand/MANAGE-GMAIL/venv/lib/python3.9/site-packages/airflow/example_dags/tutorial_taskflow_api_etl.py
[2022-08-21 16:40:54,450] {processor.py:651} INFO - DAG(s) dict_keys(['tutorial_taskflow_api_etl']) retrieved from /Users/abhaymone/src/dev/sand/MANAGE-GMAIL/venv/lib/python3.9/site-packages/airflow/example_dags/tutorial_taskflow_api_etl.py
[2022-08-21 16:40:54,946] {logging_mixin.py:115} INFO - [2022-08-21 16:40:54,946] {dag.py:2420} INFO - Sync 1 DAGs
[2022-08-21 16:40:54,958] {logging_mixin.py:115} INFO - [2022-08-21 16:40:54,958] {dag.py:2968} INFO - Setting next_dagrun for tutorial_taskflow_api_etl to None, run_after=None
[2022-08-21 16:40:54,977] {processor.py:161} INFO - Processing /Users/abhaymone/src/dev/sand/MANAGE-GMAIL/venv/lib/python3.9/site-packages/airflow/example_dags/tutorial_taskflow_api_etl.py took 0.563 seconds
[2022-08-21 16:41:32,543] {processor.py:153} INFO - Started process (PID=4034) to work on /Users/abhaymone/src/dev/sand/MANAGE-GMAIL/venv/lib/python3.9/site-packages/airflow/example_dags/tutorial_taskflow_api_etl.py
[2022-08-21 16:41:32,543] {processor.py:641} INFO - Processing file /Users/abhaymone/src/dev/sand/MANAGE-GMAIL/venv/lib/python3.9/site-packages/airflow/example_dags/tutorial_taskflow_api_etl.py for tasks to queue
[2022-08-21 16:41:32,543] {logging_mixin.py:115} INFO - [2022-08-21 16:41:32,543] {dagbag.py:508} INFO - Filling up the DagBag from /Users/abhaymone/src/dev/sand/MANAGE-GMAIL/venv/lib/python3.9/site-packages/airflow/example_dags/tutorial_taskflow_api_etl.py
[2022-08-21 16:41:32,576] {processor.py:651} INFO - DAG(s) dict_keys(['tutorial_taskflow_api_etl']) retrieved from /Users/abhaymone/src/dev/sand/MANAGE-GMAIL/venv/lib/python3.9/site-packages/airflow/example_dags/tutorial_taskflow_api_etl.py
[2022-08-21 16:41:33,050] {logging_mixin.py:115} INFO - [2022-08-21 16:41:33,050] {dag.py:2420} INFO - Sync 1 DAGs
[2022-08-21 16:41:33,063] {logging_mixin.py:115} INFO - [2022-08-21 16:41:33,063] {dag.py:2968} INFO - Setting next_dagrun for tutorial_taskflow_api_etl to None, run_after=None
[2022-08-21 16:41:33,079] {processor.py:161} INFO - Processing /Users/abhaymone/src/dev/sand/MANAGE-GMAIL/venv/lib/python3.9/site-packages/airflow/example_dags/tutorial_taskflow_api_etl.py took 0.537 seconds
[2022-08-21 16:42:32,227] {processor.py:153} INFO - Started process (PID=4070) to work on /Users/abhaymone/src/dev/sand/MANAGE-GMAIL/venv/lib/python3.9/site-packages/airflow/example_dags/tutorial_taskflow_api_etl.py
[2022-08-21 16:42:32,228] {processor.py:641} INFO - Processing file /Users/abhaymone/src/dev/sand/MANAGE-GMAIL/venv/lib/python3.9/site-packages/airflow/example_dags/tutorial_taskflow_api_etl.py for tasks to queue
[2022-08-21 16:42:32,228] {logging_mixin.py:115} INFO - [2022-08-21 16:42:32,228] {dagbag.py:508} INFO - Filling up the DagBag from /Users/abhaymone/src/dev/sand/MANAGE-GMAIL/venv/lib/python3.9/site-packages/airflow/example_dags/tutorial_taskflow_api_etl.py
[2022-08-21 16:42:32,255] {processor.py:651} INFO - DAG(s) dict_keys(['tutorial_taskflow_api_etl']) retrieved from /Users/abhaymone/src/dev/sand/MANAGE-GMAIL/venv/lib/python3.9/site-packages/airflow/example_dags/tutorial_taskflow_api_etl.py
[2022-08-21 16:42:32,720] {logging_mixin.py:115} INFO - [2022-08-21 16:42:32,719] {dag.py:2420} INFO - Sync 1 DAGs
[2022-08-21 16:42:32,731] {logging_mixin.py:115} INFO - [2022-08-21 16:42:32,731] {dag.py:2968} INFO - Setting next_dagrun for tutorial_taskflow_api_etl to None, run_after=None
[2022-08-21 16:42:32,747] {processor.py:161} INFO - Processing /Users/abhaymone/src/dev/sand/MANAGE-GMAIL/venv/lib/python3.9/site-packages/airflow/example_dags/tutorial_taskflow_api_etl.py took 0.520 seconds
[2022-08-21 16:43:35,998] {processor.py:153} INFO - Started process (PID=4132) to work on /Users/abhaymone/src/dev/sand/MANAGE-GMAIL/venv/lib/python3.9/site-packages/airflow/example_dags/tutorial_taskflow_api_etl.py
[2022-08-21 16:43:36,003] {processor.py:641} INFO - Processing file /Users/abhaymone/src/dev/sand/MANAGE-GMAIL/venv/lib/python3.9/site-packages/airflow/example_dags/tutorial_taskflow_api_etl.py for tasks to queue
[2022-08-21 16:43:36,004] {logging_mixin.py:115} INFO - [2022-08-21 16:43:36,004] {dagbag.py:508} INFO - Filling up the DagBag from /Users/abhaymone/src/dev/sand/MANAGE-GMAIL/venv/lib/python3.9/site-packages/airflow/example_dags/tutorial_taskflow_api_etl.py
[2022-08-21 16:43:36,036] {processor.py:651} INFO - DAG(s) dict_keys(['tutorial_taskflow_api_etl']) retrieved from /Users/abhaymone/src/dev/sand/MANAGE-GMAIL/venv/lib/python3.9/site-packages/airflow/example_dags/tutorial_taskflow_api_etl.py
[2022-08-21 16:43:36,897] {logging_mixin.py:115} INFO - [2022-08-21 16:43:36,897] {dag.py:2420} INFO - Sync 1 DAGs
[2022-08-21 16:43:36,908] {logging_mixin.py:115} INFO - [2022-08-21 16:43:36,908] {dag.py:2968} INFO - Setting next_dagrun for tutorial_taskflow_api_etl to None, run_after=None
[2022-08-21 16:43:36,922] {processor.py:161} INFO - Processing /Users/abhaymone/src/dev/sand/MANAGE-GMAIL/venv/lib/python3.9/site-packages/airflow/example_dags/tutorial_taskflow_api_etl.py took 0.925 seconds
[2022-08-21 16:44:39,958] {processor.py:153} INFO - Started process (PID=4243) to work on /Users/abhaymone/src/dev/sand/MANAGE-GMAIL/venv/lib/python3.9/site-packages/airflow/example_dags/tutorial_taskflow_api_etl.py
[2022-08-21 16:44:39,959] {processor.py:641} INFO - Processing file /Users/abhaymone/src/dev/sand/MANAGE-GMAIL/venv/lib/python3.9/site-packages/airflow/example_dags/tutorial_taskflow_api_etl.py for tasks to queue
[2022-08-21 16:44:39,959] {logging_mixin.py:115} INFO - [2022-08-21 16:44:39,959] {dagbag.py:508} INFO - Filling up the DagBag from /Users/abhaymone/src/dev/sand/MANAGE-GMAIL/venv/lib/python3.9/site-packages/airflow/example_dags/tutorial_taskflow_api_etl.py
[2022-08-21 16:44:39,988] {processor.py:651} INFO - DAG(s) dict_keys(['tutorial_taskflow_api_etl']) retrieved from /Users/abhaymone/src/dev/sand/MANAGE-GMAIL/venv/lib/python3.9/site-packages/airflow/example_dags/tutorial_taskflow_api_etl.py
[2022-08-21 16:44:40,437] {logging_mixin.py:115} INFO - [2022-08-21 16:44:40,437] {dag.py:2420} INFO - Sync 1 DAGs
[2022-08-21 16:44:40,449] {logging_mixin.py:115} INFO - [2022-08-21 16:44:40,449] {dag.py:2968} INFO - Setting next_dagrun for tutorial_taskflow_api_etl to None, run_after=None
[2022-08-21 16:44:40,464] {processor.py:161} INFO - Processing /Users/abhaymone/src/dev/sand/MANAGE-GMAIL/venv/lib/python3.9/site-packages/airflow/example_dags/tutorial_taskflow_api_etl.py took 0.506 seconds
[2022-08-21 16:45:37,503] {processor.py:153} INFO - Started process (PID=4355) to work on /Users/abhaymone/src/dev/sand/MANAGE-GMAIL/venv/lib/python3.9/site-packages/airflow/example_dags/tutorial_taskflow_api_etl.py
[2022-08-21 16:45:37,503] {processor.py:641} INFO - Processing file /Users/abhaymone/src/dev/sand/MANAGE-GMAIL/venv/lib/python3.9/site-packages/airflow/example_dags/tutorial_taskflow_api_etl.py for tasks to queue
[2022-08-21 16:45:37,503] {logging_mixin.py:115} INFO - [2022-08-21 16:45:37,503] {dagbag.py:508} INFO - Filling up the DagBag from /Users/abhaymone/src/dev/sand/MANAGE-GMAIL/venv/lib/python3.9/site-packages/airflow/example_dags/tutorial_taskflow_api_etl.py
[2022-08-21 16:45:37,528] {processor.py:651} INFO - DAG(s) dict_keys(['tutorial_taskflow_api_etl']) retrieved from /Users/abhaymone/src/dev/sand/MANAGE-GMAIL/venv/lib/python3.9/site-packages/airflow/example_dags/tutorial_taskflow_api_etl.py
[2022-08-21 16:45:37,991] {logging_mixin.py:115} INFO - [2022-08-21 16:45:37,991] {dag.py:2420} INFO - Sync 1 DAGs
[2022-08-21 16:45:38,004] {logging_mixin.py:115} INFO - [2022-08-21 16:45:38,004] {dag.py:2968} INFO - Setting next_dagrun for tutorial_taskflow_api_etl to None, run_after=None
[2022-08-21 16:45:38,017] {processor.py:161} INFO - Processing /Users/abhaymone/src/dev/sand/MANAGE-GMAIL/venv/lib/python3.9/site-packages/airflow/example_dags/tutorial_taskflow_api_etl.py took 0.515 seconds
[2022-08-21 16:46:31,628] {processor.py:153} INFO - Started process (PID=4458) to work on /Users/abhaymone/src/dev/sand/MANAGE-GMAIL/venv/lib/python3.9/site-packages/airflow/example_dags/tutorial_taskflow_api_etl.py
[2022-08-21 16:46:31,634] {processor.py:641} INFO - Processing file /Users/abhaymone/src/dev/sand/MANAGE-GMAIL/venv/lib/python3.9/site-packages/airflow/example_dags/tutorial_taskflow_api_etl.py for tasks to queue
[2022-08-21 16:46:31,634] {logging_mixin.py:115} INFO - [2022-08-21 16:46:31,634] {dagbag.py:508} INFO - Filling up the DagBag from /Users/abhaymone/src/dev/sand/MANAGE-GMAIL/venv/lib/python3.9/site-packages/airflow/example_dags/tutorial_taskflow_api_etl.py
[2022-08-21 16:46:31,662] {processor.py:651} INFO - DAG(s) dict_keys(['tutorial_taskflow_api_etl']) retrieved from /Users/abhaymone/src/dev/sand/MANAGE-GMAIL/venv/lib/python3.9/site-packages/airflow/example_dags/tutorial_taskflow_api_etl.py
[2022-08-21 16:46:32,158] {logging_mixin.py:115} INFO - [2022-08-21 16:46:32,158] {dag.py:2420} INFO - Sync 1 DAGs
[2022-08-21 16:46:32,170] {logging_mixin.py:115} INFO - [2022-08-21 16:46:32,170] {dag.py:2968} INFO - Setting next_dagrun for tutorial_taskflow_api_etl to None, run_after=None
[2022-08-21 16:46:32,187] {processor.py:161} INFO - Processing /Users/abhaymone/src/dev/sand/MANAGE-GMAIL/venv/lib/python3.9/site-packages/airflow/example_dags/tutorial_taskflow_api_etl.py took 0.559 seconds
[2022-08-21 16:47:33,206] {processor.py:153} INFO - Started process (PID=4556) to work on /Users/abhaymone/src/dev/sand/MANAGE-GMAIL/venv/lib/python3.9/site-packages/airflow/example_dags/tutorial_taskflow_api_etl.py
[2022-08-21 16:47:33,212] {processor.py:641} INFO - Processing file /Users/abhaymone/src/dev/sand/MANAGE-GMAIL/venv/lib/python3.9/site-packages/airflow/example_dags/tutorial_taskflow_api_etl.py for tasks to queue
[2022-08-21 16:47:33,212] {logging_mixin.py:115} INFO - [2022-08-21 16:47:33,212] {dagbag.py:508} INFO - Filling up the DagBag from /Users/abhaymone/src/dev/sand/MANAGE-GMAIL/venv/lib/python3.9/site-packages/airflow/example_dags/tutorial_taskflow_api_etl.py
[2022-08-21 16:47:33,242] {processor.py:651} INFO - DAG(s) dict_keys(['tutorial_taskflow_api_etl']) retrieved from /Users/abhaymone/src/dev/sand/MANAGE-GMAIL/venv/lib/python3.9/site-packages/airflow/example_dags/tutorial_taskflow_api_etl.py
[2022-08-21 16:47:33,783] {logging_mixin.py:115} INFO - [2022-08-21 16:47:33,782] {dag.py:2420} INFO - Sync 1 DAGs
[2022-08-21 16:47:33,794] {logging_mixin.py:115} INFO - [2022-08-21 16:47:33,794] {dag.py:2968} INFO - Setting next_dagrun for tutorial_taskflow_api_etl to None, run_after=None
[2022-08-21 16:47:33,811] {processor.py:161} INFO - Processing /Users/abhaymone/src/dev/sand/MANAGE-GMAIL/venv/lib/python3.9/site-packages/airflow/example_dags/tutorial_taskflow_api_etl.py took 0.605 seconds
[2022-08-21 16:48:41,237] {processor.py:153} INFO - Started process (PID=4603) to work on /Users/abhaymone/src/dev/sand/MANAGE-GMAIL/venv/lib/python3.9/site-packages/airflow/example_dags/tutorial_taskflow_api_etl.py
[2022-08-21 16:48:41,243] {processor.py:641} INFO - Processing file /Users/abhaymone/src/dev/sand/MANAGE-GMAIL/venv/lib/python3.9/site-packages/airflow/example_dags/tutorial_taskflow_api_etl.py for tasks to queue
[2022-08-21 16:48:41,243] {logging_mixin.py:115} INFO - [2022-08-21 16:48:41,243] {dagbag.py:508} INFO - Filling up the DagBag from /Users/abhaymone/src/dev/sand/MANAGE-GMAIL/venv/lib/python3.9/site-packages/airflow/example_dags/tutorial_taskflow_api_etl.py
[2022-08-21 16:48:41,275] {processor.py:651} INFO - DAG(s) dict_keys(['tutorial_taskflow_api_etl']) retrieved from /Users/abhaymone/src/dev/sand/MANAGE-GMAIL/venv/lib/python3.9/site-packages/airflow/example_dags/tutorial_taskflow_api_etl.py
[2022-08-21 16:48:42,219] {logging_mixin.py:115} INFO - [2022-08-21 16:48:42,218] {dag.py:2420} INFO - Sync 1 DAGs
[2022-08-21 16:48:42,230] {logging_mixin.py:115} INFO - [2022-08-21 16:48:42,230] {dag.py:2968} INFO - Setting next_dagrun for tutorial_taskflow_api_etl to None, run_after=None
[2022-08-21 16:48:42,244] {processor.py:161} INFO - Processing /Users/abhaymone/src/dev/sand/MANAGE-GMAIL/venv/lib/python3.9/site-packages/airflow/example_dags/tutorial_taskflow_api_etl.py took 1.008 seconds
[2022-08-21 16:49:39,839] {processor.py:153} INFO - Started process (PID=4644) to work on /Users/abhaymone/src/dev/sand/MANAGE-GMAIL/venv/lib/python3.9/site-packages/airflow/example_dags/tutorial_taskflow_api_etl.py
[2022-08-21 16:49:39,841] {processor.py:641} INFO - Processing file /Users/abhaymone/src/dev/sand/MANAGE-GMAIL/venv/lib/python3.9/site-packages/airflow/example_dags/tutorial_taskflow_api_etl.py for tasks to queue
[2022-08-21 16:49:39,842] {logging_mixin.py:115} INFO - [2022-08-21 16:49:39,842] {dagbag.py:508} INFO - Filling up the DagBag from /Users/abhaymone/src/dev/sand/MANAGE-GMAIL/venv/lib/python3.9/site-packages/airflow/example_dags/tutorial_taskflow_api_etl.py
[2022-08-21 16:49:39,874] {processor.py:651} INFO - DAG(s) dict_keys(['tutorial_taskflow_api_etl']) retrieved from /Users/abhaymone/src/dev/sand/MANAGE-GMAIL/venv/lib/python3.9/site-packages/airflow/example_dags/tutorial_taskflow_api_etl.py
[2022-08-21 16:49:40,927] {logging_mixin.py:115} INFO - [2022-08-21 16:49:40,927] {dag.py:2420} INFO - Sync 1 DAGs
[2022-08-21 16:49:40,939] {logging_mixin.py:115} INFO - [2022-08-21 16:49:40,939] {dag.py:2968} INFO - Setting next_dagrun for tutorial_taskflow_api_etl to None, run_after=None
[2022-08-21 16:49:40,953] {processor.py:161} INFO - Processing /Users/abhaymone/src/dev/sand/MANAGE-GMAIL/venv/lib/python3.9/site-packages/airflow/example_dags/tutorial_taskflow_api_etl.py took 1.114 seconds
[2022-08-21 16:50:46,168] {processor.py:153} INFO - Started process (PID=4698) to work on /Users/abhaymone/src/dev/sand/MANAGE-GMAIL/venv/lib/python3.9/site-packages/airflow/example_dags/tutorial_taskflow_api_etl.py
[2022-08-21 16:50:46,174] {processor.py:641} INFO - Processing file /Users/abhaymone/src/dev/sand/MANAGE-GMAIL/venv/lib/python3.9/site-packages/airflow/example_dags/tutorial_taskflow_api_etl.py for tasks to queue
[2022-08-21 16:50:46,174] {logging_mixin.py:115} INFO - [2022-08-21 16:50:46,174] {dagbag.py:508} INFO - Filling up the DagBag from /Users/abhaymone/src/dev/sand/MANAGE-GMAIL/venv/lib/python3.9/site-packages/airflow/example_dags/tutorial_taskflow_api_etl.py
[2022-08-21 16:50:46,204] {processor.py:651} INFO - DAG(s) dict_keys(['tutorial_taskflow_api_etl']) retrieved from /Users/abhaymone/src/dev/sand/MANAGE-GMAIL/venv/lib/python3.9/site-packages/airflow/example_dags/tutorial_taskflow_api_etl.py
[2022-08-21 16:50:47,117] {logging_mixin.py:115} INFO - [2022-08-21 16:50:47,117] {dag.py:2420} INFO - Sync 1 DAGs
[2022-08-21 16:50:47,129] {logging_mixin.py:115} INFO - [2022-08-21 16:50:47,129] {dag.py:2968} INFO - Setting next_dagrun for tutorial_taskflow_api_etl to None, run_after=None
[2022-08-21 16:50:47,140] {processor.py:161} INFO - Processing /Users/abhaymone/src/dev/sand/MANAGE-GMAIL/venv/lib/python3.9/site-packages/airflow/example_dags/tutorial_taskflow_api_etl.py took 0.972 seconds
[2022-08-21 16:51:44,888] {processor.py:153} INFO - Started process (PID=4802) to work on /Users/abhaymone/src/dev/sand/MANAGE-GMAIL/venv/lib/python3.9/site-packages/airflow/example_dags/tutorial_taskflow_api_etl.py
[2022-08-21 16:51:44,894] {processor.py:641} INFO - Processing file /Users/abhaymone/src/dev/sand/MANAGE-GMAIL/venv/lib/python3.9/site-packages/airflow/example_dags/tutorial_taskflow_api_etl.py for tasks to queue
[2022-08-21 16:51:44,895] {logging_mixin.py:115} INFO - [2022-08-21 16:51:44,895] {dagbag.py:508} INFO - Filling up the DagBag from /Users/abhaymone/src/dev/sand/MANAGE-GMAIL/venv/lib/python3.9/site-packages/airflow/example_dags/tutorial_taskflow_api_etl.py
[2022-08-21 16:51:44,928] {processor.py:651} INFO - DAG(s) dict_keys(['tutorial_taskflow_api_etl']) retrieved from /Users/abhaymone/src/dev/sand/MANAGE-GMAIL/venv/lib/python3.9/site-packages/airflow/example_dags/tutorial_taskflow_api_etl.py
[2022-08-21 16:51:45,388] {logging_mixin.py:115} INFO - [2022-08-21 16:51:45,388] {dag.py:2420} INFO - Sync 1 DAGs
[2022-08-21 16:51:45,399] {logging_mixin.py:115} INFO - [2022-08-21 16:51:45,399] {dag.py:2968} INFO - Setting next_dagrun for tutorial_taskflow_api_etl to None, run_after=None
[2022-08-21 16:51:45,409] {processor.py:161} INFO - Processing /Users/abhaymone/src/dev/sand/MANAGE-GMAIL/venv/lib/python3.9/site-packages/airflow/example_dags/tutorial_taskflow_api_etl.py took 0.521 seconds
[2022-08-21 16:52:41,007] {processor.py:153} INFO - Started process (PID=5026) to work on /Users/abhaymone/src/dev/sand/MANAGE-GMAIL/venv/lib/python3.9/site-packages/airflow/example_dags/tutorial_taskflow_api_etl.py
[2022-08-21 16:52:41,007] {processor.py:641} INFO - Processing file /Users/abhaymone/src/dev/sand/MANAGE-GMAIL/venv/lib/python3.9/site-packages/airflow/example_dags/tutorial_taskflow_api_etl.py for tasks to queue
[2022-08-21 16:52:41,007] {logging_mixin.py:115} INFO - [2022-08-21 16:52:41,007] {dagbag.py:508} INFO - Filling up the DagBag from /Users/abhaymone/src/dev/sand/MANAGE-GMAIL/venv/lib/python3.9/site-packages/airflow/example_dags/tutorial_taskflow_api_etl.py
[2022-08-21 16:52:41,040] {processor.py:651} INFO - DAG(s) dict_keys(['tutorial_taskflow_api_etl']) retrieved from /Users/abhaymone/src/dev/sand/MANAGE-GMAIL/venv/lib/python3.9/site-packages/airflow/example_dags/tutorial_taskflow_api_etl.py
[2022-08-21 16:52:41,497] {logging_mixin.py:115} INFO - [2022-08-21 16:52:41,497] {dag.py:2420} INFO - Sync 1 DAGs
[2022-08-21 16:52:41,508] {logging_mixin.py:115} INFO - [2022-08-21 16:52:41,508] {dag.py:2968} INFO - Setting next_dagrun for tutorial_taskflow_api_etl to None, run_after=None
[2022-08-21 16:52:41,524] {processor.py:161} INFO - Processing /Users/abhaymone/src/dev/sand/MANAGE-GMAIL/venv/lib/python3.9/site-packages/airflow/example_dags/tutorial_taskflow_api_etl.py took 0.518 seconds
[2022-08-21 16:53:44,901] {processor.py:153} INFO - Started process (PID=5145) to work on /Users/abhaymone/src/dev/sand/MANAGE-GMAIL/venv/lib/python3.9/site-packages/airflow/example_dags/tutorial_taskflow_api_etl.py
[2022-08-21 16:53:44,901] {processor.py:641} INFO - Processing file /Users/abhaymone/src/dev/sand/MANAGE-GMAIL/venv/lib/python3.9/site-packages/airflow/example_dags/tutorial_taskflow_api_etl.py for tasks to queue
[2022-08-21 16:53:44,901] {logging_mixin.py:115} INFO - [2022-08-21 16:53:44,901] {dagbag.py:508} INFO - Filling up the DagBag from /Users/abhaymone/src/dev/sand/MANAGE-GMAIL/venv/lib/python3.9/site-packages/airflow/example_dags/tutorial_taskflow_api_etl.py
[2022-08-21 16:53:44,935] {processor.py:651} INFO - DAG(s) dict_keys(['tutorial_taskflow_api_etl']) retrieved from /Users/abhaymone/src/dev/sand/MANAGE-GMAIL/venv/lib/python3.9/site-packages/airflow/example_dags/tutorial_taskflow_api_etl.py
[2022-08-21 16:53:45,483] {logging_mixin.py:115} INFO - [2022-08-21 16:53:45,482] {dag.py:2420} INFO - Sync 1 DAGs
[2022-08-21 16:53:45,500] {logging_mixin.py:115} INFO - [2022-08-21 16:53:45,500] {dag.py:2968} INFO - Setting next_dagrun for tutorial_taskflow_api_etl to None, run_after=None
[2022-08-21 16:53:45,516] {processor.py:161} INFO - Processing /Users/abhaymone/src/dev/sand/MANAGE-GMAIL/venv/lib/python3.9/site-packages/airflow/example_dags/tutorial_taskflow_api_etl.py took 0.616 seconds
[2022-08-21 16:54:45,023] {processor.py:153} INFO - Started process (PID=5196) to work on /Users/abhaymone/src/dev/sand/MANAGE-GMAIL/venv/lib/python3.9/site-packages/airflow/example_dags/tutorial_taskflow_api_etl.py
[2022-08-21 16:54:45,023] {processor.py:641} INFO - Processing file /Users/abhaymone/src/dev/sand/MANAGE-GMAIL/venv/lib/python3.9/site-packages/airflow/example_dags/tutorial_taskflow_api_etl.py for tasks to queue
[2022-08-21 16:54:45,024] {logging_mixin.py:115} INFO - [2022-08-21 16:54:45,024] {dagbag.py:508} INFO - Filling up the DagBag from /Users/abhaymone/src/dev/sand/MANAGE-GMAIL/venv/lib/python3.9/site-packages/airflow/example_dags/tutorial_taskflow_api_etl.py
[2022-08-21 16:54:45,052] {processor.py:651} INFO - DAG(s) dict_keys(['tutorial_taskflow_api_etl']) retrieved from /Users/abhaymone/src/dev/sand/MANAGE-GMAIL/venv/lib/python3.9/site-packages/airflow/example_dags/tutorial_taskflow_api_etl.py
[2022-08-21 16:54:46,118] {logging_mixin.py:115} INFO - [2022-08-21 16:54:46,118] {dag.py:2420} INFO - Sync 1 DAGs
[2022-08-21 16:54:46,133] {logging_mixin.py:115} INFO - [2022-08-21 16:54:46,133] {dag.py:2968} INFO - Setting next_dagrun for tutorial_taskflow_api_etl to None, run_after=None
[2022-08-21 16:54:46,153] {processor.py:161} INFO - Processing /Users/abhaymone/src/dev/sand/MANAGE-GMAIL/venv/lib/python3.9/site-packages/airflow/example_dags/tutorial_taskflow_api_etl.py took 1.132 seconds
