[2022-09-17 19:38:32,785] {taskinstance.py:1179} INFO - Dependencies all met for <TaskInstance: gmailPipelineV1.gmailTransformationTask manual__2022-09-17T23:38:04.573370+00:00 [queued]>
[2022-09-17 19:38:32,790] {taskinstance.py:1179} INFO - Dependencies all met for <TaskInstance: gmailPipelineV1.gmailTransformationTask manual__2022-09-17T23:38:04.573370+00:00 [queued]>
[2022-09-17 19:38:32,790] {taskinstance.py:1376} INFO - 
--------------------------------------------------------------------------------
[2022-09-17 19:38:32,790] {taskinstance.py:1377} INFO - Starting attempt 1 of 1
[2022-09-17 19:38:32,790] {taskinstance.py:1378} INFO - 
--------------------------------------------------------------------------------
[2022-09-17 19:38:32,800] {taskinstance.py:1397} INFO - Executing <Task(PythonOperator): gmailTransformationTask> on 2022-09-17 23:38:04.573370+00:00
[2022-09-17 19:38:32,801] {standard_task_runner.py:52} INFO - Started process 7044 to run task
[2022-09-17 19:38:32,806] {standard_task_runner.py:79} INFO - Running: ['airflow', 'tasks', 'run', 'gmailPipelineV1', 'gmailTransformationTask', 'manual__2022-09-17T23:38:04.573370+00:00', '--job-id', '90', '--raw', '--subdir', 'DAGS_FOLDER/gmailDag.py', '--cfg-path', '/var/folders/mm/xv24gcjj46l_jx1m76p5bgy80000gn/T/tmperhvo5ds', '--error-file', '/var/folders/mm/xv24gcjj46l_jx1m76p5bgy80000gn/T/tmp_ftz0k2w']
[2022-09-17 19:38:32,808] {standard_task_runner.py:80} INFO - Job 90: Subtask gmailTransformationTask
[2022-09-17 19:38:32,853] {task_command.py:371} INFO - Running <TaskInstance: gmailPipelineV1.gmailTransformationTask manual__2022-09-17T23:38:04.573370+00:00 [running]> on host abhays-mbp.lan
[2022-09-17 19:38:32,901] {taskinstance.py:1589} INFO - Exporting the following env vars:
AIRFLOW_CTX_DAG_OWNER=airflow
AIRFLOW_CTX_DAG_ID=gmailPipelineV1
AIRFLOW_CTX_TASK_ID=gmailTransformationTask
AIRFLOW_CTX_EXECUTION_DATE=2022-09-17T23:38:04.573370+00:00
AIRFLOW_CTX_TRY_NUMBER=1
AIRFLOW_CTX_DAG_RUN_ID=manual__2022-09-17T23:38:04.573370+00:00
[2022-09-17 19:38:32,925] {python.py:173} INFO - Done. Returned value was: None
[2022-09-17 19:38:32,932] {taskinstance.py:1415} INFO - Marking task as SUCCESS. dag_id=gmailPipelineV1, task_id=gmailTransformationTask, execution_date=20220917T233804, start_date=20220917T233832, end_date=20220917T233832
[2022-09-17 19:38:32,947] {local_task_job.py:156} INFO - Task exited with return code 0
[2022-09-17 19:38:32,971] {local_task_job.py:273} INFO - 1 downstream tasks scheduled from follow-on schedule check
