[2022-09-17 19:38:07,910] {taskinstance.py:1179} INFO - Dependencies all met for <TaskInstance: gmailPipelineV1.gmailExtractTask manual__2022-09-17T23:38:04.573370+00:00 [queued]>
[2022-09-17 19:38:07,921] {taskinstance.py:1179} INFO - Dependencies all met for <TaskInstance: gmailPipelineV1.gmailExtractTask manual__2022-09-17T23:38:04.573370+00:00 [queued]>
[2022-09-17 19:38:07,921] {taskinstance.py:1376} INFO - 
--------------------------------------------------------------------------------
[2022-09-17 19:38:07,921] {taskinstance.py:1377} INFO - Starting attempt 1 of 1
[2022-09-17 19:38:07,921] {taskinstance.py:1378} INFO - 
--------------------------------------------------------------------------------
[2022-09-17 19:38:07,930] {taskinstance.py:1397} INFO - Executing <Task(PythonOperator): gmailExtractTask> on 2022-09-17 23:38:04.573370+00:00
[2022-09-17 19:38:07,932] {standard_task_runner.py:52} INFO - Started process 7027 to run task
[2022-09-17 19:38:07,940] {standard_task_runner.py:79} INFO - Running: ['airflow', 'tasks', 'run', 'gmailPipelineV1', 'gmailExtractTask', 'manual__2022-09-17T23:38:04.573370+00:00', '--job-id', '89', '--raw', '--subdir', 'DAGS_FOLDER/gmailDag.py', '--cfg-path', '/var/folders/mm/xv24gcjj46l_jx1m76p5bgy80000gn/T/tmpy96zt994', '--error-file', '/var/folders/mm/xv24gcjj46l_jx1m76p5bgy80000gn/T/tmplvziyh1_']
[2022-09-17 19:38:07,942] {standard_task_runner.py:80} INFO - Job 89: Subtask gmailExtractTask
[2022-09-17 19:38:07,999] {task_command.py:371} INFO - Running <TaskInstance: gmailPipelineV1.gmailExtractTask manual__2022-09-17T23:38:04.573370+00:00 [running]> on host abhays-mbp.lan
[2022-09-17 19:38:08,054] {taskinstance.py:1589} INFO - Exporting the following env vars:
AIRFLOW_CTX_DAG_OWNER=airflow
AIRFLOW_CTX_DAG_ID=gmailPipelineV1
AIRFLOW_CTX_TASK_ID=gmailExtractTask
AIRFLOW_CTX_EXECUTION_DATE=2022-09-17T23:38:04.573370+00:00
AIRFLOW_CTX_TRY_NUMBER=1
AIRFLOW_CTX_DAG_RUN_ID=manual__2022-09-17T23:38:04.573370+00:00
[2022-09-17 19:38:08,068] {__init__.py:49} INFO - file_cache is only supported with oauth2client<4.0.0
[2022-09-17 19:38:27,882] {__init__.py:49} INFO - file_cache is only supported with oauth2client<4.0.0
[2022-09-17 19:38:28,704] {python.py:173} INFO - Done. Returned value was: None
[2022-09-17 19:38:28,713] {taskinstance.py:1415} INFO - Marking task as SUCCESS. dag_id=gmailPipelineV1, task_id=gmailExtractTask, execution_date=20220917T233804, start_date=20220917T233807, end_date=20220917T233828
[2022-09-17 19:38:28,738] {local_task_job.py:156} INFO - Task exited with return code 0
[2022-09-17 19:38:28,762] {local_task_job.py:273} INFO - 1 downstream tasks scheduled from follow-on schedule check
