[2022-09-24 19:03:23,704] {taskinstance.py:1179} INFO - Dependencies all met for <TaskInstance: gmailPipelineV1.gmailTransformationTask scheduled__2022-09-23T00:00:00+00:00 [queued]>
[2022-09-24 19:03:23,714] {taskinstance.py:1179} INFO - Dependencies all met for <TaskInstance: gmailPipelineV1.gmailTransformationTask scheduled__2022-09-23T00:00:00+00:00 [queued]>
[2022-09-24 19:03:23,714] {taskinstance.py:1376} INFO - 
--------------------------------------------------------------------------------
[2022-09-24 19:03:23,714] {taskinstance.py:1377} INFO - Starting attempt 1 of 1
[2022-09-24 19:03:23,714] {taskinstance.py:1378} INFO - 
--------------------------------------------------------------------------------
[2022-09-24 19:03:23,723] {taskinstance.py:1397} INFO - Executing <Task(PythonOperator): gmailTransformationTask> on 2022-09-23 00:00:00+00:00
[2022-09-24 19:03:23,732] {standard_task_runner.py:79} INFO - Running: ['airflow', 'tasks', 'run', 'gmailPipelineV1', 'gmailTransformationTask', 'scheduled__2022-09-23T00:00:00+00:00', '--job-id', '118', '--raw', '--subdir', 'DAGS_FOLDER/gmailDag.py', '--cfg-path', '/var/folders/mm/xv24gcjj46l_jx1m76p5bgy80000gn/T/tmp0xb9dhp6', '--error-file', '/var/folders/mm/xv24gcjj46l_jx1m76p5bgy80000gn/T/tmp0oud1ftt']
[2022-09-24 19:03:23,734] {standard_task_runner.py:80} INFO - Job 118: Subtask gmailTransformationTask
[2022-09-24 19:03:23,765] {standard_task_runner.py:52} INFO - Started process 1886 to run task
[2022-09-24 19:03:23,791] {task_command.py:371} INFO - Running <TaskInstance: gmailPipelineV1.gmailTransformationTask scheduled__2022-09-23T00:00:00+00:00 [running]> on host abhays-mbp.lan
[2022-09-24 19:03:23,844] {taskinstance.py:1589} INFO - Exporting the following env vars:
AIRFLOW_CTX_DAG_OWNER=airflow
AIRFLOW_CTX_DAG_ID=gmailPipelineV1
AIRFLOW_CTX_TASK_ID=gmailTransformationTask
AIRFLOW_CTX_EXECUTION_DATE=2022-09-23T00:00:00+00:00
AIRFLOW_CTX_TRY_NUMBER=1
AIRFLOW_CTX_DAG_RUN_ID=scheduled__2022-09-23T00:00:00+00:00
[2022-09-24 19:03:23,853] {python.py:173} INFO - Done. Returned value was: None
[2022-09-24 19:03:23,861] {taskinstance.py:1415} INFO - Marking task as SUCCESS. dag_id=gmailPipelineV1, task_id=gmailTransformationTask, execution_date=20220923T000000, start_date=20220924T230323, end_date=20220924T230323
[2022-09-24 19:03:23,887] {local_task_job.py:156} INFO - Task exited with return code 0
[2022-09-24 19:03:23,921] {local_task_job.py:273} INFO - 1 downstream tasks scheduled from follow-on schedule check
