[2022-08-27 12:29:26,247] {taskinstance.py:1179} INFO - Dependencies all met for <TaskInstance: gmailPipelineV1.gmailExtractTask manual__2022-08-27T16:29:23.128291+00:00 [queued]>
[2022-08-27 12:29:26,252] {taskinstance.py:1179} INFO - Dependencies all met for <TaskInstance: gmailPipelineV1.gmailExtractTask manual__2022-08-27T16:29:23.128291+00:00 [queued]>
[2022-08-27 12:29:26,252] {taskinstance.py:1376} INFO - 
--------------------------------------------------------------------------------
[2022-08-27 12:29:26,252] {taskinstance.py:1377} INFO - Starting attempt 1 of 1
[2022-08-27 12:29:26,252] {taskinstance.py:1378} INFO - 
--------------------------------------------------------------------------------
[2022-08-27 12:29:26,262] {taskinstance.py:1397} INFO - Executing <Task(PythonOperator): gmailExtractTask> on 2022-08-27 16:29:23.128291+00:00
[2022-08-27 12:29:26,264] {standard_task_runner.py:52} INFO - Started process 2477 to run task
[2022-08-27 12:29:26,270] {standard_task_runner.py:79} INFO - Running: ['airflow', 'tasks', 'run', 'gmailPipelineV1', 'gmailExtractTask', 'manual__2022-08-27T16:29:23.128291+00:00', '--job-id', '38', '--raw', '--subdir', 'DAGS_FOLDER/gmailDag.py', '--cfg-path', '/var/folders/mm/xv24gcjj46l_jx1m76p5bgy80000gn/T/tmpssxy9r_0', '--error-file', '/var/folders/mm/xv24gcjj46l_jx1m76p5bgy80000gn/T/tmpn0cj8rz4']
[2022-08-27 12:29:26,272] {standard_task_runner.py:80} INFO - Job 38: Subtask gmailExtractTask
[2022-08-27 12:29:26,316] {task_command.py:371} INFO - Running <TaskInstance: gmailPipelineV1.gmailExtractTask manual__2022-08-27T16:29:23.128291+00:00 [running]> on host abhays-mbp.lan
[2022-08-27 12:29:26,361] {taskinstance.py:1589} INFO - Exporting the following env vars:
AIRFLOW_CTX_DAG_OWNER=airflow
AIRFLOW_CTX_DAG_ID=gmailPipelineV1
AIRFLOW_CTX_TASK_ID=gmailExtractTask
AIRFLOW_CTX_EXECUTION_DATE=2022-08-27T16:29:23.128291+00:00
AIRFLOW_CTX_TRY_NUMBER=1
AIRFLOW_CTX_DAG_RUN_ID=manual__2022-08-27T16:29:23.128291+00:00
[2022-08-27 12:29:26,375] {__init__.py:49} INFO - file_cache is only supported with oauth2client<4.0.0
[2022-08-27 12:29:29,331] {python.py:173} INFO - Done. Returned value was: None
[2022-08-27 12:29:29,339] {taskinstance.py:1415} INFO - Marking task as SUCCESS. dag_id=gmailPipelineV1, task_id=gmailExtractTask, execution_date=20220827T162923, start_date=20220827T162926, end_date=20220827T162929
[2022-08-27 12:29:29,371] {local_task_job.py:156} INFO - Task exited with return code 0
[2022-08-27 12:29:29,404] {local_task_job.py:273} INFO - 1 downstream tasks scheduled from follow-on schedule check
