[2022-08-21 16:13:54,207] {processor.py:153} INFO - Started process (PID=3319) to work on /Users/abhaymone/src/dev/sand/MANAGE-GMAIL/venv/lib/python3.9/site-packages/airflow/example_dags/subdags/subdag.py
[2022-08-21 16:13:54,207] {processor.py:641} INFO - Processing file /Users/abhaymone/src/dev/sand/MANAGE-GMAIL/venv/lib/python3.9/site-packages/airflow/example_dags/subdags/subdag.py for tasks to queue
[2022-08-21 16:13:54,207] {logging_mixin.py:115} INFO - [2022-08-21 16:13:54,207] {dagbag.py:508} INFO - Filling up the DagBag from /Users/abhaymone/src/dev/sand/MANAGE-GMAIL/venv/lib/python3.9/site-packages/airflow/example_dags/subdags/subdag.py
[2022-08-21 16:13:54,209] {processor.py:653} WARNING - No viable dags retrieved from /Users/abhaymone/src/dev/sand/MANAGE-GMAIL/venv/lib/python3.9/site-packages/airflow/example_dags/subdags/subdag.py
[2022-08-21 16:13:54,263] {processor.py:161} INFO - Processing /Users/abhaymone/src/dev/sand/MANAGE-GMAIL/venv/lib/python3.9/site-packages/airflow/example_dags/subdags/subdag.py took 0.056 seconds
[2022-08-21 16:15:22,693] {processor.py:153} INFO - Started process (PID=3406) to work on /Users/abhaymone/src/dev/sand/MANAGE-GMAIL/venv/lib/python3.9/site-packages/airflow/example_dags/subdags/subdag.py
[2022-08-21 16:15:22,699] {processor.py:641} INFO - Processing file /Users/abhaymone/src/dev/sand/MANAGE-GMAIL/venv/lib/python3.9/site-packages/airflow/example_dags/subdags/subdag.py for tasks to queue
[2022-08-21 16:15:22,700] {logging_mixin.py:115} INFO - [2022-08-21 16:15:22,700] {dagbag.py:508} INFO - Filling up the DagBag from /Users/abhaymone/src/dev/sand/MANAGE-GMAIL/venv/lib/python3.9/site-packages/airflow/example_dags/subdags/subdag.py
[2022-08-21 16:15:22,704] {processor.py:653} WARNING - No viable dags retrieved from /Users/abhaymone/src/dev/sand/MANAGE-GMAIL/venv/lib/python3.9/site-packages/airflow/example_dags/subdags/subdag.py
[2022-08-21 16:15:22,738] {processor.py:161} INFO - Processing /Users/abhaymone/src/dev/sand/MANAGE-GMAIL/venv/lib/python3.9/site-packages/airflow/example_dags/subdags/subdag.py took 0.045 seconds
[2022-08-21 16:15:59,911] {processor.py:153} INFO - Started process (PID=3432) to work on /Users/abhaymone/src/dev/sand/MANAGE-GMAIL/venv/lib/python3.9/site-packages/airflow/example_dags/subdags/subdag.py
[2022-08-21 16:15:59,917] {processor.py:641} INFO - Processing file /Users/abhaymone/src/dev/sand/MANAGE-GMAIL/venv/lib/python3.9/site-packages/airflow/example_dags/subdags/subdag.py for tasks to queue
[2022-08-21 16:15:59,917] {logging_mixin.py:115} INFO - [2022-08-21 16:15:59,917] {dagbag.py:508} INFO - Filling up the DagBag from /Users/abhaymone/src/dev/sand/MANAGE-GMAIL/venv/lib/python3.9/site-packages/airflow/example_dags/subdags/subdag.py
[2022-08-21 16:15:59,921] {processor.py:653} WARNING - No viable dags retrieved from /Users/abhaymone/src/dev/sand/MANAGE-GMAIL/venv/lib/python3.9/site-packages/airflow/example_dags/subdags/subdag.py
[2022-08-21 16:15:59,954] {processor.py:161} INFO - Processing /Users/abhaymone/src/dev/sand/MANAGE-GMAIL/venv/lib/python3.9/site-packages/airflow/example_dags/subdags/subdag.py took 0.044 seconds
[2022-08-21 16:16:55,794] {processor.py:153} INFO - Started process (PID=3466) to work on /Users/abhaymone/src/dev/sand/MANAGE-GMAIL/venv/lib/python3.9/site-packages/airflow/example_dags/subdags/subdag.py
[2022-08-21 16:16:55,795] {processor.py:641} INFO - Processing file /Users/abhaymone/src/dev/sand/MANAGE-GMAIL/venv/lib/python3.9/site-packages/airflow/example_dags/subdags/subdag.py for tasks to queue
[2022-08-21 16:16:55,795] {logging_mixin.py:115} INFO - [2022-08-21 16:16:55,795] {dagbag.py:508} INFO - Filling up the DagBag from /Users/abhaymone/src/dev/sand/MANAGE-GMAIL/venv/lib/python3.9/site-packages/airflow/example_dags/subdags/subdag.py
[2022-08-21 16:16:55,796] {processor.py:653} WARNING - No viable dags retrieved from /Users/abhaymone/src/dev/sand/MANAGE-GMAIL/venv/lib/python3.9/site-packages/airflow/example_dags/subdags/subdag.py
[2022-08-21 16:16:55,826] {processor.py:161} INFO - Processing /Users/abhaymone/src/dev/sand/MANAGE-GMAIL/venv/lib/python3.9/site-packages/airflow/example_dags/subdags/subdag.py took 0.032 seconds
[2022-08-21 16:28:01,640] {processor.py:153} INFO - Started process (PID=3524) to work on /Users/abhaymone/src/dev/sand/MANAGE-GMAIL/venv/lib/python3.9/site-packages/airflow/example_dags/subdags/subdag.py
[2022-08-21 16:28:01,642] {processor.py:641} INFO - Processing file /Users/abhaymone/src/dev/sand/MANAGE-GMAIL/venv/lib/python3.9/site-packages/airflow/example_dags/subdags/subdag.py for tasks to queue
[2022-08-21 16:28:01,642] {logging_mixin.py:115} INFO - [2022-08-21 16:28:01,642] {dagbag.py:508} INFO - Filling up the DagBag from /Users/abhaymone/src/dev/sand/MANAGE-GMAIL/venv/lib/python3.9/site-packages/airflow/example_dags/subdags/subdag.py
[2022-08-21 16:28:01,645] {processor.py:653} WARNING - No viable dags retrieved from /Users/abhaymone/src/dev/sand/MANAGE-GMAIL/venv/lib/python3.9/site-packages/airflow/example_dags/subdags/subdag.py
[2022-08-21 16:28:01,728] {processor.py:161} INFO - Processing /Users/abhaymone/src/dev/sand/MANAGE-GMAIL/venv/lib/python3.9/site-packages/airflow/example_dags/subdags/subdag.py took 0.089 seconds
[2022-08-21 16:28:55,820] {processor.py:153} INFO - Started process (PID=3571) to work on /Users/abhaymone/src/dev/sand/MANAGE-GMAIL/venv/lib/python3.9/site-packages/airflow/example_dags/subdags/subdag.py
[2022-08-21 16:28:55,820] {processor.py:641} INFO - Processing file /Users/abhaymone/src/dev/sand/MANAGE-GMAIL/venv/lib/python3.9/site-packages/airflow/example_dags/subdags/subdag.py for tasks to queue
[2022-08-21 16:28:55,820] {logging_mixin.py:115} INFO - [2022-08-21 16:28:55,820] {dagbag.py:508} INFO - Filling up the DagBag from /Users/abhaymone/src/dev/sand/MANAGE-GMAIL/venv/lib/python3.9/site-packages/airflow/example_dags/subdags/subdag.py
[2022-08-21 16:28:55,821] {processor.py:653} WARNING - No viable dags retrieved from /Users/abhaymone/src/dev/sand/MANAGE-GMAIL/venv/lib/python3.9/site-packages/airflow/example_dags/subdags/subdag.py
[2022-08-21 16:28:55,852] {processor.py:161} INFO - Processing /Users/abhaymone/src/dev/sand/MANAGE-GMAIL/venv/lib/python3.9/site-packages/airflow/example_dags/subdags/subdag.py took 0.033 seconds
[2022-08-21 16:29:49,363] {processor.py:153} INFO - Started process (PID=3605) to work on /Users/abhaymone/src/dev/sand/MANAGE-GMAIL/venv/lib/python3.9/site-packages/airflow/example_dags/subdags/subdag.py
[2022-08-21 16:29:49,364] {processor.py:641} INFO - Processing file /Users/abhaymone/src/dev/sand/MANAGE-GMAIL/venv/lib/python3.9/site-packages/airflow/example_dags/subdags/subdag.py for tasks to queue
[2022-08-21 16:29:49,364] {logging_mixin.py:115} INFO - [2022-08-21 16:29:49,364] {dagbag.py:508} INFO - Filling up the DagBag from /Users/abhaymone/src/dev/sand/MANAGE-GMAIL/venv/lib/python3.9/site-packages/airflow/example_dags/subdags/subdag.py
[2022-08-21 16:29:49,365] {processor.py:653} WARNING - No viable dags retrieved from /Users/abhaymone/src/dev/sand/MANAGE-GMAIL/venv/lib/python3.9/site-packages/airflow/example_dags/subdags/subdag.py
[2022-08-21 16:29:49,396] {processor.py:161} INFO - Processing /Users/abhaymone/src/dev/sand/MANAGE-GMAIL/venv/lib/python3.9/site-packages/airflow/example_dags/subdags/subdag.py took 0.034 seconds
[2022-08-21 16:30:47,573] {processor.py:153} INFO - Started process (PID=3640) to work on /Users/abhaymone/src/dev/sand/MANAGE-GMAIL/venv/lib/python3.9/site-packages/airflow/example_dags/subdags/subdag.py
[2022-08-21 16:30:47,579] {processor.py:641} INFO - Processing file /Users/abhaymone/src/dev/sand/MANAGE-GMAIL/venv/lib/python3.9/site-packages/airflow/example_dags/subdags/subdag.py for tasks to queue
[2022-08-21 16:30:47,580] {logging_mixin.py:115} INFO - [2022-08-21 16:30:47,580] {dagbag.py:508} INFO - Filling up the DagBag from /Users/abhaymone/src/dev/sand/MANAGE-GMAIL/venv/lib/python3.9/site-packages/airflow/example_dags/subdags/subdag.py
[2022-08-21 16:30:47,584] {processor.py:653} WARNING - No viable dags retrieved from /Users/abhaymone/src/dev/sand/MANAGE-GMAIL/venv/lib/python3.9/site-packages/airflow/example_dags/subdags/subdag.py
[2022-08-21 16:30:47,617] {processor.py:161} INFO - Processing /Users/abhaymone/src/dev/sand/MANAGE-GMAIL/venv/lib/python3.9/site-packages/airflow/example_dags/subdags/subdag.py took 0.044 seconds
[2022-08-21 16:31:23,497] {processor.py:153} INFO - Started process (PID=3658) to work on /Users/abhaymone/src/dev/sand/MANAGE-GMAIL/venv/lib/python3.9/site-packages/airflow/example_dags/subdags/subdag.py
[2022-08-21 16:31:23,497] {processor.py:641} INFO - Processing file /Users/abhaymone/src/dev/sand/MANAGE-GMAIL/venv/lib/python3.9/site-packages/airflow/example_dags/subdags/subdag.py for tasks to queue
[2022-08-21 16:31:23,498] {logging_mixin.py:115} INFO - [2022-08-21 16:31:23,498] {dagbag.py:508} INFO - Filling up the DagBag from /Users/abhaymone/src/dev/sand/MANAGE-GMAIL/venv/lib/python3.9/site-packages/airflow/example_dags/subdags/subdag.py
[2022-08-21 16:31:23,499] {processor.py:653} WARNING - No viable dags retrieved from /Users/abhaymone/src/dev/sand/MANAGE-GMAIL/venv/lib/python3.9/site-packages/airflow/example_dags/subdags/subdag.py
[2022-08-21 16:31:23,529] {processor.py:161} INFO - Processing /Users/abhaymone/src/dev/sand/MANAGE-GMAIL/venv/lib/python3.9/site-packages/airflow/example_dags/subdags/subdag.py took 0.033 seconds
[2022-08-21 16:31:57,234] {processor.py:153} INFO - Started process (PID=3684) to work on /Users/abhaymone/src/dev/sand/MANAGE-GMAIL/venv/lib/python3.9/site-packages/airflow/example_dags/subdags/subdag.py
[2022-08-21 16:31:57,234] {processor.py:641} INFO - Processing file /Users/abhaymone/src/dev/sand/MANAGE-GMAIL/venv/lib/python3.9/site-packages/airflow/example_dags/subdags/subdag.py for tasks to queue
[2022-08-21 16:31:57,235] {logging_mixin.py:115} INFO - [2022-08-21 16:31:57,235] {dagbag.py:508} INFO - Filling up the DagBag from /Users/abhaymone/src/dev/sand/MANAGE-GMAIL/venv/lib/python3.9/site-packages/airflow/example_dags/subdags/subdag.py
[2022-08-21 16:31:57,237] {processor.py:653} WARNING - No viable dags retrieved from /Users/abhaymone/src/dev/sand/MANAGE-GMAIL/venv/lib/python3.9/site-packages/airflow/example_dags/subdags/subdag.py
[2022-08-21 16:31:57,271] {processor.py:161} INFO - Processing /Users/abhaymone/src/dev/sand/MANAGE-GMAIL/venv/lib/python3.9/site-packages/airflow/example_dags/subdags/subdag.py took 0.038 seconds
[2022-08-21 16:32:55,315] {processor.py:153} INFO - Started process (PID=3722) to work on /Users/abhaymone/src/dev/sand/MANAGE-GMAIL/venv/lib/python3.9/site-packages/airflow/example_dags/subdags/subdag.py
[2022-08-21 16:32:55,321] {processor.py:641} INFO - Processing file /Users/abhaymone/src/dev/sand/MANAGE-GMAIL/venv/lib/python3.9/site-packages/airflow/example_dags/subdags/subdag.py for tasks to queue
[2022-08-21 16:32:55,322] {logging_mixin.py:115} INFO - [2022-08-21 16:32:55,321] {dagbag.py:508} INFO - Filling up the DagBag from /Users/abhaymone/src/dev/sand/MANAGE-GMAIL/venv/lib/python3.9/site-packages/airflow/example_dags/subdags/subdag.py
[2022-08-21 16:32:55,324] {processor.py:653} WARNING - No viable dags retrieved from /Users/abhaymone/src/dev/sand/MANAGE-GMAIL/venv/lib/python3.9/site-packages/airflow/example_dags/subdags/subdag.py
[2022-08-21 16:32:55,361] {processor.py:161} INFO - Processing /Users/abhaymone/src/dev/sand/MANAGE-GMAIL/venv/lib/python3.9/site-packages/airflow/example_dags/subdags/subdag.py took 0.047 seconds
[2022-08-21 16:33:56,048] {processor.py:153} INFO - Started process (PID=3758) to work on /Users/abhaymone/src/dev/sand/MANAGE-GMAIL/venv/lib/python3.9/site-packages/airflow/example_dags/subdags/subdag.py
[2022-08-21 16:33:56,054] {processor.py:641} INFO - Processing file /Users/abhaymone/src/dev/sand/MANAGE-GMAIL/venv/lib/python3.9/site-packages/airflow/example_dags/subdags/subdag.py for tasks to queue
[2022-08-21 16:33:56,054] {logging_mixin.py:115} INFO - [2022-08-21 16:33:56,054] {dagbag.py:508} INFO - Filling up the DagBag from /Users/abhaymone/src/dev/sand/MANAGE-GMAIL/venv/lib/python3.9/site-packages/airflow/example_dags/subdags/subdag.py
[2022-08-21 16:33:56,056] {processor.py:653} WARNING - No viable dags retrieved from /Users/abhaymone/src/dev/sand/MANAGE-GMAIL/venv/lib/python3.9/site-packages/airflow/example_dags/subdags/subdag.py
[2022-08-21 16:33:56,093] {processor.py:161} INFO - Processing /Users/abhaymone/src/dev/sand/MANAGE-GMAIL/venv/lib/python3.9/site-packages/airflow/example_dags/subdags/subdag.py took 0.046 seconds
[2022-08-21 16:34:57,020] {processor.py:153} INFO - Started process (PID=3794) to work on /Users/abhaymone/src/dev/sand/MANAGE-GMAIL/venv/lib/python3.9/site-packages/airflow/example_dags/subdags/subdag.py
[2022-08-21 16:34:57,026] {processor.py:641} INFO - Processing file /Users/abhaymone/src/dev/sand/MANAGE-GMAIL/venv/lib/python3.9/site-packages/airflow/example_dags/subdags/subdag.py for tasks to queue
[2022-08-21 16:34:57,026] {logging_mixin.py:115} INFO - [2022-08-21 16:34:57,026] {dagbag.py:508} INFO - Filling up the DagBag from /Users/abhaymone/src/dev/sand/MANAGE-GMAIL/venv/lib/python3.9/site-packages/airflow/example_dags/subdags/subdag.py
[2022-08-21 16:34:57,028] {processor.py:653} WARNING - No viable dags retrieved from /Users/abhaymone/src/dev/sand/MANAGE-GMAIL/venv/lib/python3.9/site-packages/airflow/example_dags/subdags/subdag.py
[2022-08-21 16:34:57,063] {processor.py:161} INFO - Processing /Users/abhaymone/src/dev/sand/MANAGE-GMAIL/venv/lib/python3.9/site-packages/airflow/example_dags/subdags/subdag.py took 0.044 seconds
[2022-08-21 16:35:54,340] {processor.py:153} INFO - Started process (PID=3831) to work on /Users/abhaymone/src/dev/sand/MANAGE-GMAIL/venv/lib/python3.9/site-packages/airflow/example_dags/subdags/subdag.py
[2022-08-21 16:35:54,346] {processor.py:641} INFO - Processing file /Users/abhaymone/src/dev/sand/MANAGE-GMAIL/venv/lib/python3.9/site-packages/airflow/example_dags/subdags/subdag.py for tasks to queue
[2022-08-21 16:35:54,347] {logging_mixin.py:115} INFO - [2022-08-21 16:35:54,347] {dagbag.py:508} INFO - Filling up the DagBag from /Users/abhaymone/src/dev/sand/MANAGE-GMAIL/venv/lib/python3.9/site-packages/airflow/example_dags/subdags/subdag.py
[2022-08-21 16:35:54,352] {processor.py:653} WARNING - No viable dags retrieved from /Users/abhaymone/src/dev/sand/MANAGE-GMAIL/venv/lib/python3.9/site-packages/airflow/example_dags/subdags/subdag.py
[2022-08-21 16:35:54,391] {processor.py:161} INFO - Processing /Users/abhaymone/src/dev/sand/MANAGE-GMAIL/venv/lib/python3.9/site-packages/airflow/example_dags/subdags/subdag.py took 0.051 seconds
[2022-08-21 16:36:26,692] {processor.py:153} INFO - Started process (PID=3851) to work on /Users/abhaymone/src/dev/sand/MANAGE-GMAIL/venv/lib/python3.9/site-packages/airflow/example_dags/subdags/subdag.py
[2022-08-21 16:36:26,693] {processor.py:641} INFO - Processing file /Users/abhaymone/src/dev/sand/MANAGE-GMAIL/venv/lib/python3.9/site-packages/airflow/example_dags/subdags/subdag.py for tasks to queue
[2022-08-21 16:36:26,693] {logging_mixin.py:115} INFO - [2022-08-21 16:36:26,693] {dagbag.py:508} INFO - Filling up the DagBag from /Users/abhaymone/src/dev/sand/MANAGE-GMAIL/venv/lib/python3.9/site-packages/airflow/example_dags/subdags/subdag.py
[2022-08-21 16:36:26,696] {processor.py:653} WARNING - No viable dags retrieved from /Users/abhaymone/src/dev/sand/MANAGE-GMAIL/venv/lib/python3.9/site-packages/airflow/example_dags/subdags/subdag.py
[2022-08-21 16:36:26,731] {processor.py:161} INFO - Processing /Users/abhaymone/src/dev/sand/MANAGE-GMAIL/venv/lib/python3.9/site-packages/airflow/example_dags/subdags/subdag.py took 0.040 seconds
[2022-08-21 16:36:57,999] {processor.py:153} INFO - Started process (PID=3870) to work on /Users/abhaymone/src/dev/sand/MANAGE-GMAIL/venv/lib/python3.9/site-packages/airflow/example_dags/subdags/subdag.py
[2022-08-21 16:36:58,000] {processor.py:641} INFO - Processing file /Users/abhaymone/src/dev/sand/MANAGE-GMAIL/venv/lib/python3.9/site-packages/airflow/example_dags/subdags/subdag.py for tasks to queue
[2022-08-21 16:36:58,000] {logging_mixin.py:115} INFO - [2022-08-21 16:36:58,000] {dagbag.py:508} INFO - Filling up the DagBag from /Users/abhaymone/src/dev/sand/MANAGE-GMAIL/venv/lib/python3.9/site-packages/airflow/example_dags/subdags/subdag.py
[2022-08-21 16:36:58,001] {processor.py:653} WARNING - No viable dags retrieved from /Users/abhaymone/src/dev/sand/MANAGE-GMAIL/venv/lib/python3.9/site-packages/airflow/example_dags/subdags/subdag.py
[2022-08-21 16:36:58,031] {processor.py:161} INFO - Processing /Users/abhaymone/src/dev/sand/MANAGE-GMAIL/venv/lib/python3.9/site-packages/airflow/example_dags/subdags/subdag.py took 0.032 seconds
[2022-08-21 16:37:55,823] {processor.py:153} INFO - Started process (PID=3904) to work on /Users/abhaymone/src/dev/sand/MANAGE-GMAIL/venv/lib/python3.9/site-packages/airflow/example_dags/subdags/subdag.py
[2022-08-21 16:37:55,823] {processor.py:641} INFO - Processing file /Users/abhaymone/src/dev/sand/MANAGE-GMAIL/venv/lib/python3.9/site-packages/airflow/example_dags/subdags/subdag.py for tasks to queue
[2022-08-21 16:37:55,823] {logging_mixin.py:115} INFO - [2022-08-21 16:37:55,823] {dagbag.py:508} INFO - Filling up the DagBag from /Users/abhaymone/src/dev/sand/MANAGE-GMAIL/venv/lib/python3.9/site-packages/airflow/example_dags/subdags/subdag.py
[2022-08-21 16:37:55,824] {processor.py:653} WARNING - No viable dags retrieved from /Users/abhaymone/src/dev/sand/MANAGE-GMAIL/venv/lib/python3.9/site-packages/airflow/example_dags/subdags/subdag.py
[2022-08-21 16:37:55,855] {processor.py:161} INFO - Processing /Users/abhaymone/src/dev/sand/MANAGE-GMAIL/venv/lib/python3.9/site-packages/airflow/example_dags/subdags/subdag.py took 0.032 seconds
[2022-08-21 16:38:53,340] {processor.py:153} INFO - Started process (PID=3938) to work on /Users/abhaymone/src/dev/sand/MANAGE-GMAIL/venv/lib/python3.9/site-packages/airflow/example_dags/subdags/subdag.py
[2022-08-21 16:38:53,345] {processor.py:641} INFO - Processing file /Users/abhaymone/src/dev/sand/MANAGE-GMAIL/venv/lib/python3.9/site-packages/airflow/example_dags/subdags/subdag.py for tasks to queue
[2022-08-21 16:38:53,346] {logging_mixin.py:115} INFO - [2022-08-21 16:38:53,346] {dagbag.py:508} INFO - Filling up the DagBag from /Users/abhaymone/src/dev/sand/MANAGE-GMAIL/venv/lib/python3.9/site-packages/airflow/example_dags/subdags/subdag.py
[2022-08-21 16:38:53,350] {processor.py:653} WARNING - No viable dags retrieved from /Users/abhaymone/src/dev/sand/MANAGE-GMAIL/venv/lib/python3.9/site-packages/airflow/example_dags/subdags/subdag.py
[2022-08-21 16:38:53,387] {processor.py:161} INFO - Processing /Users/abhaymone/src/dev/sand/MANAGE-GMAIL/venv/lib/python3.9/site-packages/airflow/example_dags/subdags/subdag.py took 0.048 seconds
[2022-08-21 16:39:26,153] {processor.py:153} INFO - Started process (PID=3958) to work on /Users/abhaymone/src/dev/sand/MANAGE-GMAIL/venv/lib/python3.9/site-packages/airflow/example_dags/subdags/subdag.py
[2022-08-21 16:39:26,153] {processor.py:641} INFO - Processing file /Users/abhaymone/src/dev/sand/MANAGE-GMAIL/venv/lib/python3.9/site-packages/airflow/example_dags/subdags/subdag.py for tasks to queue
[2022-08-21 16:39:26,153] {logging_mixin.py:115} INFO - [2022-08-21 16:39:26,153] {dagbag.py:508} INFO - Filling up the DagBag from /Users/abhaymone/src/dev/sand/MANAGE-GMAIL/venv/lib/python3.9/site-packages/airflow/example_dags/subdags/subdag.py
[2022-08-21 16:39:26,155] {processor.py:653} WARNING - No viable dags retrieved from /Users/abhaymone/src/dev/sand/MANAGE-GMAIL/venv/lib/python3.9/site-packages/airflow/example_dags/subdags/subdag.py
[2022-08-21 16:39:26,187] {processor.py:161} INFO - Processing /Users/abhaymone/src/dev/sand/MANAGE-GMAIL/venv/lib/python3.9/site-packages/airflow/example_dags/subdags/subdag.py took 0.035 seconds
[2022-08-21 16:40:24,504] {processor.py:153} INFO - Started process (PID=3993) to work on /Users/abhaymone/src/dev/sand/MANAGE-GMAIL/venv/lib/python3.9/site-packages/airflow/example_dags/subdags/subdag.py
[2022-08-21 16:40:24,504] {processor.py:641} INFO - Processing file /Users/abhaymone/src/dev/sand/MANAGE-GMAIL/venv/lib/python3.9/site-packages/airflow/example_dags/subdags/subdag.py for tasks to queue
[2022-08-21 16:40:24,504] {logging_mixin.py:115} INFO - [2022-08-21 16:40:24,504] {dagbag.py:508} INFO - Filling up the DagBag from /Users/abhaymone/src/dev/sand/MANAGE-GMAIL/venv/lib/python3.9/site-packages/airflow/example_dags/subdags/subdag.py
[2022-08-21 16:40:24,506] {processor.py:653} WARNING - No viable dags retrieved from /Users/abhaymone/src/dev/sand/MANAGE-GMAIL/venv/lib/python3.9/site-packages/airflow/example_dags/subdags/subdag.py
[2022-08-21 16:40:24,539] {processor.py:161} INFO - Processing /Users/abhaymone/src/dev/sand/MANAGE-GMAIL/venv/lib/python3.9/site-packages/airflow/example_dags/subdags/subdag.py took 0.035 seconds
[2022-08-21 16:41:27,138] {processor.py:153} INFO - Started process (PID=4030) to work on /Users/abhaymone/src/dev/sand/MANAGE-GMAIL/venv/lib/python3.9/site-packages/airflow/example_dags/subdags/subdag.py
[2022-08-21 16:41:27,144] {processor.py:641} INFO - Processing file /Users/abhaymone/src/dev/sand/MANAGE-GMAIL/venv/lib/python3.9/site-packages/airflow/example_dags/subdags/subdag.py for tasks to queue
[2022-08-21 16:41:27,144] {logging_mixin.py:115} INFO - [2022-08-21 16:41:27,144] {dagbag.py:508} INFO - Filling up the DagBag from /Users/abhaymone/src/dev/sand/MANAGE-GMAIL/venv/lib/python3.9/site-packages/airflow/example_dags/subdags/subdag.py
[2022-08-21 16:41:27,146] {processor.py:653} WARNING - No viable dags retrieved from /Users/abhaymone/src/dev/sand/MANAGE-GMAIL/venv/lib/python3.9/site-packages/airflow/example_dags/subdags/subdag.py
[2022-08-21 16:41:27,201] {processor.py:161} INFO - Processing /Users/abhaymone/src/dev/sand/MANAGE-GMAIL/venv/lib/python3.9/site-packages/airflow/example_dags/subdags/subdag.py took 0.063 seconds
[2022-08-21 16:42:27,028] {processor.py:153} INFO - Started process (PID=4067) to work on /Users/abhaymone/src/dev/sand/MANAGE-GMAIL/venv/lib/python3.9/site-packages/airflow/example_dags/subdags/subdag.py
[2022-08-21 16:42:27,029] {processor.py:641} INFO - Processing file /Users/abhaymone/src/dev/sand/MANAGE-GMAIL/venv/lib/python3.9/site-packages/airflow/example_dags/subdags/subdag.py for tasks to queue
[2022-08-21 16:42:27,029] {logging_mixin.py:115} INFO - [2022-08-21 16:42:27,029] {dagbag.py:508} INFO - Filling up the DagBag from /Users/abhaymone/src/dev/sand/MANAGE-GMAIL/venv/lib/python3.9/site-packages/airflow/example_dags/subdags/subdag.py
[2022-08-21 16:42:27,030] {processor.py:653} WARNING - No viable dags retrieved from /Users/abhaymone/src/dev/sand/MANAGE-GMAIL/venv/lib/python3.9/site-packages/airflow/example_dags/subdags/subdag.py
[2022-08-21 16:42:27,063] {processor.py:161} INFO - Processing /Users/abhaymone/src/dev/sand/MANAGE-GMAIL/venv/lib/python3.9/site-packages/airflow/example_dags/subdags/subdag.py took 0.035 seconds
[2022-08-21 16:42:58,782] {processor.py:153} INFO - Started process (PID=4086) to work on /Users/abhaymone/src/dev/sand/MANAGE-GMAIL/venv/lib/python3.9/site-packages/airflow/example_dags/subdags/subdag.py
[2022-08-21 16:42:58,788] {processor.py:641} INFO - Processing file /Users/abhaymone/src/dev/sand/MANAGE-GMAIL/venv/lib/python3.9/site-packages/airflow/example_dags/subdags/subdag.py for tasks to queue
[2022-08-21 16:42:58,788] {logging_mixin.py:115} INFO - [2022-08-21 16:42:58,788] {dagbag.py:508} INFO - Filling up the DagBag from /Users/abhaymone/src/dev/sand/MANAGE-GMAIL/venv/lib/python3.9/site-packages/airflow/example_dags/subdags/subdag.py
[2022-08-21 16:42:58,790] {processor.py:653} WARNING - No viable dags retrieved from /Users/abhaymone/src/dev/sand/MANAGE-GMAIL/venv/lib/python3.9/site-packages/airflow/example_dags/subdags/subdag.py
[2022-08-21 16:42:58,825] {processor.py:161} INFO - Processing /Users/abhaymone/src/dev/sand/MANAGE-GMAIL/venv/lib/python3.9/site-packages/airflow/example_dags/subdags/subdag.py took 0.043 seconds
[2022-08-21 16:43:30,581] {processor.py:153} INFO - Started process (PID=4121) to work on /Users/abhaymone/src/dev/sand/MANAGE-GMAIL/venv/lib/python3.9/site-packages/airflow/example_dags/subdags/subdag.py
[2022-08-21 16:43:30,586] {processor.py:641} INFO - Processing file /Users/abhaymone/src/dev/sand/MANAGE-GMAIL/venv/lib/python3.9/site-packages/airflow/example_dags/subdags/subdag.py for tasks to queue
[2022-08-21 16:43:30,587] {logging_mixin.py:115} INFO - [2022-08-21 16:43:30,587] {dagbag.py:508} INFO - Filling up the DagBag from /Users/abhaymone/src/dev/sand/MANAGE-GMAIL/venv/lib/python3.9/site-packages/airflow/example_dags/subdags/subdag.py
[2022-08-21 16:43:30,589] {processor.py:653} WARNING - No viable dags retrieved from /Users/abhaymone/src/dev/sand/MANAGE-GMAIL/venv/lib/python3.9/site-packages/airflow/example_dags/subdags/subdag.py
[2022-08-21 16:43:30,625] {processor.py:161} INFO - Processing /Users/abhaymone/src/dev/sand/MANAGE-GMAIL/venv/lib/python3.9/site-packages/airflow/example_dags/subdags/subdag.py took 0.045 seconds
[2022-08-21 16:44:02,655] {processor.py:153} INFO - Started process (PID=4182) to work on /Users/abhaymone/src/dev/sand/MANAGE-GMAIL/venv/lib/python3.9/site-packages/airflow/example_dags/subdags/subdag.py
[2022-08-21 16:44:02,655] {processor.py:641} INFO - Processing file /Users/abhaymone/src/dev/sand/MANAGE-GMAIL/venv/lib/python3.9/site-packages/airflow/example_dags/subdags/subdag.py for tasks to queue
[2022-08-21 16:44:02,655] {logging_mixin.py:115} INFO - [2022-08-21 16:44:02,655] {dagbag.py:508} INFO - Filling up the DagBag from /Users/abhaymone/src/dev/sand/MANAGE-GMAIL/venv/lib/python3.9/site-packages/airflow/example_dags/subdags/subdag.py
[2022-08-21 16:44:02,657] {processor.py:653} WARNING - No viable dags retrieved from /Users/abhaymone/src/dev/sand/MANAGE-GMAIL/venv/lib/python3.9/site-packages/airflow/example_dags/subdags/subdag.py
[2022-08-21 16:44:02,690] {processor.py:161} INFO - Processing /Users/abhaymone/src/dev/sand/MANAGE-GMAIL/venv/lib/python3.9/site-packages/airflow/example_dags/subdags/subdag.py took 0.036 seconds
[2022-08-21 16:44:34,823] {processor.py:153} INFO - Started process (PID=4234) to work on /Users/abhaymone/src/dev/sand/MANAGE-GMAIL/venv/lib/python3.9/site-packages/airflow/example_dags/subdags/subdag.py
[2022-08-21 16:44:34,829] {processor.py:641} INFO - Processing file /Users/abhaymone/src/dev/sand/MANAGE-GMAIL/venv/lib/python3.9/site-packages/airflow/example_dags/subdags/subdag.py for tasks to queue
[2022-08-21 16:44:34,830] {logging_mixin.py:115} INFO - [2022-08-21 16:44:34,830] {dagbag.py:508} INFO - Filling up the DagBag from /Users/abhaymone/src/dev/sand/MANAGE-GMAIL/venv/lib/python3.9/site-packages/airflow/example_dags/subdags/subdag.py
[2022-08-21 16:44:34,834] {processor.py:653} WARNING - No viable dags retrieved from /Users/abhaymone/src/dev/sand/MANAGE-GMAIL/venv/lib/python3.9/site-packages/airflow/example_dags/subdags/subdag.py
[2022-08-21 16:44:34,869] {processor.py:161} INFO - Processing /Users/abhaymone/src/dev/sand/MANAGE-GMAIL/venv/lib/python3.9/site-packages/airflow/example_dags/subdags/subdag.py took 0.046 seconds
[2022-08-21 16:45:32,295] {processor.py:153} INFO - Started process (PID=4345) to work on /Users/abhaymone/src/dev/sand/MANAGE-GMAIL/venv/lib/python3.9/site-packages/airflow/example_dags/subdags/subdag.py
[2022-08-21 16:45:32,295] {processor.py:641} INFO - Processing file /Users/abhaymone/src/dev/sand/MANAGE-GMAIL/venv/lib/python3.9/site-packages/airflow/example_dags/subdags/subdag.py for tasks to queue
[2022-08-21 16:45:32,295] {logging_mixin.py:115} INFO - [2022-08-21 16:45:32,295] {dagbag.py:508} INFO - Filling up the DagBag from /Users/abhaymone/src/dev/sand/MANAGE-GMAIL/venv/lib/python3.9/site-packages/airflow/example_dags/subdags/subdag.py
[2022-08-21 16:45:32,297] {processor.py:653} WARNING - No viable dags retrieved from /Users/abhaymone/src/dev/sand/MANAGE-GMAIL/venv/lib/python3.9/site-packages/airflow/example_dags/subdags/subdag.py
[2022-08-21 16:45:32,327] {processor.py:161} INFO - Processing /Users/abhaymone/src/dev/sand/MANAGE-GMAIL/venv/lib/python3.9/site-packages/airflow/example_dags/subdags/subdag.py took 0.033 seconds
[2022-08-21 16:46:27,680] {processor.py:153} INFO - Started process (PID=4455) to work on /Users/abhaymone/src/dev/sand/MANAGE-GMAIL/venv/lib/python3.9/site-packages/airflow/example_dags/subdags/subdag.py
[2022-08-21 16:46:27,686] {processor.py:641} INFO - Processing file /Users/abhaymone/src/dev/sand/MANAGE-GMAIL/venv/lib/python3.9/site-packages/airflow/example_dags/subdags/subdag.py for tasks to queue
[2022-08-21 16:46:27,686] {logging_mixin.py:115} INFO - [2022-08-21 16:46:27,686] {dagbag.py:508} INFO - Filling up the DagBag from /Users/abhaymone/src/dev/sand/MANAGE-GMAIL/venv/lib/python3.9/site-packages/airflow/example_dags/subdags/subdag.py
[2022-08-21 16:46:27,689] {processor.py:653} WARNING - No viable dags retrieved from /Users/abhaymone/src/dev/sand/MANAGE-GMAIL/venv/lib/python3.9/site-packages/airflow/example_dags/subdags/subdag.py
[2022-08-21 16:46:27,732] {processor.py:161} INFO - Processing /Users/abhaymone/src/dev/sand/MANAGE-GMAIL/venv/lib/python3.9/site-packages/airflow/example_dags/subdags/subdag.py took 0.052 seconds
[2022-08-21 16:47:27,397] {processor.py:153} INFO - Started process (PID=4553) to work on /Users/abhaymone/src/dev/sand/MANAGE-GMAIL/venv/lib/python3.9/site-packages/airflow/example_dags/subdags/subdag.py
[2022-08-21 16:47:27,403] {processor.py:641} INFO - Processing file /Users/abhaymone/src/dev/sand/MANAGE-GMAIL/venv/lib/python3.9/site-packages/airflow/example_dags/subdags/subdag.py for tasks to queue
[2022-08-21 16:47:27,404] {logging_mixin.py:115} INFO - [2022-08-21 16:47:27,404] {dagbag.py:508} INFO - Filling up the DagBag from /Users/abhaymone/src/dev/sand/MANAGE-GMAIL/venv/lib/python3.9/site-packages/airflow/example_dags/subdags/subdag.py
[2022-08-21 16:47:27,407] {processor.py:653} WARNING - No viable dags retrieved from /Users/abhaymone/src/dev/sand/MANAGE-GMAIL/venv/lib/python3.9/site-packages/airflow/example_dags/subdags/subdag.py
[2022-08-21 16:47:27,447] {processor.py:161} INFO - Processing /Users/abhaymone/src/dev/sand/MANAGE-GMAIL/venv/lib/python3.9/site-packages/airflow/example_dags/subdags/subdag.py took 0.050 seconds
[2022-08-21 16:48:02,412] {processor.py:153} INFO - Started process (PID=4571) to work on /Users/abhaymone/src/dev/sand/MANAGE-GMAIL/venv/lib/python3.9/site-packages/airflow/example_dags/subdags/subdag.py
[2022-08-21 16:48:02,414] {processor.py:641} INFO - Processing file /Users/abhaymone/src/dev/sand/MANAGE-GMAIL/venv/lib/python3.9/site-packages/airflow/example_dags/subdags/subdag.py for tasks to queue
[2022-08-21 16:48:02,415] {logging_mixin.py:115} INFO - [2022-08-21 16:48:02,414] {dagbag.py:508} INFO - Filling up the DagBag from /Users/abhaymone/src/dev/sand/MANAGE-GMAIL/venv/lib/python3.9/site-packages/airflow/example_dags/subdags/subdag.py
[2022-08-21 16:48:02,432] {processor.py:653} WARNING - No viable dags retrieved from /Users/abhaymone/src/dev/sand/MANAGE-GMAIL/venv/lib/python3.9/site-packages/airflow/example_dags/subdags/subdag.py
[2022-08-21 16:48:02,528] {processor.py:161} INFO - Processing /Users/abhaymone/src/dev/sand/MANAGE-GMAIL/venv/lib/python3.9/site-packages/airflow/example_dags/subdags/subdag.py took 0.117 seconds
[2022-08-21 16:48:36,576] {processor.py:153} INFO - Started process (PID=4600) to work on /Users/abhaymone/src/dev/sand/MANAGE-GMAIL/venv/lib/python3.9/site-packages/airflow/example_dags/subdags/subdag.py
[2022-08-21 16:48:36,576] {processor.py:641} INFO - Processing file /Users/abhaymone/src/dev/sand/MANAGE-GMAIL/venv/lib/python3.9/site-packages/airflow/example_dags/subdags/subdag.py for tasks to queue
[2022-08-21 16:48:36,577] {logging_mixin.py:115} INFO - [2022-08-21 16:48:36,577] {dagbag.py:508} INFO - Filling up the DagBag from /Users/abhaymone/src/dev/sand/MANAGE-GMAIL/venv/lib/python3.9/site-packages/airflow/example_dags/subdags/subdag.py
[2022-08-21 16:48:36,580] {processor.py:653} WARNING - No viable dags retrieved from /Users/abhaymone/src/dev/sand/MANAGE-GMAIL/venv/lib/python3.9/site-packages/airflow/example_dags/subdags/subdag.py
[2022-08-21 16:48:36,614] {processor.py:161} INFO - Processing /Users/abhaymone/src/dev/sand/MANAGE-GMAIL/venv/lib/python3.9/site-packages/airflow/example_dags/subdags/subdag.py took 0.039 seconds
[2022-08-21 16:49:09,799] {processor.py:153} INFO - Started process (PID=4623) to work on /Users/abhaymone/src/dev/sand/MANAGE-GMAIL/venv/lib/python3.9/site-packages/airflow/example_dags/subdags/subdag.py
[2022-08-21 16:49:09,801] {processor.py:641} INFO - Processing file /Users/abhaymone/src/dev/sand/MANAGE-GMAIL/venv/lib/python3.9/site-packages/airflow/example_dags/subdags/subdag.py for tasks to queue
[2022-08-21 16:49:09,801] {logging_mixin.py:115} INFO - [2022-08-21 16:49:09,801] {dagbag.py:508} INFO - Filling up the DagBag from /Users/abhaymone/src/dev/sand/MANAGE-GMAIL/venv/lib/python3.9/site-packages/airflow/example_dags/subdags/subdag.py
[2022-08-21 16:49:09,820] {processor.py:653} WARNING - No viable dags retrieved from /Users/abhaymone/src/dev/sand/MANAGE-GMAIL/venv/lib/python3.9/site-packages/airflow/example_dags/subdags/subdag.py
[2022-08-21 16:49:09,857] {processor.py:161} INFO - Processing /Users/abhaymone/src/dev/sand/MANAGE-GMAIL/venv/lib/python3.9/site-packages/airflow/example_dags/subdags/subdag.py took 0.058 seconds
[2022-08-21 16:50:08,988] {processor.py:153} INFO - Started process (PID=4662) to work on /Users/abhaymone/src/dev/sand/MANAGE-GMAIL/venv/lib/python3.9/site-packages/airflow/example_dags/subdags/subdag.py
[2022-08-21 16:50:08,997] {processor.py:641} INFO - Processing file /Users/abhaymone/src/dev/sand/MANAGE-GMAIL/venv/lib/python3.9/site-packages/airflow/example_dags/subdags/subdag.py for tasks to queue
[2022-08-21 16:50:08,997] {logging_mixin.py:115} INFO - [2022-08-21 16:50:08,997] {dagbag.py:508} INFO - Filling up the DagBag from /Users/abhaymone/src/dev/sand/MANAGE-GMAIL/venv/lib/python3.9/site-packages/airflow/example_dags/subdags/subdag.py
[2022-08-21 16:50:09,001] {processor.py:653} WARNING - No viable dags retrieved from /Users/abhaymone/src/dev/sand/MANAGE-GMAIL/venv/lib/python3.9/site-packages/airflow/example_dags/subdags/subdag.py
[2022-08-21 16:50:09,048] {processor.py:161} INFO - Processing /Users/abhaymone/src/dev/sand/MANAGE-GMAIL/venv/lib/python3.9/site-packages/airflow/example_dags/subdags/subdag.py took 0.061 seconds
[2022-08-21 16:50:42,171] {processor.py:153} INFO - Started process (PID=4687) to work on /Users/abhaymone/src/dev/sand/MANAGE-GMAIL/venv/lib/python3.9/site-packages/airflow/example_dags/subdags/subdag.py
[2022-08-21 16:50:42,177] {processor.py:641} INFO - Processing file /Users/abhaymone/src/dev/sand/MANAGE-GMAIL/venv/lib/python3.9/site-packages/airflow/example_dags/subdags/subdag.py for tasks to queue
[2022-08-21 16:50:42,178] {logging_mixin.py:115} INFO - [2022-08-21 16:50:42,178] {dagbag.py:508} INFO - Filling up the DagBag from /Users/abhaymone/src/dev/sand/MANAGE-GMAIL/venv/lib/python3.9/site-packages/airflow/example_dags/subdags/subdag.py
[2022-08-21 16:50:42,182] {processor.py:653} WARNING - No viable dags retrieved from /Users/abhaymone/src/dev/sand/MANAGE-GMAIL/venv/lib/python3.9/site-packages/airflow/example_dags/subdags/subdag.py
[2022-08-21 16:50:42,216] {processor.py:161} INFO - Processing /Users/abhaymone/src/dev/sand/MANAGE-GMAIL/venv/lib/python3.9/site-packages/airflow/example_dags/subdags/subdag.py took 0.045 seconds
[2022-08-21 16:51:40,898] {processor.py:153} INFO - Started process (PID=4799) to work on /Users/abhaymone/src/dev/sand/MANAGE-GMAIL/venv/lib/python3.9/site-packages/airflow/example_dags/subdags/subdag.py
[2022-08-21 16:51:40,902] {processor.py:641} INFO - Processing file /Users/abhaymone/src/dev/sand/MANAGE-GMAIL/venv/lib/python3.9/site-packages/airflow/example_dags/subdags/subdag.py for tasks to queue
[2022-08-21 16:51:40,903] {logging_mixin.py:115} INFO - [2022-08-21 16:51:40,903] {dagbag.py:508} INFO - Filling up the DagBag from /Users/abhaymone/src/dev/sand/MANAGE-GMAIL/venv/lib/python3.9/site-packages/airflow/example_dags/subdags/subdag.py
[2022-08-21 16:51:40,909] {processor.py:653} WARNING - No viable dags retrieved from /Users/abhaymone/src/dev/sand/MANAGE-GMAIL/venv/lib/python3.9/site-packages/airflow/example_dags/subdags/subdag.py
[2022-08-21 16:51:40,958] {processor.py:161} INFO - Processing /Users/abhaymone/src/dev/sand/MANAGE-GMAIL/venv/lib/python3.9/site-packages/airflow/example_dags/subdags/subdag.py took 0.060 seconds
[2022-08-21 16:52:35,810] {processor.py:153} INFO - Started process (PID=5017) to work on /Users/abhaymone/src/dev/sand/MANAGE-GMAIL/venv/lib/python3.9/site-packages/airflow/example_dags/subdags/subdag.py
[2022-08-21 16:52:35,810] {processor.py:641} INFO - Processing file /Users/abhaymone/src/dev/sand/MANAGE-GMAIL/venv/lib/python3.9/site-packages/airflow/example_dags/subdags/subdag.py for tasks to queue
[2022-08-21 16:52:35,811] {logging_mixin.py:115} INFO - [2022-08-21 16:52:35,810] {dagbag.py:508} INFO - Filling up the DagBag from /Users/abhaymone/src/dev/sand/MANAGE-GMAIL/venv/lib/python3.9/site-packages/airflow/example_dags/subdags/subdag.py
[2022-08-21 16:52:35,812] {processor.py:653} WARNING - No viable dags retrieved from /Users/abhaymone/src/dev/sand/MANAGE-GMAIL/venv/lib/python3.9/site-packages/airflow/example_dags/subdags/subdag.py
[2022-08-21 16:52:35,842] {processor.py:161} INFO - Processing /Users/abhaymone/src/dev/sand/MANAGE-GMAIL/venv/lib/python3.9/site-packages/airflow/example_dags/subdags/subdag.py took 0.033 seconds
[2022-08-21 16:53:39,066] {processor.py:153} INFO - Started process (PID=5140) to work on /Users/abhaymone/src/dev/sand/MANAGE-GMAIL/venv/lib/python3.9/site-packages/airflow/example_dags/subdags/subdag.py
[2022-08-21 16:53:39,066] {processor.py:641} INFO - Processing file /Users/abhaymone/src/dev/sand/MANAGE-GMAIL/venv/lib/python3.9/site-packages/airflow/example_dags/subdags/subdag.py for tasks to queue
[2022-08-21 16:53:39,066] {logging_mixin.py:115} INFO - [2022-08-21 16:53:39,066] {dagbag.py:508} INFO - Filling up the DagBag from /Users/abhaymone/src/dev/sand/MANAGE-GMAIL/venv/lib/python3.9/site-packages/airflow/example_dags/subdags/subdag.py
[2022-08-21 16:53:39,067] {processor.py:653} WARNING - No viable dags retrieved from /Users/abhaymone/src/dev/sand/MANAGE-GMAIL/venv/lib/python3.9/site-packages/airflow/example_dags/subdags/subdag.py
[2022-08-21 16:53:39,099] {processor.py:161} INFO - Processing /Users/abhaymone/src/dev/sand/MANAGE-GMAIL/venv/lib/python3.9/site-packages/airflow/example_dags/subdags/subdag.py took 0.034 seconds
[2022-08-21 16:54:10,750] {processor.py:153} INFO - Started process (PID=5164) to work on /Users/abhaymone/src/dev/sand/MANAGE-GMAIL/venv/lib/python3.9/site-packages/airflow/example_dags/subdags/subdag.py
[2022-08-21 16:54:10,750] {processor.py:641} INFO - Processing file /Users/abhaymone/src/dev/sand/MANAGE-GMAIL/venv/lib/python3.9/site-packages/airflow/example_dags/subdags/subdag.py for tasks to queue
[2022-08-21 16:54:10,751] {logging_mixin.py:115} INFO - [2022-08-21 16:54:10,751] {dagbag.py:508} INFO - Filling up the DagBag from /Users/abhaymone/src/dev/sand/MANAGE-GMAIL/venv/lib/python3.9/site-packages/airflow/example_dags/subdags/subdag.py
[2022-08-21 16:54:10,752] {processor.py:653} WARNING - No viable dags retrieved from /Users/abhaymone/src/dev/sand/MANAGE-GMAIL/venv/lib/python3.9/site-packages/airflow/example_dags/subdags/subdag.py
[2022-08-21 16:54:10,785] {processor.py:161} INFO - Processing /Users/abhaymone/src/dev/sand/MANAGE-GMAIL/venv/lib/python3.9/site-packages/airflow/example_dags/subdags/subdag.py took 0.035 seconds
[2022-08-21 16:55:14,429] {processor.py:153} INFO - Started process (PID=5228) to work on /Users/abhaymone/src/dev/sand/MANAGE-GMAIL/venv/lib/python3.9/site-packages/airflow/example_dags/subdags/subdag.py
[2022-08-21 16:55:14,436] {processor.py:641} INFO - Processing file /Users/abhaymone/src/dev/sand/MANAGE-GMAIL/venv/lib/python3.9/site-packages/airflow/example_dags/subdags/subdag.py for tasks to queue
[2022-08-21 16:55:14,436] {logging_mixin.py:115} INFO - [2022-08-21 16:55:14,436] {dagbag.py:508} INFO - Filling up the DagBag from /Users/abhaymone/src/dev/sand/MANAGE-GMAIL/venv/lib/python3.9/site-packages/airflow/example_dags/subdags/subdag.py
[2022-08-21 16:55:14,439] {processor.py:653} WARNING - No viable dags retrieved from /Users/abhaymone/src/dev/sand/MANAGE-GMAIL/venv/lib/python3.9/site-packages/airflow/example_dags/subdags/subdag.py
[2022-08-21 16:55:14,479] {processor.py:161} INFO - Processing /Users/abhaymone/src/dev/sand/MANAGE-GMAIL/venv/lib/python3.9/site-packages/airflow/example_dags/subdags/subdag.py took 0.050 seconds
