[2022-08-21 16:13:56,098] {processor.py:153} INFO - Started process (PID=3323) to work on /Users/abhaymone/src/dev/sand/MANAGE-GMAIL/venv/lib/python3.9/site-packages/airflow/example_dags/plugins/workday.py
[2022-08-21 16:13:56,098] {processor.py:641} INFO - Processing file /Users/abhaymone/src/dev/sand/MANAGE-GMAIL/venv/lib/python3.9/site-packages/airflow/example_dags/plugins/workday.py for tasks to queue
[2022-08-21 16:13:56,098] {logging_mixin.py:115} INFO - [2022-08-21 16:13:56,098] {dagbag.py:508} INFO - Filling up the DagBag from /Users/abhaymone/src/dev/sand/MANAGE-GMAIL/venv/lib/python3.9/site-packages/airflow/example_dags/plugins/workday.py
[2022-08-21 16:13:56,099] {processor.py:653} WARNING - No viable dags retrieved from /Users/abhaymone/src/dev/sand/MANAGE-GMAIL/venv/lib/python3.9/site-packages/airflow/example_dags/plugins/workday.py
[2022-08-21 16:13:56,129] {processor.py:161} INFO - Processing /Users/abhaymone/src/dev/sand/MANAGE-GMAIL/venv/lib/python3.9/site-packages/airflow/example_dags/plugins/workday.py took 0.032 seconds
[2022-08-21 16:15:24,199] {processor.py:153} INFO - Started process (PID=3407) to work on /Users/abhaymone/src/dev/sand/MANAGE-GMAIL/venv/lib/python3.9/site-packages/airflow/example_dags/plugins/workday.py
[2022-08-21 16:15:24,205] {processor.py:641} INFO - Processing file /Users/abhaymone/src/dev/sand/MANAGE-GMAIL/venv/lib/python3.9/site-packages/airflow/example_dags/plugins/workday.py for tasks to queue
[2022-08-21 16:15:24,206] {logging_mixin.py:115} INFO - [2022-08-21 16:15:24,206] {dagbag.py:508} INFO - Filling up the DagBag from /Users/abhaymone/src/dev/sand/MANAGE-GMAIL/venv/lib/python3.9/site-packages/airflow/example_dags/plugins/workday.py
[2022-08-21 16:15:24,209] {processor.py:653} WARNING - No viable dags retrieved from /Users/abhaymone/src/dev/sand/MANAGE-GMAIL/venv/lib/python3.9/site-packages/airflow/example_dags/plugins/workday.py
[2022-08-21 16:15:24,243] {processor.py:161} INFO - Processing /Users/abhaymone/src/dev/sand/MANAGE-GMAIL/venv/lib/python3.9/site-packages/airflow/example_dags/plugins/workday.py took 0.044 seconds
[2022-08-21 16:16:01,418] {processor.py:153} INFO - Started process (PID=3433) to work on /Users/abhaymone/src/dev/sand/MANAGE-GMAIL/venv/lib/python3.9/site-packages/airflow/example_dags/plugins/workday.py
[2022-08-21 16:16:01,424] {processor.py:641} INFO - Processing file /Users/abhaymone/src/dev/sand/MANAGE-GMAIL/venv/lib/python3.9/site-packages/airflow/example_dags/plugins/workday.py for tasks to queue
[2022-08-21 16:16:01,425] {logging_mixin.py:115} INFO - [2022-08-21 16:16:01,425] {dagbag.py:508} INFO - Filling up the DagBag from /Users/abhaymone/src/dev/sand/MANAGE-GMAIL/venv/lib/python3.9/site-packages/airflow/example_dags/plugins/workday.py
[2022-08-21 16:16:01,428] {processor.py:653} WARNING - No viable dags retrieved from /Users/abhaymone/src/dev/sand/MANAGE-GMAIL/venv/lib/python3.9/site-packages/airflow/example_dags/plugins/workday.py
[2022-08-21 16:16:01,462] {processor.py:161} INFO - Processing /Users/abhaymone/src/dev/sand/MANAGE-GMAIL/venv/lib/python3.9/site-packages/airflow/example_dags/plugins/workday.py took 0.044 seconds
[2022-08-21 16:16:57,462] {processor.py:153} INFO - Started process (PID=3467) to work on /Users/abhaymone/src/dev/sand/MANAGE-GMAIL/venv/lib/python3.9/site-packages/airflow/example_dags/plugins/workday.py
[2022-08-21 16:16:57,462] {processor.py:641} INFO - Processing file /Users/abhaymone/src/dev/sand/MANAGE-GMAIL/venv/lib/python3.9/site-packages/airflow/example_dags/plugins/workday.py for tasks to queue
[2022-08-21 16:16:57,462] {logging_mixin.py:115} INFO - [2022-08-21 16:16:57,462] {dagbag.py:508} INFO - Filling up the DagBag from /Users/abhaymone/src/dev/sand/MANAGE-GMAIL/venv/lib/python3.9/site-packages/airflow/example_dags/plugins/workday.py
[2022-08-21 16:16:57,463] {processor.py:653} WARNING - No viable dags retrieved from /Users/abhaymone/src/dev/sand/MANAGE-GMAIL/venv/lib/python3.9/site-packages/airflow/example_dags/plugins/workday.py
[2022-08-21 16:16:57,493] {processor.py:161} INFO - Processing /Users/abhaymone/src/dev/sand/MANAGE-GMAIL/venv/lib/python3.9/site-packages/airflow/example_dags/plugins/workday.py took 0.032 seconds
[2022-08-21 16:28:03,488] {processor.py:153} INFO - Started process (PID=3535) to work on /Users/abhaymone/src/dev/sand/MANAGE-GMAIL/venv/lib/python3.9/site-packages/airflow/example_dags/plugins/workday.py
[2022-08-21 16:28:03,488] {processor.py:641} INFO - Processing file /Users/abhaymone/src/dev/sand/MANAGE-GMAIL/venv/lib/python3.9/site-packages/airflow/example_dags/plugins/workday.py for tasks to queue
[2022-08-21 16:28:03,489] {logging_mixin.py:115} INFO - [2022-08-21 16:28:03,489] {dagbag.py:508} INFO - Filling up the DagBag from /Users/abhaymone/src/dev/sand/MANAGE-GMAIL/venv/lib/python3.9/site-packages/airflow/example_dags/plugins/workday.py
[2022-08-21 16:28:03,491] {processor.py:653} WARNING - No viable dags retrieved from /Users/abhaymone/src/dev/sand/MANAGE-GMAIL/venv/lib/python3.9/site-packages/airflow/example_dags/plugins/workday.py
[2022-08-21 16:28:03,522] {processor.py:161} INFO - Processing /Users/abhaymone/src/dev/sand/MANAGE-GMAIL/venv/lib/python3.9/site-packages/airflow/example_dags/plugins/workday.py took 0.034 seconds
[2022-08-21 16:28:57,483] {processor.py:153} INFO - Started process (PID=3572) to work on /Users/abhaymone/src/dev/sand/MANAGE-GMAIL/venv/lib/python3.9/site-packages/airflow/example_dags/plugins/workday.py
[2022-08-21 16:28:57,483] {processor.py:641} INFO - Processing file /Users/abhaymone/src/dev/sand/MANAGE-GMAIL/venv/lib/python3.9/site-packages/airflow/example_dags/plugins/workday.py for tasks to queue
[2022-08-21 16:28:57,484] {logging_mixin.py:115} INFO - [2022-08-21 16:28:57,484] {dagbag.py:508} INFO - Filling up the DagBag from /Users/abhaymone/src/dev/sand/MANAGE-GMAIL/venv/lib/python3.9/site-packages/airflow/example_dags/plugins/workday.py
[2022-08-21 16:28:57,484] {processor.py:653} WARNING - No viable dags retrieved from /Users/abhaymone/src/dev/sand/MANAGE-GMAIL/venv/lib/python3.9/site-packages/airflow/example_dags/plugins/workday.py
[2022-08-21 16:28:57,515] {processor.py:161} INFO - Processing /Users/abhaymone/src/dev/sand/MANAGE-GMAIL/venv/lib/python3.9/site-packages/airflow/example_dags/plugins/workday.py took 0.032 seconds
[2022-08-21 16:29:50,884] {processor.py:153} INFO - Started process (PID=3606) to work on /Users/abhaymone/src/dev/sand/MANAGE-GMAIL/venv/lib/python3.9/site-packages/airflow/example_dags/plugins/workday.py
[2022-08-21 16:29:50,884] {processor.py:641} INFO - Processing file /Users/abhaymone/src/dev/sand/MANAGE-GMAIL/venv/lib/python3.9/site-packages/airflow/example_dags/plugins/workday.py for tasks to queue
[2022-08-21 16:29:50,884] {logging_mixin.py:115} INFO - [2022-08-21 16:29:50,884] {dagbag.py:508} INFO - Filling up the DagBag from /Users/abhaymone/src/dev/sand/MANAGE-GMAIL/venv/lib/python3.9/site-packages/airflow/example_dags/plugins/workday.py
[2022-08-21 16:29:50,885] {processor.py:653} WARNING - No viable dags retrieved from /Users/abhaymone/src/dev/sand/MANAGE-GMAIL/venv/lib/python3.9/site-packages/airflow/example_dags/plugins/workday.py
[2022-08-21 16:29:50,920] {processor.py:161} INFO - Processing /Users/abhaymone/src/dev/sand/MANAGE-GMAIL/venv/lib/python3.9/site-packages/airflow/example_dags/plugins/workday.py took 0.037 seconds
[2022-08-21 16:30:49,636] {processor.py:153} INFO - Started process (PID=3641) to work on /Users/abhaymone/src/dev/sand/MANAGE-GMAIL/venv/lib/python3.9/site-packages/airflow/example_dags/plugins/workday.py
[2022-08-21 16:30:49,642] {processor.py:641} INFO - Processing file /Users/abhaymone/src/dev/sand/MANAGE-GMAIL/venv/lib/python3.9/site-packages/airflow/example_dags/plugins/workday.py for tasks to queue
[2022-08-21 16:30:49,642] {logging_mixin.py:115} INFO - [2022-08-21 16:30:49,642] {dagbag.py:508} INFO - Filling up the DagBag from /Users/abhaymone/src/dev/sand/MANAGE-GMAIL/venv/lib/python3.9/site-packages/airflow/example_dags/plugins/workday.py
[2022-08-21 16:30:49,645] {processor.py:653} WARNING - No viable dags retrieved from /Users/abhaymone/src/dev/sand/MANAGE-GMAIL/venv/lib/python3.9/site-packages/airflow/example_dags/plugins/workday.py
[2022-08-21 16:30:49,687] {processor.py:161} INFO - Processing /Users/abhaymone/src/dev/sand/MANAGE-GMAIL/venv/lib/python3.9/site-packages/airflow/example_dags/plugins/workday.py took 0.052 seconds
[2022-08-21 16:31:25,176] {processor.py:153} INFO - Started process (PID=3659) to work on /Users/abhaymone/src/dev/sand/MANAGE-GMAIL/venv/lib/python3.9/site-packages/airflow/example_dags/plugins/workday.py
[2022-08-21 16:31:25,176] {processor.py:641} INFO - Processing file /Users/abhaymone/src/dev/sand/MANAGE-GMAIL/venv/lib/python3.9/site-packages/airflow/example_dags/plugins/workday.py for tasks to queue
[2022-08-21 16:31:25,176] {logging_mixin.py:115} INFO - [2022-08-21 16:31:25,176] {dagbag.py:508} INFO - Filling up the DagBag from /Users/abhaymone/src/dev/sand/MANAGE-GMAIL/venv/lib/python3.9/site-packages/airflow/example_dags/plugins/workday.py
[2022-08-21 16:31:25,183] {processor.py:653} WARNING - No viable dags retrieved from /Users/abhaymone/src/dev/sand/MANAGE-GMAIL/venv/lib/python3.9/site-packages/airflow/example_dags/plugins/workday.py
[2022-08-21 16:31:25,218] {processor.py:161} INFO - Processing /Users/abhaymone/src/dev/sand/MANAGE-GMAIL/venv/lib/python3.9/site-packages/airflow/example_dags/plugins/workday.py took 0.043 seconds
[2022-08-21 16:31:58,901] {processor.py:153} INFO - Started process (PID=3685) to work on /Users/abhaymone/src/dev/sand/MANAGE-GMAIL/venv/lib/python3.9/site-packages/airflow/example_dags/plugins/workday.py
[2022-08-21 16:31:58,906] {processor.py:641} INFO - Processing file /Users/abhaymone/src/dev/sand/MANAGE-GMAIL/venv/lib/python3.9/site-packages/airflow/example_dags/plugins/workday.py for tasks to queue
[2022-08-21 16:31:58,907] {logging_mixin.py:115} INFO - [2022-08-21 16:31:58,907] {dagbag.py:508} INFO - Filling up the DagBag from /Users/abhaymone/src/dev/sand/MANAGE-GMAIL/venv/lib/python3.9/site-packages/airflow/example_dags/plugins/workday.py
[2022-08-21 16:31:58,910] {processor.py:653} WARNING - No viable dags retrieved from /Users/abhaymone/src/dev/sand/MANAGE-GMAIL/venv/lib/python3.9/site-packages/airflow/example_dags/plugins/workday.py
[2022-08-21 16:31:58,946] {processor.py:161} INFO - Processing /Users/abhaymone/src/dev/sand/MANAGE-GMAIL/venv/lib/python3.9/site-packages/airflow/example_dags/plugins/workday.py took 0.045 seconds
[2022-08-21 16:32:57,072] {processor.py:153} INFO - Started process (PID=3723) to work on /Users/abhaymone/src/dev/sand/MANAGE-GMAIL/venv/lib/python3.9/site-packages/airflow/example_dags/plugins/workday.py
[2022-08-21 16:32:57,077] {processor.py:641} INFO - Processing file /Users/abhaymone/src/dev/sand/MANAGE-GMAIL/venv/lib/python3.9/site-packages/airflow/example_dags/plugins/workday.py for tasks to queue
[2022-08-21 16:32:57,078] {logging_mixin.py:115} INFO - [2022-08-21 16:32:57,078] {dagbag.py:508} INFO - Filling up the DagBag from /Users/abhaymone/src/dev/sand/MANAGE-GMAIL/venv/lib/python3.9/site-packages/airflow/example_dags/plugins/workday.py
[2022-08-21 16:32:57,079] {processor.py:653} WARNING - No viable dags retrieved from /Users/abhaymone/src/dev/sand/MANAGE-GMAIL/venv/lib/python3.9/site-packages/airflow/example_dags/plugins/workday.py
[2022-08-21 16:32:57,115] {processor.py:161} INFO - Processing /Users/abhaymone/src/dev/sand/MANAGE-GMAIL/venv/lib/python3.9/site-packages/airflow/example_dags/plugins/workday.py took 0.044 seconds
[2022-08-21 16:33:57,668] {processor.py:153} INFO - Started process (PID=3761) to work on /Users/abhaymone/src/dev/sand/MANAGE-GMAIL/venv/lib/python3.9/site-packages/airflow/example_dags/plugins/workday.py
[2022-08-21 16:33:57,674] {processor.py:641} INFO - Processing file /Users/abhaymone/src/dev/sand/MANAGE-GMAIL/venv/lib/python3.9/site-packages/airflow/example_dags/plugins/workday.py for tasks to queue
[2022-08-21 16:33:57,675] {logging_mixin.py:115} INFO - [2022-08-21 16:33:57,674] {dagbag.py:508} INFO - Filling up the DagBag from /Users/abhaymone/src/dev/sand/MANAGE-GMAIL/venv/lib/python3.9/site-packages/airflow/example_dags/plugins/workday.py
[2022-08-21 16:33:57,678] {processor.py:653} WARNING - No viable dags retrieved from /Users/abhaymone/src/dev/sand/MANAGE-GMAIL/venv/lib/python3.9/site-packages/airflow/example_dags/plugins/workday.py
[2022-08-21 16:33:57,718] {processor.py:161} INFO - Processing /Users/abhaymone/src/dev/sand/MANAGE-GMAIL/venv/lib/python3.9/site-packages/airflow/example_dags/plugins/workday.py took 0.052 seconds
[2022-08-21 16:34:58,777] {processor.py:153} INFO - Started process (PID=3795) to work on /Users/abhaymone/src/dev/sand/MANAGE-GMAIL/venv/lib/python3.9/site-packages/airflow/example_dags/plugins/workday.py
[2022-08-21 16:34:58,782] {processor.py:641} INFO - Processing file /Users/abhaymone/src/dev/sand/MANAGE-GMAIL/venv/lib/python3.9/site-packages/airflow/example_dags/plugins/workday.py for tasks to queue
[2022-08-21 16:34:58,783] {logging_mixin.py:115} INFO - [2022-08-21 16:34:58,783] {dagbag.py:508} INFO - Filling up the DagBag from /Users/abhaymone/src/dev/sand/MANAGE-GMAIL/venv/lib/python3.9/site-packages/airflow/example_dags/plugins/workday.py
[2022-08-21 16:34:58,784] {processor.py:653} WARNING - No viable dags retrieved from /Users/abhaymone/src/dev/sand/MANAGE-GMAIL/venv/lib/python3.9/site-packages/airflow/example_dags/plugins/workday.py
[2022-08-21 16:34:58,819] {processor.py:161} INFO - Processing /Users/abhaymone/src/dev/sand/MANAGE-GMAIL/venv/lib/python3.9/site-packages/airflow/example_dags/plugins/workday.py took 0.043 seconds
[2022-08-21 16:35:55,080] {processor.py:153} INFO - Started process (PID=3832) to work on /Users/abhaymone/src/dev/sand/MANAGE-GMAIL/venv/lib/python3.9/site-packages/airflow/example_dags/plugins/workday.py
[2022-08-21 16:35:55,085] {processor.py:641} INFO - Processing file /Users/abhaymone/src/dev/sand/MANAGE-GMAIL/venv/lib/python3.9/site-packages/airflow/example_dags/plugins/workday.py for tasks to queue
[2022-08-21 16:35:55,086] {logging_mixin.py:115} INFO - [2022-08-21 16:35:55,085] {dagbag.py:508} INFO - Filling up the DagBag from /Users/abhaymone/src/dev/sand/MANAGE-GMAIL/venv/lib/python3.9/site-packages/airflow/example_dags/plugins/workday.py
[2022-08-21 16:35:55,088] {processor.py:653} WARNING - No viable dags retrieved from /Users/abhaymone/src/dev/sand/MANAGE-GMAIL/venv/lib/python3.9/site-packages/airflow/example_dags/plugins/workday.py
[2022-08-21 16:35:55,122] {processor.py:161} INFO - Processing /Users/abhaymone/src/dev/sand/MANAGE-GMAIL/venv/lib/python3.9/site-packages/airflow/example_dags/plugins/workday.py took 0.043 seconds
[2022-08-21 16:36:28,394] {processor.py:153} INFO - Started process (PID=3852) to work on /Users/abhaymone/src/dev/sand/MANAGE-GMAIL/venv/lib/python3.9/site-packages/airflow/example_dags/plugins/workday.py
[2022-08-21 16:36:28,394] {processor.py:641} INFO - Processing file /Users/abhaymone/src/dev/sand/MANAGE-GMAIL/venv/lib/python3.9/site-packages/airflow/example_dags/plugins/workday.py for tasks to queue
[2022-08-21 16:36:28,395] {logging_mixin.py:115} INFO - [2022-08-21 16:36:28,395] {dagbag.py:508} INFO - Filling up the DagBag from /Users/abhaymone/src/dev/sand/MANAGE-GMAIL/venv/lib/python3.9/site-packages/airflow/example_dags/plugins/workday.py
[2022-08-21 16:36:28,403] {processor.py:653} WARNING - No viable dags retrieved from /Users/abhaymone/src/dev/sand/MANAGE-GMAIL/venv/lib/python3.9/site-packages/airflow/example_dags/plugins/workday.py
[2022-08-21 16:36:28,438] {processor.py:161} INFO - Processing /Users/abhaymone/src/dev/sand/MANAGE-GMAIL/venv/lib/python3.9/site-packages/airflow/example_dags/plugins/workday.py took 0.044 seconds
[2022-08-21 16:37:26,285] {processor.py:153} INFO - Started process (PID=3886) to work on /Users/abhaymone/src/dev/sand/MANAGE-GMAIL/venv/lib/python3.9/site-packages/airflow/example_dags/plugins/workday.py
[2022-08-21 16:37:26,285] {processor.py:641} INFO - Processing file /Users/abhaymone/src/dev/sand/MANAGE-GMAIL/venv/lib/python3.9/site-packages/airflow/example_dags/plugins/workday.py for tasks to queue
[2022-08-21 16:37:26,285] {logging_mixin.py:115} INFO - [2022-08-21 16:37:26,285] {dagbag.py:508} INFO - Filling up the DagBag from /Users/abhaymone/src/dev/sand/MANAGE-GMAIL/venv/lib/python3.9/site-packages/airflow/example_dags/plugins/workday.py
[2022-08-21 16:37:26,286] {processor.py:653} WARNING - No viable dags retrieved from /Users/abhaymone/src/dev/sand/MANAGE-GMAIL/venv/lib/python3.9/site-packages/airflow/example_dags/plugins/workday.py
[2022-08-21 16:37:26,317] {processor.py:161} INFO - Processing /Users/abhaymone/src/dev/sand/MANAGE-GMAIL/venv/lib/python3.9/site-packages/airflow/example_dags/plugins/workday.py took 0.032 seconds
[2022-08-21 16:38:23,657] {processor.py:153} INFO - Started process (PID=3921) to work on /Users/abhaymone/src/dev/sand/MANAGE-GMAIL/venv/lib/python3.9/site-packages/airflow/example_dags/plugins/workday.py
[2022-08-21 16:38:23,657] {processor.py:641} INFO - Processing file /Users/abhaymone/src/dev/sand/MANAGE-GMAIL/venv/lib/python3.9/site-packages/airflow/example_dags/plugins/workday.py for tasks to queue
[2022-08-21 16:38:23,658] {logging_mixin.py:115} INFO - [2022-08-21 16:38:23,658] {dagbag.py:508} INFO - Filling up the DagBag from /Users/abhaymone/src/dev/sand/MANAGE-GMAIL/venv/lib/python3.9/site-packages/airflow/example_dags/plugins/workday.py
[2022-08-21 16:38:23,658] {processor.py:653} WARNING - No viable dags retrieved from /Users/abhaymone/src/dev/sand/MANAGE-GMAIL/venv/lib/python3.9/site-packages/airflow/example_dags/plugins/workday.py
[2022-08-21 16:38:23,690] {processor.py:161} INFO - Processing /Users/abhaymone/src/dev/sand/MANAGE-GMAIL/venv/lib/python3.9/site-packages/airflow/example_dags/plugins/workday.py took 0.033 seconds
[2022-08-21 16:39:26,881] {processor.py:153} INFO - Started process (PID=3960) to work on /Users/abhaymone/src/dev/sand/MANAGE-GMAIL/venv/lib/python3.9/site-packages/airflow/example_dags/plugins/workday.py
[2022-08-21 16:39:26,881] {processor.py:641} INFO - Processing file /Users/abhaymone/src/dev/sand/MANAGE-GMAIL/venv/lib/python3.9/site-packages/airflow/example_dags/plugins/workday.py for tasks to queue
[2022-08-21 16:39:26,882] {logging_mixin.py:115} INFO - [2022-08-21 16:39:26,882] {dagbag.py:508} INFO - Filling up the DagBag from /Users/abhaymone/src/dev/sand/MANAGE-GMAIL/venv/lib/python3.9/site-packages/airflow/example_dags/plugins/workday.py
[2022-08-21 16:39:26,890] {processor.py:653} WARNING - No viable dags retrieved from /Users/abhaymone/src/dev/sand/MANAGE-GMAIL/venv/lib/python3.9/site-packages/airflow/example_dags/plugins/workday.py
[2022-08-21 16:39:26,927] {processor.py:161} INFO - Processing /Users/abhaymone/src/dev/sand/MANAGE-GMAIL/venv/lib/python3.9/site-packages/airflow/example_dags/plugins/workday.py took 0.046 seconds
[2022-08-21 16:40:26,237] {processor.py:153} INFO - Started process (PID=3994) to work on /Users/abhaymone/src/dev/sand/MANAGE-GMAIL/venv/lib/python3.9/site-packages/airflow/example_dags/plugins/workday.py
[2022-08-21 16:40:26,238] {processor.py:641} INFO - Processing file /Users/abhaymone/src/dev/sand/MANAGE-GMAIL/venv/lib/python3.9/site-packages/airflow/example_dags/plugins/workday.py for tasks to queue
[2022-08-21 16:40:26,238] {logging_mixin.py:115} INFO - [2022-08-21 16:40:26,238] {dagbag.py:508} INFO - Filling up the DagBag from /Users/abhaymone/src/dev/sand/MANAGE-GMAIL/venv/lib/python3.9/site-packages/airflow/example_dags/plugins/workday.py
[2022-08-21 16:40:26,238] {processor.py:653} WARNING - No viable dags retrieved from /Users/abhaymone/src/dev/sand/MANAGE-GMAIL/venv/lib/python3.9/site-packages/airflow/example_dags/plugins/workday.py
[2022-08-21 16:40:26,272] {processor.py:161} INFO - Processing /Users/abhaymone/src/dev/sand/MANAGE-GMAIL/venv/lib/python3.9/site-packages/airflow/example_dags/plugins/workday.py took 0.036 seconds
[2022-08-21 16:41:28,959] {processor.py:153} INFO - Started process (PID=4032) to work on /Users/abhaymone/src/dev/sand/MANAGE-GMAIL/venv/lib/python3.9/site-packages/airflow/example_dags/plugins/workday.py
[2022-08-21 16:41:28,959] {processor.py:641} INFO - Processing file /Users/abhaymone/src/dev/sand/MANAGE-GMAIL/venv/lib/python3.9/site-packages/airflow/example_dags/plugins/workday.py for tasks to queue
[2022-08-21 16:41:28,959] {logging_mixin.py:115} INFO - [2022-08-21 16:41:28,959] {dagbag.py:508} INFO - Filling up the DagBag from /Users/abhaymone/src/dev/sand/MANAGE-GMAIL/venv/lib/python3.9/site-packages/airflow/example_dags/plugins/workday.py
[2022-08-21 16:41:28,967] {processor.py:653} WARNING - No viable dags retrieved from /Users/abhaymone/src/dev/sand/MANAGE-GMAIL/venv/lib/python3.9/site-packages/airflow/example_dags/plugins/workday.py
[2022-08-21 16:41:29,013] {processor.py:161} INFO - Processing /Users/abhaymone/src/dev/sand/MANAGE-GMAIL/venv/lib/python3.9/site-packages/airflow/example_dags/plugins/workday.py took 0.055 seconds
[2022-08-21 16:42:28,746] {processor.py:153} INFO - Started process (PID=4068) to work on /Users/abhaymone/src/dev/sand/MANAGE-GMAIL/venv/lib/python3.9/site-packages/airflow/example_dags/plugins/workday.py
[2022-08-21 16:42:28,747] {processor.py:641} INFO - Processing file /Users/abhaymone/src/dev/sand/MANAGE-GMAIL/venv/lib/python3.9/site-packages/airflow/example_dags/plugins/workday.py for tasks to queue
[2022-08-21 16:42:28,747] {logging_mixin.py:115} INFO - [2022-08-21 16:42:28,747] {dagbag.py:508} INFO - Filling up the DagBag from /Users/abhaymone/src/dev/sand/MANAGE-GMAIL/venv/lib/python3.9/site-packages/airflow/example_dags/plugins/workday.py
[2022-08-21 16:42:28,747] {processor.py:653} WARNING - No viable dags retrieved from /Users/abhaymone/src/dev/sand/MANAGE-GMAIL/venv/lib/python3.9/site-packages/airflow/example_dags/plugins/workday.py
[2022-08-21 16:42:28,780] {processor.py:161} INFO - Processing /Users/abhaymone/src/dev/sand/MANAGE-GMAIL/venv/lib/python3.9/site-packages/airflow/example_dags/plugins/workday.py took 0.034 seconds
[2022-08-21 16:43:32,378] {processor.py:153} INFO - Started process (PID=4122) to work on /Users/abhaymone/src/dev/sand/MANAGE-GMAIL/venv/lib/python3.9/site-packages/airflow/example_dags/plugins/workday.py
[2022-08-21 16:43:32,380] {processor.py:641} INFO - Processing file /Users/abhaymone/src/dev/sand/MANAGE-GMAIL/venv/lib/python3.9/site-packages/airflow/example_dags/plugins/workday.py for tasks to queue
[2022-08-21 16:43:32,381] {logging_mixin.py:115} INFO - [2022-08-21 16:43:32,381] {dagbag.py:508} INFO - Filling up the DagBag from /Users/abhaymone/src/dev/sand/MANAGE-GMAIL/venv/lib/python3.9/site-packages/airflow/example_dags/plugins/workday.py
[2022-08-21 16:43:32,383] {processor.py:653} WARNING - No viable dags retrieved from /Users/abhaymone/src/dev/sand/MANAGE-GMAIL/venv/lib/python3.9/site-packages/airflow/example_dags/plugins/workday.py
[2022-08-21 16:43:32,441] {processor.py:161} INFO - Processing /Users/abhaymone/src/dev/sand/MANAGE-GMAIL/venv/lib/python3.9/site-packages/airflow/example_dags/plugins/workday.py took 0.063 seconds
[2022-08-21 16:44:36,542] {processor.py:153} INFO - Started process (PID=4241) to work on /Users/abhaymone/src/dev/sand/MANAGE-GMAIL/venv/lib/python3.9/site-packages/airflow/example_dags/plugins/workday.py
[2022-08-21 16:44:36,548] {processor.py:641} INFO - Processing file /Users/abhaymone/src/dev/sand/MANAGE-GMAIL/venv/lib/python3.9/site-packages/airflow/example_dags/plugins/workday.py for tasks to queue
[2022-08-21 16:44:36,548] {logging_mixin.py:115} INFO - [2022-08-21 16:44:36,548] {dagbag.py:508} INFO - Filling up the DagBag from /Users/abhaymone/src/dev/sand/MANAGE-GMAIL/venv/lib/python3.9/site-packages/airflow/example_dags/plugins/workday.py
[2022-08-21 16:44:36,551] {processor.py:653} WARNING - No viable dags retrieved from /Users/abhaymone/src/dev/sand/MANAGE-GMAIL/venv/lib/python3.9/site-packages/airflow/example_dags/plugins/workday.py
[2022-08-21 16:44:36,585] {processor.py:161} INFO - Processing /Users/abhaymone/src/dev/sand/MANAGE-GMAIL/venv/lib/python3.9/site-packages/airflow/example_dags/plugins/workday.py took 0.044 seconds
[2022-08-21 16:45:33,992] {processor.py:153} INFO - Started process (PID=4346) to work on /Users/abhaymone/src/dev/sand/MANAGE-GMAIL/venv/lib/python3.9/site-packages/airflow/example_dags/plugins/workday.py
[2022-08-21 16:45:33,992] {processor.py:641} INFO - Processing file /Users/abhaymone/src/dev/sand/MANAGE-GMAIL/venv/lib/python3.9/site-packages/airflow/example_dags/plugins/workday.py for tasks to queue
[2022-08-21 16:45:33,993] {logging_mixin.py:115} INFO - [2022-08-21 16:45:33,993] {dagbag.py:508} INFO - Filling up the DagBag from /Users/abhaymone/src/dev/sand/MANAGE-GMAIL/venv/lib/python3.9/site-packages/airflow/example_dags/plugins/workday.py
[2022-08-21 16:45:33,993] {processor.py:653} WARNING - No viable dags retrieved from /Users/abhaymone/src/dev/sand/MANAGE-GMAIL/venv/lib/python3.9/site-packages/airflow/example_dags/plugins/workday.py
[2022-08-21 16:45:34,031] {processor.py:161} INFO - Processing /Users/abhaymone/src/dev/sand/MANAGE-GMAIL/venv/lib/python3.9/site-packages/airflow/example_dags/plugins/workday.py took 0.039 seconds
[2022-08-21 16:46:28,548] {processor.py:153} INFO - Started process (PID=4456) to work on /Users/abhaymone/src/dev/sand/MANAGE-GMAIL/venv/lib/python3.9/site-packages/airflow/example_dags/plugins/workday.py
[2022-08-21 16:46:28,554] {processor.py:641} INFO - Processing file /Users/abhaymone/src/dev/sand/MANAGE-GMAIL/venv/lib/python3.9/site-packages/airflow/example_dags/plugins/workday.py for tasks to queue
[2022-08-21 16:46:28,555] {logging_mixin.py:115} INFO - [2022-08-21 16:46:28,555] {dagbag.py:508} INFO - Filling up the DagBag from /Users/abhaymone/src/dev/sand/MANAGE-GMAIL/venv/lib/python3.9/site-packages/airflow/example_dags/plugins/workday.py
[2022-08-21 16:46:28,557] {processor.py:653} WARNING - No viable dags retrieved from /Users/abhaymone/src/dev/sand/MANAGE-GMAIL/venv/lib/python3.9/site-packages/airflow/example_dags/plugins/workday.py
[2022-08-21 16:46:28,592] {processor.py:161} INFO - Processing /Users/abhaymone/src/dev/sand/MANAGE-GMAIL/venv/lib/python3.9/site-packages/airflow/example_dags/plugins/workday.py took 0.045 seconds
[2022-08-21 16:47:29,156] {processor.py:153} INFO - Started process (PID=4554) to work on /Users/abhaymone/src/dev/sand/MANAGE-GMAIL/venv/lib/python3.9/site-packages/airflow/example_dags/plugins/workday.py
[2022-08-21 16:47:29,162] {processor.py:641} INFO - Processing file /Users/abhaymone/src/dev/sand/MANAGE-GMAIL/venv/lib/python3.9/site-packages/airflow/example_dags/plugins/workday.py for tasks to queue
[2022-08-21 16:47:29,162] {logging_mixin.py:115} INFO - [2022-08-21 16:47:29,162] {dagbag.py:508} INFO - Filling up the DagBag from /Users/abhaymone/src/dev/sand/MANAGE-GMAIL/venv/lib/python3.9/site-packages/airflow/example_dags/plugins/workday.py
[2022-08-21 16:47:29,167] {processor.py:653} WARNING - No viable dags retrieved from /Users/abhaymone/src/dev/sand/MANAGE-GMAIL/venv/lib/python3.9/site-packages/airflow/example_dags/plugins/workday.py
[2022-08-21 16:47:29,205] {processor.py:161} INFO - Processing /Users/abhaymone/src/dev/sand/MANAGE-GMAIL/venv/lib/python3.9/site-packages/airflow/example_dags/plugins/workday.py took 0.050 seconds
[2022-08-21 16:48:03,653] {processor.py:153} INFO - Started process (PID=4572) to work on /Users/abhaymone/src/dev/sand/MANAGE-GMAIL/venv/lib/python3.9/site-packages/airflow/example_dags/plugins/workday.py
[2022-08-21 16:48:03,654] {processor.py:641} INFO - Processing file /Users/abhaymone/src/dev/sand/MANAGE-GMAIL/venv/lib/python3.9/site-packages/airflow/example_dags/plugins/workday.py for tasks to queue
[2022-08-21 16:48:03,654] {logging_mixin.py:115} INFO - [2022-08-21 16:48:03,654] {dagbag.py:508} INFO - Filling up the DagBag from /Users/abhaymone/src/dev/sand/MANAGE-GMAIL/venv/lib/python3.9/site-packages/airflow/example_dags/plugins/workday.py
[2022-08-21 16:48:03,656] {processor.py:653} WARNING - No viable dags retrieved from /Users/abhaymone/src/dev/sand/MANAGE-GMAIL/venv/lib/python3.9/site-packages/airflow/example_dags/plugins/workday.py
[2022-08-21 16:48:03,703] {processor.py:161} INFO - Processing /Users/abhaymone/src/dev/sand/MANAGE-GMAIL/venv/lib/python3.9/site-packages/airflow/example_dags/plugins/workday.py took 0.050 seconds
[2022-08-21 16:48:38,265] {processor.py:153} INFO - Started process (PID=4601) to work on /Users/abhaymone/src/dev/sand/MANAGE-GMAIL/venv/lib/python3.9/site-packages/airflow/example_dags/plugins/workday.py
[2022-08-21 16:48:38,271] {processor.py:641} INFO - Processing file /Users/abhaymone/src/dev/sand/MANAGE-GMAIL/venv/lib/python3.9/site-packages/airflow/example_dags/plugins/workday.py for tasks to queue
[2022-08-21 16:48:38,271] {logging_mixin.py:115} INFO - [2022-08-21 16:48:38,271] {dagbag.py:508} INFO - Filling up the DagBag from /Users/abhaymone/src/dev/sand/MANAGE-GMAIL/venv/lib/python3.9/site-packages/airflow/example_dags/plugins/workday.py
[2022-08-21 16:48:38,273] {processor.py:653} WARNING - No viable dags retrieved from /Users/abhaymone/src/dev/sand/MANAGE-GMAIL/venv/lib/python3.9/site-packages/airflow/example_dags/plugins/workday.py
[2022-08-21 16:48:38,309] {processor.py:161} INFO - Processing /Users/abhaymone/src/dev/sand/MANAGE-GMAIL/venv/lib/python3.9/site-packages/airflow/example_dags/plugins/workday.py took 0.045 seconds
[2022-08-21 16:49:11,275] {processor.py:153} INFO - Started process (PID=4624) to work on /Users/abhaymone/src/dev/sand/MANAGE-GMAIL/venv/lib/python3.9/site-packages/airflow/example_dags/plugins/workday.py
[2022-08-21 16:49:11,281] {processor.py:641} INFO - Processing file /Users/abhaymone/src/dev/sand/MANAGE-GMAIL/venv/lib/python3.9/site-packages/airflow/example_dags/plugins/workday.py for tasks to queue
[2022-08-21 16:49:11,281] {logging_mixin.py:115} INFO - [2022-08-21 16:49:11,281] {dagbag.py:508} INFO - Filling up the DagBag from /Users/abhaymone/src/dev/sand/MANAGE-GMAIL/venv/lib/python3.9/site-packages/airflow/example_dags/plugins/workday.py
[2022-08-21 16:49:11,284] {processor.py:653} WARNING - No viable dags retrieved from /Users/abhaymone/src/dev/sand/MANAGE-GMAIL/venv/lib/python3.9/site-packages/airflow/example_dags/plugins/workday.py
[2022-08-21 16:49:11,316] {processor.py:161} INFO - Processing /Users/abhaymone/src/dev/sand/MANAGE-GMAIL/venv/lib/python3.9/site-packages/airflow/example_dags/plugins/workday.py took 0.042 seconds
[2022-08-21 16:50:10,929] {processor.py:153} INFO - Started process (PID=4663) to work on /Users/abhaymone/src/dev/sand/MANAGE-GMAIL/venv/lib/python3.9/site-packages/airflow/example_dags/plugins/workday.py
[2022-08-21 16:50:10,932] {processor.py:641} INFO - Processing file /Users/abhaymone/src/dev/sand/MANAGE-GMAIL/venv/lib/python3.9/site-packages/airflow/example_dags/plugins/workday.py for tasks to queue
[2022-08-21 16:50:10,933] {logging_mixin.py:115} INFO - [2022-08-21 16:50:10,933] {dagbag.py:508} INFO - Filling up the DagBag from /Users/abhaymone/src/dev/sand/MANAGE-GMAIL/venv/lib/python3.9/site-packages/airflow/example_dags/plugins/workday.py
[2022-08-21 16:50:10,936] {processor.py:653} WARNING - No viable dags retrieved from /Users/abhaymone/src/dev/sand/MANAGE-GMAIL/venv/lib/python3.9/site-packages/airflow/example_dags/plugins/workday.py
[2022-08-21 16:50:10,977] {processor.py:161} INFO - Processing /Users/abhaymone/src/dev/sand/MANAGE-GMAIL/venv/lib/python3.9/site-packages/airflow/example_dags/plugins/workday.py took 0.049 seconds
[2022-08-21 16:50:43,861] {processor.py:153} INFO - Started process (PID=4688) to work on /Users/abhaymone/src/dev/sand/MANAGE-GMAIL/venv/lib/python3.9/site-packages/airflow/example_dags/plugins/workday.py
[2022-08-21 16:50:43,866] {processor.py:641} INFO - Processing file /Users/abhaymone/src/dev/sand/MANAGE-GMAIL/venv/lib/python3.9/site-packages/airflow/example_dags/plugins/workday.py for tasks to queue
[2022-08-21 16:50:43,867] {logging_mixin.py:115} INFO - [2022-08-21 16:50:43,867] {dagbag.py:508} INFO - Filling up the DagBag from /Users/abhaymone/src/dev/sand/MANAGE-GMAIL/venv/lib/python3.9/site-packages/airflow/example_dags/plugins/workday.py
[2022-08-21 16:50:43,870] {processor.py:653} WARNING - No viable dags retrieved from /Users/abhaymone/src/dev/sand/MANAGE-GMAIL/venv/lib/python3.9/site-packages/airflow/example_dags/plugins/workday.py
[2022-08-21 16:50:43,906] {processor.py:161} INFO - Processing /Users/abhaymone/src/dev/sand/MANAGE-GMAIL/venv/lib/python3.9/site-packages/airflow/example_dags/plugins/workday.py took 0.046 seconds
[2022-08-21 16:51:41,673] {processor.py:153} INFO - Started process (PID=4800) to work on /Users/abhaymone/src/dev/sand/MANAGE-GMAIL/venv/lib/python3.9/site-packages/airflow/example_dags/plugins/workday.py
[2022-08-21 16:51:41,680] {processor.py:641} INFO - Processing file /Users/abhaymone/src/dev/sand/MANAGE-GMAIL/venv/lib/python3.9/site-packages/airflow/example_dags/plugins/workday.py for tasks to queue
[2022-08-21 16:51:41,681] {logging_mixin.py:115} INFO - [2022-08-21 16:51:41,680] {dagbag.py:508} INFO - Filling up the DagBag from /Users/abhaymone/src/dev/sand/MANAGE-GMAIL/venv/lib/python3.9/site-packages/airflow/example_dags/plugins/workday.py
[2022-08-21 16:51:41,683] {processor.py:653} WARNING - No viable dags retrieved from /Users/abhaymone/src/dev/sand/MANAGE-GMAIL/venv/lib/python3.9/site-packages/airflow/example_dags/plugins/workday.py
[2022-08-21 16:51:41,721] {processor.py:161} INFO - Processing /Users/abhaymone/src/dev/sand/MANAGE-GMAIL/venv/lib/python3.9/site-packages/airflow/example_dags/plugins/workday.py took 0.048 seconds
[2022-08-21 16:52:37,517] {processor.py:153} INFO - Started process (PID=5024) to work on /Users/abhaymone/src/dev/sand/MANAGE-GMAIL/venv/lib/python3.9/site-packages/airflow/example_dags/plugins/workday.py
[2022-08-21 16:52:37,517] {processor.py:641} INFO - Processing file /Users/abhaymone/src/dev/sand/MANAGE-GMAIL/venv/lib/python3.9/site-packages/airflow/example_dags/plugins/workday.py for tasks to queue
[2022-08-21 16:52:37,518] {logging_mixin.py:115} INFO - [2022-08-21 16:52:37,518] {dagbag.py:508} INFO - Filling up the DagBag from /Users/abhaymone/src/dev/sand/MANAGE-GMAIL/venv/lib/python3.9/site-packages/airflow/example_dags/plugins/workday.py
[2022-08-21 16:52:37,518] {processor.py:653} WARNING - No viable dags retrieved from /Users/abhaymone/src/dev/sand/MANAGE-GMAIL/venv/lib/python3.9/site-packages/airflow/example_dags/plugins/workday.py
[2022-08-21 16:52:37,549] {processor.py:161} INFO - Processing /Users/abhaymone/src/dev/sand/MANAGE-GMAIL/venv/lib/python3.9/site-packages/airflow/example_dags/plugins/workday.py took 0.032 seconds
[2022-08-21 16:53:41,213] {processor.py:153} INFO - Started process (PID=5141) to work on /Users/abhaymone/src/dev/sand/MANAGE-GMAIL/venv/lib/python3.9/site-packages/airflow/example_dags/plugins/workday.py
[2022-08-21 16:53:41,213] {processor.py:641} INFO - Processing file /Users/abhaymone/src/dev/sand/MANAGE-GMAIL/venv/lib/python3.9/site-packages/airflow/example_dags/plugins/workday.py for tasks to queue
[2022-08-21 16:53:41,214] {logging_mixin.py:115} INFO - [2022-08-21 16:53:41,214] {dagbag.py:508} INFO - Filling up the DagBag from /Users/abhaymone/src/dev/sand/MANAGE-GMAIL/venv/lib/python3.9/site-packages/airflow/example_dags/plugins/workday.py
[2022-08-21 16:53:41,215] {processor.py:653} WARNING - No viable dags retrieved from /Users/abhaymone/src/dev/sand/MANAGE-GMAIL/venv/lib/python3.9/site-packages/airflow/example_dags/plugins/workday.py
[2022-08-21 16:53:41,261] {processor.py:161} INFO - Processing /Users/abhaymone/src/dev/sand/MANAGE-GMAIL/venv/lib/python3.9/site-packages/airflow/example_dags/plugins/workday.py took 0.049 seconds
[2022-08-21 16:54:41,501] {processor.py:153} INFO - Started process (PID=5194) to work on /Users/abhaymone/src/dev/sand/MANAGE-GMAIL/venv/lib/python3.9/site-packages/airflow/example_dags/plugins/workday.py
[2022-08-21 16:54:41,502] {processor.py:641} INFO - Processing file /Users/abhaymone/src/dev/sand/MANAGE-GMAIL/venv/lib/python3.9/site-packages/airflow/example_dags/plugins/workday.py for tasks to queue
[2022-08-21 16:54:41,502] {logging_mixin.py:115} INFO - [2022-08-21 16:54:41,502] {dagbag.py:508} INFO - Filling up the DagBag from /Users/abhaymone/src/dev/sand/MANAGE-GMAIL/venv/lib/python3.9/site-packages/airflow/example_dags/plugins/workday.py
[2022-08-21 16:54:41,503] {processor.py:653} WARNING - No viable dags retrieved from /Users/abhaymone/src/dev/sand/MANAGE-GMAIL/venv/lib/python3.9/site-packages/airflow/example_dags/plugins/workday.py
[2022-08-21 16:54:41,546] {processor.py:161} INFO - Processing /Users/abhaymone/src/dev/sand/MANAGE-GMAIL/venv/lib/python3.9/site-packages/airflow/example_dags/plugins/workday.py took 0.045 seconds
[2022-08-21 16:55:15,695] {processor.py:153} INFO - Started process (PID=5229) to work on /Users/abhaymone/src/dev/sand/MANAGE-GMAIL/venv/lib/python3.9/site-packages/airflow/example_dags/plugins/workday.py
[2022-08-21 16:55:15,701] {processor.py:641} INFO - Processing file /Users/abhaymone/src/dev/sand/MANAGE-GMAIL/venv/lib/python3.9/site-packages/airflow/example_dags/plugins/workday.py for tasks to queue
[2022-08-21 16:55:15,701] {logging_mixin.py:115} INFO - [2022-08-21 16:55:15,701] {dagbag.py:508} INFO - Filling up the DagBag from /Users/abhaymone/src/dev/sand/MANAGE-GMAIL/venv/lib/python3.9/site-packages/airflow/example_dags/plugins/workday.py
[2022-08-21 16:55:15,704] {processor.py:653} WARNING - No viable dags retrieved from /Users/abhaymone/src/dev/sand/MANAGE-GMAIL/venv/lib/python3.9/site-packages/airflow/example_dags/plugins/workday.py
[2022-08-21 16:55:15,740] {processor.py:161} INFO - Processing /Users/abhaymone/src/dev/sand/MANAGE-GMAIL/venv/lib/python3.9/site-packages/airflow/example_dags/plugins/workday.py took 0.045 seconds
