[2022-08-23 20:48:45,635] {taskinstance.py:1179} INFO - Dependencies all met for <TaskInstance: gmailPipeline.gmailAuthTask scheduled__2022-08-22T00:00:00+00:00 [queued]>
[2022-08-23 20:48:45,641] {taskinstance.py:1179} INFO - Dependencies all met for <TaskInstance: gmailPipeline.gmailAuthTask scheduled__2022-08-22T00:00:00+00:00 [queued]>
[2022-08-23 20:48:45,641] {taskinstance.py:1376} INFO - 
--------------------------------------------------------------------------------
[2022-08-23 20:48:45,641] {taskinstance.py:1377} INFO - Starting attempt 1 of 1
[2022-08-23 20:48:45,642] {taskinstance.py:1378} INFO - 
--------------------------------------------------------------------------------
[2022-08-23 20:48:45,651] {taskinstance.py:1397} INFO - Executing <Task(PythonOperator): gmailAuthTask> on 2022-08-22 00:00:00+00:00
[2022-08-23 20:48:45,653] {standard_task_runner.py:52} INFO - Started process 6298 to run task
[2022-08-23 20:48:45,664] {standard_task_runner.py:79} INFO - Running: ['airflow', 'tasks', 'run', 'gmailPipeline', 'gmailAuthTask', 'scheduled__2022-08-22T00:00:00+00:00', '--job-id', '9', '--raw', '--subdir', 'DAGS_FOLDER/gmailDag.py', '--cfg-path', '/var/folders/mm/xv24gcjj46l_jx1m76p5bgy80000gn/T/tmpkn4no1fs', '--error-file', '/var/folders/mm/xv24gcjj46l_jx1m76p5bgy80000gn/T/tmp1flocbip']
[2022-08-23 20:48:45,666] {standard_task_runner.py:80} INFO - Job 9: Subtask gmailAuthTask
[2022-08-23 20:48:45,718] {task_command.py:371} INFO - Running <TaskInstance: gmailPipeline.gmailAuthTask scheduled__2022-08-22T00:00:00+00:00 [running]> on host abhays-mbp.lan
[2022-08-23 20:48:45,766] {taskinstance.py:1589} INFO - Exporting the following env vars:
AIRFLOW_CTX_DAG_OWNER=airflow
AIRFLOW_CTX_DAG_ID=gmailPipeline
AIRFLOW_CTX_TASK_ID=gmailAuthTask
AIRFLOW_CTX_EXECUTION_DATE=2022-08-22T00:00:00+00:00
AIRFLOW_CTX_TRY_NUMBER=1
AIRFLOW_CTX_DAG_RUN_ID=scheduled__2022-08-22T00:00:00+00:00
[2022-08-23 20:48:45,898] {local_task_job.py:156} INFO - Task exited with return code Negsignal.SIGABRT
[2022-08-23 20:48:45,916] {taskinstance.py:1415} INFO - Marking task as FAILED. dag_id=gmailPipeline, task_id=gmailAuthTask, execution_date=20220822T000000, start_date=20220824T004845, end_date=20220824T004845
[2022-08-23 20:48:45,940] {local_task_job.py:273} INFO - 0 downstream tasks scheduled from follow-on schedule check
