[2022-09-24 19:02:44,563] {taskinstance.py:1179} INFO - Dependencies all met for <TaskInstance: gmailPipelineV1.gmailTransformationTask scheduled__2022-09-18T00:00:00+00:00 [queued]>
[2022-09-24 19:02:44,572] {taskinstance.py:1179} INFO - Dependencies all met for <TaskInstance: gmailPipelineV1.gmailTransformationTask scheduled__2022-09-18T00:00:00+00:00 [queued]>
[2022-09-24 19:02:44,572] {taskinstance.py:1376} INFO - 
--------------------------------------------------------------------------------
[2022-09-24 19:02:44,572] {taskinstance.py:1377} INFO - Starting attempt 1 of 1
[2022-09-24 19:02:44,572] {taskinstance.py:1378} INFO - 
--------------------------------------------------------------------------------
[2022-09-24 19:02:44,588] {taskinstance.py:1397} INFO - Executing <Task(PythonOperator): gmailTransformationTask> on 2022-09-18 00:00:00+00:00
[2022-09-24 19:02:44,591] {standard_task_runner.py:52} INFO - Started process 1801 to run task
[2022-09-24 19:02:44,603] {standard_task_runner.py:79} INFO - Running: ['airflow', 'tasks', 'run', 'gmailPipelineV1', 'gmailTransformationTask', 'scheduled__2022-09-18T00:00:00+00:00', '--job-id', '105', '--raw', '--subdir', 'DAGS_FOLDER/gmailDag.py', '--cfg-path', '/var/folders/mm/xv24gcjj46l_jx1m76p5bgy80000gn/T/tmpb0lr24ms', '--error-file', '/var/folders/mm/xv24gcjj46l_jx1m76p5bgy80000gn/T/tmphqrdgjyo']
[2022-09-24 19:02:44,605] {standard_task_runner.py:80} INFO - Job 105: Subtask gmailTransformationTask
[2022-09-24 19:02:44,663] {task_command.py:371} INFO - Running <TaskInstance: gmailPipelineV1.gmailTransformationTask scheduled__2022-09-18T00:00:00+00:00 [running]> on host abhays-mbp.lan
[2022-09-24 19:02:44,717] {taskinstance.py:1589} INFO - Exporting the following env vars:
AIRFLOW_CTX_DAG_OWNER=airflow
AIRFLOW_CTX_DAG_ID=gmailPipelineV1
AIRFLOW_CTX_TASK_ID=gmailTransformationTask
AIRFLOW_CTX_EXECUTION_DATE=2022-09-18T00:00:00+00:00
AIRFLOW_CTX_TRY_NUMBER=1
AIRFLOW_CTX_DAG_RUN_ID=scheduled__2022-09-18T00:00:00+00:00
[2022-09-24 19:02:44,736] {python.py:173} INFO - Done. Returned value was: None
[2022-09-24 19:02:44,742] {taskinstance.py:1415} INFO - Marking task as SUCCESS. dag_id=gmailPipelineV1, task_id=gmailTransformationTask, execution_date=20220918T000000, start_date=20220924T230244, end_date=20220924T230244
[2022-09-24 19:02:44,755] {local_task_job.py:156} INFO - Task exited with return code 0
[2022-09-24 19:02:44,788] {local_task_job.py:273} INFO - 1 downstream tasks scheduled from follow-on schedule check
