[2022-09-17 23:29:51,433] {taskinstance.py:1179} INFO - Dependencies all met for <TaskInstance: gmailPipelineV1.gmailExtractTask manual__2022-09-18T03:29:48.052521+00:00 [queued]>
[2022-09-17 23:29:51,439] {taskinstance.py:1179} INFO - Dependencies all met for <TaskInstance: gmailPipelineV1.gmailExtractTask manual__2022-09-18T03:29:48.052521+00:00 [queued]>
[2022-09-17 23:29:51,439] {taskinstance.py:1376} INFO - 
--------------------------------------------------------------------------------
[2022-09-17 23:29:51,439] {taskinstance.py:1377} INFO - Starting attempt 1 of 1
[2022-09-17 23:29:51,439] {taskinstance.py:1378} INFO - 
--------------------------------------------------------------------------------
[2022-09-17 23:29:51,448] {taskinstance.py:1397} INFO - Executing <Task(PythonOperator): gmailExtractTask> on 2022-09-18 03:29:48.052521+00:00
[2022-09-17 23:29:51,450] {standard_task_runner.py:52} INFO - Started process 10890 to run task
[2022-09-17 23:29:51,459] {standard_task_runner.py:79} INFO - Running: ['airflow', 'tasks', 'run', 'gmailPipelineV1', 'gmailExtractTask', 'manual__2022-09-18T03:29:48.052521+00:00', '--job-id', '99', '--raw', '--subdir', 'DAGS_FOLDER/gmailDag.py', '--cfg-path', '/var/folders/mm/xv24gcjj46l_jx1m76p5bgy80000gn/T/tmpjeikzq_n', '--error-file', '/var/folders/mm/xv24gcjj46l_jx1m76p5bgy80000gn/T/tmphaa60p8r']
[2022-09-17 23:29:51,462] {standard_task_runner.py:80} INFO - Job 99: Subtask gmailExtractTask
[2022-09-17 23:29:51,513] {task_command.py:371} INFO - Running <TaskInstance: gmailPipelineV1.gmailExtractTask manual__2022-09-18T03:29:48.052521+00:00 [running]> on host abhays-mbp.lan
[2022-09-17 23:29:51,567] {taskinstance.py:1589} INFO - Exporting the following env vars:
AIRFLOW_CTX_DAG_OWNER=airflow
AIRFLOW_CTX_DAG_ID=gmailPipelineV1
AIRFLOW_CTX_TASK_ID=gmailExtractTask
AIRFLOW_CTX_EXECUTION_DATE=2022-09-18T03:29:48.052521+00:00
AIRFLOW_CTX_TRY_NUMBER=1
AIRFLOW_CTX_DAG_RUN_ID=manual__2022-09-18T03:29:48.052521+00:00
[2022-09-17 23:29:51,583] {__init__.py:49} INFO - file_cache is only supported with oauth2client<4.0.0
[2022-09-17 23:29:52,183] {logging_mixin.py:115} INFO - 2022-09-17
[2022-09-17 23:29:52,185] {__init__.py:49} INFO - file_cache is only supported with oauth2client<4.0.0
[2022-09-17 23:29:52,621] {python.py:173} INFO - Done. Returned value was: None
[2022-09-17 23:29:52,628] {taskinstance.py:1415} INFO - Marking task as SUCCESS. dag_id=gmailPipelineV1, task_id=gmailExtractTask, execution_date=20220918T032948, start_date=20220918T032951, end_date=20220918T032952
[2022-09-17 23:29:52,649] {local_task_job.py:156} INFO - Task exited with return code 0
[2022-09-17 23:29:52,676] {local_task_job.py:273} INFO - 1 downstream tasks scheduled from follow-on schedule check
