[2022-09-24 19:03:16,416] {taskinstance.py:1179} INFO - Dependencies all met for <TaskInstance: gmailPipelineV1.gmailExtractTask scheduled__2022-09-22T00:00:00+00:00 [queued]>
[2022-09-24 19:03:16,421] {taskinstance.py:1179} INFO - Dependencies all met for <TaskInstance: gmailPipelineV1.gmailExtractTask scheduled__2022-09-22T00:00:00+00:00 [queued]>
[2022-09-24 19:03:16,421] {taskinstance.py:1376} INFO - 
--------------------------------------------------------------------------------
[2022-09-24 19:03:16,421] {taskinstance.py:1377} INFO - Starting attempt 1 of 1
[2022-09-24 19:03:16,421] {taskinstance.py:1378} INFO - 
--------------------------------------------------------------------------------
[2022-09-24 19:03:16,430] {taskinstance.py:1397} INFO - Executing <Task(PythonOperator): gmailExtractTask> on 2022-09-22 00:00:00+00:00
[2022-09-24 19:03:16,432] {standard_task_runner.py:52} INFO - Started process 1874 to run task
[2022-09-24 19:03:16,436] {standard_task_runner.py:79} INFO - Running: ['airflow', 'tasks', 'run', 'gmailPipelineV1', 'gmailExtractTask', 'scheduled__2022-09-22T00:00:00+00:00', '--job-id', '115', '--raw', '--subdir', 'DAGS_FOLDER/gmailDag.py', '--cfg-path', '/var/folders/mm/xv24gcjj46l_jx1m76p5bgy80000gn/T/tmpkp_gj290', '--error-file', '/var/folders/mm/xv24gcjj46l_jx1m76p5bgy80000gn/T/tmpic18o2e1']
[2022-09-24 19:03:16,438] {standard_task_runner.py:80} INFO - Job 115: Subtask gmailExtractTask
[2022-09-24 19:03:16,486] {task_command.py:371} INFO - Running <TaskInstance: gmailPipelineV1.gmailExtractTask scheduled__2022-09-22T00:00:00+00:00 [running]> on host abhays-mbp.lan
[2022-09-24 19:03:16,533] {taskinstance.py:1589} INFO - Exporting the following env vars:
AIRFLOW_CTX_DAG_OWNER=airflow
AIRFLOW_CTX_DAG_ID=gmailPipelineV1
AIRFLOW_CTX_TASK_ID=gmailExtractTask
AIRFLOW_CTX_EXECUTION_DATE=2022-09-22T00:00:00+00:00
AIRFLOW_CTX_TRY_NUMBER=1
AIRFLOW_CTX_DAG_RUN_ID=scheduled__2022-09-22T00:00:00+00:00
[2022-09-24 19:03:16,548] {__init__.py:49} INFO - file_cache is only supported with oauth2client<4.0.0
[2022-09-24 19:03:17,016] {logging_mixin.py:115} INFO - No emails to read!!
Attention empty msglist is being passed
[2022-09-24 19:03:17,016] {python.py:173} INFO - Done. Returned value was: None
[2022-09-24 19:03:17,027] {taskinstance.py:1415} INFO - Marking task as SUCCESS. dag_id=gmailPipelineV1, task_id=gmailExtractTask, execution_date=20220922T000000, start_date=20220924T230316, end_date=20220924T230317
[2022-09-24 19:03:17,047] {local_task_job.py:156} INFO - Task exited with return code 0
[2022-09-24 19:03:17,081] {local_task_job.py:273} INFO - 1 downstream tasks scheduled from follow-on schedule check
