[2022-09-17 20:00:08,182] {taskinstance.py:1179} INFO - Dependencies all met for <TaskInstance: gmailPipelineV1.gmailExtractTask scheduled__2022-09-17T00:00:00+00:00 [queued]>
[2022-09-17 20:00:08,261] {taskinstance.py:1179} INFO - Dependencies all met for <TaskInstance: gmailPipelineV1.gmailExtractTask scheduled__2022-09-17T00:00:00+00:00 [queued]>
[2022-09-17 20:00:08,261] {taskinstance.py:1376} INFO - 
--------------------------------------------------------------------------------
[2022-09-17 20:00:08,261] {taskinstance.py:1377} INFO - Starting attempt 1 of 1
[2022-09-17 20:00:08,261] {taskinstance.py:1378} INFO - 
--------------------------------------------------------------------------------
[2022-09-17 20:00:08,278] {taskinstance.py:1397} INFO - Executing <Task(PythonOperator): gmailExtractTask> on 2022-09-17 00:00:00+00:00
[2022-09-17 20:00:08,282] {standard_task_runner.py:52} INFO - Started process 7109 to run task
[2022-09-17 20:00:08,287] {standard_task_runner.py:79} INFO - Running: ['airflow', 'tasks', 'run', 'gmailPipelineV1', 'gmailExtractTask', 'scheduled__2022-09-17T00:00:00+00:00', '--job-id', '92', '--raw', '--subdir', 'DAGS_FOLDER/gmailDag.py', '--cfg-path', '/var/folders/mm/xv24gcjj46l_jx1m76p5bgy80000gn/T/tmp6q491j2d', '--error-file', '/var/folders/mm/xv24gcjj46l_jx1m76p5bgy80000gn/T/tmp7eyvdyv5']
[2022-09-17 20:00:08,289] {standard_task_runner.py:80} INFO - Job 92: Subtask gmailExtractTask
[2022-09-17 20:00:08,357] {task_command.py:371} INFO - Running <TaskInstance: gmailPipelineV1.gmailExtractTask scheduled__2022-09-17T00:00:00+00:00 [running]> on host abhays-mbp.lan
[2022-09-17 20:00:08,551] {taskinstance.py:1589} INFO - Exporting the following env vars:
AIRFLOW_CTX_DAG_OWNER=airflow
AIRFLOW_CTX_DAG_ID=gmailPipelineV1
AIRFLOW_CTX_TASK_ID=gmailExtractTask
AIRFLOW_CTX_EXECUTION_DATE=2022-09-17T00:00:00+00:00
AIRFLOW_CTX_TRY_NUMBER=1
AIRFLOW_CTX_DAG_RUN_ID=scheduled__2022-09-17T00:00:00+00:00
[2022-09-17 20:00:08,589] {__init__.py:49} INFO - file_cache is only supported with oauth2client<4.0.0
[2022-09-17 20:00:09,516] {logging_mixin.py:115} INFO - No emails to read!!
Attention empty msglist is being passed
[2022-09-17 20:00:09,516] {python.py:173} INFO - Done. Returned value was: None
[2022-09-17 20:00:09,525] {taskinstance.py:1415} INFO - Marking task as SUCCESS. dag_id=gmailPipelineV1, task_id=gmailExtractTask, execution_date=20220917T000000, start_date=20220918T000008, end_date=20220918T000009
[2022-09-17 20:00:09,551] {local_task_job.py:156} INFO - Task exited with return code 0
[2022-09-17 20:00:09,580] {local_task_job.py:273} INFO - 1 downstream tasks scheduled from follow-on schedule check
