[2022-08-24 00:17:45,319] {taskinstance.py:1179} INFO - Dependencies all met for <TaskInstance: gmailPipelineV1.gmailTbLoadTask manual__2022-08-24T04:17:32.725749+00:00 [queued]>
[2022-08-24 00:17:45,328] {taskinstance.py:1179} INFO - Dependencies all met for <TaskInstance: gmailPipelineV1.gmailTbLoadTask manual__2022-08-24T04:17:32.725749+00:00 [queued]>
[2022-08-24 00:17:45,328] {taskinstance.py:1376} INFO - 
--------------------------------------------------------------------------------
[2022-08-24 00:17:45,328] {taskinstance.py:1377} INFO - Starting attempt 1 of 1
[2022-08-24 00:17:45,328] {taskinstance.py:1378} INFO - 
--------------------------------------------------------------------------------
[2022-08-24 00:17:45,348] {taskinstance.py:1397} INFO - Executing <Task(PythonOperator): gmailTbLoadTask> on 2022-08-24 04:17:32.725749+00:00
[2022-08-24 00:17:45,357] {standard_task_runner.py:79} INFO - Running: ['airflow', 'tasks', 'run', 'gmailPipelineV1', 'gmailTbLoadTask', 'manual__2022-08-24T04:17:32.725749+00:00', '--job-id', '27', '--raw', '--subdir', 'DAGS_FOLDER/gmailDag.py', '--cfg-path', '/var/folders/mm/xv24gcjj46l_jx1m76p5bgy80000gn/T/tmpvdx9g7a5', '--error-file', '/var/folders/mm/xv24gcjj46l_jx1m76p5bgy80000gn/T/tmp80xzsay1']
[2022-08-24 00:17:45,359] {standard_task_runner.py:80} INFO - Job 27: Subtask gmailTbLoadTask
[2022-08-24 00:17:45,370] {standard_task_runner.py:52} INFO - Started process 14506 to run task
[2022-08-24 00:17:45,417] {task_command.py:371} INFO - Running <TaskInstance: gmailPipelineV1.gmailTbLoadTask manual__2022-08-24T04:17:32.725749+00:00 [running]> on host abhays-mbp.lan
[2022-08-24 00:17:45,524] {taskinstance.py:1589} INFO - Exporting the following env vars:
AIRFLOW_CTX_DAG_OWNER=airflow
AIRFLOW_CTX_DAG_ID=gmailPipelineV1
AIRFLOW_CTX_TASK_ID=gmailTbLoadTask
AIRFLOW_CTX_EXECUTION_DATE=2022-08-24T04:17:32.725749+00:00
AIRFLOW_CTX_TRY_NUMBER=1
AIRFLOW_CTX_DAG_RUN_ID=manual__2022-08-24T04:17:32.725749+00:00
[2022-08-24 00:17:45,634] {python.py:173} INFO - Done. Returned value was: None
[2022-08-24 00:17:45,641] {taskinstance.py:1415} INFO - Marking task as SUCCESS. dag_id=gmailPipelineV1, task_id=gmailTbLoadTask, execution_date=20220824T041732, start_date=20220824T041745, end_date=20220824T041745
[2022-08-24 00:17:45,691] {local_task_job.py:156} INFO - Task exited with return code 0
[2022-08-24 00:17:45,711] {local_task_job.py:273} INFO - 0 downstream tasks scheduled from follow-on schedule check
