[2022-08-29 22:38:53,305] {taskinstance.py:1179} INFO - Dependencies all met for <TaskInstance: gmailPipelineV1.gmailExtractTask manual__2022-08-30T02:38:49.848052+00:00 [queued]>
[2022-08-29 22:38:53,312] {taskinstance.py:1179} INFO - Dependencies all met for <TaskInstance: gmailPipelineV1.gmailExtractTask manual__2022-08-30T02:38:49.848052+00:00 [queued]>
[2022-08-29 22:38:53,312] {taskinstance.py:1376} INFO - 
--------------------------------------------------------------------------------
[2022-08-29 22:38:53,312] {taskinstance.py:1377} INFO - Starting attempt 1 of 1
[2022-08-29 22:38:53,312] {taskinstance.py:1378} INFO - 
--------------------------------------------------------------------------------
[2022-08-29 22:38:53,323] {taskinstance.py:1397} INFO - Executing <Task(PythonOperator): gmailExtractTask> on 2022-08-30 02:38:49.848052+00:00
[2022-08-29 22:38:53,325] {standard_task_runner.py:52} INFO - Started process 6188 to run task
[2022-08-29 22:38:53,330] {standard_task_runner.py:79} INFO - Running: ['airflow', 'tasks', 'run', 'gmailPipelineV1', 'gmailExtractTask', 'manual__2022-08-30T02:38:49.848052+00:00', '--job-id', '66', '--raw', '--subdir', 'DAGS_FOLDER/gmailDag.py', '--cfg-path', '/var/folders/mm/xv24gcjj46l_jx1m76p5bgy80000gn/T/tmpi_00k0dy', '--error-file', '/var/folders/mm/xv24gcjj46l_jx1m76p5bgy80000gn/T/tmpfgntfj3l']
[2022-08-29 22:38:53,332] {standard_task_runner.py:80} INFO - Job 66: Subtask gmailExtractTask
[2022-08-29 22:38:53,379] {task_command.py:371} INFO - Running <TaskInstance: gmailPipelineV1.gmailExtractTask manual__2022-08-30T02:38:49.848052+00:00 [running]> on host abhays-mbp.lan
[2022-08-29 22:38:53,425] {taskinstance.py:1589} INFO - Exporting the following env vars:
AIRFLOW_CTX_DAG_OWNER=airflow
AIRFLOW_CTX_DAG_ID=gmailPipelineV1
AIRFLOW_CTX_TASK_ID=gmailExtractTask
AIRFLOW_CTX_EXECUTION_DATE=2022-08-30T02:38:49.848052+00:00
AIRFLOW_CTX_TRY_NUMBER=1
AIRFLOW_CTX_DAG_RUN_ID=manual__2022-08-30T02:38:49.848052+00:00
[2022-08-29 22:38:53,439] {__init__.py:49} INFO - file_cache is only supported with oauth2client<4.0.0
[2022-08-29 22:38:59,351] {python.py:173} INFO - Done. Returned value was: None
[2022-08-29 22:38:59,360] {taskinstance.py:1415} INFO - Marking task as SUCCESS. dag_id=gmailPipelineV1, task_id=gmailExtractTask, execution_date=20220830T023849, start_date=20220830T023853, end_date=20220830T023859
[2022-08-29 22:38:59,384] {local_task_job.py:156} INFO - Task exited with return code 0
[2022-08-29 22:38:59,408] {local_task_job.py:273} INFO - 1 downstream tasks scheduled from follow-on schedule check
