[2022-09-24 19:02:57,653] {taskinstance.py:1179} INFO - Dependencies all met for <TaskInstance: gmailPipelineV1.gmailTbLoadTask scheduled__2022-09-18T00:00:00+00:00 [queued]>
[2022-09-24 19:02:57,658] {taskinstance.py:1179} INFO - Dependencies all met for <TaskInstance: gmailPipelineV1.gmailTbLoadTask scheduled__2022-09-18T00:00:00+00:00 [queued]>
[2022-09-24 19:02:57,659] {taskinstance.py:1376} INFO - 
--------------------------------------------------------------------------------
[2022-09-24 19:02:57,659] {taskinstance.py:1377} INFO - Starting attempt 1 of 1
[2022-09-24 19:02:57,659] {taskinstance.py:1378} INFO - 
--------------------------------------------------------------------------------
[2022-09-24 19:02:57,667] {taskinstance.py:1397} INFO - Executing <Task(PythonOperator): gmailTbLoadTask> on 2022-09-18 00:00:00+00:00
[2022-09-24 19:02:57,669] {standard_task_runner.py:52} INFO - Started process 1844 to run task
[2022-09-24 19:02:57,675] {standard_task_runner.py:79} INFO - Running: ['airflow', 'tasks', 'run', 'gmailPipelineV1', 'gmailTbLoadTask', 'scheduled__2022-09-18T00:00:00+00:00', '--job-id', '108', '--raw', '--subdir', 'DAGS_FOLDER/gmailDag.py', '--cfg-path', '/var/folders/mm/xv24gcjj46l_jx1m76p5bgy80000gn/T/tmpus9eswgb', '--error-file', '/var/folders/mm/xv24gcjj46l_jx1m76p5bgy80000gn/T/tmp9r4jwlzx']
[2022-09-24 19:02:57,677] {standard_task_runner.py:80} INFO - Job 108: Subtask gmailTbLoadTask
[2022-09-24 19:02:57,722] {task_command.py:371} INFO - Running <TaskInstance: gmailPipelineV1.gmailTbLoadTask scheduled__2022-09-18T00:00:00+00:00 [running]> on host abhays-mbp.lan
[2022-09-24 19:02:57,767] {taskinstance.py:1589} INFO - Exporting the following env vars:
AIRFLOW_CTX_DAG_OWNER=airflow
AIRFLOW_CTX_DAG_ID=gmailPipelineV1
AIRFLOW_CTX_TASK_ID=gmailTbLoadTask
AIRFLOW_CTX_EXECUTION_DATE=2022-09-18T00:00:00+00:00
AIRFLOW_CTX_TRY_NUMBER=1
AIRFLOW_CTX_DAG_RUN_ID=scheduled__2022-09-18T00:00:00+00:00
[2022-09-24 19:02:57,927] {python.py:173} INFO - Done. Returned value was: None
[2022-09-24 19:02:57,933] {taskinstance.py:1415} INFO - Marking task as SUCCESS. dag_id=gmailPipelineV1, task_id=gmailTbLoadTask, execution_date=20220918T000000, start_date=20220924T230257, end_date=20220924T230257
[2022-09-24 19:02:57,990] {local_task_job.py:156} INFO - Task exited with return code 0
[2022-09-24 19:02:58,013] {local_task_job.py:273} INFO - 0 downstream tasks scheduled from follow-on schedule check
