[2022-08-27 12:24:55,539] {taskinstance.py:1179} INFO - Dependencies all met for <TaskInstance: gmailPipelineV1.gmailTransformationTask scheduled__2022-08-26T00:00:00+00:00 [queued]>
[2022-08-27 12:24:55,545] {taskinstance.py:1179} INFO - Dependencies all met for <TaskInstance: gmailPipelineV1.gmailTransformationTask scheduled__2022-08-26T00:00:00+00:00 [queued]>
[2022-08-27 12:24:55,545] {taskinstance.py:1376} INFO - 
--------------------------------------------------------------------------------
[2022-08-27 12:24:55,545] {taskinstance.py:1377} INFO - Starting attempt 1 of 1
[2022-08-27 12:24:55,545] {taskinstance.py:1378} INFO - 
--------------------------------------------------------------------------------
[2022-08-27 12:24:55,555] {taskinstance.py:1397} INFO - Executing <Task(PythonOperator): gmailTransformationTask> on 2022-08-26 00:00:00+00:00
[2022-08-27 12:24:55,557] {standard_task_runner.py:52} INFO - Started process 2400 to run task
[2022-08-27 12:24:55,563] {standard_task_runner.py:79} INFO - Running: ['airflow', 'tasks', 'run', 'gmailPipelineV1', 'gmailTransformationTask', 'scheduled__2022-08-26T00:00:00+00:00', '--job-id', '35', '--raw', '--subdir', 'DAGS_FOLDER/gmailDag.py', '--cfg-path', '/var/folders/mm/xv24gcjj46l_jx1m76p5bgy80000gn/T/tmpkx9prsd7', '--error-file', '/var/folders/mm/xv24gcjj46l_jx1m76p5bgy80000gn/T/tmpmgsgzbqh']
[2022-08-27 12:24:55,565] {standard_task_runner.py:80} INFO - Job 35: Subtask gmailTransformationTask
[2022-08-27 12:24:55,610] {task_command.py:371} INFO - Running <TaskInstance: gmailPipelineV1.gmailTransformationTask scheduled__2022-08-26T00:00:00+00:00 [running]> on host abhays-mbp.lan
[2022-08-27 12:24:55,659] {taskinstance.py:1589} INFO - Exporting the following env vars:
AIRFLOW_CTX_DAG_OWNER=airflow
AIRFLOW_CTX_DAG_ID=gmailPipelineV1
AIRFLOW_CTX_TASK_ID=gmailTransformationTask
AIRFLOW_CTX_EXECUTION_DATE=2022-08-26T00:00:00+00:00
AIRFLOW_CTX_TRY_NUMBER=1
AIRFLOW_CTX_DAG_RUN_ID=scheduled__2022-08-26T00:00:00+00:00
[2022-08-27 12:24:55,666] {python.py:173} INFO - Done. Returned value was: None
[2022-08-27 12:24:55,672] {taskinstance.py:1415} INFO - Marking task as SUCCESS. dag_id=gmailPipelineV1, task_id=gmailTransformationTask, execution_date=20220826T000000, start_date=20220827T162455, end_date=20220827T162455
[2022-08-27 12:24:55,706] {local_task_job.py:156} INFO - Task exited with return code 0
[2022-08-27 12:24:55,733] {local_task_job.py:273} INFO - 1 downstream tasks scheduled from follow-on schedule check
