[2022-08-29 20:52:49,247] {taskinstance.py:1179} INFO - Dependencies all met for <TaskInstance: gmailPipelineV1.gmailTbLoadTask scheduled__2022-08-27T00:00:00+00:00 [queued]>
[2022-08-29 20:52:49,254] {taskinstance.py:1179} INFO - Dependencies all met for <TaskInstance: gmailPipelineV1.gmailTbLoadTask scheduled__2022-08-27T00:00:00+00:00 [queued]>
[2022-08-29 20:52:49,254] {taskinstance.py:1376} INFO - 
--------------------------------------------------------------------------------
[2022-08-29 20:52:49,254] {taskinstance.py:1377} INFO - Starting attempt 1 of 1
[2022-08-29 20:52:49,254] {taskinstance.py:1378} INFO - 
--------------------------------------------------------------------------------
[2022-08-29 20:52:49,279] {taskinstance.py:1397} INFO - Executing <Task(PythonOperator): gmailTbLoadTask> on 2022-08-27 00:00:00+00:00
[2022-08-29 20:52:49,290] {standard_task_runner.py:79} INFO - Running: ['airflow', 'tasks', 'run', 'gmailPipelineV1', 'gmailTbLoadTask', 'scheduled__2022-08-27T00:00:00+00:00', '--job-id', '47', '--raw', '--subdir', 'DAGS_FOLDER/gmailDag.py', '--cfg-path', '/var/folders/mm/xv24gcjj46l_jx1m76p5bgy80000gn/T/tmppkdsa_m2', '--error-file', '/var/folders/mm/xv24gcjj46l_jx1m76p5bgy80000gn/T/tmpu6seov86']
[2022-08-29 20:52:49,293] {standard_task_runner.py:80} INFO - Job 47: Subtask gmailTbLoadTask
[2022-08-29 20:52:49,350] {task_command.py:371} INFO - Running <TaskInstance: gmailPipelineV1.gmailTbLoadTask scheduled__2022-08-27T00:00:00+00:00 [running]> on host abhays-mbp.lan
[2022-08-29 20:52:49,421] {standard_task_runner.py:52} INFO - Started process 1907 to run task
[2022-08-29 20:52:49,429] {taskinstance.py:1589} INFO - Exporting the following env vars:
AIRFLOW_CTX_DAG_OWNER=airflow
AIRFLOW_CTX_DAG_ID=gmailPipelineV1
AIRFLOW_CTX_TASK_ID=gmailTbLoadTask
AIRFLOW_CTX_EXECUTION_DATE=2022-08-27T00:00:00+00:00
AIRFLOW_CTX_TRY_NUMBER=1
AIRFLOW_CTX_DAG_RUN_ID=scheduled__2022-08-27T00:00:00+00:00
[2022-08-29 20:52:49,572] {python.py:173} INFO - Done. Returned value was: None
[2022-08-29 20:52:49,580] {taskinstance.py:1415} INFO - Marking task as SUCCESS. dag_id=gmailPipelineV1, task_id=gmailTbLoadTask, execution_date=20220827T000000, start_date=20220830T005249, end_date=20220830T005249
[2022-08-29 20:52:49,607] {local_task_job.py:156} INFO - Task exited with return code 0
[2022-08-29 20:52:49,624] {local_task_job.py:273} INFO - 0 downstream tasks scheduled from follow-on schedule check
