[2022-09-24 19:03:21,590] {taskinstance.py:1179} INFO - Dependencies all met for <TaskInstance: gmailPipelineV1.gmailTransformationTask scheduled__2022-09-22T00:00:00+00:00 [queued]>
[2022-09-24 19:03:21,597] {taskinstance.py:1179} INFO - Dependencies all met for <TaskInstance: gmailPipelineV1.gmailTransformationTask scheduled__2022-09-22T00:00:00+00:00 [queued]>
[2022-09-24 19:03:21,597] {taskinstance.py:1376} INFO - 
--------------------------------------------------------------------------------
[2022-09-24 19:03:21,597] {taskinstance.py:1377} INFO - Starting attempt 1 of 1
[2022-09-24 19:03:21,597] {taskinstance.py:1378} INFO - 
--------------------------------------------------------------------------------
[2022-09-24 19:03:21,605] {taskinstance.py:1397} INFO - Executing <Task(PythonOperator): gmailTransformationTask> on 2022-09-22 00:00:00+00:00
[2022-09-24 19:03:21,607] {standard_task_runner.py:52} INFO - Started process 1882 to run task
[2022-09-24 19:03:21,616] {standard_task_runner.py:79} INFO - Running: ['airflow', 'tasks', 'run', 'gmailPipelineV1', 'gmailTransformationTask', 'scheduled__2022-09-22T00:00:00+00:00', '--job-id', '117', '--raw', '--subdir', 'DAGS_FOLDER/gmailDag.py', '--cfg-path', '/var/folders/mm/xv24gcjj46l_jx1m76p5bgy80000gn/T/tmpxvypysqg', '--error-file', '/var/folders/mm/xv24gcjj46l_jx1m76p5bgy80000gn/T/tmp1_6upbif']
[2022-09-24 19:03:21,618] {standard_task_runner.py:80} INFO - Job 117: Subtask gmailTransformationTask
[2022-09-24 19:03:21,675] {task_command.py:371} INFO - Running <TaskInstance: gmailPipelineV1.gmailTransformationTask scheduled__2022-09-22T00:00:00+00:00 [running]> on host abhays-mbp.lan
[2022-09-24 19:03:21,726] {taskinstance.py:1589} INFO - Exporting the following env vars:
AIRFLOW_CTX_DAG_OWNER=airflow
AIRFLOW_CTX_DAG_ID=gmailPipelineV1
AIRFLOW_CTX_TASK_ID=gmailTransformationTask
AIRFLOW_CTX_EXECUTION_DATE=2022-09-22T00:00:00+00:00
AIRFLOW_CTX_TRY_NUMBER=1
AIRFLOW_CTX_DAG_RUN_ID=scheduled__2022-09-22T00:00:00+00:00
[2022-09-24 19:03:21,734] {python.py:173} INFO - Done. Returned value was: None
[2022-09-24 19:03:21,743] {taskinstance.py:1415} INFO - Marking task as SUCCESS. dag_id=gmailPipelineV1, task_id=gmailTransformationTask, execution_date=20220922T000000, start_date=20220924T230321, end_date=20220924T230321
[2022-09-24 19:03:21,772] {local_task_job.py:156} INFO - Task exited with return code 0
[2022-09-24 19:03:21,801] {local_task_job.py:273} INFO - 1 downstream tasks scheduled from follow-on schedule check
