[2022-09-17 19:28:54,984] {processor.py:153} INFO - Started process (PID=6230) to work on /Users/abhaymone/src/dev/sand/MANAGE-GMAIL/dags/gmailDag.py
[2022-09-17 19:28:54,984] {processor.py:641} INFO - Processing file /Users/abhaymone/src/dev/sand/MANAGE-GMAIL/dags/gmailDag.py for tasks to queue
[2022-09-17 19:28:54,985] {logging_mixin.py:115} INFO - [2022-09-17 19:28:54,985] {dagbag.py:508} INFO - Filling up the DagBag from /Users/abhaymone/src/dev/sand/MANAGE-GMAIL/dags/gmailDag.py
[2022-09-17 19:28:56,203] {processor.py:651} INFO - DAG(s) dict_keys(['gmailPipelineV1']) retrieved from /Users/abhaymone/src/dev/sand/MANAGE-GMAIL/dags/gmailDag.py
[2022-09-17 19:28:56,266] {logging_mixin.py:115} INFO - [2022-09-17 19:28:56,266] {dag.py:2420} INFO - Sync 1 DAGs
[2022-09-17 19:28:56,283] {logging_mixin.py:115} INFO - [2022-09-17 19:28:56,283] {dag.py:2968} INFO - Setting next_dagrun for gmailPipelineV1 to 2022-08-30T00:00:00+00:00, run_after=2022-08-31T00:00:00+00:00
[2022-09-17 19:28:56,294] {processor.py:161} INFO - Processing /Users/abhaymone/src/dev/sand/MANAGE-GMAIL/dags/gmailDag.py took 1.310 seconds
[2022-09-17 19:29:28,996] {processor.py:153} INFO - Started process (PID=6307) to work on /Users/abhaymone/src/dev/sand/MANAGE-GMAIL/dags/gmailDag.py
[2022-09-17 19:29:28,996] {processor.py:641} INFO - Processing file /Users/abhaymone/src/dev/sand/MANAGE-GMAIL/dags/gmailDag.py for tasks to queue
[2022-09-17 19:29:28,997] {logging_mixin.py:115} INFO - [2022-09-17 19:29:28,997] {dagbag.py:508} INFO - Filling up the DagBag from /Users/abhaymone/src/dev/sand/MANAGE-GMAIL/dags/gmailDag.py
[2022-09-17 19:29:29,545] {processor.py:651} INFO - DAG(s) dict_keys(['gmailPipelineV1']) retrieved from /Users/abhaymone/src/dev/sand/MANAGE-GMAIL/dags/gmailDag.py
[2022-09-17 19:29:29,618] {logging_mixin.py:115} INFO - [2022-09-17 19:29:29,618] {dag.py:2420} INFO - Sync 1 DAGs
[2022-09-17 19:29:29,630] {logging_mixin.py:115} INFO - [2022-09-17 19:29:29,630] {dag.py:2968} INFO - Setting next_dagrun for gmailPipelineV1 to 2022-09-09T00:00:00+00:00, run_after=2022-09-10T00:00:00+00:00
[2022-09-17 19:29:29,644] {processor.py:161} INFO - Processing /Users/abhaymone/src/dev/sand/MANAGE-GMAIL/dags/gmailDag.py took 0.648 seconds
[2022-09-17 19:30:02,109] {processor.py:153} INFO - Started process (PID=6352) to work on /Users/abhaymone/src/dev/sand/MANAGE-GMAIL/dags/gmailDag.py
[2022-09-17 19:30:02,109] {processor.py:641} INFO - Processing file /Users/abhaymone/src/dev/sand/MANAGE-GMAIL/dags/gmailDag.py for tasks to queue
[2022-09-17 19:30:02,110] {logging_mixin.py:115} INFO - [2022-09-17 19:30:02,110] {dagbag.py:508} INFO - Filling up the DagBag from /Users/abhaymone/src/dev/sand/MANAGE-GMAIL/dags/gmailDag.py
[2022-09-17 19:30:02,874] {processor.py:651} INFO - DAG(s) dict_keys(['gmailPipelineV1']) retrieved from /Users/abhaymone/src/dev/sand/MANAGE-GMAIL/dags/gmailDag.py
[2022-09-17 19:30:02,926] {logging_mixin.py:115} INFO - [2022-09-17 19:30:02,926] {dag.py:2420} INFO - Sync 1 DAGs
[2022-09-17 19:30:02,943] {logging_mixin.py:115} INFO - [2022-09-17 19:30:02,943] {dag.py:2968} INFO - Setting next_dagrun for gmailPipelineV1 to 2022-09-17T00:00:00+00:00, run_after=2022-09-18T00:00:00+00:00
[2022-09-17 19:30:02,953] {processor.py:161} INFO - Processing /Users/abhaymone/src/dev/sand/MANAGE-GMAIL/dags/gmailDag.py took 0.844 seconds
[2022-09-17 19:30:34,943] {processor.py:153} INFO - Started process (PID=6386) to work on /Users/abhaymone/src/dev/sand/MANAGE-GMAIL/dags/gmailDag.py
[2022-09-17 19:30:34,944] {processor.py:641} INFO - Processing file /Users/abhaymone/src/dev/sand/MANAGE-GMAIL/dags/gmailDag.py for tasks to queue
[2022-09-17 19:30:34,944] {logging_mixin.py:115} INFO - [2022-09-17 19:30:34,944] {dagbag.py:508} INFO - Filling up the DagBag from /Users/abhaymone/src/dev/sand/MANAGE-GMAIL/dags/gmailDag.py
[2022-09-17 19:30:36,088] {processor.py:651} INFO - DAG(s) dict_keys(['gmailPipelineV1']) retrieved from /Users/abhaymone/src/dev/sand/MANAGE-GMAIL/dags/gmailDag.py
[2022-09-17 19:30:36,156] {logging_mixin.py:115} INFO - [2022-09-17 19:30:36,156] {dag.py:2420} INFO - Sync 1 DAGs
[2022-09-17 19:30:36,171] {logging_mixin.py:115} INFO - [2022-09-17 19:30:36,171] {dag.py:2968} INFO - Setting next_dagrun for gmailPipelineV1 to 2022-09-17T00:00:00+00:00, run_after=2022-09-18T00:00:00+00:00
[2022-09-17 19:30:36,182] {processor.py:161} INFO - Processing /Users/abhaymone/src/dev/sand/MANAGE-GMAIL/dags/gmailDag.py took 1.239 seconds
[2022-09-17 19:31:07,850] {processor.py:153} INFO - Started process (PID=6401) to work on /Users/abhaymone/src/dev/sand/MANAGE-GMAIL/dags/gmailDag.py
[2022-09-17 19:31:07,851] {processor.py:641} INFO - Processing file /Users/abhaymone/src/dev/sand/MANAGE-GMAIL/dags/gmailDag.py for tasks to queue
[2022-09-17 19:31:07,852] {logging_mixin.py:115} INFO - [2022-09-17 19:31:07,852] {dagbag.py:508} INFO - Filling up the DagBag from /Users/abhaymone/src/dev/sand/MANAGE-GMAIL/dags/gmailDag.py
[2022-09-17 19:31:08,919] {processor.py:651} INFO - DAG(s) dict_keys(['gmailPipelineV1']) retrieved from /Users/abhaymone/src/dev/sand/MANAGE-GMAIL/dags/gmailDag.py
[2022-09-17 19:31:08,996] {logging_mixin.py:115} INFO - [2022-09-17 19:31:08,996] {dag.py:2420} INFO - Sync 1 DAGs
[2022-09-17 19:31:09,010] {logging_mixin.py:115} INFO - [2022-09-17 19:31:09,010] {dag.py:2968} INFO - Setting next_dagrun for gmailPipelineV1 to 2022-09-17T00:00:00+00:00, run_after=2022-09-18T00:00:00+00:00
[2022-09-17 19:31:09,023] {processor.py:161} INFO - Processing /Users/abhaymone/src/dev/sand/MANAGE-GMAIL/dags/gmailDag.py took 1.174 seconds
[2022-09-17 19:31:40,511] {processor.py:153} INFO - Started process (PID=6422) to work on /Users/abhaymone/src/dev/sand/MANAGE-GMAIL/dags/gmailDag.py
[2022-09-17 19:31:40,512] {processor.py:641} INFO - Processing file /Users/abhaymone/src/dev/sand/MANAGE-GMAIL/dags/gmailDag.py for tasks to queue
[2022-09-17 19:31:40,512] {logging_mixin.py:115} INFO - [2022-09-17 19:31:40,512] {dagbag.py:508} INFO - Filling up the DagBag from /Users/abhaymone/src/dev/sand/MANAGE-GMAIL/dags/gmailDag.py
[2022-09-17 19:31:41,654] {processor.py:651} INFO - DAG(s) dict_keys(['gmailPipelineV1']) retrieved from /Users/abhaymone/src/dev/sand/MANAGE-GMAIL/dags/gmailDag.py
[2022-09-17 19:31:41,739] {logging_mixin.py:115} INFO - [2022-09-17 19:31:41,739] {dag.py:2420} INFO - Sync 1 DAGs
[2022-09-17 19:31:41,757] {logging_mixin.py:115} INFO - [2022-09-17 19:31:41,757] {dag.py:2968} INFO - Setting next_dagrun for gmailPipelineV1 to 2022-09-17T00:00:00+00:00, run_after=2022-09-18T00:00:00+00:00
[2022-09-17 19:31:41,770] {processor.py:161} INFO - Processing /Users/abhaymone/src/dev/sand/MANAGE-GMAIL/dags/gmailDag.py took 1.259 seconds
[2022-09-17 19:32:13,276] {processor.py:153} INFO - Started process (PID=6429) to work on /Users/abhaymone/src/dev/sand/MANAGE-GMAIL/dags/gmailDag.py
[2022-09-17 19:32:13,277] {processor.py:641} INFO - Processing file /Users/abhaymone/src/dev/sand/MANAGE-GMAIL/dags/gmailDag.py for tasks to queue
[2022-09-17 19:32:13,277] {logging_mixin.py:115} INFO - [2022-09-17 19:32:13,277] {dagbag.py:508} INFO - Filling up the DagBag from /Users/abhaymone/src/dev/sand/MANAGE-GMAIL/dags/gmailDag.py
[2022-09-17 19:32:14,308] {processor.py:651} INFO - DAG(s) dict_keys(['gmailPipelineV1']) retrieved from /Users/abhaymone/src/dev/sand/MANAGE-GMAIL/dags/gmailDag.py
[2022-09-17 19:32:14,382] {logging_mixin.py:115} INFO - [2022-09-17 19:32:14,382] {dag.py:2420} INFO - Sync 1 DAGs
[2022-09-17 19:32:14,406] {logging_mixin.py:115} INFO - [2022-09-17 19:32:14,406] {dag.py:2968} INFO - Setting next_dagrun for gmailPipelineV1 to 2022-09-17T00:00:00+00:00, run_after=2022-09-18T00:00:00+00:00
[2022-09-17 19:32:14,417] {processor.py:161} INFO - Processing /Users/abhaymone/src/dev/sand/MANAGE-GMAIL/dags/gmailDag.py took 1.142 seconds
[2022-09-17 19:32:46,016] {processor.py:153} INFO - Started process (PID=6449) to work on /Users/abhaymone/src/dev/sand/MANAGE-GMAIL/dags/gmailDag.py
[2022-09-17 19:32:46,017] {processor.py:641} INFO - Processing file /Users/abhaymone/src/dev/sand/MANAGE-GMAIL/dags/gmailDag.py for tasks to queue
[2022-09-17 19:32:46,017] {logging_mixin.py:115} INFO - [2022-09-17 19:32:46,017] {dagbag.py:508} INFO - Filling up the DagBag from /Users/abhaymone/src/dev/sand/MANAGE-GMAIL/dags/gmailDag.py
[2022-09-17 19:32:47,190] {processor.py:651} INFO - DAG(s) dict_keys(['gmailPipelineV1']) retrieved from /Users/abhaymone/src/dev/sand/MANAGE-GMAIL/dags/gmailDag.py
[2022-09-17 19:32:47,267] {logging_mixin.py:115} INFO - [2022-09-17 19:32:47,267] {dag.py:2420} INFO - Sync 1 DAGs
[2022-09-17 19:32:47,281] {logging_mixin.py:115} INFO - [2022-09-17 19:32:47,281] {dag.py:2968} INFO - Setting next_dagrun for gmailPipelineV1 to 2022-09-17T00:00:00+00:00, run_after=2022-09-18T00:00:00+00:00
[2022-09-17 19:32:47,293] {processor.py:161} INFO - Processing /Users/abhaymone/src/dev/sand/MANAGE-GMAIL/dags/gmailDag.py took 1.277 seconds
[2022-09-17 19:33:20,142] {processor.py:153} INFO - Started process (PID=6546) to work on /Users/abhaymone/src/dev/sand/MANAGE-GMAIL/dags/gmailDag.py
[2022-09-17 19:33:20,142] {processor.py:641} INFO - Processing file /Users/abhaymone/src/dev/sand/MANAGE-GMAIL/dags/gmailDag.py for tasks to queue
[2022-09-17 19:33:20,142] {logging_mixin.py:115} INFO - [2022-09-17 19:33:20,142] {dagbag.py:508} INFO - Filling up the DagBag from /Users/abhaymone/src/dev/sand/MANAGE-GMAIL/dags/gmailDag.py
[2022-09-17 19:33:21,442] {processor.py:651} INFO - DAG(s) dict_keys(['gmailPipelineV1']) retrieved from /Users/abhaymone/src/dev/sand/MANAGE-GMAIL/dags/gmailDag.py
[2022-09-17 19:33:21,745] {logging_mixin.py:115} INFO - [2022-09-17 19:33:21,745] {dag.py:2420} INFO - Sync 1 DAGs
[2022-09-17 19:33:21,786] {logging_mixin.py:115} INFO - [2022-09-17 19:33:21,786] {dag.py:2968} INFO - Setting next_dagrun for gmailPipelineV1 to 2022-09-17T00:00:00+00:00, run_after=2022-09-18T00:00:00+00:00
[2022-09-17 19:33:21,803] {processor.py:161} INFO - Processing /Users/abhaymone/src/dev/sand/MANAGE-GMAIL/dags/gmailDag.py took 1.662 seconds
[2022-09-17 19:33:53,453] {processor.py:153} INFO - Started process (PID=6604) to work on /Users/abhaymone/src/dev/sand/MANAGE-GMAIL/dags/gmailDag.py
[2022-09-17 19:33:53,454] {processor.py:641} INFO - Processing file /Users/abhaymone/src/dev/sand/MANAGE-GMAIL/dags/gmailDag.py for tasks to queue
[2022-09-17 19:33:53,454] {logging_mixin.py:115} INFO - [2022-09-17 19:33:53,454] {dagbag.py:508} INFO - Filling up the DagBag from /Users/abhaymone/src/dev/sand/MANAGE-GMAIL/dags/gmailDag.py
[2022-09-17 19:33:55,010] {processor.py:651} INFO - DAG(s) dict_keys(['gmailPipelineV1']) retrieved from /Users/abhaymone/src/dev/sand/MANAGE-GMAIL/dags/gmailDag.py
[2022-09-17 19:33:55,090] {logging_mixin.py:115} INFO - [2022-09-17 19:33:55,090] {dag.py:2420} INFO - Sync 1 DAGs
[2022-09-17 19:33:55,104] {logging_mixin.py:115} INFO - [2022-09-17 19:33:55,104] {dag.py:2968} INFO - Setting next_dagrun for gmailPipelineV1 to 2022-09-17T00:00:00+00:00, run_after=2022-09-18T00:00:00+00:00
[2022-09-17 19:33:55,116] {processor.py:161} INFO - Processing /Users/abhaymone/src/dev/sand/MANAGE-GMAIL/dags/gmailDag.py took 1.667 seconds
[2022-09-17 19:34:26,044] {processor.py:153} INFO - Started process (PID=6656) to work on /Users/abhaymone/src/dev/sand/MANAGE-GMAIL/dags/gmailDag.py
[2022-09-17 19:34:26,044] {processor.py:641} INFO - Processing file /Users/abhaymone/src/dev/sand/MANAGE-GMAIL/dags/gmailDag.py for tasks to queue
[2022-09-17 19:34:26,044] {logging_mixin.py:115} INFO - [2022-09-17 19:34:26,044] {dagbag.py:508} INFO - Filling up the DagBag from /Users/abhaymone/src/dev/sand/MANAGE-GMAIL/dags/gmailDag.py
[2022-09-17 19:34:26,756] {processor.py:651} INFO - DAG(s) dict_keys(['gmailPipelineV1']) retrieved from /Users/abhaymone/src/dev/sand/MANAGE-GMAIL/dags/gmailDag.py
[2022-09-17 19:34:26,861] {logging_mixin.py:115} INFO - [2022-09-17 19:34:26,861] {dag.py:2420} INFO - Sync 1 DAGs
[2022-09-17 19:34:26,875] {logging_mixin.py:115} INFO - [2022-09-17 19:34:26,875] {dag.py:2968} INFO - Setting next_dagrun for gmailPipelineV1 to 2022-09-17T00:00:00+00:00, run_after=2022-09-18T00:00:00+00:00
[2022-09-17 19:34:26,888] {processor.py:161} INFO - Processing /Users/abhaymone/src/dev/sand/MANAGE-GMAIL/dags/gmailDag.py took 0.845 seconds
[2022-09-17 19:34:58,178] {processor.py:153} INFO - Started process (PID=6795) to work on /Users/abhaymone/src/dev/sand/MANAGE-GMAIL/dags/gmailDag.py
[2022-09-17 19:34:58,178] {processor.py:641} INFO - Processing file /Users/abhaymone/src/dev/sand/MANAGE-GMAIL/dags/gmailDag.py for tasks to queue
[2022-09-17 19:34:58,179] {logging_mixin.py:115} INFO - [2022-09-17 19:34:58,179] {dagbag.py:508} INFO - Filling up the DagBag from /Users/abhaymone/src/dev/sand/MANAGE-GMAIL/dags/gmailDag.py
[2022-09-17 19:34:59,166] {processor.py:651} INFO - DAG(s) dict_keys(['gmailPipelineV1']) retrieved from /Users/abhaymone/src/dev/sand/MANAGE-GMAIL/dags/gmailDag.py
[2022-09-17 19:34:59,240] {logging_mixin.py:115} INFO - [2022-09-17 19:34:59,240] {dag.py:2420} INFO - Sync 1 DAGs
[2022-09-17 19:34:59,257] {logging_mixin.py:115} INFO - [2022-09-17 19:34:59,257] {dag.py:2968} INFO - Setting next_dagrun for gmailPipelineV1 to 2022-09-17T00:00:00+00:00, run_after=2022-09-18T00:00:00+00:00
[2022-09-17 19:34:59,269] {processor.py:161} INFO - Processing /Users/abhaymone/src/dev/sand/MANAGE-GMAIL/dags/gmailDag.py took 1.091 seconds
[2022-09-17 19:35:30,117] {processor.py:153} INFO - Started process (PID=6865) to work on /Users/abhaymone/src/dev/sand/MANAGE-GMAIL/dags/gmailDag.py
[2022-09-17 19:35:30,117] {processor.py:641} INFO - Processing file /Users/abhaymone/src/dev/sand/MANAGE-GMAIL/dags/gmailDag.py for tasks to queue
[2022-09-17 19:35:30,118] {logging_mixin.py:115} INFO - [2022-09-17 19:35:30,118] {dagbag.py:508} INFO - Filling up the DagBag from /Users/abhaymone/src/dev/sand/MANAGE-GMAIL/dags/gmailDag.py
[2022-09-17 19:35:30,839] {processor.py:651} INFO - DAG(s) dict_keys(['gmailPipelineV1']) retrieved from /Users/abhaymone/src/dev/sand/MANAGE-GMAIL/dags/gmailDag.py
[2022-09-17 19:35:30,914] {logging_mixin.py:115} INFO - [2022-09-17 19:35:30,913] {dag.py:2420} INFO - Sync 1 DAGs
[2022-09-17 19:35:30,926] {logging_mixin.py:115} INFO - [2022-09-17 19:35:30,926] {dag.py:2968} INFO - Setting next_dagrun for gmailPipelineV1 to 2022-09-17T00:00:00+00:00, run_after=2022-09-18T00:00:00+00:00
[2022-09-17 19:35:30,940] {processor.py:161} INFO - Processing /Users/abhaymone/src/dev/sand/MANAGE-GMAIL/dags/gmailDag.py took 0.823 seconds
[2022-09-17 19:36:01,770] {processor.py:153} INFO - Started process (PID=6904) to work on /Users/abhaymone/src/dev/sand/MANAGE-GMAIL/dags/gmailDag.py
[2022-09-17 19:36:01,770] {processor.py:641} INFO - Processing file /Users/abhaymone/src/dev/sand/MANAGE-GMAIL/dags/gmailDag.py for tasks to queue
[2022-09-17 19:36:01,770] {logging_mixin.py:115} INFO - [2022-09-17 19:36:01,770] {dagbag.py:508} INFO - Filling up the DagBag from /Users/abhaymone/src/dev/sand/MANAGE-GMAIL/dags/gmailDag.py
[2022-09-17 19:36:02,176] {processor.py:651} INFO - DAG(s) dict_keys(['gmailPipelineV1']) retrieved from /Users/abhaymone/src/dev/sand/MANAGE-GMAIL/dags/gmailDag.py
[2022-09-17 19:36:02,226] {logging_mixin.py:115} INFO - [2022-09-17 19:36:02,226] {dag.py:2420} INFO - Sync 1 DAGs
[2022-09-17 19:36:02,238] {logging_mixin.py:115} INFO - [2022-09-17 19:36:02,238] {dag.py:2968} INFO - Setting next_dagrun for gmailPipelineV1 to 2022-09-17T00:00:00+00:00, run_after=2022-09-18T00:00:00+00:00
[2022-09-17 19:36:02,255] {processor.py:161} INFO - Processing /Users/abhaymone/src/dev/sand/MANAGE-GMAIL/dags/gmailDag.py took 0.486 seconds
[2022-09-17 19:36:33,910] {processor.py:153} INFO - Started process (PID=6948) to work on /Users/abhaymone/src/dev/sand/MANAGE-GMAIL/dags/gmailDag.py
[2022-09-17 19:36:33,911] {processor.py:641} INFO - Processing file /Users/abhaymone/src/dev/sand/MANAGE-GMAIL/dags/gmailDag.py for tasks to queue
[2022-09-17 19:36:33,911] {logging_mixin.py:115} INFO - [2022-09-17 19:36:33,911] {dagbag.py:508} INFO - Filling up the DagBag from /Users/abhaymone/src/dev/sand/MANAGE-GMAIL/dags/gmailDag.py
[2022-09-17 19:36:35,056] {processor.py:651} INFO - DAG(s) dict_keys(['gmailPipelineV1']) retrieved from /Users/abhaymone/src/dev/sand/MANAGE-GMAIL/dags/gmailDag.py
[2022-09-17 19:36:35,169] {logging_mixin.py:115} INFO - [2022-09-17 19:36:35,169] {dag.py:2420} INFO - Sync 1 DAGs
[2022-09-17 19:36:35,192] {logging_mixin.py:115} INFO - [2022-09-17 19:36:35,192] {dag.py:2968} INFO - Setting next_dagrun for gmailPipelineV1 to 2022-09-17T00:00:00+00:00, run_after=2022-09-18T00:00:00+00:00
[2022-09-17 19:36:35,210] {processor.py:161} INFO - Processing /Users/abhaymone/src/dev/sand/MANAGE-GMAIL/dags/gmailDag.py took 1.300 seconds
[2022-09-17 19:37:06,854] {processor.py:153} INFO - Started process (PID=6963) to work on /Users/abhaymone/src/dev/sand/MANAGE-GMAIL/dags/gmailDag.py
[2022-09-17 19:37:06,855] {processor.py:641} INFO - Processing file /Users/abhaymone/src/dev/sand/MANAGE-GMAIL/dags/gmailDag.py for tasks to queue
[2022-09-17 19:37:06,855] {logging_mixin.py:115} INFO - [2022-09-17 19:37:06,855] {dagbag.py:508} INFO - Filling up the DagBag from /Users/abhaymone/src/dev/sand/MANAGE-GMAIL/dags/gmailDag.py
[2022-09-17 19:37:07,900] {processor.py:651} INFO - DAG(s) dict_keys(['gmailPipelineV1']) retrieved from /Users/abhaymone/src/dev/sand/MANAGE-GMAIL/dags/gmailDag.py
[2022-09-17 19:37:07,971] {logging_mixin.py:115} INFO - [2022-09-17 19:37:07,970] {dag.py:2420} INFO - Sync 1 DAGs
[2022-09-17 19:37:07,983] {logging_mixin.py:115} INFO - [2022-09-17 19:37:07,983] {dag.py:2968} INFO - Setting next_dagrun for gmailPipelineV1 to 2022-09-17T00:00:00+00:00, run_after=2022-09-18T00:00:00+00:00
[2022-09-17 19:37:07,995] {processor.py:161} INFO - Processing /Users/abhaymone/src/dev/sand/MANAGE-GMAIL/dags/gmailDag.py took 1.142 seconds
[2022-09-17 19:37:39,450] {processor.py:153} INFO - Started process (PID=6988) to work on /Users/abhaymone/src/dev/sand/MANAGE-GMAIL/dags/gmailDag.py
[2022-09-17 19:37:39,450] {processor.py:641} INFO - Processing file /Users/abhaymone/src/dev/sand/MANAGE-GMAIL/dags/gmailDag.py for tasks to queue
[2022-09-17 19:37:39,451] {logging_mixin.py:115} INFO - [2022-09-17 19:37:39,451] {dagbag.py:508} INFO - Filling up the DagBag from /Users/abhaymone/src/dev/sand/MANAGE-GMAIL/dags/gmailDag.py
[2022-09-17 19:37:40,705] {processor.py:651} INFO - DAG(s) dict_keys(['gmailPipelineV1']) retrieved from /Users/abhaymone/src/dev/sand/MANAGE-GMAIL/dags/gmailDag.py
[2022-09-17 19:37:40,780] {logging_mixin.py:115} INFO - [2022-09-17 19:37:40,779] {dag.py:2420} INFO - Sync 1 DAGs
[2022-09-17 19:37:40,793] {logging_mixin.py:115} INFO - [2022-09-17 19:37:40,793] {dag.py:2968} INFO - Setting next_dagrun for gmailPipelineV1 to 2022-09-17T00:00:00+00:00, run_after=2022-09-18T00:00:00+00:00
[2022-09-17 19:37:40,804] {processor.py:161} INFO - Processing /Users/abhaymone/src/dev/sand/MANAGE-GMAIL/dags/gmailDag.py took 1.354 seconds
[2022-09-17 19:38:30,279] {processor.py:153} INFO - Started process (PID=7038) to work on /Users/abhaymone/src/dev/sand/MANAGE-GMAIL/dags/gmailDag.py
[2022-09-17 19:38:30,279] {processor.py:641} INFO - Processing file /Users/abhaymone/src/dev/sand/MANAGE-GMAIL/dags/gmailDag.py for tasks to queue
[2022-09-17 19:38:30,280] {logging_mixin.py:115} INFO - [2022-09-17 19:38:30,279] {dagbag.py:508} INFO - Filling up the DagBag from /Users/abhaymone/src/dev/sand/MANAGE-GMAIL/dags/gmailDag.py
[2022-09-17 19:38:31,064] {processor.py:651} INFO - DAG(s) dict_keys(['gmailPipelineV1']) retrieved from /Users/abhaymone/src/dev/sand/MANAGE-GMAIL/dags/gmailDag.py
[2022-09-17 19:38:31,132] {logging_mixin.py:115} INFO - [2022-09-17 19:38:31,132] {dag.py:2420} INFO - Sync 1 DAGs
[2022-09-17 19:38:31,145] {logging_mixin.py:115} INFO - [2022-09-17 19:38:31,145] {dag.py:2968} INFO - Setting next_dagrun for gmailPipelineV1 to 2022-09-17T00:00:00+00:00, run_after=2022-09-18T00:00:00+00:00
[2022-09-17 19:38:31,159] {processor.py:161} INFO - Processing /Users/abhaymone/src/dev/sand/MANAGE-GMAIL/dags/gmailDag.py took 0.881 seconds
[2022-09-17 19:39:03,420] {processor.py:153} INFO - Started process (PID=7063) to work on /Users/abhaymone/src/dev/sand/MANAGE-GMAIL/dags/gmailDag.py
[2022-09-17 19:39:03,420] {processor.py:641} INFO - Processing file /Users/abhaymone/src/dev/sand/MANAGE-GMAIL/dags/gmailDag.py for tasks to queue
[2022-09-17 19:39:03,421] {logging_mixin.py:115} INFO - [2022-09-17 19:39:03,421] {dagbag.py:508} INFO - Filling up the DagBag from /Users/abhaymone/src/dev/sand/MANAGE-GMAIL/dags/gmailDag.py
[2022-09-17 19:39:04,569] {processor.py:651} INFO - DAG(s) dict_keys(['gmailPipelineV1']) retrieved from /Users/abhaymone/src/dev/sand/MANAGE-GMAIL/dags/gmailDag.py
[2022-09-17 19:39:04,644] {logging_mixin.py:115} INFO - [2022-09-17 19:39:04,644] {dag.py:2420} INFO - Sync 1 DAGs
[2022-09-17 19:39:04,657] {logging_mixin.py:115} INFO - [2022-09-17 19:39:04,657] {dag.py:2968} INFO - Setting next_dagrun for gmailPipelineV1 to 2022-09-17T00:00:00+00:00, run_after=2022-09-18T00:00:00+00:00
[2022-09-17 19:39:04,668] {processor.py:161} INFO - Processing /Users/abhaymone/src/dev/sand/MANAGE-GMAIL/dags/gmailDag.py took 1.249 seconds
[2022-09-17 19:39:36,388] {processor.py:153} INFO - Started process (PID=7064) to work on /Users/abhaymone/src/dev/sand/MANAGE-GMAIL/dags/gmailDag.py
[2022-09-17 19:39:36,389] {processor.py:641} INFO - Processing file /Users/abhaymone/src/dev/sand/MANAGE-GMAIL/dags/gmailDag.py for tasks to queue
[2022-09-17 19:39:36,390] {logging_mixin.py:115} INFO - [2022-09-17 19:39:36,389] {dagbag.py:508} INFO - Filling up the DagBag from /Users/abhaymone/src/dev/sand/MANAGE-GMAIL/dags/gmailDag.py
[2022-09-17 19:39:37,437] {processor.py:651} INFO - DAG(s) dict_keys(['gmailPipelineV1']) retrieved from /Users/abhaymone/src/dev/sand/MANAGE-GMAIL/dags/gmailDag.py
[2022-09-17 19:39:37,511] {logging_mixin.py:115} INFO - [2022-09-17 19:39:37,511] {dag.py:2420} INFO - Sync 1 DAGs
[2022-09-17 19:39:37,523] {logging_mixin.py:115} INFO - [2022-09-17 19:39:37,523] {dag.py:2968} INFO - Setting next_dagrun for gmailPipelineV1 to 2022-09-17T00:00:00+00:00, run_after=2022-09-18T00:00:00+00:00
[2022-09-17 19:39:37,537] {processor.py:161} INFO - Processing /Users/abhaymone/src/dev/sand/MANAGE-GMAIL/dags/gmailDag.py took 1.149 seconds
[2022-09-17 19:40:08,593] {processor.py:153} INFO - Started process (PID=7066) to work on /Users/abhaymone/src/dev/sand/MANAGE-GMAIL/dags/gmailDag.py
[2022-09-17 19:40:08,594] {processor.py:641} INFO - Processing file /Users/abhaymone/src/dev/sand/MANAGE-GMAIL/dags/gmailDag.py for tasks to queue
[2022-09-17 19:40:08,594] {logging_mixin.py:115} INFO - [2022-09-17 19:40:08,594] {dagbag.py:508} INFO - Filling up the DagBag from /Users/abhaymone/src/dev/sand/MANAGE-GMAIL/dags/gmailDag.py
[2022-09-17 19:40:09,012] {processor.py:651} INFO - DAG(s) dict_keys(['gmailPipelineV1']) retrieved from /Users/abhaymone/src/dev/sand/MANAGE-GMAIL/dags/gmailDag.py
[2022-09-17 19:40:09,063] {logging_mixin.py:115} INFO - [2022-09-17 19:40:09,062] {dag.py:2420} INFO - Sync 1 DAGs
[2022-09-17 19:40:09,076] {logging_mixin.py:115} INFO - [2022-09-17 19:40:09,076] {dag.py:2968} INFO - Setting next_dagrun for gmailPipelineV1 to 2022-09-17T00:00:00+00:00, run_after=2022-09-18T00:00:00+00:00
[2022-09-17 19:40:09,092] {processor.py:161} INFO - Processing /Users/abhaymone/src/dev/sand/MANAGE-GMAIL/dags/gmailDag.py took 0.499 seconds
[2022-09-17 19:40:39,943] {processor.py:153} INFO - Started process (PID=7069) to work on /Users/abhaymone/src/dev/sand/MANAGE-GMAIL/dags/gmailDag.py
[2022-09-17 19:40:39,943] {processor.py:641} INFO - Processing file /Users/abhaymone/src/dev/sand/MANAGE-GMAIL/dags/gmailDag.py for tasks to queue
[2022-09-17 19:40:39,943] {logging_mixin.py:115} INFO - [2022-09-17 19:40:39,943] {dagbag.py:508} INFO - Filling up the DagBag from /Users/abhaymone/src/dev/sand/MANAGE-GMAIL/dags/gmailDag.py
[2022-09-17 19:40:40,481] {processor.py:651} INFO - DAG(s) dict_keys(['gmailPipelineV1']) retrieved from /Users/abhaymone/src/dev/sand/MANAGE-GMAIL/dags/gmailDag.py
[2022-09-17 19:40:40,554] {logging_mixin.py:115} INFO - [2022-09-17 19:40:40,554] {dag.py:2420} INFO - Sync 1 DAGs
[2022-09-17 19:40:40,567] {logging_mixin.py:115} INFO - [2022-09-17 19:40:40,567] {dag.py:2968} INFO - Setting next_dagrun for gmailPipelineV1 to 2022-09-17T00:00:00+00:00, run_after=2022-09-18T00:00:00+00:00
[2022-09-17 19:40:40,576] {processor.py:161} INFO - Processing /Users/abhaymone/src/dev/sand/MANAGE-GMAIL/dags/gmailDag.py took 0.634 seconds
[2022-09-17 19:41:12,142] {processor.py:153} INFO - Started process (PID=7070) to work on /Users/abhaymone/src/dev/sand/MANAGE-GMAIL/dags/gmailDag.py
[2022-09-17 19:41:12,143] {processor.py:641} INFO - Processing file /Users/abhaymone/src/dev/sand/MANAGE-GMAIL/dags/gmailDag.py for tasks to queue
[2022-09-17 19:41:12,143] {logging_mixin.py:115} INFO - [2022-09-17 19:41:12,143] {dagbag.py:508} INFO - Filling up the DagBag from /Users/abhaymone/src/dev/sand/MANAGE-GMAIL/dags/gmailDag.py
[2022-09-17 19:41:13,314] {processor.py:651} INFO - DAG(s) dict_keys(['gmailPipelineV1']) retrieved from /Users/abhaymone/src/dev/sand/MANAGE-GMAIL/dags/gmailDag.py
[2022-09-17 19:41:13,386] {logging_mixin.py:115} INFO - [2022-09-17 19:41:13,386] {dag.py:2420} INFO - Sync 1 DAGs
[2022-09-17 19:41:13,399] {logging_mixin.py:115} INFO - [2022-09-17 19:41:13,399] {dag.py:2968} INFO - Setting next_dagrun for gmailPipelineV1 to 2022-09-17T00:00:00+00:00, run_after=2022-09-18T00:00:00+00:00
[2022-09-17 19:41:13,410] {processor.py:161} INFO - Processing /Users/abhaymone/src/dev/sand/MANAGE-GMAIL/dags/gmailDag.py took 1.268 seconds
[2022-09-17 19:59:44,302] {processor.py:153} INFO - Started process (PID=7071) to work on /Users/abhaymone/src/dev/sand/MANAGE-GMAIL/dags/gmailDag.py
[2022-09-17 19:59:44,302] {processor.py:641} INFO - Processing file /Users/abhaymone/src/dev/sand/MANAGE-GMAIL/dags/gmailDag.py for tasks to queue
[2022-09-17 19:59:44,302] {logging_mixin.py:115} INFO - [2022-09-17 19:59:44,302] {dagbag.py:508} INFO - Filling up the DagBag from /Users/abhaymone/src/dev/sand/MANAGE-GMAIL/dags/gmailDag.py
[2022-09-17 19:59:46,581] {processor.py:651} INFO - DAG(s) dict_keys(['gmailPipelineV1']) retrieved from /Users/abhaymone/src/dev/sand/MANAGE-GMAIL/dags/gmailDag.py
[2022-09-17 19:59:46,784] {logging_mixin.py:115} INFO - [2022-09-17 19:59:46,784] {dag.py:2420} INFO - Sync 1 DAGs
[2022-09-17 19:59:46,843] {logging_mixin.py:115} INFO - [2022-09-17 19:59:46,843] {dag.py:2968} INFO - Setting next_dagrun for gmailPipelineV1 to 2022-09-17T00:00:00+00:00, run_after=2022-09-18T00:00:00+00:00
[2022-09-17 19:59:46,856] {processor.py:161} INFO - Processing /Users/abhaymone/src/dev/sand/MANAGE-GMAIL/dags/gmailDag.py took 2.555 seconds
