[2022-08-23 22:45:35,660] {taskinstance.py:1179} INFO - Dependencies all met for <TaskInstance: gmailPipelineV1.gmailExtractTask scheduled__2022-08-22T00:00:00+00:00 [queued]>
[2022-08-23 22:45:35,665] {taskinstance.py:1179} INFO - Dependencies all met for <TaskInstance: gmailPipelineV1.gmailExtractTask scheduled__2022-08-22T00:00:00+00:00 [queued]>
[2022-08-23 22:45:35,665] {taskinstance.py:1376} INFO - 
--------------------------------------------------------------------------------
[2022-08-23 22:45:35,665] {taskinstance.py:1377} INFO - Starting attempt 1 of 1
[2022-08-23 22:45:35,665] {taskinstance.py:1378} INFO - 
--------------------------------------------------------------------------------
[2022-08-23 22:45:35,674] {taskinstance.py:1397} INFO - Executing <Task(PythonOperator): gmailExtractTask> on 2022-08-22 00:00:00+00:00
[2022-08-23 22:45:35,676] {standard_task_runner.py:52} INFO - Started process 11426 to run task
[2022-08-23 22:45:35,681] {standard_task_runner.py:79} INFO - Running: ['airflow', 'tasks', 'run', 'gmailPipelineV1', 'gmailExtractTask', 'scheduled__2022-08-22T00:00:00+00:00', '--job-id', '22', '--raw', '--subdir', 'DAGS_FOLDER/gmailDag.py', '--cfg-path', '/var/folders/mm/xv24gcjj46l_jx1m76p5bgy80000gn/T/tmp203vcgmv', '--error-file', '/var/folders/mm/xv24gcjj46l_jx1m76p5bgy80000gn/T/tmpb5sverha']
[2022-08-23 22:45:35,683] {standard_task_runner.py:80} INFO - Job 22: Subtask gmailExtractTask
[2022-08-23 22:45:35,729] {task_command.py:371} INFO - Running <TaskInstance: gmailPipelineV1.gmailExtractTask scheduled__2022-08-22T00:00:00+00:00 [running]> on host abhays-mbp.lan
[2022-08-23 22:45:35,771] {taskinstance.py:1589} INFO - Exporting the following env vars:
AIRFLOW_CTX_DAG_OWNER=airflow
AIRFLOW_CTX_DAG_ID=gmailPipelineV1
AIRFLOW_CTX_TASK_ID=gmailExtractTask
AIRFLOW_CTX_EXECUTION_DATE=2022-08-22T00:00:00+00:00
AIRFLOW_CTX_TRY_NUMBER=1
AIRFLOW_CTX_DAG_RUN_ID=scheduled__2022-08-22T00:00:00+00:00
[2022-08-23 22:45:35,784] {__init__.py:49} INFO - file_cache is only supported with oauth2client<4.0.0
[2022-08-23 22:45:54,368] {__init__.py:49} INFO - file_cache is only supported with oauth2client<4.0.0
[2022-08-23 22:45:55,185] {python.py:173} INFO - Done. Returned value was: None
[2022-08-23 22:45:55,194] {taskinstance.py:1415} INFO - Marking task as SUCCESS. dag_id=gmailPipelineV1, task_id=gmailExtractTask, execution_date=20220822T000000, start_date=20220824T024535, end_date=20220824T024555
[2022-08-23 22:45:55,237] {local_task_job.py:156} INFO - Task exited with return code 0
[2022-08-23 22:45:55,252] {local_task_job.py:273} INFO - 0 downstream tasks scheduled from follow-on schedule check
