[2022-08-29 21:35:42,217] {taskinstance.py:1179} INFO - Dependencies all met for <TaskInstance: gmailPipelineV1.gmailTransformationTask manual__2022-08-30T01:35:34.179098+00:00 [queued]>
[2022-08-29 21:35:42,223] {taskinstance.py:1179} INFO - Dependencies all met for <TaskInstance: gmailPipelineV1.gmailTransformationTask manual__2022-08-30T01:35:34.179098+00:00 [queued]>
[2022-08-29 21:35:42,223] {taskinstance.py:1376} INFO - 
--------------------------------------------------------------------------------
[2022-08-29 21:35:42,223] {taskinstance.py:1377} INFO - Starting attempt 1 of 1
[2022-08-29 21:35:42,223] {taskinstance.py:1378} INFO - 
--------------------------------------------------------------------------------
[2022-08-29 21:35:42,235] {taskinstance.py:1397} INFO - Executing <Task(PythonOperator): gmailTransformationTask> on 2022-08-30 01:35:34.179098+00:00
[2022-08-29 21:35:42,237] {standard_task_runner.py:52} INFO - Started process 3939 to run task
[2022-08-29 21:35:42,242] {standard_task_runner.py:79} INFO - Running: ['airflow', 'tasks', 'run', 'gmailPipelineV1', 'gmailTransformationTask', 'manual__2022-08-30T01:35:34.179098+00:00', '--job-id', '60', '--raw', '--subdir', 'DAGS_FOLDER/gmailDag.py', '--cfg-path', '/var/folders/mm/xv24gcjj46l_jx1m76p5bgy80000gn/T/tmpc5433w65', '--error-file', '/var/folders/mm/xv24gcjj46l_jx1m76p5bgy80000gn/T/tmp_ek10gvq']
[2022-08-29 21:35:42,243] {standard_task_runner.py:80} INFO - Job 60: Subtask gmailTransformationTask
[2022-08-29 21:35:42,287] {task_command.py:371} INFO - Running <TaskInstance: gmailPipelineV1.gmailTransformationTask manual__2022-08-30T01:35:34.179098+00:00 [running]> on host abhays-mbp.lan
[2022-08-29 21:35:42,334] {taskinstance.py:1589} INFO - Exporting the following env vars:
AIRFLOW_CTX_DAG_OWNER=airflow
AIRFLOW_CTX_DAG_ID=gmailPipelineV1
AIRFLOW_CTX_TASK_ID=gmailTransformationTask
AIRFLOW_CTX_EXECUTION_DATE=2022-08-30T01:35:34.179098+00:00
AIRFLOW_CTX_TRY_NUMBER=1
AIRFLOW_CTX_DAG_RUN_ID=manual__2022-08-30T01:35:34.179098+00:00
[2022-08-29 21:35:42,353] {python.py:173} INFO - Done. Returned value was: None
[2022-08-29 21:35:42,361] {taskinstance.py:1415} INFO - Marking task as SUCCESS. dag_id=gmailPipelineV1, task_id=gmailTransformationTask, execution_date=20220830T013534, start_date=20220830T013542, end_date=20220830T013542
[2022-08-29 21:35:42,384] {local_task_job.py:156} INFO - Task exited with return code 0
[2022-08-29 21:35:42,412] {local_task_job.py:273} INFO - 1 downstream tasks scheduled from follow-on schedule check
