[2022-08-29 21:33:29,388] {taskinstance.py:1179} INFO - Dependencies all met for <TaskInstance: gmailPipelineV1.gmailExtractTask manual__2022-08-30T01:33:26.510396+00:00 [queued]>
[2022-08-29 21:33:29,393] {taskinstance.py:1179} INFO - Dependencies all met for <TaskInstance: gmailPipelineV1.gmailExtractTask manual__2022-08-30T01:33:26.510396+00:00 [queued]>
[2022-08-29 21:33:29,393] {taskinstance.py:1376} INFO - 
--------------------------------------------------------------------------------
[2022-08-29 21:33:29,393] {taskinstance.py:1377} INFO - Starting attempt 1 of 1
[2022-08-29 21:33:29,393] {taskinstance.py:1378} INFO - 
--------------------------------------------------------------------------------
[2022-08-29 21:33:29,402] {taskinstance.py:1397} INFO - Executing <Task(PythonOperator): gmailExtractTask> on 2022-08-30 01:33:26.510396+00:00
[2022-08-29 21:33:29,404] {standard_task_runner.py:52} INFO - Started process 3874 to run task
[2022-08-29 21:33:29,409] {standard_task_runner.py:79} INFO - Running: ['airflow', 'tasks', 'run', 'gmailPipelineV1', 'gmailExtractTask', 'manual__2022-08-30T01:33:26.510396+00:00', '--job-id', '56', '--raw', '--subdir', 'DAGS_FOLDER/gmailDag.py', '--cfg-path', '/var/folders/mm/xv24gcjj46l_jx1m76p5bgy80000gn/T/tmpd9jfext0', '--error-file', '/var/folders/mm/xv24gcjj46l_jx1m76p5bgy80000gn/T/tmpi5mudu4e']
[2022-08-29 21:33:29,411] {standard_task_runner.py:80} INFO - Job 56: Subtask gmailExtractTask
[2022-08-29 21:33:29,456] {task_command.py:371} INFO - Running <TaskInstance: gmailPipelineV1.gmailExtractTask manual__2022-08-30T01:33:26.510396+00:00 [running]> on host abhays-mbp.lan
[2022-08-29 21:33:29,513] {taskinstance.py:1589} INFO - Exporting the following env vars:
AIRFLOW_CTX_DAG_OWNER=airflow
AIRFLOW_CTX_DAG_ID=gmailPipelineV1
AIRFLOW_CTX_TASK_ID=gmailExtractTask
AIRFLOW_CTX_EXECUTION_DATE=2022-08-30T01:33:26.510396+00:00
AIRFLOW_CTX_TRY_NUMBER=1
AIRFLOW_CTX_DAG_RUN_ID=manual__2022-08-30T01:33:26.510396+00:00
[2022-08-29 21:33:29,526] {__init__.py:49} INFO - file_cache is only supported with oauth2client<4.0.0
[2022-08-29 21:33:32,687] {python.py:173} INFO - Done. Returned value was: None
[2022-08-29 21:33:32,694] {taskinstance.py:1415} INFO - Marking task as SUCCESS. dag_id=gmailPipelineV1, task_id=gmailExtractTask, execution_date=20220830T013326, start_date=20220830T013329, end_date=20220830T013332
[2022-08-29 21:33:32,730] {local_task_job.py:156} INFO - Task exited with return code 0
[2022-08-29 21:33:32,761] {local_task_job.py:273} INFO - 1 downstream tasks scheduled from follow-on schedule check
