[2022-09-24 19:20:40,107] {taskinstance.py:1179} INFO - Dependencies all met for <TaskInstance: gmailPipelineV1.gmailTransformationTask manual__2022-09-24T23:20:33.209345+00:00 [queued]>
[2022-09-24 19:20:40,112] {taskinstance.py:1179} INFO - Dependencies all met for <TaskInstance: gmailPipelineV1.gmailTransformationTask manual__2022-09-24T23:20:33.209345+00:00 [queued]>
[2022-09-24 19:20:40,112] {taskinstance.py:1376} INFO - 
--------------------------------------------------------------------------------
[2022-09-24 19:20:40,112] {taskinstance.py:1377} INFO - Starting attempt 1 of 1
[2022-09-24 19:20:40,112] {taskinstance.py:1378} INFO - 
--------------------------------------------------------------------------------
[2022-09-24 19:20:40,121] {taskinstance.py:1397} INFO - Executing <Task(PythonOperator): gmailTransformationTask> on 2022-09-24 23:20:33.209345+00:00
[2022-09-24 19:20:40,123] {standard_task_runner.py:52} INFO - Started process 2923 to run task
[2022-09-24 19:20:40,128] {standard_task_runner.py:79} INFO - Running: ['airflow', 'tasks', 'run', 'gmailPipelineV1', 'gmailTransformationTask', 'manual__2022-09-24T23:20:33.209345+00:00', '--job-id', '125', '--raw', '--subdir', 'DAGS_FOLDER/gmailDag.py', '--cfg-path', '/var/folders/mm/xv24gcjj46l_jx1m76p5bgy80000gn/T/tmpqbus60k7', '--error-file', '/var/folders/mm/xv24gcjj46l_jx1m76p5bgy80000gn/T/tmp9mb9ntdt']
[2022-09-24 19:20:40,130] {standard_task_runner.py:80} INFO - Job 125: Subtask gmailTransformationTask
[2022-09-24 19:20:40,180] {task_command.py:371} INFO - Running <TaskInstance: gmailPipelineV1.gmailTransformationTask manual__2022-09-24T23:20:33.209345+00:00 [running]> on host abhays-mbp.lan
[2022-09-24 19:20:40,226] {taskinstance.py:1589} INFO - Exporting the following env vars:
AIRFLOW_CTX_DAG_OWNER=airflow
AIRFLOW_CTX_DAG_ID=gmailPipelineV1
AIRFLOW_CTX_TASK_ID=gmailTransformationTask
AIRFLOW_CTX_EXECUTION_DATE=2022-09-24T23:20:33.209345+00:00
AIRFLOW_CTX_TRY_NUMBER=1
AIRFLOW_CTX_DAG_RUN_ID=manual__2022-09-24T23:20:33.209345+00:00
[2022-09-24 19:20:40,244] {python.py:173} INFO - Done. Returned value was: None
[2022-09-24 19:20:40,251] {taskinstance.py:1415} INFO - Marking task as SUCCESS. dag_id=gmailPipelineV1, task_id=gmailTransformationTask, execution_date=20220924T232033, start_date=20220924T232040, end_date=20220924T232040
[2022-09-24 19:20:40,269] {local_task_job.py:156} INFO - Task exited with return code 0
[2022-09-24 19:20:40,293] {local_task_job.py:273} INFO - 1 downstream tasks scheduled from follow-on schedule check
