[2022-09-24 19:02:28,642] {taskinstance.py:1179} INFO - Dependencies all met for <TaskInstance: gmailPipelineV1.gmailExtractTask scheduled__2022-09-18T00:00:00+00:00 [queued]>
[2022-09-24 19:02:28,648] {taskinstance.py:1179} INFO - Dependencies all met for <TaskInstance: gmailPipelineV1.gmailExtractTask scheduled__2022-09-18T00:00:00+00:00 [queued]>
[2022-09-24 19:02:28,648] {taskinstance.py:1376} INFO - 
--------------------------------------------------------------------------------
[2022-09-24 19:02:28,648] {taskinstance.py:1377} INFO - Starting attempt 1 of 1
[2022-09-24 19:02:28,648] {taskinstance.py:1378} INFO - 
--------------------------------------------------------------------------------
[2022-09-24 19:02:28,657] {taskinstance.py:1397} INFO - Executing <Task(PythonOperator): gmailExtractTask> on 2022-09-18 00:00:00+00:00
[2022-09-24 19:02:28,659] {standard_task_runner.py:52} INFO - Started process 1779 to run task
[2022-09-24 19:02:28,665] {standard_task_runner.py:79} INFO - Running: ['airflow', 'tasks', 'run', 'gmailPipelineV1', 'gmailExtractTask', 'scheduled__2022-09-18T00:00:00+00:00', '--job-id', '103', '--raw', '--subdir', 'DAGS_FOLDER/gmailDag.py', '--cfg-path', '/var/folders/mm/xv24gcjj46l_jx1m76p5bgy80000gn/T/tmpyvdgzyi_', '--error-file', '/var/folders/mm/xv24gcjj46l_jx1m76p5bgy80000gn/T/tmpn8sg54i7']
[2022-09-24 19:02:28,667] {standard_task_runner.py:80} INFO - Job 103: Subtask gmailExtractTask
[2022-09-24 19:02:28,719] {task_command.py:371} INFO - Running <TaskInstance: gmailPipelineV1.gmailExtractTask scheduled__2022-09-18T00:00:00+00:00 [running]> on host abhays-mbp.lan
[2022-09-24 19:02:28,768] {taskinstance.py:1589} INFO - Exporting the following env vars:
AIRFLOW_CTX_DAG_OWNER=airflow
AIRFLOW_CTX_DAG_ID=gmailPipelineV1
AIRFLOW_CTX_TASK_ID=gmailExtractTask
AIRFLOW_CTX_EXECUTION_DATE=2022-09-18T00:00:00+00:00
AIRFLOW_CTX_TRY_NUMBER=1
AIRFLOW_CTX_DAG_RUN_ID=scheduled__2022-09-18T00:00:00+00:00
[2022-09-24 19:02:29,111] {__init__.py:49} INFO - file_cache is only supported with oauth2client<4.0.0
[2022-09-24 19:02:29,941] {logging_mixin.py:115} INFO - 2022-09-24
[2022-09-24 19:02:30,322] {logging_mixin.py:115} INFO - 2022-09-24
[2022-09-24 19:02:30,533] {logging_mixin.py:115} INFO - 2022-09-24
[2022-09-24 19:02:30,937] {logging_mixin.py:115} INFO - 2022-09-23
[2022-09-24 19:02:31,172] {logging_mixin.py:115} INFO - 2022-09-23
[2022-09-24 19:02:31,348] {logging_mixin.py:115} INFO - 2022-09-23
[2022-09-24 19:02:31,564] {logging_mixin.py:115} INFO - 2022-09-23
[2022-09-24 19:02:31,762] {logging_mixin.py:115} INFO - 2022-09-22
[2022-09-24 19:02:32,170] {logging_mixin.py:115} INFO - 2022-09-22
[2022-09-24 19:02:32,603] {logging_mixin.py:115} INFO - 2022-09-22
[2022-09-24 19:02:32,983] {logging_mixin.py:115} INFO - 2022-09-22
[2022-09-24 19:02:33,307] {logging_mixin.py:115} INFO - 2022-09-22
[2022-09-24 19:02:33,600] {logging_mixin.py:115} INFO - 2022-09-22
[2022-09-24 19:02:33,804] {logging_mixin.py:115} INFO - 2022-09-21
[2022-09-24 19:02:34,215] {logging_mixin.py:115} INFO - 2022-09-21
[2022-09-24 19:02:34,622] {logging_mixin.py:115} INFO - 2022-09-21
[2022-09-24 19:02:35,035] {logging_mixin.py:115} INFO - 2022-09-20
[2022-09-24 19:02:35,442] {logging_mixin.py:115} INFO - 2022-09-19
[2022-09-24 19:02:35,865] {logging_mixin.py:115} INFO - 2022-09-19
[2022-09-24 19:02:36,269] {logging_mixin.py:115} INFO - 2022-09-19
[2022-09-24 19:02:36,672] {logging_mixin.py:115} INFO - 2022-09-19
[2022-09-24 19:02:37,081] {logging_mixin.py:115} INFO - 2022-09-19
[2022-09-24 19:02:37,287] {logging_mixin.py:115} INFO - 2022-09-19
[2022-09-24 19:02:37,491] {logging_mixin.py:115} INFO - 2022-09-19
[2022-09-24 19:02:37,902] {logging_mixin.py:115} INFO - 2022-09-19
[2022-09-24 19:02:38,239] {logging_mixin.py:115} INFO - 2022-09-18
[2022-09-24 19:02:38,247] {__init__.py:49} INFO - file_cache is only supported with oauth2client<4.0.0
[2022-09-24 19:02:38,794] {python.py:173} INFO - Done. Returned value was: None
[2022-09-24 19:02:38,807] {taskinstance.py:1415} INFO - Marking task as SUCCESS. dag_id=gmailPipelineV1, task_id=gmailExtractTask, execution_date=20220918T000000, start_date=20220924T230228, end_date=20220924T230238
[2022-09-24 19:02:38,854] {local_task_job.py:156} INFO - Task exited with return code 0
[2022-09-24 19:02:38,881] {local_task_job.py:273} INFO - 1 downstream tasks scheduled from follow-on schedule check
