[2022-08-21 17:43:40,429] {taskinstance.py:1179} INFO - Dependencies all met for <TaskInstance: firstdag_with_python_operator.task1 manual__2022-08-21T21:43:37.745575+00:00 [queued]>
[2022-08-21 17:43:40,435] {taskinstance.py:1179} INFO - Dependencies all met for <TaskInstance: firstdag_with_python_operator.task1 manual__2022-08-21T21:43:37.745575+00:00 [queued]>
[2022-08-21 17:43:40,435] {taskinstance.py:1376} INFO - 
--------------------------------------------------------------------------------
[2022-08-21 17:43:40,435] {taskinstance.py:1377} INFO - Starting attempt 1 of 1
[2022-08-21 17:43:40,435] {taskinstance.py:1378} INFO - 
--------------------------------------------------------------------------------
[2022-08-21 17:43:40,444] {taskinstance.py:1397} INFO - Executing <Task(PythonOperator): task1> on 2022-08-21 21:43:37.745575+00:00
[2022-08-21 17:43:40,447] {standard_task_runner.py:52} INFO - Started process 7718 to run task
[2022-08-21 17:43:40,455] {standard_task_runner.py:79} INFO - Running: ['airflow', 'tasks', 'run', 'firstdag_with_python_operator', 'task1', 'manual__2022-08-21T21:43:37.745575+00:00', '--job-id', '6', '--raw', '--subdir', 'DAGS_FOLDER/gmailDag.py', '--cfg-path', '/var/folders/mm/xv24gcjj46l_jx1m76p5bgy80000gn/T/tmp5fax_5dh', '--error-file', '/var/folders/mm/xv24gcjj46l_jx1m76p5bgy80000gn/T/tmpr7vw2ch8']
[2022-08-21 17:43:40,457] {standard_task_runner.py:80} INFO - Job 6: Subtask task1
[2022-08-21 17:43:40,508] {task_command.py:371} INFO - Running <TaskInstance: firstdag_with_python_operator.task1 manual__2022-08-21T21:43:37.745575+00:00 [running]> on host abhays-mbp.lan
[2022-08-21 17:43:40,556] {taskinstance.py:1589} INFO - Exporting the following env vars:
AIRFLOW_CTX_DAG_OWNER=airflow
AIRFLOW_CTX_DAG_ID=firstdag_with_python_operator
AIRFLOW_CTX_TASK_ID=task1
AIRFLOW_CTX_EXECUTION_DATE=2022-08-21T21:43:37.745575+00:00
AIRFLOW_CTX_TRY_NUMBER=1
AIRFLOW_CTX_DAG_RUN_ID=manual__2022-08-21T21:43:37.745575+00:00
[2022-08-21 17:43:40,832] {logging_mixin.py:115} INFO - <google.oauth2.credentials.Credentials object at 0x10ae8e850>
[2022-08-21 17:43:40,832] {python.py:173} INFO - Done. Returned value was: None
[2022-08-21 17:43:40,839] {taskinstance.py:1415} INFO - Marking task as SUCCESS. dag_id=firstdag_with_python_operator, task_id=task1, execution_date=20220821T214337, start_date=20220821T214340, end_date=20220821T214340
[2022-08-21 17:43:40,878] {local_task_job.py:156} INFO - Task exited with return code 0
[2022-08-21 17:43:40,904] {local_task_job.py:273} INFO - 1 downstream tasks scheduled from follow-on schedule check
