[2022-08-27 12:29:33,948] {taskinstance.py:1179} INFO - Dependencies all met for <TaskInstance: gmailPipelineV1.gmailTbLoadTask manual__2022-08-27T16:29:23.128291+00:00 [queued]>
[2022-08-27 12:29:33,954] {taskinstance.py:1179} INFO - Dependencies all met for <TaskInstance: gmailPipelineV1.gmailTbLoadTask manual__2022-08-27T16:29:23.128291+00:00 [queued]>
[2022-08-27 12:29:33,954] {taskinstance.py:1376} INFO - 
--------------------------------------------------------------------------------
[2022-08-27 12:29:33,954] {taskinstance.py:1377} INFO - Starting attempt 1 of 1
[2022-08-27 12:29:33,954] {taskinstance.py:1378} INFO - 
--------------------------------------------------------------------------------
[2022-08-27 12:29:33,963] {taskinstance.py:1397} INFO - Executing <Task(PythonOperator): gmailTbLoadTask> on 2022-08-27 16:29:23.128291+00:00
[2022-08-27 12:29:33,967] {standard_task_runner.py:52} INFO - Started process 2487 to run task
[2022-08-27 12:29:33,973] {standard_task_runner.py:79} INFO - Running: ['airflow', 'tasks', 'run', 'gmailPipelineV1', 'gmailTbLoadTask', 'manual__2022-08-27T16:29:23.128291+00:00', '--job-id', '40', '--raw', '--subdir', 'DAGS_FOLDER/gmailDag.py', '--cfg-path', '/var/folders/mm/xv24gcjj46l_jx1m76p5bgy80000gn/T/tmptrxze12l', '--error-file', '/var/folders/mm/xv24gcjj46l_jx1m76p5bgy80000gn/T/tmp6xa8lk_t']
[2022-08-27 12:29:33,975] {standard_task_runner.py:80} INFO - Job 40: Subtask gmailTbLoadTask
[2022-08-27 12:29:34,022] {task_command.py:371} INFO - Running <TaskInstance: gmailPipelineV1.gmailTbLoadTask manual__2022-08-27T16:29:23.128291+00:00 [running]> on host abhays-mbp.lan
[2022-08-27 12:29:34,065] {taskinstance.py:1589} INFO - Exporting the following env vars:
AIRFLOW_CTX_DAG_OWNER=airflow
AIRFLOW_CTX_DAG_ID=gmailPipelineV1
AIRFLOW_CTX_TASK_ID=gmailTbLoadTask
AIRFLOW_CTX_EXECUTION_DATE=2022-08-27T16:29:23.128291+00:00
AIRFLOW_CTX_TRY_NUMBER=1
AIRFLOW_CTX_DAG_RUN_ID=manual__2022-08-27T16:29:23.128291+00:00
[2022-08-27 12:29:34,142] {python.py:173} INFO - Done. Returned value was: None
[2022-08-27 12:29:34,149] {taskinstance.py:1415} INFO - Marking task as SUCCESS. dag_id=gmailPipelineV1, task_id=gmailTbLoadTask, execution_date=20220827T162923, start_date=20220827T162933, end_date=20220827T162934
[2022-08-27 12:29:34,183] {local_task_job.py:156} INFO - Task exited with return code 0
[2022-08-27 12:29:34,203] {local_task_job.py:273} INFO - 0 downstream tasks scheduled from follow-on schedule check
