[2022-09-17 20:14:51,980] {taskinstance.py:1179} INFO - Dependencies all met for <TaskInstance: gmailPipelineV1.gmailTbLoadTask manual__2022-09-18T00:14:25.844858+00:00 [queued]>
[2022-09-17 20:14:52,005] {taskinstance.py:1179} INFO - Dependencies all met for <TaskInstance: gmailPipelineV1.gmailTbLoadTask manual__2022-09-18T00:14:25.844858+00:00 [queued]>
[2022-09-17 20:14:52,005] {taskinstance.py:1376} INFO - 
--------------------------------------------------------------------------------
[2022-09-17 20:14:52,005] {taskinstance.py:1377} INFO - Starting attempt 1 of 1
[2022-09-17 20:14:52,005] {taskinstance.py:1378} INFO - 
--------------------------------------------------------------------------------
[2022-09-17 20:14:52,027] {taskinstance.py:1397} INFO - Executing <Task(PythonOperator): gmailTbLoadTask> on 2022-09-18 00:14:25.844858+00:00
[2022-09-17 20:14:52,037] {standard_task_runner.py:79} INFO - Running: ['airflow', 'tasks', 'run', 'gmailPipelineV1', 'gmailTbLoadTask', 'manual__2022-09-18T00:14:25.844858+00:00', '--job-id', '98', '--raw', '--subdir', 'DAGS_FOLDER/gmailDag.py', '--cfg-path', '/var/folders/mm/xv24gcjj46l_jx1m76p5bgy80000gn/T/tmp85fa0d1p', '--error-file', '/var/folders/mm/xv24gcjj46l_jx1m76p5bgy80000gn/T/tmpzyuvs0_b']
[2022-09-17 20:14:52,039] {standard_task_runner.py:80} INFO - Job 98: Subtask gmailTbLoadTask
[2022-09-17 20:14:52,051] {standard_task_runner.py:52} INFO - Started process 8141 to run task
[2022-09-17 20:14:52,115] {task_command.py:371} INFO - Running <TaskInstance: gmailPipelineV1.gmailTbLoadTask manual__2022-09-18T00:14:25.844858+00:00 [running]> on host abhays-mbp.lan
[2022-09-17 20:14:52,161] {taskinstance.py:1589} INFO - Exporting the following env vars:
AIRFLOW_CTX_DAG_OWNER=airflow
AIRFLOW_CTX_DAG_ID=gmailPipelineV1
AIRFLOW_CTX_TASK_ID=gmailTbLoadTask
AIRFLOW_CTX_EXECUTION_DATE=2022-09-18T00:14:25.844858+00:00
AIRFLOW_CTX_TRY_NUMBER=1
AIRFLOW_CTX_DAG_RUN_ID=manual__2022-09-18T00:14:25.844858+00:00
[2022-09-17 20:14:52,260] {python.py:173} INFO - Done. Returned value was: None
[2022-09-17 20:14:52,267] {taskinstance.py:1415} INFO - Marking task as SUCCESS. dag_id=gmailPipelineV1, task_id=gmailTbLoadTask, execution_date=20220918T001425, start_date=20220918T001451, end_date=20220918T001452
[2022-09-17 20:14:52,286] {local_task_job.py:156} INFO - Task exited with return code 0
[2022-09-17 20:14:52,305] {local_task_job.py:273} INFO - 0 downstream tasks scheduled from follow-on schedule check
