[2022-09-17 20:00:14,743] {taskinstance.py:1179} INFO - Dependencies all met for <TaskInstance: gmailPipelineV1.gmailTransformationTask scheduled__2022-09-17T00:00:00+00:00 [queued]>
[2022-09-17 20:00:14,749] {taskinstance.py:1179} INFO - Dependencies all met for <TaskInstance: gmailPipelineV1.gmailTransformationTask scheduled__2022-09-17T00:00:00+00:00 [queued]>
[2022-09-17 20:00:14,749] {taskinstance.py:1376} INFO - 
--------------------------------------------------------------------------------
[2022-09-17 20:00:14,749] {taskinstance.py:1377} INFO - Starting attempt 1 of 1
[2022-09-17 20:00:14,750] {taskinstance.py:1378} INFO - 
--------------------------------------------------------------------------------
[2022-09-17 20:00:14,760] {taskinstance.py:1397} INFO - Executing <Task(PythonOperator): gmailTransformationTask> on 2022-09-17 00:00:00+00:00
[2022-09-17 20:00:14,762] {standard_task_runner.py:52} INFO - Started process 7115 to run task
[2022-09-17 20:00:14,767] {standard_task_runner.py:79} INFO - Running: ['airflow', 'tasks', 'run', 'gmailPipelineV1', 'gmailTransformationTask', 'scheduled__2022-09-17T00:00:00+00:00', '--job-id', '93', '--raw', '--subdir', 'DAGS_FOLDER/gmailDag.py', '--cfg-path', '/var/folders/mm/xv24gcjj46l_jx1m76p5bgy80000gn/T/tmp35ih0_38', '--error-file', '/var/folders/mm/xv24gcjj46l_jx1m76p5bgy80000gn/T/tmpq3ii9jod']
[2022-09-17 20:00:14,769] {standard_task_runner.py:80} INFO - Job 93: Subtask gmailTransformationTask
[2022-09-17 20:00:14,826] {task_command.py:371} INFO - Running <TaskInstance: gmailPipelineV1.gmailTransformationTask scheduled__2022-09-17T00:00:00+00:00 [running]> on host abhays-mbp.lan
[2022-09-17 20:00:14,875] {taskinstance.py:1589} INFO - Exporting the following env vars:
AIRFLOW_CTX_DAG_OWNER=airflow
AIRFLOW_CTX_DAG_ID=gmailPipelineV1
AIRFLOW_CTX_TASK_ID=gmailTransformationTask
AIRFLOW_CTX_EXECUTION_DATE=2022-09-17T00:00:00+00:00
AIRFLOW_CTX_TRY_NUMBER=1
AIRFLOW_CTX_DAG_RUN_ID=scheduled__2022-09-17T00:00:00+00:00
[2022-09-17 20:00:14,894] {python.py:173} INFO - Done. Returned value was: None
[2022-09-17 20:00:14,900] {taskinstance.py:1415} INFO - Marking task as SUCCESS. dag_id=gmailPipelineV1, task_id=gmailTransformationTask, execution_date=20220917T000000, start_date=20220918T000014, end_date=20220918T000014
[2022-09-17 20:00:14,952] {local_task_job.py:156} INFO - Task exited with return code 0
[2022-09-17 20:00:14,981] {local_task_job.py:273} INFO - 1 downstream tasks scheduled from follow-on schedule check
