[2022-08-23 20:57:58,072] {taskinstance.py:1179} INFO - Dependencies all met for <TaskInstance: gmailPipeline.gmailAuthTask manual__2022-08-24T00:57:54.117571+00:00 [queued]>
[2022-08-23 20:57:58,077] {taskinstance.py:1179} INFO - Dependencies all met for <TaskInstance: gmailPipeline.gmailAuthTask manual__2022-08-24T00:57:54.117571+00:00 [queued]>
[2022-08-23 20:57:58,077] {taskinstance.py:1376} INFO - 
--------------------------------------------------------------------------------
[2022-08-23 20:57:58,077] {taskinstance.py:1377} INFO - Starting attempt 1 of 1
[2022-08-23 20:57:58,077] {taskinstance.py:1378} INFO - 
--------------------------------------------------------------------------------
[2022-08-23 20:57:58,087] {taskinstance.py:1397} INFO - Executing <Task(PythonOperator): gmailAuthTask> on 2022-08-24 00:57:54.117571+00:00
[2022-08-23 20:57:58,089] {standard_task_runner.py:52} INFO - Started process 6798 to run task
[2022-08-23 20:57:58,094] {standard_task_runner.py:79} INFO - Running: ['airflow', 'tasks', 'run', 'gmailPipeline', 'gmailAuthTask', 'manual__2022-08-24T00:57:54.117571+00:00', '--job-id', '14', '--raw', '--subdir', 'DAGS_FOLDER/gmailDag.py', '--cfg-path', '/var/folders/mm/xv24gcjj46l_jx1m76p5bgy80000gn/T/tmpet7lhb41', '--error-file', '/var/folders/mm/xv24gcjj46l_jx1m76p5bgy80000gn/T/tmp7doxfsw8']
[2022-08-23 20:57:58,097] {standard_task_runner.py:80} INFO - Job 14: Subtask gmailAuthTask
[2022-08-23 20:57:58,143] {task_command.py:371} INFO - Running <TaskInstance: gmailPipeline.gmailAuthTask manual__2022-08-24T00:57:54.117571+00:00 [running]> on host abhays-mbp.lan
[2022-08-23 20:57:58,189] {taskinstance.py:1589} INFO - Exporting the following env vars:
AIRFLOW_CTX_DAG_OWNER=airflow
AIRFLOW_CTX_DAG_ID=gmailPipeline
AIRFLOW_CTX_TASK_ID=gmailAuthTask
AIRFLOW_CTX_EXECUTION_DATE=2022-08-24T00:57:54.117571+00:00
AIRFLOW_CTX_TRY_NUMBER=1
AIRFLOW_CTX_DAG_RUN_ID=manual__2022-08-24T00:57:54.117571+00:00
[2022-08-23 20:57:58,472] {taskinstance.py:1909} ERROR - Task failed with exception
Traceback (most recent call last):
  File "/Users/abhaymone/src/dev/sand/MANAGE-GMAIL/venv/lib/python3.9/site-packages/airflow/operators/python.py", line 171, in execute
    return_value = self.execute_callable()
  File "/Users/abhaymone/src/dev/sand/MANAGE-GMAIL/venv/lib/python3.9/site-packages/airflow/operators/python.py", line 189, in execute_callable
    return self.python_callable(*self.op_args, **self.op_kwargs)
  File "/Users/abhaymone/src/dev/sand/MANAGE-GMAIL/dags/gmailDag.py", line 14, in pushAuthentication
    gmailCred = auth.getgmailAuthentication()
  File "/Users/abhaymone/src/dev/sand/MANAGE-GMAIL/gmailAuthentication.py", line 27, in getgmailAuthentication
    gmailcreds.refresh(Request())
  File "/Users/abhaymone/src/dev/sand/MANAGE-GMAIL/venv/lib/python3.9/site-packages/google/oauth2/credentials.py", line 302, in refresh
    ) = reauth.refresh_grant(
  File "/Users/abhaymone/src/dev/sand/MANAGE-GMAIL/venv/lib/python3.9/site-packages/google/oauth2/reauth.py", line 347, in refresh_grant
    _client._handle_error_response(response_data)
  File "/Users/abhaymone/src/dev/sand/MANAGE-GMAIL/venv/lib/python3.9/site-packages/google/oauth2/_client.py", line 62, in _handle_error_response
    raise exceptions.RefreshError(error_details, response_data)
google.auth.exceptions.RefreshError: ('invalid_grant: Token has been expired or revoked.', {'error': 'invalid_grant', 'error_description': 'Token has been expired or revoked.'})
[2022-08-23 20:57:58,487] {taskinstance.py:1415} INFO - Marking task as FAILED. dag_id=gmailPipeline, task_id=gmailAuthTask, execution_date=20220824T005754, start_date=20220824T005758, end_date=20220824T005758
[2022-08-23 20:57:58,496] {standard_task_runner.py:92} ERROR - Failed to execute job 14 for task gmailAuthTask (('invalid_grant: Token has been expired or revoked.', {'error': 'invalid_grant', 'error_description': 'Token has been expired or revoked.'}); 6798)
[2022-08-23 20:57:58,531] {local_task_job.py:156} INFO - Task exited with return code 1
[2022-08-23 20:57:58,570] {local_task_job.py:273} INFO - 0 downstream tasks scheduled from follow-on schedule check
