[2022-08-27 12:24:47,722] {taskinstance.py:1179} INFO - Dependencies all met for <TaskInstance: gmailPipelineV1.gmailTransformationTask scheduled__2022-08-25T00:00:00+00:00 [queued]>
[2022-08-27 12:24:47,728] {taskinstance.py:1179} INFO - Dependencies all met for <TaskInstance: gmailPipelineV1.gmailTransformationTask scheduled__2022-08-25T00:00:00+00:00 [queued]>
[2022-08-27 12:24:47,728] {taskinstance.py:1376} INFO - 
--------------------------------------------------------------------------------
[2022-08-27 12:24:47,728] {taskinstance.py:1377} INFO - Starting attempt 1 of 1
[2022-08-27 12:24:47,728] {taskinstance.py:1378} INFO - 
--------------------------------------------------------------------------------
[2022-08-27 12:24:47,738] {taskinstance.py:1397} INFO - Executing <Task(PythonOperator): gmailTransformationTask> on 2022-08-25 00:00:00+00:00
[2022-08-27 12:24:47,740] {standard_task_runner.py:52} INFO - Started process 2391 to run task
[2022-08-27 12:24:47,745] {standard_task_runner.py:79} INFO - Running: ['airflow', 'tasks', 'run', 'gmailPipelineV1', 'gmailTransformationTask', 'scheduled__2022-08-25T00:00:00+00:00', '--job-id', '33', '--raw', '--subdir', 'DAGS_FOLDER/gmailDag.py', '--cfg-path', '/var/folders/mm/xv24gcjj46l_jx1m76p5bgy80000gn/T/tmpxa44bul2', '--error-file', '/var/folders/mm/xv24gcjj46l_jx1m76p5bgy80000gn/T/tmp3t5lg0ga']
[2022-08-27 12:24:47,747] {standard_task_runner.py:80} INFO - Job 33: Subtask gmailTransformationTask
[2022-08-27 12:24:47,797] {task_command.py:371} INFO - Running <TaskInstance: gmailPipelineV1.gmailTransformationTask scheduled__2022-08-25T00:00:00+00:00 [running]> on host abhays-mbp.lan
[2022-08-27 12:24:47,850] {taskinstance.py:1589} INFO - Exporting the following env vars:
AIRFLOW_CTX_DAG_OWNER=airflow
AIRFLOW_CTX_DAG_ID=gmailPipelineV1
AIRFLOW_CTX_TASK_ID=gmailTransformationTask
AIRFLOW_CTX_EXECUTION_DATE=2022-08-25T00:00:00+00:00
AIRFLOW_CTX_TRY_NUMBER=1
AIRFLOW_CTX_DAG_RUN_ID=scheduled__2022-08-25T00:00:00+00:00
[2022-08-27 12:24:47,860] {python.py:173} INFO - Done. Returned value was: None
[2022-08-27 12:24:47,866] {taskinstance.py:1415} INFO - Marking task as SUCCESS. dag_id=gmailPipelineV1, task_id=gmailTransformationTask, execution_date=20220825T000000, start_date=20220827T162447, end_date=20220827T162447
[2022-08-27 12:24:47,889] {local_task_job.py:156} INFO - Task exited with return code 0
[2022-08-27 12:24:47,917] {local_task_job.py:273} INFO - 1 downstream tasks scheduled from follow-on schedule check
