[2022-08-21 17:18:09,532] {taskinstance.py:1179} INFO - Dependencies all met for <TaskInstance: firstdag_with_python_operator.task2 manual__2022-08-21T21:18:04.364057+00:00 [queued]>
[2022-08-21 17:18:09,560] {taskinstance.py:1179} INFO - Dependencies all met for <TaskInstance: firstdag_with_python_operator.task2 manual__2022-08-21T21:18:04.364057+00:00 [queued]>
[2022-08-21 17:18:09,561] {taskinstance.py:1376} INFO - 
--------------------------------------------------------------------------------
[2022-08-21 17:18:09,561] {taskinstance.py:1377} INFO - Starting attempt 1 of 1
[2022-08-21 17:18:09,561] {taskinstance.py:1378} INFO - 
--------------------------------------------------------------------------------
[2022-08-21 17:18:09,580] {taskinstance.py:1397} INFO - Executing <Task(PythonOperator): task2> on 2022-08-21 21:18:04.364057+00:00
[2022-08-21 17:18:09,588] {standard_task_runner.py:79} INFO - Running: ['airflow', 'tasks', 'run', 'firstdag_with_python_operator', 'task2', 'manual__2022-08-21T21:18:04.364057+00:00', '--job-id', '5', '--raw', '--subdir', 'DAGS_FOLDER/gmailDag.py', '--cfg-path', '/var/folders/mm/xv24gcjj46l_jx1m76p5bgy80000gn/T/tmp7ulccvd2', '--error-file', '/var/folders/mm/xv24gcjj46l_jx1m76p5bgy80000gn/T/tmpzks6uchw']
[2022-08-21 17:18:09,589] {standard_task_runner.py:80} INFO - Job 5: Subtask task2
[2022-08-21 17:18:09,582] {standard_task_runner.py:52} INFO - Started process 6516 to run task
[2022-08-21 17:18:09,653] {task_command.py:371} INFO - Running <TaskInstance: firstdag_with_python_operator.task2 manual__2022-08-21T21:18:04.364057+00:00 [running]> on host abhays-mbp.lan
[2022-08-21 17:18:09,719] {taskinstance.py:1589} INFO - Exporting the following env vars:
AIRFLOW_CTX_DAG_OWNER=airflow
AIRFLOW_CTX_DAG_ID=firstdag_with_python_operator
AIRFLOW_CTX_TASK_ID=task2
AIRFLOW_CTX_EXECUTION_DATE=2022-08-21T21:18:04.364057+00:00
AIRFLOW_CTX_TRY_NUMBER=1
AIRFLOW_CTX_DAG_RUN_ID=manual__2022-08-21T21:18:04.364057+00:00
[2022-08-21 17:18:09,720] {logging_mixin.py:115} INFO - task2
[2022-08-21 17:18:09,720] {python.py:173} INFO - Done. Returned value was: None
[2022-08-21 17:18:09,729] {taskinstance.py:1415} INFO - Marking task as SUCCESS. dag_id=firstdag_with_python_operator, task_id=task2, execution_date=20220821T211804, start_date=20220821T211809, end_date=20220821T211809
[2022-08-21 17:18:09,752] {local_task_job.py:156} INFO - Task exited with return code 0
[2022-08-21 17:18:09,774] {local_task_job.py:273} INFO - 0 downstream tasks scheduled from follow-on schedule check
